#
# There is insufficient memory for the Java Runtime Environment to continue.
# Native memory allocation (malloc) failed to allocate 1527616 bytes for Chunk::new
# Possible reasons:
#   The system is out of physical RAM or swap space
#   In 32 bit mode, the process size limit was hit
# Possible solutions:
#   Reduce memory load on the system
#   Increase physical memory or swap space
#   Check if swap backing store is full
#   Use 64 bit Java on a 64 bit OS
#   Decrease Java heap size (-Xmx/-Xms)
#   Decrease number of Java threads
#   Decrease Java thread stack sizes (-Xss)
#   Set larger code cache with -XX:ReservedCodeCacheSize=
# This output file may be truncated or incomplete.
#
#  Out of Memory Error (allocation.cpp:390), pid=7488, tid=12552
#
# JRE version: Java(TM) SE Runtime Environment (8.0_91-b14) (build 1.8.0_91-b14)
# Java VM: Java HotSpot(TM) 64-Bit Server VM (25.91-b14 mixed mode windows-amd64 compressed oops)
# Failed to write core dump. Minidumps are not enabled by default on client versions of Windows
#

---------------  T H R E A D  ---------------

Current thread (0x000000001511b000):  JavaThread "C2 CompilerThread0" daemon [_thread_in_native, id=12552, stack(0x0000000016a20000,0x0000000016b20000)]

Stack: [0x0000000016a20000,0x0000000016b20000]
[error occurred during error reporting (printing stack bounds), id 0xc0000005]

Native frames: (J=compiled Java code, j=interpreted, Vv=VM code, C=native code)


Current CompileTask:
C2:  62950 8639       4       org.gradle.api.internal.AbstractTask::assertDynamicObject (39 bytes)


---------------  P R O C E S S  ---------------

Java Threads: ( => current thread )
  0x000000001af1a000 JavaThread "Stdin handler" [_thread_blocked, id=12088, stack(0x0000000021140000,0x0000000021240000)]
  0x000000001af19800 JavaThread "Asynchronous log dispatcher for org.gradle.launcher.daemon.server.DefaultDaemonConnection@7824abb5" [_thread_blocked, id=11996, stack(0x0000000020da0000,0x0000000020ea0000)]
  0x000000001af18800 JavaThread "Cancel handler" [_thread_blocked, id=13308, stack(0x000000001fbf0000,0x000000001fcf0000)]
  0x00000000172f0000 JavaThread "Handler for socket connection from /127.0.0.1:55493 to /127.0.0.1:55714" [_thread_in_native, id=3292, stack(0x000000001faf0000,0x000000001fbf0000)]
  0x00000000172f3800 JavaThread "File lock request listener" [_thread_in_native, id=11408, stack(0x000000001b980000,0x000000001ba80000)]
  0x00000000179ab800 JavaThread "Daemon worker" [_thread_in_vm, id=5240, stack(0x00000000190e0000,0x00000000191e0000)]
  0x00000000179d5800 JavaThread "Daemon" [_thread_blocked, id=3836, stack(0x0000000018de0000,0x0000000018ee0000)]
  0x0000000017995000 JavaThread "Incoming local TCP Connector on port 55493" [_thread_in_native, id=7156, stack(0x00000000189f0000,0x0000000018af0000)]
  0x0000000017941800 JavaThread "pool-1-thread-1" [_thread_blocked, id=9176, stack(0x00000000186f0000,0x00000000187f0000)]
  0x00000000164a1800 JavaThread "Service Thread" daemon [_thread_blocked, id=8756, stack(0x0000000016d20000,0x0000000016e20000)]
  0x0000000016438800 JavaThread "C1 CompilerThread2" daemon [_thread_blocked, id=6828, stack(0x0000000016c20000,0x0000000016d20000)]
  0x0000000016429000 JavaThread "C2 CompilerThread1" daemon [_thread_blocked, id=7264, stack(0x0000000016b20000,0x0000000016c20000)]
=>0x000000001511b000 JavaThread "C2 CompilerThread0" daemon [_thread_in_native, id=12552, stack(0x0000000016a20000,0x0000000016b20000)]
  0x0000000015118800 JavaThread "Attach Listener" daemon [_thread_blocked, id=12996, stack(0x0000000016920000,0x0000000016a20000)]
  0x0000000016428800 JavaThread "Signal Dispatcher" daemon [_thread_blocked, id=6600, stack(0x0000000016820000,0x0000000016920000)]
  0x00000000150aa800 JavaThread "Finalizer" daemon [_thread_blocked, id=11648, stack(0x0000000016320000,0x0000000016420000)]
  0x0000000015089000 JavaThread "Reference Handler" daemon [_thread_blocked, id=8984, stack(0x0000000016220000,0x0000000016320000)]
  0x00000000029ee000 JavaThread "main" [_thread_blocked, id=5784, stack(0x0000000002340000,0x0000000002440000)]

Other Threads:
  0x0000000015086000 VMThread [stack: 0x0000000016120000,0x0000000016220000] [id=9628]
  0x00000000164e9000 WatcherThread [stack: 0x0000000016e20000,0x0000000016f20000] [id=11944]

VM state:not at safepoint (normal execution)

VM Mutex/Monitor currently owned by a thread: None

Heap:
 PSYoungGen      total 100864K, used 91055K [0x00000000eab00000, 0x00000000f3280000, 0x0000000100000000)
  eden space 89600K, 94% used [0x00000000eab00000,0x00000000efe06c60,0x00000000f0280000)
  from space 11264K, 53% used [0x00000000f1000000,0x00000000f15e5328,0x00000000f1b00000)
  to   space 13824K, 0% used [0x00000000f0280000,0x00000000f0280000,0x00000000f1000000)
 ParOldGen       total 66560K, used 53962K [0x00000000c0000000, 0x00000000c4100000, 0x00000000eab00000)
  object space 66560K, 81% used [0x00000000c0000000,0x00000000c34b2b18,0x00000000c4100000)
 Metaspace       used 54532K, capacity 56362K, committed 56576K, reserved 1097728K
  class space    used 7406K, capacity 7819K, committed 7936K, reserved 1048576K

Card table byte_map: [0x0000000011db0000,0x0000000011fc0000] byte_map_base: 0x00000000117b0000

Marking Bits: (ParMarkBitMap*) 0x0000000059782f70
 Begin Bits: [0x0000000012520000, 0x0000000013520000)
 End Bits:   [0x0000000013520000, 0x0000000014520000)

Polling page: 0x0000000000bc0000

CodeCache: size=245760Kb used=27702Kb max_used=27702Kb free=218057Kb
 bounds [0x00000000029f0000, 0x0000000004520000, 0x00000000119f0000]
 total_blobs=8327 nmethods=7591 adapters=647
 compilation: enabled

Compilation events (10 events):
Event: 62.883 Thread 0x0000000016429000 nmethod 8646 0x000000000450a3d0 code [0x000000000450a520, 0x000000000450a938]
Event: 62.885 Thread 0x0000000016438800 8662       3       java.util.LinkedList::get (14 bytes)
Event: 62.886 Thread 0x0000000016438800 nmethod 8662 0x0000000004508010 code [0x00000000045081c0, 0x00000000045085e8]
Event: 62.886 Thread 0x0000000016438800 8663       3       com.android.build.gradle.internal.dsl.JackOptions_Decorated::isEnabled (25 bytes)
Event: 62.887 Thread 0x0000000016438800 nmethod 8663 0x000000000450cd90 code [0x000000000450cf60, 0x000000000450d838]
Event: 62.887 Thread 0x0000000016438800 8664       3       com.android.build.gradle.internal.dsl.JackOptions_Decorated::getConventionMapping (30 bytes)
Event: 62.888 Thread 0x0000000016438800 nmethod 8664 0x000000000450c190 code [0x000000000450c340, 0x000000000450ca28]
Event: 62.888 Thread 0x0000000016438800 8665       1       com.android.build.gradle.internal.dsl.ProductFlavor::getJackOptions (5 bytes)
Event: 62.888 Thread 0x0000000016438800 nmethod 8665 0x000000000450a050 code [0x000000000450a1a0, 0x000000000450a2b0]
Event: 62.889 Thread 0x0000000016438800 8666       3       com.android.build.gradle.AppExtension_Decorated::getConventionMapping (30 bytes)

GC Heap History (10 events):
Event: 39.357 GC heap before
{Heap before GC invocations=19 (full 2):
 PSYoungGen      total 102400K, used 102120K [0x00000000eab00000, 0x00000000f1b00000, 0x0000000100000000)
  eden space 91136K, 100% used [0x00000000eab00000,0x00000000f0400000,0x00000000f0400000)
  from space 11264K, 97% used [0x00000000f1000000,0x00000000f1aba2a8,0x00000000f1b00000)
  to   space 11776K, 0% used [0x00000000f0400000,0x00000000f0400000,0x00000000f0f80000)
 ParOldGen       total 66560K, used 35187K [0x00000000c0000000, 0x00000000c4100000, 0x00000000eab00000)
  object space 66560K, 52% used [0x00000000c0000000,0x00000000c225cd78,0x00000000c4100000)
 Metaspace       used 52692K, capacity 54056K, committed 54144K, reserved 1095680K
  class space    used 7215K, capacity 7540K, committed 7552K, reserved 1048576K
Event: 39.391 GC heap after
Heap after GC invocations=19 (full 2):
 PSYoungGen      total 102912K, used 10079K [0x00000000eab00000, 0x00000000f1b00000, 0x0000000100000000)
  eden space 91136K, 0% used [0x00000000eab00000,0x00000000eab00000,0x00000000f0400000)
  from space 11776K, 85% used [0x00000000f0400000,0x00000000f0dd7c28,0x00000000f0f80000)
  to   space 11264K, 0% used [0x00000000f1000000,0x00000000f1000000,0x00000000f1b00000)
 ParOldGen       total 66560K, used 44533K [0x00000000c0000000, 0x00000000c4100000, 0x00000000eab00000)
  object space 66560K, 66% used [0x00000000c0000000,0x00000000c2b7d5b8,0x00000000c4100000)
 Metaspace       used 52692K, capacity 54056K, committed 54144K, reserved 1095680K
  class space    used 7215K, capacity 7540K, committed 7552K, reserved 1048576K
}
Event: 40.199 GC heap before
{Heap before GC invocations=20 (full 2):
 PSYoungGen      total 102912K, used 28724K [0x00000000eab00000, 0x00000000f1b00000, 0x0000000100000000)
  eden space 91136K, 20% used [0x00000000eab00000,0x00000000ebd35708,0x00000000f0400000)
  from space 11776K, 85% used [0x00000000f0400000,0x00000000f0dd7c28,0x00000000f0f80000)
  to   space 11264K, 0% used [0x00000000f1000000,0x00000000f1000000,0x00000000f1b00000)
 ParOldGen       total 66560K, used 44533K [0x00000000c0000000, 0x00000000c4100000, 0x00000000eab00000)
  object space 66560K, 66% used [0x00000000c0000000,0x00000000c2b7d5b8,0x00000000c4100000)
 Metaspace       used 53633K, capacity 55230K, committed 55424K, reserved 1097728K
  class space    used 7349K, capacity 7745K, committed 7808K, reserved 1048576K
Event: 40.216 GC heap after
Heap after GC invocations=20 (full 2):
 PSYoungGen      total 102400K, used 1996K [0x00000000eab00000, 0x00000000f1b00000, 0x0000000100000000)
  eden space 91136K, 0% used [0x00000000eab00000,0x00000000eab00000,0x00000000f0400000)
  from space 11264K, 17% used [0x00000000f1000000,0x00000000f11f3050,0x00000000f1b00000)
  to   space 11776K, 0% used [0x00000000f0400000,0x00000000f0400000,0x00000000f0f80000)
 ParOldGen       total 66560K, used 53357K [0x00000000c0000000, 0x00000000c4100000, 0x00000000eab00000)
  object space 66560K, 80% used [0x00000000c0000000,0x00000000c341b608,0x00000000c4100000)
 Metaspace       used 53633K, capacity 55230K, committed 55424K, reserved 1097728K
  class space    used 7349K, capacity 7745K, committed 7808K, reserved 1048576K
}
Event: 40.216 GC heap before
{Heap before GC invocations=21 (full 3):
 PSYoungGen      total 102400K, used 1996K [0x00000000eab00000, 0x00000000f1b00000, 0x0000000100000000)
  eden space 91136K, 0% used [0x00000000eab00000,0x00000000eab00000,0x00000000f0400000)
  from space 11264K, 17% used [0x00000000f1000000,0x00000000f11f3050,0x00000000f1b00000)
  to   space 11776K, 0% used [0x00000000f0400000,0x00000000f0400000,0x00000000f0f80000)
 ParOldGen       total 66560K, used 53357K [0x00000000c0000000, 0x00000000c4100000, 0x00000000eab00000)
  object space 66560K, 80% used [0x00000000c0000000,0x00000000c341b608,0x00000000c4100000)
 Metaspace       used 53633K, capacity 55230K, committed 55424K, reserved 1097728K
  class space    used 7349K, capacity 7745K, committed 7808K, reserved 1048576K
Event: 40.630 GC heap after
Heap after GC invocations=21 (full 3):
 PSYoungGen      total 102400K, used 0K [0x00000000eab00000, 0x00000000f1b00000, 0x0000000100000000)
  eden space 91136K, 0% used [0x00000000eab00000,0x00000000eab00000,0x00000000f0400000)
  from space 11264K, 0% used [0x00000000f1000000,0x00000000f1000000,0x00000000f1b00000)
  to   space 11776K, 0% used [0x00000000f0400000,0x00000000f0400000,0x00000000f0f80000)
 ParOldGen       total 66560K, used 51764K [0x00000000c0000000, 0x00000000c4100000, 0x00000000eab00000)
  object space 66560K, 77% used [0x00000000c0000000,0x00000000c328d070,0x00000000c4100000)
 Metaspace       used 53633K, capacity 55230K, committed 55424K, reserved 1097728K
  class space    used 7349K, capacity 7745K, committed 7808K, reserved 1048576K
}
Event: 52.883 GC heap before
{Heap before GC invocations=22 (full 3):
 PSYoungGen      total 102400K, used 91136K [0x00000000eab00000, 0x00000000f1b00000, 0x0000000100000000)
  eden space 91136K, 100% used [0x00000000eab00000,0x00000000f0400000,0x00000000f0400000)
  from space 11264K, 0% used [0x00000000f1000000,0x00000000f1000000,0x00000000f1b00000)
  to   space 11776K, 0% used [0x00000000f0400000,0x00000000f0400000,0x00000000f0f80000)
 ParOldGen       total 66560K, used 51764K [0x00000000c0000000, 0x00000000c4100000, 0x00000000eab00000)
  object space 66560K, 77% used [0x00000000c0000000,0x00000000c328d070,0x00000000c4100000)
 Metaspace       used 54003K, capacity 55730K, committed 55936K, reserved 1097728K
  class space    used 7377K, capacity 7779K, committed 7808K, reserved 1048576K
Event: 52.887 GC heap after
Heap after GC invocations=22 (full 3):
 PSYoungGen      total 102912K, used 3771K [0x00000000eab00000, 0x00000000f1b00000, 0x0000000100000000)
  eden space 91136K, 0% used [0x00000000eab00000,0x00000000eab00000,0x00000000f0400000)
  from space 11776K, 32% used [0x00000000f0400000,0x00000000f07aef80,0x00000000f0f80000)
  to   space 11264K, 0% used [0x00000000f1000000,0x00000000f1000000,0x00000000f1b00000)
 ParOldGen       total 66560K, used 51772K [0x00000000c0000000, 0x00000000c4100000, 0x00000000eab00000)
  object space 66560K, 77% used [0x00000000c0000000,0x00000000c328f070,0x00000000c4100000)
 Metaspace       used 54003K, capacity 55730K, committed 55936K, reserved 1097728K
  class space    used 7377K, capacity 7779K, committed 7808K, reserved 1048576K
}
Event: 58.386 GC heap before
{Heap before GC invocations=23 (full 3):
 PSYoungGen      total 102912K, used 94907K [0x00000000eab00000, 0x00000000f1b00000, 0x0000000100000000)
  eden space 91136K, 100% used [0x00000000eab00000,0x00000000f0400000,0x00000000f0400000)
  from space 11776K, 32% used [0x00000000f0400000,0x00000000f07aef80,0x00000000f0f80000)
  to   space 11264K, 0% used [0x00000000f1000000,0x00000000f1000000,0x00000000f1b00000)
 ParOldGen       total 66560K, used 51772K [0x00000000c0000000, 0x00000000c4100000, 0x00000000eab00000)
  object space 66560K, 77% used [0x00000000c0000000,0x00000000c328f070,0x00000000c4100000)
 Metaspace       used 54087K, capacity 55812K, committed 55936K, reserved 1097728K
  class space    used 7378K, capacity 7782K, committed 7808K, reserved 1048576K
Event: 58.391 GC heap after
Heap after GC invocations=23 (full 3):
 PSYoungGen      total 100864K, used 6036K [0x00000000eab00000, 0x00000000f3280000, 0x0000000100000000)
  eden space 89600K, 0% used [0x00000000eab00000,0x00000000eab00000,0x00000000f0280000)
  from space 11264K, 53% used [0x00000000f1000000,0x00000000f15e5328,0x00000000f1b00000)
  to   space 13824K, 0% used [0x00000000f0280000,0x00000000f0280000,0x00000000f1000000)
 ParOldGen       total 66560K, used 53962K [0x00000000c0000000, 0x00000000c4100000, 0x00000000eab00000)
  object space 66560K, 81% used [0x00000000c0000000,0x00000000c34b2b18,0x00000000c4100000)
 Metaspace       used 54087K, capacity 55812K, committed 55936K, reserved 1097728K
  class space    used 7378K, capacity 7782K, committed 7808K, reserved 1048576K
}

Deoptimization events (10 events):
Event: 46.268 Thread 0x00000000172f0000 Uncommon trap: reason=class_check action=maybe_recompile pc=0x0000000003dfc814 method=java.lang.reflect.Array.newInstance(Ljava/lang/Class;I)Ljava/lang/Object; @ 2
Event: 46.279 Thread 0x00000000179d5800 Uncommon trap: reason=class_check action=maybe_recompile pc=0x0000000003dfc814 method=java.lang.reflect.Array.newInstance(Ljava/lang/Class;I)Ljava/lang/Object; @ 2
Event: 46.282 Thread 0x00000000179d5800 Uncommon trap: reason=unstable_if action=reinterpret pc=0x000000000421499c method=java.io.ObjectOutputStream.defaultWriteFields(Ljava/lang/Object;Ljava/io/ObjectStreamClass;)V @ 43
Event: 52.014 Thread 0x00000000179ab800 Uncommon trap: reason=class_check action=maybe_recompile pc=0x00000000041d5f84 method=org.codehaus.groovy.reflection.CachedMethod.invoke(Ljava/lang/Object;[Ljava/lang/Object;)Ljava/lang/Object; @ 39
Event: 52.015 Thread 0x00000000179ab800 Uncommon trap: reason=class_check action=maybe_recompile pc=0x00000000041d5f84 method=org.codehaus.groovy.reflection.CachedMethod.invoke(Ljava/lang/Object;[Ljava/lang/Object;)Ljava/lang/Object; @ 39
Event: 52.016 Thread 0x00000000179ab800 Uncommon trap: reason=class_check action=maybe_recompile pc=0x00000000041d5f84 method=org.codehaus.groovy.reflection.CachedMethod.invoke(Ljava/lang/Object;[Ljava/lang/Object;)Ljava/lang/Object; @ 39
Event: 52.016 Thread 0x00000000179ab800 Uncommon trap: reason=class_check action=maybe_recompile pc=0x00000000041d5f84 method=org.codehaus.groovy.reflection.CachedMethod.invoke(Ljava/lang/Object;[Ljava/lang/Object;)Ljava/lang/Object; @ 39
Event: 52.017 Thread 0x000000001af19800 Uncommon trap: reason=unstable_if action=reinterpret pc=0x0000000003909788 method=java.util.concurrent.locks.ReentrantLock$Sync.nonfairTryAcquire(I)Z @ 34
Event: 62.155 Thread 0x00000000179ab800 Uncommon trap: reason=bimorphic action=maybe_recompile pc=0x0000000002bbfacc method=java.util.HashMap.removeNode(ILjava/lang/Object;Ljava/lang/Object;ZZ)Ljava/util/HashMap$Node; @ 68
Event: 62.155 Thread 0x00000000179ab800 Uncommon trap: reason=bimorphic action=maybe_recompile pc=0x000000000384a144 method=java.util.LinkedHashMap.afterNodeInsertion(Z)V @ 15

Internal exceptions (10 events):
Event: 47.127 Thread 0x00000000179ab800 Exception <a 'java/lang/ClassNotFoundException': asLocalRepo46_3xlywxll00vt8daoap0g4pogpBeanInfo> (0x00000000eaff21a8) thrown at [C:\re\workspace\8-2-build-windows-amd64-cygwin\jdk8u91\6644\hotspot\src\share\vm\classfile\systemDictionary.cpp, line 210]
Event: 47.128 Thread 0x00000000179ab800 Exception <a 'java/lang/ClassNotFoundException': asLocalRepo46_3xlywxll00vt8daoap0g4pogpCustomizer> (0x00000000eaffbdb0) thrown at [C:\re\workspace\8-2-build-windows-amd64-cygwin\jdk8u91\6644\hotspot\src\share\vm\classfile\systemDictionary.cpp, line 210]
Event: 62.156 Thread 0x00000000179ab800 Exception <a 'java/lang/reflect/InvocationTargetException'> (0x00000000ee6d7bb8) thrown at [C:\re\workspace\8-2-build-windows-amd64-cygwin\jdk8u91\6644\hotspot\src\share\vm\runtime\reflection.cpp, line 1092]
Event: 62.157 Thread 0x00000000179ab800 Exception <a 'java/lang/reflect/InvocationTargetException'> (0x00000000ee6db570) thrown at [C:\re\workspace\8-2-build-windows-amd64-cygwin\jdk8u91\6644\hotspot\src\share\vm\runtime\reflection.cpp, line 1092]
Event: 62.157 Thread 0x00000000179ab800 Exception <a 'java/lang/reflect/InvocationTargetException'> (0x00000000ee6def28) thrown at [C:\re\workspace\8-2-build-windows-amd64-cygwin\jdk8u91\6644\hotspot\src\share\vm\runtime\reflection.cpp, line 1092]
Event: 62.157 Thread 0x00000000179ab800 Exception <a 'java/lang/reflect/InvocationTargetException'> (0x00000000ee6e4b08) thrown at [C:\re\workspace\8-2-build-windows-amd64-cygwin\jdk8u91\6644\hotspot\src\share\vm\runtime\reflection.cpp, line 1092]
Event: 62.157 Thread 0x00000000179ab800 Exception <a 'java/lang/reflect/InvocationTargetException'> (0x00000000ee6e84c0) thrown at [C:\re\workspace\8-2-build-windows-amd64-cygwin\jdk8u91\6644\hotspot\src\share\vm\runtime\reflection.cpp, line 1092]
Event: 62.158 Thread 0x00000000179ab800 Exception <a 'java/lang/reflect/InvocationTargetException'> (0x00000000ee6ebe78) thrown at [C:\re\workspace\8-2-build-windows-amd64-cygwin\jdk8u91\6644\hotspot\src\share\vm\runtime\reflection.cpp, line 1092]
Event: 62.158 Thread 0x00000000179ab800 Exception <a 'java/lang/reflect/InvocationTargetException'> (0x00000000ee6f1b60) thrown at [C:\re\workspace\8-2-build-windows-amd64-cygwin\jdk8u91\6644\hotspot\src\share\vm\runtime\reflection.cpp, line 1092]
Event: 62.158 Thread 0x00000000179ab800 Exception <a 'java/lang/reflect/InvocationTargetException'> (0x00000000ee6f93c8) thrown at [C:\re\workspace\8-2-build-windows-amd64-cygwin\jdk8u91\6644\hotspot\src\share\vm\runtime\reflection.cpp, line 1092]

Events (10 events):
Event: 62.104 Thread 0x0000000016438800 flushing nmethod 0x0000000003de9590
Event: 62.104 Thread 0x0000000016438800 flushing nmethod 0x0000000003dfe550
Event: 62.155 Thread 0x00000000179ab800 Uncommon trap: trap_request=0xffffffc6 fr.pc=0x0000000002bbfacc
Event: 62.155 Thread 0x00000000179ab800 DEOPT PACKING pc=0x0000000002bbfacc sp=0x00000000191da530
Event: 62.155 Thread 0x00000000179ab800 DEOPT UNPACKING pc=0x0000000002a3582a sp=0x00000000191da490 mode 2
Event: 62.155 Thread 0x00000000179ab800 Uncommon trap: trap_request=0xffffffc6 fr.pc=0x000000000384a144
Event: 62.155 Thread 0x00000000179ab800 DEOPT PACKING pc=0x000000000384a144 sp=0x00000000191da530
Event: 62.155 Thread 0x00000000179ab800 DEOPT UNPACKING pc=0x0000000002a3582a sp=0x00000000191da4b0 mode 2
Event: 62.728 Executing VM operation: ForceSafepoint
Event: 62.729 Executing VM operation: ForceSafepoint done


Dynamic libraries:
0x00007ff6bdf60000 - 0x00007ff6bdf97000 	D:\JAVA_enviroment\bin\java.exe
0x00007ffbfd080000 - 0x00007ffbfd251000 	C:\WINDOWS\SYSTEM32\ntdll.dll
0x00007ffbfc240000 - 0x00007ffbfc2eb000 	C:\WINDOWS\System32\KERNEL32.DLL
0x00007ffbfa220000 - 0x00007ffbfa43d000 	C:\WINDOWS\System32\KERNELBASE.dll
0x00007ffbfc570000 - 0x00007ffbfc612000 	C:\WINDOWS\System32\ADVAPI32.dll
0x00007ffbfc750000 - 0x00007ffbfc7ee000 	C:\WINDOWS\System32\msvcrt.dll
0x00007ffbfc170000 - 0x00007ffbfc1c9000 	C:\WINDOWS\System32\sechost.dll
0x00007ffbfc620000 - 0x00007ffbfc741000 	C:\WINDOWS\System32\RPCRT4.dll
0x00007ffbfbd60000 - 0x00007ffbfbec5000 	C:\WINDOWS\System32\USER32.dll
0x00007ffbf9740000 - 0x00007ffbf975e000 	C:\WINDOWS\System32\win32u.dll
0x00007ffbfcd00000 - 0x00007ffbfcd34000 	C:\WINDOWS\System32\GDI32.dll
0x00007ffbf99b0000 - 0x00007ffbf9b32000 	C:\WINDOWS\System32\gdi32full.dll
0x00007ffbf49a0000 - 0x00007ffbf4c19000 	C:\WINDOWS\WinSxS\amd64_microsoft.windows.common-controls_6595b64144ccf1df_6.0.14393.447_none_42191651c6827bb3\COMCTL32.dll
0x00007ffbfcda0000 - 0x00007ffbfd067000 	C:\WINDOWS\System32\combase.dll
0x00007ffbfa440000 - 0x00007ffbfa535000 	C:\WINDOWS\System32\ucrtbase.dll
0x00007ffbfa5a0000 - 0x00007ffbfa60a000 	C:\WINDOWS\System32\bcryptPrimitives.dll
0x00007ffbfa6e0000 - 0x00007ffbfa70e000 	C:\WINDOWS\System32\IMM32.DLL
0x0000000058790000 - 0x0000000058862000 	D:\JAVA_enviroment\jre\bin\msvcr100.dll
0x0000000058f70000 - 0x0000000059803000 	D:\JAVA_enviroment\jre\bin\server\jvm.dll
0x00007ffbfa6d0000 - 0x00007ffbfa6d8000 	C:\WINDOWS\System32\PSAPI.DLL
0x00007ffbf70d0000 - 0x00007ffbf70d9000 	C:\WINDOWS\SYSTEM32\WSOCK32.dll
0x00007ffbfc800000 - 0x00007ffbfc86a000 	C:\WINDOWS\System32\WS2_32.dll
0x00007ffbf76d0000 - 0x00007ffbf76f3000 	C:\WINDOWS\SYSTEM32\WINMM.dll
0x00007ffbf5430000 - 0x00007ffbf543a000 	C:\WINDOWS\SYSTEM32\VERSION.dll
0x00007ffbf76a0000 - 0x00007ffbf76cb000 	C:\WINDOWS\SYSTEM32\WINMMBASE.dll
0x00007ffbf9760000 - 0x00007ffbf97a2000 	C:\WINDOWS\System32\cfgmgr32.dll
0x0000000059ca0000 - 0x0000000059caf000 	D:\JAVA_enviroment\jre\bin\verify.dll
0x0000000058e60000 - 0x0000000058e89000 	D:\JAVA_enviroment\jre\bin\java.dll
0x0000000058e40000 - 0x0000000058e56000 	D:\JAVA_enviroment\jre\bin\zip.dll
0x00007ffbfa850000 - 0x00007ffbfbd59000 	C:\WINDOWS\System32\SHELL32.dll
0x00007ffbf9b40000 - 0x00007ffbfa21a000 	C:\WINDOWS\System32\windows.storage.dll
0x00007ffbf9520000 - 0x00007ffbf956c000 	C:\WINDOWS\System32\powrprof.dll
0x00007ffbfc870000 - 0x00007ffbfc8c2000 	C:\WINDOWS\System32\shlwapi.dll
0x00007ffbf94f0000 - 0x00007ffbf94ff000 	C:\WINDOWS\System32\kernel.appcore.dll
0x00007ffbf97b0000 - 0x00007ffbf9859000 	C:\WINDOWS\System32\shcore.dll
0x00007ffbf9500000 - 0x00007ffbf9514000 	C:\WINDOWS\System32\profapi.dll
0x0000000058e20000 - 0x0000000058e3a000 	D:\JAVA_enviroment\jre\bin\net.dll
0x00007ffbf8d40000 - 0x00007ffbf8d9c000 	C:\WINDOWS\system32\mswsock.dll
0x0000000058e00000 - 0x0000000058e11000 	D:\JAVA_enviroment\jre\bin\nio.dll
0x00007ffbf5960000 - 0x00007ffbf5972000 	C:\Users\Administrator\.gradle\native\19\windows-amd64\native-platform.dll
0x00007ffbf8fb0000 - 0x00007ffbf8fc7000 	C:\WINDOWS\SYSTEM32\CRYPTSP.dll
0x00007ffbf8ec0000 - 0x00007ffbf8ef3000 	C:\WINDOWS\system32\rsaenh.dll
0x00007ffbf9420000 - 0x00007ffbf944b000 	C:\WINDOWS\SYSTEM32\bcrypt.dll
0x00007ffbf8bc0000 - 0x00007ffbf8bdf000 	C:\WINDOWS\SYSTEM32\USERENV.dll
0x00007ffbf8fd0000 - 0x00007ffbf8fdb000 	C:\WINDOWS\SYSTEM32\CRYPTBASE.dll
0x00007ffbf8ad0000 - 0x00007ffbf8b08000 	C:\WINDOWS\SYSTEM32\IPHLPAPI.DLL
0x00007ffbfc7f0000 - 0x00007ffbfc7f8000 	C:\WINDOWS\System32\NSI.dll
0x00007ffbf3950000 - 0x00007ffbf3966000 	C:\WINDOWS\SYSTEM32\dhcpcsvc6.DLL
0x00007ffbf3930000 - 0x00007ffbf394a000 	C:\WINDOWS\SYSTEM32\dhcpcsvc.DLL
0x0000000058c00000 - 0x0000000058c0d000 	D:\JAVA_enviroment\jre\bin\management.dll

VM Arguments:
jvm_args: -XX:MaxPermSize=256m -XX:+HeapDumpOnOutOfMemoryError -Xmx1024m -Dfile.encoding=GBK -Duser.country=CN -Duser.language=zh -Duser.variant 
java_command: org.gradle.launcher.daemon.bootstrap.GradleDaemon 2.14.1
java_class_path (initial): C:\Users\Administrator\.gradle\wrapper\dists\gradle-2.14.1-all\8bnwg5hd3w55iofp58khbp6yv\gradle-2.14.1\lib\gradle-launcher-2.14.1.jar
Launcher Type: SUN_STANDARD

Environment Variables:
JAVA_HOME=D:\JAVA_enviroment
PATH=C:\ProgramData\Oracle\Java\javapath;C:\WINDOWS\system32;C:\WINDOWS;C:\WINDOWS\System32\Wbem;C:\WINDOWS\System32\WindowsPowerShell\v1.0\;D:\JAVA_enviroment\bin;D:\JAVA_enviroment\jre\bin;D:\android_sdk\sdk\tools;C:\Program Files (x86)\NVIDIA Corporation\PhysX\Common;D:\AndroidStdio_sdk\sdk\tools;C:\Program Files (x86)\Microsoft SQL Server\100\Tools\Binn\;C:\Program Files\Microsoft SQL Server\100\Tools\Binn\;C:\Program Files\Microsoft SQL Server\100\DTS\Binn\;C:\Program Files (x86)\Microsoft SQL Server\100\Tools\Binn\VSShell\Common7\IDE\;C:\Program Files (x86)\Microsoft Visual Studio 9.0\Common7\IDE\PrivateAssemblies\;C:\Program Files (x86)\Microsoft SQL Server\100\DTS\Binn\;D:\android_sdk\sdk\platform-tools;D:\android_sdk\sdk\tools;C:\WINDOWS\system32;C:\WINDOWS;C:\WINDOWS\System32\Wbem;C:\WINDOWS\System32\WindowsPowerShell\v1.0\;C:\Users\Administrator\AppData\Local\Microsoft\WindowsApps;
USERNAME=Administrator
OS=Windows_NT
PROCESSOR_IDENTIFIER=Intel64 Family 6 Model 58 Stepping 9, GenuineIntel



---------------  S Y S T E M  ---------------

OS: Windows 10.0 , 64 bit Build 14393 (10.0.14393.0)

CPU:total 4 (2 cores per cpu, 2 threads per core) family 6 model 58 stepping 9, cmov, cx8, fxsr, mmx, sse, sse2, sse3, ssse3, sse4.1, sse4.2, popcnt, avx, aes, clmul, erms, ht, tsc, tscinvbit, tscinv

Memory: 4k page, physical 8271404k(743484k free), swap 8271404k(5224k free)

vm_info: Java HotSpot(TM) 64-Bit Server VM (25.91-b14) for windows-amd64 JRE (1.8.0_91-b14), built on Apr  1 2016 00:58:32 by "java_re" with MS VC++ 10.0 (VS2010)

time: Tue Nov 22 13:28:46 2016
elapsed time: 62 seconds (0d 0h 1m 2s)

