#
# There is insufficient memory for the Java Runtime Environment to continue.
# Native memory allocation (malloc) failed to allocate 262160 bytes for Chunk::new
# Possible reasons:
#   The system is out of physical RAM or swap space
#   In 32 bit mode, the process size limit was hit
# Possible solutions:
#   Reduce memory load on the system
#   Increase physical memory or swap space
#   Check if swap backing store is full
#   Use 64 bit Java on a 64 bit OS
#   Decrease Java heap size (-Xmx/-Xms)
#   Decrease number of Java threads
#   Decrease Java thread stack sizes (-Xss)
#   Set larger code cache with -XX:ReservedCodeCacheSize=
# This output file may be truncated or incomplete.
#
#  Out of Memory Error (allocation.cpp:390), pid=7552, tid=10128
#
# JRE version: Java(TM) SE Runtime Environment (8.0_91-b14) (build 1.8.0_91-b14)
# Java VM: Java HotSpot(TM) 64-Bit Server VM (25.91-b14 mixed mode windows-amd64 compressed oops)
# Failed to write core dump. Minidumps are not enabled by default on client versions of Windows
#

---------------  T H R E A D  ---------------

Current thread (0x0000000016f38800):  JavaThread "C2 CompilerThread1" daemon [_thread_in_native, id=10128, stack(0x00000000175e0000,0x00000000176e0000)]

Stack: [0x00000000175e0000,0x00000000176e0000]
[error occurred during error reporting (printing stack bounds), id 0xc0000005]

Native frames: (J=compiled Java code, j=interpreted, Vv=VM code, C=native code)


Current CompileTask:
C2:  46198 1920   !   4       com.android.dx.cf.code.BytecodeArray::parseInstruction (2764 bytes)


---------------  P R O C E S S  ---------------

Java Threads: ( => current thread )
  0x0000000017170800 JavaThread "pool-1-thread-3" [_thread_in_Java, id=1736, stack(0x0000000017ce0000,0x0000000017de0000)]
  0x0000000017168800 JavaThread "pool-2-thread-1" [_thread_blocked, id=4148, stack(0x0000000017ae0000,0x0000000017be0000)]
  0x0000000017164000 JavaThread "pool-1-thread-1" [_thread_in_Java, id=8840, stack(0x00000000179e0000,0x0000000017ae0000)]
  0x0000000016f41800 JavaThread "Service Thread" daemon [_thread_blocked, id=6844, stack(0x00000000177e0000,0x00000000178e0000)]
  0x0000000016f3b800 JavaThread "C1 CompilerThread2" daemon [_thread_blocked, id=8656, stack(0x00000000176e0000,0x00000000177e0000)]
=>0x0000000016f38800 JavaThread "C2 CompilerThread1" daemon [_thread_in_native, id=10128, stack(0x00000000175e0000,0x00000000176e0000)]
  0x0000000015bdb000 JavaThread "C2 CompilerThread0" daemon [_thread_blocked, id=4772, stack(0x00000000174e0000,0x00000000175e0000)]
  0x0000000015b8d000 JavaThread "Attach Listener" daemon [_thread_blocked, id=176, stack(0x00000000173e0000,0x00000000174e0000)]
  0x0000000015bd9800 JavaThread "Signal Dispatcher" daemon [_thread_blocked, id=5188, stack(0x00000000172e0000,0x00000000173e0000)]
  0x0000000015b6a000 JavaThread "Finalizer" daemon [_thread_blocked, id=3156, stack(0x0000000016de0000,0x0000000016ee0000)]
  0x0000000015b49000 JavaThread "Reference Handler" daemon [_thread_blocked, id=8872, stack(0x0000000016ce0000,0x0000000016de0000)]
  0x00000000033b0800 JavaThread "main" [_thread_blocked, id=11660, stack(0x0000000003180000,0x0000000003280000)]

Other Threads:
  0x0000000015b47000 VMThread [stack: 0x0000000016be0000,0x0000000016ce0000] [id=8296]
  0x0000000016f8b800 WatcherThread [stack: 0x00000000178e0000,0x00000000179e0000] [id=3988]

VM state:not at safepoint (normal execution)

VM Mutex/Monitor currently owned by a thread: None

Heap:
 PSYoungGen      total 71680K, used 27849K [0x00000000eab00000, 0x00000000f3700000, 0x0000000100000000)
  eden space 66560K, 34% used [0x00000000eab00000,0x00000000ec13a2a8,0x00000000eec00000)
  from space 5120K, 99% used [0x00000000eec00000,0x00000000ef0f83c0,0x00000000ef100000)
  to   space 5120K, 0% used [0x00000000f3200000,0x00000000f3200000,0x00000000f3700000)
 ParOldGen       total 87552K, used 15463K [0x00000000c0000000, 0x00000000c5580000, 0x00000000eab00000)
  object space 87552K, 17% used [0x00000000c0000000,0x00000000c0f19c30,0x00000000c5580000)
 Metaspace       used 6337K, capacity 7158K, committed 7296K, reserved 1056768K
  class space    used 604K, capacity 622K, committed 640K, reserved 1048576K

Card table byte_map: [0x0000000012870000,0x0000000012a80000] byte_map_base: 0x0000000012270000

Marking Bits: (ParMarkBitMap*) 0x00000000567b2f70
 Begin Bits: [0x0000000012fe0000, 0x0000000013fe0000)
 End Bits:   [0x0000000013fe0000, 0x0000000014fe0000)

Polling page: 0x0000000001380000

CodeCache: size=245760Kb used=9210Kb max_used=9223Kb free=236549Kb
 bounds [0x00000000034b0000, 0x0000000003dc0000, 0x00000000124b0000]
 total_blobs=2164 nmethods=1892 adapters=184
 compilation: enabled

Compilation events (10 events):
Event: 46.040 Thread 0x0000000016f3b800 nmethod 1939 0x0000000003dafb10 code [0x0000000003dafc80, 0x0000000003daff48]
Event: 46.040 Thread 0x0000000016f3b800 1940       3       java.util.concurrent.AbstractExecutorService::submit (25 bytes)
Event: 46.041 Thread 0x0000000016f3b800 nmethod 1940 0x0000000003db0010 code [0x0000000003db01c0, 0x0000000003db07c8]
Event: 46.043 Thread 0x0000000016f38800 nmethod 1902 0x0000000003db0a50 code [0x0000000003db0d40, 0x0000000003db2e08]
Event: 46.044 Thread 0x0000000016f38800 1920   !   4       com.android.dx.cf.code.BytecodeArray::parseInstruction (2764 bytes)
Event: 46.090 Thread 0x0000000015bdb000 nmethod 1903% 0x0000000003db5850 code [0x0000000003db5a80, 0x0000000003db7368]
Event: 46.090 Thread 0x0000000015bdb000 1916       4       com.android.dx.ssa.back.FirstFitLocalCombiningAllocator::handleUnassociatedParameters (60 bytes)
Event: 46.124 Thread 0x0000000015bdb000 nmethod 1916 0x0000000003dac150 code [0x0000000003dac300, 0x0000000003daca68]
Event: 46.124 Thread 0x0000000015bdb000 1906       4       com.android.dx.ssa.back.InterferenceGraph::<init> (42 bytes)
Event: 46.164 Thread 0x0000000015bdb000 nmethod 1906 0x0000000003db9110 code [0x0000000003db9280, 0x0000000003db99b8]

GC Heap History (6 events):
Event: 23.167 GC heap before
{Heap before GC invocations=1 (full 0):
 PSYoungGen      total 38400K, used 33280K [0x00000000eab00000, 0x00000000ed580000, 0x0000000100000000)
  eden space 33280K, 100% used [0x00000000eab00000,0x00000000ecb80000,0x00000000ecb80000)
  from space 5120K, 0% used [0x00000000ed080000,0x00000000ed080000,0x00000000ed580000)
  to   space 5120K, 0% used [0x00000000ecb80000,0x00000000ecb80000,0x00000000ed080000)
 ParOldGen       total 87552K, used 0K [0x00000000c0000000, 0x00000000c5580000, 0x00000000eab00000)
  object space 87552K, 0% used [0x00000000c0000000,0x00000000c0000000,0x00000000c5580000)
 Metaspace       used 6088K, capacity 6964K, committed 7040K, reserved 1056768K
  class space    used 599K, capacity 620K, committed 640K, reserved 1048576K
Event: 24.262 GC heap after
Heap after GC invocations=1 (full 0):
 PSYoungGen      total 38400K, used 5094K [0x00000000eab00000, 0x00000000ef600000, 0x0000000100000000)
  eden space 33280K, 0% used [0x00000000eab00000,0x00000000eab00000,0x00000000ecb80000)
  from space 5120K, 99% used [0x00000000ecb80000,0x00000000ed079a98,0x00000000ed080000)
  to   space 5120K, 0% used [0x00000000ef100000,0x00000000ef100000,0x00000000ef600000)
 ParOldGen       total 87552K, used 1494K [0x00000000c0000000, 0x00000000c5580000, 0x00000000eab00000)
  object space 87552K, 1% used [0x00000000c0000000,0x00000000c0175950,0x00000000c5580000)
 Metaspace       used 6088K, capacity 6964K, committed 7040K, reserved 1056768K
  class space    used 599K, capacity 620K, committed 640K, reserved 1048576K
}
Event: 35.368 GC heap before
{Heap before GC invocations=2 (full 0):
 PSYoungGen      total 38400K, used 38374K [0x00000000eab00000, 0x00000000ef600000, 0x0000000100000000)
  eden space 33280K, 100% used [0x00000000eab00000,0x00000000ecb80000,0x00000000ecb80000)
  from space 5120K, 99% used [0x00000000ecb80000,0x00000000ed079a98,0x00000000ed080000)
  to   space 5120K, 0% used [0x00000000ef100000,0x00000000ef100000,0x00000000ef600000)
 ParOldGen       total 87552K, used 1494K [0x00000000c0000000, 0x00000000c5580000, 0x00000000eab00000)
  object space 87552K, 1% used [0x00000000c0000000,0x00000000c0175950,0x00000000c5580000)
 Metaspace       used 6221K, capacity 7092K, committed 7296K, reserved 1056768K
  class space    used 600K, capacity 620K, committed 640K, reserved 1048576K
Event: 36.589 GC heap after
Heap after GC invocations=2 (full 0):
 PSYoungGen      total 71680K, used 5095K [0x00000000eab00000, 0x00000000ef600000, 0x0000000100000000)
  eden space 66560K, 0% used [0x00000000eab00000,0x00000000eab00000,0x00000000eec00000)
  from space 5120K, 99% used [0x00000000ef100000,0x00000000ef5f9e48,0x00000000ef600000)
  to   space 5120K, 0% used [0x00000000eec00000,0x00000000eec00000,0x00000000ef100000)
 ParOldGen       total 87552K, used 5168K [0x00000000c0000000, 0x00000000c5580000, 0x00000000eab00000)
  object space 87552K, 5% used [0x00000000c0000000,0x00000000c050c2d8,0x00000000c5580000)
 Metaspace       used 6221K, capacity 7092K, committed 7296K, reserved 1056768K
  class space    used 600K, capacity 620K, committed 640K, reserved 1048576K
}
Event: 43.975 GC heap before
{Heap before GC invocations=3 (full 0):
 PSYoungGen      total 71680K, used 71655K [0x00000000eab00000, 0x00000000ef600000, 0x0000000100000000)
  eden space 66560K, 100% used [0x00000000eab00000,0x00000000eec00000,0x00000000eec00000)
  from space 5120K, 99% used [0x00000000ef100000,0x00000000ef5f9e48,0x00000000ef600000)
  to   space 5120K, 0% used [0x00000000eec00000,0x00000000eec00000,0x00000000ef100000)
 ParOldGen       total 87552K, used 5168K [0x00000000c0000000, 0x00000000c5580000, 0x00000000eab00000)
  object space 87552K, 5% used [0x00000000c0000000,0x00000000c050c2d8,0x00000000c5580000)
 Metaspace       used 6314K, capacity 7092K, committed 7296K, reserved 1056768K
  class space    used 603K, capacity 620K, committed 640K, reserved 1048576K
Event: 44.810 GC heap after
Heap after GC invocations=3 (full 0):
 PSYoungGen      total 71680K, used 5088K [0x00000000eab00000, 0x00000000f3700000, 0x0000000100000000)
  eden space 66560K, 0% used [0x00000000eab00000,0x00000000eab00000,0x00000000eec00000)
  from space 5120K, 99% used [0x00000000eec00000,0x00000000ef0f83c0,0x00000000ef100000)
  to   space 5120K, 0% used [0x00000000f3200000,0x00000000f3200000,0x00000000f3700000)
 ParOldGen       total 87552K, used 15463K [0x00000000c0000000, 0x00000000c5580000, 0x00000000eab00000)
  object space 87552K, 17% used [0x00000000c0000000,0x00000000c0f19c30,0x00000000c5580000)
 Metaspace       used 6314K, capacity 7092K, committed 7296K, reserved 1056768K
  class space    used 603K, capacity 620K, committed 640K, reserved 1048576K
}

Deoptimization events (10 events):
Event: 41.788 Thread 0x0000000017172000 Uncommon trap: reason=bimorphic action=maybe_recompile pc=0x0000000003b36d84 method=java.util.HashMap.putVal(ILjava/lang/Object;Ljava/lang/Object;ZZ)Ljava/lang/Object; @ 203
Event: 41.789 Thread 0x0000000017172000 Uncommon trap: reason=bimorphic action=maybe_recompile pc=0x0000000003b36d84 method=java.util.HashMap.putVal(ILjava/lang/Object;Ljava/lang/Object;ZZ)Ljava/lang/Object; @ 203
Event: 41.789 Thread 0x0000000017172000 Uncommon trap: reason=bimorphic action=maybe_recompile pc=0x0000000003b36d84 method=java.util.HashMap.putVal(ILjava/lang/Object;Ljava/lang/Object;ZZ)Ljava/lang/Object; @ 203
Event: 41.789 Thread 0x0000000017172000 Uncommon trap: reason=bimorphic action=maybe_recompile pc=0x0000000003b36d84 method=java.util.HashMap.putVal(ILjava/lang/Object;Ljava/lang/Object;ZZ)Ljava/lang/Object; @ 203
Event: 41.842 Thread 0x00000000033b0800 Uncommon trap: reason=bimorphic action=maybe_recompile pc=0x0000000003cc45e8 method=com.android.dx.cf.code.BytecodeArray.parseInstruction(ILcom/android/dx/cf/code/BytecodeArray$Visitor;)I @ 2281
Event: 41.843 Thread 0x00000000033b0800 Uncommon trap: reason=bimorphic action=maybe_recompile pc=0x0000000003cc45e8 method=com.android.dx.cf.code.BytecodeArray.parseInstruction(ILcom/android/dx/cf/code/BytecodeArray$Visitor;)I @ 2281
Event: 45.916 Thread 0x0000000017164000 Uncommon trap: reason=unstable_if action=reinterpret pc=0x0000000003ceff20 method=com.android.dx.rop.code.RegisterSpec.equals(ILcom/android/dx/rop/type/TypeBearer;Lcom/android/dx/rop/code/LocalItem;)Z @ 42
Event: 45.942 Thread 0x0000000017164000 Uncommon trap: reason=unstable_if action=reinterpret pc=0x00000000037eee18 method=com.android.dx.rop.code.RegisterSpec.equals(ILcom/android/dx/rop/type/TypeBearer;Lcom/android/dx/rop/code/LocalItem;)Z @ 42
Event: 45.991 Thread 0x0000000017172000 Uncommon trap: reason=class_check action=maybe_recompile pc=0x0000000003d67a90 method=com.android.dx.cf.code.BytecodeArray.parseInstruction(ILcom/android/dx/cf/code/BytecodeArray$Visitor;)I @ 2002
Event: 45.991 Thread 0x0000000017172000 Uncommon trap: reason=class_check action=maybe_recompile pc=0x0000000003d67a90 method=com.android.dx.cf.code.BytecodeArray.parseInstruction(ILcom/android/dx/cf/code/BytecodeArray$Visitor;)I @ 2002

Internal exceptions (2 events):
Event: 1.192 Thread 0x00000000033b0800 Exception <a 'java/lang/NoSuchMethodError': Method sun.misc.Unsafe.defineClass(Ljava/lang/String;[BII)Ljava/lang/Class; name or signature does not match> (0x00000000eab07cc0) thrown at [C:\re\workspace\8-2-build-windows-amd64-cygwin\jdk8u91\6644\hotspot\sr½KŠ@ó?
Event: 1.192 Thread 0x00000000033b0800 Exception <a 'java/lang/NoSuchMethodError': Method sun.misc.Unsafe.prefetchRead(Ljava/lang/Object;J)V name or signature does not match> (0x00000000eab07fa8) thrown at [C:\re\workspace\8-2-build-windows-amd64-cygwin\jdk8u91\6644\hotspot\src\share\vm\prims\j

Events (10 events):
Event: 45.991 Thread 0x0000000017172000 DEOPT UNPACKING pc=0x00000000034f582a sp=0x0000000017ede688 mode 2
Event: 45.991 Thread 0x0000000017172000 Uncommon trap: trap_request=0xffffffde fr.pc=0x0000000003d67a90
Event: 45.991 Thread 0x0000000017172000 DEOPT PACKING pc=0x0000000003d67a90 sp=0x0000000017ede6d0
Event: 45.991 Thread 0x0000000017172000 DEOPT UNPACKING pc=0x00000000034f582a sp=0x0000000017ede688 mode 2
Event: 46.041 loading class java/util/HashMap$KeySet
Event: 46.042 loading class java/util/HashMap$KeySet done
Event: 46.042 loading class java/util/HashMap$KeyIterator
Event: 46.042 loading class java/util/HashMap$KeyIterator done
Event: 46.043 Thread 0x0000000017169000 Thread exited: 0x0000000017169000
Event: 46.043 Thread 0x0000000017172000 Thread exited: 0x0000000017172000


Dynamic libraries:
0x00007ff7dd620000 - 0x00007ff7dd657000 	D:\JAVA_enviroment\bin\java.exe
0x00007ffa2fc30000 - 0x00007ffa2fe01000 	C:\WINDOWS\SYSTEM32\ntdll.dll
0x00007ffa2f480000 - 0x00007ffa2f52b000 	C:\WINDOWS\System32\KERNEL32.DLL
0x00007ffa2cfa0000 - 0x00007ffa2d1bd000 	C:\WINDOWS\System32\KERNELBASE.dll
0x00007ffa2f8b0000 - 0x00007ffa2f952000 	C:\WINDOWS\System32\ADVAPI32.dll
0x00007ffa2f810000 - 0x00007ffa2f8ae000 	C:\WINDOWS\System32\msvcrt.dll
0x00007ffa2d430000 - 0x00007ffa2d489000 	C:\WINDOWS\System32\sechost.dll
0x00007ffa2f6a0000 - 0x00007ffa2f7c1000 	C:\WINDOWS\System32\RPCRT4.dll
0x00007ffa2d2c0000 - 0x00007ffa2d425000 	C:\WINDOWS\System32\USER32.dll
0x00007ffa2c8a0000 - 0x00007ffa2c8be000 	C:\WINDOWS\System32\win32u.dll
0x00007ffa2f7d0000 - 0x00007ffa2f804000 	C:\WINDOWS\System32\GDI32.dll
0x00007ffa2c710000 - 0x00007ffa2c892000 	C:\WINDOWS\System32\gdi32full.dll
0x00007ffa26040000 - 0x00007ffa262b9000 	C:\WINDOWS\WinSxS\amd64_microsoft.windows.common-controls_6595b64144ccf1df_6.0.14393.447_none_42191651c6827bb3\COMCTL32.dll
0x00007ffa2f960000 - 0x00007ffa2fc27000 	C:\WINDOWS\System32\combase.dll
0x00007ffa2c560000 - 0x00007ffa2c655000 	C:\WINDOWS\System32\ucrtbase.dll
0x00007ffa2c270000 - 0x00007ffa2c2da000 	C:\WINDOWS\System32\bcryptPrimitives.dll
0x00007ffa2d490000 - 0x00007ffa2d4be000 	C:\WINDOWS\System32\IMM32.DLL
0x0000000055b50000 - 0x0000000055c22000 	D:\JAVA_enviroment\jre\bin\msvcr100.dll
0x0000000055fa0000 - 0x0000000056833000 	D:\JAVA_enviroment\jre\bin\server\jvm.dll
0x00007ffa2d4d0000 - 0x00007ffa2d4d8000 	C:\WINDOWS\System32\PSAPI.DLL
0x00007ffa28f80000 - 0x00007ffa28f89000 	C:\WINDOWS\SYSTEM32\WSOCK32.dll
0x00007ffa2d4e0000 - 0x00007ffa2d54a000 	C:\WINDOWS\System32\WS2_32.dll
0x00007ffa29e70000 - 0x00007ffa29e93000 	C:\WINDOWS\SYSTEM32\WINMM.dll
0x00007ffa28250000 - 0x00007ffa2825a000 	C:\WINDOWS\SYSTEM32\VERSION.dll
0x00007ffa29ca0000 - 0x00007ffa29ccb000 	C:\WINDOWS\SYSTEM32\WINMMBASE.dll
0x00007ffa2c2e0000 - 0x00007ffa2c322000 	C:\WINDOWS\System32\cfgmgr32.dll
0x0000000056870000 - 0x000000005687f000 	D:\JAVA_enviroment\jre\bin\verify.dll
0x0000000055f70000 - 0x0000000055f99000 	D:\JAVA_enviroment\jre\bin\java.dll
0x0000000056850000 - 0x0000000056866000 	D:\JAVA_enviroment\jre\bin\zip.dll
0x00007ffa2db40000 - 0x00007ffa2f049000 	C:\WINDOWS\System32\SHELL32.dll
0x00007ffa2c8c0000 - 0x00007ffa2cf9a000 	C:\WINDOWS\System32\windows.storage.dll
0x00007ffa2c090000 - 0x00007ffa2c0dc000 	C:\WINDOWS\System32\powrprof.dll
0x00007ffa2f300000 - 0x00007ffa2f352000 	C:\WINDOWS\System32\shlwapi.dll
0x00007ffa2c110000 - 0x00007ffa2c11f000 	C:\WINDOWS\System32\kernel.appcore.dll
0x00007ffa2c120000 - 0x00007ffa2c1c9000 	C:\WINDOWS\System32\shcore.dll
0x00007ffa2c0e0000 - 0x00007ffa2c0f4000 	C:\WINDOWS\System32\profapi.dll

VM Arguments:
jvm_args: -Djava.awt.headless=true -Xmx1024M -Dfile.encoding=GBK -Duser.country=CN -Duser.language=zh -Duser.variant 
java_command: com.android.dx.command.Main --dex --num-threads=4 --output D:\workspace1\FastSport\app\build\intermediates\pre-dexed\debug\xUtils-2.6.14_202db90940df9880b4ddca384f0b6fb9bb907b52.jar D:\workspace1\FastSport\app\libs\xUtils-2.6.14.jar
java_class_path (initial): D:\AndroidStdio_sdk\sdk\build-tools\24.0.0\lib\dx.jar
Launcher Type: SUN_STANDARD

Environment Variables:
JAVA_HOME=D:\JAVA_enviroment
PATH=C:\ProgramData\Oracle\Java\javapath;C:\WINDOWS\system32;C:\WINDOWS;C:\WINDOWS\System32\Wbem;C:\WINDOWS\System32\WindowsPowerShell\v1.0\;D:\JAVA_enviroment\bin;D:\JAVA_enviroment\jre\bin;D:\android_sdk\sdk\tools;C:\Program Files (x86)\NVIDIA Corporation\PhysX\Common;D:\AndroidStdio_sdk\sdk\tools;C:\Program Files (x86)\Microsoft SQL Server\100\Tools\Binn\;C:\Program Files\Microsoft SQL Server\100\Tools\Binn\;C:\Program Files\Microsoft SQL Server\100\DTS\Binn\;C:\Program Files (x86)\Microsoft SQL Server\100\Tools\Binn\VSShell\Common7\IDE\;C:\Program Files (x86)\Microsoft Visual Studio 9.0\Common7\IDE\PrivateAssemblies\;C:\Program Files (x86)\Microsoft SQL Server\100\DTS\Binn\;D:\android_sdk\sdk\platform-tools;D:\android_sdk\sdk\tools;C:\WINDOWS\system32;C:\WINDOWS;C:\WINDOWS\System32\Wbem;C:\WINDOWS\System32\WindowsPowerShell\v1.0\;C:\Users\Administrator\AppData\Local\Microsoft\WindowsApps;
USERNAME=Administrator
OS=Windows_NT
PROCESSOR_IDENTIFIER=Intel64 Family 6 Model 58 Stepping 9, GenuineIntel



---------------  S Y S T E M  ---------------

OS: Windows 10.0 , 64 bit Build 14393 (10.0.14393.0)

CPU:total 4 (2 cores per cpu, 2 threads per core) family 6 model 58 stepping 9, cmov, cx8, fxsr, mmx, sse, sse2, sse3, ssse3, sse4.1, sse4.2, popcnt, avx, aes, clmul, erms, ht, tsc, tscinvbit, tscinv

Memory: 4k page, physical 8271404k(1313272k free), swap 8271404k(5304k free)

vm_info: Java HotSpot(TM) 64-Bit Server VM (25.91-b14) for windows-amd64 JRE (1.8.0_91-b14), built on Apr  1 2016 00:58:32 by "java_re" with MS VC++ 10.0 (VS2010)

time: Sat Nov 19 14:46:56 2016
elapsed time: 46 seconds (0d 0h 0m 46s)

