#
# There is insufficient memory for the Java Runtime Environment to continue.
# Native memory allocation (malloc) failed to allocate 1374816 bytes for Chunk::new
# Possible reasons:
#   The system is out of physical RAM or swap space
#   In 32 bit mode, the process size limit was hit
# Possible solutions:
#   Reduce memory load on the system
#   Increase physical memory or swap space
#   Check if swap backing store is full
#   Use 64 bit Java on a 64 bit OS
#   Decrease Java heap size (-Xmx/-Xms)
#   Decrease number of Java threads
#   Decrease Java thread stack sizes (-Xss)
#   Set larger code cache with -XX:ReservedCodeCacheSize=
# This output file may be truncated or incomplete.
#
#  Out of Memory Error (allocation.cpp:390), pid=10304, tid=2768
#
# JRE version: Java(TM) SE Runtime Environment (8.0_91-b14) (build 1.8.0_91-b14)
# Java VM: Java HotSpot(TM) 64-Bit Server VM (25.91-b14 mixed mode windows-amd64 compressed oops)
# Failed to write core dump. Minidumps are not enabled by default on client versions of Windows
#

---------------  T H R E A D  ---------------

Current thread (0x0000000015d09800):  JavaThread "C2 CompilerThread0" daemon [_thread_in_native, id=2768, stack(0x0000000017610000,0x0000000017710000)]

Stack: [0x0000000017610000,0x0000000017710000]
[error occurred during error reporting (printing stack bounds), id 0xc0000005]

Native frames: (J=compiled Java code, j=interpreted, Vv=VM code, C=native code)


Current CompileTask:
C2:  46763 1866   !   4       com.android.dx.cf.cst.ConstantPoolParser::parse0 (731 bytes)


---------------  P R O C E S S  ---------------

Java Threads: ( => current thread )
  0x00000000172ad800 JavaThread "pool-1-thread-4" [_thread_in_Java, id=1416, stack(0x0000000017f10000,0x0000000018010000)]
  0x00000000172a8000 JavaThread "pool-1-thread-3" [_thread_in_Java, id=11252, stack(0x0000000017e10000,0x0000000017f10000)]
  0x00000000172a6800 JavaThread "pool-1-thread-2" [_thread_in_Java, id=1016, stack(0x0000000017d10000,0x0000000017e10000)]
  0x000000001728d000 JavaThread "pool-2-thread-1" [_thread_blocked, id=9500, stack(0x0000000017c10000,0x0000000017d10000)]
  0x000000001728c800 JavaThread "pool-1-thread-1" [_thread_in_Java, id=9428, stack(0x0000000017b10000,0x0000000017c10000)]
  0x0000000017074800 JavaThread "Service Thread" daemon [_thread_blocked, id=2756, stack(0x0000000017910000,0x0000000017a10000)]
  0x0000000017070800 JavaThread "C1 CompilerThread2" daemon [_thread_blocked, id=12940, stack(0x0000000017810000,0x0000000017910000)]
  0x0000000015d0c800 JavaThread "C2 CompilerThread1" daemon [_thread_in_native, id=12680, stack(0x0000000017710000,0x0000000017810000)]
=>0x0000000015d09800 JavaThread "C2 CompilerThread0" daemon [_thread_in_native, id=2768, stack(0x0000000017610000,0x0000000017710000)]
  0x0000000015cbd000 JavaThread "Attach Listener" daemon [_thread_blocked, id=956, stack(0x0000000017510000,0x0000000017610000)]
  0x0000000015cbc000 JavaThread "Signal Dispatcher" daemon [_thread_blocked, id=6172, stack(0x0000000017410000,0x0000000017510000)]
  0x0000000015c9a000 JavaThread "Finalizer" daemon [_thread_blocked, id=5524, stack(0x0000000016f10000,0x0000000017010000)]
  0x0000000015c79000 JavaThread "Reference Handler" daemon [_thread_blocked, id=12296, stack(0x0000000016e10000,0x0000000016f10000)]
  0x00000000034e0800 JavaThread "main" [_thread_in_Java, id=11140, stack(0x00000000032e0000,0x00000000033e0000)]

Other Threads:
  0x0000000015c77000 VMThread [stack: 0x0000000016d10000,0x0000000016e10000] [id=10036]
  0x00000000170e9000 WatcherThread [stack: 0x0000000017a10000,0x0000000017b10000] [id=5260]

VM state:not at safepoint (normal execution)

VM Mutex/Monitor currently owned by a thread: None

Heap:
 PSYoungGen      total 71680K, used 17348K [0x00000000eab00000, 0x00000000f3700000, 0x0000000100000000)
  eden space 66560K, 18% used [0x00000000eab00000,0x00000000eb6f33d8,0x00000000eec00000)
  from space 5120K, 99% used [0x00000000eec00000,0x00000000ef0fdd58,0x00000000ef100000)
  to   space 5120K, 0% used [0x00000000f3200000,0x00000000f3200000,0x00000000f3700000)
 ParOldGen       total 87552K, used 14796K [0x00000000c0000000, 0x00000000c5580000, 0x00000000eab00000)
  object space 87552K, 16% used [0x00000000c0000000,0x00000000c0e730c0,0x00000000c5580000)
 Metaspace       used 6279K, capacity 7192K, committed 7424K, reserved 1056768K
  class space    used 613K, capacity 656K, committed 768K, reserved 1048576K

Card table byte_map: [0x00000000129a0000,0x0000000012bb0000] byte_map_base: 0x00000000123a0000

Marking Bits: (ParMarkBitMap*) 0x00000000567b2f70
 Begin Bits: [0x0000000013110000, 0x0000000014110000)
 End Bits:   [0x0000000014110000, 0x0000000015110000)

Polling page: 0x0000000001860000

CodeCache: size=245760Kb used=9175Kb max_used=9175Kb free=236584Kb
 bounds [0x00000000035e0000, 0x0000000003ef0000, 0x00000000125e0000]
 total_blobs=2072 nmethods=1807 adapters=178
 compilation: enabled

Compilation events (10 events):
Event: 46.630 Thread 0x0000000017070800 1876       3       com.android.dx.cf.cst.ConstantPoolParser::parse (365 bytes)
Event: 46.642 Thread 0x0000000017070800 nmethod 1876 0x0000000003ec7810 code [0x0000000003ec7d80, 0x0000000003ecb288]
Event: 46.664 Thread 0x0000000017070800 1879       1       com.android.dx.cf.attrib.AttConstantValue::byteLength (3 bytes)
Event: 46.664 Thread 0x0000000017070800 nmethod 1879 0x0000000003e7e8d0 code [0x0000000003e7ea20, 0x0000000003e7eb30]
Event: 46.668 Thread 0x0000000017070800 1880   !   3       com.android.dx.cf.direct.MemberListParser::parse (641 bytes)
Event: 46.698 Thread 0x0000000017070800 nmethod 1880 0x0000000003ecd4d0 code [0x0000000003ece0a0, 0x0000000003ed6bb8]
Event: 46.699 Thread 0x0000000017070800 1881   !   3       com.android.dx.cf.cst.ConstantPoolParser::determineOffsets (285 bytes)
Event: 46.705 Thread 0x0000000017070800 nmethod 1881 0x0000000003edf6d0 code [0x0000000003edfa60, 0x0000000003ee1558]
Event: 46.705 Thread 0x0000000017070800 1882       3       com.android.dx.ssa.SsaBasicBlock::getLiveOutRegs (26 bytes)
Event: 46.707 Thread 0x0000000017070800 nmethod 1882 0x0000000003700150 code [0x00000000037002e0, 0x0000000003700868]

GC Heap History (6 events):
Event: 15.270 GC heap before
{Heap before GC invocations=1 (full 0):
 PSYoungGen      total 38400K, used 33280K [0x00000000eab00000, 0x00000000ed580000, 0x0000000100000000)
  eden space 33280K, 100% used [0x00000000eab00000,0x00000000ecb80000,0x00000000ecb80000)
  from space 5120K, 0% used [0x00000000ed080000,0x00000000ed080000,0x00000000ed580000)
  to   space 5120K, 0% used [0x00000000ecb80000,0x00000000ecb80000,0x00000000ed080000)
 ParOldGen       total 87552K, used 0K [0x00000000c0000000, 0x00000000c5580000, 0x00000000eab00000)
  object space 87552K, 0% used [0x00000000c0000000,0x00000000c0000000,0x00000000c5580000)
 Metaspace       used 5967K, capacity 6960K, committed 7040K, reserved 1056768K
  class space    used 587K, capacity 616K, committed 640K, reserved 1048576K
Event: 15.744 GC heap after
Heap after GC invocations=1 (full 0):
 PSYoungGen      total 38400K, used 5100K [0x00000000eab00000, 0x00000000ef600000, 0x0000000100000000)
  eden space 33280K, 0% used [0x00000000eab00000,0x00000000eab00000,0x00000000ecb80000)
  from space 5120K, 99% used [0x00000000ecb80000,0x00000000ed07b2a0,0x00000000ed080000)
  to   space 5120K, 0% used [0x00000000ef100000,0x00000000ef100000,0x00000000ef600000)
 ParOldGen       total 87552K, used 1208K [0x00000000c0000000, 0x00000000c5580000, 0x00000000eab00000)
  object space 87552K, 1% used [0x00000000c0000000,0x00000000c012e150,0x00000000c5580000)
 Metaspace       used 5967K, capacity 6960K, committed 7040K, reserved 1056768K
  class space    used 587K, capacity 616K, committed 640K, reserved 1048576K
}
Event: 26.376 GC heap before
{Heap before GC invocations=2 (full 0):
 PSYoungGen      total 38400K, used 38380K [0x00000000eab00000, 0x00000000ef600000, 0x0000000100000000)
  eden space 33280K, 100% used [0x00000000eab00000,0x00000000ecb80000,0x00000000ecb80000)
  from space 5120K, 99% used [0x00000000ecb80000,0x00000000ed07b2a0,0x00000000ed080000)
  to   space 5120K, 0% used [0x00000000ef100000,0x00000000ef100000,0x00000000ef600000)
 ParOldGen       total 87552K, used 1208K [0x00000000c0000000, 0x00000000c5580000, 0x00000000eab00000)
  object space 87552K, 1% used [0x00000000c0000000,0x00000000c012e150,0x00000000c5580000)
 Metaspace       used 6122K, capacity 7088K, committed 7296K, reserved 1056768K
  class space    used 592K, capacity 616K, committed 640K, reserved 1048576K
Event: 28.350 GC heap after
Heap after GC invocations=2 (full 0):
 PSYoungGen      total 71680K, used 5114K [0x00000000eab00000, 0x00000000ef600000, 0x0000000100000000)
  eden space 66560K, 0% used [0x00000000eab00000,0x00000000eab00000,0x00000000eec00000)
  from space 5120K, 99% used [0x00000000ef100000,0x00000000ef5fe830,0x00000000ef600000)
  to   space 5120K, 0% used [0x00000000eec00000,0x00000000eec00000,0x00000000ef100000)
 ParOldGen       total 87552K, used 6688K [0x00000000c0000000, 0x00000000c5580000, 0x00000000eab00000)
  object space 87552K, 7% used [0x00000000c0000000,0x00000000c0688290,0x00000000c5580000)
 Metaspace       used 6122K, capacity 7088K, committed 7296K, reserved 1056768K
  class space    used 592K, capacity 616K, committed 640K, reserved 1048576K
}
Event: 45.764 GC heap before
{Heap before GC invocations=3 (full 0):
 PSYoungGen      total 71680K, used 71674K [0x00000000eab00000, 0x00000000ef600000, 0x0000000100000000)
  eden space 66560K, 100% used [0x00000000eab00000,0x00000000eec00000,0x00000000eec00000)
  from space 5120K, 99% used [0x00000000ef100000,0x00000000ef5fe830,0x00000000ef600000)
  to   space 5120K, 0% used [0x00000000eec00000,0x00000000eec00000,0x00000000ef100000)
 ParOldGen       total 87552K, used 6688K [0x00000000c0000000, 0x00000000c5580000, 0x00000000eab00000)
  object space 87552K, 7% used [0x00000000c0000000,0x00000000c0688290,0x00000000c5580000)
 Metaspace       used 6261K, capacity 7128K, committed 7424K, reserved 1056768K
  class space    used 613K, capacity 656K, committed 768K, reserved 1048576K
Event: 46.382 GC heap after
Heap after GC invocations=3 (full 0):
 PSYoungGen      total 71680K, used 5111K [0x00000000eab00000, 0x00000000f3700000, 0x0000000100000000)
  eden space 66560K, 0% used [0x00000000eab00000,0x00000000eab00000,0x00000000eec00000)
  from space 5120K, 99% used [0x00000000eec00000,0x00000000ef0fdd58,0x00000000ef100000)
  to   space 5120K, 0% used [0x00000000f3200000,0x00000000f3200000,0x00000000f3700000)
 ParOldGen       total 87552K, used 14796K [0x00000000c0000000, 0x00000000c5580000, 0x00000000eab00000)
  object space 87552K, 16% used [0x00000000c0000000,0x00000000c0e730c0,0x00000000c5580000)
 Metaspace       used 6261K, capacity 7128K, committed 7424K, reserved 1056768K
  class space    used 613K, capacity 656K, committed 768K, reserved 1048576K
}

Deoptimization events (10 events):
Event: 37.137 Thread 0x00000000034e0800 Uncommon trap: reason=bimorphic action=maybe_recompile pc=0x0000000003c3e2a4 method=com.android.dx.cf.code.RopperMachine.run(Lcom/android/dx/cf/code/Frame;II)V @ 310
Event: 37.137 Thread 0x00000000034e0800 Uncommon trap: reason=bimorphic action=maybe_recompile pc=0x0000000003c3e2a4 method=com.android.dx.cf.code.RopperMachine.run(Lcom/android/dx/cf/code/Frame;II)V @ 310
Event: 37.973 Thread 0x00000000034e0800 Uncommon trap: reason=unstable_if action=reinterpret pc=0x0000000003dae328 method=java.util.HashMap.putVal(ILjava/lang/Object;Ljava/lang/Object;ZZ)Ljava/lang/Object; @ 109
Event: 39.888 Thread 0x00000000034e0800 Uncommon trap: reason=unstable_if action=reinterpret pc=0x0000000003dd41d8 method=java.util.HashMap.putVal(ILjava/lang/Object;Ljava/lang/Object;ZZ)Ljava/lang/Object; @ 109
Event: 40.605 Thread 0x00000000034e0800 Uncommon trap: reason=unstable_if action=reinterpret pc=0x0000000003c08828 method=java.util.HashMap.putVal(ILjava/lang/Object;Ljava/lang/Object;ZZ)Ljava/lang/Object; @ 109
Event: 41.126 Thread 0x00000000034e0800 Uncommon trap: reason=unstable_if action=reinterpret pc=0x0000000003c6f818 method=java.util.HashMap.resize()[Ljava/util/HashMap$Node; @ 206
Event: 45.235 Thread 0x00000000034e0800 Uncommon trap: reason=bimorphic action=maybe_recompile pc=0x0000000003db7fd0 method=com.android.dx.cf.code.BytecodeArray.parseInstruction(ILcom/android/dx/cf/code/BytecodeArray$Visitor;)I @ 923
Event: 45.235 Thread 0x00000000034e0800 Uncommon trap: reason=bimorphic action=maybe_recompile pc=0x0000000003db7fd0 method=com.android.dx.cf.code.BytecodeArray.parseInstruction(ILcom/android/dx/cf/code/BytecodeArray$Visitor;)I @ 923
Event: 45.239 Thread 0x00000000034e0800 Uncommon trap: reason=bimorphic action=maybe_recompile pc=0x0000000003b56ef8 method=com.android.dx.ssa.LiteralOpUpgrader.tryReplacingWithConstant(Lcom/android/dx/ssa/NormalSsaInsn;)Z @ 52
Event: 45.428 Thread 0x00000000034e0800 Uncommon trap: reason=unstable_if action=reinterpret pc=0x0000000003c29d98 method=com.android.dx.rop.code.LocalVariableInfo.mergeStarts(ILcom/android/dx/rop/code/RegisterSpecSet;)Z @ 31

Internal exceptions (7 events):
Event: 1.572 Thread 0x00000000034e0800 Exception <a 'java/lang/NoSuchMethodError': Method sun.misc.Unsafe.defineClass(Ljava/lang/String;[BII)Ljava/lang/Class; name or signature does not match> (0x00000000eab07cc0) thrown at [C:\re\workspace\8-2-build-windows-amd64-cygwin\jdk8u91\6644\hotspot\sräŸ¡W&˘?
Event: 1.572 Thread 0x00000000034e0800 Exception <a 'java/lang/NoSuchMethodError': Method sun.misc.Unsafe.prefetchRead(Ljava/lang/Object;J)V name or signature does not match> (0x00000000eab07fa8) thrown at [C:\re\workspace\8-2-build-windows-amd64-cygwin\jdk8u91\6644\hotspot\src\share\vm\prims\j·?ü≈ù)@
Event: 12.807 Thread 0x00000000172a6800 Implicit null exception at 0x00000000038f2397 to 0x00000000038f3c1d
Event: 12.808 Thread 0x00000000172a6800 Implicit null exception at 0x00000000038fc5c6 to 0x00000000038fe3f9
Event: 30.268 Thread 0x00000000172a8000 Exception <a 'java/lang/ArrayIndexOutOfBoundsException': 18> (0x00000000eb8416b8) thrown at [C:\re\workspace\8-2-build-windows-amd64-cygwin\jdk8u91\6644\hotspot\src\share\vm\interpreter\interpreterRuntime.cpp, line 366]
Event: 30.270 Thread 0x00000000172a8000 Exception <a 'java/lang/ArrayIndexOutOfBoundsException'> (0x00000000eb843238) thrown at [C:\re\workspace\8-2-build-windows-amd64-cygwin\jdk8u91\6644\hotspot\src\share\vm\runtime\sharedRuntime.cpp, line 605]
Event: 30.306 Thread 0x00000000172a8000 Exception <a 'java/lang/ArrayIndexOutOfBoundsException'> (0x00000000eb844520) thrown at [C:\re\workspace\8-2-build-windows-amd64-cygwin\jdk8u91\6644\hotspot\src\share\vm\runtime\sharedRuntime.cpp, line 605]

Events (10 events):
Event: 46.490 Thread 0x0000000017070800 flushing nmethod 0x00000000036f6b90
Event: 46.490 Thread 0x0000000017070800 flushing nmethod 0x00000000036f7750
Event: 46.490 Thread 0x0000000017070800 flushing nmethod 0x0000000003700050
Event: 46.490 Thread 0x0000000017070800 flushing nmethod 0x000000000371fd50
Event: 46.552 Thread 0x0000000015d09800 flushing nmethod 0x000000000373f850
Event: 46.552 Thread 0x0000000015d09800 flushing nmethod 0x0000000003745d50
Event: 46.588 Thread 0x0000000017070800 flushing nmethod 0x00000000037725d0
Event: 46.589 Thread 0x0000000017070800 flushing nmethod 0x000000000378fc90
Event: 46.609 Thread 0x00000000172ad800 DEOPT PACKING pc=0x0000000003ab43c6 sp=0x000000001800e8e0
Event: 46.610 Thread 0x00000000172ad800 DEOPT UNPACKING pc=0x000000000362787f sp=0x000000001800e6a0 mode 0


Dynamic libraries:
0x00007ff7dd620000 - 0x00007ff7dd657000 	D:\JAVA_enviroment\bin\java.exe
0x00007ffa2fc30000 - 0x00007ffa2fe01000 	C:\WINDOWS\SYSTEM32\ntdll.dll
0x00007ffa2f480000 - 0x00007ffa2f52b000 	C:\WINDOWS\System32\KERNEL32.DLL
0x00007ffa2cfa0000 - 0x00007ffa2d1bd000 	C:\WINDOWS\System32\KERNELBASE.dll
0x00007ffa2f8b0000 - 0x00007ffa2f952000 	C:\WINDOWS\System32\ADVAPI32.dll
0x00007ffa2f810000 - 0x00007ffa2f8ae000 	C:\WINDOWS\System32\msvcrt.dll
0x00007ffa2d430000 - 0x00007ffa2d489000 	C:\WINDOWS\System32\sechost.dll
0x00007ffa2f6a0000 - 0x00007ffa2f7c1000 	C:\WINDOWS\System32\RPCRT4.dll
0x00007ffa2d2c0000 - 0x00007ffa2d425000 	C:\WINDOWS\System32\USER32.dll
0x00007ffa2c8a0000 - 0x00007ffa2c8be000 	C:\WINDOWS\System32\win32u.dll
0x00007ffa2f7d0000 - 0x00007ffa2f804000 	C:\WINDOWS\System32\GDI32.dll
0x00007ffa2c710000 - 0x00007ffa2c892000 	C:\WINDOWS\System32\gdi32full.dll
0x00007ffa26040000 - 0x00007ffa262b9000 	C:\WINDOWS\WinSxS\amd64_microsoft.windows.common-controls_6595b64144ccf1df_6.0.14393.447_none_42191651c6827bb3\COMCTL32.dll
0x00007ffa2f960000 - 0x00007ffa2fc27000 	C:\WINDOWS\System32\combase.dll
0x00007ffa2c560000 - 0x00007ffa2c655000 	C:\WINDOWS\System32\ucrtbase.dll
0x00007ffa2c270000 - 0x00007ffa2c2da000 	C:\WINDOWS\System32\bcryptPrimitives.dll
0x00007ffa2d490000 - 0x00007ffa2d4be000 	C:\WINDOWS\System32\IMM32.DLL
0x0000000055b50000 - 0x0000000055c22000 	D:\JAVA_enviroment\jre\bin\msvcr100.dll
0x0000000055fa0000 - 0x0000000056833000 	D:\JAVA_enviroment\jre\bin\server\jvm.dll
0x00007ffa2d4d0000 - 0x00007ffa2d4d8000 	C:\WINDOWS\System32\PSAPI.DLL
0x00007ffa28f80000 - 0x00007ffa28f89000 	C:\WINDOWS\SYSTEM32\WSOCK32.dll
0x00007ffa2d4e0000 - 0x00007ffa2d54a000 	C:\WINDOWS\System32\WS2_32.dll
0x00007ffa29e70000 - 0x00007ffa29e93000 	C:\WINDOWS\SYSTEM32\WINMM.dll
0x00007ffa28250000 - 0x00007ffa2825a000 	C:\WINDOWS\SYSTEM32\VERSION.dll
0x00007ffa29ca0000 - 0x00007ffa29ccb000 	C:\WINDOWS\SYSTEM32\WINMMBASE.dll
0x00007ffa2c2e0000 - 0x00007ffa2c322000 	C:\WINDOWS\System32\cfgmgr32.dll
0x0000000056870000 - 0x000000005687f000 	D:\JAVA_enviroment\jre\bin\verify.dll
0x0000000055f70000 - 0x0000000055f99000 	D:\JAVA_enviroment\jre\bin\java.dll
0x0000000056850000 - 0x0000000056866000 	D:\JAVA_enviroment\jre\bin\zip.dll
0x00007ffa2db40000 - 0x00007ffa2f049000 	C:\WINDOWS\System32\SHELL32.dll
0x00007ffa2c8c0000 - 0x00007ffa2cf9a000 	C:\WINDOWS\System32\windows.storage.dll
0x00007ffa2c090000 - 0x00007ffa2c0dc000 	C:\WINDOWS\System32\powrprof.dll
0x00007ffa2f300000 - 0x00007ffa2f352000 	C:\WINDOWS\System32\shlwapi.dll
0x00007ffa2c110000 - 0x00007ffa2c11f000 	C:\WINDOWS\System32\kernel.appcore.dll
0x00007ffa2c120000 - 0x00007ffa2c1c9000 	C:\WINDOWS\System32\shcore.dll
0x00007ffa2c0e0000 - 0x00007ffa2c0f4000 	C:\WINDOWS\System32\profapi.dll

VM Arguments:
jvm_args: -Djava.awt.headless=true -Xmx1024M -Dfile.encoding=GBK -Duser.country=CN -Duser.language=zh -Duser.variant 
java_command: com.android.dx.command.Main --dex --num-threads=4 --output D:\workspace1\FastSport\app\build\intermediates\pre-dexed\debug\com.android.support-recyclerview-v7-24.2.1_07d92bde12960b45b294ee422a4bf39d50df1524.jar D:\workspace1\FastSport\app\build\intermediates\exploded-aar\com.android.support\recyclerview-v7\24.2.1\jars\classes.jar
java_class_path (initial): D:\AndroidStdio_sdk\sdk\build-tools\24.0.0\lib\dx.jar
Launcher Type: SUN_STANDARD

Environment Variables:
JAVA_HOME=D:\JAVA_enviroment
PATH=C:\ProgramData\Oracle\Java\javapath;C:\WINDOWS\system32;C:\WINDOWS;C:\WINDOWS\System32\Wbem;C:\WINDOWS\System32\WindowsPowerShell\v1.0\;D:\JAVA_enviroment\bin;D:\JAVA_enviroment\jre\bin;D:\android_sdk\sdk\tools;C:\Program Files (x86)\NVIDIA Corporation\PhysX\Common;D:\AndroidStdio_sdk\sdk\tools;C:\Program Files (x86)\Microsoft SQL Server\100\Tools\Binn\;C:\Program Files\Microsoft SQL Server\100\Tools\Binn\;C:\Program Files\Microsoft SQL Server\100\DTS\Binn\;C:\Program Files (x86)\Microsoft SQL Server\100\Tools\Binn\VSShell\Common7\IDE\;C:\Program Files (x86)\Microsoft Visual Studio 9.0\Common7\IDE\PrivateAssemblies\;C:\Program Files (x86)\Microsoft SQL Server\100\DTS\Binn\;D:\android_sdk\sdk\platform-tools;D:\android_sdk\sdk\tools;C:\WINDOWS\system32;C:\WINDOWS;C:\WINDOWS\System32\Wbem;C:\WINDOWS\System32\WindowsPowerShell\v1.0\;C:\Users\Administrator\AppData\Local\Microsoft\WindowsApps;
USERNAME=Administrator
OS=Windows_NT
PROCESSOR_IDENTIFIER=Intel64 Family 6 Model 58 Stepping 9, GenuineIntel



---------------  S Y S T E M  ---------------

OS: Windows 10.0 , 64 bit Build 14393 (10.0.14393.0)

CPU:total 4 (2 cores per cpu, 2 threads per core) family 6 model 58 stepping 9, cmov, cx8, fxsr, mmx, sse, sse2, sse3, ssse3, sse4.1, sse4.2, popcnt, avx, aes, clmul, erms, ht, tsc, tscinvbit, tscinv

Memory: 4k page, physical 8271404k(1316876k free), swap 8271404k(6136k free)

vm_info: Java HotSpot(TM) 64-Bit Server VM (25.91-b14) for windows-amd64 JRE (1.8.0_91-b14), built on Apr  1 2016 00:58:32 by "java_re" with MS VC++ 10.0 (VS2010)

time: Sat Nov 19 14:46:56 2016
elapsed time: 46 seconds (0d 0h 0m 46s)

