#
# There is insufficient memory for the Java Runtime Environment to continue.
# Native memory allocation (malloc) failed to allocate 188848 bytes for Chunk::new
# Possible reasons:
#   The system is out of physical RAM or swap space
#   In 32 bit mode, the process size limit was hit
# Possible solutions:
#   Reduce memory load on the system
#   Increase physical memory or swap space
#   Check if swap backing store is full
#   Use 64 bit Java on a 64 bit OS
#   Decrease Java heap size (-Xmx/-Xms)
#   Decrease number of Java threads
#   Decrease Java thread stack sizes (-Xss)
#   Set larger code cache with -XX:ReservedCodeCacheSize=
# This output file may be truncated or incomplete.
#
#  Out of Memory Error (allocation.cpp:390), pid=11644, tid=4276
#
# JRE version: Java(TM) SE Runtime Environment (8.0_91-b14) (build 1.8.0_91-b14)
# Java VM: Java HotSpot(TM) 64-Bit Server VM (25.91-b14 mixed mode windows-amd64 compressed oops)
# Failed to write core dump. Minidumps are not enabled by default on client versions of Windows
#

---------------  T H R E A D  ---------------

Current thread (0x0000000014d99800):  JavaThread "C2 CompilerThread0" daemon [_thread_in_native, id=4276, stack(0x0000000016710000,0x0000000016810000)]

Stack: [0x0000000016710000,0x0000000016810000]
[error occurred during error reporting (printing stack bounds), id 0xc0000005]

Native frames: (J=compiled Java code, j=interpreted, Vv=VM code, C=native code)


Current CompileTask:
C2:  14976 1798 %     4       com.android.dx.ssa.Dominators::run @ 89 (506 bytes)


---------------  P R O C E S S  ---------------

Java Threads: ( => current thread )
  0x00000000163c9000 JavaThread "pool-2-thread-4" [_thread_in_Java, id=3224, stack(0x0000000017010000,0x0000000017110000)]
  0x0000000016271000 JavaThread "pool-2-thread-3" [_thread_in_Java, id=12616, stack(0x0000000016f10000,0x0000000017010000)]
  0x0000000016272000 JavaThread "pool-2-thread-2" [_thread_in_Java, id=5236, stack(0x0000000016e10000,0x0000000016f10000)]
  0x000000001625a000 JavaThread "pool-3-thread-1" [_thread_blocked, id=6992, stack(0x0000000016d10000,0x0000000016e10000)]
  0x0000000016255000 JavaThread "pool-2-thread-1" [_thread_in_Java, id=11020, stack(0x0000000016c10000,0x0000000016d10000)]
  0x0000000016179800 JavaThread "Service Thread" daemon [_thread_blocked, id=12872, stack(0x0000000016a10000,0x0000000016b10000)]
  0x0000000016172800 JavaThread "C1 CompilerThread2" daemon [_thread_blocked, id=7820, stack(0x0000000016910000,0x0000000016a10000)]
  0x0000000014d9c000 JavaThread "C2 CompilerThread1" daemon [_thread_in_native, id=9092, stack(0x0000000016810000,0x0000000016910000)]
=>0x0000000014d99800 JavaThread "C2 CompilerThread0" daemon [_thread_in_native, id=4276, stack(0x0000000016710000,0x0000000016810000)]
  0x0000000014d4d000 JavaThread "Attach Listener" daemon [_thread_blocked, id=3268, stack(0x0000000016610000,0x0000000016710000)]
  0x0000000014d4c000 JavaThread "Signal Dispatcher" daemon [_thread_blocked, id=9256, stack(0x0000000016510000,0x0000000016610000)]
  0x0000000014d2a000 JavaThread "Finalizer" daemon [_thread_blocked, id=9860, stack(0x0000000015fa0000,0x00000000160a0000)]
  0x0000000014d09000 JavaThread "Reference Handler" daemon [_thread_blocked, id=12976, stack(0x0000000015ea0000,0x0000000015fa0000)]
  0x0000000002550800 JavaThread "main" [_thread_in_Java, id=4068, stack(0x00000000020d0000,0x00000000021d0000)]

Other Threads:
  0x0000000014d07000 VMThread [stack: 0x0000000015da0000,0x0000000015ea0000] [id=5632]
  0x00000000161cc800 WatcherThread [stack: 0x0000000016b10000,0x0000000016c10000] [id=11084]

VM state:not at safepoint (normal execution)

VM Mutex/Monitor currently owned by a thread: None

Heap:
 PSYoungGen      total 157696K, used 42527K [0x00000000eab00000, 0x00000000ff980000, 0x0000000100000000)
  eden space 110592K, 38% used [0x00000000eab00000,0x00000000ed487eb0,0x00000000f1700000)
  from space 47104K, 0% used [0x00000000f6000000,0x00000000f6000000,0x00000000f8e00000)
  to   space 74752K, 0% used [0x00000000f1700000,0x00000000f1700000,0x00000000f6000000)
 ParOldGen       total 144896K, used 88295K [0x00000000c0000000, 0x00000000c8d80000, 0x00000000eab00000)
  object space 144896K, 60% used [0x00000000c0000000,0x00000000c5639e98,0x00000000c8d80000)
 Metaspace       used 6113K, capacity 7032K, committed 7296K, reserved 1056768K
  class space    used 608K, capacity 624K, committed 640K, reserved 1048576K

Card table byte_map: [0x0000000011a10000,0x0000000011c20000] byte_map_base: 0x0000000011410000

Marking Bits: (ParMarkBitMap*) 0x00000000567b2f70
 Begin Bits: [0x0000000012180000, 0x0000000013180000)
 End Bits:   [0x0000000013180000, 0x0000000014180000)

Polling page: 0x00000000021d0000

CodeCache: size=245760Kb used=8627Kb max_used=8643Kb free=237132Kb
 bounds [0x0000000002650000, 0x0000000002ed0000, 0x0000000011650000]
 total_blobs=2016 nmethods=1752 adapters=177
 compilation: enabled

Compilation events (10 events):
Event: 13.469 Thread 0x0000000014d9c000 nmethod 1793 0x0000000002e8e850 code [0x0000000002e8ea20, 0x0000000002e8f748]
Event: 13.469 Thread 0x0000000014d9c000 1795 %     4       com.android.dx.ssa.SsaMethod::convertRopToSsaBlocks @ 27 (103 bytes)
Event: 14.913 Thread 0x0000000014d99800 nmethod 1794 0x0000000002ec2290 code [0x0000000002ec2500, 0x0000000002ec33a8]
Event: 14.913 Thread 0x0000000014d99800 1796       4       com.android.dx.ssa.SsaConverter::edgeSplitPredecessors (44 bytes)
Event: 14.920 Thread 0x0000000014d99800 nmethod 1796 0x0000000002eafb90 code [0x0000000002eafce0, 0x0000000002eb0008]
Event: 14.920 Thread 0x0000000014d99800 1798 %     4       com.android.dx.ssa.Dominators::run @ 89 (506 bytes)
Event: 14.926 Thread 0x0000000014d9c000 nmethod 1795% 0x0000000002ec6950 code [0x0000000002ec6b60, 0x0000000002ec7590]
Event: 14.926 Thread 0x0000000014d9c000 1799       4       com.android.dx.ssa.LocalVariableExtractor::doit (59 bytes)
Event: 14.933 Thread 0x0000000014d9c000 nmethod 1799 0x0000000002eabc10 code [0x0000000002eabd80, 0x0000000002eac0a8]
Event: 14.933 Thread 0x0000000014d9c000 1800 %     4       com.android.dx.ssa.SsaMethod::forEachBlockDepthFirstDom @ 32 (128 bytes)

GC Heap History (10 events):
Event: 8.079 GC heap before
{Heap before GC invocations=4 (full 1):
 PSYoungGen      total 71680K, used 5114K [0x00000000eab00000, 0x00000000f3700000, 0x0000000100000000)
  eden space 66560K, 0% used [0x00000000eab00000,0x00000000eab00000,0x00000000eec00000)
  from space 5120K, 99% used [0x00000000eec00000,0x00000000ef0fe840,0x00000000ef100000)
  to   space 5120K, 0% used [0x00000000f3200000,0x00000000f3200000,0x00000000f3700000)
 ParOldGen       total 87552K, used 51071K [0x00000000c0000000, 0x00000000c5580000, 0x00000000eab00000)
  object space 87552K, 58% used [0x00000000c0000000,0x00000000c31dfd28,0x00000000c5580000)
 Metaspace       used 5955K, capacity 7024K, committed 7296K, reserved 1056768K
  class space    used 587K, capacity 616K, committed 640K, reserved 1048576K
Event: 8.650 GC heap after
Heap after GC invocations=4 (full 1):
 PSYoungGen      total 71680K, used 0K [0x00000000eab00000, 0x00000000f3700000, 0x0000000100000000)
  eden space 66560K, 0% used [0x00000000eab00000,0x00000000eab00000,0x00000000eec00000)
  from space 5120K, 0% used [0x00000000eec00000,0x00000000eec00000,0x00000000ef100000)
  to   space 5120K, 0% used [0x00000000f3200000,0x00000000f3200000,0x00000000f3700000)
 ParOldGen       total 144896K, used 49852K [0x00000000c0000000, 0x00000000c8d80000, 0x00000000eab00000)
  object space 144896K, 34% used [0x00000000c0000000,0x00000000c30af078,0x00000000c8d80000)
 Metaspace       used 5955K, capacity 7024K, committed 7296K, reserved 1056768K
  class space    used 587K, capacity 616K, committed 640K, reserved 1048576K
}
Event: 8.813 GC heap before
{Heap before GC invocations=5 (full 1):
 PSYoungGen      total 71680K, used 66560K [0x00000000eab00000, 0x00000000f3700000, 0x0000000100000000)
  eden space 66560K, 100% used [0x00000000eab00000,0x00000000eec00000,0x00000000eec00000)
  from space 5120K, 0% used [0x00000000eec00000,0x00000000eec00000,0x00000000ef100000)
  to   space 5120K, 0% used [0x00000000f3200000,0x00000000f3200000,0x00000000f3700000)
 ParOldGen       total 144896K, used 49852K [0x00000000c0000000, 0x00000000c8d80000, 0x00000000eab00000)
  object space 144896K, 34% used [0x00000000c0000000,0x00000000c30af078,0x00000000c8d80000)
 Metaspace       used 5965K, capacity 7024K, committed 7296K, reserved 1056768K
  class space    used 588K, capacity 616K, committed 640K, reserved 1048576K
Event: 8.848 GC heap after
Heap after GC invocations=5 (full 1):
 PSYoungGen      total 102400K, used 5113K [0x00000000eab00000, 0x00000000f3700000, 0x0000000100000000)
  eden space 97280K, 0% used [0x00000000eab00000,0x00000000eab00000,0x00000000f0a00000)
  from space 5120K, 99% used [0x00000000f3200000,0x00000000f36fe728,0x00000000f3700000)
  to   space 5120K, 0% used [0x00000000f2d00000,0x00000000f2d00000,0x00000000f3200000)
 ParOldGen       total 144896K, used 79385K [0x00000000c0000000, 0x00000000c8d80000, 0x00000000eab00000)
  object space 144896K, 54% used [0x00000000c0000000,0x00000000c4d86518,0x00000000c8d80000)
 Metaspace       used 5965K, capacity 7024K, committed 7296K, reserved 1056768K
  class space    used 588K, capacity 616K, committed 640K, reserved 1048576K
}
Event: 11.267 GC heap before
{Heap before GC invocations=6 (full 1):
 PSYoungGen      total 102400K, used 102393K [0x00000000eab00000, 0x00000000f3700000, 0x0000000100000000)
  eden space 97280K, 100% used [0x00000000eab00000,0x00000000f0a00000,0x00000000f0a00000)
  from space 5120K, 99% used [0x00000000f3200000,0x00000000f36fe728,0x00000000f3700000)
  to   space 5120K, 0% used [0x00000000f2d00000,0x00000000f2d00000,0x00000000f3200000)
 ParOldGen       total 144896K, used 79385K [0x00000000c0000000, 0x00000000c8d80000, 0x00000000eab00000)
  object space 144896K, 54% used [0x00000000c0000000,0x00000000c4d86518,0x00000000c8d80000)
 Metaspace       used 6069K, capacity 7032K, committed 7296K, reserved 1056768K
  class space    used 608K, capacity 624K, committed 640K, reserved 1048576K
Event: 11.320 GC heap after
Heap after GC invocations=6 (full 1):
 PSYoungGen      total 138240K, used 5092K [0x00000000eab00000, 0x00000000f8e00000, 0x0000000100000000)
  eden space 133120K, 0% used [0x00000000eab00000,0x00000000eab00000,0x00000000f2d00000)
  from space 5120K, 99% used [0x00000000f2d00000,0x00000000f31f92e8,0x00000000f3200000)
  to   space 47104K, 0% used [0x00000000f6000000,0x00000000f6000000,0x00000000f8e00000)
 ParOldGen       total 144896K, used 98601K [0x00000000c0000000, 0x00000000c8d80000, 0x00000000eab00000)
  object space 144896K, 68% used [0x00000000c0000000,0x00000000c604a450,0x00000000c8d80000)
 Metaspace       used 6069K, capacity 7032K, committed 7296K, reserved 1056768K
  class space    used 608K, capacity 624K, committed 640K, reserved 1048576K
}
Event: 13.506 GC heap before
{Heap before GC invocations=7 (full 1):
 PSYoungGen      total 138240K, used 138212K [0x00000000eab00000, 0x00000000f8e00000, 0x0000000100000000)
  eden space 133120K, 100% used [0x00000000eab00000,0x00000000f2d00000,0x00000000f2d00000)
  from space 5120K, 99% used [0x00000000f2d00000,0x00000000f31f92e8,0x00000000f3200000)
  to   space 47104K, 0% used [0x00000000f6000000,0x00000000f6000000,0x00000000f8e00000)
 ParOldGen       total 144896K, used 98601K [0x00000000c0000000, 0x00000000c8d80000, 0x00000000eab00000)
  object space 144896K, 68% used [0x00000000c0000000,0x00000000c604a450,0x00000000c8d80000)
 Metaspace       used 6113K, capacity 7032K, committed 7296K, reserved 1056768K
  class space    used 608K, capacity 624K, committed 640K, reserved 1048576K
Event: 13.674 GC heap after
Heap after GC invocations=7 (full 1):
 PSYoungGen      total 157696K, used 47081K [0x00000000eab00000, 0x00000000ff980000, 0x0000000100000000)
  eden space 110592K, 0% used [0x00000000eab00000,0x00000000eab00000,0x00000000f1700000)
  from space 47104K, 99% used [0x00000000f6000000,0x00000000f8dfa518,0x00000000f8e00000)
  to   space 74752K, 0% used [0x00000000f1700000,0x00000000f1700000,0x00000000f6000000)
 ParOldGen       total 144896K, used 131135K [0x00000000c0000000, 0x00000000c8d80000, 0x00000000eab00000)
  object space 144896K, 90% used [0x00000000c0000000,0x00000000c800fdb8,0x00000000c8d80000)
 Metaspace       used 6113K, capacity 7032K, committed 7296K, reserved 1056768K
  class space    used 608K, capacity 624K, committed 640K, reserved 1048576K
}
Event: 13.674 GC heap before
{Heap before GC invocations=8 (full 2):
 PSYoungGen      total 157696K, used 47081K [0x00000000eab00000, 0x00000000ff980000, 0x0000000100000000)
  eden space 110592K, 0% used [0x00000000eab00000,0x00000000eab00000,0x00000000f1700000)
  from space 47104K, 99% used [0x00000000f6000000,0x00000000f8dfa518,0x00000000f8e00000)
  to   space 74752K, 0% used [0x00000000f1700000,0x00000000f1700000,0x00000000f6000000)
 ParOldGen       total 144896K, used 131135K [0x00000000c0000000, 0x00000000c8d80000, 0x00000000eab00000)
  object space 144896K, 90% used [0x00000000c0000000,0x00000000c800fdb8,0x00000000c8d80000)
 Metaspace       used 6113K, capacity 7032K, committed 7296K, reserved 1056768K
  class space    used 608K, capacity 624K, committed 640K, reserved 1048576K
Event: 14.905 GC heap after
Heap after GC invocations=8 (full 2):
 PSYoungGen      total 157696K, used 0K [0x00000000eab00000, 0x00000000ff980000, 0x0000000100000000)
  eden space 110592K, 0% used [0x00000000eab00000,0x00000000eab00000,0x00000000f1700000)
  from space 47104K, 0% used [0x00000000f6000000,0x00000000f6000000,0x00000000f8e00000)
  to   space 74752K, 0% used [0x00000000f1700000,0x00000000f1700000,0x00000000f6000000)
 ParOldGen       total 144896K, used 88295K [0x00000000c0000000, 0x00000000c8d80000, 0x00000000eab00000)
  object space 144896K, 60% used [0x00000000c0000000,0x00000000c5639e98,0x00000000c8d80000)
 Metaspace       used 6113K, capacity 7032K, committed 7296K, reserved 1056768K
  class space    used 608K, capacity 624K, committed 640K, reserved 1048576K
}

Deoptimization events (10 events):
Event: 9.231 Thread 0x00000000163c9000 Uncommon trap: reason=unstable_if action=reinterpret pc=0x0000000002a72640 method=java.util.HashMap.getNode(ILjava/lang/Object;)Ljava/util/HashMap$Node; @ 84
Event: 9.232 Thread 0x00000000163c9000 Uncommon trap: reason=unstable_if action=reinterpret pc=0x0000000002a3eb74 method=java.util.HashMap.getNode(ILjava/lang/Object;)Ljava/util/HashMap$Node; @ 84
Event: 9.232 Thread 0x00000000163c9000 Uncommon trap: reason=unstable_if action=reinterpret pc=0x0000000002a25240 method=java.util.HashMap.getNode(ILjava/lang/Object;)Ljava/util/HashMap$Node; @ 84
Event: 9.315 Thread 0x0000000002550800 Uncommon trap: reason=unstable_if action=reinterpret pc=0x0000000002cae1d8 method=java.util.HashMap.resize()[Ljava/util/HashMap$Node; @ 206
Event: 9.979 Thread 0x0000000016271000 Uncommon trap: reason=unstable_if action=reinterpret pc=0x00000000029a9c98 method=com.android.dx.ssa.SetFactory.makeLivenessSet(I)Lcom/android/dx/util/IntSet; @ 4
Event: 9.981 Thread 0x0000000016271000 Uncommon trap: reason=unstable_if action=reinterpret pc=0x0000000002a9ec3c method=com.android.dx.util.IntList.binarysearch(I)I @ 105
Event: 10.437 Thread 0x0000000016272000 Uncommon trap: reason=unstable_if action=reinterpret pc=0x0000000002d8dd78 method=com.android.dx.util.ListIntSet.add(I)V @ 10
Event: 10.437 Thread 0x0000000016272000 Uncommon trap: reason=unstable_if action=reinterpret pc=0x0000000002d83fd8 method=com.android.dx.util.ListIntSet.add(I)V @ 10
Event: 10.439 Thread 0x0000000016272000 Uncommon trap: reason=unstable_if action=reinterpret pc=0x0000000002d65b0c method=com.android.dx.util.ListIntSet.add(I)V @ 10
Event: 10.495 Thread 0x0000000016271000 Uncommon trap: reason=unstable_if action=reinterpret pc=0x0000000002d95170 method=com.android.dx.util.ListIntSet.add(I)V @ 10

Internal exceptions (6 events):
Event: 0.047 Thread 0x0000000002550800 Exception <a 'java/lang/NoSuchMethodError': Method sun.misc.Unsafe.defineClass(Ljava/lang/String;[BII)Ljava/lang/Class; name or signature does not match> (0x00000000eab07cc0) thrown at [C:\re\workspace\8-2-build-windows-amd64-cygwin\jdk8u91\6644\hotspot\sr®wk&®?
Event: 0.047 Thread 0x0000000002550800 Exception <a 'java/lang/NoSuchMethodError': Method sun.misc.Unsafe.prefetchRead(Ljava/lang/Object;J)V name or signature does not match> (0x00000000eab07fa8) thrown at [C:\re\workspace\8-2-build-windows-amd64-cygwin\jdk8u91\6644\hotspot\src\share\vm\prims\j ﬁ€”¬è@
Event: 2.320 Thread 0x0000000016255000 Implicit null exception at 0x0000000002a6574d to 0x0000000002a67631
Event: 9.219 Thread 0x00000000163c9000 Exception <a 'java/lang/ArrayIndexOutOfBoundsException': 18> (0x00000000ec1d14e8) thrown at [C:\re\workspace\8-2-build-windows-amd64-cygwin\jdk8u91\6644\hotspot\src\share\vm\interpreter\interpreterRuntime.cpp, line 366]
Event: 9.220 Thread 0x00000000163c9000 Exception <a 'java/lang/ArrayIndexOutOfBoundsException': 145> (0x00000000ec1d3068) thrown at [C:\re\workspace\8-2-build-windows-amd64-cygwin\jdk8u91\6644\hotspot\src\share\vm\interpreter\interpreterRuntime.cpp, line 366]
Event: 9.230 Thread 0x00000000163c9000 Exception <a 'java/lang/ArrayIndexOutOfBoundsException'> (0x00000000ec1d4350) thrown at [C:\re\workspace\8-2-build-windows-amd64-cygwin\jdk8u91\6644\hotspot\src\share\vm\runtime\sharedRuntime.cpp, line 605]

Events (10 events):
Event: 14.911 Executing VM operation: RevokeBias done
Event: 14.911 Executing VM operation: RevokeBias
Event: 14.912 Executing VM operation: RevokeBias done
Event: 14.922 Thread 0x0000000002550800 DEOPT PACKING pc=0x0000000002b276ad sp=0x00000000021cdf10
Event: 14.923 Thread 0x0000000002550800 DEOPT UNPACKING pc=0x000000000269787f sp=0x00000000021cdc78 mode 0
Event: 14.926 Thread 0x0000000002550800 DEOPT PACKING pc=0x0000000002b75e1e sp=0x00000000021cdf60
Event: 14.926 Thread 0x0000000002550800 DEOPT UNPACKING pc=0x000000000269787f sp=0x00000000021cdca0 mode 0
Event: 14.932 Thread 0x0000000002550800 DEOPT PACKING pc=0x0000000002b2e812 sp=0x00000000021cdd00
Event: 14.933 Thread 0x0000000002550800 DEOPT UNPACKING pc=0x000000000269787f sp=0x00000000021cdb40 mode 0
Event: 14.952 Thread 0x0000000002550800 DEOPT PACKING pc=0x0000000002b79ea5 sp=0x00000000021cde90


Dynamic libraries:
0x00007ff7dd620000 - 0x00007ff7dd657000 	D:\JAVA_enviroment\bin\java.exe
0x00007ffa2fc30000 - 0x00007ffa2fe01000 	C:\WINDOWS\SYSTEM32\ntdll.dll
0x00007ffa2f480000 - 0x00007ffa2f52b000 	C:\WINDOWS\System32\KERNEL32.DLL
0x00007ffa2cfa0000 - 0x00007ffa2d1bd000 	C:\WINDOWS\System32\KERNELBASE.dll
0x00007ffa2f8b0000 - 0x00007ffa2f952000 	C:\WINDOWS\System32\ADVAPI32.dll
0x00007ffa2f810000 - 0x00007ffa2f8ae000 	C:\WINDOWS\System32\msvcrt.dll
0x00007ffa2d430000 - 0x00007ffa2d489000 	C:\WINDOWS\System32\sechost.dll
0x00007ffa2f6a0000 - 0x00007ffa2f7c1000 	C:\WINDOWS\System32\RPCRT4.dll
0x00007ffa2d2c0000 - 0x00007ffa2d425000 	C:\WINDOWS\System32\USER32.dll
0x00007ffa2c8a0000 - 0x00007ffa2c8be000 	C:\WINDOWS\System32\win32u.dll
0x00007ffa2f7d0000 - 0x00007ffa2f804000 	C:\WINDOWS\System32\GDI32.dll
0x00007ffa2c710000 - 0x00007ffa2c892000 	C:\WINDOWS\System32\gdi32full.dll
0x00007ffa26040000 - 0x00007ffa262b9000 	C:\WINDOWS\WinSxS\amd64_microsoft.windows.common-controls_6595b64144ccf1df_6.0.14393.447_none_42191651c6827bb3\COMCTL32.dll
0x00007ffa2f960000 - 0x00007ffa2fc27000 	C:\WINDOWS\System32\combase.dll
0x00007ffa2c560000 - 0x00007ffa2c655000 	C:\WINDOWS\System32\ucrtbase.dll
0x00007ffa2c270000 - 0x00007ffa2c2da000 	C:\WINDOWS\System32\bcryptPrimitives.dll
0x00007ffa2d490000 - 0x00007ffa2d4be000 	C:\WINDOWS\System32\IMM32.DLL
0x0000000055b50000 - 0x0000000055c22000 	D:\JAVA_enviroment\jre\bin\msvcr100.dll
0x0000000055fa0000 - 0x0000000056833000 	D:\JAVA_enviroment\jre\bin\server\jvm.dll
0x00007ffa2d4d0000 - 0x00007ffa2d4d8000 	C:\WINDOWS\System32\PSAPI.DLL
0x00007ffa28f80000 - 0x00007ffa28f89000 	C:\WINDOWS\SYSTEM32\WSOCK32.dll
0x00007ffa2d4e0000 - 0x00007ffa2d54a000 	C:\WINDOWS\System32\WS2_32.dll
0x00007ffa29e70000 - 0x00007ffa29e93000 	C:\WINDOWS\SYSTEM32\WINMM.dll
0x00007ffa28250000 - 0x00007ffa2825a000 	C:\WINDOWS\SYSTEM32\VERSION.dll
0x00007ffa29ca0000 - 0x00007ffa29ccb000 	C:\WINDOWS\SYSTEM32\WINMMBASE.dll
0x00007ffa2c2e0000 - 0x00007ffa2c322000 	C:\WINDOWS\System32\cfgmgr32.dll
0x0000000056870000 - 0x000000005687f000 	D:\JAVA_enviroment\jre\bin\verify.dll
0x0000000055f70000 - 0x0000000055f99000 	D:\JAVA_enviroment\jre\bin\java.dll
0x0000000056850000 - 0x0000000056866000 	D:\JAVA_enviroment\jre\bin\zip.dll
0x00007ffa2db40000 - 0x00007ffa2f049000 	C:\WINDOWS\System32\SHELL32.dll
0x00007ffa2c8c0000 - 0x00007ffa2cf9a000 	C:\WINDOWS\System32\windows.storage.dll
0x00007ffa2c090000 - 0x00007ffa2c0dc000 	C:\WINDOWS\System32\powrprof.dll
0x00007ffa2f300000 - 0x00007ffa2f352000 	C:\WINDOWS\System32\shlwapi.dll
0x00007ffa2c110000 - 0x00007ffa2c11f000 	C:\WINDOWS\System32\kernel.appcore.dll
0x00007ffa2c120000 - 0x00007ffa2c1c9000 	C:\WINDOWS\System32\shcore.dll
0x00007ffa2c0e0000 - 0x00007ffa2c0f4000 	C:\WINDOWS\System32\profapi.dll

VM Arguments:
jvm_args: -Djava.awt.headless=true -Xmx1024M -Dfile.encoding=GBK -Duser.country=CN -Duser.language=zh -Duser.variant 
java_command: com.android.dx.command.Main --dex --force-jumbo --num-threads=4 --multi-dex --output D:\workspace1\FastSport\app\build\intermediates\transforms\dex\debug\folders\1000\5\slice_9 D:\workspace1\FastSport\app\build\intermediates\transforms\instantRunSlicer\debug\folders\1\5\slice_9
java_class_path (initial): D:\AndroidStdio_sdk\sdk\build-tools\24.0.0\lib\dx.jar
Launcher Type: SUN_STANDARD

Environment Variables:
JAVA_HOME=D:\JAVA_enviroment
PATH=C:\ProgramData\Oracle\Java\javapath;C:\WINDOWS\system32;C:\WINDOWS;C:\WINDOWS\System32\Wbem;C:\WINDOWS\System32\WindowsPowerShell\v1.0\;D:\JAVA_enviroment\bin;D:\JAVA_enviroment\jre\bin;D:\android_sdk\sdk\tools;C:\Program Files (x86)\NVIDIA Corporation\PhysX\Common;D:\AndroidStdio_sdk\sdk\tools;C:\Program Files (x86)\Microsoft SQL Server\100\Tools\Binn\;C:\Program Files\Microsoft SQL Server\100\Tools\Binn\;C:\Program Files\Microsoft SQL Server\100\DTS\Binn\;C:\Program Files (x86)\Microsoft SQL Server\100\Tools\Binn\VSShell\Common7\IDE\;C:\Program Files (x86)\Microsoft Visual Studio 9.0\Common7\IDE\PrivateAssemblies\;C:\Program Files (x86)\Microsoft SQL Server\100\DTS\Binn\;D:\android_sdk\sdk\platform-tools;D:\android_sdk\sdk\tools;C:\WINDOWS\system32;C:\WINDOWS;C:\WINDOWS\System32\Wbem;C:\WINDOWS\System32\WindowsPowerShell\v1.0\;C:\Users\Administrator\AppData\Local\Microsoft\WindowsApps;
USERNAME=Administrator
OS=Windows_NT
PROCESSOR_IDENTIFIER=Intel64 Family 6 Model 58 Stepping 9, GenuineIntel



---------------  S Y S T E M  ---------------

OS: Windows 10.0 , 64 bit Build 14393 (10.0.14393.0)

CPU:total 4 (2 cores per cpu, 2 threads per core) family 6 model 58 stepping 9, cmov, cx8, fxsr, mmx, sse, sse2, sse3, ssse3, sse4.1, sse4.2, popcnt, avx, aes, clmul, erms, ht, tsc, tscinvbit, tscinv

Memory: 4k page, physical 8271404k(1156556k free), swap 8271404k(5168k free)

vm_info: Java HotSpot(TM) 64-Bit Server VM (25.91-b14) for windows-amd64 JRE (1.8.0_91-b14), built on Apr  1 2016 00:58:32 by "java_re" with MS VC++ 10.0 (VS2010)

time: Sat Nov 19 14:04:58 2016
elapsed time: 15 seconds (0d 0h 0m 15s)

