#
# There is insufficient memory for the Java Runtime Environment to continue.
# Native memory allocation (malloc) failed to allocate 1142816 bytes for Chunk::new
# Possible reasons:
#   The system is out of physical RAM or swap space
#   In 32 bit mode, the process size limit was hit
# Possible solutions:
#   Reduce memory load on the system
#   Increase physical memory or swap space
#   Check if swap backing store is full
#   Use 64 bit Java on a 64 bit OS
#   Decrease Java heap size (-Xmx/-Xms)
#   Decrease number of Java threads
#   Decrease Java thread stack sizes (-Xss)
#   Set larger code cache with -XX:ReservedCodeCacheSize=
# This output file may be truncated or incomplete.
#
#  Out of Memory Error (allocation.cpp:390), pid=1676, tid=9324
#
# JRE version: Java(TM) SE Runtime Environment (8.0_91-b14) (build 1.8.0_91-b14)
# Java VM: Java HotSpot(TM) 64-Bit Server VM (25.91-b14 mixed mode windows-amd64 compressed oops)
# Failed to write core dump. Minidumps are not enabled by default on client versions of Windows
#

---------------  T H R E A D  ---------------

Current thread (0x000000001518d800):  JavaThread "C2 CompilerThread0" daemon [_thread_in_native, id=9324, stack(0x0000000016b40000,0x0000000016c40000)]

Stack: [0x0000000016b40000,0x0000000016c40000]
[error occurred during error reporting (printing stack bounds), id 0xc0000005]

Native frames: (J=compiled Java code, j=interpreted, Vv=VM code, C=native code)


Current CompileTask:
C2:  10180 1664       4       com.android.dx.ssa.SCCP::simulateBlock (54 bytes)


---------------  P R O C E S S  ---------------

Java Threads: ( => current thread )
  0x00000000167cf800 JavaThread "pool-1-thread-4" [_thread_in_vm, id=8524, stack(0x0000000017440000,0x0000000017540000)]
  0x00000000167ce000 JavaThread "pool-1-thread-3" [_thread_blocked, id=8304, stack(0x0000000017340000,0x0000000017440000)]
  0x00000000167c9800 JavaThread "pool-1-thread-2" [_thread_blocked, id=1864, stack(0x0000000017240000,0x0000000017340000)]
  0x00000000167c7000 JavaThread "pool-2-thread-1" [_thread_blocked, id=10372, stack(0x0000000017140000,0x0000000017240000)]
  0x00000000167c4000 JavaThread "pool-1-thread-1" [_thread_blocked, id=9916, stack(0x0000000017040000,0x0000000017140000)]
  0x000000001659a000 JavaThread "Service Thread" daemon [_thread_blocked, id=5860, stack(0x0000000016e40000,0x0000000016f40000)]
  0x00000000151de000 JavaThread "C1 CompilerThread2" daemon [_thread_blocked, id=8420, stack(0x0000000016d40000,0x0000000016e40000)]
  0x00000000151dd800 JavaThread "C2 CompilerThread1" daemon [_thread_in_native, id=9788, stack(0x0000000016c40000,0x0000000016d40000)]
=>0x000000001518d800 JavaThread "C2 CompilerThread0" daemon [_thread_in_native, id=9324, stack(0x0000000016b40000,0x0000000016c40000)]
  0x000000001518b000 JavaThread "Attach Listener" daemon [_thread_blocked, id=10496, stack(0x0000000016a40000,0x0000000016b40000)]
  0x00000000151d9800 JavaThread "Signal Dispatcher" daemon [_thread_blocked, id=8336, stack(0x0000000016940000,0x0000000016a40000)]
  0x000000001516a000 JavaThread "Finalizer" daemon [_thread_blocked, id=2560, stack(0x00000000163e0000,0x00000000164e0000)]
  0x0000000015149000 JavaThread "Reference Handler" daemon [_thread_blocked, id=2000, stack(0x00000000162e0000,0x00000000163e0000)]
  0x00000000029b0800 JavaThread "main" [_thread_blocked, id=10444, stack(0x00000000027b0000,0x00000000028b0000)]

Other Threads:
  0x0000000015147000 VMThread [stack: 0x00000000161e0000,0x00000000162e0000] [id=10156]
  0x00000000165b1800 WatcherThread [stack: 0x0000000016f40000,0x0000000017040000] [id=3924]

VM state:not at safepoint (normal execution)

VM Mutex/Monitor currently owned by a thread:  ([mutex/lock_event])
[0x000000000241d740] MethodCompileQueue_lock - owner thread: 0x00000000167cf800

Heap:
 PSYoungGen      total 38400K, used 26755K [0x00000000eab00000, 0x00000000ed580000, 0x0000000100000000)
  eden space 33280K, 65% used [0x00000000eab00000,0x00000000ec0232f0,0x00000000ecb80000)
  from space 5120K, 99% used [0x00000000ed080000,0x00000000ed57db58,0x00000000ed580000)
  to   space 5120K, 0% used [0x00000000ecb80000,0x00000000ecb80000,0x00000000ed080000)
 ParOldGen       total 87552K, used 6852K [0x00000000c0000000, 0x00000000c5580000, 0x00000000eab00000)
  object space 87552K, 7% used [0x00000000c0000000,0x00000000c06b1230,0x00000000c5580000)
 Metaspace       used 6304K, capacity 7092K, committed 7296K, reserved 1056768K
  class space    used 603K, capacity 620K, committed 640K, reserved 1048576K

Card table byte_map: [0x0000000011e70000,0x0000000012080000] byte_map_base: 0x0000000011870000

Marking Bits: (ParMarkBitMap*) 0x0000000076892f70
 Begin Bits: [0x00000000125e0000, 0x00000000135e0000)
 End Bits:   [0x00000000135e0000, 0x00000000145e0000)

Polling page: 0x0000000002370000

CodeCache: size=245760Kb used=6982Kb max_used=6998Kb free=238777Kb
 bounds [0x0000000002ab0000, 0x0000000003190000, 0x0000000011ab0000]
 total_blobs=1938 nmethods=1666 adapters=184
 compilation: enabled

Compilation events (10 events):
Event: 10.055 Thread 0x00000000151de000 1678       2       java.util.ArrayList::sort (48 bytes)
Event: 10.055 Thread 0x00000000151de000 nmethod 1678 0x00000000031809d0 code [0x0000000003180b40, 0x0000000003180d38]
Event: 10.055 Thread 0x00000000151de000 1679       2       java.util.TimSort::sort (229 bytes)
Event: 10.056 Thread 0x00000000151de000 nmethod 1679 0x000000000317fe10 code [0x000000000317ffe0, 0x0000000003180498]
Event: 10.056 Thread 0x00000000151de000 1680       2       com.android.dx.dex.code.RopTranslator::<init> (190 bytes)
Event: 10.057 Thread 0x00000000151de000 nmethod 1680 0x0000000003181a50 code [0x0000000003181c20, 0x00000000031823b8]
Event: 10.058 Thread 0x00000000151de000 1681       2       java.util.concurrent.locks.AbstractQueuedSynchronizer::shouldParkAfterFailedAcquire (50 bytes)
Event: 10.059 Thread 0x00000000151de000 nmethod 1681 0x00000000031828d0 code [0x0000000003182a40, 0x0000000003182c70]
Event: 10.064 Thread 0x00000000151dd800 nmethod 1650 0x0000000003186d90 code [0x0000000003187020, 0x0000000003188320]
Event: 10.064 Thread 0x00000000151dd800 1671       4       com.android.dx.ssa.SCCP::simulateStmt (481 bytes)

GC Heap History (4 events):
Event: 8.630 GC heap before
{Heap before GC invocations=1 (full 0):
 PSYoungGen      total 38400K, used 33280K [0x00000000eab00000, 0x00000000ed580000, 0x0000000100000000)
  eden space 33280K, 100% used [0x00000000eab00000,0x00000000ecb80000,0x00000000ecb80000)
  from space 5120K, 0% used [0x00000000ed080000,0x00000000ed080000,0x00000000ed580000)
  to   space 5120K, 0% used [0x00000000ecb80000,0x00000000ecb80000,0x00000000ed080000)
 ParOldGen       total 87552K, used 0K [0x00000000c0000000, 0x00000000c5580000, 0x00000000eab00000)
  object space 87552K, 0% used [0x00000000c0000000,0x00000000c0000000,0x00000000c5580000)
 Metaspace       used 6124K, capacity 6964K, committed 7040K, reserved 1056768K
  class space    used 602K, capacity 620K, committed 640K, reserved 1048576K
Event: 8.645 GC heap after
Heap after GC invocations=1 (full 0):
 PSYoungGen      total 38400K, used 5090K [0x00000000eab00000, 0x00000000ed580000, 0x0000000100000000)
  eden space 33280K, 0% used [0x00000000eab00000,0x00000000eab00000,0x00000000ecb80000)
  from space 5120K, 99% used [0x00000000ecb80000,0x00000000ed078ac8,0x00000000ed080000)
  to   space 5120K, 0% used [0x00000000ed080000,0x00000000ed080000,0x00000000ed580000)
 ParOldGen       total 87552K, used 1687K [0x00000000c0000000, 0x00000000c5580000, 0x00000000eab00000)
  object space 87552K, 1% used [0x00000000c0000000,0x00000000c01a5df0,0x00000000c5580000)
 Metaspace       used 6124K, capacity 6964K, committed 7040K, reserved 1056768K
  class space    used 602K, capacity 620K, committed 640K, reserved 1048576K
}
Event: 9.732 GC heap before
{Heap before GC invocations=2 (full 0):
 PSYoungGen      total 38400K, used 38370K [0x00000000eab00000, 0x00000000ed580000, 0x0000000100000000)
  eden space 33280K, 100% used [0x00000000eab00000,0x00000000ecb80000,0x00000000ecb80000)
  from space 5120K, 99% used [0x00000000ecb80000,0x00000000ed078ac8,0x00000000ed080000)
  to   space 5120K, 0% used [0x00000000ed080000,0x00000000ed080000,0x00000000ed580000)
 ParOldGen       total 87552K, used 1687K [0x00000000c0000000, 0x00000000c5580000, 0x00000000eab00000)
  object space 87552K, 1% used [0x00000000c0000000,0x00000000c01a5df0,0x00000000c5580000)
 Metaspace       used 6242K, capacity 7092K, committed 7296K, reserved 1056768K
  class space    used 602K, capacity 620K, committed 640K, reserved 1048576K
Event: 9.746 GC heap after
Heap after GC invocations=2 (full 0):
 PSYoungGen      total 38400K, used 5110K [0x00000000eab00000, 0x00000000ed580000, 0x0000000100000000)
  eden space 33280K, 0% used [0x00000000eab00000,0x00000000eab00000,0x00000000ecb80000)
  from space 5120K, 99% used [0x00000000ed080000,0x00000000ed57db58,0x00000000ed580000)
  to   space 5120K, 0% used [0x00000000ecb80000,0x00000000ecb80000,0x00000000ed080000)
 ParOldGen       total 87552K, used 6852K [0x00000000c0000000, 0x00000000c5580000, 0x00000000eab00000)
  object space 87552K, 7% used [0x00000000c0000000,0x00000000c06b1230,0x00000000c5580000)
 Metaspace       used 6242K, capacity 7092K, committed 7296K, reserved 1056768K
  class space    used 602K, capacity 620K, committed 640K, reserved 1048576K
}

Deoptimization events (10 events):
Event: 8.261 Thread 0x00000000167c9800 Uncommon trap: reason=null_check action=make_not_entrant pc=0x0000000002db1f88 method=com.android.dx.ssa.SsaRenamer.getLocalForNewReg(I)Lcom/android/dx/rop/code/LocalItem; @ 19
Event: 8.261 Thread 0x00000000167c9800 Uncommon trap: reason=null_check action=make_not_entrant pc=0x0000000002dba244 method=com.android.dx.ssa.SsaRenamer.getLocalForNewReg(I)Lcom/android/dx/rop/code/LocalItem; @ 19
Event: 8.347 Thread 0x00000000167cf800 Uncommon trap: reason=null_check action=make_not_entrant pc=0x0000000002fb0220 method=com.android.dx.rop.type.Type.equals(Ljava/lang/Object;)Z @ 8
Event: 9.146 Thread 0x00000000167c4000 Uncommon trap: reason=unstable_if action=reinterpret pc=0x0000000002fdc130 method=com.android.dx.ssa.SCCP.simulateStmt(Lcom/android/dx/ssa/SsaInsn;)V @ 53
Event: 9.163 Thread 0x00000000167c4000 Uncommon trap: reason=unstable_if action=reinterpret pc=0x0000000002dfc858 method=com.android.dx.rop.code.RegisterSpec.equals(ILcom/android/dx/rop/type/TypeBearer;Lcom/android/dx/rop/code/LocalItem;)Z @ 42
Event: 9.581 Thread 0x00000000029b0800 Uncommon trap: reason=unstable_if action=reinterpret pc=0x0000000002ec129c method=com.android.dx.rop.cst.Constant.compareTo(Lcom/android/dx/rop/cst/Constant;)I @ 12
Event: 9.599 Thread 0x00000000167c4000 Uncommon trap: reason=unstable_if action=reinterpret pc=0x00000000030f0b0c method=com.android.dx.ssa.MoveParamCombiner$1.visitNonMoveInsn(Lcom/android/dx/ssa/NormalSsaInsn;)V @ 27
Event: 9.780 Thread 0x00000000167cf800 Uncommon trap: reason=bimorphic action=maybe_recompile pc=0x00000000030aa490 method=com.android.dx.cf.code.BytecodeArray.parseInstruction(ILcom/android/dx/cf/code/BytecodeArray$Visitor;)I @ 2281
Event: 9.780 Thread 0x00000000167cf800 Uncommon trap: reason=bimorphic action=maybe_recompile pc=0x00000000030aa490 method=com.android.dx.cf.code.BytecodeArray.parseInstruction(ILcom/android/dx/cf/code/BytecodeArray$Visitor;)I @ 2281
Event: 10.081 Thread 0x00000000167ce000 Uncommon trap: reason=unstable_if action=reinterpret pc=0x00000000030f62f8 method=com.android.dx.rop.code.LocalItem.compareHandlesNulls(Lcom/android/dx/rop/cst/CstString;Lcom/android/dx/rop/cst/CstString;)I @ 14

Internal exceptions (6 events):
Event: 1.487 Thread 0x00000000029b0800 Exception <a 'java/lang/NoSuchMethodError': Method sun.misc.Unsafe.defineClass(Ljava/lang/String;[BII)Ljava/lang/Class; name or signature does not match> (0x00000000eab07cc0) thrown at [C:\re\workspace\8-2-build-windows-amd64-cygwin\jdk8u91\6644\hotspot\sr«¦(‡É÷?
Event: 1.487 Thread 0x00000000029b0800 Exception <a 'java/lang/NoSuchMethodError': Method sun.misc.Unsafe.prefetchRead(Ljava/lang/Object;J)V name or signature does not match> (0x00000000eab07fa8) thrown at [C:\re\workspace\8-2-build-windows-amd64-cygwin\jdk8u91\6644\hotspot\src\share\vm\prims\j•‰†Ä… @
Event: 8.261 Thread 0x00000000167c9800 Implicit null exception at 0x0000000002db08f2 to 0x0000000002db1f3d
Event: 8.261 Thread 0x00000000167c9800 Implicit null exception at 0x0000000002db8c6c to 0x0000000002dba21d
Event: 8.347 Thread 0x00000000167cf800 Implicit null exception at 0x0000000002fb0122 to 0x0000000002fb0212
Event: 10.081 Thread 0x00000000167ce000 Implicit null exception at 0x00000000030f45a8 to 0x00000000030f62d1

Events (10 events):
Event: 9.780 Thread 0x00000000167cf800 DEOPT PACKING pc=0x00000000030aa490 sp=0x000000001753e5e0
Event: 9.780 Thread 0x00000000167cf800 DEOPT UNPACKING pc=0x0000000002af582a sp=0x000000001753e590 mode 2
Event: 9.780 Thread 0x00000000167cf800 Uncommon trap: trap_request=0xffffffc6 fr.pc=0x00000000030aa490
Event: 9.780 Thread 0x00000000167cf800 DEOPT PACKING pc=0x00000000030aa490 sp=0x000000001753e440
Event: 9.780 Thread 0x00000000167cf800 DEOPT UNPACKING pc=0x0000000002af582a sp=0x000000001753e3f0 mode 2
Event: 9.998 loading class com/android/dx/rop/code/RegisterSpec$1
Event: 9.998 loading class com/android/dx/rop/code/RegisterSpec$1 done
Event: 10.081 Thread 0x00000000167ce000 Uncommon trap: trap_request=0xffffff65 fr.pc=0x00000000030f62f8
Event: 10.081 Thread 0x00000000167ce000 DEOPT PACKING pc=0x00000000030f62f8 sp=0x000000001743e8c0
Event: 10.081 Thread 0x00000000167ce000 DEOPT UNPACKING pc=0x0000000002af582a sp=0x000000001743e6b8 mode 2


Dynamic libraries:
0x00007ff7b5950000 - 0x00007ff7b5987000 	D:\JAVA_enviroment\bin\java.exe
0x00007ffb1f980000 - 0x00007ffb1fb51000 	C:\WINDOWS\SYSTEM32\ntdll.dll
0x00007ffb1f830000 - 0x00007ffb1f8db000 	C:\WINDOWS\System32\KERNEL32.DLL
0x00007ffb1c920000 - 0x00007ffb1cb3d000 	C:\WINDOWS\System32\KERNELBASE.dll
0x00007ffb1f550000 - 0x00007ffb1f5f2000 	C:\WINDOWS\System32\ADVAPI32.dll
0x00007ffb1db60000 - 0x00007ffb1dbfe000 	C:\WINDOWS\System32\msvcrt.dll
0x00007ffb1db00000 - 0x00007ffb1db59000 	C:\WINDOWS\System32\sechost.dll
0x00007ffb1f110000 - 0x00007ffb1f231000 	C:\WINDOWS\System32\RPCRT4.dll
0x00007ffb1f240000 - 0x00007ffb1f3a5000 	C:\WINDOWS\System32\USER32.dll
0x00007ffb1be70000 - 0x00007ffb1be8e000 	C:\WINDOWS\System32\win32u.dll
0x00007ffb1f940000 - 0x00007ffb1f974000 	C:\WINDOWS\System32\GDI32.dll
0x00007ffb1bfe0000 - 0x00007ffb1c162000 	C:\WINDOWS\System32\gdi32full.dll
0x00007ffb14600000 - 0x00007ffb14879000 	C:\WINDOWS\WinSxS\amd64_microsoft.windows.common-controls_6595b64144ccf1df_6.0.14393.0_none_2d0f50fcbdb171b8\COMCTL32.dll
0x00007ffb1d020000 - 0x00007ffb1d2e7000 	C:\WINDOWS\System32\combase.dll
0x00007ffb1cc40000 - 0x00007ffb1cd35000 	C:\WINDOWS\System32\ucrtbase.dll
0x00007ffb1c170000 - 0x00007ffb1c1da000 	C:\WINDOWS\System32\bcryptPrimitives.dll
0x00007ffb1cf30000 - 0x00007ffb1cf5e000 	C:\WINDOWS\System32\IMM32.DLL
0x0000000075ea0000 - 0x0000000075f72000 	D:\JAVA_enviroment\jre\bin\msvcr100.dll
0x0000000076080000 - 0x0000000076913000 	D:\JAVA_enviroment\jre\bin\server\jvm.dll
0x00007ffb1d990000 - 0x00007ffb1d998000 	C:\WINDOWS\System32\PSAPI.DLL
0x00007ffb18c80000 - 0x00007ffb18c89000 	C:\WINDOWS\SYSTEM32\WSOCK32.dll
0x00007ffb1d920000 - 0x00007ffb1d98a000 	C:\WINDOWS\System32\WS2_32.dll
0x00007ffb19c10000 - 0x00007ffb19c33000 	C:\WINDOWS\SYSTEM32\WINMM.dll
0x00007ffb16710000 - 0x00007ffb1671a000 	C:\WINDOWS\SYSTEM32\VERSION.dll
0x00007ffb19a80000 - 0x00007ffb19aab000 	C:\WINDOWS\SYSTEM32\WINMMBASE.dll
0x00007ffb1cbf0000 - 0x00007ffb1cc32000 	C:\WINDOWS\System32\cfgmgr32.dll
0x0000000050080000 - 0x000000005008f000 	D:\JAVA_enviroment\jre\bin\verify.dll
0x0000000050050000 - 0x0000000050079000 	D:\JAVA_enviroment\jre\bin\java.dll
0x0000000050030000 - 0x0000000050046000 	D:\JAVA_enviroment\jre\bin\zip.dll
0x00007ffb1dc00000 - 0x00007ffb1f108000 	C:\WINDOWS\System32\SHELL32.dll
0x00007ffb1c240000 - 0x00007ffb1c91a000 	C:\WINDOWS\System32\windows.storage.dll
0x00007ffb1be20000 - 0x00007ffb1be6c000 	C:\WINDOWS\System32\powrprof.dll
0x00007ffb1f8e0000 - 0x00007ffb1f932000 	C:\WINDOWS\System32\shlwapi.dll
0x00007ffb1bdf0000 - 0x00007ffb1bdff000 	C:\WINDOWS\System32\kernel.appcore.dll
0x00007ffb1bf30000 - 0x00007ffb1bfd9000 	C:\WINDOWS\System32\shcore.dll
0x00007ffb1be00000 - 0x00007ffb1be14000 	C:\WINDOWS\System32\profapi.dll

VM Arguments:
jvm_args: -Djava.awt.headless=true -Xmx1024M -Dfile.encoding=GBK -Duser.country=CN -Duser.language=zh -Duser.variant 
java_command: com.android.dx.command.Main --dex --force-jumbo --num-threads=4 --output D:\workspace1\FastSport\app\build\intermediates\pre-dexed\debug\gson-2.6.2_21a83f644006d3878007a83d55846e470d6f5e0e.jar D:\workspace1\FastSport\app\build\intermediates\exploded-aar\cn.bmob.android\bmob-sdk\3.5.0\jars\libs\gson-2.6.2.jar
java_class_path (initial): D:\AndroidStdio_sdk\sdk\build-tools\24.0.0\lib\dx.jar
Launcher Type: SUN_STANDARD

Environment Variables:
JAVA_HOME=D:\JAVA_enviroment
PATH=C:\ProgramData\Oracle\Java\javapath;C:\WINDOWS\system32;C:\WINDOWS;C:\WINDOWS\System32\Wbem;C:\WINDOWS\System32\WindowsPowerShell\v1.0\;D:\JAVA_enviroment\bin;D:\JAVA_enviroment\jre\bin;D:\android_sdk\sdk\tools;C:\Program Files (x86)\NVIDIA Corporation\PhysX\Common;D:\AndroidStdio_sdk\sdk\tools;C:\Program Files (x86)\Microsoft SQL Server\100\Tools\Binn\;C:\Program Files\Microsoft SQL Server\100\Tools\Binn\;C:\Program Files\Microsoft SQL Server\100\DTS\Binn\;C:\Program Files (x86)\Microsoft SQL Server\100\Tools\Binn\VSShell\Common7\IDE\;C:\Program Files (x86)\Microsoft Visual Studio 9.0\Common7\IDE\PrivateAssemblies\;C:\Program Files (x86)\Microsoft SQL Server\100\DTS\Binn\;D:\android_sdk\sdk\platform-tools;D:\android_sdk\sdk\tools;C:\WINDOWS\system32;C:\WINDOWS;C:\WINDOWS\System32\Wbem;C:\WINDOWS\System32\WindowsPowerShell\v1.0\;C:\Users\Administrator\AppData\Local\Microsoft\WindowsApps;
USERNAME=Administrator
OS=Windows_NT
PROCESSOR_IDENTIFIER=Intel64 Family 6 Model 58 Stepping 9, GenuineIntel



---------------  S Y S T E M  ---------------

OS: Windows 10.0 , 64 bit Build 14393 (10.0.14393.0)

CPU:total 4 (2 cores per cpu, 2 threads per core) family 6 model 58 stepping 9, cmov, cx8, fxsr, mmx, sse, sse2, sse3, ssse3, sse4.1, sse4.2, popcnt, avx, aes, clmul, erms, ht, tsc, tscinvbit, tscinv

Memory: 4k page, physical 8271404k(1360560k free), swap 8271404k(4736k free)

vm_info: Java HotSpot(TM) 64-Bit Server VM (25.91-b14) for windows-amd64 JRE (1.8.0_91-b14), built on Apr  1 2016 00:58:32 by "java_re" with MS VC++ 10.0 (VS2010)

time: Mon Oct 03 01:01:05 2016
elapsed time: 10 seconds (0d 0h 0m 10s)

