#
# There is insufficient memory for the Java Runtime Environment to continue.
# Native memory allocation (malloc) failed to allocate 331776 bytes for Chunk::new
# Possible reasons:
#   The system is out of physical RAM or swap space
#   In 32 bit mode, the process size limit was hit
# Possible solutions:
#   Reduce memory load on the system
#   Increase physical memory or swap space
#   Check if swap backing store is full
#   Use 64 bit Java on a 64 bit OS
#   Decrease Java heap size (-Xmx/-Xms)
#   Decrease number of Java threads
#   Decrease Java thread stack sizes (-Xss)
#   Set larger code cache with -XX:ReservedCodeCacheSize=
# This output file may be truncated or incomplete.
#
#  Out of Memory Error (allocation.cpp:390), pid=11844, tid=1196
#
# JRE version: Java(TM) SE Runtime Environment (8.0_91-b14) (build 1.8.0_91-b14)
# Java VM: Java HotSpot(TM) 64-Bit Server VM (25.91-b14 mixed mode windows-amd64 compressed oops)
# Failed to write core dump. Minidumps are not enabled by default on client versions of Windows
#

---------------  T H R E A D  ---------------

Current thread (0x00000000151f7800):  JavaThread "C2 CompilerThread1" daemon [_thread_in_native, id=1196, stack(0x0000000016bf0000,0x0000000016cf0000)]

Stack: [0x0000000016bf0000,0x0000000016cf0000]
[error occurred during error reporting (printing stack bounds), id 0xc0000005]

Native frames: (J=compiled Java code, j=interpreted, Vv=VM code, C=native code)


Current CompileTask:
C2:   4904  870   !   4       com.android.dx.rop.code.RegisterSpec::intern (70 bytes)


---------------  P R O C E S S  ---------------

Java Threads: ( => current thread )
  0x00000000166b6800 JavaThread "pool-1-thread-4" [_thread_in_Java, id=3908, stack(0x00000000173f0000,0x00000000174f0000)]
  0x00000000166b1000 JavaThread "pool-1-thread-3" [_thread_in_Java, id=6448, stack(0x00000000172f0000,0x00000000173f0000)]
  0x00000000166b0800 JavaThread "pool-1-thread-2" [_thread_in_Java, id=9468, stack(0x00000000171f0000,0x00000000172f0000)]
  0x00000000166a2000 JavaThread "pool-2-thread-1" [_thread_blocked, id=3920, stack(0x00000000170f0000,0x00000000171f0000)]
  0x00000000166ab800 JavaThread "pool-1-thread-1" [_thread_in_Java, id=6148, stack(0x0000000016ff0000,0x00000000170f0000)]
  0x0000000016551800 JavaThread "Service Thread" daemon [_thread_blocked, id=9404, stack(0x0000000016df0000,0x0000000016ef0000)]
  0x00000000151fe000 JavaThread "C1 CompilerThread2" daemon [_thread_in_native, id=4604, stack(0x0000000016cf0000,0x0000000016df0000)]
=>0x00000000151f7800 JavaThread "C2 CompilerThread1" daemon [_thread_in_native, id=1196, stack(0x0000000016bf0000,0x0000000016cf0000)]
  0x0000000016533800 JavaThread "C2 CompilerThread0" daemon [_thread_in_native, id=11904, stack(0x0000000016af0000,0x0000000016bf0000)]
  0x00000000151b3000 JavaThread "Attach Listener" daemon [_thread_blocked, id=10612, stack(0x00000000169f0000,0x0000000016af0000)]
  0x00000000151b2000 JavaThread "Signal Dispatcher" daemon [_thread_blocked, id=5720, stack(0x00000000168f0000,0x00000000169f0000)]
  0x000000001518a000 JavaThread "Finalizer" daemon [_thread_blocked, id=11724, stack(0x00000000163f0000,0x00000000164f0000)]
  0x0000000015169000 JavaThread "Reference Handler" daemon [_thread_blocked, id=4204, stack(0x00000000162f0000,0x00000000163f0000)]
  0x00000000029d0800 JavaThread "main" [_thread_in_vm, id=12044, stack(0x00000000028b0000,0x00000000029b0000)]

Other Threads:
  0x0000000015167000 VMThread [stack: 0x00000000161f0000,0x00000000162f0000] [id=8640]
  0x00000000165a3800 WatcherThread [stack: 0x0000000016ef0000,0x0000000016ff0000] [id=10324]

VM state:not at safepoint (normal execution)

VM Mutex/Monitor currently owned by a thread: None

Heap:
 PSYoungGen      total 38400K, used 17317K [0x00000000eab00000, 0x00000000ed580000, 0x0000000100000000)
  eden space 33280K, 52% used [0x00000000eab00000,0x00000000ebbe97f0,0x00000000ecb80000)
  from space 5120K, 0% used [0x00000000ed080000,0x00000000ed080000,0x00000000ed580000)
  to   space 5120K, 0% used [0x00000000ecb80000,0x00000000ecb80000,0x00000000ed080000)
 ParOldGen       total 87552K, used 0K [0x00000000c0000000, 0x00000000c5580000, 0x00000000eab00000)
  object space 87552K, 0% used [0x00000000c0000000,0x00000000c0000000,0x00000000c5580000)
 Metaspace       used 5703K, capacity 6704K, committed 6784K, reserved 1056768K
  class space    used 587K, capacity 616K, committed 640K, reserved 1048576K

Card table byte_map: [0x0000000011e90000,0x00000000120a0000] byte_map_base: 0x0000000011890000

Marking Bits: (ParMarkBitMap*) 0x0000000060552f70
 Begin Bits: [0x0000000012600000, 0x0000000013600000)
 End Bits:   [0x0000000013600000, 0x0000000014600000)

Polling page: 0x0000000000d70000

CodeCache: size=245760Kb used=3531Kb max_used=3531Kb free=242228Kb
 bounds [0x0000000002ad0000, 0x0000000002e50000, 0x0000000011ad0000]
 total_blobs=1140 nmethods=875 adapters=178
 compilation: enabled

Compilation events (10 events):
Event: 4.887 Thread 0x00000000151fe000 nmethod 868 0x0000000002e40290 code [0x0000000002e403e0, 0x0000000002e404f0]
Event: 4.887 Thread 0x00000000151fe000  869       1       com.android.dx.rop.code.DexTranslationAdvice::getMaxOptimalRegisterCount (3 bytes)
Event: 4.887 Thread 0x00000000151fe000 nmethod 869 0x0000000002e40550 code [0x0000000002e406a0, 0x0000000002e407b0]
Event: 4.888 Thread 0x00000000151fe000  872       3       java.util.TreeMap::rotateRight (96 bytes)
Event: 4.889 Thread 0x00000000151fe000 nmethod 872 0x0000000002e40810 code [0x0000000002e40980, 0x0000000002e40cd0]
Event: 4.892 Thread 0x00000000151fe000  873       3       com.android.dx.rop.code.Insn$BaseVisitor::visitPlainInsn (1 bytes)
Event: 4.893 Thread 0x00000000151fe000 nmethod 873 0x0000000002e40dd0 code [0x0000000002e40f20, 0x0000000002e41070]
Event: 4.893 Thread 0x00000000151fe000  874       3       com.android.dx.rop.code.Rops::opMove (77 bytes)
Event: 4.896 Thread 0x00000000151fe000 nmethod 874 0x0000000002e41110 code [0x0000000002e41340, 0x0000000002e41f38]
Event: 4.896 Thread 0x00000000151fe000  875       3       com.android.dx.cf.code.RopperMachine::jopToRopOpcode (1103 bytes)

GC Heap History (0 events):
No events

Deoptimization events (3 events):
Event: 4.051 Thread 0x00000000166b1000 Uncommon trap: reason=class_check action=maybe_recompile pc=0x0000000002d3b2b0 method=com.android.dx.ssa.NormalSsaInsn.accept(Lcom/android/dx/ssa/SsaInsn$Visitor;)V @ 9
Event: 4.186 Thread 0x00000000166b0800 Uncommon trap: reason=unstable_if action=reinterpret pc=0x0000000002ce30a8 method=java.util.HashMap.getNode(ILjava/lang/Object;)Ljava/util/HashMap$Node; @ 129
Event: 4.272 Thread 0x00000000166ab800 Uncommon trap: reason=unstable_if action=reinterpret pc=0x0000000002d3a9f0 method=java.util.BitSet.ensureCapacity(I)V @ 6

Internal exceptions (2 events):
Event: 0.251 Thread 0x00000000029d0800 Exception <a 'java/lang/NoSuchMethodError': Method sun.misc.Unsafe.defineClass(Ljava/lang/String;[BII)Ljava/lang/Class; name or signature does not match> (0x00000000eab07cc0) thrown at [C:\re\workspace\8-2-build-windows-amd64-cygwin\jdk8u91\6644\hotspot\srýWõiXÐ?
Event: 0.251 Thread 0x00000000029d0800 Exception <a 'java/lang/NoSuchMethodError': Method sun.misc.Unsafe.prefetchRead(Ljava/lang/Object;J)V name or signature does not match> (0x00000000eab07fa8) thrown at [C:\re\workspace\8-2-build-windows-amd64-cygwin\jdk8u91\6644\hotspot\src\share\vm\prims\j

Events (10 events):
Event: 4.186 loading class java/util/HashMap$ValueIterator
Event: 4.186 loading class java/util/HashMap$ValueIterator done
Event: 4.186 Thread 0x00000000166b0800 Uncommon trap: trap_request=0xffffff65 fr.pc=0x0000000002ce30a8
Event: 4.186 Thread 0x00000000166b0800 DEOPT PACKING pc=0x0000000002ce30a8 sp=0x00000000172ee6d0
Event: 4.186 Thread 0x00000000166b0800 DEOPT UNPACKING pc=0x0000000002b1582a sp=0x00000000172ee648 mode 2
Event: 4.272 Thread 0x00000000166ab800 Uncommon trap: trap_request=0xffffff65 fr.pc=0x0000000002d3a9f0
Event: 4.272 Thread 0x00000000166ab800 DEOPT PACKING pc=0x0000000002d3a9f0 sp=0x00000000170ee980
Event: 4.272 Thread 0x00000000166ab800 DEOPT UNPACKING pc=0x0000000002b1582a sp=0x00000000170ee8c0 mode 2
Event: 4.327 loading class com/android/dx/cf/attrib/AttEnclosingMethod
Event: 4.327 loading class com/android/dx/cf/attrib/AttEnclosingMethod done


Dynamic libraries:
0x00007ff7b44c0000 - 0x00007ff7b44f7000 	D:\JAVA_enviroment\bin\java.exe
0x00007ff95ac10000 - 0x00007ff95ade1000 	C:\WINDOWS\SYSTEM32\ntdll.dll
0x00007ff958670000 - 0x00007ff95871b000 	C:\WINDOWS\System32\KERNEL32.DLL
0x00007ff957990000 - 0x00007ff957bad000 	C:\WINDOWS\System32\KERNELBASE.dll
0x00007ff9590e0000 - 0x00007ff959182000 	C:\WINDOWS\System32\ADVAPI32.dll
0x00007ff958dc0000 - 0x00007ff958e5e000 	C:\WINDOWS\System32\msvcrt.dll
0x00007ff9588b0000 - 0x00007ff958909000 	C:\WINDOWS\System32\sechost.dll
0x00007ff958720000 - 0x00007ff958841000 	C:\WINDOWS\System32\RPCRT4.dll
0x00007ff958f70000 - 0x00007ff9590d5000 	C:\WINDOWS\System32\USER32.dll
0x00007ff957bb0000 - 0x00007ff957bce000 	C:\WINDOWS\System32\win32u.dll
0x00007ff959220000 - 0x00007ff959254000 	C:\WINDOWS\System32\GDI32.dll
0x00007ff957bd0000 - 0x00007ff957d52000 	C:\WINDOWS\System32\gdi32full.dll
0x00007ff952340000 - 0x00007ff9525ba000 	C:\WINDOWS\WinSxS\amd64_microsoft.windows.common-controls_6595b64144ccf1df_6.0.14393.351_none_4213128bc687e6d3\COMCTL32.dll
0x00007ff9582e0000 - 0x00007ff9585a7000 	C:\WINDOWS\System32\combase.dll
0x00007ff9580a0000 - 0x00007ff958195000 	C:\WINDOWS\System32\ucrtbase.dll
0x00007ff957f90000 - 0x00007ff957ffa000 	C:\WINDOWS\System32\bcryptPrimitives.dll
0x00007ff95abe0000 - 0x00007ff95ac0e000 	C:\WINDOWS\System32\IMM32.DLL
0x000000005f6b0000 - 0x000000005f782000 	D:\JAVA_enviroment\jre\bin\msvcr100.dll
0x000000005fd40000 - 0x00000000605d3000 	D:\JAVA_enviroment\jre\bin\server\jvm.dll
0x00007ff958910000 - 0x00007ff958918000 	C:\WINDOWS\System32\PSAPI.DLL
0x00007ff954250000 - 0x00007ff954259000 	C:\WINDOWS\SYSTEM32\WSOCK32.dll
0x00007ff958920000 - 0x00007ff95898a000 	C:\WINDOWS\System32\WS2_32.dll
0x00007ff9553e0000 - 0x00007ff955403000 	C:\WINDOWS\SYSTEM32\WINMM.dll
0x00007ff953790000 - 0x00007ff95379a000 	C:\WINDOWS\SYSTEM32\VERSION.dll
0x00007ff955380000 - 0x00007ff9553ab000 	C:\WINDOWS\SYSTEM32\WINMMBASE.dll
0x00007ff957100000 - 0x00007ff957142000 	C:\WINDOWS\System32\cfgmgr32.dll
0x00000000606c0000 - 0x00000000606cf000 	D:\JAVA_enviroment\jre\bin\verify.dll
0x0000000060690000 - 0x00000000606b9000 	D:\JAVA_enviroment\jre\bin\java.dll
0x0000000060670000 - 0x0000000060686000 	D:\JAVA_enviroment\jre\bin\zip.dll
0x00007ff9594d0000 - 0x00007ff95a9d9000 	C:\WINDOWS\System32\SHELL32.dll
0x00007ff957150000 - 0x00007ff95782a000 	C:\WINDOWS\System32\windows.storage.dll
0x00007ff957090000 - 0x00007ff9570dc000 	C:\WINDOWS\System32\powrprof.dll
0x00007ff958850000 - 0x00007ff9588a2000 	C:\WINDOWS\System32\shlwapi.dll
0x00007ff957080000 - 0x00007ff95708f000 	C:\WINDOWS\System32\kernel.appcore.dll
0x00007ff957830000 - 0x00007ff9578d9000 	C:\WINDOWS\System32\shcore.dll
0x00007ff9570e0000 - 0x00007ff9570f4000 	C:\WINDOWS\System32\profapi.dll

VM Arguments:
jvm_args: -Djava.awt.headless=true -Xmx1024M -Dfile.encoding=GBK -Duser.country=CN -Duser.language=zh -Duser.variant 
java_command: com.android.dx.command.Main --dex --force-jumbo --num-threads=4 --output D:\workspace1\FastSport\app\build\intermediates\pre-dexed\debug\internal_impl-24.2.1_05373273c5e0d0c45c261127d446e53cd179b464.jar D:\workspace1\FastSport\app\build\intermediates\exploded-aar\com.android.support\support-media-compat\24.2.1\jars\libs\internal_impl-24.2.1.jar
java_class_path (initial): D:\AndroidStdio_sdk\sdk\build-tools\24.0.0\lib\dx.jar
Launcher Type: SUN_STANDARD

Environment Variables:
JAVA_HOME=D:\JAVA_enviroment
PATH=C:\ProgramData\Oracle\Java\javapath;C:\WINDOWS\system32;C:\WINDOWS;C:\WINDOWS\System32\Wbem;C:\WINDOWS\System32\WindowsPowerShell\v1.0\;D:\JAVA_enviroment\bin;D:\JAVA_enviroment\jre\bin;D:\android_sdk\sdk\tools;C:\Program Files (x86)\NVIDIA Corporation\PhysX\Common;D:\AndroidStdio_sdk\sdk\tools;C:\Program Files (x86)\Microsoft SQL Server\100\Tools\Binn\;C:\Program Files\Microsoft SQL Server\100\Tools\Binn\;C:\Program Files\Microsoft SQL Server\100\DTS\Binn\;C:\Program Files (x86)\Microsoft SQL Server\100\Tools\Binn\VSShell\Common7\IDE\;C:\Program Files (x86)\Microsoft Visual Studio 9.0\Common7\IDE\PrivateAssemblies\;C:\Program Files (x86)\Microsoft SQL Server\100\DTS\Binn\;D:\android_sdk\sdk\platform-tools;D:\android_sdk\sdk\tools;C:\WINDOWS\system32;C:\WINDOWS;C:\WINDOWS\System32\Wbem;C:\WINDOWS\System32\WindowsPowerShell\v1.0\;C:\Users\Administrator\AppData\Local\Microsoft\WindowsApps;
USERNAME=Administrator
OS=Windows_NT
PROCESSOR_IDENTIFIER=Intel64 Family 6 Model 58 Stepping 9, GenuineIntel



---------------  S Y S T E M  ---------------

OS: Windows 10.0 , 64 bit Build 14393 (10.0.14393.0)

CPU:total 4 (2 cores per cpu, 2 threads per core) family 6 model 58 stepping 9, cmov, cx8, fxsr, mmx, sse, sse2, sse3, ssse3, sse4.1, sse4.2, popcnt, avx, aes, clmul, erms, ht, tsc, tscinvbit, tscinv

Memory: 4k page, physical 8271404k(1062024k free), swap 8271404k(5144k free)

vm_info: Java HotSpot(TM) 64-Bit Server VM (25.91-b14) for windows-amd64 JRE (1.8.0_91-b14), built on Apr  1 2016 00:58:32 by "java_re" with MS VC++ 10.0 (VS2010)

time: Fri Nov 04 20:32:15 2016
elapsed time: 4 seconds (0d 0h 0m 4s)

