#
# There is insufficient memory for the Java Runtime Environment to continue.
# Native memory allocation (malloc) failed to allocate 1745776 bytes for Chunk::new
# Possible reasons:
#   The system is out of physical RAM or swap space
#   In 32 bit mode, the process size limit was hit
# Possible solutions:
#   Reduce memory load on the system
#   Increase physical memory or swap space
#   Check if swap backing store is full
#   Use 64 bit Java on a 64 bit OS
#   Decrease Java heap size (-Xmx/-Xms)
#   Decrease number of Java threads
#   Decrease Java thread stack sizes (-Xss)
#   Set larger code cache with -XX:ReservedCodeCacheSize=
# This output file may be truncated or incomplete.
#
#  Out of Memory Error (allocation.cpp:390), pid=3852, tid=9604
#
# JRE version: Java(TM) SE Runtime Environment (8.0_91-b14) (build 1.8.0_91-b14)
# Java VM: Java HotSpot(TM) 64-Bit Server VM (25.91-b14 mixed mode windows-amd64 compressed oops)
# Failed to write core dump. Minidumps are not enabled by default on client versions of Windows
#

---------------  T H R E A D  ---------------

Current thread (0x0000000016e2c800):  JavaThread "C2 CompilerThread1" daemon [_thread_in_native, id=9604, stack(0x00000000174f0000,0x00000000175f0000)]

Stack: [0x00000000174f0000,0x00000000175f0000]
[error occurred during error reporting (printing stack bounds), id 0xc0000005]

Native frames: (J=compiled Java code, j=interpreted, Vv=VM code, C=native code)


Current CompileTask:
C2:  11264 2114       4       com.android.dx.cf.code.Simulator$SimVisitor::visitConstant (332 bytes)


---------------  P R O C E S S  ---------------

Java Threads: ( => current thread )
  0x00000000170f8800 JavaThread "pool-1-thread-4" [_thread_blocked, id=5176, stack(0x0000000017cf0000,0x0000000017df0000)]
  0x00000000170f7800 JavaThread "pool-1-thread-3" [_thread_blocked, id=10428, stack(0x0000000017bf0000,0x0000000017cf0000)]
  0x00000000170f6800 JavaThread "pool-1-thread-2" [_thread_in_Java, id=5344, stack(0x0000000017af0000,0x0000000017bf0000)]
  0x00000000170f6000 JavaThread "pool-2-thread-1" [_thread_blocked, id=2896, stack(0x00000000179f0000,0x0000000017af0000)]
  0x00000000170f0800 JavaThread "pool-1-thread-1" [_thread_blocked, id=3836, stack(0x00000000178f0000,0x00000000179f0000)]
  0x0000000016e4a000 JavaThread "Service Thread" daemon [_thread_blocked, id=11028, stack(0x00000000176f0000,0x00000000177f0000)]
  0x0000000016e47000 JavaThread "C1 CompilerThread2" daemon [_thread_blocked, id=8920, stack(0x00000000175f0000,0x00000000176f0000)]
=>0x0000000016e2c800 JavaThread "C2 CompilerThread1" daemon [_thread_in_native, id=9604, stack(0x00000000174f0000,0x00000000175f0000)]
  0x0000000015ad9800 JavaThread "C2 CompilerThread0" daemon [_thread_in_native, id=4004, stack(0x00000000173f0000,0x00000000174f0000)]
  0x0000000015a8d000 JavaThread "Attach Listener" daemon [_thread_blocked, id=11044, stack(0x00000000172f0000,0x00000000173f0000)]
  0x0000000015a8c000 JavaThread "Signal Dispatcher" daemon [_thread_blocked, id=8180, stack(0x00000000171f0000,0x00000000172f0000)]
  0x0000000015a6a000 JavaThread "Finalizer" daemon [_thread_blocked, id=8832, stack(0x0000000016cf0000,0x0000000016df0000)]
  0x0000000015a49000 JavaThread "Reference Handler" daemon [_thread_blocked, id=6908, stack(0x0000000016bf0000,0x0000000016cf0000)]
  0x00000000032b0800 JavaThread "main" [_thread_in_vm, id=7868, stack(0x00000000031b0000,0x00000000032b0000)]

Other Threads:
  0x0000000015a47000 VMThread [stack: 0x0000000016af0000,0x0000000016bf0000] [id=10604]
  0x0000000016e66000 WatcherThread [stack: 0x00000000177f0000,0x00000000178f0000] [id=5184]

VM state:not at safepoint (normal execution)

VM Mutex/Monitor currently owned by a thread: None

Heap:
 PSYoungGen      total 71680K, used 33544K [0x00000000eab00000, 0x00000000ef600000, 0x0000000100000000)
  eden space 66560K, 42% used [0x00000000eab00000,0x00000000ec6c25a0,0x00000000eec00000)
  from space 5120K, 99% used [0x00000000ef100000,0x00000000ef5ffc80,0x00000000ef600000)
  to   space 5120K, 0% used [0x00000000eec00000,0x00000000eec00000,0x00000000ef100000)
 ParOldGen       total 87552K, used 26494K [0x00000000c0000000, 0x00000000c5580000, 0x00000000eab00000)
  object space 87552K, 30% used [0x00000000c0000000,0x00000000c19dfbd0,0x00000000c5580000)
 Metaspace       used 6533K, capacity 7192K, committed 7424K, reserved 1056768K
  class space    used 624K, capacity 656K, committed 768K, reserved 1048576K

Card table byte_map: [0x0000000012770000,0x0000000012980000] byte_map_base: 0x0000000012170000

Marking Bits: (ParMarkBitMap*) 0x0000000076892f70
 Begin Bits: [0x0000000012ee0000, 0x0000000013ee0000)
 End Bits:   [0x0000000013ee0000, 0x0000000014ee0000)

Polling page: 0x00000000014b0000

CodeCache: size=245760Kb used=9292Kb max_used=9292Kb free=236467Kb
 bounds [0x00000000033b0000, 0x0000000003cd0000, 0x00000000123b0000]
 total_blobs=2358 nmethods=2086 adapters=184
 compilation: enabled

Compilation events (10 events):
Event: 11.243 Thread 0x0000000016e47000 2141       3       com.android.dx.cf.direct.DirectClassFile::setAttributeFactory (20 bytes)
Event: 11.244 Thread 0x0000000016e47000 nmethod 2141 0x0000000003cc9dd0 code [0x0000000003cc9f40, 0x0000000003cca1a8]
Event: 11.244 Thread 0x0000000016e47000 2142       3       com.android.dx.cf.direct.DirectClassFile::getMagic (9 bytes)
Event: 11.244 Thread 0x0000000016e47000 nmethod 2142 0x0000000003cca290 code [0x0000000003cca420, 0x0000000003cca798]
Event: 11.244 Thread 0x0000000016e47000 2143       3       com.android.dx.rop.cst.StdConstantPool::<init> (38 bytes)
Event: 11.244 Thread 0x0000000016e47000 nmethod 2143 0x0000000003cca8d0 code [0x0000000003ccaa60, 0x0000000003ccae68]
Event: 11.245 Thread 0x0000000016e47000 2144       3       com.android.dx.command.dexer.Main::access$2300 (4 bytes)
Event: 11.245 Thread 0x0000000016e47000 nmethod 2144 0x0000000003c928d0 code [0x0000000003c92a20, 0x0000000003c92b70]
Event: 11.246 Thread 0x0000000016e47000 2145       3       com.android.dx.command.dexer.Main$ClassTranslatorTask::<init> (8 bytes)
Event: 11.246 Thread 0x0000000016e47000 nmethod 2145 0x0000000003ccafd0 code [0x0000000003ccb140, 0x0000000003ccb390]

GC Heap History (8 events):
Event: 4.829 GC heap before
{Heap before GC invocations=1 (full 0):
 PSYoungGen      total 38400K, used 33280K [0x00000000eab00000, 0x00000000ed580000, 0x0000000100000000)
  eden space 33280K, 100% used [0x00000000eab00000,0x00000000ecb80000,0x00000000ecb80000)
  from space 5120K, 0% used [0x00000000ed080000,0x00000000ed080000,0x00000000ed580000)
  to   space 5120K, 0% used [0x00000000ecb80000,0x00000000ecb80000,0x00000000ed080000)
 ParOldGen       total 87552K, used 0K [0x00000000c0000000, 0x00000000c5580000, 0x00000000eab00000)
  object space 87552K, 0% used [0x00000000c0000000,0x00000000c0000000,0x00000000c5580000)
 Metaspace       used 5889K, capacity 6772K, committed 7040K, reserved 1056768K
  class space    used 600K, capacity 620K, committed 640K, reserved 1048576K
Event: 4.938 GC heap after
Heap after GC invocations=1 (full 0):
 PSYoungGen      total 38400K, used 5114K [0x00000000eab00000, 0x00000000ef600000, 0x0000000100000000)
  eden space 33280K, 0% used [0x00000000eab00000,0x00000000eab00000,0x00000000ecb80000)
  from space 5120K, 99% used [0x00000000ecb80000,0x00000000ed07e960,0x00000000ed080000)
  to   space 5120K, 0% used [0x00000000ef100000,0x00000000ef100000,0x00000000ef600000)
 ParOldGen       total 87552K, used 349K [0x00000000c0000000, 0x00000000c5580000, 0x00000000eab00000)
  object space 87552K, 0% used [0x00000000c0000000,0x00000000c0057700,0x00000000c5580000)
 Metaspace       used 5889K, capacity 6772K, committed 7040K, reserved 1056768K
  class space    used 600K, capacity 620K, committed 640K, reserved 1048576K
}
Event: 6.753 GC heap before
{Heap before GC invocations=2 (full 0):
 PSYoungGen      total 38400K, used 38394K [0x00000000eab00000, 0x00000000ef600000, 0x0000000100000000)
  eden space 33280K, 100% used [0x00000000eab00000,0x00000000ecb80000,0x00000000ecb80000)
  from space 5120K, 99% used [0x00000000ecb80000,0x00000000ed07e960,0x00000000ed080000)
  to   space 5120K, 0% used [0x00000000ef100000,0x00000000ef100000,0x00000000ef600000)
 ParOldGen       total 87552K, used 349K [0x00000000c0000000, 0x00000000c5580000, 0x00000000eab00000)
  object space 87552K, 0% used [0x00000000c0000000,0x00000000c0057700,0x00000000c5580000)
 Metaspace       used 6236K, capacity 7092K, committed 7296K, reserved 1056768K
  class space    used 602K, capacity 620K, committed 640K, reserved 1048576K
Event: 6.769 GC heap after
Heap after GC invocations=2 (full 0):
 PSYoungGen      total 71680K, used 5118K [0x00000000eab00000, 0x00000000ef600000, 0x0000000100000000)
  eden space 66560K, 0% used [0x00000000eab00000,0x00000000eab00000,0x00000000eec00000)
  from space 5120K, 99% used [0x00000000ef100000,0x00000000ef5ffbf8,0x00000000ef600000)
  to   space 5120K, 0% used [0x00000000eec00000,0x00000000eec00000,0x00000000ef100000)
 ParOldGen       total 87552K, used 4695K [0x00000000c0000000, 0x00000000c5580000, 0x00000000eab00000)
  object space 87552K, 5% used [0x00000000c0000000,0x00000000c0495ca8,0x00000000c5580000)
 Metaspace       used 6236K, capacity 7092K, committed 7296K, reserved 1056768K
  class space    used 602K, capacity 620K, committed 640K, reserved 1048576K
}
Event: 8.811 GC heap before
{Heap before GC invocations=3 (full 0):
 PSYoungGen      total 71680K, used 71678K [0x00000000eab00000, 0x00000000ef600000, 0x0000000100000000)
  eden space 66560K, 100% used [0x00000000eab00000,0x00000000eec00000,0x00000000eec00000)
  from space 5120K, 99% used [0x00000000ef100000,0x00000000ef5ffbf8,0x00000000ef600000)
  to   space 5120K, 0% used [0x00000000eec00000,0x00000000eec00000,0x00000000ef100000)
 ParOldGen       total 87552K, used 4695K [0x00000000c0000000, 0x00000000c5580000, 0x00000000eab00000)
  object space 87552K, 5% used [0x00000000c0000000,0x00000000c0495ca8,0x00000000c5580000)
 Metaspace       used 6351K, capacity 7156K, committed 7296K, reserved 1056768K
  class space    used 602K, capacity 620K, committed 640K, reserved 1048576K
Event: 8.967 GC heap after
Heap after GC invocations=3 (full 0):
 PSYoungGen      total 71680K, used 5119K [0x00000000eab00000, 0x00000000ef600000, 0x0000000100000000)
  eden space 66560K, 0% used [0x00000000eab00000,0x00000000eab00000,0x00000000eec00000)
  from space 5120K, 99% used [0x00000000eec00000,0x00000000ef0ffc90,0x00000000ef100000)
  to   space 5120K, 0% used [0x00000000ef100000,0x00000000ef100000,0x00000000ef600000)
 ParOldGen       total 87552K, used 15326K [0x00000000c0000000, 0x00000000c5580000, 0x00000000eab00000)
  object space 87552K, 17% used [0x00000000c0000000,0x00000000c0ef7920,0x00000000c5580000)
 Metaspace       used 6351K, capacity 7156K, committed 7296K, reserved 1056768K
  class space    used 602K, capacity 620K, committed 640K, reserved 1048576K
}
Event: 10.278 GC heap before
{Heap before GC invocations=4 (full 0):
 PSYoungGen      total 71680K, used 71679K [0x00000000eab00000, 0x00000000ef600000, 0x0000000100000000)
  eden space 66560K, 100% used [0x00000000eab00000,0x00000000eec00000,0x00000000eec00000)
  from space 5120K, 99% used [0x00000000eec00000,0x00000000ef0ffc90,0x00000000ef100000)
  to   space 5120K, 0% used [0x00000000ef100000,0x00000000ef100000,0x00000000ef600000)
 ParOldGen       total 87552K, used 15326K [0x00000000c0000000, 0x00000000c5580000, 0x00000000eab00000)
  object space 87552K, 17% used [0x00000000c0000000,0x00000000c0ef7920,0x00000000c5580000)
 Metaspace       used 6512K, capacity 7192K, committed 7424K, reserved 1056768K
  class space    used 623K, capacity 656K, committed 768K, reserved 1048576K
Event: 10.476 GC heap after
Heap after GC invocations=4 (full 0):
 PSYoungGen      total 71680K, used 5119K [0x00000000eab00000, 0x00000000ef600000, 0x0000000100000000)
  eden space 66560K, 0% used [0x00000000eab00000,0x00000000eab00000,0x00000000eec00000)
  from space 5120K, 99% used [0x00000000ef100000,0x00000000ef5ffc80,0x00000000ef600000)
  to   space 5120K, 0% used [0x00000000eec00000,0x00000000eec00000,0x00000000ef100000)
 ParOldGen       total 87552K, used 26494K [0x00000000c0000000, 0x00000000c5580000, 0x00000000eab00000)
  object space 87552K, 30% used [0x00000000c0000000,0x00000000c19dfbd0,0x00000000c5580000)
 Metaspace       used 6512K, capacity 7192K, committed 7424K, reserved 1056768K
  class space    used 623K, capacity 656K, committed 768K, reserved 1048576K
}

Deoptimization events (10 events):
Event: 9.388 Thread 0x00000000170f6800 Uncommon trap: reason=bimorphic action=maybe_recompile pc=0x0000000003928280 method=com.android.dx.cf.code.BytecodeArray.parseInstruction(ILcom/android/dx/cf/code/BytecodeArray$Visitor;)I @ 2281
Event: 9.389 Thread 0x00000000170f6800 Uncommon trap: reason=bimorphic action=maybe_recompile pc=0x0000000003928280 method=com.android.dx.cf.code.BytecodeArray.parseInstruction(ILcom/android/dx/cf/code/BytecodeArray$Visitor;)I @ 2281
Event: 9.438 Thread 0x00000000170f8800 Uncommon trap: reason=unstable_if action=reinterpret pc=0x0000000003b61b18 method=com.android.dx.rop.code.RegisterSpec.equals(ILcom/android/dx/rop/type/TypeBearer;Lcom/android/dx/rop/code/LocalItem;)Z @ 42
Event: 9.838 Thread 0x00000000170f6800 Uncommon trap: reason=class_check action=maybe_recompile pc=0x000000000381cac4 method=java.util.HashMap.putVal(ILjava/lang/Object;Ljava/lang/Object;ZZ)Ljava/lang/Object; @ 203
Event: 10.094 Thread 0x00000000170f7800 Uncommon trap: reason=unstable_if action=reinterpret pc=0x00000000039af490 method=com.android.dx.ssa.SCCP.simulateBranch(Lcom/android/dx/ssa/SsaInsn;)V @ 64
Event: 10.109 Thread 0x00000000032b0800 Uncommon trap: reason=unstable_if action=reinterpret pc=0x00000000036dca7c method=java.util.HashMap.putVal(ILjava/lang/Object;Ljava/lang/Object;ZZ)Ljava/lang/Object; @ 162
Event: 10.114 Thread 0x00000000032b0800 Uncommon trap: reason=unstable_if action=reinterpret pc=0x0000000003ba47a4 method=java.util.HashMap.getNode(ILjava/lang/Object;)Ljava/util/HashMap$Node; @ 84
Event: 10.169 Thread 0x00000000170f8800 Uncommon trap: reason=unstable_if action=reinterpret pc=0x0000000003ba4dd0 method=java.util.HashMap.getNode(ILjava/lang/Object;)Ljava/util/HashMap$Node; @ 84
Event: 10.560 Thread 0x00000000170f7800 Uncommon trap: reason=unstable_if action=reinterpret pc=0x0000000003b7cc8c method=java.util.HashMap.resize()[Ljava/util/HashMap$Node; @ 206
Event: 10.573 Thread 0x00000000170f0800 Uncommon trap: reason=unstable_if action=reinterpret pc=0x0000000003a65474 method=com.android.dx.ssa.InterferenceRegisterMapper.interferes(III)Z @ 69

Internal exceptions (7 events):
Event: 1.126 Thread 0x00000000032b0800 Exception <a 'java/lang/NoSuchMethodError': Method sun.misc.Unsafe.defineClass(Ljava/lang/String;[BII)Ljava/lang/Class; name or signature does not match> (0x00000000eab07cc0) thrown at [C:\re\workspace\8-2-build-windows-amd64-cygwin\jdk8u91\6644\hotspot\sr'+зб$Р?
Event: 1.126 Thread 0x00000000032b0800 Exception <a 'java/lang/NoSuchMethodError': Method sun.misc.Unsafe.prefetchRead(Ljava/lang/Object;J)V name or signature does not match> (0x00000000eab07fa8) thrown at [C:\re\workspace\8-2-build-windows-amd64-cygwin\jdk8u91\6644\hotspot\src\share\vm\prims\jЕ`$jD@
Event: 4.817 Thread 0x00000000032b0800 Implicit null exception at 0x00000000036b9737 to 0x00000000036baee9
Event: 8.103 Thread 0x00000000170f7800 Implicit null exception at 0x00000000037f6213 to 0x00000000037f637d
Event: 10.110 Thread 0x00000000032b0800 Exception <a 'java/lang/ArrayIndexOutOfBoundsException': 18> (0x00000000ee80c168) thrown at [C:\re\workspace\8-2-build-windows-amd64-cygwin\jdk8u91\6644\hotspot\src\share\vm\interpreter\interpreterRuntime.cpp, line 366]
Event: 10.111 Thread 0x00000000032b0800 Exception <a 'java/lang/ArrayIndexOutOfBoundsException': 145> (0x00000000ee80dce8) thrown at [C:\re\workspace\8-2-build-windows-amd64-cygwin\jdk8u91\6644\hotspot\src\share\vm\interpreter\interpreterRuntime.cpp, line 366]
Event: 10.114 Thread 0x00000000032b0800 Exception <a 'java/lang/ArrayIndexOutOfBoundsException'> (0x00000000ee80efd0) thrown at [C:\re\workspace\8-2-build-windows-amd64-cygwin\jdk8u91\6644\hotspot\src\share\vm\runtime\sharedRuntime.cpp, line 605]

Events (10 events):
Event: 10.180 Executing VM operation: ParallelGCFailedAllocation
Event: 10.476 Executing VM operation: ParallelGCFailedAllocation done
Event: 10.560 Thread 0x00000000170f7800 Uncommon trap: trap_request=0xffffff65 fr.pc=0x0000000003b7cc8c
Event: 10.560 Thread 0x00000000170f7800 DEOPT PACKING pc=0x0000000003b7cc8c sp=0x0000000017cee570
Event: 10.560 Thread 0x00000000170f7800 DEOPT UNPACKING pc=0x00000000033f582a sp=0x0000000017cee4d8 mode 2
Event: 10.573 Thread 0x00000000170f0800 Uncommon trap: trap_request=0xffffff65 fr.pc=0x0000000003a65474
Event: 10.573 Thread 0x00000000170f0800 DEOPT PACKING pc=0x0000000003a65474 sp=0x00000000179eeac0
Event: 10.573 Thread 0x00000000170f0800 DEOPT UNPACKING pc=0x00000000033f582a sp=0x00000000179eea50 mode 2
Event: 11.203 loading class com/android/dx/cf/iface/ParseObserver
Event: 11.203 loading class com/android/dx/cf/iface/ParseObserver done


Dynamic libraries:
0x00007ff7b5950000 - 0x00007ff7b5987000 	D:\JAVA_enviroment\bin\java.exe
0x00007ffb1f980000 - 0x00007ffb1fb51000 	C:\WINDOWS\SYSTEM32\ntdll.dll
0x00007ffb1f830000 - 0x00007ffb1f8db000 	C:\WINDOWS\System32\KERNEL32.DLL
0x00007ffb1c920000 - 0x00007ffb1cb3d000 	C:\WINDOWS\System32\KERNELBASE.dll
0x00007ffb1f550000 - 0x00007ffb1f5f2000 	C:\WINDOWS\System32\ADVAPI32.dll
0x00007ffb1db60000 - 0x00007ffb1dbfe000 	C:\WINDOWS\System32\msvcrt.dll
0x00007ffb1db00000 - 0x00007ffb1db59000 	C:\WINDOWS\System32\sechost.dll
0x00007ffb1f110000 - 0x00007ffb1f231000 	C:\WINDOWS\System32\RPCRT4.dll
0x00007ffb1f240000 - 0x00007ffb1f3a5000 	C:\WINDOWS\System32\USER32.dll
0x00007ffb1be70000 - 0x00007ffb1be8e000 	C:\WINDOWS\System32\win32u.dll
0x00007ffb1f940000 - 0x00007ffb1f974000 	C:\WINDOWS\System32\GDI32.dll
0x00007ffb1bfe0000 - 0x00007ffb1c162000 	C:\WINDOWS\System32\gdi32full.dll
0x00007ffb14600000 - 0x00007ffb14879000 	C:\WINDOWS\WinSxS\amd64_microsoft.windows.common-controls_6595b64144ccf1df_6.0.14393.0_none_2d0f50fcbdb171b8\COMCTL32.dll
0x00007ffb1d020000 - 0x00007ffb1d2e7000 	C:\WINDOWS\System32\combase.dll
0x00007ffb1cc40000 - 0x00007ffb1cd35000 	C:\WINDOWS\System32\ucrtbase.dll
0x00007ffb1c170000 - 0x00007ffb1c1da000 	C:\WINDOWS\System32\bcryptPrimitives.dll
0x00007ffb1cf30000 - 0x00007ffb1cf5e000 	C:\WINDOWS\System32\IMM32.DLL
0x0000000075ea0000 - 0x0000000075f72000 	D:\JAVA_enviroment\jre\bin\msvcr100.dll
0x0000000076080000 - 0x0000000076913000 	D:\JAVA_enviroment\jre\bin\server\jvm.dll
0x00007ffb1d990000 - 0x00007ffb1d998000 	C:\WINDOWS\System32\PSAPI.DLL
0x00007ffb18c80000 - 0x00007ffb18c89000 	C:\WINDOWS\SYSTEM32\WSOCK32.dll
0x00007ffb1d920000 - 0x00007ffb1d98a000 	C:\WINDOWS\System32\WS2_32.dll
0x00007ffb19c10000 - 0x00007ffb19c33000 	C:\WINDOWS\SYSTEM32\WINMM.dll
0x00007ffb16710000 - 0x00007ffb1671a000 	C:\WINDOWS\SYSTEM32\VERSION.dll
0x00007ffb19a80000 - 0x00007ffb19aab000 	C:\WINDOWS\SYSTEM32\WINMMBASE.dll
0x00007ffb1cbf0000 - 0x00007ffb1cc32000 	C:\WINDOWS\System32\cfgmgr32.dll
0x0000000050080000 - 0x000000005008f000 	D:\JAVA_enviroment\jre\bin\verify.dll
0x0000000050050000 - 0x0000000050079000 	D:\JAVA_enviroment\jre\bin\java.dll
0x0000000050030000 - 0x0000000050046000 	D:\JAVA_enviroment\jre\bin\zip.dll
0x00007ffb1dc00000 - 0x00007ffb1f108000 	C:\WINDOWS\System32\SHELL32.dll
0x00007ffb1c240000 - 0x00007ffb1c91a000 	C:\WINDOWS\System32\windows.storage.dll
0x00007ffb1be20000 - 0x00007ffb1be6c000 	C:\WINDOWS\System32\powrprof.dll
0x00007ffb1f8e0000 - 0x00007ffb1f932000 	C:\WINDOWS\System32\shlwapi.dll
0x00007ffb1bdf0000 - 0x00007ffb1bdff000 	C:\WINDOWS\System32\kernel.appcore.dll
0x00007ffb1bf30000 - 0x00007ffb1bfd9000 	C:\WINDOWS\System32\shcore.dll
0x00007ffb1be00000 - 0x00007ffb1be14000 	C:\WINDOWS\System32\profapi.dll

VM Arguments:
jvm_args: -Djava.awt.headless=true -Xmx1024M -Dfile.encoding=GBK -Duser.country=CN -Duser.language=zh -Duser.variant 
java_command: com.android.dx.command.Main --dex --force-jumbo --num-threads=4 --output D:\workspace1\FastSport\app\build\intermediates\pre-dexed\debug\rxjava-1.1.6_86e26f1c3dc66059aac75630bfcff565fed0690d.jar D:\workspace1\FastSport\app\build\intermediates\exploded-aar\cn.bmob.android\bmob-sdk\3.5.0\jars\libs\rxjava-1.1.6.jar
java_class_path (initial): D:\AndroidStdio_sdk\sdk\build-tools\24.0.0\lib\dx.jar
Launcher Type: SUN_STANDARD

Environment Variables:
JAVA_HOME=D:\JAVA_enviroment
PATH=C:\ProgramData\Oracle\Java\javapath;C:\WINDOWS\system32;C:\WINDOWS;C:\WINDOWS\System32\Wbem;C:\WINDOWS\System32\WindowsPowerShell\v1.0\;D:\JAVA_enviroment\bin;D:\JAVA_enviroment\jre\bin;D:\android_sdk\sdk\tools;C:\Program Files (x86)\NVIDIA Corporation\PhysX\Common;D:\AndroidStdio_sdk\sdk\tools;C:\Program Files (x86)\Microsoft SQL Server\100\Tools\Binn\;C:\Program Files\Microsoft SQL Server\100\Tools\Binn\;C:\Program Files\Microsoft SQL Server\100\DTS\Binn\;C:\Program Files (x86)\Microsoft SQL Server\100\Tools\Binn\VSShell\Common7\IDE\;C:\Program Files (x86)\Microsoft Visual Studio 9.0\Common7\IDE\PrivateAssemblies\;C:\Program Files (x86)\Microsoft SQL Server\100\DTS\Binn\;D:\android_sdk\sdk\platform-tools;D:\android_sdk\sdk\tools;C:\WINDOWS\system32;C:\WINDOWS;C:\WINDOWS\System32\Wbem;C:\WINDOWS\System32\WindowsPowerShell\v1.0\;C:\Users\Administrator\AppData\Local\Microsoft\WindowsApps;
USERNAME=Administrator
OS=Windows_NT
PROCESSOR_IDENTIFIER=Intel64 Family 6 Model 58 Stepping 9, GenuineIntel



---------------  S Y S T E M  ---------------

OS: Windows 10.0 , 64 bit Build 14393 (10.0.14393.0)

CPU:total 4 (2 cores per cpu, 2 threads per core) family 6 model 58 stepping 9, cmov, cx8, fxsr, mmx, sse, sse2, sse3, ssse3, sse4.1, sse4.2, popcnt, avx, aes, clmul, erms, ht, tsc, tscinvbit, tscinv

Memory: 4k page, physical 8271404k(1221264k free), swap 8271404k(8084k free)

vm_info: Java HotSpot(TM) 64-Bit Server VM (25.91-b14) for windows-amd64 JRE (1.8.0_91-b14), built on Apr  1 2016 00:58:32 by "java_re" with MS VC++ 10.0 (VS2010)

time: Mon Oct 03 01:05:53 2016
elapsed time: 11 seconds (0d 0h 0m 11s)

