#
# There is insufficient memory for the Java Runtime Environment to continue.
# Native memory allocation (malloc) failed to allocate 32744 bytes for ChunkPool::allocate
# Possible reasons:
#   The system is out of physical RAM or swap space
#   In 32 bit mode, the process size limit was hit
# Possible solutions:
#   Reduce memory load on the system
#   Increase physical memory or swap space
#   Check if swap backing store is full
#   Use 64 bit Java on a 64 bit OS
#   Decrease Java heap size (-Xmx/-Xms)
#   Decrease number of Java threads
#   Decrease Java thread stack sizes (-Xss)
#   Set larger code cache with -XX:ReservedCodeCacheSize=
# This output file may be truncated or incomplete.
#
#  Out of Memory Error (allocation.cpp:273), pid=420, tid=5196
#
# JRE version: Java(TM) SE Runtime Environment (8.0_91-b14) (build 1.8.0_91-b14)
# Java VM: Java HotSpot(TM) 64-Bit Server VM (25.91-b14 mixed mode windows-amd64 compressed oops)
# Failed to write core dump. Minidumps are not enabled by default on client versions of Windows
#

---------------  T H R E A D  ---------------

Current thread (0x0000000015aaa800):  JavaThread "C1 CompilerThread2" daemon [_thread_in_native, id=5196, stack(0x00000000175a0000,0x00000000176a0000)]

Stack: [0x00000000175a0000,0x00000000176a0000]
[error occurred during error reporting (printing stack bounds), id 0xc0000005]

Native frames: (J=compiled Java code, j=interpreted, Vv=VM code, C=native code)


Current CompileTask:
C1:   3015  597   !   3       com.android.dx.cf.code.BytecodeArray::parseInstruction (2764 bytes)


---------------  P R O C E S S  ---------------

Java Threads: ( => current thread )
  0x0000000016f96000 JavaThread "pool-1-thread-4" [_thread_in_vm, id=9848, stack(0x0000000017ca0000,0x0000000017da0000)]
  0x0000000016f95800 JavaThread "pool-1-thread-3" [_thread_in_Java, id=11096, stack(0x0000000017ba0000,0x0000000017ca0000)]
  0x0000000016f94000 JavaThread "pool-1-thread-2" [_thread_in_Java, id=10272, stack(0x0000000017aa0000,0x0000000017ba0000)]
  0x0000000016f91800 JavaThread "pool-2-thread-1" [_thread_blocked, id=10836, stack(0x00000000179a0000,0x0000000017aa0000)]
  0x0000000016f90800 JavaThread "pool-1-thread-1" [_thread_in_Java, id=10756, stack(0x00000000178a0000,0x00000000179a0000)]
  0x0000000016e01800 JavaThread "Service Thread" daemon [_thread_blocked, id=10312, stack(0x00000000176a0000,0x00000000177a0000)]
=>0x0000000015aaa800 JavaThread "C1 CompilerThread2" daemon [_thread_in_native, id=5196, stack(0x00000000175a0000,0x00000000176a0000)]
  0x000000000337b800 JavaThread "C2 CompilerThread1" daemon [_thread_in_vm, id=4980, stack(0x00000000174a0000,0x00000000175a0000)]
  0x0000000016de3800 JavaThread "C2 CompilerThread0" daemon [_thread_in_native, id=2708, stack(0x00000000173a0000,0x00000000174a0000)]
  0x0000000015a62800 JavaThread "Attach Listener" daemon [_thread_blocked, id=8856, stack(0x00000000172a0000,0x00000000173a0000)]
  0x0000000015a74800 JavaThread "Signal Dispatcher" daemon [_thread_blocked, id=2332, stack(0x00000000171a0000,0x00000000172a0000)]
  0x0000000015a3a000 JavaThread "Finalizer" daemon [_thread_blocked, id=3524, stack(0x0000000016ca0000,0x0000000016da0000)]
  0x0000000015a19000 JavaThread "Reference Handler" daemon [_thread_blocked, id=7560, stack(0x0000000016ba0000,0x0000000016ca0000)]
  0x0000000003280800 JavaThread "main" [_thread_in_vm, id=10380, stack(0x0000000003180000,0x0000000003280000)]

Other Threads:
  0x0000000015a17000 VMThread [stack: 0x0000000016aa0000,0x0000000016ba0000] [id=10588]
  0x0000000016e2e000 WatcherThread [stack: 0x00000000177a0000,0x00000000178a0000] [id=3912]

VM state:not at safepoint (normal execution)

VM Mutex/Monitor currently owned by a thread: None

Heap:
 PSYoungGen      total 38400K, used 13990K [0x00000000eab00000, 0x00000000ed580000, 0x0000000100000000)
  eden space 33280K, 42% used [0x00000000eab00000,0x00000000eb8a9870,0x00000000ecb80000)
  from space 5120K, 0% used [0x00000000ed080000,0x00000000ed080000,0x00000000ed580000)
  to   space 5120K, 0% used [0x00000000ecb80000,0x00000000ecb80000,0x00000000ed080000)
 ParOldGen       total 87552K, used 0K [0x00000000c0000000, 0x00000000c5580000, 0x00000000eab00000)
  object space 87552K, 0% used [0x00000000c0000000,0x00000000c0000000,0x00000000c5580000)
 Metaspace       used 5489K, capacity 6576K, committed 6784K, reserved 1056768K
  class space    used 585K, capacity 616K, committed 640K, reserved 1048576K

Card table byte_map: [0x0000000012740000,0x0000000012950000] byte_map_base: 0x0000000012140000

Marking Bits: (ParMarkBitMap*) 0x0000000057982f70
 Begin Bits: [0x0000000012eb0000, 0x0000000013eb0000)
 End Bits:   [0x0000000013eb0000, 0x0000000014eb0000)

Polling page: 0x00000000011e0000

CodeCache: size=245760Kb used=2311Kb max_used=2323Kb free=243448Kb
 bounds [0x0000000003380000, 0x00000000035f0000, 0x0000000012380000]
 total_blobs=867 nmethods=602 adapters=178
 compilation: enabled

Compilation events (10 events):
Event: 3.003 Thread 0x000000000337b800 nmethod 610 0x00000000035ace50 code [0x00000000035acfa0, 0x00000000035ad0b8]
Event: 3.005 Thread 0x0000000016de3800  613       4       java.util.ArrayList::iterator (10 bytes)
Event: 3.005 Thread 0x000000000337b800  614       4       com.android.dx.rop.code.BasicBlockList::get (9 bytes)
Event: 3.006 Thread 0x0000000016de3800 nmethod 613 0x00000000035b74d0 code [0x00000000035b7620, 0x00000000035b7728]
Event: 3.006 Thread 0x000000000337b800 nmethod 614 0x00000000035c3390 code [0x00000000035c34e0, 0x00000000035c35b8]
Event: 3.006 Thread 0x0000000016de3800  616       4       com.android.dx.util.Bits::clear (21 bytes)
Event: 3.007 Thread 0x0000000016de3800 nmethod 616 0x00000000035c3110 code [0x00000000035c3240, 0x00000000035c32d8]
Event: 3.010 Thread 0x000000000337b800  618       4       java.lang.String::<init> (82 bytes)
Event: 3.011 Thread 0x0000000016de3800  622       4       com.android.dx.ssa.NormalSsaInsn::getOpcode (8 bytes)
Event: 3.012 Thread 0x0000000016de3800 nmethod 622 0x00000000035c2ed0 code [0x00000000035c3000, 0x00000000035c3078]

GC Heap History (0 events):
No events

Deoptimization events (1 events):
Event: 3.009 Thread 0x0000000016f94000 Uncommon trap: reason=unstable_if action=reinterpret pc=0x000000000357a3a8 method=java.util.HashMap.getNode(ILjava/lang/Object;)Ljava/util/HashMap$Node; @ 129

Internal exceptions (2 events):
Event: 0.169 Thread 0x0000000003280800 Exception <a 'java/lang/NoSuchMethodError': Method sun.misc.Unsafe.defineClass(Ljava/lang/String;[BII)Ljava/lang/Class; name or signature does not match> (0x00000000eab07cc0) thrown at [C:\re\workspace\8-2-build-windows-amd64-cygwin\jdk8u91\6644\hotspot\sr)¡grN²Å?
Event: 0.170 Thread 0x0000000003280800 Exception <a 'java/lang/NoSuchMethodError': Method sun.misc.Unsafe.prefetchRead(Ljava/lang/Object;J)V name or signature does not match> (0x00000000eab07fa8) thrown at [C:\re\workspace\8-2-build-windows-amd64-cygwin\jdk8u91\6644\hotspot\src\share\vm\prims\j

Events (10 events):
Event: 2.977 loading class com/android/dx/ssa/back/FirstFitLocalCombiningAllocator$Multiset done
Event: 3.008 loading class com/android/dx/cf/code/Ropper$ExceptionHandlerSetup
Event: 3.008 loading class com/android/dx/cf/code/Ropper$ExceptionHandlerSetup done
Event: 3.009 loading class java/util/HashMap$Values
Event: 3.009 loading class java/util/HashMap$Values done
Event: 3.009 loading class java/util/HashMap$ValueIterator
Event: 3.009 loading class java/util/HashMap$ValueIterator done
Event: 3.009 Thread 0x0000000016f94000 Uncommon trap: trap_request=0xffffff65 fr.pc=0x000000000357a3a8
Event: 3.009 Thread 0x0000000016f94000 DEOPT PACKING pc=0x000000000357a3a8 sp=0x0000000017b9ea40
Event: 3.009 Thread 0x0000000016f94000 DEOPT UNPACKING pc=0x00000000033c582a sp=0x0000000017b9e9b8 mode 2


Dynamic libraries:
0x00007ff729440000 - 0x00007ff729477000 	D:\JAVA_enviroment\bin\java.exe
0x00007ffd1b930000 - 0x00007ffd1bb01000 	C:\WINDOWS\SYSTEM32\ntdll.dll
0x00007ffd1a370000 - 0x00007ffd1a41b000 	C:\WINDOWS\System32\KERNEL32.DLL
0x00007ffd18340000 - 0x00007ffd1855d000 	C:\WINDOWS\System32\KERNELBASE.dll
0x00007ffd19050000 - 0x00007ffd190f2000 	C:\WINDOWS\System32\ADVAPI32.dll
0x00007ffd19f40000 - 0x00007ffd19fde000 	C:\WINDOWS\System32\msvcrt.dll
0x00007ffd18ff0000 - 0x00007ffd19049000 	C:\WINDOWS\System32\sechost.dll
0x00007ffd19100000 - 0x00007ffd19221000 	C:\WINDOWS\System32\RPCRT4.dll
0x00007ffd197c0000 - 0x00007ffd19925000 	C:\WINDOWS\System32\USER32.dll
0x00007ffd17f70000 - 0x00007ffd17f8e000 	C:\WINDOWS\System32\win32u.dll
0x00007ffd18ec0000 - 0x00007ffd18ef4000 	C:\WINDOWS\System32\GDI32.dll
0x00007ffd18040000 - 0x00007ffd181c2000 	C:\WINDOWS\System32\gdi32full.dll
0x00007ffd128b0000 - 0x00007ffd12b29000 	C:\WINDOWS\WinSxS\amd64_microsoft.windows.common-controls_6595b64144ccf1df_6.0.14393.0_none_2d0f50fcbdb171b8\COMCTL32.dll
0x00007ffd19a30000 - 0x00007ffd19cf7000 	C:\WINDOWS\System32\combase.dll
0x00007ffd18240000 - 0x00007ffd18335000 	C:\WINDOWS\System32\ucrtbase.dll
0x00007ffd181d0000 - 0x00007ffd1823a000 	C:\WINDOWS\System32\bcryptPrimitives.dll
0x00007ffd1a180000 - 0x00007ffd1a1ae000 	C:\WINDOWS\System32\IMM32.DLL
0x0000000056a90000 - 0x0000000056b62000 	D:\JAVA_enviroment\jre\bin\msvcr100.dll
0x0000000057170000 - 0x0000000057a03000 	D:\JAVA_enviroment\jre\bin\server\jvm.dll
0x00007ffd197b0000 - 0x00007ffd197b8000 	C:\WINDOWS\System32\PSAPI.DLL
0x00007ffd14d30000 - 0x00007ffd14d39000 	C:\WINDOWS\SYSTEM32\WSOCK32.dll
0x00007ffd16250000 - 0x00007ffd16273000 	C:\WINDOWS\SYSTEM32\WINMM.dll
0x00007ffd19e60000 - 0x00007ffd19eca000 	C:\WINDOWS\System32\WS2_32.dll
0x00007ffd14180000 - 0x00007ffd1418a000 	C:\WINDOWS\SYSTEM32\VERSION.dll
0x00007ffd161f0000 - 0x00007ffd1621b000 	C:\WINDOWS\SYSTEM32\WINMMBASE.dll
0x00007ffd17e20000 - 0x00007ffd17e62000 	C:\WINDOWS\System32\cfgmgr32.dll
0x0000000057080000 - 0x000000005708f000 	D:\JAVA_enviroment\jre\bin\verify.dll
0x0000000057050000 - 0x0000000057079000 	D:\JAVA_enviroment\jre\bin\java.dll
0x0000000057030000 - 0x0000000057046000 	D:\JAVA_enviroment\jre\bin\zip.dll
0x00007ffd1a420000 - 0x00007ffd1b928000 	C:\WINDOWS\System32\SHELL32.dll
0x00007ffd187e0000 - 0x00007ffd18eba000 	C:\WINDOWS\System32\windows.storage.dll
0x00007ffd17dc0000 - 0x00007ffd17e0c000 	C:\WINDOWS\System32\powrprof.dll
0x00007ffd1a250000 - 0x00007ffd1a2a2000 	C:\WINDOWS\System32\shlwapi.dll
0x00007ffd17e10000 - 0x00007ffd17e1f000 	C:\WINDOWS\System32\kernel.appcore.dll
0x00007ffd18730000 - 0x00007ffd187d9000 	C:\WINDOWS\System32\shcore.dll
0x00007ffd17da0000 - 0x00007ffd17db4000 	C:\WINDOWS\System32\profapi.dll

VM Arguments:
jvm_args: -Djava.awt.headless=true -Xmx1024M -Dfile.encoding=GBK -Duser.country=CN -Duser.language=zh -Duser.variant 
java_command: com.android.dx.command.Main --dex --force-jumbo --num-threads=4 --output D:\workspace1\FastSport\app\build\intermediates\pre-dexed\debug\internal_impl-24.2.1_05373273c5e0d0c45c261127d446e53cd179b464.jar D:\workspace1\FastSport\app\build\intermediates\exploded-aar\com.android.support\support-media-compat\24.2.1\jars\libs\internal_impl-24.2.1.jar
java_class_path (initial): D:\AndroidStdio_sdk\sdk\build-tools\24.0.0\lib\dx.jar
Launcher Type: SUN_STANDARD

Environment Variables:
JAVA_HOME=D:\JAVA_enviroment
PATH=C:\ProgramData\Oracle\Java\javapath;C:\WINDOWS\system32;C:\WINDOWS;C:\WINDOWS\System32\Wbem;C:\WINDOWS\System32\WindowsPowerShell\v1.0\;D:\JAVA_enviroment\bin;D:\JAVA_enviroment\jre\bin;D:\android_sdk\sdk\tools;C:\Program Files (x86)\NVIDIA Corporation\PhysX\Common;D:\AndroidStdio_sdk\sdk\tools;C:\Program Files (x86)\Microsoft SQL Server\100\Tools\Binn\;C:\Program Files\Microsoft SQL Server\100\Tools\Binn\;C:\Program Files\Microsoft SQL Server\100\DTS\Binn\;C:\Program Files (x86)\Microsoft SQL Server\100\Tools\Binn\VSShell\Common7\IDE\;C:\Program Files (x86)\Microsoft Visual Studio 9.0\Common7\IDE\PrivateAssemblies\;C:\Program Files (x86)\Microsoft SQL Server\100\DTS\Binn\;D:\android_sdk\sdk\platform-tools;D:\android_sdk\sdk\tools;C:\WINDOWS\system32;C:\WINDOWS;C:\WINDOWS\System32\Wbem;C:\WINDOWS\System32\WindowsPowerShell\v1.0\;C:\Users\Administrator\AppData\Local\Microsoft\WindowsApps;
USERNAME=Administrator
OS=Windows_NT
PROCESSOR_IDENTIFIER=Intel64 Family 6 Model 58 Stepping 9, GenuineIntel



---------------  S Y S T E M  ---------------

OS: Windows 10.0 , 64 bit Build 14393 (10.0.14393.0)

CPU:total 4 (2 cores per cpu, 2 threads per core) family 6 model 58 stepping 9, cmov, cx8, fxsr, mmx, sse, sse2, sse3, ssse3, sse4.1, sse4.2, popcnt, avx, aes, clmul, erms, ht, tsc, tscinvbit, tscinv

Memory: 4k page, physical 8271404k(833552k free), swap 8271404k(4812k free)

vm_info: Java HotSpot(TM) 64-Bit Server VM (25.91-b14) for windows-amd64 JRE (1.8.0_91-b14), built on Apr  1 2016 00:58:32 by "java_re" with MS VC++ 10.0 (VS2010)

time: Tue Oct 18 10:52:46 2016
elapsed time: 3 seconds (0d 0h 0m 3s)

