#
# There is insufficient memory for the Java Runtime Environment to continue.
# Native memory allocation (malloc) failed to allocate 32784 bytes for Chunk::new
# Possible reasons:
#   The system is out of physical RAM or swap space
#   In 32 bit mode, the process size limit was hit
# Possible solutions:
#   Reduce memory load on the system
#   Increase physical memory or swap space
#   Check if swap backing store is full
#   Use 64 bit Java on a 64 bit OS
#   Decrease Java heap size (-Xmx/-Xms)
#   Decrease number of Java threads
#   Decrease Java thread stack sizes (-Xss)
#   Set larger code cache with -XX:ReservedCodeCacheSize=
# This output file may be truncated or incomplete.
#
#  Out of Memory Error (allocation.cpp:390), pid=6632, tid=1056
#
# JRE version: Java(TM) SE Runtime Environment (8.0_91-b14) (build 1.8.0_91-b14)
# Java VM: Java HotSpot(TM) 64-Bit Server VM (25.91-b14 mixed mode windows-amd64 compressed oops)
# Failed to write core dump. Minidumps are not enabled by default on client versions of Windows
#

---------------  T H R E A D  ---------------

Current thread (0x000000001598e000):  JavaThread "C2 CompilerThread1" daemon [_thread_in_native, id=1056, stack(0x0000000017380000,0x0000000017480000)]

Stack: [0x0000000017380000,0x0000000017480000]
[error occurred during error reporting (printing stack bounds), id 0xc0000005]

Native frames: (J=compiled Java code, j=interpreted, Vv=VM code, C=native code)


Current CompileTask:
C2:   1740 1120       4       com.android.dx.ssa.SsaBasicBlock::forEachInsn (37 bytes)


---------------  P R O C E S S  ---------------

Java Threads: ( => current thread )
  0x0000000016f30800 JavaThread "pool-1-thread-4" [_thread_in_Java, id=4972, stack(0x0000000017b80000,0x0000000017c80000)]
  0x0000000016f2e000 JavaThread "pool-1-thread-3" [_thread_blocked, id=10340, stack(0x0000000017a80000,0x0000000017b80000)]
  0x0000000016f2d000 JavaThread "pool-1-thread-2" [_thread_in_Java, id=11160, stack(0x0000000017980000,0x0000000017a80000)]
  0x0000000016f2c800 JavaThread "pool-2-thread-1" [_thread_blocked, id=9128, stack(0x0000000017880000,0x0000000017980000)]
  0x0000000016ef1800 JavaThread "pool-1-thread-1" [_thread_blocked, id=10284, stack(0x0000000017780000,0x0000000017880000)]
  0x0000000016d10800 JavaThread "Service Thread" daemon [_thread_blocked, id=6468, stack(0x0000000017580000,0x0000000017680000)]
  0x0000000016c99800 JavaThread "C1 CompilerThread2" daemon [_thread_blocked, id=10356, stack(0x0000000017480000,0x0000000017580000)]
=>0x000000001598e000 JavaThread "C2 CompilerThread1" daemon [_thread_in_native, id=1056, stack(0x0000000017380000,0x0000000017480000)]
  0x000000001598c800 JavaThread "C2 CompilerThread0" daemon [_thread_in_native, id=6672, stack(0x0000000017280000,0x0000000017380000)]
  0x0000000015941000 JavaThread "Attach Listener" daemon [_thread_blocked, id=11148, stack(0x0000000017180000,0x0000000017280000)]
  0x0000000015940000 JavaThread "Signal Dispatcher" daemon [_thread_blocked, id=7636, stack(0x0000000017080000,0x0000000017180000)]
  0x000000001591a800 JavaThread "Finalizer" daemon [_thread_blocked, id=4632, stack(0x0000000016b80000,0x0000000016c80000)]
  0x0000000003251000 JavaThread "Reference Handler" daemon [_thread_blocked, id=3436, stack(0x0000000016a80000,0x0000000016b80000)]
  0x0000000003160800 JavaThread "main" [_thread_in_Java, id=4788, stack(0x0000000002fd0000,0x00000000030d0000)]

Other Threads:
  0x00000000158f7000 VMThread [stack: 0x0000000016980000,0x0000000016a80000] [id=3592]
  0x0000000016d4e000 WatcherThread [stack: 0x0000000017680000,0x0000000017780000] [id=5080]

VM state:not at safepoint (normal execution)

VM Mutex/Monitor currently owned by a thread: None

Heap:
 PSYoungGen      total 38400K, used 8137K [0x00000000eab00000, 0x00000000ed580000, 0x0000000100000000)
  eden space 33280K, 9% used [0x00000000eab00000,0x00000000eadf6860,0x00000000ecb80000)
  from space 5120K, 99% used [0x00000000ecb80000,0x00000000ed07bda0,0x00000000ed080000)
  to   space 5120K, 0% used [0x00000000ed080000,0x00000000ed080000,0x00000000ed580000)
 ParOldGen       total 87552K, used 399K [0x00000000c0000000, 0x00000000c5580000, 0x00000000eab00000)
  object space 87552K, 0% used [0x00000000c0000000,0x00000000c0063d20,0x00000000c5580000)
 Metaspace       used 5942K, capacity 6836K, committed 7040K, reserved 1056768K
  class space    used 600K, capacity 620K, committed 640K, reserved 1048576K

Card table byte_map: [0x0000000012620000,0x0000000012830000] byte_map_base: 0x0000000012020000

Marking Bits: (ParMarkBitMap*) 0x0000000057982f70
 Begin Bits: [0x0000000012d90000, 0x0000000013d90000)
 End Bits:   [0x0000000013d90000, 0x0000000014d90000)

Polling page: 0x0000000001050000

CodeCache: size=245760Kb used=4328Kb max_used=4341Kb free=241431Kb
 bounds [0x0000000003260000, 0x00000000036b0000, 0x0000000012260000]
 total_blobs=1391 nmethods=1120 adapters=184
 compilation: enabled

Compilation events (10 events):
Event: 1.701 Thread 0x0000000016c99800 nmethod 1113 0x0000000003692650 code [0x00000000036927a0, 0x00000000036928b0]
Event: 1.701 Thread 0x0000000016c99800 1119       3       com.android.dx.ssa.SsaMethod::onInsnsChanged (16 bytes)
Event: 1.701 Thread 0x0000000016c99800 nmethod 1119 0x0000000003695e50 code [0x0000000003695fa0, 0x0000000003696130]
Event: 1.702 Thread 0x0000000016c99800 1121       3       com.android.dx.dex.file.OffsettedItem::<init> (44 bytes)
Event: 1.702 Thread 0x0000000016c99800 nmethod 1121 0x00000000036955d0 code [0x0000000003695780, 0x0000000003695c58]
Event: 1.702 Thread 0x0000000016c99800 1122       3       com.android.dx.cf.code.Ropper::addExceptionSetupBlocks (203 bytes)
Event: 1.720 Thread 0x000000001598e000 nmethod 1095 0x000000000369e850 code [0x000000000369ea00, 0x000000000369f818]
Event: 1.720 Thread 0x000000001598e000 1120       4       com.android.dx.ssa.SsaBasicBlock::forEachInsn (37 bytes)
Event: 1.725 Thread 0x000000001598c800 nmethod 1117 0x00000000036a0990 code [0x00000000036a0b20, 0x00000000036a11e8]
Event: 1.725 Thread 0x000000001598c800 1118       4       com.android.dx.ssa.NormalSsaInsn::accept (25 bytes)

GC Heap History (2 events):
Event: 1.704 GC heap before
{Heap before GC invocations=1 (full 0):
 PSYoungGen      total 38400K, used 33280K [0x00000000eab00000, 0x00000000ed580000, 0x0000000100000000)
  eden space 33280K, 100% used [0x00000000eab00000,0x00000000ecb80000,0x00000000ecb80000)
  from space 5120K, 0% used [0x00000000ed080000,0x00000000ed080000,0x00000000ed580000)
  to   space 5120K, 0% used [0x00000000ecb80000,0x00000000ecb80000,0x00000000ed080000)
 ParOldGen       total 87552K, used 0K [0x00000000c0000000, 0x00000000c5580000, 0x00000000eab00000)
  object space 87552K, 0% used [0x00000000c0000000,0x00000000c0000000,0x00000000c5580000)
 Metaspace       used 5931K, capacity 6836K, committed 7040K, reserved 1056768K
  class space    used 600K, capacity 620K, committed 640K, reserved 1048576K
Event: 1.714 GC heap after
Heap after GC invocations=1 (full 0):
 PSYoungGen      total 38400K, used 5103K [0x00000000eab00000, 0x00000000ed580000, 0x0000000100000000)
  eden space 33280K, 0% used [0x00000000eab00000,0x00000000eab00000,0x00000000ecb80000)
  from space 5120K, 99% used [0x00000000ecb80000,0x00000000ed07bda0,0x00000000ed080000)
  to   space 5120K, 0% used [0x00000000ed080000,0x00000000ed080000,0x00000000ed580000)
 ParOldGen       total 87552K, used 399K [0x00000000c0000000, 0x00000000c5580000, 0x00000000eab00000)
  object space 87552K, 0% used [0x00000000c0000000,0x00000000c0063d20,0x00000000c5580000)
 Metaspace       used 5931K, capacity 6836K, committed 7040K, reserved 1056768K
  class space    used 600K, capacity 620K, committed 640K, reserved 1048576K
}

Deoptimization events (8 events):
Event: 0.274 Thread 0x0000000003160800 Uncommon trap: reason=unstable_if action=reinterpret pc=0x00000000033baa94 method=java.lang.String.compareTo(Ljava/lang/String;)I @ 38
Event: 1.091 Thread 0x0000000016f2d000 Uncommon trap: reason=unstable_if action=reinterpret pc=0x00000000034a3030 method=java.util.BitSet.nextSetBit(I)I @ 87
Event: 1.104 Thread 0x0000000016f30800 Uncommon trap: reason=unstable_if action=reinterpret pc=0x0000000003493698 method=java.util.HashMap.getNode(ILjava/lang/Object;)Ljava/util/HashMap$Node; @ 129
Event: 1.698 Thread 0x0000000016ef1800 Uncommon trap: reason=class_check action=maybe_recompile pc=0x0000000003586068 method=com.android.dx.ssa.NormalSsaInsn.accept(Lcom/android/dx/ssa/SsaInsn$Visitor;)V @ 9
Event: 1.699 Thread 0x0000000016ef1800 Uncommon trap: reason=class_check action=maybe_recompile pc=0x0000000003501eb0 method=com.android.dx.ssa.NormalSsaInsn.accept(Lcom/android/dx/ssa/SsaInsn$Visitor;)V @ 9
Event: 1.699 Thread 0x0000000016ef1800 Uncommon trap: reason=class_check action=maybe_recompile pc=0x0000000003501eb0 method=com.android.dx.ssa.NormalSsaInsn.accept(Lcom/android/dx/ssa/SsaInsn$Visitor;)V @ 9
Event: 1.700 Thread 0x0000000016ef1800 Uncommon trap: reason=class_check action=maybe_recompile pc=0x0000000003586068 method=com.android.dx.ssa.NormalSsaInsn.accept(Lcom/android/dx/ssa/SsaInsn$Visitor;)V @ 9
Event: 1.700 Thread 0x0000000016ef1800 Uncommon trap: reason=class_check action=maybe_recompile pc=0x0000000003501eb0 method=com.android.dx.ssa.NormalSsaInsn.accept(Lcom/android/dx/ssa/SsaInsn$Visitor;)V @ 9

Internal exceptions (2 events):
Event: 0.040 Thread 0x0000000003160800 Exception <a 'java/lang/NoSuchMethodError': Method sun.misc.Unsafe.defineClass(Ljava/lang/String;[BII)Ljava/lang/Class; name or signature does not match> (0x00000000eab07cc0) thrown at [C:\re\workspace\8-2-build-windows-amd64-cygwin\jdk8u91\6644\hotspot\srð‰ñ«q¸¤?
Event: 0.040 Thread 0x0000000003160800 Exception <a 'java/lang/NoSuchMethodError': Method sun.misc.Unsafe.prefetchRead(Ljava/lang/Object;J)V name or signature does not match> (0x00000000eab07fa8) thrown at [C:\re\workspace\8-2-build-windows-amd64-cygwin\jdk8u91\6644\hotspot\src\share\vm\prims\j

Events (10 events):
Event: 1.699 Thread 0x0000000016ef1800 DEOPT PACKING pc=0x0000000003501eb0 sp=0x000000001787e7d0
Event: 1.699 Thread 0x0000000016ef1800 DEOPT UNPACKING pc=0x00000000032a582a sp=0x000000001787e770 mode 2
Event: 1.700 Thread 0x0000000016ef1800 Uncommon trap: trap_request=0xffffffde fr.pc=0x0000000003586068
Event: 1.700 Thread 0x0000000016ef1800 DEOPT PACKING pc=0x0000000003586068 sp=0x000000001787e7c0
Event: 1.700 Thread 0x0000000016ef1800 DEOPT UNPACKING pc=0x00000000032a582a sp=0x000000001787e780 mode 2
Event: 1.700 Thread 0x0000000016ef1800 Uncommon trap: trap_request=0xffffffde fr.pc=0x0000000003501eb0
Event: 1.700 Thread 0x0000000016ef1800 DEOPT PACKING pc=0x0000000003501eb0 sp=0x000000001787e7d0
Event: 1.700 Thread 0x0000000016ef1800 DEOPT UNPACKING pc=0x00000000032a582a sp=0x000000001787e770 mode 2
Event: 1.704 Executing VM operation: ParallelGCFailedAllocation
Event: 1.714 Executing VM operation: ParallelGCFailedAllocation done


Dynamic libraries:
0x00007ff729440000 - 0x00007ff729477000 	D:\JAVA_enviroment\bin\java.exe
0x00007ffd1b930000 - 0x00007ffd1bb01000 	C:\WINDOWS\SYSTEM32\ntdll.dll
0x00007ffd1a370000 - 0x00007ffd1a41b000 	C:\WINDOWS\System32\KERNEL32.DLL
0x00007ffd18340000 - 0x00007ffd1855d000 	C:\WINDOWS\System32\KERNELBASE.dll
0x00007ffd19050000 - 0x00007ffd190f2000 	C:\WINDOWS\System32\ADVAPI32.dll
0x00007ffd19f40000 - 0x00007ffd19fde000 	C:\WINDOWS\System32\msvcrt.dll
0x00007ffd18ff0000 - 0x00007ffd19049000 	C:\WINDOWS\System32\sechost.dll
0x00007ffd19100000 - 0x00007ffd19221000 	C:\WINDOWS\System32\RPCRT4.dll
0x00007ffd197c0000 - 0x00007ffd19925000 	C:\WINDOWS\System32\USER32.dll
0x00007ffd17f70000 - 0x00007ffd17f8e000 	C:\WINDOWS\System32\win32u.dll
0x00007ffd18ec0000 - 0x00007ffd18ef4000 	C:\WINDOWS\System32\GDI32.dll
0x00007ffd18040000 - 0x00007ffd181c2000 	C:\WINDOWS\System32\gdi32full.dll
0x00007ffd128b0000 - 0x00007ffd12b29000 	C:\WINDOWS\WinSxS\amd64_microsoft.windows.common-controls_6595b64144ccf1df_6.0.14393.0_none_2d0f50fcbdb171b8\COMCTL32.dll
0x00007ffd19a30000 - 0x00007ffd19cf7000 	C:\WINDOWS\System32\combase.dll
0x00007ffd18240000 - 0x00007ffd18335000 	C:\WINDOWS\System32\ucrtbase.dll
0x00007ffd181d0000 - 0x00007ffd1823a000 	C:\WINDOWS\System32\bcryptPrimitives.dll
0x00007ffd1a180000 - 0x00007ffd1a1ae000 	C:\WINDOWS\System32\IMM32.DLL
0x0000000056a90000 - 0x0000000056b62000 	D:\JAVA_enviroment\jre\bin\msvcr100.dll
0x0000000057170000 - 0x0000000057a03000 	D:\JAVA_enviroment\jre\bin\server\jvm.dll
0x00007ffd197b0000 - 0x00007ffd197b8000 	C:\WINDOWS\System32\PSAPI.DLL
0x00007ffd14d30000 - 0x00007ffd14d39000 	C:\WINDOWS\SYSTEM32\WSOCK32.dll
0x00007ffd19e60000 - 0x00007ffd19eca000 	C:\WINDOWS\System32\WS2_32.dll
0x00007ffd16250000 - 0x00007ffd16273000 	C:\WINDOWS\SYSTEM32\WINMM.dll
0x00007ffd14180000 - 0x00007ffd1418a000 	C:\WINDOWS\SYSTEM32\VERSION.dll
0x00007ffd161f0000 - 0x00007ffd1621b000 	C:\WINDOWS\SYSTEM32\WINMMBASE.dll
0x00007ffd17e20000 - 0x00007ffd17e62000 	C:\WINDOWS\System32\cfgmgr32.dll
0x0000000057080000 - 0x000000005708f000 	D:\JAVA_enviroment\jre\bin\verify.dll
0x0000000057050000 - 0x0000000057079000 	D:\JAVA_enviroment\jre\bin\java.dll
0x0000000057030000 - 0x0000000057046000 	D:\JAVA_enviroment\jre\bin\zip.dll
0x00007ffd1a420000 - 0x00007ffd1b928000 	C:\WINDOWS\System32\SHELL32.dll
0x00007ffd187e0000 - 0x00007ffd18eba000 	C:\WINDOWS\System32\windows.storage.dll
0x00007ffd17dc0000 - 0x00007ffd17e0c000 	C:\WINDOWS\System32\powrprof.dll
0x00007ffd1a250000 - 0x00007ffd1a2a2000 	C:\WINDOWS\System32\shlwapi.dll
0x00007ffd17e10000 - 0x00007ffd17e1f000 	C:\WINDOWS\System32\kernel.appcore.dll
0x00007ffd18730000 - 0x00007ffd187d9000 	C:\WINDOWS\System32\shcore.dll
0x00007ffd17da0000 - 0x00007ffd17db4000 	C:\WINDOWS\System32\profapi.dll

VM Arguments:
jvm_args: -Djava.awt.headless=true -Xmx1024M -Dfile.encoding=GBK -Duser.country=CN -Duser.language=zh -Duser.variant 
java_command: com.android.dx.command.Main --dex --force-jumbo --num-threads=4 --output D:\workspace1\FastSport\app\build\intermediates\pre-dexed\debug\rxjava-1.1.6_86e26f1c3dc66059aac75630bfcff565fed0690d.jar D:\workspace1\FastSport\app\build\intermediates\exploded-aar\cn.bmob.android\bmob-sdk\3.5.0\jars\libs\rxjava-1.1.6.jar
java_class_path (initial): D:\AndroidStdio_sdk\sdk\build-tools\24.0.0\lib\dx.jar
Launcher Type: SUN_STANDARD

Environment Variables:
JAVA_HOME=D:\JAVA_enviroment
PATH=C:\ProgramData\Oracle\Java\javapath;C:\WINDOWS\system32;C:\WINDOWS;C:\WINDOWS\System32\Wbem;C:\WINDOWS\System32\WindowsPowerShell\v1.0\;D:\JAVA_enviroment\bin;D:\JAVA_enviroment\jre\bin;D:\android_sdk\sdk\tools;C:\Program Files (x86)\NVIDIA Corporation\PhysX\Common;D:\AndroidStdio_sdk\sdk\tools;C:\Program Files (x86)\Microsoft SQL Server\100\Tools\Binn\;C:\Program Files\Microsoft SQL Server\100\Tools\Binn\;C:\Program Files\Microsoft SQL Server\100\DTS\Binn\;C:\Program Files (x86)\Microsoft SQL Server\100\Tools\Binn\VSShell\Common7\IDE\;C:\Program Files (x86)\Microsoft Visual Studio 9.0\Common7\IDE\PrivateAssemblies\;C:\Program Files (x86)\Microsoft SQL Server\100\DTS\Binn\;D:\android_sdk\sdk\platform-tools;D:\android_sdk\sdk\tools;C:\WINDOWS\system32;C:\WINDOWS;C:\WINDOWS\System32\Wbem;C:\WINDOWS\System32\WindowsPowerShell\v1.0\;C:\Users\Administrator\AppData\Local\Microsoft\WindowsApps;
USERNAME=Administrator
OS=Windows_NT
PROCESSOR_IDENTIFIER=Intel64 Family 6 Model 58 Stepping 9, GenuineIntel



---------------  S Y S T E M  ---------------

OS: Windows 10.0 , 64 bit Build 14393 (10.0.14393.0)

CPU:total 4 (2 cores per cpu, 2 threads per core) family 6 model 58 stepping 9, cmov, cx8, fxsr, mmx, sse, sse2, sse3, ssse3, sse4.1, sse4.2, popcnt, avx, aes, clmul, erms, ht, tsc, tscinvbit, tscinv

Memory: 4k page, physical 8271404k(878988k free), swap 8271404k(5428k free)

vm_info: Java HotSpot(TM) 64-Bit Server VM (25.91-b14) for windows-amd64 JRE (1.8.0_91-b14), built on Apr  1 2016 00:58:32 by "java_re" with MS VC++ 10.0 (VS2010)

time: Tue Oct 18 10:53:01 2016
elapsed time: 1 seconds (0d 0h 0m 1s)

