#
# There is insufficient memory for the Java Runtime Environment to continue.
# Native memory allocation (malloc) failed to allocate 888096 bytes for Chunk::new
# Possible reasons:
#   The system is out of physical RAM or swap space
#   In 32 bit mode, the process size limit was hit
# Possible solutions:
#   Reduce memory load on the system
#   Increase physical memory or swap space
#   Check if swap backing store is full
#   Use 64 bit Java on a 64 bit OS
#   Decrease Java heap size (-Xmx/-Xms)
#   Decrease number of Java threads
#   Decrease Java thread stack sizes (-Xss)
#   Set larger code cache with -XX:ReservedCodeCacheSize=
# This output file may be truncated or incomplete.
#
#  Out of Memory Error (allocation.cpp:390), pid=2464, tid=8168
#
# JRE version: Java(TM) SE Runtime Environment (8.0_91-b14) (build 1.8.0_91-b14)
# Java VM: Java HotSpot(TM) 64-Bit Server VM (25.91-b14 mixed mode windows-amd64 compressed oops)
# Failed to write core dump. Minidumps are not enabled by default on client versions of Windows
#

---------------  T H R E A D  ---------------

Current thread (0x000000001587a000):  JavaThread "C2 CompilerThread0" daemon [_thread_in_native, id=8168, stack(0x00000000171a0000,0x00000000172a0000)]

Stack: [0x00000000171a0000,0x00000000172a0000]
[error occurred during error reporting (printing stack bounds), id 0xc0000005]

Native frames: (J=compiled Java code, j=interpreted, Vv=VM code, C=native code)


Current CompileTask:
C2:   1585 1157       4       com.android.dx.ssa.SCCP::simulateStmt (481 bytes)


---------------  P R O C E S S  ---------------

Java Threads: ( => current thread )
  0x0000000016e4b800 JavaThread "pool-1-thread-4" [_thread_blocked, id=3736, stack(0x0000000017aa0000,0x0000000017ba0000)]
  0x0000000016e47800 JavaThread "pool-1-thread-3" [_thread_blocked, id=4872, stack(0x00000000179a0000,0x0000000017aa0000)]
  0x0000000016e3b000 JavaThread "pool-1-thread-2" [_thread_blocked, id=10548, stack(0x00000000178a0000,0x00000000179a0000)]
  0x0000000016e35000 JavaThread "pool-2-thread-1" [_thread_blocked, id=2352, stack(0x00000000177a0000,0x00000000178a0000)]
  0x0000000016e32000 JavaThread "pool-1-thread-1" [_thread_in_Java, id=3096, stack(0x00000000176a0000,0x00000000177a0000)]
  0x0000000016c2c000 JavaThread "Service Thread" daemon [_thread_blocked, id=7520, stack(0x00000000174a0000,0x00000000175a0000)]
  0x0000000016bb5800 JavaThread "C1 CompilerThread2" daemon [_thread_blocked, id=5052, stack(0x00000000173a0000,0x00000000174a0000)]
  0x000000001587c000 JavaThread "C2 CompilerThread1" daemon [_thread_blocked, id=11120, stack(0x00000000172a0000,0x00000000173a0000)]
=>0x000000001587a000 JavaThread "C2 CompilerThread0" daemon [_thread_in_native, id=8168, stack(0x00000000171a0000,0x00000000172a0000)]
  0x000000001582d000 JavaThread "Attach Listener" daemon [_thread_blocked, id=4196, stack(0x00000000170a0000,0x00000000171a0000)]
  0x000000001582c000 JavaThread "Signal Dispatcher" daemon [_thread_blocked, id=9420, stack(0x0000000016fa0000,0x00000000170a0000)]
  0x000000001580a800 JavaThread "Finalizer" daemon [_thread_blocked, id=3744, stack(0x0000000016a90000,0x0000000016b90000)]
  0x00000000157e9000 JavaThread "Reference Handler" daemon [_thread_blocked, id=10328, stack(0x0000000016990000,0x0000000016a90000)]
  0x0000000003050800 JavaThread "main" [_thread_blocked, id=10028, stack(0x0000000002f50000,0x0000000003050000)]

Other Threads:
  0x00000000157e7000 VMThread [stack: 0x0000000016890000,0x0000000016990000] [id=812]
  0x0000000016c8d800 WatcherThread [stack: 0x00000000175a0000,0x00000000176a0000] [id=3572]

VM state:not at safepoint (normal execution)

VM Mutex/Monitor currently owned by a thread: None

Heap:
 PSYoungGen      total 38400K, used 6689K [0x00000000eab00000, 0x00000000ed580000, 0x0000000100000000)
  eden space 33280K, 4% used [0x00000000eab00000,0x00000000eac8fb48,0x00000000ecb80000)
  from space 5120K, 99% used [0x00000000ecb80000,0x00000000ed078ae8,0x00000000ed080000)
  to   space 5120K, 0% used [0x00000000ed080000,0x00000000ed080000,0x00000000ed580000)
 ParOldGen       total 87552K, used 1784K [0x00000000c0000000, 0x00000000c5580000, 0x00000000eab00000)
  object space 87552K, 2% used [0x00000000c0000000,0x00000000c01be3d8,0x00000000c5580000)
 Metaspace       used 5998K, capacity 6900K, committed 7040K, reserved 1056768K
  class space    used 599K, capacity 620K, committed 640K, reserved 1048576K

Card table byte_map: [0x0000000012510000,0x0000000012720000] byte_map_base: 0x0000000011f10000

Marking Bits: (ParMarkBitMap*) 0x0000000057982f70
 Begin Bits: [0x0000000012c80000, 0x0000000013c80000)
 End Bits:   [0x0000000013c80000, 0x0000000014c80000)

Polling page: 0x0000000000bf0000

CodeCache: size=245760Kb used=4754Kb max_used=4754Kb free=241005Kb
 bounds [0x0000000003150000, 0x0000000003600000, 0x0000000012150000]
 total_blobs=1431 nmethods=1158 adapters=184
 compilation: enabled

Compilation events (10 events):
Event: 1.307 Thread 0x000000001587c000 1155       4       com.android.dx.ssa.SsaMethod$1::visitNonMoveInsn (26 bytes)
Event: 1.307 Thread 0x0000000016bb5800 1156       3       com.android.dx.ssa.SsaMethod$1::visitPhiInsn (17 bytes)
Event: 1.307 Thread 0x0000000016bb5800 nmethod 1156 0x00000000035eac90 code [0x00000000035eae00, 0x00000000035eb1f0]
Event: 1.308 Thread 0x000000001587a000 1157       4       com.android.dx.ssa.SCCP::simulateStmt (481 bytes)
Event: 1.308 Thread 0x000000001587c000 nmethod 1155 0x00000000035e77d0 code [0x00000000035e7920, 0x00000000035e7a18]
Event: 1.308 Thread 0x000000001587c000 1158       4       java.util.Collections$UnmodifiableCollection$1::next (10 bytes)
Event: 1.310 Thread 0x0000000016bb5800 1160       3       com.android.dx.ssa.LocalVariableInfo::addAssignment (43 bytes)
Event: 1.310 Thread 0x000000001587c000 nmethod 1158 0x00000000035ea750 code [0x00000000035ea8c0, 0x00000000035eaa48]
Event: 1.310 Thread 0x000000001587c000 1159   !   4       com.android.dx.cf.code.BytecodeArray::parseInstruction (2764 bytes)
Event: 1.310 Thread 0x0000000016bb5800 nmethod 1160 0x00000000035e6810 code [0x00000000035e69e0, 0x00000000035e6fd8]

GC Heap History (2 events):
Event: 1.509 GC heap before
{Heap before GC invocations=1 (full 0):
 PSYoungGen      total 38400K, used 33280K [0x00000000eab00000, 0x00000000ed580000, 0x0000000100000000)
  eden space 33280K, 100% used [0x00000000eab00000,0x00000000ecb80000,0x00000000ecb80000)
  from space 5120K, 0% used [0x00000000ed080000,0x00000000ed080000,0x00000000ed580000)
  to   space 5120K, 0% used [0x00000000ecb80000,0x00000000ecb80000,0x00000000ed080000)
 ParOldGen       total 87552K, used 0K [0x00000000c0000000, 0x00000000c5580000, 0x00000000eab00000)
  object space 87552K, 0% used [0x00000000c0000000,0x00000000c0000000,0x00000000c5580000)
 Metaspace       used 5991K, capacity 6900K, committed 7040K, reserved 1056768K
  class space    used 599K, capacity 620K, committed 640K, reserved 1048576K
Event: 1.518 GC heap after
Heap after GC invocations=1 (full 0):
 PSYoungGen      total 38400K, used 5090K [0x00000000eab00000, 0x00000000ed580000, 0x0000000100000000)
  eden space 33280K, 0% used [0x00000000eab00000,0x00000000eab00000,0x00000000ecb80000)
  from space 5120K, 99% used [0x00000000ecb80000,0x00000000ed078ae8,0x00000000ed080000)
  to   space 5120K, 0% used [0x00000000ed080000,0x00000000ed080000,0x00000000ed580000)
 ParOldGen       total 87552K, used 1784K [0x00000000c0000000, 0x00000000c5580000, 0x00000000eab00000)
  object space 87552K, 2% used [0x00000000c0000000,0x00000000c01be3d8,0x00000000c5580000)
 Metaspace       used 5991K, capacity 6900K, committed 7040K, reserved 1056768K
  class space    used 599K, capacity 620K, committed 640K, reserved 1048576K
}

Deoptimization events (10 events):
Event: 0.564 Thread 0x0000000016e47800 Uncommon trap: reason=unstable_if action=reinterpret pc=0x000000000338ff30 method=java.util.HashMap.getNode(ILjava/lang/Object;)Ljava/util/HashMap$Node; @ 62
Event: 0.770 Thread 0x0000000016e3b000 Uncommon trap: reason=class_check action=maybe_recompile pc=0x0000000003408830 method=com.android.dx.ssa.NormalSsaInsn.accept(Lcom/android/dx/ssa/SsaInsn$Visitor;)V @ 9
Event: 0.976 Thread 0x0000000016e32000 Uncommon trap: reason=class_check action=maybe_recompile pc=0x0000000003493178 method=com.android.dx.ssa.NormalSsaInsn.accept(Lcom/android/dx/ssa/SsaInsn$Visitor;)V @ 9
Event: 0.976 Thread 0x0000000016e32000 Uncommon trap: reason=class_check action=maybe_recompile pc=0x0000000003408830 method=com.android.dx.ssa.NormalSsaInsn.accept(Lcom/android/dx/ssa/SsaInsn$Visitor;)V @ 9
Event: 0.976 Thread 0x0000000016e32000 Uncommon trap: reason=class_check action=maybe_recompile pc=0x0000000003408830 method=com.android.dx.ssa.NormalSsaInsn.accept(Lcom/android/dx/ssa/SsaInsn$Visitor;)V @ 9
Event: 0.976 Thread 0x0000000016e32000 Uncommon trap: reason=class_check action=maybe_recompile pc=0x0000000003493178 method=com.android.dx.ssa.NormalSsaInsn.accept(Lcom/android/dx/ssa/SsaInsn$Visitor;)V @ 9
Event: 1.062 Thread 0x0000000003050800 Uncommon trap: reason=unstable_if action=reinterpret pc=0x00000000035211f8 method=com.android.dx.ssa.SsaRenamer$BlockRenamer.addMapping(ILcom/android/dx/rop/code/RegisterSpec;)V @ 120
Event: 1.316 Thread 0x0000000003050800 Uncommon trap: reason=unstable_if action=reinterpret pc=0x00000000034c591c method=com.android.dx.rop.cst.Constant.compareTo(Lcom/android/dx/rop/cst/Constant;)I @ 12
Event: 1.316 Thread 0x0000000003050800 Uncommon trap: reason=bimorphic action=maybe_recompile pc=0x000000000340b9b4 method=java.util.HashMap.getNode(ILjava/lang/Object;)Ljava/util/HashMap$Node; @ 126
Event: 1.316 Thread 0x0000000003050800 Uncommon trap: reason=bimorphic action=maybe_recompile pc=0x000000000340b9b4 method=java.util.HashMap.getNode(ILjava/lang/Object;)Ljava/util/HashMap$Node; @ 126

Internal exceptions (2 events):
Event: 0.043 Thread 0x0000000003050800 Exception <a 'java/lang/NoSuchMethodError': Method sun.misc.Unsafe.defineClass(Ljava/lang/String;[BII)Ljava/lang/Class; name or signature does not match> (0x00000000eab07cc0) thrown at [C:\re\workspace\8-2-build-windows-amd64-cygwin\jdk8u91\6644\hotspot\srúÔÀ_¦?
Event: 0.043 Thread 0x0000000003050800 Exception <a 'java/lang/NoSuchMethodError': Method sun.misc.Unsafe.prefetchRead(Ljava/lang/Object;J)V name or signature does not match> (0x00000000eab07fa8) thrown at [C:\re\workspace\8-2-build-windows-amd64-cygwin\jdk8u91\6644\hotspot\src\share\vm\prims\j

Events (10 events):
Event: 1.316 Thread 0x0000000003050800 DEOPT PACKING pc=0x00000000034c591c sp=0x000000000304e050
Event: 1.316 Thread 0x0000000003050800 DEOPT UNPACKING pc=0x000000000319582a sp=0x000000000304dff0 mode 2
Event: 1.316 Thread 0x0000000003050800 Uncommon trap: trap_request=0xffffffc6 fr.pc=0x000000000340b9b4
Event: 1.316 Thread 0x0000000003050800 DEOPT PACKING pc=0x000000000340b9b4 sp=0x000000000304e2c0
Event: 1.316 Thread 0x0000000003050800 DEOPT UNPACKING pc=0x000000000319582a sp=0x000000000304e240 mode 2
Event: 1.316 Thread 0x0000000003050800 Uncommon trap: trap_request=0xffffffc6 fr.pc=0x000000000340b9b4
Event: 1.316 Thread 0x0000000003050800 DEOPT PACKING pc=0x000000000340b9b4 sp=0x000000000304e2c0
Event: 1.316 Thread 0x0000000003050800 DEOPT UNPACKING pc=0x000000000319582a sp=0x000000000304e240 mode 2
Event: 1.365 Executing VM operation: ParallelGCFailedAllocation
Event: 1.518 Executing VM operation: ParallelGCFailedAllocation done


Dynamic libraries:
0x00007ff729440000 - 0x00007ff729477000 	D:\JAVA_enviroment\bin\java.exe
0x00007ffd1b930000 - 0x00007ffd1bb01000 	C:\WINDOWS\SYSTEM32\ntdll.dll
0x00007ffd1a370000 - 0x00007ffd1a41b000 	C:\WINDOWS\System32\KERNEL32.DLL
0x00007ffd18340000 - 0x00007ffd1855d000 	C:\WINDOWS\System32\KERNELBASE.dll
0x00007ffd19050000 - 0x00007ffd190f2000 	C:\WINDOWS\System32\ADVAPI32.dll
0x00007ffd19f40000 - 0x00007ffd19fde000 	C:\WINDOWS\System32\msvcrt.dll
0x00007ffd18ff0000 - 0x00007ffd19049000 	C:\WINDOWS\System32\sechost.dll
0x00007ffd19100000 - 0x00007ffd19221000 	C:\WINDOWS\System32\RPCRT4.dll
0x00007ffd197c0000 - 0x00007ffd19925000 	C:\WINDOWS\System32\USER32.dll
0x00007ffd17f70000 - 0x00007ffd17f8e000 	C:\WINDOWS\System32\win32u.dll
0x00007ffd18ec0000 - 0x00007ffd18ef4000 	C:\WINDOWS\System32\GDI32.dll
0x00007ffd18040000 - 0x00007ffd181c2000 	C:\WINDOWS\System32\gdi32full.dll
0x00007ffd128b0000 - 0x00007ffd12b29000 	C:\WINDOWS\WinSxS\amd64_microsoft.windows.common-controls_6595b64144ccf1df_6.0.14393.0_none_2d0f50fcbdb171b8\COMCTL32.dll
0x00007ffd19a30000 - 0x00007ffd19cf7000 	C:\WINDOWS\System32\combase.dll
0x00007ffd18240000 - 0x00007ffd18335000 	C:\WINDOWS\System32\ucrtbase.dll
0x00007ffd181d0000 - 0x00007ffd1823a000 	C:\WINDOWS\System32\bcryptPrimitives.dll
0x00007ffd1a180000 - 0x00007ffd1a1ae000 	C:\WINDOWS\System32\IMM32.DLL
0x0000000056a90000 - 0x0000000056b62000 	D:\JAVA_enviroment\jre\bin\msvcr100.dll
0x0000000057170000 - 0x0000000057a03000 	D:\JAVA_enviroment\jre\bin\server\jvm.dll
0x00007ffd197b0000 - 0x00007ffd197b8000 	C:\WINDOWS\System32\PSAPI.DLL
0x00007ffd14d30000 - 0x00007ffd14d39000 	C:\WINDOWS\SYSTEM32\WSOCK32.dll
0x00007ffd14180000 - 0x00007ffd1418a000 	C:\WINDOWS\SYSTEM32\VERSION.dll
0x00007ffd16250000 - 0x00007ffd16273000 	C:\WINDOWS\SYSTEM32\WINMM.dll
0x00007ffd19e60000 - 0x00007ffd19eca000 	C:\WINDOWS\System32\WS2_32.dll
0x0000000002b30000 - 0x0000000002b5b000 	C:\WINDOWS\SYSTEM32\WINMMBASE.dll
0x00007ffd17e20000 - 0x00007ffd17e62000 	C:\WINDOWS\System32\cfgmgr32.dll
0x0000000057080000 - 0x000000005708f000 	D:\JAVA_enviroment\jre\bin\verify.dll
0x0000000057050000 - 0x0000000057079000 	D:\JAVA_enviroment\jre\bin\java.dll
0x0000000057030000 - 0x0000000057046000 	D:\JAVA_enviroment\jre\bin\zip.dll
0x00007ffd1a420000 - 0x00007ffd1b928000 	C:\WINDOWS\System32\SHELL32.dll
0x00007ffd187e0000 - 0x00007ffd18eba000 	C:\WINDOWS\System32\windows.storage.dll
0x00007ffd17dc0000 - 0x00007ffd17e0c000 	C:\WINDOWS\System32\powrprof.dll
0x00007ffd1a250000 - 0x00007ffd1a2a2000 	C:\WINDOWS\System32\shlwapi.dll
0x00007ffd17e10000 - 0x00007ffd17e1f000 	C:\WINDOWS\System32\kernel.appcore.dll
0x00007ffd18730000 - 0x00007ffd187d9000 	C:\WINDOWS\System32\shcore.dll
0x00007ffd17da0000 - 0x00007ffd17db4000 	C:\WINDOWS\System32\profapi.dll

VM Arguments:
jvm_args: -Djava.awt.headless=true -Xmx1024M -Dfile.encoding=GBK -Duser.country=CN -Duser.language=zh -Duser.variant 
java_command: com.android.dx.command.Main --dex --force-jumbo --num-threads=4 --output D:\workspace1\FastSport\app\build\intermediates\pre-dexed\debug\xUtils-2.6.14_202db90940df9880b4ddca384f0b6fb9bb907b52.jar D:\workspace1\FastSport\app\libs\xUtils-2.6.14.jar
java_class_path (initial): D:\AndroidStdio_sdk\sdk\build-tools\24.0.0\lib\dx.jar
Launcher Type: SUN_STANDARD

Environment Variables:
JAVA_HOME=D:\JAVA_enviroment
PATH=C:\ProgramData\Oracle\Java\javapath;C:\WINDOWS\system32;C:\WINDOWS;C:\WINDOWS\System32\Wbem;C:\WINDOWS\System32\WindowsPowerShell\v1.0\;D:\JAVA_enviroment\bin;D:\JAVA_enviroment\jre\bin;D:\android_sdk\sdk\tools;C:\Program Files (x86)\NVIDIA Corporation\PhysX\Common;D:\AndroidStdio_sdk\sdk\tools;C:\Program Files (x86)\Microsoft SQL Server\100\Tools\Binn\;C:\Program Files\Microsoft SQL Server\100\Tools\Binn\;C:\Program Files\Microsoft SQL Server\100\DTS\Binn\;C:\Program Files (x86)\Microsoft SQL Server\100\Tools\Binn\VSShell\Common7\IDE\;C:\Program Files (x86)\Microsoft Visual Studio 9.0\Common7\IDE\PrivateAssemblies\;C:\Program Files (x86)\Microsoft SQL Server\100\DTS\Binn\;D:\android_sdk\sdk\platform-tools;D:\android_sdk\sdk\tools;C:\WINDOWS\system32;C:\WINDOWS;C:\WINDOWS\System32\Wbem;C:\WINDOWS\System32\WindowsPowerShell\v1.0\;C:\Users\Administrator\AppData\Local\Microsoft\WindowsApps;
USERNAME=Administrator
OS=Windows_NT
PROCESSOR_IDENTIFIER=Intel64 Family 6 Model 58 Stepping 9, GenuineIntel



---------------  S Y S T E M  ---------------

OS: Windows 10.0 , 64 bit Build 14393 (10.0.14393.0)

CPU:total 4 (2 cores per cpu, 2 threads per core) family 6 model 58 stepping 9, cmov, cx8, fxsr, mmx, sse, sse2, sse3, ssse3, sse4.1, sse4.2, popcnt, avx, aes, clmul, erms, ht, tsc, tscinvbit, tscinv

Memory: 4k page, physical 8271404k(917888k free), swap 8271404k(5408k free)

vm_info: Java HotSpot(TM) 64-Bit Server VM (25.91-b14) for windows-amd64 JRE (1.8.0_91-b14), built on Apr  1 2016 00:58:32 by "java_re" with MS VC++ 10.0 (VS2010)

time: Tue Oct 18 10:53:14 2016
elapsed time: 1 seconds (0d 0h 0m 1s)

