#
# There is insufficient memory for the Java Runtime Environment to continue.
# Native memory allocation (malloc) failed to allocate 428816 bytes for Chunk::new
# Possible reasons:
#   The system is out of physical RAM or swap space
#   In 32 bit mode, the process size limit was hit
# Possible solutions:
#   Reduce memory load on the system
#   Increase physical memory or swap space
#   Check if swap backing store is full
#   Use 64 bit Java on a 64 bit OS
#   Decrease Java heap size (-Xmx/-Xms)
#   Decrease number of Java threads
#   Decrease Java thread stack sizes (-Xss)
#   Set larger code cache with -XX:ReservedCodeCacheSize=
# This output file may be truncated or incomplete.
#
#  Out of Memory Error (allocation.cpp:390), pid=12468, tid=7756
#
# JRE version: Java(TM) SE Runtime Environment (8.0_91-b14) (build 1.8.0_91-b14)
# Java VM: Java HotSpot(TM) 64-Bit Server VM (25.91-b14 mixed mode windows-amd64 compressed oops)
# Failed to write core dump. Minidumps are not enabled by default on client versions of Windows
#

---------------  T H R E A D  ---------------

Current thread (0x0000000014e89800):  JavaThread "C2 CompilerThread0" daemon [_thread_in_native, id=7756, stack(0x00000000167a0000,0x00000000168a0000)]

Stack: [0x00000000167a0000,0x00000000168a0000]
[error occurred during error reporting (printing stack bounds), id 0xc0000005]

Native frames: (J=compiled Java code, j=interpreted, Vv=VM code, C=native code)


Current CompileTask:
C2:   1771  991       4       com.android.dx.ssa.back.LivenessAnalyzer::handleTailRecursion (94 bytes)


---------------  P R O C E S S  ---------------

Java Threads: ( => current thread )
  0x000000001646c800 JavaThread "pool-1-thread-4" [_thread_blocked, id=12456, stack(0x00000000170a0000,0x00000000171a0000)]
  0x000000001646c000 JavaThread "pool-1-thread-3" [_thread_blocked, id=14168, stack(0x0000000016fa0000,0x00000000170a0000)]
  0x000000001644f800 JavaThread "pool-1-thread-2" [_thread_blocked, id=14676, stack(0x0000000016ea0000,0x0000000016fa0000)]
  0x00000000164e9000 JavaThread "pool-2-thread-1" [_thread_blocked, id=14424, stack(0x0000000016da0000,0x0000000016ea0000)]
  0x00000000164e8800 JavaThread "pool-1-thread-1" [_thread_blocked, id=14816, stack(0x0000000016ca0000,0x0000000016da0000)]
  0x0000000016200800 JavaThread "Service Thread" daemon [_thread_blocked, id=10848, stack(0x0000000016aa0000,0x0000000016ba0000)]
  0x00000000161f7000 JavaThread "C1 CompilerThread2" daemon [_thread_in_vm, id=13124, stack(0x00000000169a0000,0x0000000016aa0000)]
  0x0000000014e8c000 JavaThread "C2 CompilerThread1" daemon [_thread_in_native, id=15144, stack(0x00000000168a0000,0x00000000169a0000)]
=>0x0000000014e89800 JavaThread "C2 CompilerThread0" daemon [_thread_in_native, id=7756, stack(0x00000000167a0000,0x00000000168a0000)]
  0x0000000014e3d000 JavaThread "Attach Listener" daemon [_thread_blocked, id=9628, stack(0x00000000166a0000,0x00000000167a0000)]
  0x0000000014e3c000 JavaThread "Signal Dispatcher" daemon [_thread_blocked, id=11884, stack(0x00000000165a0000,0x00000000166a0000)]
  0x000000000275a800 JavaThread "Finalizer" daemon [_thread_blocked, id=7224, stack(0x00000000160a0000,0x00000000161a0000)]
  0x0000000014df9000 JavaThread "Reference Handler" daemon [_thread_blocked, id=708, stack(0x0000000015fa0000,0x00000000160a0000)]
  0x0000000002660800 JavaThread "main" [_thread_in_native, id=11576, stack(0x00000000024a0000,0x00000000025a0000)]

Other Threads:
  0x0000000014df7000 VMThread [stack: 0x0000000015ea0000,0x0000000015fa0000] [id=5412]
  0x000000001625b000 WatcherThread [stack: 0x0000000016ba0000,0x0000000016ca0000] [id=7156]

VM state:not at safepoint (normal execution)

VM Mutex/Monitor currently owned by a thread:  ([mutex/lock_event])
[0x000000000265b990] CodeCache_lock - owner thread: 0x00000000161f7000
[0x000000000265e970] Compile_lock - owner thread: 0x00000000161f7000
[0x000000000265d870] MethodCompileQueue_lock - owner thread: 0x00000000161f7000

Heap:
 PSYoungGen      total 38400K, used 22904K [0x00000000eab00000, 0x00000000ed580000, 0x0000000100000000)
  eden space 33280K, 68% used [0x00000000eab00000,0x00000000ec15e368,0x00000000ecb80000)
  from space 5120K, 0% used [0x00000000ed080000,0x00000000ed080000,0x00000000ed580000)
  to   space 5120K, 0% used [0x00000000ecb80000,0x00000000ecb80000,0x00000000ed080000)
 ParOldGen       total 87552K, used 0K [0x00000000c0000000, 0x00000000c5580000, 0x00000000eab00000)
  object space 87552K, 0% used [0x00000000c0000000,0x00000000c0000000,0x00000000c5580000)
 Metaspace       used 5807K, capacity 6832K, committed 7040K, reserved 1056768K
  class space    used 590K, capacity 616K, committed 640K, reserved 1048576K

Card table byte_map: [0x0000000011b20000,0x0000000011d30000] byte_map_base: 0x0000000011520000

Marking Bits: (ParMarkBitMap*) 0x0000000058972f70
 Begin Bits: [0x0000000012290000, 0x0000000013290000)
 End Bits:   [0x0000000013290000, 0x0000000014290000)

Polling page: 0x00000000020e0000

CodeCache: size=245760Kb used=4069Kb max_used=4069Kb free=241690Kb
 bounds [0x0000000002760000, 0x0000000002b60000, 0x0000000011760000]
 total_blobs=1267 nmethods=1001 adapters=178
 compilation: enabled

Compilation events (10 events):
Event: 1.736 Thread 0x00000000161f7000 1000       3       java.lang.Float::isNaN (12 bytes)
Event: 1.737 Thread 0x00000000161f7000 nmethod 1000 0x0000000002b4ce50 code [0x0000000002b4cfa0, 0x0000000002b4d150]
Event: 1.737 Thread 0x00000000161f7000 1001       3       java.lang.Character::forDigit (42 bytes)
Event: 1.737 Thread 0x00000000161f7000 nmethod 1001 0x0000000002b4c9d0 code [0x0000000002b4cb40, 0x0000000002b4cdf0]
Event: 1.741 Thread 0x00000000161f7000 1002       3       com.android.dx.rop.code.RegisterSpecList::withFirst (64 bytes)
Event: 1.742 Thread 0x00000000161f7000 nmethod 1002 0x0000000002b538d0 code [0x0000000002b53b60, 0x0000000002b54ee8]
Event: 1.742 Thread 0x00000000161f7000 1004       3       com.android.dx.rop.code.LocalItem::compareTo (9 bytes)
Event: 1.743 Thread 0x00000000161f7000 nmethod 1004 0x0000000002b55bd0 code [0x0000000002b55d80, 0x0000000002b56458]
Event: 1.743 Thread 0x00000000161f7000 1003       1       com.android.dx.cf.attrib.AttSourceFile::getSourceFile (5 bytes)
Event: 1.743 Thread 0x00000000161f7000 nmethod 1003 0x0000000002b4c710 code [0x0000000002b4c860, 0x0000000002b4c970]

GC Heap History (0 events):
No events

Deoptimization events (2 events):
Event: 1.186 Thread 0x000000001646c000 Uncommon trap: reason=unstable_if action=reinterpret pc=0x00000000029929b0 method=java.util.BitSet.nextSetBit(I)I @ 87
Event: 1.376 Thread 0x000000001646c800 Uncommon trap: reason=unstable_if action=reinterpret pc=0x0000000002991cf4 method=java.util.HashMap.getNode(ILjava/lang/Object;)Ljava/util/HashMap$Node; @ 62

Internal exceptions (2 events):
Event: 0.065 Thread 0x0000000002660800 Exception <a 'java/lang/NoSuchMethodError': Method sun.misc.Unsafe.defineClass(Ljava/lang/String;[BII)Ljava/lang/Class; name or signature does not match> (0x00000000eab07cc0) thrown at [C:\re\workspace\8-2-build-windows-amd64-cygwin\jdk8u91\6644\hotspot\sr‡h6lª°?
Event: 0.065 Thread 0x0000000002660800 Exception <a 'java/lang/NoSuchMethodError': Method sun.misc.Unsafe.prefetchRead(Ljava/lang/Object;J)V name or signature does not match> (0x00000000eab07fa8) thrown at [C:\re\workspace\8-2-build-windows-amd64-cygwin\jdk8u91\6644\hotspot\src\share\vm\prims\j

Events (10 events):
Event: 1.387 loading class java/util/HashMap$ValueIterator
Event: 1.387 loading class java/util/HashMap$ValueIterator done
Event: 1.465 loading class com/android/dx/cf/attrib/AttRuntimeVisibleAnnotations
Event: 1.465 loading class com/android/dx/cf/attrib/AttRuntimeVisibleAnnotations done
Event: 1.470 loading class com/android/dx/cf/attrib/AttExceptions
Event: 1.470 loading class com/android/dx/cf/attrib/AttExceptions done
Event: 1.612 Executing VM operation: ForceSafepoint
Event: 1.614 Executing VM operation: ForceSafepoint done
Event: 1.620 loading class java/util/DualPivotQuicksort
Event: 1.620 loading class java/util/DualPivotQuicksort done


Dynamic libraries:
0x00007ff6d6940000 - 0x00007ff6d6977000 	D:\JAVA_enviroment\bin\java.exe
0x00007ffe578f0000 - 0x00007ffe57ac1000 	C:\WINDOWS\SYSTEM32\ntdll.dll
0x00007ffe55b40000 - 0x00007ffe55beb000 	C:\WINDOWS\System32\KERNEL32.DLL
0x00007ffe54150000 - 0x00007ffe5436d000 	C:\WINDOWS\System32\KERNELBASE.dll
0x00007ffe577a0000 - 0x00007ffe57842000 	C:\WINDOWS\System32\ADVAPI32.dll
0x00007ffe57850000 - 0x00007ffe578ee000 	C:\WINDOWS\System32\msvcrt.dll
0x00007ffe557a0000 - 0x00007ffe557f9000 	C:\WINDOWS\System32\sechost.dll
0x00007ffe55200000 - 0x00007ffe55321000 	C:\WINDOWS\System32\RPCRT4.dll
0x00007ffe560b0000 - 0x00007ffe56215000 	C:\WINDOWS\System32\USER32.dll
0x00007ffe54130000 - 0x00007ffe5414e000 	C:\WINDOWS\System32\win32u.dll
0x00007ffe54ef0000 - 0x00007ffe54f24000 	C:\WINDOWS\System32\GDI32.dll
0x00007ffe53f40000 - 0x00007ffe540c2000 	C:\WINDOWS\System32\gdi32full.dll
0x00007ffe4d170000 - 0x00007ffe4d3e9000 	C:\WINDOWS\WinSxS\amd64_microsoft.windows.common-controls_6595b64144ccf1df_6.0.14393.447_none_42191651c6827bb3\COMCTL32.dll
0x00007ffe55870000 - 0x00007ffe55b37000 	C:\WINDOWS\System32\combase.dll
0x00007ffe54d10000 - 0x00007ffe54e05000 	C:\WINDOWS\System32\ucrtbase.dll
0x00007ffe54e10000 - 0x00007ffe54e7a000 	C:\WINDOWS\System32\bcryptPrimitives.dll
0x00007ffe551d0000 - 0x00007ffe551fe000 	C:\WINDOWS\System32\IMM32.DLL
0x0000000057b30000 - 0x0000000057c02000 	D:\JAVA_enviroment\jre\bin\msvcr100.dll
0x0000000058160000 - 0x00000000589f3000 	D:\JAVA_enviroment\jre\bin\server\jvm.dll
0x00007ffe54e80000 - 0x00007ffe54e88000 	C:\WINDOWS\System32\PSAPI.DLL
0x00007ffe50c40000 - 0x00007ffe50c49000 	C:\WINDOWS\SYSTEM32\WSOCK32.dll
0x00007ffe55430000 - 0x00007ffe5549a000 	C:\WINDOWS\System32\WS2_32.dll
0x00007ffe51960000 - 0x00007ffe51983000 	C:\WINDOWS\SYSTEM32\WINMM.dll
0x00007ffe4fc50000 - 0x00007ffe4fc5a000 	C:\WINDOWS\SYSTEM32\VERSION.dll
0x00007ffe51930000 - 0x00007ffe5195b000 	C:\WINDOWS\SYSTEM32\WINMMBASE.dll
0x00007ffe54370000 - 0x00007ffe543b2000 	C:\WINDOWS\System32\cfgmgr32.dll
0x0000000058070000 - 0x000000005807f000 	D:\JAVA_enviroment\jre\bin\verify.dll
0x0000000058040000 - 0x0000000058069000 	D:\JAVA_enviroment\jre\bin\java.dll
0x0000000058020000 - 0x0000000058036000 	D:\JAVA_enviroment\jre\bin\zip.dll
0x00007ffe56220000 - 0x00007ffe57729000 	C:\WINDOWS\System32\SHELL32.dll
0x00007ffe543c0000 - 0x00007ffe54a9a000 	C:\WINDOWS\System32\windows.storage.dll
0x00007ffe53d70000 - 0x00007ffe53dbc000 	C:\WINDOWS\System32\powrprof.dll
0x00007ffe55800000 - 0x00007ffe55852000 	C:\WINDOWS\System32\shlwapi.dll
0x00007ffe53d50000 - 0x00007ffe53d5f000 	C:\WINDOWS\System32\kernel.appcore.dll
0x00007ffe53e90000 - 0x00007ffe53f39000 	C:\WINDOWS\System32\shcore.dll
0x00007ffe53dc0000 - 0x00007ffe53dd4000 	C:\WINDOWS\System32\profapi.dll

VM Arguments:
jvm_args: -Djava.awt.headless=true -Xmx1024M -Dfile.encoding=GBK -Duser.country=CN -Duser.language=zh -Duser.variant 
java_command: com.android.dx.command.Main --dex --force-jumbo --num-threads=4 --output D:\workspace1\FastSport\app\build\intermediates\pre-dexed\debug\com.android.support-support-media-compat-24.2.1_7903e451e40c4877b6e5b080f24f43cc726b3158.jar D:\workspace1\FastSport\app\build\intermediates\exploded-aar\com.android.support\support-media-compat\24.2.1\jars\classes.jar
java_class_path (initial): D:\AndroidStdio_sdk\sdk\build-tools\24.0.0\lib\dx.jar
Launcher Type: SUN_STANDARD

Environment Variables:
JAVA_HOME=D:\JAVA_enviroment
PATH=C:\ProgramData\Oracle\Java\javapath;C:\WINDOWS\system32;C:\WINDOWS;C:\WINDOWS\System32\Wbem;C:\WINDOWS\System32\WindowsPowerShell\v1.0\;D:\JAVA_enviroment\bin;D:\JAVA_enviroment\jre\bin;D:\android_sdk\sdk\tools;C:\Program Files (x86)\NVIDIA Corporation\PhysX\Common;D:\AndroidStdio_sdk\sdk\tools;C:\Program Files (x86)\Microsoft SQL Server\100\Tools\Binn\;C:\Program Files\Microsoft SQL Server\100\Tools\Binn\;C:\Program Files\Microsoft SQL Server\100\DTS\Binn\;C:\Program Files (x86)\Microsoft SQL Server\100\Tools\Binn\VSShell\Common7\IDE\;C:\Program Files (x86)\Microsoft Visual Studio 9.0\Common7\IDE\PrivateAssemblies\;C:\Program Files (x86)\Microsoft SQL Server\100\DTS\Binn\;D:\android_sdk\sdk\platform-tools;D:\android_sdk\sdk\tools;C:\WINDOWS\system32;C:\WINDOWS;C:\WINDOWS\System32\Wbem;C:\WINDOWS\System32\WindowsPowerShell\v1.0\;C:\Users\Administrator\AppData\Local\Microsoft\WindowsApps;
USERNAME=Administrator
OS=Windows_NT
PROCESSOR_IDENTIFIER=Intel64 Family 6 Model 58 Stepping 9, GenuineIntel



---------------  S Y S T E M  ---------------

OS: Windows 10.0 , 64 bit Build 14393 (10.0.14393.0)

CPU:total 4 (2 cores per cpu, 2 threads per core) family 6 model 58 stepping 9, cmov, cx8, fxsr, mmx, sse, sse2, sse3, ssse3, sse4.1, sse4.2, popcnt, avx, aes, clmul, erms, ht, tsc, tscinvbit, tscinv

Memory: 4k page, physical 8271404k(1169908k free), swap 8271404k(1388k free)

vm_info: Java HotSpot(TM) 64-Bit Server VM (25.91-b14) for windows-amd64 JRE (1.8.0_91-b14), built on Apr  1 2016 00:58:32 by "java_re" with MS VC++ 10.0 (VS2010)

time: Sat Nov 12 21:02:43 2016
elapsed time: 1 seconds (0d 0h 0m 1s)

