#
# There is insufficient memory for the Java Runtime Environment to continue.
# Native memory allocation (malloc) failed to allocate 32744 bytes for ChunkPool::allocate
# Possible reasons:
#   The system is out of physical RAM or swap space
#   In 32 bit mode, the process size limit was hit
# Possible solutions:
#   Reduce memory load on the system
#   Increase physical memory or swap space
#   Check if swap backing store is full
#   Use 64 bit Java on a 64 bit OS
#   Decrease Java heap size (-Xmx/-Xms)
#   Decrease number of Java threads
#   Decrease Java thread stack sizes (-Xss)
#   Set larger code cache with -XX:ReservedCodeCacheSize=
# This output file may be truncated or incomplete.
#
#  Out of Memory Error (allocation.cpp:273), pid=12648, tid=12960
#
# JRE version: Java(TM) SE Runtime Environment (8.0_91-b14) (build 1.8.0_91-b14)
# Java VM: Java HotSpot(TM) 64-Bit Server VM (25.91-b14 mixed mode windows-amd64 compressed oops)
# Failed to write core dump. Minidumps are not enabled by default on client versions of Windows
#

---------------  T H R E A D  ---------------

Current thread (0x000000001564a800):  JavaThread "C2 CompilerThread0" daemon [_thread_in_native, id=12960, stack(0x0000000016f50000,0x0000000017050000)]

Stack: [0x0000000016f50000,0x0000000017050000]
[error occurred during error reporting (printing stack bounds), id 0xc0000005]

Native frames: (J=compiled Java code, j=interpreted, Vv=VM code, C=native code)


Current CompileTask:
C2:  31342 2314       4       com.android.dx.cf.code.Simulator$SimVisitor::visitNoArgs (2136 bytes)


---------------  P R O C E S S  ---------------

Java Threads: ( => current thread )
  0x0000000016ba6000 JavaThread "pool-1-thread-4" [_thread_in_Java, id=11076, stack(0x0000000017850000,0x0000000017950000)]
  0x0000000016ba5800 JavaThread "pool-1-thread-3" [_thread_in_Java, id=9496, stack(0x0000000017750000,0x0000000017850000)]
  0x0000000016aa3000 JavaThread "pool-2-thread-1" [_thread_blocked, id=12116, stack(0x0000000017550000,0x0000000017650000)]
  0x0000000016a90000 JavaThread "pool-1-thread-1" [_thread_in_Java, id=7544, stack(0x0000000017450000,0x0000000017550000)]
  0x00000000169da800 JavaThread "Service Thread" daemon [_thread_blocked, id=11648, stack(0x0000000017250000,0x0000000017350000)]
  0x00000000169ac000 JavaThread "C1 CompilerThread2" daemon [_thread_blocked, id=8908, stack(0x0000000017150000,0x0000000017250000)]
  0x000000001564d800 JavaThread "C2 CompilerThread1" daemon [_thread_in_native, id=10028, stack(0x0000000017050000,0x0000000017150000)]
=>0x000000001564a800 JavaThread "C2 CompilerThread0" daemon [_thread_in_native, id=12960, stack(0x0000000016f50000,0x0000000017050000)]
  0x0000000015648800 JavaThread "Attach Listener" daemon [_thread_blocked, id=9284, stack(0x0000000016e50000,0x0000000016f50000)]
  0x0000000016958800 JavaThread "Signal Dispatcher" daemon [_thread_blocked, id=10524, stack(0x0000000016d50000,0x0000000016e50000)]
  0x00000000155da000 JavaThread "Finalizer" daemon [_thread_blocked, id=3868, stack(0x0000000016850000,0x0000000016950000)]
  0x00000000155b9000 JavaThread "Reference Handler" daemon [_thread_blocked, id=12508, stack(0x0000000016750000,0x0000000016850000)]
  0x0000000002e20800 JavaThread "main" [_thread_blocked, id=13268, stack(0x0000000002c30000,0x0000000002d30000)]

Other Threads:
  0x00000000155b7000 VMThread [stack: 0x0000000016650000,0x0000000016750000] [id=6580]
  0x00000000169fe000 WatcherThread [stack: 0x0000000017350000,0x0000000017450000] [id=11196]

VM state:not at safepoint (normal execution)

VM Mutex/Monitor currently owned by a thread: None

Heap:
 PSYoungGen      total 245248K, used 18860K [0x00000000eab00000, 0x0000000100000000, 0x0000000100000000)
  eden space 190464K, 9% used [0x00000000eab00000,0x00000000ebd6b288,0x00000000f6500000)
  from space 54784K, 0% used [0x00000000fc800000,0x00000000fc800000,0x00000000ffd80000)
  to   space 79360K, 0% used [0x00000000f6500000,0x00000000f6500000,0x00000000fb280000)
 ParOldGen       total 255488K, used 119214K [0x00000000c0000000, 0x00000000cf980000, 0x00000000eab00000)
  object space 255488K, 46% used [0x00000000c0000000,0x00000000c746b9d0,0x00000000cf980000)
 Metaspace       used 6199K, capacity 7152K, committed 7296K, reserved 1056768K
  class space    used 593K, capacity 616K, committed 640K, reserved 1048576K

Card table byte_map: [0x00000000122e0000,0x00000000124f0000] byte_map_base: 0x0000000011ce0000

Marking Bits: (ParMarkBitMap*) 0x0000000060552f70
 Begin Bits: [0x0000000012a50000, 0x0000000013a50000)
 End Bits:   [0x0000000013a50000, 0x0000000014a50000)

Polling page: 0x0000000001130000

CodeCache: size=245760Kb used=9086Kb max_used=10215Kb free=236673Kb
 bounds [0x0000000002f20000, 0x0000000003930000, 0x0000000011f20000]
 total_blobs=2044 nmethods=1777 adapters=177
 compilation: enabled

Compilation events (10 events):
Event: 26.851 Thread 0x000000001564d800 2318 %     4       com.android.dx.dex.code.BlockAddresses::setupArrays @ 13 (113 bytes)
Event: 26.888 Thread 0x000000001564d800 nmethod 2318% 0x000000000339d7d0 code [0x000000000339d980, 0x000000000339e158]
Event: 26.888 Thread 0x000000001564d800 2317 %     4       com.android.dx.rop.code.LocalVariableExtractor::doit @ 8 (49 bytes)
Event: 26.906 Thread 0x000000001564d800 nmethod 2317% 0x00000000030e7950 code [0x00000000030e7aa0, 0x00000000030e7de8]
Event: 26.976 Thread 0x000000001564d800 2321       4       com.android.dx.ssa.SsaMethod::convertRopToSsaBlocks (103 bytes)
Event: 27.040 Thread 0x000000001564d800 nmethod 2321 0x00000000031fc9d0 code [0x00000000031fcbe0, 0x00000000031fd7f0]
Event: 27.040 Thread 0x000000001564d800 2322       4       com.android.dx.ssa.SsaConverter::edgeSplitPredecessors (44 bytes)
Event: 27.081 Thread 0x000000001564d800 nmethod 2322 0x00000000030a6d50 code [0x00000000030a6f20, 0x00000000030a76e0]
Event: 27.102 Thread 0x000000001564d800 2323       4       com.android.dx.ssa.SsaConverter::edgeSplitMoveExceptionsAndResults (157 bytes)
Event: 27.137 Thread 0x000000001564d800 nmethod 2323 0x0000000003364e90 code [0x0000000003365080, 0x0000000003365700]

GC Heap History (10 events):
Event: 14.341 GC heap before
{Heap before GC invocations=6 (full 1):
 PSYoungGen      total 138240K, used 5118K [0x00000000eab00000, 0x00000000ffe00000, 0x0000000100000000)
  eden space 133120K, 0% used [0x00000000eab00000,0x00000000eab00000,0x00000000f2d00000)
  from space 5120K, 99% used [0x00000000f2d00000,0x00000000f31ff970,0x00000000f3200000)
  to   space 40448K, 0% used [0x00000000fd680000,0x00000000fd680000,0x00000000ffe00000)
 ParOldGen       total 87552K, used 72147K [0x00000000c0000000, 0x00000000c5580000, 0x00000000eab00000)
  object space 87552K, 82% used [0x00000000c0000000,0x00000000c4674c30,0x00000000c5580000)
 Metaspace       used 6138K, capacity 7152K, committed 7296K, reserved 1056768K
  class space    used 590K, capacity 616K, committed 640K, reserved 1048576K
Event: 16.181 GC heap after
Heap after GC invocations=6 (full 1):
 PSYoungGen      total 138240K, used 0K [0x00000000eab00000, 0x00000000ffe00000, 0x0000000100000000)
  eden space 133120K, 0% used [0x00000000eab00000,0x00000000eab00000,0x00000000f2d00000)
  from space 5120K, 0% used [0x00000000f2d00000,0x00000000f2d00000,0x00000000f3200000)
  to   space 40448K, 0% used [0x00000000fd680000,0x00000000fd680000,0x00000000ffe00000)
 ParOldGen       total 135168K, used 45046K [0x00000000c0000000, 0x00000000c8400000, 0x00000000eab00000)
  object space 135168K, 33% used [0x00000000c0000000,0x00000000c2bfdb50,0x00000000c8400000)
 Metaspace       used 6138K, capacity 7152K, committed 7296K, reserved 1056768K
  class space    used 590K, capacity 616K, committed 640K, reserved 1048576K
}
Event: 19.022 GC heap before
{Heap before GC invocations=7 (full 1):
 PSYoungGen      total 138240K, used 133120K [0x00000000eab00000, 0x00000000ffe00000, 0x0000000100000000)
  eden space 133120K, 100% used [0x00000000eab00000,0x00000000f2d00000,0x00000000f2d00000)
  from space 5120K, 0% used [0x00000000f2d00000,0x00000000f2d00000,0x00000000f3200000)
  to   space 40448K, 0% used [0x00000000fd680000,0x00000000fd680000,0x00000000ffe00000)
 ParOldGen       total 135168K, used 45046K [0x00000000c0000000, 0x00000000c8400000, 0x00000000eab00000)
  object space 135168K, 33% used [0x00000000c0000000,0x00000000c2bfdb50,0x00000000c8400000)
 Metaspace       used 6150K, capacity 7152K, committed 7296K, reserved 1056768K
  class space    used 590K, capacity 616K, committed 640K, reserved 1048576K
Event: 19.120 GC heap after
Heap after GC invocations=7 (full 1):
 PSYoungGen      total 192000K, used 16755K [0x00000000eab00000, 0x00000000fe700000, 0x0000000100000000)
  eden space 175104K, 0% used [0x00000000eab00000,0x00000000eab00000,0x00000000f5600000)
  from space 16896K, 99% used [0x00000000fd680000,0x00000000fe6dcd98,0x00000000fe700000)
  to   space 37888K, 0% used [0x00000000f9d00000,0x00000000f9d00000,0x00000000fc200000)
 ParOldGen       total 135168K, used 45054K [0x00000000c0000000, 0x00000000c8400000, 0x00000000eab00000)
  object space 135168K, 33% used [0x00000000c0000000,0x00000000c2bffb50,0x00000000c8400000)
 Metaspace       used 6150K, capacity 7152K, committed 7296K, reserved 1056768K
  class space    used 590K, capacity 616K, committed 640K, reserved 1048576K
}
Event: 22.516 GC heap before
{Heap before GC invocations=8 (full 1):
 PSYoungGen      total 192000K, used 191859K [0x00000000eab00000, 0x00000000fe700000, 0x0000000100000000)
  eden space 175104K, 100% used [0x00000000eab00000,0x00000000f5600000,0x00000000f5600000)
  from space 16896K, 99% used [0x00000000fd680000,0x00000000fe6dcd98,0x00000000fe700000)
  to   space 37888K, 0% used [0x00000000f9d00000,0x00000000f9d00000,0x00000000fc200000)
 ParOldGen       total 135168K, used 45054K [0x00000000c0000000, 0x00000000c8400000, 0x00000000eab00000)
  object space 135168K, 33% used [0x00000000c0000000,0x00000000c2bffb50,0x00000000c8400000)
 Metaspace       used 6167K, capacity 7152K, committed 7296K, reserved 1056768K
  class space    used 591K, capacity 616K, committed 640K, reserved 1048576K
Event: 22.860 GC heap after
Heap after GC invocations=8 (full 1):
 PSYoungGen      total 274944K, used 37879K [0x00000000eab00000, 0x00000000ffd80000, 0x0000000100000000)
  eden space 237056K, 0% used [0x00000000eab00000,0x00000000eab00000,0x00000000f9280000)
  from space 37888K, 99% used [0x00000000f9d00000,0x00000000fc1fde18,0x00000000fc200000)
  to   space 54784K, 0% used [0x00000000fc800000,0x00000000fc800000,0x00000000ffd80000)
 ParOldGen       total 135168K, used 65461K [0x00000000c0000000, 0x00000000c8400000, 0x00000000eab00000)
  object space 135168K, 48% used [0x00000000c0000000,0x00000000c3fed5d8,0x00000000c8400000)
 Metaspace       used 6167K, capacity 7152K, committed 7296K, reserved 1056768K
  class space    used 591K, capacity 616K, committed 640K, reserved 1048576K
}
Event: 27.211 GC heap before
{Heap before GC invocations=9 (full 1):
 PSYoungGen      total 274944K, used 274935K [0x00000000eab00000, 0x00000000ffd80000, 0x0000000100000000)
  eden space 237056K, 100% used [0x00000000eab00000,0x00000000f9280000,0x00000000f9280000)
  from space 37888K, 99% used [0x00000000f9d00000,0x00000000fc1fde18,0x00000000fc200000)
  to   space 54784K, 0% used [0x00000000fc800000,0x00000000fc800000,0x00000000ffd80000)
 ParOldGen       total 135168K, used 65461K [0x00000000c0000000, 0x00000000c8400000, 0x00000000eab00000)
  object space 135168K, 48% used [0x00000000c0000000,0x00000000c3fed5d8,0x00000000c8400000)
 Metaspace       used 6199K, capacity 7152K, committed 7296K, reserved 1056768K
  class space    used 593K, capacity 616K, committed 640K, reserved 1048576K
Event: 27.735 GC heap after
Heap after GC invocations=9 (full 1):
 PSYoungGen      total 245248K, used 54782K [0x00000000eab00000, 0x0000000100000000, 0x0000000100000000)
  eden space 190464K, 0% used [0x00000000eab00000,0x00000000eab00000,0x00000000f6500000)
  from space 54784K, 99% used [0x00000000fc800000,0x00000000ffd7fa28,0x00000000ffd80000)
  to   space 79360K, 0% used [0x00000000f6500000,0x00000000f6500000,0x00000000fb280000)
 ParOldGen       total 135168K, used 99847K [0x00000000c0000000, 0x00000000c8400000, 0x00000000eab00000)
  object space 135168K, 73% used [0x00000000c0000000,0x00000000c6181e28,0x00000000c8400000)
 Metaspace       used 6199K, capacity 7152K, committed 7296K, reserved 1056768K
  class space    used 593K, capacity 616K, committed 640K, reserved 1048576K
}
Event: 27.735 GC heap before
{Heap before GC invocations=10 (full 2):
 PSYoungGen      total 245248K, used 54782K [0x00000000eab00000, 0x0000000100000000, 0x0000000100000000)
  eden space 190464K, 0% used [0x00000000eab00000,0x00000000eab00000,0x00000000f6500000)
  from space 54784K, 99% used [0x00000000fc800000,0x00000000ffd7fa28,0x00000000ffd80000)
  to   space 79360K, 0% used [0x00000000f6500000,0x00000000f6500000,0x00000000fb280000)
 ParOldGen       total 135168K, used 99847K [0x00000000c0000000, 0x00000000c8400000, 0x00000000eab00000)
  object space 135168K, 73% used [0x00000000c0000000,0x00000000c6181e28,0x00000000c8400000)
 Metaspace       used 6199K, capacity 7152K, committed 7296K, reserved 1056768K
  class space    used 593K, capacity 616K, committed 640K, reserved 1048576K
Event: 31.190 GC heap after
Heap after GC invocations=10 (full 2):
 PSYoungGen      total 245248K, used 0K [0x00000000eab00000, 0x0000000100000000, 0x0000000100000000)
  eden space 190464K, 0% used [0x00000000eab00000,0x00000000eab00000,0x00000000f6500000)
  from space 54784K, 0% used [0x00000000fc800000,0x00000000fc800000,0x00000000ffd80000)
  to   space 79360K, 0% used [0x00000000f6500000,0x00000000f6500000,0x00000000fb280000)
 ParOldGen       total 255488K, used 119214K [0x00000000c0000000, 0x00000000cf980000, 0x00000000eab00000)
  object space 255488K, 46% used [0x00000000c0000000,0x00000000c746b9d0,0x00000000cf980000)
 Metaspace       used 6199K, capacity 7152K, committed 7296K, reserved 1056768K
  class space    used 593K, capacity 616K, committed 640K, reserved 1048576K
}

Deoptimization events (10 events):
Event: 21.343 Thread 0x0000000016ba6000 Uncommon trap: reason=bimorphic action=maybe_recompile pc=0x00000000034ce504 method=java.util.HashMap.getNode(ILjava/lang/Object;)Ljava/util/HashMap$Node; @ 126
Event: 24.202 Thread 0x0000000016aa8800 Uncommon trap: reason=unstable_if action=reinterpret pc=0x0000000003644978 method=com.android.dx.rop.code.DexTranslationAdvice.hasConstantOperation(Lcom/android/dx/rop/code/Rop;Lcom/android/dx/rop/code/RegisterSpec;Lcom/android/dx/rop/code/RegisterSpec;)Z ©8S•h8@
Event: 24.409 Thread 0x0000000016aa8800 Uncommon trap: reason=unstable_if action=reinterpret pc=0x000000000384acb0 method=com.android.dx.rop.code.DexTranslationAdvice.hasConstantOperation(Lcom/android/dx/rop/code/Rop;Lcom/android/dx/rop/code/RegisterSpec;Lcom/android/dx/rop/code/RegisterSpec;)Z ‹ê¿Bb9@
Event: 25.025 Thread 0x0000000016ba6000 Uncommon trap: reason=class_check action=maybe_recompile pc=0x00000000038c406c method=com.android.dx.ssa.PhiTypeResolver.run()V @ 151
Event: 25.067 Thread 0x0000000016ba5800 Uncommon trap: reason=unstable_if action=reinterpret pc=0x000000000370a634 method=com.android.dx.ssa.back.FirstFitLocalCombiningAllocator.findNextUnreservedRopReg(IILcom/android/dx/ssa/back/FirstFitLocalCombiningAllocator$Alignment;)I @ 32
Event: 25.203 Thread 0x0000000016ba6000 Uncommon trap: reason=class_check action=maybe_recompile pc=0x00000000038c406c method=com.android.dx.ssa.PhiTypeResolver.run()V @ 151
Event: 25.408 Thread 0x0000000016ba6000 Uncommon trap: reason=unstable_if action=reinterpret pc=0x00000000037f5e84 method=com.android.dx.cf.code.Merger.isPossiblyAssignableFrom(Lcom/android/dx/rop/type/TypeBearer;Lcom/android/dx/rop/type/TypeBearer;)Z @ 131
Event: 25.788 Thread 0x0000000016ba6000 Uncommon trap: reason=class_check action=maybe_recompile pc=0x00000000035b7fa8 method=java.util.HashMap.putVal(ILjava/lang/Object;Ljava/lang/Object;ZZ)Ljava/lang/Object; @ 203
Event: 25.790 Thread 0x0000000016ba6000 Uncommon trap: reason=class_check action=maybe_recompile pc=0x00000000035b7fa8 method=java.util.HashMap.putVal(ILjava/lang/Object;Ljava/lang/Object;ZZ)Ljava/lang/Object; @ 203
Event: 25.790 Thread 0x0000000016ba6000 Uncommon trap: reason=class_check action=maybe_recompile pc=0x00000000035b7fa8 method=java.util.HashMap.putVal(ILjava/lang/Object;Ljava/lang/Object;ZZ)Ljava/lang/Object; @ 203

Internal exceptions (2 events):
Event: 0.196 Thread 0x0000000002e20800 Exception <a 'java/lang/NoSuchMethodError': Method sun.misc.Unsafe.defineClass(Ljava/lang/String;[BII)Ljava/lang/Class; name or signature does not match> (0x00000000eab07cc0) thrown at [C:\re\workspace\8-2-build-windows-amd64-cygwin\jdk8u91\6644\hotspot\srí„s)É?
Event: 0.197 Thread 0x0000000002e20800 Exception <a 'java/lang/NoSuchMethodError': Method sun.misc.Unsafe.prefetchRead(Ljava/lang/Object;J)V name or signature does not match> (0x00000000eab07fa8) thrown at [C:\re\workspace\8-2-build-windows-amd64-cygwin\jdk8u91\6644\hotspot\src\share\vm\prims\j

Events (10 events):
Event: 26.845 Thread 0x0000000016aa8800 DEOPT UNPACKING pc=0x0000000002f6787f sp=0x000000001774ea40 mode 0
Event: 26.954 Thread 0x0000000016aa8800 Thread exited: 0x0000000016aa8800
Event: 26.976 Thread 0x0000000016a90000 DEOPT PACKING pc=0x0000000003452ef4 sp=0x000000001754e520
Event: 26.976 Thread 0x0000000016a90000 DEOPT UNPACKING pc=0x0000000002f6787f sp=0x000000001754e2e0 mode 0
Event: 26.989 Thread 0x0000000016a90000 DEOPT PACKING pc=0x00000000034b4510 sp=0x000000001754e590
Event: 26.989 Thread 0x0000000016a90000 DEOPT UNPACKING pc=0x0000000002f6787f sp=0x000000001754e2f0 mode 0
Event: 27.103 Thread 0x0000000016a90000 DEOPT PACKING pc=0x0000000003650660 sp=0x000000001754e540
Event: 27.103 Thread 0x0000000016a90000 DEOPT UNPACKING pc=0x0000000002f6787f sp=0x000000001754e2d0 mode 0
Event: 27.174 Executing VM operation: ParallelGCFailedAllocation
Event: 31.190 Executing VM operation: ParallelGCFailedAllocation done


Dynamic libraries:
0x00007ff7b44c0000 - 0x00007ff7b44f7000 	D:\JAVA_enviroment\bin\java.exe
0x00007ff95ac10000 - 0x00007ff95ade1000 	C:\WINDOWS\SYSTEM32\ntdll.dll
0x00007ff958670000 - 0x00007ff95871b000 	C:\WINDOWS\System32\KERNEL32.DLL
0x00007ff957990000 - 0x00007ff957bad000 	C:\WINDOWS\System32\KERNELBASE.dll
0x00007ff9590e0000 - 0x00007ff959182000 	C:\WINDOWS\System32\ADVAPI32.dll
0x00007ff958dc0000 - 0x00007ff958e5e000 	C:\WINDOWS\System32\msvcrt.dll
0x00007ff9588b0000 - 0x00007ff958909000 	C:\WINDOWS\System32\sechost.dll
0x00007ff958720000 - 0x00007ff958841000 	C:\WINDOWS\System32\RPCRT4.dll
0x00007ff958f70000 - 0x00007ff9590d5000 	C:\WINDOWS\System32\USER32.dll
0x00007ff957bb0000 - 0x00007ff957bce000 	C:\WINDOWS\System32\win32u.dll
0x00007ff959220000 - 0x00007ff959254000 	C:\WINDOWS\System32\GDI32.dll
0x00007ff957bd0000 - 0x00007ff957d52000 	C:\WINDOWS\System32\gdi32full.dll
0x00007ff952340000 - 0x00007ff9525ba000 	C:\WINDOWS\WinSxS\amd64_microsoft.windows.common-controls_6595b64144ccf1df_6.0.14393.351_none_4213128bc687e6d3\COMCTL32.dll
0x00007ff9582e0000 - 0x00007ff9585a7000 	C:\WINDOWS\System32\combase.dll
0x00007ff9580a0000 - 0x00007ff958195000 	C:\WINDOWS\System32\ucrtbase.dll
0x00007ff957f90000 - 0x00007ff957ffa000 	C:\WINDOWS\System32\bcryptPrimitives.dll
0x00007ff95abe0000 - 0x00007ff95ac0e000 	C:\WINDOWS\System32\IMM32.DLL
0x000000005f6b0000 - 0x000000005f782000 	D:\JAVA_enviroment\jre\bin\msvcr100.dll
0x000000005fd40000 - 0x00000000605d3000 	D:\JAVA_enviroment\jre\bin\server\jvm.dll
0x00007ff958910000 - 0x00007ff958918000 	C:\WINDOWS\System32\PSAPI.DLL
0x00007ff954250000 - 0x00007ff954259000 	C:\WINDOWS\SYSTEM32\WSOCK32.dll
0x00007ff958920000 - 0x00007ff95898a000 	C:\WINDOWS\System32\WS2_32.dll
0x00007ff9553e0000 - 0x00007ff955403000 	C:\WINDOWS\SYSTEM32\WINMM.dll
0x00007ff953790000 - 0x00007ff95379a000 	C:\WINDOWS\SYSTEM32\VERSION.dll
0x00007ff955380000 - 0x00007ff9553ab000 	C:\WINDOWS\SYSTEM32\WINMMBASE.dll
0x00007ff957100000 - 0x00007ff957142000 	C:\WINDOWS\System32\cfgmgr32.dll
0x00000000606c0000 - 0x00000000606cf000 	D:\JAVA_enviroment\jre\bin\verify.dll
0x0000000060690000 - 0x00000000606b9000 	D:\JAVA_enviroment\jre\bin\java.dll
0x0000000060670000 - 0x0000000060686000 	D:\JAVA_enviroment\jre\bin\zip.dll
0x00007ff9594d0000 - 0x00007ff95a9d9000 	C:\WINDOWS\System32\SHELL32.dll
0x00007ff957150000 - 0x00007ff95782a000 	C:\WINDOWS\System32\windows.storage.dll
0x00007ff957090000 - 0x00007ff9570dc000 	C:\WINDOWS\System32\powrprof.dll
0x00007ff958850000 - 0x00007ff9588a2000 	C:\WINDOWS\System32\shlwapi.dll
0x00007ff957080000 - 0x00007ff95708f000 	C:\WINDOWS\System32\kernel.appcore.dll
0x00007ff957830000 - 0x00007ff9578d9000 	C:\WINDOWS\System32\shcore.dll
0x00007ff9570e0000 - 0x00007ff9570f4000 	C:\WINDOWS\System32\profapi.dll

VM Arguments:
jvm_args: -Djava.awt.headless=true -Xmx1024M -Dfile.encoding=GBK -Duser.country=CN -Duser.language=zh -Duser.variant 
java_command: com.android.dx.command.Main --dex --force-jumbo --num-threads=4 --output D:\workspace1\FastSport\app\build\intermediates\pre-dexed\debug\main_05465c8ce4dbf1a1b25f758b504cb6844096a7d3.jar D:\workspace1\FastSport\app\build\intermediates\transforms\instantRun\debug\folders\1\5\main
java_class_path (initial): D:\AndroidStdio_sdk\sdk\build-tools\24.0.0\lib\dx.jar
Launcher Type: SUN_STANDARD

Environment Variables:
JAVA_HOME=D:\JAVA_enviroment
PATH=C:\ProgramData\Oracle\Java\javapath;C:\WINDOWS\system32;C:\WINDOWS;C:\WINDOWS\System32\Wbem;C:\WINDOWS\System32\WindowsPowerShell\v1.0\;D:\JAVA_enviroment\bin;D:\JAVA_enviroment\jre\bin;D:\android_sdk\sdk\tools;C:\Program Files (x86)\NVIDIA Corporation\PhysX\Common;D:\AndroidStdio_sdk\sdk\tools;C:\Program Files (x86)\Microsoft SQL Server\100\Tools\Binn\;C:\Program Files\Microsoft SQL Server\100\Tools\Binn\;C:\Program Files\Microsoft SQL Server\100\DTS\Binn\;C:\Program Files (x86)\Microsoft SQL Server\100\Tools\Binn\VSShell\Common7\IDE\;C:\Program Files (x86)\Microsoft Visual Studio 9.0\Common7\IDE\PrivateAssemblies\;C:\Program Files (x86)\Microsoft SQL Server\100\DTS\Binn\;D:\android_sdk\sdk\platform-tools;D:\android_sdk\sdk\tools;C:\WINDOWS\system32;C:\WINDOWS;C:\WINDOWS\System32\Wbem;C:\WINDOWS\System32\WindowsPowerShell\v1.0\;C:\Users\Administrator\AppData\Local\Microsoft\WindowsApps;
USERNAME=Administrator
OS=Windows_NT
PROCESSOR_IDENTIFIER=Intel64 Family 6 Model 58 Stepping 9, GenuineIntel



---------------  S Y S T E M  ---------------

OS: Windows 10.0 , 64 bit Build 14393 (10.0.14393.0)

CPU:total 4 (2 cores per cpu, 2 threads per core) family 6 model 58 stepping 9, cmov, cx8, fxsr, mmx, sse, sse2, sse3, ssse3, sse4.1, sse4.2, popcnt, avx, aes, clmul, erms, ht, tsc, tscinvbit, tscinv

Memory: 4k page, physical 8271404k(866324k free), swap 8271404k(4136k free)

vm_info: Java HotSpot(TM) 64-Bit Server VM (25.91-b14) for windows-amd64 JRE (1.8.0_91-b14), built on Apr  1 2016 00:58:32 by "java_re" with MS VC++ 10.0 (VS2010)

time: Fri Nov 04 20:26:46 2016
elapsed time: 31 seconds (0d 0h 0m 31s)

