#
# There is insufficient memory for the Java Runtime Environment to continue.
# Native memory allocation (malloc) failed to allocate 32744 bytes for ChunkPool::allocate
# Possible reasons:
#   The system is out of physical RAM or swap space
#   In 32 bit mode, the process size limit was hit
# Possible solutions:
#   Reduce memory load on the system
#   Increase physical memory or swap space
#   Check if swap backing store is full
#   Use 64 bit Java on a 64 bit OS
#   Decrease Java heap size (-Xmx/-Xms)
#   Decrease number of Java threads
#   Decrease Java thread stack sizes (-Xss)
#   Set larger code cache with -XX:ReservedCodeCacheSize=
# This output file may be truncated or incomplete.
#
#  Out of Memory Error (allocation.cpp:273), pid=14116, tid=4472
#
# JRE version: Java(TM) SE Runtime Environment (8.0_91-b14) (build 1.8.0_91-b14)
# Java VM: Java HotSpot(TM) 64-Bit Server VM (25.91-b14 mixed mode windows-amd64 compressed oops)
# Failed to write core dump. Minidumps are not enabled by default on client versions of Windows
#

---------------  T H R E A D  ---------------

Current thread (0x0000000016de9800):  JavaThread "C1 CompilerThread2" daemon [_thread_in_native, id=4472, stack(0x00000000175e0000,0x00000000176e0000)]

Stack: [0x00000000175e0000,0x00000000176e0000]
[error occurred during error reporting (printing stack bounds), id 0xc0000005]

Native frames: (J=compiled Java code, j=interpreted, Vv=VM code, C=native code)


Current CompileTask:
C1:  13096 1894       3       com.android.dx.dex.file.CodeItem::addContents (174 bytes)


---------------  P R O C E S S  ---------------

Java Threads: ( => current thread )
  0x0000000017064000 JavaThread "pool-1-thread-1" [_thread_in_Java, id=13696, stack(0x000000001a580000,0x000000001a680000)]
  0x0000000016e58800 JavaThread "Service Thread" daemon [_thread_blocked, id=12324, stack(0x00000000176e0000,0x00000000177e0000)]
=>0x0000000016de9800 JavaThread "C1 CompilerThread2" daemon [_thread_in_native, id=4472, stack(0x00000000175e0000,0x00000000176e0000)]
  0x0000000015acc000 JavaThread "C2 CompilerThread1" daemon [_thread_in_native, id=15336, stack(0x00000000174e0000,0x00000000175e0000)]
  0x0000000015ac9800 JavaThread "C2 CompilerThread0" daemon [_thread_in_native, id=3752, stack(0x00000000173e0000,0x00000000174e0000)]
  0x0000000015a7d000 JavaThread "Attach Listener" daemon [_thread_blocked, id=8836, stack(0x00000000172e0000,0x00000000173e0000)]
  0x0000000015a7c000 JavaThread "Signal Dispatcher" daemon [_thread_blocked, id=7856, stack(0x00000000171e0000,0x00000000172e0000)]
  0x0000000015a5a000 JavaThread "Finalizer" daemon [_thread_blocked, id=11252, stack(0x0000000016ce0000,0x0000000016de0000)]
  0x0000000015a39000 JavaThread "Reference Handler" daemon [_thread_blocked, id=9736, stack(0x0000000016be0000,0x0000000016ce0000)]
  0x00000000032a0800 JavaThread "main" [_thread_blocked, id=14764, stack(0x0000000002d70000,0x0000000002e70000)]

Other Threads:
  0x0000000015a37000 VMThread [stack: 0x0000000016ae0000,0x0000000016be0000] [id=4256]
  0x0000000016ea9000 WatcherThread [stack: 0x00000000177e0000,0x00000000178e0000] [id=9312]

VM state:not at safepoint (normal execution)

VM Mutex/Monitor currently owned by a thread: None

Heap:
 PSYoungGen      total 71680K, used 28154K [0x00000000eab00000, 0x00000000ef600000, 0x0000000100000000)
  eden space 66560K, 34% used [0x00000000eab00000,0x00000000ec183680,0x00000000eec00000)
  from space 5120K, 99% used [0x00000000eec00000,0x00000000ef0fb360,0x00000000ef100000)
  to   space 5120K, 0% used [0x00000000ef100000,0x00000000ef100000,0x00000000ef600000)
 ParOldGen       total 87552K, used 15075K [0x00000000c0000000, 0x00000000c5580000, 0x00000000eab00000)
  object space 87552K, 17% used [0x00000000c0000000,0x00000000c0eb8cc0,0x00000000c5580000)
 Metaspace       used 6351K, capacity 7192K, committed 7424K, reserved 1056768K
  class space    used 618K, capacity 656K, committed 768K, reserved 1048576K

Card table byte_map: [0x0000000012760000,0x0000000012970000] byte_map_base: 0x0000000012160000

Marking Bits: (ParMarkBitMap*) 0x0000000058972f70
 Begin Bits: [0x0000000012ed0000, 0x0000000013ed0000)
 End Bits:   [0x0000000013ed0000, 0x0000000014ed0000)

Polling page: 0x0000000000df0000

CodeCache: size=245760Kb used=8110Kb max_used=8110Kb free=237649Kb
 bounds [0x00000000033a0000, 0x0000000003ba0000, 0x00000000123a0000]
 total_blobs=2086 nmethods=1821 adapters=178
 compilation: enabled

Compilation events (10 events):
Event: 13.081 Thread 0x0000000016de9800 1887       3       com.android.dx.dex.code.OutputFinisher::getAllConstants (47 bytes)
Event: 13.082 Thread 0x0000000015acc000 1888       4       com.android.dx.dex.code.OutputFinisher::addConstants (93 bytes)
Event: 13.082 Thread 0x0000000016de9800 nmethod 1887 0x0000000003b8f350 code [0x0000000003b8f580, 0x0000000003b8fee8]
Event: 13.083 Thread 0x0000000016de9800 1890       1       com.android.dx.dex.code.OutputFinisher::hasAnyPositionInfo (5 bytes)
Event: 13.083 Thread 0x0000000016de9800 nmethod 1890 0x0000000003b87cd0 code [0x0000000003b87e20, 0x0000000003b87f30]
Event: 13.084 Thread 0x0000000016de9800 1891       3       com.android.dx.dex.code.StdCatchBuilder::hasAnyCatches (57 bytes)
Event: 13.085 Thread 0x0000000016de9800 nmethod 1891 0x0000000003b8ded0 code [0x0000000003b8e0c0, 0x0000000003b8edf8]
Event: 13.085 Thread 0x0000000016de9800 1892       3       com.android.dx.dex.file.DexFile::internIfAppropriate (128 bytes)
Event: 13.086 Thread 0x0000000016de9800 nmethod 1892 0x0000000003b90450 code [0x0000000003b90700, 0x0000000003b91f38]
Event: 13.089 Thread 0x0000000016de9800 1894       3       com.android.dx.dex.file.CodeItem::addContents (174 bytes)

GC Heap History (6 events):
Event: 3.378 GC heap before
{Heap before GC invocations=1 (full 0):
 PSYoungGen      total 38400K, used 33280K [0x00000000eab00000, 0x00000000ed580000, 0x0000000100000000)
  eden space 33280K, 100% used [0x00000000eab00000,0x00000000ecb80000,0x00000000ecb80000)
  from space 5120K, 0% used [0x00000000ed080000,0x00000000ed080000,0x00000000ed580000)
  to   space 5120K, 0% used [0x00000000ecb80000,0x00000000ecb80000,0x00000000ed080000)
 ParOldGen       total 87552K, used 0K [0x00000000c0000000, 0x00000000c5580000, 0x00000000eab00000)
  object space 87552K, 0% used [0x00000000c0000000,0x00000000c0000000,0x00000000c5580000)
 Metaspace       used 5970K, capacity 6960K, committed 7040K, reserved 1056768K
  class space    used 591K, capacity 616K, committed 640K, reserved 1048576K
Event: 3.815 GC heap after
Heap after GC invocations=1 (full 0):
 PSYoungGen      total 38400K, used 5100K [0x00000000eab00000, 0x00000000ef600000, 0x0000000100000000)
  eden space 33280K, 0% used [0x00000000eab00000,0x00000000eab00000,0x00000000ecb80000)
  from space 5120K, 99% used [0x00000000ecb80000,0x00000000ed07b2d0,0x00000000ed080000)
  to   space 5120K, 0% used [0x00000000ef100000,0x00000000ef100000,0x00000000ef600000)
 ParOldGen       total 87552K, used 1819K [0x00000000c0000000, 0x00000000c5580000, 0x00000000eab00000)
  object space 87552K, 2% used [0x00000000c0000000,0x00000000c01c6f50,0x00000000c5580000)
 Metaspace       used 5970K, capacity 6960K, committed 7040K, reserved 1056768K
  class space    used 591K, capacity 616K, committed 640K, reserved 1048576K
}
Event: 6.422 GC heap before
{Heap before GC invocations=2 (full 0):
 PSYoungGen      total 38400K, used 38380K [0x00000000eab00000, 0x00000000ef600000, 0x0000000100000000)
  eden space 33280K, 100% used [0x00000000eab00000,0x00000000ecb80000,0x00000000ecb80000)
  from space 5120K, 99% used [0x00000000ecb80000,0x00000000ed07b2d0,0x00000000ed080000)
  to   space 5120K, 0% used [0x00000000ef100000,0x00000000ef100000,0x00000000ef600000)
 ParOldGen       total 87552K, used 1819K [0x00000000c0000000, 0x00000000c5580000, 0x00000000eab00000)
  object space 87552K, 2% used [0x00000000c0000000,0x00000000c01c6f50,0x00000000c5580000)
 Metaspace       used 6195K, capacity 7128K, committed 7424K, reserved 1056768K
  class space    used 611K, capacity 656K, committed 768K, reserved 1048576K
Event: 6.441 GC heap after
Heap after GC invocations=2 (full 0):
 PSYoungGen      total 71680K, used 5118K [0x00000000eab00000, 0x00000000ef600000, 0x0000000100000000)
  eden space 66560K, 0% used [0x00000000eab00000,0x00000000eab00000,0x00000000eec00000)
  from space 5120K, 99% used [0x00000000ef100000,0x00000000ef5ff888,0x00000000ef600000)
  to   space 5120K, 0% used [0x00000000eec00000,0x00000000eec00000,0x00000000ef100000)
 ParOldGen       total 87552K, used 6654K [0x00000000c0000000, 0x00000000c5580000, 0x00000000eab00000)
  object space 87552K, 7% used [0x00000000c0000000,0x00000000c067fa20,0x00000000c5580000)
 Metaspace       used 6195K, capacity 7128K, committed 7424K, reserved 1056768K
  class space    used 611K, capacity 656K, committed 768K, reserved 1048576K
}
Event: 8.749 GC heap before
{Heap before GC invocations=3 (full 0):
 PSYoungGen      total 71680K, used 71678K [0x00000000eab00000, 0x00000000ef600000, 0x0000000100000000)
  eden space 66560K, 100% used [0x00000000eab00000,0x00000000eec00000,0x00000000eec00000)
  from space 5120K, 99% used [0x00000000ef100000,0x00000000ef5ff888,0x00000000ef600000)
  to   space 5120K, 0% used [0x00000000eec00000,0x00000000eec00000,0x00000000ef100000)
 ParOldGen       total 87552K, used 6654K [0x00000000c0000000, 0x00000000c5580000, 0x00000000eab00000)
  object space 87552K, 7% used [0x00000000c0000000,0x00000000c067fa20,0x00000000c5580000)
 Metaspace       used 6258K, capacity 7128K, committed 7424K, reserved 1056768K
  class space    used 611K, capacity 656K, committed 768K, reserved 1048576K
Event: 8.978 GC heap after
Heap after GC invocations=3 (full 0):
 PSYoungGen      total 71680K, used 5100K [0x00000000eab00000, 0x00000000ef600000, 0x0000000100000000)
  eden space 66560K, 0% used [0x00000000eab00000,0x00000000eab00000,0x00000000eec00000)
  from space 5120K, 99% used [0x00000000eec00000,0x00000000ef0fb360,0x00000000ef100000)
  to   space 5120K, 0% used [0x00000000ef100000,0x00000000ef100000,0x00000000ef600000)
 ParOldGen       total 87552K, used 15075K [0x00000000c0000000, 0x00000000c5580000, 0x00000000eab00000)
  object space 87552K, 17% used [0x00000000c0000000,0x00000000c0eb8cc0,0x00000000c5580000)
 Metaspace       used 6258K, capacity 7128K, committed 7424K, reserved 1056768K
  class space    used 611K, capacity 656K, committed 768K, reserved 1048576K
}

Deoptimization events (10 events):
Event: 7.201 Thread 0x000000001707f800 Uncommon trap: reason=bimorphic action=maybe_recompile pc=0x0000000003a2b5a8 method=com.android.dx.cf.code.RopperMachine.run(Lcom/android/dx/cf/code/Frame;II)V @ 310
Event: 7.667 Thread 0x000000001707f800 Uncommon trap: reason=bimorphic action=maybe_recompile pc=0x0000000003ad9390 method=com.android.dx.cf.code.BytecodeArray.parseInstruction(ILcom/android/dx/cf/code/BytecodeArray$Visitor;)I @ 1287
Event: 7.667 Thread 0x000000001707f800 Uncommon trap: reason=bimorphic action=maybe_recompile pc=0x0000000003ad9390 method=com.android.dx.cf.code.BytecodeArray.parseInstruction(ILcom/android/dx/cf/code/BytecodeArray$Visitor;)I @ 1287
Event: 9.054 Thread 0x000000001705e000 Uncommon trap: reason=unstable_if action=reinterpret pc=0x0000000003a9e544 method=com.android.dx.ssa.LiteralOpUpgrader$1.visitNonMoveInsn(Lcom/android/dx/ssa/NormalSsaInsn;)V @ 55
Event: 9.055 Thread 0x000000001705e000 Uncommon trap: reason=unstable_if action=reinterpret pc=0x00000000037ea79c method=com.android.dx.ssa.SsaMethod.updateOneDefinition(Lcom/android/dx/ssa/SsaInsn;Lcom/android/dx/rop/code/RegisterSpec;)V @ 4
Event: 13.053 Thread 0x0000000017064000 Uncommon trap: reason=class_check action=maybe_recompile pc=0x0000000003862198 method=java.util.Arrays.hashCode([Ljava/lang/Object;)I @ 43
Event: 13.053 Thread 0x0000000017064000 Uncommon trap: reason=class_check action=maybe_recompile pc=0x0000000003862198 method=java.util.Arrays.hashCode([Ljava/lang/Object;)I @ 43
Event: 13.055 Thread 0x0000000017064000 Uncommon trap: reason=class_check action=maybe_recompile pc=0x0000000003862198 method=java.util.Arrays.hashCode([Ljava/lang/Object;)I @ 43
Event: 13.055 Thread 0x0000000017064000 Uncommon trap: reason=class_check action=maybe_recompile pc=0x0000000003862198 method=java.util.Arrays.hashCode([Ljava/lang/Object;)I @ 43
Event: 13.055 Thread 0x0000000017064000 Uncommon trap: reason=class_check action=maybe_recompile pc=0x0000000003864d78 method=java.util.Arrays.hashCode([Ljava/lang/Object;)I @ 43

Internal exceptions (7 events):
Event: 0.043 Thread 0x00000000032a0800 Exception <a 'java/lang/NoSuchMethodError': Method sun.misc.Unsafe.defineClass(Ljava/lang/String;[BII)Ljava/lang/Class; name or signature does not match> (0x00000000eab07cc0) thrown at [C:\re\workspace\8-2-build-windows-amd64-cygwin\jdk8u91\6644\hotspot\srtMchn¦?
Event: 0.043 Thread 0x00000000032a0800 Exception <a 'java/lang/NoSuchMethodError': Method sun.misc.Unsafe.prefetchRead(Ljava/lang/Object;J)V name or signature does not match> (0x00000000eab07fa8) thrown at [C:\re\workspace\8-2-build-windows-amd64-cygwin\jdk8u91\6644\hotspot\src\share\vm\prims\jY-º+ì¶@
Event: 3.964 Thread 0x000000001705e000 Implicit null exception at 0x00000000036b3d96 to 0x00000000036b5ded
Event: 4.009 Thread 0x000000001707e000 Exception <a 'java/lang/ArrayIndexOutOfBoundsException': 18> (0x00000000eb61cfe0) thrown at [C:\re\workspace\8-2-build-windows-amd64-cygwin\jdk8u91\6644\hotspot\src\share\vm\interpreter\interpreterRuntime.cpp, line 366]
Event: 4.010 Thread 0x000000001707e000 Exception <a 'java/lang/ArrayIndexOutOfBoundsException': 145> (0x00000000eb61eb60) thrown at [C:\re\workspace\8-2-build-windows-amd64-cygwin\jdk8u91\6644\hotspot\src\share\vm\interpreter\interpreterRuntime.cpp, line 366]
Event: 4.011 Thread 0x000000001707e000 Exception <a 'java/lang/ArrayIndexOutOfBoundsException'> (0x00000000eb61fe48) thrown at [C:\re\workspace\8-2-build-windows-amd64-cygwin\jdk8u91\6644\hotspot\src\share\vm\runtime\sharedRuntime.cpp, line 605]
Event: 5.275 Thread 0x000000001705e000 Implicit null exception at 0x00000000037046a2 to 0x0000000003704792

Events (10 events):
Event: 13.055 Thread 0x0000000017064000 DEOPT PACKING pc=0x0000000003862198 sp=0x000000001a67ead0
Event: 13.055 Thread 0x0000000017064000 DEOPT UNPACKING pc=0x00000000033e582a sp=0x000000001a67ea00 mode 2
Event: 13.055 Thread 0x0000000017064000 Uncommon trap: trap_request=0xffffffde fr.pc=0x0000000003862198
Event: 13.055 Thread 0x0000000017064000 DEOPT PACKING pc=0x0000000003862198 sp=0x000000001a67eac0
Event: 13.055 Thread 0x0000000017064000 DEOPT UNPACKING pc=0x00000000033e582a sp=0x000000001a67e9f0 mode 2
Event: 13.055 Thread 0x0000000017064000 Uncommon trap: trap_request=0xffffffde fr.pc=0x0000000003864d78
Event: 13.055 Thread 0x0000000017064000 DEOPT PACKING pc=0x0000000003864d78 sp=0x000000001a67e750
Event: 13.055 Thread 0x0000000017064000 DEOPT UNPACKING pc=0x00000000033e582a sp=0x000000001a67e6d8 mode 2
Event: 13.078 loading class com/android/dx/dex/file/CatchStructs
Event: 13.078 loading class com/android/dx/dex/file/CatchStructs done


Dynamic libraries:
0x00007ff6d6940000 - 0x00007ff6d6977000 	D:\JAVA_enviroment\bin\java.exe
0x00007ffe578f0000 - 0x00007ffe57ac1000 	C:\WINDOWS\SYSTEM32\ntdll.dll
0x00007ffe55b40000 - 0x00007ffe55beb000 	C:\WINDOWS\System32\KERNEL32.DLL
0x00007ffe54150000 - 0x00007ffe5436d000 	C:\WINDOWS\System32\KERNELBASE.dll
0x00007ffe577a0000 - 0x00007ffe57842000 	C:\WINDOWS\System32\ADVAPI32.dll
0x00007ffe57850000 - 0x00007ffe578ee000 	C:\WINDOWS\System32\msvcrt.dll
0x00007ffe557a0000 - 0x00007ffe557f9000 	C:\WINDOWS\System32\sechost.dll
0x00007ffe55200000 - 0x00007ffe55321000 	C:\WINDOWS\System32\RPCRT4.dll
0x00007ffe560b0000 - 0x00007ffe56215000 	C:\WINDOWS\System32\USER32.dll
0x00007ffe54130000 - 0x00007ffe5414e000 	C:\WINDOWS\System32\win32u.dll
0x00007ffe54ef0000 - 0x00007ffe54f24000 	C:\WINDOWS\System32\GDI32.dll
0x00007ffe53f40000 - 0x00007ffe540c2000 	C:\WINDOWS\System32\gdi32full.dll
0x00007ffe4d170000 - 0x00007ffe4d3e9000 	C:\WINDOWS\WinSxS\amd64_microsoft.windows.common-controls_6595b64144ccf1df_6.0.14393.447_none_42191651c6827bb3\COMCTL32.dll
0x00007ffe55870000 - 0x00007ffe55b37000 	C:\WINDOWS\System32\combase.dll
0x00007ffe54d10000 - 0x00007ffe54e05000 	C:\WINDOWS\System32\ucrtbase.dll
0x00007ffe54e10000 - 0x00007ffe54e7a000 	C:\WINDOWS\System32\bcryptPrimitives.dll
0x00007ffe551d0000 - 0x00007ffe551fe000 	C:\WINDOWS\System32\IMM32.DLL
0x0000000057b30000 - 0x0000000057c02000 	D:\JAVA_enviroment\jre\bin\msvcr100.dll
0x0000000058160000 - 0x00000000589f3000 	D:\JAVA_enviroment\jre\bin\server\jvm.dll
0x00007ffe54e80000 - 0x00007ffe54e88000 	C:\WINDOWS\System32\PSAPI.DLL
0x00007ffe50c40000 - 0x00007ffe50c49000 	C:\WINDOWS\SYSTEM32\WSOCK32.dll
0x00007ffe51960000 - 0x00007ffe51983000 	C:\WINDOWS\SYSTEM32\WINMM.dll
0x00007ffe55430000 - 0x00007ffe5549a000 	C:\WINDOWS\System32\WS2_32.dll
0x00007ffe4fc50000 - 0x00007ffe4fc5a000 	C:\WINDOWS\SYSTEM32\VERSION.dll
0x00007ffe51930000 - 0x00007ffe5195b000 	C:\WINDOWS\SYSTEM32\WINMMBASE.dll
0x00007ffe54370000 - 0x00007ffe543b2000 	C:\WINDOWS\System32\cfgmgr32.dll
0x0000000058070000 - 0x000000005807f000 	D:\JAVA_enviroment\jre\bin\verify.dll
0x0000000058040000 - 0x0000000058069000 	D:\JAVA_enviroment\jre\bin\java.dll
0x0000000058020000 - 0x0000000058036000 	D:\JAVA_enviroment\jre\bin\zip.dll
0x00007ffe56220000 - 0x00007ffe57729000 	C:\WINDOWS\System32\SHELL32.dll
0x00007ffe543c0000 - 0x00007ffe54a9a000 	C:\WINDOWS\System32\windows.storage.dll
0x00007ffe53d70000 - 0x00007ffe53dbc000 	C:\WINDOWS\System32\powrprof.dll
0x00007ffe55800000 - 0x00007ffe55852000 	C:\WINDOWS\System32\shlwapi.dll
0x00007ffe53d50000 - 0x00007ffe53d5f000 	C:\WINDOWS\System32\kernel.appcore.dll
0x00007ffe53e90000 - 0x00007ffe53f39000 	C:\WINDOWS\System32\shcore.dll
0x00007ffe53dc0000 - 0x00007ffe53dd4000 	C:\WINDOWS\System32\profapi.dll

VM Arguments:
jvm_args: -Djava.awt.headless=true -Xmx1024M -Dfile.encoding=GBK -Duser.country=CN -Duser.language=zh -Duser.variant 
java_command: com.android.dx.command.Main --dex --force-jumbo --num-threads=4 --multi-dex --output D:\workspace1\FastSport\app\build\intermediates\transforms\dex\debug\folders\1000\10\com.android.support-support-core-ui-24.2.1_c5979353356461d0acd1f60d3d90f7265a6809ab D:\workspace1\FastSport\app\build\intermediates\exploded-aar\com.android.support\support-core-ui\24.2.1\jars\classes.jar
java_class_path (initial): D:\AndroidStdio_sdk\sdk\build-tools\24.0.0\lib\dx.jar
Launcher Type: SUN_STANDARD

Environment Variables:
JAVA_HOME=D:\JAVA_enviroment
PATH=C:\ProgramData\Oracle\Java\javapath;C:\WINDOWS\system32;C:\WINDOWS;C:\WINDOWS\System32\Wbem;C:\WINDOWS\System32\WindowsPowerShell\v1.0\;D:\JAVA_enviroment\bin;D:\JAVA_enviroment\jre\bin;D:\android_sdk\sdk\tools;C:\Program Files (x86)\NVIDIA Corporation\PhysX\Common;D:\AndroidStdio_sdk\sdk\tools;C:\Program Files (x86)\Microsoft SQL Server\100\Tools\Binn\;C:\Program Files\Microsoft SQL Server\100\Tools\Binn\;C:\Program Files\Microsoft SQL Server\100\DTS\Binn\;C:\Program Files (x86)\Microsoft SQL Server\100\Tools\Binn\VSShell\Common7\IDE\;C:\Program Files (x86)\Microsoft Visual Studio 9.0\Common7\IDE\PrivateAssemblies\;C:\Program Files (x86)\Microsoft SQL Server\100\DTS\Binn\;D:\android_sdk\sdk\platform-tools;D:\android_sdk\sdk\tools;C:\WINDOWS\system32;C:\WINDOWS;C:\WINDOWS\System32\Wbem;C:\WINDOWS\System32\WindowsPowerShell\v1.0\;C:\Users\Administrator\AppData\Local\Microsoft\WindowsApps;
USERNAME=Administrator
OS=Windows_NT
PROCESSOR_IDENTIFIER=Intel64 Family 6 Model 58 Stepping 9, GenuineIntel



---------------  S Y S T E M  ---------------

OS: Windows 10.0 , 64 bit Build 14393 (10.0.14393.0)

CPU:total 4 (2 cores per cpu, 2 threads per core) family 6 model 58 stepping 9, cmov, cx8, fxsr, mmx, sse, sse2, sse3, ssse3, sse4.1, sse4.2, popcnt, avx, aes, clmul, erms, ht, tsc, tscinvbit, tscinv

Memory: 4k page, physical 8271404k(962156k free), swap 8271404k(3072k free)

vm_info: Java HotSpot(TM) 64-Bit Server VM (25.91-b14) for windows-amd64 JRE (1.8.0_91-b14), built on Apr  1 2016 00:58:32 by "java_re" with MS VC++ 10.0 (VS2010)

time: Sat Nov 12 21:08:48 2016
elapsed time: 13 seconds (0d 0h 0m 13s)

