#
# There is insufficient memory for the Java Runtime Environment to continue.
# Native memory allocation (malloc) failed to allocate 147024 bytes for Chunk::new
# Possible reasons:
#   The system is out of physical RAM or swap space
#   In 32 bit mode, the process size limit was hit
# Possible solutions:
#   Reduce memory load on the system
#   Increase physical memory or swap space
#   Check if swap backing store is full
#   Use 64 bit Java on a 64 bit OS
#   Decrease Java heap size (-Xmx/-Xms)
#   Decrease number of Java threads
#   Decrease Java thread stack sizes (-Xss)
#   Set larger code cache with -XX:ReservedCodeCacheSize=
# This output file may be truncated or incomplete.
#
#  Out of Memory Error (allocation.cpp:390), pid=27264, tid=28416
#
# JRE version: Java(TM) SE Runtime Environment (8.0_91-b14) (build 1.8.0_91-b14)
# Java VM: Java HotSpot(TM) 64-Bit Server VM (25.91-b14 mixed mode windows-amd64 compressed oops)
# Failed to write core dump. Minidumps are not enabled by default on client versions of Windows
#

---------------  T H R E A D  ---------------

Current thread (0x0000000016a64800):  JavaThread "C2 CompilerThread1" daemon [_thread_in_native, id=28416, stack(0x0000000017110000,0x0000000017210000)]

Stack: [0x0000000017110000,0x0000000017210000]
[error occurred during error reporting (printing stack bounds), id 0xc0000005]

Native frames: (J=compiled Java code, j=interpreted, Vv=VM code, C=native code)


Current CompileTask:
C2:   2949 1351   !   4       com.android.dx.cf.cst.ConstantPoolParser::parse0 (731 bytes)


---------------  P R O C E S S  ---------------

Java Threads: ( => current thread )
  0x0000000016c8c800 JavaThread "pool-2-thread-4" [_thread_in_vm, id=22276, stack(0x0000000017910000,0x0000000017a10000)]
  0x0000000016c8b800 JavaThread "pool-2-thread-3" [_thread_in_Java, id=21992, stack(0x0000000017810000,0x0000000017910000)]
  0x0000000016c8b000 JavaThread "pool-2-thread-2" [_thread_in_Java, id=29224, stack(0x0000000017710000,0x0000000017810000)]
  0x0000000016c6b000 JavaThread "pool-3-thread-1" [_thread_blocked, id=7304, stack(0x0000000017610000,0x0000000017710000)]
  0x0000000016c76800 JavaThread "pool-2-thread-1" [_thread_in_vm, id=38108, stack(0x0000000017510000,0x0000000017610000)]
  0x0000000016a6c000 JavaThread "Service Thread" daemon [_thread_blocked, id=29168, stack(0x0000000017310000,0x0000000017410000)]
  0x0000000016a67000 JavaThread "C1 CompilerThread2" daemon [_thread_in_native, id=29408, stack(0x0000000017210000,0x0000000017310000)]
=>0x0000000016a64800 JavaThread "C2 CompilerThread1" daemon [_thread_in_native, id=28416, stack(0x0000000017110000,0x0000000017210000)]
  0x000000001570a000 JavaThread "C2 CompilerThread0" daemon [_thread_in_native, id=21676, stack(0x0000000017010000,0x0000000017110000)]
  0x00000000156bc000 JavaThread "Attach Listener" daemon [_thread_blocked, id=16488, stack(0x0000000016f10000,0x0000000017010000)]
  0x0000000015709800 JavaThread "Signal Dispatcher" daemon [_thread_blocked, id=19816, stack(0x0000000016e10000,0x0000000016f10000)]
  0x000000001569a000 JavaThread "Finalizer" daemon [_thread_blocked, id=15068, stack(0x0000000016910000,0x0000000016a10000)]
  0x0000000015679000 JavaThread "Reference Handler" daemon [_thread_blocked, id=28532, stack(0x0000000016810000,0x0000000016910000)]
  0x0000000002ee0800 JavaThread "main" [_thread_in_Java, id=30324, stack(0x0000000002cf0000,0x0000000002df0000)]

Other Threads:
  0x0000000015677000 VMThread [stack: 0x0000000016710000,0x0000000016810000] [id=29188]
  0x0000000016a87000 WatcherThread [stack: 0x0000000017410000,0x0000000017510000] [id=28156]

VM state:not at safepoint (normal execution)

VM Mutex/Monitor currently owned by a thread: None

Heap:
 PSYoungGen      total 38400K, used 20544K [0x00000000eab00000, 0x00000000ed580000, 0x0000000100000000)
  eden space 33280K, 46% used [0x00000000eab00000,0x00000000eba149c8,0x00000000ecb80000)
  from space 5120K, 99% used [0x00000000ecb80000,0x00000000ed07b898,0x00000000ed080000)
  to   space 5120K, 0% used [0x00000000ed080000,0x00000000ed080000,0x00000000ed580000)
 ParOldGen       total 87552K, used 2177K [0x00000000c0000000, 0x00000000c5580000, 0x00000000eab00000)
  object space 87552K, 2% used [0x00000000c0000000,0x00000000c0220500,0x00000000c5580000)
 Metaspace       used 6102K, capacity 7064K, committed 7424K, reserved 1056768K
  class space    used 611K, capacity 656K, committed 768K, reserved 1048576K

Card table byte_map: [0x00000000123a0000,0x00000000125b0000] byte_map_base: 0x0000000011da0000

Marking Bits: (ParMarkBitMap*) 0x0000000074f92f70
 Begin Bits: [0x0000000012b10000, 0x0000000013b10000)
 End Bits:   [0x0000000013b10000, 0x0000000014b10000)

Polling page: 0x0000000000de0000

CodeCache: size=245760Kb used=5681Kb max_used=5681Kb free=240078Kb
 bounds [0x0000000002fe0000, 0x0000000003580000, 0x0000000011fe0000]
 total_blobs=1654 nmethods=1389 adapters=178
 compilation: enabled

Compilation events (10 events):
Event: 2.929 Thread 0x0000000016a67000 nmethod 1393 0x00000000035663d0 code [0x00000000035665c0, 0x00000000035670c8]
Event: 2.931 Thread 0x0000000016a67000 1394       3       com.android.dx.cf.attrib.RawAttribute::<init> (17 bytes)
Event: 2.932 Thread 0x0000000016a67000 nmethod 1394 0x0000000003567550 code [0x0000000003567700, 0x0000000003567ce8]
Event: 2.935 Thread 0x0000000016a67000 1395       3       com.android.dx.cf.code.Simulator$SimVisitor::checkReturnType (64 bytes)
Event: 2.936 Thread 0x0000000016a67000 nmethod 1395 0x0000000003568050 code [0x00000000035682a0, 0x0000000003569028]
Event: 2.939 Thread 0x0000000016a67000 1396       3       com.android.dx.cf.code.RopperMachine::updateReturnOp (115 bytes)
Event: 2.940 Thread 0x0000000016a67000 nmethod 1396 0x0000000003569650 code [0x00000000035698e0, 0x000000000356ab18]
Event: 2.944 Thread 0x0000000016a67000 1397       3       java.util.BitSet::set (18 bytes)
Event: 2.944 Thread 0x0000000016a67000 nmethod 1397 0x000000000356b350 code [0x000000000356b4c0, 0x000000000356b6f8]
Event: 2.945 Thread 0x0000000016a67000 1398       3       com.android.dx.ssa.SsaBasicBlock::addMoveToEnd (172 bytes)

GC Heap History (2 events):
Event: 2.722 GC heap before
{Heap before GC invocations=1 (full 0):
 PSYoungGen      total 38400K, used 33280K [0x00000000eab00000, 0x00000000ed580000, 0x0000000100000000)
  eden space 33280K, 100% used [0x00000000eab00000,0x00000000ecb80000,0x00000000ecb80000)
  from space 5120K, 0% used [0x00000000ed080000,0x00000000ed080000,0x00000000ed580000)
  to   space 5120K, 0% used [0x00000000ecb80000,0x00000000ecb80000,0x00000000ed080000)
 ParOldGen       total 87552K, used 0K [0x00000000c0000000, 0x00000000c5580000, 0x00000000eab00000)
  object space 87552K, 0% used [0x00000000c0000000,0x00000000c0000000,0x00000000c5580000)
 Metaspace       used 5979K, capacity 6960K, committed 7040K, reserved 1056768K
  class space    used 591K, capacity 616K, committed 640K, reserved 1048576K
Event: 2.773 GC heap after
Heap after GC invocations=1 (full 0):
 PSYoungGen      total 38400K, used 5102K [0x00000000eab00000, 0x00000000ed580000, 0x0000000100000000)
  eden space 33280K, 0% used [0x00000000eab00000,0x00000000eab00000,0x00000000ecb80000)
  from space 5120K, 99% used [0x00000000ecb80000,0x00000000ed07b898,0x00000000ed080000)
  to   space 5120K, 0% used [0x00000000ed080000,0x00000000ed080000,0x00000000ed580000)
 ParOldGen       total 87552K, used 2177K [0x00000000c0000000, 0x00000000c5580000, 0x00000000eab00000)
  object space 87552K, 2% used [0x00000000c0000000,0x00000000c0220500,0x00000000c5580000)
 Metaspace       used 5979K, capacity 6960K, committed 7040K, reserved 1056768K
  class space    used 591K, capacity 616K, committed 640K, reserved 1048576K
}

Deoptimization events (10 events):
Event: 2.795 Thread 0x0000000016c8b800 Uncommon trap: reason=bimorphic action=maybe_recompile pc=0x0000000003469084 method=java.util.HashMap.putVal(ILjava/lang/Object;Ljava/lang/Object;ZZ)Ljava/lang/Object; @ 203
Event: 2.795 Thread 0x0000000016c8b800 Uncommon trap: reason=bimorphic action=maybe_recompile pc=0x0000000003298c2c method=java.util.HashMap.getNode(ILjava/lang/Object;)Ljava/util/HashMap$Node; @ 126
Event: 2.795 Thread 0x0000000016c8b800 Uncommon trap: reason=bimorphic action=maybe_recompile pc=0x0000000003469084 method=java.util.HashMap.putVal(ILjava/lang/Object;Ljava/lang/Object;ZZ)Ljava/lang/Object; @ 203
Event: 2.795 Thread 0x0000000016c8b800 Uncommon trap: reason=bimorphic action=maybe_recompile pc=0x0000000003298c2c method=java.util.HashMap.getNode(ILjava/lang/Object;)Ljava/util/HashMap$Node; @ 126
Event: 2.795 Thread 0x0000000016c8b800 Uncommon trap: reason=bimorphic action=maybe_recompile pc=0x0000000003469084 method=java.util.HashMap.putVal(ILjava/lang/Object;Ljava/lang/Object;ZZ)Ljava/lang/Object; @ 203
Event: 2.797 Thread 0x0000000016c8b800 Uncommon trap: reason=unstable_if action=reinterpret pc=0x000000000330f4ac method=com.android.dx.rop.code.RegisterSpecSet.put(Lcom/android/dx/rop/code/RegisterSpec;)V @ 77
Event: 2.797 Thread 0x0000000016c8b800 Uncommon trap: reason=unstable_if action=reinterpret pc=0x00000000033bf420 method=com.android.dx.rop.code.RegisterSpecSet.put(Lcom/android/dx/rop/code/RegisterSpec;)V @ 77
Event: 2.821 Thread 0x0000000016c8b000 Uncommon trap: reason=unstable_if action=reinterpret pc=0x00000000032c1d90 method=com.android.dx.rop.code.RegisterSpec.equals(ILcom/android/dx/rop/type/TypeBearer;Lcom/android/dx/rop/code/LocalItem;)Z @ 42
Event: 2.865 Thread 0x0000000016c8c800 Uncommon trap: reason=unstable_if action=reinterpret pc=0x00000000032c2cec method=java.util.HashMap.putVal(ILjava/lang/Object;Ljava/lang/Object;ZZ)Ljava/lang/Object; @ 162
Event: 2.868 Thread 0x0000000016c8c800 Uncommon trap: reason=unstable_if action=reinterpret pc=0x000000000327c128 method=java.util.HashMap.getNode(ILjava/lang/Object;)Ljava/util/HashMap$Node; @ 84

Internal exceptions (5 events):
Event: 0.268 Thread 0x0000000002ee0800 Exception <a 'java/lang/NoSuchMethodError': Method sun.misc.Unsafe.defineClass(Ljava/lang/String;[BII)Ljava/lang/Class; name or signature does not match> (0x00000000eab07cc0) thrown at [C:\re\workspace\8-2-build-windows-amd64-cygwin\jdk8u91\6644\hotspot\sr¬ùÙ«-—?
Event: 0.268 Thread 0x0000000002ee0800 Exception <a 'java/lang/NoSuchMethodError': Method sun.misc.Unsafe.prefetchRead(Ljava/lang/Object;J)V name or signature does not match> (0x00000000eab07fa8) thrown at [C:\re\workspace\8-2-build-windows-amd64-cygwin\jdk8u91\6644\hotspot\src\share\vm\prims\jÛÁ U‹Ì@
Event: 2.866 Thread 0x0000000016c8c800 Exception <a 'java/lang/ArrayIndexOutOfBoundsException': 18> (0x00000000eb5789e0) thrown at [C:\re\workspace\8-2-build-windows-amd64-cygwin\jdk8u91\6644\hotspot\src\share\vm\interpreter\interpreterRuntime.cpp, line 366]
Event: 2.867 Thread 0x0000000016c8c800 Exception <a 'java/lang/ArrayIndexOutOfBoundsException'> (0x00000000eb57a560) thrown at [C:\re\workspace\8-2-build-windows-amd64-cygwin\jdk8u91\6644\hotspot\src\share\vm\runtime\sharedRuntime.cpp, line 605]
Event: 2.867 Thread 0x0000000016c8c800 Exception <a 'java/lang/ArrayIndexOutOfBoundsException'> (0x00000000eb57b848) thrown at [C:\re\workspace\8-2-build-windows-amd64-cygwin\jdk8u91\6644\hotspot\src\share\vm\runtime\sharedRuntime.cpp, line 605]

Events (10 events):
Event: 2.867 loading class sun/reflect/generics/reflectiveObjects/ParameterizedTypeImpl done
Event: 2.867 loading class java/lang/reflect/TypeVariable
Event: 2.868 loading class java/lang/reflect/TypeVariable done
Event: 2.868 loading class sun/reflect/generics/reflectiveObjects/TypeVariableImpl
Event: 2.868 loading class sun/reflect/generics/reflectiveObjects/LazyReflectiveObjectGenerator
Event: 2.868 loading class sun/reflect/generics/reflectiveObjects/LazyReflectiveObjectGenerator done
Event: 2.868 loading class sun/reflect/generics/reflectiveObjects/TypeVariableImpl done
Event: 2.868 Thread 0x0000000016c8c800 Uncommon trap: trap_request=0xffffff65 fr.pc=0x000000000327c128
Event: 2.868 Thread 0x0000000016c8c800 DEOPT PACKING pc=0x000000000327c128 sp=0x0000000017a0e930
Event: 2.868 Thread 0x0000000016c8c800 DEOPT UNPACKING pc=0x000000000302582a sp=0x0000000017a0e870 mode 2


Dynamic libraries:
0x00007ff6fda30000 - 0x00007ff6fda67000 	D:\JAVA_enviroment\bin\java.exe
0x00007fffc3740000 - 0x00007fffc3901000 	C:\WINDOWS\SYSTEM32\ntdll.dll
0x00007fffc0cf0000 - 0x00007fffc0d9d000 	C:\WINDOWS\system32\KERNEL32.DLL
0x00007fffbfe60000 - 0x00007fffc0048000 	C:\WINDOWS\system32\KERNELBASE.dll
0x00007fffc1190000 - 0x00007fffc1237000 	C:\WINDOWS\system32\ADVAPI32.dll
0x00007fffc0e90000 - 0x00007fffc0f2d000 	C:\WINDOWS\system32\msvcrt.dll
0x00007fffc1020000 - 0x00007fffc107b000 	C:\WINDOWS\system32\sechost.dll
0x00007fffc3380000 - 0x00007fffc349c000 	C:\WINDOWS\system32\RPCRT4.dll
0x00007fffc1240000 - 0x00007fffc1396000 	C:\WINDOWS\system32\USER32.dll
0x00007fffc34a0000 - 0x00007fffc3626000 	C:\WINDOWS\system32\GDI32.dll
0x00007fffbbed0000 - 0x00007fffbc144000 	C:\WINDOWS\WinSxS\amd64_microsoft.windows.common-controls_6595b64144ccf1df_6.0.10586.589_none_a2ddb3caa539acce\COMCTL32.dll
0x00007fffc2fe0000 - 0x00007fffc325d000 	C:\WINDOWS\system32\combase.dll
0x00007fffbfdf0000 - 0x00007fffbfe5a000 	C:\WINDOWS\system32\bcryptPrimitives.dll
0x00007fffc1080000 - 0x00007fffc10bb000 	C:\WINDOWS\system32\IMM32.DLL
0x0000000074220000 - 0x00000000742f2000 	D:\JAVA_enviroment\jre\bin\msvcr100.dll
0x0000000074780000 - 0x0000000075013000 	D:\JAVA_enviroment\jre\bin\server\jvm.dll
0x00007fffc0da0000 - 0x00007fffc0da8000 	C:\WINDOWS\system32\PSAPI.DLL
0x00007fffbd2d0000 - 0x00007fffbd2d9000 	C:\WINDOWS\SYSTEM32\WSOCK32.dll
0x00007fffc0f30000 - 0x00007fffc0f9b000 	C:\WINDOWS\system32\WS2_32.dll
0x00007fffbdfd0000 - 0x00007fffbdff3000 	C:\WINDOWS\SYSTEM32\WINMM.dll
0x00007fffbbec0000 - 0x00007fffbbeca000 	C:\WINDOWS\SYSTEM32\VERSION.dll
0x00007fffbdf70000 - 0x00007fffbdf9c000 	C:\WINDOWS\SYSTEM32\WINMMBASE.dll
0x00007fffc0a00000 - 0x00007fffc0a43000 	C:\WINDOWS\system32\cfgmgr32.dll
0x0000000074690000 - 0x000000007469f000 	D:\JAVA_enviroment\jre\bin\verify.dll
0x0000000074660000 - 0x0000000074689000 	D:\JAVA_enviroment\jre\bin\java.dll
0x0000000074640000 - 0x0000000074656000 	D:\JAVA_enviroment\jre\bin\zip.dll
0x00007fffc13a0000 - 0x00007fffc28fc000 	C:\WINDOWS\system32\SHELL32.dll
0x00007fffc0050000 - 0x00007fffc0695000 	C:\WINDOWS\system32\windows.storage.dll
0x00007fffc0e30000 - 0x00007fffc0e82000 	C:\WINDOWS\system32\shlwapi.dll
0x00007fffbfd80000 - 0x00007fffbfd8f000 	C:\WINDOWS\system32\kernel.appcore.dll
0x00007fffc06a0000 - 0x00007fffc0755000 	C:\WINDOWS\system32\shcore.dll
0x00007fffbfd90000 - 0x00007fffbfddb000 	C:\WINDOWS\system32\powrprof.dll
0x00007fffbfd60000 - 0x00007fffbfd74000 	C:\WINDOWS\system32\profapi.dll

VM Arguments:
jvm_args: -Djava.awt.headless=true -Xmx1024M -Dfile.encoding=GBK -Duser.country=CN -Duser.language=zh -Duser.variant 
java_command: com.android.dx.command.Main --dex --force-jumbo --num-threads=4 --multi-dex --output D:\workspace1\FastSport\app\build\intermediates\transforms\dex\debug\folders\1000\10\com.android.support-support-core-ui-24.2.1_c5979353356461d0acd1f60d3d90f7265a6809ab D:\workspace1\FastSport\app\build\intermediates\exploded-aar\com.android.support\support-core-ui\24.2.1\jars\classes.jar
java_class_path (initial): D:\AndroidStdio_sdk\sdk\build-tools\24.0.0\lib\dx.jar
Launcher Type: SUN_STANDARD

Environment Variables:
JAVA_HOME=D:\JAVA_enviroment
PATH=C:\ProgramData\Oracle\Java\javapath;C:\WINDOWS\system32;C:\WINDOWS;C:\WINDOWS\System32\Wbem;C:\WINDOWS\System32\WindowsPowerShell\v1.0\;D:\JAVA_enviroment\bin;D:\JAVA_enviroment\jre\bin;D:\android_sdk\sdk\tools;C:\Program Files (x86)\NVIDIA Corporation\PhysX\Common;D:\AndroidStdio_sdk\sdk\tools;C:\Program Files (x86)\Microsoft SQL Server\100\Tools\Binn\;C:\Program Files\Microsoft SQL Server\100\Tools\Binn\;C:\Program Files\Microsoft SQL Server\100\DTS\Binn\;C:\Program Files (x86)\Microsoft SQL Server\100\Tools\Binn\VSShell\Common7\IDE\;C:\Program Files (x86)\Microsoft Visual Studio 9.0\Common7\IDE\PrivateAssemblies\;C:\Program Files (x86)\Microsoft SQL Server\100\DTS\Binn\;D:\android_sdk\sdk\platform-tools;D:\android_sdk\sdk\tools
USERNAME=Administrator
OS=Windows_NT
PROCESSOR_IDENTIFIER=Intel64 Family 6 Model 58 Stepping 9, GenuineIntel



---------------  S Y S T E M  ---------------

OS: Windows 10.0 , 64 bit Build 10586 (10.0.10586.589)

CPU:total 4 (2 cores per cpu, 2 threads per core) family 6 model 58 stepping 9, cmov, cx8, fxsr, mmx, sse, sse2, sse3, ssse3, sse4.1, sse4.2, popcnt, avx, aes, clmul, erms, ht, tsc, tscinvbit, tscinv

Memory: 4k page, physical 8271404k(757432k free), swap 8271404k(5232k free)

vm_info: Java HotSpot(TM) 64-Bit Server VM (25.91-b14) for windows-amd64 JRE (1.8.0_91-b14), built on Apr  1 2016 00:58:32 by "java_re" with MS VC++ 10.0 (VS2010)

time: Sat Oct 01 16:36:35 2016
elapsed time: 2 seconds (0d 0h 0m 2s)

