#
# There is insufficient memory for the Java Runtime Environment to continue.
# Native memory allocation (malloc) failed to allocate 1515856 bytes for Chunk::new
# Possible reasons:
#   The system is out of physical RAM or swap space
#   In 32 bit mode, the process size limit was hit
# Possible solutions:
#   Reduce memory load on the system
#   Increase physical memory or swap space
#   Check if swap backing store is full
#   Use 64 bit Java on a 64 bit OS
#   Decrease Java heap size (-Xmx/-Xms)
#   Decrease number of Java threads
#   Decrease Java thread stack sizes (-Xss)
#   Set larger code cache with -XX:ReservedCodeCacheSize=
# This output file may be truncated or incomplete.
#
#  Out of Memory Error (allocation.cpp:390), pid=14464, tid=9536
#
# JRE version: Java(TM) SE Runtime Environment (8.0_91-b14) (build 1.8.0_91-b14)
# Java VM: Java HotSpot(TM) 64-Bit Server VM (25.91-b14 mixed mode windows-amd64 compressed oops)
# Failed to write core dump. Minidumps are not enabled by default on client versions of Windows
#

---------------  T H R E A D  ---------------

Current thread (0x0000000016c83800):  JavaThread "C2 CompilerThread0" daemon [_thread_in_native, id=9536, stack(0x0000000017240000,0x0000000017340000)]

Stack: [0x0000000017240000,0x0000000017340000]
[error occurred during error reporting (printing stack bounds), id 0xc0000005]

Native frames: (J=compiled Java code, j=interpreted, Vv=VM code, C=native code)


Current CompileTask:
C2:   3702 1469       4       com.android.dx.dex.code.OutputFinisher::addConstants (93 bytes)


---------------  P R O C E S S  ---------------

Java Threads: ( => current thread )
  0x00000000158ed800 JavaThread "Service Thread" daemon [_thread_blocked, id=11440, stack(0x0000000017540000,0x0000000017640000)]
  0x00000000158ea800 JavaThread "C1 CompilerThread2" daemon [_thread_blocked, id=11504, stack(0x0000000017440000,0x0000000017540000)]
  0x00000000031bb800 JavaThread "C2 CompilerThread1" daemon [_thread_in_native, id=6296, stack(0x0000000017340000,0x0000000017440000)]
=>0x0000000016c83800 JavaThread "C2 CompilerThread0" daemon [_thread_in_native, id=9536, stack(0x0000000017240000,0x0000000017340000)]
  0x00000000158a3000 JavaThread "Attach Listener" daemon [_thread_blocked, id=1884, stack(0x0000000017140000,0x0000000017240000)]
  0x00000000158a2000 JavaThread "Signal Dispatcher" daemon [_thread_blocked, id=9688, stack(0x0000000017040000,0x0000000017140000)]
  0x000000001587a000 JavaThread "Finalizer" daemon [_thread_blocked, id=12800, stack(0x0000000016ae0000,0x0000000016be0000)]
  0x0000000015859000 JavaThread "Reference Handler" daemon [_thread_blocked, id=15312, stack(0x00000000169e0000,0x0000000016ae0000)]
  0x00000000030c0800 JavaThread "main" [_thread_in_vm, id=15348, stack(0x0000000002f10000,0x0000000003010000)]

Other Threads:
  0x0000000015857000 VMThread [stack: 0x00000000168e0000,0x00000000169e0000] [id=9320]
  0x0000000016cb7000 WatcherThread [stack: 0x0000000017640000,0x0000000017740000] [id=9380]

VM state:not at safepoint (normal execution)

VM Mutex/Monitor currently owned by a thread: None

Heap:
 PSYoungGen      total 38400K, used 27505K [0x00000000eab00000, 0x00000000ef600000, 0x0000000100000000)
  eden space 33280K, 67% used [0x00000000eab00000,0x00000000ec0e0a88,0x00000000ecb80000)
  from space 5120K, 99% used [0x00000000ecb80000,0x00000000ed07bc80,0x00000000ed080000)
  to   space 5120K, 0% used [0x00000000ef100000,0x00000000ef100000,0x00000000ef600000)
 ParOldGen       total 87552K, used 2017K [0x00000000c0000000, 0x00000000c5580000, 0x00000000eab00000)
  object space 87552K, 2% used [0x00000000c0000000,0x00000000c01f8718,0x00000000c5580000)
 Metaspace       used 6311K, capacity 7192K, committed 7424K, reserved 1056768K
  class space    used 619K, capacity 656K, committed 768K, reserved 1048576K

Card table byte_map: [0x0000000012580000,0x0000000012790000] byte_map_base: 0x0000000011f80000

Marking Bits: (ParMarkBitMap*) 0x0000000058972f70
 Begin Bits: [0x0000000012cf0000, 0x0000000013cf0000)
 End Bits:   [0x0000000013cf0000, 0x0000000014cf0000)

Polling page: 0x0000000003010000

CodeCache: size=245760Kb used=5907Kb max_used=5907Kb free=239852Kb
 bounds [0x00000000031c0000, 0x0000000003790000, 0x00000000121c0000]
 total_blobs=1769 nmethods=1498 adapters=184
 compilation: enabled

Compilation events (10 events):
Event: 3.689 Thread 0x00000000158ea800 nmethod 1502 0x0000000003782a50 code [0x0000000003782be0, 0x0000000003783108]
Event: 3.689 Thread 0x00000000158ea800 1503       1       com.android.dx.dex.file.IdItem::getDefiningClass (5 bytes)
Event: 3.689 Thread 0x00000000158ea800 nmethod 1503 0x0000000003783310 code [0x0000000003783460, 0x0000000003783570]
Event: 3.691 Thread 0x00000000158ea800 1504       1       com.android.dx.dex.file.DexFile::getStringData (5 bytes)
Event: 3.691 Thread 0x00000000158ea800 nmethod 1504 0x00000000037835d0 code [0x0000000003783720, 0x0000000003783830]
Event: 3.691 Thread 0x00000000158ea800 1505       3       com.android.dx.dex.file.StringIdItem::addContents (36 bytes)
Event: 3.692 Thread 0x00000000158ea800 nmethod 1505 0x0000000003783890 code [0x0000000003783a60, 0x0000000003784398]
Event: 3.692 Thread 0x00000000158ea800 1509       3       com.android.dex.Leb128::unsignedLeb128Size (26 bytes)
Event: 3.692 Thread 0x00000000158ea800 nmethod 1509 0x0000000003784910 code [0x0000000003784a80, 0x0000000003784c70]
Event: 3.692 Thread 0x00000000158ea800 1506       3       com.android.dx.dex.file.StringDataItem::<init> (15 bytes)

GC Heap History (2 events):
Event: 3.172 GC heap before
{Heap before GC invocations=1 (full 0):
 PSYoungGen      total 38400K, used 33280K [0x00000000eab00000, 0x00000000ed580000, 0x0000000100000000)
  eden space 33280K, 100% used [0x00000000eab00000,0x00000000ecb80000,0x00000000ecb80000)
  from space 5120K, 0% used [0x00000000ed080000,0x00000000ed080000,0x00000000ed580000)
  to   space 5120K, 0% used [0x00000000ecb80000,0x00000000ecb80000,0x00000000ed080000)
 ParOldGen       total 87552K, used 0K [0x00000000c0000000, 0x00000000c5580000, 0x00000000eab00000)
  object space 87552K, 0% used [0x00000000c0000000,0x00000000c0000000,0x00000000c5580000)
 Metaspace       used 6040K, capacity 6964K, committed 7040K, reserved 1056768K
  class space    used 602K, capacity 620K, committed 640K, reserved 1048576K
Event: 3.202 GC heap after
Heap after GC invocations=1 (full 0):
 PSYoungGen      total 38400K, used 5103K [0x00000000eab00000, 0x00000000ef600000, 0x0000000100000000)
  eden space 33280K, 0% used [0x00000000eab00000,0x00000000eab00000,0x00000000ecb80000)
  from space 5120K, 99% used [0x00000000ecb80000,0x00000000ed07bc80,0x00000000ed080000)
  to   space 5120K, 0% used [0x00000000ef100000,0x00000000ef100000,0x00000000ef600000)
 ParOldGen       total 87552K, used 2017K [0x00000000c0000000, 0x00000000c5580000, 0x00000000eab00000)
  object space 87552K, 2% used [0x00000000c0000000,0x00000000c01f8718,0x00000000c5580000)
 Metaspace       used 6040K, capacity 6964K, committed 7040K, reserved 1056768K
  class space    used 602K, capacity 620K, committed 640K, reserved 1048576K
}

Deoptimization events (10 events):
Event: 3.493 Thread 0x00000000030c0800 Uncommon trap: reason=class_check action=maybe_recompile pc=0x0000000003664f48 method=java.util.Arrays.hashCode([Ljava/lang/Object;)I @ 43
Event: 3.494 Thread 0x00000000030c0800 Uncommon trap: reason=class_check action=maybe_recompile pc=0x00000000036583f4 method=java.util.Arrays.hashCode([Ljava/lang/Object;)I @ 43
Event: 3.501 Thread 0x00000000030c0800 Uncommon trap: reason=bimorphic action=maybe_recompile pc=0x00000000033ee850 method=java.util.HashMap.getNode(ILjava/lang/Object;)Ljava/util/HashMap$Node; @ 126
Event: 3.501 Thread 0x00000000030c0800 Uncommon trap: reason=bimorphic action=maybe_recompile pc=0x00000000033ee850 method=java.util.HashMap.getNode(ILjava/lang/Object;)Ljava/util/HashMap$Node; @ 126
Event: 3.501 Thread 0x00000000030c0800 Uncommon trap: reason=bimorphic action=maybe_recompile pc=0x00000000033ee850 method=java.util.HashMap.getNode(ILjava/lang/Object;)Ljava/util/HashMap$Node; @ 126
Event: 3.501 Thread 0x00000000030c0800 Uncommon trap: reason=bimorphic action=maybe_recompile pc=0x00000000033bdad4 method=java.util.HashMap.getNode(ILjava/lang/Object;)Ljava/util/HashMap$Node; @ 126
Event: 3.502 Thread 0x00000000030c0800 Uncommon trap: reason=class_check action=maybe_recompile pc=0x0000000003569f28 method=java.util.HashMap.putVal(ILjava/lang/Object;Ljava/lang/Object;ZZ)Ljava/lang/Object; @ 203
Event: 3.502 Thread 0x00000000030c0800 Uncommon trap: reason=class_check action=maybe_recompile pc=0x0000000003569f28 method=java.util.HashMap.putVal(ILjava/lang/Object;Ljava/lang/Object;ZZ)Ljava/lang/Object; @ 203
Event: 3.502 Thread 0x00000000030c0800 Uncommon trap: reason=class_check action=maybe_recompile pc=0x0000000003569f28 method=java.util.HashMap.putVal(ILjava/lang/Object;Ljava/lang/Object;ZZ)Ljava/lang/Object; @ 203
Event: 3.569 Thread 0x00000000030c0800 Uncommon trap: reason=class_check action=maybe_recompile pc=0x0000000003569f28 method=java.util.HashMap.putVal(ILjava/lang/Object;Ljava/lang/Object;ZZ)Ljava/lang/Object; @ 203

Internal exceptions (3 events):
Event: 1.234 Thread 0x00000000030c0800 Exception <a 'java/lang/NoSuchMethodError': Method sun.misc.Unsafe.defineClass(Ljava/lang/String;[BII)Ljava/lang/Class; name or signature does not match> (0x00000000eab07cc0) thrown at [C:\re\workspace\8-2-build-windows-amd64-cygwin\jdk8u91\6644\hotspot\srÍÂf(¿ó?
Event: 1.234 Thread 0x00000000030c0800 Exception <a 'java/lang/NoSuchMethodError': Method sun.misc.Unsafe.prefetchRead(Ljava/lang/Object;J)V name or signature does not match> (0x00000000eab07fa8) thrown at [C:\re\workspace\8-2-build-windows-amd64-cygwin\jdk8u91\6644\hotspot\src\share\vm\prims\j[£y@
Event: 2.760 Thread 0x0000000016dfc800 Implicit null exception at 0x00000000034993a2 to 0x0000000003499492

Events (10 events):
Event: 3.569 Thread 0x00000000030c0800 DEOPT PACKING pc=0x0000000003569f28 sp=0x000000000300edb0
Event: 3.569 Thread 0x00000000030c0800 DEOPT UNPACKING pc=0x000000000320582a sp=0x000000000300ecc0 mode 2
Event: 3.578 loading class com/android/dx/dex/file/CatchStructs
Event: 3.578 loading class com/android/dx/dex/file/CatchStructs done
Event: 3.606 loading class com/android/dx/dex/file/ProtoIdItem
Event: 3.606 loading class com/android/dx/dex/file/ProtoIdItem done
Event: 3.690 loading class com/android/dex/Leb128
Event: 3.690 loading class com/android/dex/Leb128 done
Event: 3.692 loading class java/util/Collections$1
Event: 3.693 loading class java/util/Collections$1 done


Dynamic libraries:
0x00007ff6d6940000 - 0x00007ff6d6977000 	D:\JAVA_enviroment\bin\java.exe
0x00007ffe578f0000 - 0x00007ffe57ac1000 	C:\WINDOWS\SYSTEM32\ntdll.dll
0x00007ffe55b40000 - 0x00007ffe55beb000 	C:\WINDOWS\System32\KERNEL32.DLL
0x00007ffe54150000 - 0x00007ffe5436d000 	C:\WINDOWS\System32\KERNELBASE.dll
0x00007ffe577a0000 - 0x00007ffe57842000 	C:\WINDOWS\System32\ADVAPI32.dll
0x00007ffe57850000 - 0x00007ffe578ee000 	C:\WINDOWS\System32\msvcrt.dll
0x00007ffe557a0000 - 0x00007ffe557f9000 	C:\WINDOWS\System32\sechost.dll
0x00007ffe55200000 - 0x00007ffe55321000 	C:\WINDOWS\System32\RPCRT4.dll
0x00007ffe560b0000 - 0x00007ffe56215000 	C:\WINDOWS\System32\USER32.dll
0x00007ffe54130000 - 0x00007ffe5414e000 	C:\WINDOWS\System32\win32u.dll
0x00007ffe54ef0000 - 0x00007ffe54f24000 	C:\WINDOWS\System32\GDI32.dll
0x00007ffe53f40000 - 0x00007ffe540c2000 	C:\WINDOWS\System32\gdi32full.dll
0x00007ffe4d170000 - 0x00007ffe4d3e9000 	C:\WINDOWS\WinSxS\amd64_microsoft.windows.common-controls_6595b64144ccf1df_6.0.14393.447_none_42191651c6827bb3\COMCTL32.dll
0x00007ffe55870000 - 0x00007ffe55b37000 	C:\WINDOWS\System32\combase.dll
0x00007ffe54d10000 - 0x00007ffe54e05000 	C:\WINDOWS\System32\ucrtbase.dll
0x00007ffe54e10000 - 0x00007ffe54e7a000 	C:\WINDOWS\System32\bcryptPrimitives.dll
0x00007ffe551d0000 - 0x00007ffe551fe000 	C:\WINDOWS\System32\IMM32.DLL
0x0000000057b30000 - 0x0000000057c02000 	D:\JAVA_enviroment\jre\bin\msvcr100.dll
0x0000000058160000 - 0x00000000589f3000 	D:\JAVA_enviroment\jre\bin\server\jvm.dll
0x00007ffe54e80000 - 0x00007ffe54e88000 	C:\WINDOWS\System32\PSAPI.DLL
0x00007ffe50c40000 - 0x00007ffe50c49000 	C:\WINDOWS\SYSTEM32\WSOCK32.dll
0x00007ffe55430000 - 0x00007ffe5549a000 	C:\WINDOWS\System32\WS2_32.dll
0x00007ffe51960000 - 0x00007ffe51983000 	C:\WINDOWS\SYSTEM32\WINMM.dll
0x00007ffe4fc50000 - 0x00007ffe4fc5a000 	C:\WINDOWS\SYSTEM32\VERSION.dll
0x00007ffe51930000 - 0x00007ffe5195b000 	C:\WINDOWS\SYSTEM32\WINMMBASE.dll
0x00007ffe54370000 - 0x00007ffe543b2000 	C:\WINDOWS\System32\cfgmgr32.dll
0x0000000058070000 - 0x000000005807f000 	D:\JAVA_enviroment\jre\bin\verify.dll
0x0000000058040000 - 0x0000000058069000 	D:\JAVA_enviroment\jre\bin\java.dll
0x0000000058020000 - 0x0000000058036000 	D:\JAVA_enviroment\jre\bin\zip.dll
0x00007ffe56220000 - 0x00007ffe57729000 	C:\WINDOWS\System32\SHELL32.dll
0x00007ffe543c0000 - 0x00007ffe54a9a000 	C:\WINDOWS\System32\windows.storage.dll
0x00007ffe53d70000 - 0x00007ffe53dbc000 	C:\WINDOWS\System32\powrprof.dll
0x00007ffe55800000 - 0x00007ffe55852000 	C:\WINDOWS\System32\shlwapi.dll
0x00007ffe53d50000 - 0x00007ffe53d5f000 	C:\WINDOWS\System32\kernel.appcore.dll
0x00007ffe53e90000 - 0x00007ffe53f39000 	C:\WINDOWS\System32\shcore.dll
0x00007ffe53dc0000 - 0x00007ffe53dd4000 	C:\WINDOWS\System32\profapi.dll

VM Arguments:
jvm_args: -Djava.awt.headless=true -Xmx1024M -Dfile.encoding=GBK -Duser.country=CN -Duser.language=zh -Duser.variant 
java_command: com.android.dx.command.Main --dex --force-jumbo --num-threads=4 --output D:\workspace1\FastSport\app\build\intermediates\pre-dexed\debug\picasso-2.3.2_129daf79aac2b89d04477dd06772606059eeedd9.jar C:\Users\Administrator\.gradle\caches\modules-2\files-2.1\com.squareup.picasso\picasso\2.3.2\d6b7f0093cec6c9faf65dbfd6a6a345d0ed25e27\picasso-2.3.2.jar
java_class_path (initial): D:\AndroidStdio_sdk\sdk\build-tools\24.0.0\lib\dx.jar
Launcher Type: SUN_STANDARD

Environment Variables:
JAVA_HOME=D:\JAVA_enviroment
PATH=C:\ProgramData\Oracle\Java\javapath;C:\WINDOWS\system32;C:\WINDOWS;C:\WINDOWS\System32\Wbem;C:\WINDOWS\System32\WindowsPowerShell\v1.0\;D:\JAVA_enviroment\bin;D:\JAVA_enviroment\jre\bin;D:\android_sdk\sdk\tools;C:\Program Files (x86)\NVIDIA Corporation\PhysX\Common;D:\AndroidStdio_sdk\sdk\tools;C:\Program Files (x86)\Microsoft SQL Server\100\Tools\Binn\;C:\Program Files\Microsoft SQL Server\100\Tools\Binn\;C:\Program Files\Microsoft SQL Server\100\DTS\Binn\;C:\Program Files (x86)\Microsoft SQL Server\100\Tools\Binn\VSShell\Common7\IDE\;C:\Program Files (x86)\Microsoft Visual Studio 9.0\Common7\IDE\PrivateAssemblies\;C:\Program Files (x86)\Microsoft SQL Server\100\DTS\Binn\;D:\android_sdk\sdk\platform-tools;D:\android_sdk\sdk\tools;C:\WINDOWS\system32;C:\WINDOWS;C:\WINDOWS\System32\Wbem;C:\WINDOWS\System32\WindowsPowerShell\v1.0\;C:\Users\Administrator\AppData\Local\Microsoft\WindowsApps;
USERNAME=Administrator
OS=Windows_NT
PROCESSOR_IDENTIFIER=Intel64 Family 6 Model 58 Stepping 9, GenuineIntel



---------------  S Y S T E M  ---------------

OS: Windows 10.0 , 64 bit Build 14393 (10.0.14393.0)

CPU:total 4 (2 cores per cpu, 2 threads per core) family 6 model 58 stepping 9, cmov, cx8, fxsr, mmx, sse, sse2, sse3, ssse3, sse4.1, sse4.2, popcnt, avx, aes, clmul, erms, ht, tsc, tscinvbit, tscinv

Memory: 4k page, physical 8271404k(821620k free), swap 8271404k(5876k free)

vm_info: Java HotSpot(TM) 64-Bit Server VM (25.91-b14) for windows-amd64 JRE (1.8.0_91-b14), built on Apr  1 2016 00:58:32 by "java_re" with MS VC++ 10.0 (VS2010)

time: Sat Nov 12 21:03:01 2016
elapsed time: 3 seconds (0d 0h 0m 3s)

