#
# There is insufficient memory for the Java Runtime Environment to continue.
# Native memory allocation (malloc) failed to allocate 1904176 bytes for Chunk::new
# Possible reasons:
#   The system is out of physical RAM or swap space
#   In 32 bit mode, the process size limit was hit
# Possible solutions:
#   Reduce memory load on the system
#   Increase physical memory or swap space
#   Check if swap backing store is full
#   Use 64 bit Java on a 64 bit OS
#   Decrease Java heap size (-Xmx/-Xms)
#   Decrease number of Java threads
#   Decrease Java thread stack sizes (-Xss)
#   Set larger code cache with -XX:ReservedCodeCacheSize=
# This output file may be truncated or incomplete.
#
#  Out of Memory Error (allocation.cpp:390), pid=5448, tid=11664
#
# JRE version: Java(TM) SE Runtime Environment (8.0_91-b14) (build 1.8.0_91-b14)
# Java VM: Java HotSpot(TM) 64-Bit Server VM (25.91-b14 mixed mode windows-amd64 compressed oops)
# Failed to write core dump. Minidumps are not enabled by default on client versions of Windows
#

---------------  T H R E A D  ---------------

Current thread (0x0000000015409800):  JavaThread "C2 CompilerThread0" daemon [_thread_in_native, id=11664, stack(0x0000000016d00000,0x0000000016e00000)]

Stack: [0x0000000016d00000,0x0000000016e00000]
[error occurred during error reporting (printing stack bounds), id 0xc0000005]

Native frames: (J=compiled Java code, j=interpreted, Vv=VM code, C=native code)


Current CompileTask:
C2:   5155 1452   !   4       com.android.dx.cf.cst.ConstantPoolParser::parse0 (731 bytes)


---------------  P R O C E S S  ---------------

Java Threads: ( => current thread )
  0x00000000169db000 JavaThread "pool-1-thread-4" [_thread_in_vm, id=1280, stack(0x0000000017600000,0x0000000017700000)]
  0x00000000169da000 JavaThread "pool-1-thread-3" [_thread_in_vm, id=10676, stack(0x0000000017500000,0x0000000017600000)]
  0x00000000169d7000 JavaThread "pool-1-thread-2" [_thread_blocked, id=2220, stack(0x0000000017400000,0x0000000017500000)]
  0x00000000169d6800 JavaThread "pool-2-thread-1" [_thread_blocked, id=8152, stack(0x0000000017300000,0x0000000017400000)]
  0x0000000016969000 JavaThread "pool-1-thread-1" [_thread_in_Java, id=424, stack(0x0000000017200000,0x0000000017300000)]
  0x000000001675c800 JavaThread "Service Thread" daemon [_thread_blocked, id=11872, stack(0x0000000017000000,0x0000000017100000)]
  0x0000000016757000 JavaThread "C1 CompilerThread2" daemon [_thread_in_native, id=8616, stack(0x0000000016f00000,0x0000000017000000)]
  0x000000001540c000 JavaThread "C2 CompilerThread1" daemon [_thread_in_native, id=8432, stack(0x0000000016e00000,0x0000000016f00000)]
=>0x0000000015409800 JavaThread "C2 CompilerThread0" daemon [_thread_in_native, id=11664, stack(0x0000000016d00000,0x0000000016e00000)]
  0x00000000153bd000 JavaThread "Attach Listener" daemon [_thread_blocked, id=10612, stack(0x0000000016c00000,0x0000000016d00000)]
  0x00000000153bc000 JavaThread "Signal Dispatcher" daemon [_thread_blocked, id=6996, stack(0x0000000016b00000,0x0000000016c00000)]
  0x000000001539a000 JavaThread "Finalizer" daemon [_thread_blocked, id=11892, stack(0x0000000016600000,0x0000000016700000)]
  0x0000000015379000 JavaThread "Reference Handler" daemon [_thread_blocked, id=10276, stack(0x0000000016500000,0x0000000016600000)]
  0x0000000002be0800 JavaThread "main" [_thread_in_Java, id=9488, stack(0x0000000002a20000,0x0000000002b20000)]

Other Threads:
  0x0000000015377000 VMThread [stack: 0x0000000016400000,0x0000000016500000] [id=2956]
  0x00000000167e3000 WatcherThread [stack: 0x0000000017100000,0x0000000017200000] [id=3016]

VM state:not at safepoint (normal execution)

VM Mutex/Monitor currently owned by a thread: None

Heap:
 PSYoungGen      total 38400K, used 37893K [0x00000000eab00000, 0x00000000ef600000, 0x0000000100000000)
  eden space 33280K, 98% used [0x00000000eab00000,0x00000000ecb02d10,0x00000000ecb80000)
  from space 5120K, 99% used [0x00000000ecb80000,0x00000000ed07e8e8,0x00000000ed080000)
  to   space 5120K, 0% used [0x00000000ef100000,0x00000000ef100000,0x00000000ef600000)
 ParOldGen       total 87552K, used 1734K [0x00000000c0000000, 0x00000000c5580000, 0x00000000eab00000)
  object space 87552K, 1% used [0x00000000c0000000,0x00000000c01b1800,0x00000000c5580000)
 Metaspace       used 6225K, capacity 7092K, committed 7296K, reserved 1056768K
  class space    used 602K, capacity 620K, committed 640K, reserved 1048576K

Card table byte_map: [0x00000000120a0000,0x00000000122b0000] byte_map_base: 0x0000000011aa0000

Marking Bits: (ParMarkBitMap*) 0x0000000063312f70
 Begin Bits: [0x0000000012810000, 0x0000000013810000)
 End Bits:   [0x0000000013810000, 0x0000000014810000)

Polling page: 0x0000000000ea0000

CodeCache: size=245760Kb used=6368Kb max_used=6368Kb free=239391Kb
 bounds [0x0000000002ce0000, 0x0000000003320000, 0x0000000011ce0000]
 total_blobs=1806 nmethods=1532 adapters=184
 compilation: enabled

Compilation events (10 events):
Event: 5.068 Thread 0x0000000016757000 1543       2       com.android.dx.rop.code.Rops::opReturn (89 bytes)
Event: 5.069 Thread 0x0000000016757000 nmethod 1543 0x0000000003307950 code [0x0000000003307b20, 0x0000000003308018]
Event: 5.088 Thread 0x0000000016757000 1544       2       com.android.dx.rop.cst.CstLiteral64::equals (36 bytes)
Event: 5.089 Thread 0x0000000016757000 nmethod 1544 0x0000000003308310 code [0x0000000003308460, 0x0000000003308630]
Event: 5.095 Thread 0x0000000016757000 1545       2       java.util.HashMap::get (23 bytes)
Event: 5.095 Thread 0x0000000016757000 nmethod 1545 0x0000000003308710 code [0x0000000003308880, 0x0000000003308a78]
Event: 5.099 Thread 0x0000000016757000 1546       2       com.android.dx.util.Hex::u2 (44 bytes)
Event: 5.099 Thread 0x0000000016757000 nmethod 1546 0x0000000003308b90 code [0x0000000003308d20, 0x0000000003309178]
Event: 5.113 Thread 0x0000000016757000 1547       2       com.android.dx.cf.code.Ropper::addSetupBlocks (535 bytes)
Event: 5.120 Thread 0x0000000016757000 nmethod 1547 0x0000000003309350 code [0x0000000003309a00, 0x000000000330c6a8]

GC Heap History (2 events):
Event: 4.171 GC heap before
{Heap before GC invocations=1 (full 0):
 PSYoungGen      total 38400K, used 33280K [0x00000000eab00000, 0x00000000ed580000, 0x0000000100000000)
  eden space 33280K, 100% used [0x00000000eab00000,0x00000000ecb80000,0x00000000ecb80000)
  from space 5120K, 0% used [0x00000000ed080000,0x00000000ed080000,0x00000000ed580000)
  to   space 5120K, 0% used [0x00000000ecb80000,0x00000000ecb80000,0x00000000ed080000)
 ParOldGen       total 87552K, used 0K [0x00000000c0000000, 0x00000000c5580000, 0x00000000eab00000)
  object space 87552K, 0% used [0x00000000c0000000,0x00000000c0000000,0x00000000c5580000)
 Metaspace       used 6064K, capacity 6964K, committed 7040K, reserved 1056768K
  class space    used 600K, capacity 620K, committed 640K, reserved 1048576K
Event: 4.261 GC heap after
Heap after GC invocations=1 (full 0):
 PSYoungGen      total 38400K, used 5114K [0x00000000eab00000, 0x00000000ef600000, 0x0000000100000000)
  eden space 33280K, 0% used [0x00000000eab00000,0x00000000eab00000,0x00000000ecb80000)
  from space 5120K, 99% used [0x00000000ecb80000,0x00000000ed07e8e8,0x00000000ed080000)
  to   space 5120K, 0% used [0x00000000ef100000,0x00000000ef100000,0x00000000ef600000)
 ParOldGen       total 87552K, used 1734K [0x00000000c0000000, 0x00000000c5580000, 0x00000000eab00000)
  object space 87552K, 1% used [0x00000000c0000000,0x00000000c01b1800,0x00000000c5580000)
 Metaspace       used 6064K, capacity 6964K, committed 7040K, reserved 1056768K
  class space    used 600K, capacity 620K, committed 640K, reserved 1048576K
}

Deoptimization events (10 events):
Event: 4.455 Thread 0x0000000016969000 Uncommon trap: reason=bimorphic action=maybe_recompile pc=0x00000000032347c0 method=com.android.dx.cf.code.BytecodeArray.parseInstruction(ILcom/android/dx/cf/code/BytecodeArray$Visitor;)I @ 1161
Event: 4.457 Thread 0x0000000016969000 Uncommon trap: reason=bimorphic action=maybe_recompile pc=0x00000000032347c0 method=com.android.dx.cf.code.BytecodeArray.parseInstruction(ILcom/android/dx/cf/code/BytecodeArray$Visitor;)I @ 1161
Event: 4.462 Thread 0x0000000016969000 Uncommon trap: reason=bimorphic action=maybe_recompile pc=0x000000000300d1ec method=java.util.HashMap.getNode(ILjava/lang/Object;)Ljava/util/HashMap$Node; @ 126
Event: 4.462 Thread 0x0000000016969000 Uncommon trap: reason=class_check action=maybe_recompile pc=0x00000000031af554 method=java.util.HashMap.putVal(ILjava/lang/Object;Ljava/lang/Object;ZZ)Ljava/lang/Object; @ 203
Event: 4.462 Thread 0x0000000016969000 Uncommon trap: reason=bimorphic action=maybe_recompile pc=0x000000000300d1ec method=java.util.HashMap.getNode(ILjava/lang/Object;)Ljava/util/HashMap$Node; @ 126
Event: 4.462 Thread 0x0000000016969000 Uncommon trap: reason=class_check action=maybe_recompile pc=0x00000000031af554 method=java.util.HashMap.putVal(ILjava/lang/Object;Ljava/lang/Object;ZZ)Ljava/lang/Object; @ 203
Event: 4.462 Thread 0x0000000016969000 Uncommon trap: reason=class_check action=maybe_recompile pc=0x00000000031af554 method=java.util.HashMap.putVal(ILjava/lang/Object;Ljava/lang/Object;ZZ)Ljava/lang/Object; @ 203
Event: 4.976 Thread 0x0000000016969000 Uncommon trap: reason=bimorphic action=maybe_recompile pc=0x0000000003233a10 method=com.android.dx.cf.code.BytecodeArray.parseInstruction(ILcom/android/dx/cf/code/BytecodeArray$Visitor;)I @ 2484
Event: 4.976 Thread 0x0000000016969000 Uncommon trap: reason=bimorphic action=maybe_recompile pc=0x0000000003233a10 method=com.android.dx.cf.code.BytecodeArray.parseInstruction(ILcom/android/dx/cf/code/BytecodeArray$Visitor;)I @ 2484
Event: 5.093 Thread 0x00000000169da000 Uncommon trap: reason=bimorphic action=maybe_recompile pc=0x0000000002f445e0 method=java.util.HashMap.getNode(ILjava/lang/Object;)Ljava/util/HashMap$Node; @ 126

Internal exceptions (5 events):
Event: 0.067 Thread 0x0000000002be0800 Exception <a 'java/lang/NoSuchMethodError': Method sun.misc.Unsafe.defineClass(Ljava/lang/String;[BII)Ljava/lang/Class; name or signature does not match> (0x00000000eab07cc0) thrown at [C:\re\workspace\8-2-build-windows-amd64-cygwin\jdk8u91\6644\hotspot\sre<◊
Event: 0.067 Thread 0x0000000002be0800 Exception <a 'java/lang/NoSuchMethodError': Method sun.misc.Unsafe.prefetchRead(Ljava/lang/Object;J)V name or signature does not match> (0x00000000eab07fa8) thrown at [C:\re\workspace\8-2-build-windows-amd64-cygwin\jdk8u91\6644\hotspot\src\share\vm\prims\js>õ‘w›	@
Event: 3.233 Thread 0x00000000169da000 Implicit null exception at 0x000000000306de73 to 0x000000000306f6e9
Event: 3.233 Thread 0x00000000169da000 Implicit null exception at 0x0000000003056f6a to 0x0000000003058699
Event: 4.284 Thread 0x00000000169da000 Implicit null exception at 0x0000000003138862 to 0x0000000003138952

Events (10 events):
Event: 4.821 loading class com/android/dx/cf/attrib/AttAnnotationDefault done
Event: 4.976 Thread 0x0000000016969000 Uncommon trap: trap_request=0xffffffc6 fr.pc=0x0000000003233a10
Event: 4.976 Thread 0x0000000016969000 DEOPT PACKING pc=0x0000000003233a10 sp=0x00000000172fe580
Event: 4.976 Thread 0x0000000016969000 DEOPT UNPACKING pc=0x0000000002d2582a sp=0x00000000172fe508 mode 2
Event: 4.976 Thread 0x0000000016969000 Uncommon trap: trap_request=0xffffffc6 fr.pc=0x0000000003233a10
Event: 4.976 Thread 0x0000000016969000 DEOPT PACKING pc=0x0000000003233a10 sp=0x00000000172fe3d0
Event: 4.976 Thread 0x0000000016969000 DEOPT UNPACKING pc=0x0000000002d2582a sp=0x00000000172fe358 mode 2
Event: 5.093 Thread 0x00000000169da000 Uncommon trap: trap_request=0xffffffc6 fr.pc=0x0000000002f445e0
Event: 5.093 Thread 0x00000000169da000 DEOPT PACKING pc=0x0000000002f445e0 sp=0x00000000175fec60
Event: 5.093 Thread 0x00000000169da000 DEOPT UNPACKING pc=0x0000000002d2582a sp=0x00000000175feb68 mode 2


Dynamic libraries:
0x00007ff637580000 - 0x00007ff6375b7000 	D:\JAVA_enviroment\bin\java.exe
0x00007ff8fd9a0000 - 0x00007ff8fdb71000 	C:\WINDOWS\SYSTEM32\ntdll.dll
0x00007ff8fb4a0000 - 0x00007ff8fb54b000 	C:\WINDOWS\System32\KERNEL32.DLL
0x00007ff8fa6d0000 - 0x00007ff8fa8ed000 	C:\WINDOWS\System32\KERNELBASE.dll
0x00007ff8fb3f0000 - 0x00007ff8fb492000 	C:\WINDOWS\System32\ADVAPI32.dll
0x00007ff8fd0e0000 - 0x00007ff8fd17e000 	C:\WINDOWS\System32\msvcrt.dll
0x00007ff8fcbd0000 - 0x00007ff8fcc29000 	C:\WINDOWS\System32\sechost.dll
0x00007ff8fd1c0000 - 0x00007ff8fd2e1000 	C:\WINDOWS\System32\RPCRT4.dll
0x00007ff8fd830000 - 0x00007ff8fd995000 	C:\WINDOWS\System32\USER32.dll
0x00007ff8faa60000 - 0x00007ff8faa7e000 	C:\WINDOWS\System32\win32u.dll
0x00007ff8fb3b0000 - 0x00007ff8fb3e4000 	C:\WINDOWS\System32\GDI32.dll
0x00007ff8faa80000 - 0x00007ff8fac02000 	C:\WINDOWS\System32\gdi32full.dll
0x00007ff8f51d0000 - 0x00007ff8f5449000 	C:\WINDOWS\WinSxS\amd64_microsoft.windows.common-controls_6595b64144ccf1df_6.0.14393.0_none_2d0f50fcbdb171b8\COMCTL32.dll
0x00007ff8fccd0000 - 0x00007ff8fcf97000 	C:\WINDOWS\System32\combase.dll
0x00007ff8fa960000 - 0x00007ff8faa55000 	C:\WINDOWS\System32\ucrtbase.dll
0x00007ff8fa8f0000 - 0x00007ff8fa95a000 	C:\WINDOWS\System32\bcryptPrimitives.dll
0x00007ff8fd180000 - 0x00007ff8fd1ae000 	C:\WINDOWS\System32\IMM32.DLL
0x0000000063660000 - 0x0000000063732000 	D:\JAVA_enviroment\jre\bin\msvcr100.dll
0x0000000062b00000 - 0x0000000063393000 	D:\JAVA_enviroment\jre\bin\server\jvm.dll
0x00007ff8fb550000 - 0x00007ff8fb558000 	C:\WINDOWS\System32\PSAPI.DLL
0x00007ff8f70d0000 - 0x00007ff8f70d9000 	C:\WINDOWS\SYSTEM32\WSOCK32.dll
0x00007ff8fb130000 - 0x00007ff8fb19a000 	C:\WINDOWS\System32\WS2_32.dll
0x00007ff8f8050000 - 0x00007ff8f8073000 	C:\WINDOWS\SYSTEM32\WINMM.dll
0x00007ff8f5890000 - 0x00007ff8f589a000 	C:\WINDOWS\SYSTEM32\VERSION.dll
0x00007ff8f7ed0000 - 0x00007ff8f7efb000 	C:\WINDOWS\SYSTEM32\WINMMBASE.dll
0x00007ff8facb0000 - 0x00007ff8facf2000 	C:\WINDOWS\System32\cfgmgr32.dll
0x0000000063d90000 - 0x0000000063d9f000 	D:\JAVA_enviroment\jre\bin\verify.dll
0x0000000063d60000 - 0x0000000063d89000 	D:\JAVA_enviroment\jre\bin\java.dll
0x0000000063d40000 - 0x0000000063d56000 	D:\JAVA_enviroment\jre\bin\zip.dll
0x00007ff8fb6c0000 - 0x00007ff8fcbc8000 	C:\WINDOWS\System32\SHELL32.dll
0x00007ff8f9e90000 - 0x00007ff8fa56a000 	C:\WINDOWS\System32\windows.storage.dll
0x00007ff8f9e20000 - 0x00007ff8f9e6c000 	C:\WINDOWS\System32\powrprof.dll
0x00007ff8fb050000 - 0x00007ff8fb0a2000 	C:\WINDOWS\System32\shlwapi.dll
0x00007ff8f9e00000 - 0x00007ff8f9e0f000 	C:\WINDOWS\System32\kernel.appcore.dll
0x00007ff8fa620000 - 0x00007ff8fa6c9000 	C:\WINDOWS\System32\shcore.dll
0x00007ff8f9e70000 - 0x00007ff8f9e84000 	C:\WINDOWS\System32\profapi.dll

VM Arguments:
jvm_args: -Djava.awt.headless=true -Xmx1024M -Dfile.encoding=GBK -Duser.country=CN -Duser.language=zh -Duser.variant 
java_command: com.android.dx.command.Main --dex --force-jumbo --num-threads=4 --output D:\workspace1\FastSport\app\build\intermediates\pre-dexed\debug\xUtils-2.6.14_202db90940df9880b4ddca384f0b6fb9bb907b52.jar D:\workspace1\FastSport\app\libs\xUtils-2.6.14.jar
java_class_path (initial): D:\AndroidStdio_sdk\sdk\build-tools\24.0.0\lib\dx.jar
Launcher Type: SUN_STANDARD

Environment Variables:
JAVA_HOME=D:\JAVA_enviroment
PATH=C:\ProgramData\Oracle\Java\javapath;C:\WINDOWS\system32;C:\WINDOWS;C:\WINDOWS\System32\Wbem;C:\WINDOWS\System32\WindowsPowerShell\v1.0\;D:\JAVA_enviroment\bin;D:\JAVA_enviroment\jre\bin;D:\android_sdk\sdk\tools;C:\Program Files (x86)\NVIDIA Corporation\PhysX\Common;D:\AndroidStdio_sdk\sdk\tools;C:\Program Files (x86)\Microsoft SQL Server\100\Tools\Binn\;C:\Program Files\Microsoft SQL Server\100\Tools\Binn\;C:\Program Files\Microsoft SQL Server\100\DTS\Binn\;C:\Program Files (x86)\Microsoft SQL Server\100\Tools\Binn\VSShell\Common7\IDE\;C:\Program Files (x86)\Microsoft Visual Studio 9.0\Common7\IDE\PrivateAssemblies\;C:\Program Files (x86)\Microsoft SQL Server\100\DTS\Binn\;D:\android_sdk\sdk\platform-tools;D:\android_sdk\sdk\tools;C:\WINDOWS\system32;C:\WINDOWS;C:\WINDOWS\System32\Wbem;C:\WINDOWS\System32\WindowsPowerShell\v1.0\;C:\Users\Administrator\AppData\Local\Microsoft\WindowsApps;
USERNAME=Administrator
OS=Windows_NT
PROCESSOR_IDENTIFIER=Intel64 Family 6 Model 58 Stepping 9, GenuineIntel



---------------  S Y S T E M  ---------------

OS: Windows 10.0 , 64 bit Build 14393 (10.0.14393.0)

CPU:total 4 (2 cores per cpu, 2 threads per core) family 6 model 58 stepping 9, cmov, cx8, fxsr, mmx, sse, sse2, sse3, ssse3, sse4.1, sse4.2, popcnt, avx, aes, clmul, erms, ht, tsc, tscinvbit, tscinv

Memory: 4k page, physical 8271404k(1049120k free), swap 8271404k(8700k free)

vm_info: Java HotSpot(TM) 64-Bit Server VM (25.91-b14) for windows-amd64 JRE (1.8.0_91-b14), built on Apr  1 2016 00:58:32 by "java_re" with MS VC++ 10.0 (VS2010)

time: Wed Oct 19 17:03:37 2016
elapsed time: 5 seconds (0d 0h 0m 5s)

