#
# There is insufficient memory for the Java Runtime Environment to continue.
# Native memory allocation (malloc) failed to allocate 296416 bytes for Chunk::new
# Possible reasons:
#   The system is out of physical RAM or swap space
#   In 32 bit mode, the process size limit was hit
# Possible solutions:
#   Reduce memory load on the system
#   Increase physical memory or swap space
#   Check if swap backing store is full
#   Use 64 bit Java on a 64 bit OS
#   Decrease Java heap size (-Xmx/-Xms)
#   Decrease number of Java threads
#   Decrease Java thread stack sizes (-Xss)
#   Set larger code cache with -XX:ReservedCodeCacheSize=
# This output file may be truncated or incomplete.
#
#  Out of Memory Error (allocation.cpp:390), pid=10932, tid=3472
#
# JRE version: Java(TM) SE Runtime Environment (8.0_91-b14) (build 1.8.0_91-b14)
# Java VM: Java HotSpot(TM) 64-Bit Server VM (25.91-b14 mixed mode windows-amd64 compressed oops)
# Failed to write core dump. Minidumps are not enabled by default on client versions of Windows
#

---------------  T H R E A D  ---------------

Current thread (0x00000000159ca000):  JavaThread "C2 CompilerThread0" daemon [_thread_in_native, id=3472, stack(0x00000000172d0000,0x00000000173d0000)]

Stack: [0x00000000172d0000,0x00000000173d0000]
[error occurred during error reporting (printing stack bounds), id 0xc0000005]

Native frames: (J=compiled Java code, j=interpreted, Vv=VM code, C=native code)


Current CompileTask:
C2:   6114 2038       4       com.android.dx.dex.code.form.Form35c::writeTo (157 bytes)


---------------  P R O C E S S  ---------------

Java Threads: ( => current thread )
  0x0000000016e6f800 JavaThread "pool-1-thread-1" [_thread_in_vm, id=10496, stack(0x000000001a470000,0x000000001a570000)]
  0x0000000016d3a800 JavaThread "Service Thread" daemon [_thread_blocked, id=6044, stack(0x00000000175d0000,0x00000000176d0000)]
  0x00000000159ce800 JavaThread "C1 CompilerThread2" daemon [_thread_blocked, id=10296, stack(0x00000000174d0000,0x00000000175d0000)]
  0x00000000159cc800 JavaThread "C2 CompilerThread1" daemon [_thread_blocked, id=12676, stack(0x00000000173d0000,0x00000000174d0000)]
=>0x00000000159ca000 JavaThread "C2 CompilerThread0" daemon [_thread_in_native, id=3472, stack(0x00000000172d0000,0x00000000173d0000)]
  0x000000001597c800 JavaThread "Attach Listener" daemon [_thread_blocked, id=13592, stack(0x00000000171d0000,0x00000000172d0000)]
  0x00000000159c9800 JavaThread "Signal Dispatcher" daemon [_thread_blocked, id=12840, stack(0x00000000170d0000,0x00000000171d0000)]
  0x000000001595a000 JavaThread "Finalizer" daemon [_thread_blocked, id=13568, stack(0x0000000016bd0000,0x0000000016cd0000)]
  0x0000000015939000 JavaThread "Reference Handler" daemon [_thread_blocked, id=12072, stack(0x0000000016ad0000,0x0000000016bd0000)]
  0x0000000003110800 JavaThread "main" [_thread_blocked, id=9672, stack(0x0000000001440000,0x0000000001540000)]

Other Threads:
  0x0000000015937000 VMThread [stack: 0x00000000169d0000,0x0000000016ad0000] [id=12304]
  0x0000000016d9e800 WatcherThread [stack: 0x00000000176d0000,0x00000000177d0000] [id=880]

VM state:not at safepoint (normal execution)

VM Mutex/Monitor currently owned by a thread: None

Heap:
 PSYoungGen      total 138240K, used 114545K [0x00000000eab00000, 0x00000000f3700000, 0x0000000100000000)
  eden space 133120K, 86% used [0x00000000eab00000,0x00000000f1adc560,0x00000000f2d00000)
  from space 5120K, 0% used [0x00000000f3200000,0x00000000f3200000,0x00000000f3700000)
  to   space 5120K, 0% used [0x00000000f2d00000,0x00000000f2d00000,0x00000000f3200000)
 ParOldGen       total 121344K, used 41625K [0x00000000c0000000, 0x00000000c7680000, 0x00000000eab00000)
  object space 121344K, 34% used [0x00000000c0000000,0x00000000c28a6528,0x00000000c7680000)
 Metaspace       used 6303K, capacity 7216K, committed 7296K, reserved 1056768K
  class space    used 608K, capacity 616K, committed 640K, reserved 1048576K

Card table byte_map: [0x0000000012660000,0x0000000012870000] byte_map_base: 0x0000000012060000

Marking Bits: (ParMarkBitMap*) 0x000000006fac2f70
 Begin Bits: [0x0000000012dd0000, 0x0000000013dd0000)
 End Bits:   [0x0000000013dd0000, 0x0000000014dd0000)

Polling page: 0x0000000001120000

CodeCache: size=245760Kb used=8390Kb max_used=8390Kb free=237369Kb
 bounds [0x00000000032a0000, 0x0000000003ae0000, 0x00000000122a0000]
 total_blobs=2191 nmethods=1926 adapters=178
 compilation: enabled

Compilation events (10 events):
Event: 6.097 Thread 0x00000000159ce800 2041       3       com.android.dx.util.ByteArrayAnnotatedOutput::assertCursor (48 bytes)
Event: 6.098 Thread 0x00000000159ce800 nmethod 2041 0x0000000003ac43d0 code [0x0000000003ac45e0, 0x0000000003ac5058]
Event: 6.098 Thread 0x00000000159ce800 2042       1       com.android.dx.rop.cst.CstString::getBytes (5 bytes)
Event: 6.098 Thread 0x00000000159ce800 nmethod 2042 0x0000000003ac4110 code [0x0000000003ac4260, 0x0000000003ac4370]
Event: 6.098 Thread 0x00000000159ce800 2043       3       com.android.dx.dex.file.StringDataItem::writeTo0 (103 bytes)
Event: 6.100 Thread 0x00000000159ce800 nmethod 2043 0x0000000003ad0fd0 code [0x0000000003ad1300, 0x0000000003ad2c88]
Event: 6.101 Thread 0x00000000159ce800 2044       3       com.android.dx.util.ByteArray::getBytes (39 bytes)
Event: 6.101 Thread 0x00000000159ce800 nmethod 2044 0x0000000003ad8410 code [0x0000000003ad85a0, 0x0000000003ad88f8]
Event: 6.102 Thread 0x00000000159ce800 2045       3       com.android.dx.util.ByteArrayAnnotatedOutput::write (61 bytes)
Event: 6.102 Thread 0x00000000159ce800 nmethod 2045 0x0000000003ad8a50 code [0x0000000003ad8c00, 0x0000000003ad90c8]

GC Heap History (10 events):
Event: 1.287 GC heap before
{Heap before GC invocations=1 (full 0):
 PSYoungGen      total 38400K, used 33280K [0x00000000eab00000, 0x00000000ed580000, 0x0000000100000000)
  eden space 33280K, 100% used [0x00000000eab00000,0x00000000ecb80000,0x00000000ecb80000)
  from space 5120K, 0% used [0x00000000ed080000,0x00000000ed080000,0x00000000ed580000)
  to   space 5120K, 0% used [0x00000000ecb80000,0x00000000ecb80000,0x00000000ed080000)
 ParOldGen       total 87552K, used 0K [0x00000000c0000000, 0x00000000c5580000, 0x00000000eab00000)
  object space 87552K, 0% used [0x00000000c0000000,0x00000000c0000000,0x00000000c5580000)
 Metaspace       used 5700K, capacity 6768K, committed 7040K, reserved 1056768K
  class space    used 581K, capacity 616K, committed 640K, reserved 1048576K
Event: 1.317 GC heap after
Heap after GC invocations=1 (full 0):
 PSYoungGen      total 38400K, used 5118K [0x00000000eab00000, 0x00000000ef600000, 0x0000000100000000)
  eden space 33280K, 0% used [0x00000000eab00000,0x00000000eab00000,0x00000000ecb80000)
  from space 5120K, 99% used [0x00000000ecb80000,0x00000000ed07f9a8,0x00000000ed080000)
  to   space 5120K, 0% used [0x00000000ef100000,0x00000000ef100000,0x00000000ef600000)
 ParOldGen       total 87552K, used 8525K [0x00000000c0000000, 0x00000000c5580000, 0x00000000eab00000)
  object space 87552K, 9% used [0x00000000c0000000,0x00000000c08536e8,0x00000000c5580000)
 Metaspace       used 5700K, capacity 6768K, committed 7040K, reserved 1056768K
  class space    used 581K, capacity 616K, committed 640K, reserved 1048576K
}
Event: 1.423 GC heap before
{Heap before GC invocations=2 (full 0):
 PSYoungGen      total 38400K, used 38398K [0x00000000eab00000, 0x00000000ef600000, 0x0000000100000000)
  eden space 33280K, 100% used [0x00000000eab00000,0x00000000ecb80000,0x00000000ecb80000)
  from space 5120K, 99% used [0x00000000ecb80000,0x00000000ed07f9a8,0x00000000ed080000)
  to   space 5120K, 0% used [0x00000000ef100000,0x00000000ef100000,0x00000000ef600000)
 ParOldGen       total 87552K, used 8525K [0x00000000c0000000, 0x00000000c5580000, 0x00000000eab00000)
  object space 87552K, 9% used [0x00000000c0000000,0x00000000c08536e8,0x00000000c5580000)
 Metaspace       used 5709K, capacity 6768K, committed 7040K, reserved 1056768K
  class space    used 581K, capacity 616K, committed 640K, reserved 1048576K
Event: 1.467 GC heap after
Heap after GC invocations=2 (full 0):
 PSYoungGen      total 71680K, used 5095K [0x00000000eab00000, 0x00000000ef600000, 0x0000000100000000)
  eden space 66560K, 0% used [0x00000000eab00000,0x00000000eab00000,0x00000000eec00000)
  from space 5120K, 99% used [0x00000000ef100000,0x00000000ef5f9e98,0x00000000ef600000)
  to   space 5120K, 0% used [0x00000000eec00000,0x00000000eec00000,0x00000000ef100000)
 ParOldGen       total 87552K, used 27044K [0x00000000c0000000, 0x00000000c5580000, 0x00000000eab00000)
  object space 87552K, 30% used [0x00000000c0000000,0x00000000c1a69230,0x00000000c5580000)
 Metaspace       used 5709K, capacity 6768K, committed 7040K, reserved 1056768K
  class space    used 581K, capacity 616K, committed 640K, reserved 1048576K
}
Event: 2.249 GC heap before
{Heap before GC invocations=3 (full 0):
 PSYoungGen      total 71680K, used 71655K [0x00000000eab00000, 0x00000000ef600000, 0x0000000100000000)
  eden space 66560K, 100% used [0x00000000eab00000,0x00000000eec00000,0x00000000eec00000)
  from space 5120K, 99% used [0x00000000ef100000,0x00000000ef5f9e98,0x00000000ef600000)
  to   space 5120K, 0% used [0x00000000eec00000,0x00000000eec00000,0x00000000ef100000)
 ParOldGen       total 87552K, used 27044K [0x00000000c0000000, 0x00000000c5580000, 0x00000000eab00000)
  object space 87552K, 30% used [0x00000000c0000000,0x00000000c1a69230,0x00000000c5580000)
 Metaspace       used 5820K, capacity 6896K, committed 7040K, reserved 1056768K
  class space    used 584K, capacity 616K, committed 640K, reserved 1048576K
Event: 2.279 GC heap after
Heap after GC invocations=3 (full 0):
 PSYoungGen      total 71680K, used 5105K [0x00000000eab00000, 0x00000000f3700000, 0x0000000100000000)
  eden space 66560K, 0% used [0x00000000eab00000,0x00000000eab00000,0x00000000eec00000)
  from space 5120K, 99% used [0x00000000eec00000,0x00000000ef0fc670,0x00000000ef100000)
  to   space 5120K, 0% used [0x00000000f3200000,0x00000000f3200000,0x00000000f3700000)
 ParOldGen       total 87552K, used 46844K [0x00000000c0000000, 0x00000000c5580000, 0x00000000eab00000)
  object space 87552K, 53% used [0x00000000c0000000,0x00000000c2dbf238,0x00000000c5580000)
 Metaspace       used 5820K, capacity 6896K, committed 7040K, reserved 1056768K
  class space    used 584K, capacity 616K, committed 640K, reserved 1048576K
}
Event: 2.775 GC heap before
{Heap before GC invocations=4 (full 0):
 PSYoungGen      total 71680K, used 71665K [0x00000000eab00000, 0x00000000f3700000, 0x0000000100000000)
  eden space 66560K, 100% used [0x00000000eab00000,0x00000000eec00000,0x00000000eec00000)
  from space 5120K, 99% used [0x00000000eec00000,0x00000000ef0fc670,0x00000000ef100000)
  to   space 5120K, 0% used [0x00000000f3200000,0x00000000f3200000,0x00000000f3700000)
 ParOldGen       total 87552K, used 46844K [0x00000000c0000000, 0x00000000c5580000, 0x00000000eab00000)
  object space 87552K, 53% used [0x00000000c0000000,0x00000000c2dbf238,0x00000000c5580000)
 Metaspace       used 5854K, capacity 6896K, committed 7040K, reserved 1056768K
  class space    used 586K, capacity 616K, committed 640K, reserved 1048576K
Event: 2.812 GC heap after
Heap after GC invocations=4 (full 0):
 PSYoungGen      total 138240K, used 5117K [0x00000000eab00000, 0x00000000f3700000, 0x0000000100000000)
  eden space 133120K, 0% used [0x00000000eab00000,0x00000000eab00000,0x00000000f2d00000)
  from space 5120K, 99% used [0x00000000f3200000,0x00000000f36ff438,0x00000000f3700000)
  to   space 5120K, 0% used [0x00000000f2d00000,0x00000000f2d00000,0x00000000f3200000)
 ParOldGen       total 87552K, used 74577K [0x00000000c0000000, 0x00000000c5580000, 0x00000000eab00000)
  object space 87552K, 85% used [0x00000000c0000000,0x00000000c48d4478,0x00000000c5580000)
 Metaspace       used 5854K, capacity 6896K, committed 7040K, reserved 1056768K
  class space    used 586K, capacity 616K, committed 640K, reserved 1048576K
}
Event: 2.812 GC heap before
{Heap before GC invocations=5 (full 1):
 PSYoungGen      total 138240K, used 5117K [0x00000000eab00000, 0x00000000f3700000, 0x0000000100000000)
  eden space 133120K, 0% used [0x00000000eab00000,0x00000000eab00000,0x00000000f2d00000)
  from space 5120K, 99% used [0x00000000f3200000,0x00000000f36ff438,0x00000000f3700000)
  to   space 5120K, 0% used [0x00000000f2d00000,0x00000000f2d00000,0x00000000f3200000)
 ParOldGen       total 87552K, used 74577K [0x00000000c0000000, 0x00000000c5580000, 0x00000000eab00000)
  object space 87552K, 85% used [0x00000000c0000000,0x00000000c48d4478,0x00000000c5580000)
 Metaspace       used 5854K, capacity 6896K, committed 7040K, reserved 1056768K
  class space    used 586K, capacity 616K, committed 640K, reserved 1048576K
Event: 3.023 GC heap after
Heap after GC invocations=5 (full 1):
 PSYoungGen      total 138240K, used 0K [0x00000000eab00000, 0x00000000f3700000, 0x0000000100000000)
  eden space 133120K, 0% used [0x00000000eab00000,0x00000000eab00000,0x00000000f2d00000)
  from space 5120K, 0% used [0x00000000f3200000,0x00000000f3200000,0x00000000f3700000)
  to   space 5120K, 0% used [0x00000000f2d00000,0x00000000f2d00000,0x00000000f3200000)
 ParOldGen       total 121344K, used 41625K [0x00000000c0000000, 0x00000000c7680000, 0x00000000eab00000)
  object space 121344K, 34% used [0x00000000c0000000,0x00000000c28a6528,0x00000000c7680000)
 Metaspace       used 5854K, capacity 6896K, committed 7040K, reserved 1056768K
  class space    used 586K, capacity 616K, committed 640K, reserved 1048576K
}

Deoptimization events (10 events):
Event: 4.119 Thread 0x0000000016e6f800 Uncommon trap: reason=bimorphic action=maybe_recompile pc=0x000000000370b464 method=java.util.HashMap.putVal(ILjava/lang/Object;Ljava/lang/Object;ZZ)Ljava/lang/Object; @ 91
Event: 4.119 Thread 0x0000000016e6f800 Uncommon trap: reason=bimorphic action=maybe_recompile pc=0x000000000370b464 method=java.util.HashMap.putVal(ILjava/lang/Object;Ljava/lang/Object;ZZ)Ljava/lang/Object; @ 91
Event: 4.119 Thread 0x0000000016e6f800 Uncommon trap: reason=bimorphic action=maybe_recompile pc=0x000000000370b464 method=java.util.HashMap.putVal(ILjava/lang/Object;Ljava/lang/Object;ZZ)Ljava/lang/Object; @ 91
Event: 4.119 Thread 0x0000000016e6f800 Uncommon trap: reason=bimorphic action=maybe_recompile pc=0x000000000370b464 method=java.util.HashMap.putVal(ILjava/lang/Object;Ljava/lang/Object;ZZ)Ljava/lang/Object; @ 91
Event: 4.119 Thread 0x0000000016e6f800 Uncommon trap: reason=bimorphic action=maybe_recompile pc=0x00000000036e54ac method=java.util.HashMap.putVal(ILjava/lang/Object;Ljava/lang/Object;ZZ)Ljava/lang/Object; @ 91
Event: 4.132 Thread 0x0000000016e6f800 Uncommon trap: reason=class_check action=maybe_recompile pc=0x00000000039b2f80 method=java.util.HashMap.putVal(ILjava/lang/Object;Ljava/lang/Object;ZZ)Ljava/lang/Object; @ 203
Event: 4.270 Thread 0x0000000016e6f800 Uncommon trap: reason=bimorphic action=maybe_recompile pc=0x00000000038ba6e8 method=java.util.HashMap.getNode(ILjava/lang/Object;)Ljava/util/HashMap$Node; @ 126
Event: 4.271 Thread 0x0000000016e6f800 Uncommon trap: reason=bimorphic action=maybe_recompile pc=0x00000000038ba6e8 method=java.util.HashMap.getNode(ILjava/lang/Object;)Ljava/util/HashMap$Node; @ 126
Event: 4.655 Thread 0x0000000016e6f800 Uncommon trap: reason=unstable_if action=reinterpret pc=0x0000000003a14e28 method=com.android.dx.dex.code.LocalList$MakeState.snapshot(ILcom/android/dx/rop/code/RegisterSpecSet;)V @ 66
Event: 6.087 Thread 0x0000000016e6f800 Uncommon trap: reason=range_check action=make_not_entrant pc=0x0000000003ad5f54 method=com.android.dx.util.FixedSizeList.get0(I)Ljava/lang/Object; @ 5

Internal exceptions (2 events):
Event: 0.204 Thread 0x0000000003110800 Exception <a 'java/lang/NoSuchMethodError': Method sun.misc.Unsafe.defineClass(Ljava/lang/String;[BII)Ljava/lang/Class; name or signature does not match> (0x00000000eab07cc0) thrown at [C:\re\workspace\8-2-build-windows-amd64-cygwin\jdk8u91\6644\hotspot\srÄÿµ“#Ê?
Event: 0.204 Thread 0x0000000003110800 Exception <a 'java/lang/NoSuchMethodError': Method sun.misc.Unsafe.prefetchRead(Ljava/lang/Object;J)V name or signature does not match> (0x00000000eab07fa8) thrown at [C:\re\workspace\8-2-build-windows-amd64-cygwin\jdk8u91\6644\hotspot\src\share\vm\prims\j

Events (10 events):
Event: 5.657 loading class com/android/dx/dex/file/MapItem done
Event: 5.660 loading class com/android/dex/DexFormat
Event: 5.660 loading class com/android/dex/DexFormat done
Event: 5.954 Thread 0x0000000016e6f800 DEOPT PACKING pc=0x0000000003abfeff sp=0x000000001a56eb70
Event: 5.954 Thread 0x0000000016e6f800 DEOPT UNPACKING pc=0x00000000032e787f sp=0x000000001a56e958 mode 0
Event: 5.961 Thread 0x0000000016e6f800 DEOPT PACKING pc=0x0000000003ab480a sp=0x000000001a56ec50
Event: 5.961 Thread 0x0000000016e6f800 DEOPT UNPACKING pc=0x00000000032e787f sp=0x000000001a56e978 mode 0
Event: 6.087 Thread 0x0000000016e6f800 Uncommon trap: trap_request=0xffffffe4 fr.pc=0x0000000003ad5f54
Event: 6.087 Thread 0x0000000016e6f800 DEOPT PACKING pc=0x0000000003ad5f54 sp=0x000000001a56eba0
Event: 6.087 Thread 0x0000000016e6f800 DEOPT UNPACKING pc=0x00000000032e582a sp=0x000000001a56ea80 mode 2


Dynamic libraries:
0x00007ff696390000 - 0x00007ff6963c7000 	D:\JAVA_enviroment\bin\java.exe
0x00007ff9cf200000 - 0x00007ff9cf3d1000 	C:\WINDOWS\SYSTEM32\ntdll.dll
0x00007ff9cca70000 - 0x00007ff9ccb1b000 	C:\WINDOWS\System32\KERNEL32.DLL
0x00007ff9cc570000 - 0x00007ff9cc78d000 	C:\WINDOWS\System32\KERNELBASE.dll
0x00007ff9cf150000 - 0x00007ff9cf1f2000 	C:\WINDOWS\System32\ADVAPI32.dll
0x00007ff9cd1f0000 - 0x00007ff9cd28e000 	C:\WINDOWS\System32\msvcrt.dll
0x00007ff9cc790000 - 0x00007ff9cc7e9000 	C:\WINDOWS\System32\sechost.dll
0x00007ff9ccde0000 - 0x00007ff9ccf01000 	C:\WINDOWS\System32\RPCRT4.dll
0x00007ff9cd290000 - 0x00007ff9cd3f5000 	C:\WINDOWS\System32\USER32.dll
0x00007ff9cc4a0000 - 0x00007ff9cc4be000 	C:\WINDOWS\System32\win32u.dll
0x00007ff9cc9d0000 - 0x00007ff9cca04000 	C:\WINDOWS\System32\GDI32.dll
0x00007ff9cc0c0000 - 0x00007ff9cc242000 	C:\WINDOWS\System32\gdi32full.dll
0x00007ff9c25c0000 - 0x00007ff9c2839000 	C:\WINDOWS\WinSxS\amd64_microsoft.windows.common-controls_6595b64144ccf1df_6.0.14393.0_none_2d0f50fcbdb171b8\COMCTL32.dll
0x00007ff9cee80000 - 0x00007ff9cf147000 	C:\WINDOWS\System32\combase.dll
0x00007ff9cc2f0000 - 0x00007ff9cc3e5000 	C:\WINDOWS\System32\ucrtbase.dll
0x00007ff9cb6f0000 - 0x00007ff9cb75a000 	C:\WINDOWS\System32\bcryptPrimitives.dll
0x00007ff9cc7f0000 - 0x00007ff9cc81e000 	C:\WINDOWS\System32\IMM32.DLL
0x000000006ed70000 - 0x000000006ee42000 	D:\JAVA_enviroment\jre\bin\msvcr100.dll
0x000000006f2b0000 - 0x000000006fb43000 	D:\JAVA_enviroment\jre\bin\server\jvm.dll
0x00007ff9cc840000 - 0x00007ff9cc848000 	C:\WINDOWS\System32\PSAPI.DLL
0x00007ff9c8d70000 - 0x00007ff9c8d79000 	C:\WINDOWS\SYSTEM32\WSOCK32.dll
0x00007ff9cee10000 - 0x00007ff9cee7a000 	C:\WINDOWS\System32\WS2_32.dll
0x00007ff9c99b0000 - 0x00007ff9c99d3000 	C:\WINDOWS\SYSTEM32\WINMM.dll
0x00007ff9c39f0000 - 0x00007ff9c39fa000 	C:\WINDOWS\SYSTEM32\VERSION.dll
0x00007ff9c9910000 - 0x00007ff9c993b000 	C:\WINDOWS\SYSTEM32\WINMMBASE.dll
0x00007ff9cc3f0000 - 0x00007ff9cc432000 	C:\WINDOWS\System32\cfgmgr32.dll
0x00000000702e0000 - 0x00000000702ef000 	D:\JAVA_enviroment\jre\bin\verify.dll
0x000000006f1a0000 - 0x000000006f1c9000 	D:\JAVA_enviroment\jre\bin\java.dll
0x000000006f180000 - 0x000000006f196000 	D:\JAVA_enviroment\jre\bin\zip.dll
0x00007ff9cd400000 - 0x00007ff9ce908000 	C:\WINDOWS\System32\SHELL32.dll
0x00007ff9cb9e0000 - 0x00007ff9cc0ba000 	C:\WINDOWS\System32\windows.storage.dll
0x00007ff9cb660000 - 0x00007ff9cb6ac000 	C:\WINDOWS\System32\powrprof.dll
0x00007ff9cc850000 - 0x00007ff9cc8a2000 	C:\WINDOWS\System32\shlwapi.dll
0x00007ff9cb6e0000 - 0x00007ff9cb6ef000 	C:\WINDOWS\System32\kernel.appcore.dll
0x00007ff9cc4c0000 - 0x00007ff9cc569000 	C:\WINDOWS\System32\shcore.dll
0x00007ff9cb6b0000 - 0x00007ff9cb6c4000 	C:\WINDOWS\System32\profapi.dll

VM Arguments:
jvm_args: -Djava.awt.headless=true -Xmx1024M -Dfile.encoding=GBK -Duser.country=CN -Duser.language=zh -Duser.variant 
java_command: com.android.dx.command.Main --dex --force-jumbo --num-threads=4 --multi-dex --output D:\workspace1\FastSport\app\build\intermediates\transforms\dex\debug\folders\1000\5\slice_9 D:\workspace1\FastSport\app\build\intermediates\transforms\instantRunSlicer\debug\folders\1\5\slice_9
java_class_path (initial): D:\AndroidStdio_sdk\sdk\build-tools\24.0.0\lib\dx.jar
Launcher Type: SUN_STANDARD

Environment Variables:
JAVA_HOME=D:\JAVA_enviroment
PATH=C:\ProgramData\Oracle\Java\javapath;C:\WINDOWS\system32;C:\WINDOWS;C:\WINDOWS\System32\Wbem;C:\WINDOWS\System32\WindowsPowerShell\v1.0\;D:\JAVA_enviroment\bin;D:\JAVA_enviroment\jre\bin;D:\android_sdk\sdk\tools;C:\Program Files (x86)\NVIDIA Corporation\PhysX\Common;D:\AndroidStdio_sdk\sdk\tools;C:\Program Files (x86)\Microsoft SQL Server\100\Tools\Binn\;C:\Program Files\Microsoft SQL Server\100\Tools\Binn\;C:\Program Files\Microsoft SQL Server\100\DTS\Binn\;C:\Program Files (x86)\Microsoft SQL Server\100\Tools\Binn\VSShell\Common7\IDE\;C:\Program Files (x86)\Microsoft Visual Studio 9.0\Common7\IDE\PrivateAssemblies\;C:\Program Files (x86)\Microsoft SQL Server\100\DTS\Binn\;D:\android_sdk\sdk\platform-tools;D:\android_sdk\sdk\tools;C:\WINDOWS\system32;C:\WINDOWS;C:\WINDOWS\System32\Wbem;C:\WINDOWS\System32\WindowsPowerShell\v1.0\;C:\Users\Administrator\AppData\Local\Microsoft\WindowsApps;
USERNAME=Administrator
OS=Windows_NT
PROCESSOR_IDENTIFIER=Intel64 Family 6 Model 58 Stepping 9, GenuineIntel



---------------  S Y S T E M  ---------------

OS: Windows 10.0 , 64 bit Build 14393 (10.0.14393.0)

CPU:total 4 (2 cores per cpu, 2 threads per core) family 6 model 58 stepping 9, cmov, cx8, fxsr, mmx, sse, sse2, sse3, ssse3, sse4.1, sse4.2, popcnt, avx, aes, clmul, erms, ht, tsc, tscinvbit, tscinv

Memory: 4k page, physical 8271404k(1212976k free), swap 8271404k(5168k free)

vm_info: Java HotSpot(TM) 64-Bit Server VM (25.91-b14) for windows-amd64 JRE (1.8.0_91-b14), built on Apr  1 2016 00:58:32 by "java_re" with MS VC++ 10.0 (VS2010)

time: Sun Oct 02 00:02:27 2016
elapsed time: 6 seconds (0d 0h 0m 6s)

