#
# There is insufficient memory for the Java Runtime Environment to continue.
# Native memory allocation (malloc) failed to allocate 1510256 bytes for Chunk::new
# Possible reasons:
#   The system is out of physical RAM or swap space
#   In 32 bit mode, the process size limit was hit
# Possible solutions:
#   Reduce memory load on the system
#   Increase physical memory or swap space
#   Check if swap backing store is full
#   Use 64 bit Java on a 64 bit OS
#   Decrease Java heap size (-Xmx/-Xms)
#   Decrease number of Java threads
#   Decrease Java thread stack sizes (-Xss)
#   Set larger code cache with -XX:ReservedCodeCacheSize=
# This output file may be truncated or incomplete.
#
#  Out of Memory Error (allocation.cpp:390), pid=12048, tid=9508
#
# JRE version: Java(TM) SE Runtime Environment (8.0_91-b14) (build 1.8.0_91-b14)
# Java VM: Java HotSpot(TM) 64-Bit Server VM (25.91-b14 mixed mode windows-amd64 compressed oops)
# Failed to write core dump. Minidumps are not enabled by default on client versions of Windows
#

---------------  T H R E A D  ---------------

Current thread (0x0000000014e1a800):  JavaThread "C2 CompilerThread0" daemon [_thread_in_native, id=9508, stack(0x0000000016740000,0x0000000016840000)]

Stack: [0x0000000016740000,0x0000000016840000]
[error occurred during error reporting (printing stack bounds), id 0xc0000005]

Native frames: (J=compiled Java code, j=interpreted, Vv=VM code, C=native code)


Current CompileTask:
C2:   8170 1282   !   4       com.android.dx.cf.code.BytecodeArray::parseInstruction (2764 bytes)


---------------  P R O C E S S  ---------------

Java Threads: ( => current thread )
  0x00000000163ca800 JavaThread "pool-1-thread-4" [_thread_blocked, id=7096, stack(0x0000000017040000,0x0000000017140000)]
  0x00000000163c8800 JavaThread "pool-1-thread-3" [_thread_in_vm, id=12032, stack(0x0000000016f40000,0x0000000017040000)]
  0x00000000163c8000 JavaThread "pool-1-thread-2" [_thread_in_vm, id=5016, stack(0x0000000016e40000,0x0000000016f40000)]
  0x00000000163c2000 JavaThread "pool-2-thread-1" [_thread_blocked, id=10968, stack(0x0000000016d40000,0x0000000016e40000)]
  0x00000000163bf000 JavaThread "pool-1-thread-1" [_thread_blocked, id=11448, stack(0x0000000016c40000,0x0000000016d40000)]
  0x00000000161a9800 JavaThread "Service Thread" daemon [_thread_blocked, id=12160, stack(0x0000000016a40000,0x0000000016b40000)]
  0x00000000161a3800 JavaThread "C1 CompilerThread2" daemon [_thread_in_vm, id=6208, stack(0x0000000016940000,0x0000000016a40000)]
  0x0000000014e1d000 JavaThread "C2 CompilerThread1" daemon [_thread_in_native, id=12100, stack(0x0000000016840000,0x0000000016940000)]
=>0x0000000014e1a800 JavaThread "C2 CompilerThread0" daemon [_thread_in_native, id=9508, stack(0x0000000016740000,0x0000000016840000)]
  0x0000000014dcf000 JavaThread "Attach Listener" daemon [_thread_blocked, id=10560, stack(0x0000000016640000,0x0000000016740000)]
  0x0000000014dce000 JavaThread "Signal Dispatcher" daemon [_thread_blocked, id=7344, stack(0x0000000016540000,0x0000000016640000)]
  0x0000000014daa000 JavaThread "Finalizer" daemon [_thread_blocked, id=13268, stack(0x0000000016040000,0x0000000016140000)]
  0x0000000014d89000 JavaThread "Reference Handler" daemon [_thread_blocked, id=13152, stack(0x0000000015f40000,0x0000000016040000)]
  0x00000000025f0800 JavaThread "main" [_thread_in_Java, id=13036, stack(0x0000000002430000,0x0000000002530000)]

Other Threads:
  0x0000000014d87000 VMThread [stack: 0x0000000015e40000,0x0000000015f40000] [id=11016]
  0x00000000161f3800 WatcherThread [stack: 0x0000000016b40000,0x0000000016c40000] [id=11360]

VM state:not at safepoint (normal execution)

VM Mutex/Monitor currently owned by a thread: None

Heap:
 PSYoungGen      total 38400K, used 32884K [0x00000000eab00000, 0x00000000ed580000, 0x0000000100000000)
  eden space 33280K, 98% used [0x00000000eab00000,0x00000000ecb1d198,0x00000000ecb80000)
  from space 5120K, 0% used [0x00000000ed080000,0x00000000ed080000,0x00000000ed580000)
  to   space 5120K, 0% used [0x00000000ecb80000,0x00000000ecb80000,0x00000000ed080000)
 ParOldGen       total 87552K, used 0K [0x00000000c0000000, 0x00000000c5580000, 0x00000000eab00000)
  object space 87552K, 0% used [0x00000000c0000000,0x00000000c0000000,0x00000000c5580000)
 Metaspace       used 6121K, capacity 6964K, committed 7040K, reserved 1056768K
  class space    used 601K, capacity 620K, committed 640K, reserved 1048576K

Card table byte_map: [0x0000000011ab0000,0x0000000011cc0000] byte_map_base: 0x00000000114b0000

Marking Bits: (ParMarkBitMap*) 0x000000005d9c2f70
 Begin Bits: [0x0000000012220000, 0x0000000013220000)
 End Bits:   [0x0000000013220000, 0x0000000014220000)

Polling page: 0x0000000000910000

CodeCache: size=245760Kb used=5369Kb max_used=5369Kb free=240390Kb
 bounds [0x00000000026f0000, 0x0000000002c40000, 0x00000000116f0000]
 total_blobs=1579 nmethods=1308 adapters=184
 compilation: enabled

Compilation events (10 events):
Event: 8.148 Thread 0x00000000161a3800 nmethod 1306 0x0000000002c1d250 code [0x0000000002c1d400, 0x0000000002c1db58]
Event: 8.148 Thread 0x00000000161a3800 1307       3       com.android.dx.cf.code.Frame::<init> (21 bytes)
Event: 8.149 Thread 0x00000000161a3800 nmethod 1307 0x0000000002c1de10 code [0x0000000002c1dfe0, 0x0000000002c1e7c8]
Event: 8.149 Thread 0x00000000161a3800 1308       3       com.android.dx.cf.code.Ropper$ExceptionSetupLabelAllocator::<init> (33 bytes)
Event: 8.149 Thread 0x00000000161a3800 nmethod 1308 0x0000000002c1ebd0 code [0x0000000002c1ed60, 0x0000000002c1f250]
Event: 8.150 Thread 0x00000000161a3800 1309       3       com.android.dx.cf.code.Ropper::addSetupBlocks (535 bytes)
Event: 8.163 Thread 0x00000000161a3800 nmethod 1309 0x0000000002c1f490 code [0x0000000002c1ff40, 0x0000000002c283c8]
Event: 8.164 Thread 0x00000000161a3800 1310       3       com.android.dx.cf.code.Ropper::setFirstFrame (31 bytes)
Event: 8.164 Thread 0x00000000161a3800 nmethod 1310 0x0000000002c2fe90 code [0x0000000002c30040, 0x0000000002c30788]
Event: 8.165 Thread 0x00000000161a3800 1311       3       com.android.dx.rop.cst.CstBaseMethodRef::getParameterWordCount (12 bytes)

GC Heap History (0 events):
No events

Deoptimization events (9 events):
Event: 5.783 Thread 0x00000000163bf000 Uncommon trap: reason=unstable_if action=reinterpret pc=0x000000000290301c method=java.util.HashMap.getNode(ILjava/lang/Object;)Ljava/util/HashMap$Node; @ 129
Event: 6.196 Thread 0x00000000025f0800 Uncommon trap: reason=unstable_if action=reinterpret pc=0x0000000002898650 method=java.lang.String.<init>([CII)V @ 18
Event: 6.201 Thread 0x00000000163c8800 Uncommon trap: reason=class_check action=maybe_recompile pc=0x0000000002974a30 method=com.android.dx.ssa.NormalSsaInsn.accept(Lcom/android/dx/ssa/SsaInsn$Visitor;)V @ 9
Event: 6.201 Thread 0x00000000163c8800 Uncommon trap: reason=class_check action=maybe_recompile pc=0x0000000002974a30 method=com.android.dx.ssa.NormalSsaInsn.accept(Lcom/android/dx/ssa/SsaInsn$Visitor;)V @ 9
Event: 6.201 Thread 0x00000000163c8800 Uncommon trap: reason=class_check action=maybe_recompile pc=0x0000000002974a30 method=com.android.dx.ssa.NormalSsaInsn.accept(Lcom/android/dx/ssa/SsaInsn$Visitor;)V @ 9
Event: 6.201 Thread 0x00000000163c8800 Uncommon trap: reason=class_check action=maybe_recompile pc=0x0000000002974a30 method=com.android.dx.ssa.NormalSsaInsn.accept(Lcom/android/dx/ssa/SsaInsn$Visitor;)V @ 9
Event: 6.263 Thread 0x00000000163bf000 Uncommon trap: reason=unstable_if action=reinterpret pc=0x000000000291ec70 method=java.util.BitSet.nextSetBit(I)I @ 87
Event: 7.450 Thread 0x00000000163c8800 Uncommon trap: reason=null_check action=make_not_entrant pc=0x0000000002a36040 method=com.android.dx.ssa.SsaRenamer.getLocalForNewReg(I)Lcom/android/dx/rop/code/LocalItem; @ 19
Event: 8.016 Thread 0x00000000163c8000 Uncommon trap: reason=null_check action=make_not_entrant pc=0x0000000002a43e60 method=com.android.dx.rop.type.Type.equals(Ljava/lang/Object;)Z @ 8

Internal exceptions (4 events):
Event: 0.925 Thread 0x00000000025f0800 Exception <a 'java/lang/NoSuchMethodError': Method sun.misc.Unsafe.defineClass(Ljava/lang/String;[BII)Ljava/lang/Class; name or signature does not match> (0x00000000eab07cc0) thrown at [C:\re\workspace\8-2-build-windows-amd64-cygwin\jdk8u91\6644\hotspot\sr y|ÆRží?
Event: 0.926 Thread 0x00000000025f0800 Exception <a 'java/lang/NoSuchMethodError': Method sun.misc.Unsafe.prefetchRead(Ljava/lang/Object;J)V name or signature does not match> (0x00000000eab07fa8) thrown at [C:\re\workspace\8-2-build-windows-amd64-cygwin\jdk8u91\6644\hotspot\src\share\vm\prims\jƒ;rúÌ@
Event: 7.450 Thread 0x00000000163c8800 Implicit null exception at 0x0000000002a33f96 to 0x0000000002a35ffd
Event: 8.016 Thread 0x00000000163c8000 Implicit null exception at 0x0000000002a43d62 to 0x0000000002a43e52

Events (10 events):
Event: 7.270 loading class com/android/dx/cf/attrib/AttRuntimeVisibleAnnotations
Event: 7.270 loading class com/android/dx/cf/attrib/AttRuntimeVisibleAnnotations done
Event: 7.270 loading class com/android/dx/cf/attrib/BaseAnnotations
Event: 7.270 loading class com/android/dx/cf/attrib/BaseAnnotations done
Event: 7.450 Thread 0x00000000163c8800 Uncommon trap: trap_request=0xfffffff4 fr.pc=0x0000000002a36040
Event: 7.450 Thread 0x00000000163c8800 DEOPT PACKING pc=0x0000000002a36040 sp=0x000000001703e8e0
Event: 7.450 Thread 0x00000000163c8800 DEOPT UNPACKING pc=0x000000000273582a sp=0x000000001703e738 mode 2
Event: 8.016 Thread 0x00000000163c8000 Uncommon trap: trap_request=0xfffffff4 fr.pc=0x0000000002a43e60
Event: 8.016 Thread 0x00000000163c8000 DEOPT PACKING pc=0x0000000002a43e60 sp=0x0000000016f3e460
Event: 8.016 Thread 0x00000000163c8000 DEOPT UNPACKING pc=0x000000000273582a sp=0x0000000016f3e3e8 mode 2


Dynamic libraries:
0x00007ff7b5260000 - 0x00007ff7b5297000 	D:\JAVA_enviroment\bin\java.exe
0x00007ffcba850000 - 0x00007ffcbaa21000 	C:\WINDOWS\SYSTEM32\ntdll.dll
0x00007ffcb8590000 - 0x00007ffcb863b000 	C:\WINDOWS\System32\KERNEL32.DLL
0x00007ffcb73c0000 - 0x00007ffcb75dd000 	C:\WINDOWS\System32\KERNELBASE.dll
0x00007ffcba3b0000 - 0x00007ffcba452000 	C:\WINDOWS\System32\ADVAPI32.dll
0x00007ffcb7de0000 - 0x00007ffcb7e7e000 	C:\WINDOWS\System32\msvcrt.dll
0x00007ffcb8750000 - 0x00007ffcb87a9000 	C:\WINDOWS\System32\sechost.dll
0x00007ffcba0f0000 - 0x00007ffcba211000 	C:\WINDOWS\System32\RPCRT4.dll
0x00007ffcb8420000 - 0x00007ffcb8585000 	C:\WINDOWS\System32\USER32.dll
0x00007ffcb7dc0000 - 0x00007ffcb7dde000 	C:\WINDOWS\System32\win32u.dll
0x00007ffcba220000 - 0x00007ffcba254000 	C:\WINDOWS\System32\GDI32.dll
0x00007ffcb7010000 - 0x00007ffcb7192000 	C:\WINDOWS\System32\gdi32full.dll
0x00007ffcb0c60000 - 0x00007ffcb0eda000 	C:\WINDOWS\WinSxS\amd64_microsoft.windows.common-controls_6595b64144ccf1df_6.0.14393.351_none_4213128bc687e6d3\COMCTL32.dll
0x00007ffcb7ef0000 - 0x00007ffcb81b7000 	C:\WINDOWS\System32\combase.dll
0x00007ffcb6f10000 - 0x00007ffcb7005000 	C:\WINDOWS\System32\ucrtbase.dll
0x00007ffcb71a0000 - 0x00007ffcb720a000 	C:\WINDOWS\System32\bcryptPrimitives.dll
0x00007ffcba460000 - 0x00007ffcba48e000 	C:\WINDOWS\System32\IMM32.DLL
0x000000005cb60000 - 0x000000005cc32000 	D:\JAVA_enviroment\jre\bin\msvcr100.dll
0x000000005d1b0000 - 0x000000005da43000 	D:\JAVA_enviroment\jre\bin\server\jvm.dll
0x00007ffcb8640000 - 0x00007ffcb8648000 	C:\WINDOWS\System32\PSAPI.DLL
0x00007ffcb3b10000 - 0x00007ffcb3b19000 	C:\WINDOWS\SYSTEM32\WSOCK32.dll
0x00007ffcba720000 - 0x00007ffcba78a000 	C:\WINDOWS\System32\WS2_32.dll
0x00007ffcb4ab0000 - 0x00007ffcb4ad3000 	C:\WINDOWS\SYSTEM32\WINMM.dll
0x00007ffcb21f0000 - 0x00007ffcb21fa000 	C:\WINDOWS\SYSTEM32\VERSION.dll
0x00007ffcb4a40000 - 0x00007ffcb4a6b000 	C:\WINDOWS\SYSTEM32\WINMMBASE.dll
0x00007ffcb75e0000 - 0x00007ffcb7622000 	C:\WINDOWS\System32\cfgmgr32.dll
0x000000005db30000 - 0x000000005db3f000 	D:\JAVA_enviroment\jre\bin\verify.dll
0x000000005db00000 - 0x000000005db29000 	D:\JAVA_enviroment\jre\bin\java.dll
0x000000005dae0000 - 0x000000005daf6000 	D:\JAVA_enviroment\jre\bin\zip.dll
0x00007ffcb87b0000 - 0x00007ffcb9cb9000 	C:\WINDOWS\System32\SHELL32.dll
0x00007ffcb7630000 - 0x00007ffcb7d0a000 	C:\WINDOWS\System32\windows.storage.dll
0x00007ffcb6cb0000 - 0x00007ffcb6cfc000 	C:\WINDOWS\System32\powrprof.dll
0x00007ffcba640000 - 0x00007ffcba692000 	C:\WINDOWS\System32\shlwapi.dll
0x00007ffcb6d00000 - 0x00007ffcb6d0f000 	C:\WINDOWS\System32\kernel.appcore.dll
0x00007ffcb7310000 - 0x00007ffcb73b9000 	C:\WINDOWS\System32\shcore.dll
0x00007ffcb6d10000 - 0x00007ffcb6d24000 	C:\WINDOWS\System32\profapi.dll

VM Arguments:
jvm_args: -Djava.awt.headless=true -Xmx1024M -Dfile.encoding=GBK -Duser.country=CN -Duser.language=zh -Duser.variant 
java_command: com.android.dx.command.Main --dex --force-jumbo --num-threads=4 --output D:\workspace1\FastSport\app\build\intermediates\pre-dexed\debug\gson-2.6.2_21a83f644006d3878007a83d55846e470d6f5e0e.jar D:\workspace1\FastSport\app\build\intermediates\exploded-aar\cn.bmob.android\bmob-sdk\3.5.0\jars\libs\gson-2.6.2.jar
java_class_path (initial): D:\AndroidStdio_sdk\sdk\build-tools\24.0.0\lib\dx.jar
Launcher Type: SUN_STANDARD

Environment Variables:
JAVA_HOME=D:\JAVA_enviroment
PATH=C:\ProgramData\Oracle\Java\javapath;C:\WINDOWS\system32;C:\WINDOWS;C:\WINDOWS\System32\Wbem;C:\WINDOWS\System32\WindowsPowerShell\v1.0\;D:\JAVA_enviroment\bin;D:\JAVA_enviroment\jre\bin;D:\android_sdk\sdk\tools;C:\Program Files (x86)\NVIDIA Corporation\PhysX\Common;D:\AndroidStdio_sdk\sdk\tools;C:\Program Files (x86)\Microsoft SQL Server\100\Tools\Binn\;C:\Program Files\Microsoft SQL Server\100\Tools\Binn\;C:\Program Files\Microsoft SQL Server\100\DTS\Binn\;C:\Program Files (x86)\Microsoft SQL Server\100\Tools\Binn\VSShell\Common7\IDE\;C:\Program Files (x86)\Microsoft Visual Studio 9.0\Common7\IDE\PrivateAssemblies\;C:\Program Files (x86)\Microsoft SQL Server\100\DTS\Binn\;D:\android_sdk\sdk\platform-tools;D:\android_sdk\sdk\tools;C:\WINDOWS\system32;C:\WINDOWS;C:\WINDOWS\System32\Wbem;C:\WINDOWS\System32\WindowsPowerShell\v1.0\;C:\Users\Administrator\AppData\Local\Microsoft\WindowsApps;
USERNAME=Administrator
OS=Windows_NT
PROCESSOR_IDENTIFIER=Intel64 Family 6 Model 58 Stepping 9, GenuineIntel



---------------  S Y S T E M  ---------------

OS: Windows 10.0 , 64 bit Build 14393 (10.0.14393.0)

CPU:total 4 (2 cores per cpu, 2 threads per core) family 6 model 58 stepping 9, cmov, cx8, fxsr, mmx, sse, sse2, sse3, ssse3, sse4.1, sse4.2, popcnt, avx, aes, clmul, erms, ht, tsc, tscinvbit, tscinv

Memory: 4k page, physical 8271404k(1631888k free), swap 8271404k(5032k free)

vm_info: Java HotSpot(TM) 64-Bit Server VM (25.91-b14) for windows-amd64 JRE (1.8.0_91-b14), built on Apr  1 2016 00:58:32 by "java_re" with MS VC++ 10.0 (VS2010)

time: Thu Nov 03 22:00:52 2016
elapsed time: 8 seconds (0d 0h 0m 8s)

