#
# There is insufficient memory for the Java Runtime Environment to continue.
# Native memory allocation (malloc) failed to allocate 842016 bytes for Chunk::new
# Possible reasons:
#   The system is out of physical RAM or swap space
#   In 32 bit mode, the process size limit was hit
# Possible solutions:
#   Reduce memory load on the system
#   Increase physical memory or swap space
#   Check if swap backing store is full
#   Use 64 bit Java on a 64 bit OS
#   Decrease Java heap size (-Xmx/-Xms)
#   Decrease number of Java threads
#   Decrease Java thread stack sizes (-Xss)
#   Set larger code cache with -XX:ReservedCodeCacheSize=
# This output file may be truncated or incomplete.
#
#  Out of Memory Error (allocation.cpp:390), pid=23496, tid=25908
#
# JRE version: Java(TM) SE Runtime Environment (8.0_91-b14) (build 1.8.0_91-b14)
# Java VM: Java HotSpot(TM) 64-Bit Server VM (25.91-b14 mixed mode windows-amd64 compressed oops)
# Failed to write core dump. Minidumps are not enabled by default on client versions of Windows
#

---------------  T H R E A D  ---------------

Current thread (0x000000001588c000):  JavaThread "C2 CompilerThread0" daemon [_thread_in_native, id=25908, stack(0x00000000171d0000,0x00000000172d0000)]

Stack: [0x00000000171d0000,0x00000000172d0000]
[error occurred during error reporting (printing stack bounds), id 0xc0000005]

Native frames: (J=compiled Java code, j=interpreted, Vv=VM code, C=native code)


Current CompileTask:
C2:  11394 1462       4       com.android.dx.ssa.SCCP::simulateBlock (54 bytes)


---------------  P R O C E S S  ---------------

Java Threads: ( => current thread )
  0x0000000016e34000 JavaThread "pool-2-thread-4" [_thread_blocked, id=26248, stack(0x0000000017ad0000,0x0000000017bd0000)]
  0x0000000016e32800 JavaThread "pool-2-thread-3" [_thread_blocked, id=25980, stack(0x00000000179d0000,0x0000000017ad0000)]
  0x0000000016e31800 JavaThread "pool-2-thread-2" [_thread_blocked, id=27320, stack(0x00000000178d0000,0x00000000179d0000)]
  0x0000000016d43800 JavaThread "pool-3-thread-1" [_thread_blocked, id=26416, stack(0x00000000177d0000,0x00000000178d0000)]
  0x0000000016d42800 JavaThread "pool-2-thread-1" [_thread_blocked, id=20568, stack(0x00000000176d0000,0x00000000177d0000)]
  0x0000000016c49800 JavaThread "Service Thread" daemon [_thread_blocked, id=22984, stack(0x00000000174d0000,0x00000000175d0000)]
  0x0000000016c29000 JavaThread "C1 CompilerThread2" daemon [_thread_blocked, id=25412, stack(0x00000000173d0000,0x00000000174d0000)]
  0x00000000158db000 JavaThread "C2 CompilerThread1" daemon [_thread_in_native, id=17940, stack(0x00000000172d0000,0x00000000173d0000)]
=>0x000000001588c000 JavaThread "C2 CompilerThread0" daemon [_thread_in_native, id=25908, stack(0x00000000171d0000,0x00000000172d0000)]
  0x000000001588a000 JavaThread "Attach Listener" daemon [_thread_blocked, id=33976, stack(0x00000000170d0000,0x00000000171d0000)]
  0x00000000158d9800 JavaThread "Signal Dispatcher" daemon [_thread_blocked, id=25988, stack(0x0000000016fd0000,0x00000000170d0000)]
  0x000000001586a800 JavaThread "Finalizer" daemon [_thread_blocked, id=20840, stack(0x0000000016ad0000,0x0000000016bd0000)]
  0x000000000319f000 JavaThread "Reference Handler" daemon [_thread_blocked, id=21720, stack(0x00000000169d0000,0x0000000016ad0000)]
  0x00000000030b0800 JavaThread "main" [_thread_in_vm_trans, id=24656, stack(0x0000000002f00000,0x0000000003000000)]

Other Threads:
  0x0000000015848000 VMThread [stack: 0x00000000168d0000,0x00000000169d0000] [id=20220]
  0x0000000016c84800 WatcherThread [stack: 0x00000000175d0000,0x00000000176d0000] [id=28872]

VM state:not at safepoint (normal execution)

VM Mutex/Monitor currently owned by a thread: None

Heap:
 PSYoungGen      total 38400K, used 6800K [0x00000000eab00000, 0x00000000ed580000, 0x0000000100000000)
  eden space 33280K, 5% used [0x00000000eab00000,0x00000000eaca5ae8,0x00000000ecb80000)
  from space 5120K, 99% used [0x00000000ed080000,0x00000000ed57e6b8,0x00000000ed580000)
  to   space 5120K, 0% used [0x00000000ecb80000,0x00000000ecb80000,0x00000000ed080000)
 ParOldGen       total 87552K, used 5894K [0x00000000c0000000, 0x00000000c5580000, 0x00000000eab00000)
  object space 87552K, 6% used [0x00000000c0000000,0x00000000c05c1988,0x00000000c5580000)
 Metaspace       used 6065K, capacity 7088K, committed 7296K, reserved 1056768K
  class space    used 592K, capacity 616K, committed 640K, reserved 1048576K

Card table byte_map: [0x0000000012570000,0x0000000012780000] byte_map_base: 0x0000000011f70000

Marking Bits: (ParMarkBitMap*) 0x0000000074f92f70
 Begin Bits: [0x0000000012ce0000, 0x0000000013ce0000)
 End Bits:   [0x0000000013ce0000, 0x0000000014ce0000)

Polling page: 0x0000000001040000

CodeCache: size=245760Kb used=6287Kb max_used=6293Kb free=239472Kb
 bounds [0x00000000031b0000, 0x00000000037e0000, 0x00000000121b0000]
 total_blobs=1721 nmethods=1456 adapters=178
 compilation: enabled

Compilation events (10 events):
Event: 11.348 Thread 0x0000000016c29000 1472       3       java.lang.String::<init> (15 bytes)
Event: 11.349 Thread 0x0000000016c29000 nmethod 1472 0x00000000037c9c90 code [0x00000000037c9e20, 0x00000000037ca208]
Event: 11.353 Thread 0x0000000016c29000 1473       3       com.android.dx.rop.type.Prototype::compareTo (120 bytes)
Event: 11.354 Thread 0x0000000016c29000 nmethod 1473 0x00000000037c84d0 code [0x00000000037c86e0, 0x00000000037c9578]
Event: 11.355 Thread 0x0000000016c29000 1474  s    3       com.android.dx.dex.file.FieldIdsSection::intern (55 bytes)
Event: 11.356 Thread 0x00000000158db000 nmethod 1470 0x00000000037d3f10 code [0x00000000037d4080, 0x00000000037d4608]
Event: 11.356 Thread 0x00000000158db000 1471       4       com.android.dx.ssa.SCCP::simulatePhi (169 bytes)
Event: 11.356 Thread 0x0000000016c29000 nmethod 1474 0x00000000037c6e90 code [0x00000000037c70c0, 0x00000000037c7dc8]
Event: 11.357 Thread 0x0000000016c29000 1475       1       java.util.concurrent.locks.AbstractOwnableSynchronizer::getExclusiveOwnerThread (5 bytes)
Event: 11.357 Thread 0x0000000016c29000 nmethod 1475 0x00000000037aa6d0 code [0x00000000037aa820, 0x00000000037aa930]

GC Heap History (4 events):
Event: 7.191 GC heap before
{Heap before GC invocations=1 (full 0):
 PSYoungGen      total 38400K, used 33280K [0x00000000eab00000, 0x00000000ed580000, 0x0000000100000000)
  eden space 33280K, 100% used [0x00000000eab00000,0x00000000ecb80000,0x00000000ecb80000)
  from space 5120K, 0% used [0x00000000ed080000,0x00000000ed080000,0x00000000ed580000)
  to   space 5120K, 0% used [0x00000000ecb80000,0x00000000ecb80000,0x00000000ed080000)
 ParOldGen       total 87552K, used 0K [0x00000000c0000000, 0x00000000c5580000, 0x00000000eab00000)
  object space 87552K, 0% used [0x00000000c0000000,0x00000000c0000000,0x00000000c5580000)
 Metaspace       used 5937K, capacity 6960K, committed 7040K, reserved 1056768K
  class space    used 591K, capacity 616K, committed 640K, reserved 1048576K
Event: 7.904 GC heap after
Heap after GC invocations=1 (full 0):
 PSYoungGen      total 38400K, used 5099K [0x00000000eab00000, 0x00000000ed580000, 0x0000000100000000)
  eden space 33280K, 0% used [0x00000000eab00000,0x00000000eab00000,0x00000000ecb80000)
  from space 5120K, 99% used [0x00000000ecb80000,0x00000000ed07ad98,0x00000000ed080000)
  to   space 5120K, 0% used [0x00000000ed080000,0x00000000ed080000,0x00000000ed580000)
 ParOldGen       total 87552K, used 2497K [0x00000000c0000000, 0x00000000c5580000, 0x00000000eab00000)
  object space 87552K, 2% used [0x00000000c0000000,0x00000000c02706f0,0x00000000c5580000)
 Metaspace       used 5937K, capacity 6960K, committed 7040K, reserved 1056768K
  class space    used 591K, capacity 616K, committed 640K, reserved 1048576K
}
Event: 10.810 GC heap before
{Heap before GC invocations=2 (full 0):
 PSYoungGen      total 38400K, used 38379K [0x00000000eab00000, 0x00000000ed580000, 0x0000000100000000)
  eden space 33280K, 100% used [0x00000000eab00000,0x00000000ecb80000,0x00000000ecb80000)
  from space 5120K, 99% used [0x00000000ecb80000,0x00000000ed07ad98,0x00000000ed080000)
  to   space 5120K, 0% used [0x00000000ed080000,0x00000000ed080000,0x00000000ed580000)
 ParOldGen       total 87552K, used 2497K [0x00000000c0000000, 0x00000000c5580000, 0x00000000eab00000)
  object space 87552K, 2% used [0x00000000c0000000,0x00000000c02706f0,0x00000000c5580000)
 Metaspace       used 6064K, capacity 7088K, committed 7296K, reserved 1056768K
  class space    used 592K, capacity 616K, committed 640K, reserved 1048576K
Event: 11.338 GC heap after
Heap after GC invocations=2 (full 0):
 PSYoungGen      total 38400K, used 5113K [0x00000000eab00000, 0x00000000ed580000, 0x0000000100000000)
  eden space 33280K, 0% used [0x00000000eab00000,0x00000000eab00000,0x00000000ecb80000)
  from space 5120K, 99% used [0x00000000ed080000,0x00000000ed57e6b8,0x00000000ed580000)
  to   space 5120K, 0% used [0x00000000ecb80000,0x00000000ecb80000,0x00000000ed080000)
 ParOldGen       total 87552K, used 5894K [0x00000000c0000000, 0x00000000c5580000, 0x00000000eab00000)
  object space 87552K, 6% used [0x00000000c0000000,0x00000000c05c1988,0x00000000c5580000)
 Metaspace       used 6064K, capacity 7088K, committed 7296K, reserved 1056768K
  class space    used 592K, capacity 616K, committed 640K, reserved 1048576K
}

Deoptimization events (10 events):
Event: 4.271 Thread 0x0000000016e32800 Uncommon trap: reason=unstable_if action=reinterpret pc=0x00000000033c8730 method=java.util.HashMap.getNode(ILjava/lang/Object;)Ljava/util/HashMap$Node; @ 62
Event: 5.206 Thread 0x00000000030b0800 Uncommon trap: reason=unloaded action=reinterpret pc=0x0000000003467fa8 method=com.android.dx.cf.cst.ConstantPoolParser.parse0(ILjava/util/BitSet;)Lcom/android/dx/rop/cst/Constant; @ 176
Event: 5.713 Thread 0x00000000030b0800 Uncommon trap: reason=unstable_if action=reinterpret pc=0x000000000346e29c method=com.android.dx.rop.cst.Constant.compareTo(Lcom/android/dx/rop/cst/Constant;)I @ 12
Event: 8.134 Thread 0x0000000016e32800 Uncommon trap: reason=bimorphic action=maybe_recompile pc=0x000000000369a0bc method=com.android.dx.cf.code.BytecodeArray.parseInstruction(ILcom/android/dx/cf/code/BytecodeArray$Visitor;)I @ 2484
Event: 8.135 Thread 0x0000000016e32800 Uncommon trap: reason=bimorphic action=maybe_recompile pc=0x000000000369a0bc method=com.android.dx.cf.code.BytecodeArray.parseInstruction(ILcom/android/dx/cf/code/BytecodeArray$Visitor;)I @ 2484
Event: 8.168 Thread 0x0000000016e32800 Uncommon trap: reason=unstable_if action=reinterpret pc=0x00000000033e09a4 method=java.util.HashMap.getNode(ILjava/lang/Object;)Ljava/util/HashMap$Node; @ 62
Event: 9.341 Thread 0x0000000016e32800 Uncommon trap: reason=unstable_if action=reinterpret pc=0x0000000003686ad4 method=com.android.dx.ssa.SCCP.simulateStmt(Lcom/android/dx/ssa/SsaInsn;)V @ 59
Event: 10.024 Thread 0x0000000016e31800 Uncommon trap: reason=bimorphic action=maybe_recompile pc=0x000000000378a7e8 method=com.android.dx.rop.code.RegisterSpec.withSimpleType()Lcom/android/dx/rop/code/RegisterSpec; @ 21
Event: 10.026 Thread 0x0000000016e31800 Uncommon trap: reason=null_check action=make_not_entrant pc=0x00000000035480f0 method=com.android.dx.ssa.SsaRenamer.getLocalForNewReg(I)Lcom/android/dx/rop/code/LocalItem; @ 19
Event: 10.033 Thread 0x0000000016e31800 Uncommon trap: reason=bimorphic action=maybe_recompile pc=0x000000000378a7e8 method=com.android.dx.rop.code.RegisterSpec.withSimpleType()Lcom/android/dx/rop/code/RegisterSpec; @ 21

Internal exceptions (3 events):
Event: 0.075 Thread 0x00000000030b0800 Exception <a 'java/lang/NoSuchMethodError': Method sun.misc.Unsafe.defineClass(Ljava/lang/String;[BII)Ljava/lang/Class; name or signature does not match> (0x00000000eab07cc0) thrown at [C:\re\workspace\8-2-build-windows-amd64-cygwin\jdk8u91\6644\hotspot\srMV¡ìèW³?
Event: 0.076 Thread 0x00000000030b0800 Exception <a 'java/lang/NoSuchMethodError': Method sun.misc.Unsafe.prefetchRead(Ljava/lang/Object;J)V name or signature does not match> (0x00000000eab07fa8) thrown at [C:\re\workspace\8-2-build-windows-amd64-cygwin\jdk8u91\6644\hotspot\src\share\vm\prims\j|ZŽøf$@
Event: 10.026 Thread 0x0000000016e31800 Implicit null exception at 0x0000000003545922 to 0x00000000035480ad

Events (10 events):
Event: 10.024 Thread 0x0000000016e31800 DEOPT PACKING pc=0x000000000378a7e8 sp=0x00000000179cec40
Event: 10.024 Thread 0x0000000016e31800 DEOPT UNPACKING pc=0x00000000031f582a sp=0x00000000179cebb8 mode 2
Event: 10.026 Thread 0x0000000016e31800 Uncommon trap: trap_request=0xfffffff4 fr.pc=0x00000000035480f0
Event: 10.026 Thread 0x0000000016e31800 DEOPT PACKING pc=0x00000000035480f0 sp=0x00000000179cea40
Event: 10.026 Thread 0x0000000016e31800 DEOPT UNPACKING pc=0x00000000031f582a sp=0x00000000179ce898 mode 2
Event: 10.033 Thread 0x0000000016e31800 Uncommon trap: trap_request=0xffffffc6 fr.pc=0x000000000378a7e8
Event: 10.033 Thread 0x0000000016e31800 DEOPT PACKING pc=0x000000000378a7e8 sp=0x00000000179cebc0
Event: 10.033 Thread 0x0000000016e31800 DEOPT UNPACKING pc=0x00000000031f582a sp=0x00000000179ceb38 mode 2
Event: 10.280 Executing VM operation: ParallelGCFailedAllocation
Event: 11.338 Executing VM operation: ParallelGCFailedAllocation done


Dynamic libraries:
0x00007ff6fda30000 - 0x00007ff6fda67000 	D:\JAVA_enviroment\bin\java.exe
0x00007fffc3740000 - 0x00007fffc3901000 	C:\WINDOWS\SYSTEM32\ntdll.dll
0x00007fffc0cf0000 - 0x00007fffc0d9d000 	C:\WINDOWS\system32\KERNEL32.DLL
0x00007fffbfe60000 - 0x00007fffc0048000 	C:\WINDOWS\system32\KERNELBASE.dll
0x00007fffc1190000 - 0x00007fffc1237000 	C:\WINDOWS\system32\ADVAPI32.dll
0x00007fffc0e90000 - 0x00007fffc0f2d000 	C:\WINDOWS\system32\msvcrt.dll
0x00007fffc1020000 - 0x00007fffc107b000 	C:\WINDOWS\system32\sechost.dll
0x00007fffc3380000 - 0x00007fffc349c000 	C:\WINDOWS\system32\RPCRT4.dll
0x00007fffc1240000 - 0x00007fffc1396000 	C:\WINDOWS\system32\USER32.dll
0x00007fffc34a0000 - 0x00007fffc3626000 	C:\WINDOWS\system32\GDI32.dll
0x00007fffbbed0000 - 0x00007fffbc144000 	C:\WINDOWS\WinSxS\amd64_microsoft.windows.common-controls_6595b64144ccf1df_6.0.10586.589_none_a2ddb3caa539acce\COMCTL32.dll
0x00007fffc2fe0000 - 0x00007fffc325d000 	C:\WINDOWS\system32\combase.dll
0x00007fffbfdf0000 - 0x00007fffbfe5a000 	C:\WINDOWS\system32\bcryptPrimitives.dll
0x00007fffc1080000 - 0x00007fffc10bb000 	C:\WINDOWS\system32\IMM32.DLL
0x0000000074220000 - 0x00000000742f2000 	D:\JAVA_enviroment\jre\bin\msvcr100.dll
0x0000000074780000 - 0x0000000075013000 	D:\JAVA_enviroment\jre\bin\server\jvm.dll
0x00007fffc0da0000 - 0x00007fffc0da8000 	C:\WINDOWS\system32\PSAPI.DLL
0x00007fffbd2d0000 - 0x00007fffbd2d9000 	C:\WINDOWS\SYSTEM32\WSOCK32.dll
0x00007fffc0f30000 - 0x00007fffc0f9b000 	C:\WINDOWS\system32\WS2_32.dll
0x00007fffbdfd0000 - 0x00007fffbdff3000 	C:\WINDOWS\SYSTEM32\WINMM.dll
0x00007fffbbec0000 - 0x00007fffbbeca000 	C:\WINDOWS\SYSTEM32\VERSION.dll
0x00007fffbdf70000 - 0x00007fffbdf9c000 	C:\WINDOWS\SYSTEM32\WINMMBASE.dll
0x00007fffc0a00000 - 0x00007fffc0a43000 	C:\WINDOWS\system32\cfgmgr32.dll
0x0000000074690000 - 0x000000007469f000 	D:\JAVA_enviroment\jre\bin\verify.dll
0x0000000074660000 - 0x0000000074689000 	D:\JAVA_enviroment\jre\bin\java.dll
0x0000000074640000 - 0x0000000074656000 	D:\JAVA_enviroment\jre\bin\zip.dll
0x00007fffc13a0000 - 0x00007fffc28fc000 	C:\WINDOWS\system32\SHELL32.dll
0x00007fffc0050000 - 0x00007fffc0695000 	C:\WINDOWS\system32\windows.storage.dll
0x00007fffc0e30000 - 0x00007fffc0e82000 	C:\WINDOWS\system32\shlwapi.dll
0x00007fffbfd80000 - 0x00007fffbfd8f000 	C:\WINDOWS\system32\kernel.appcore.dll
0x00007fffc06a0000 - 0x00007fffc0755000 	C:\WINDOWS\system32\shcore.dll
0x00007fffbfd90000 - 0x00007fffbfddb000 	C:\WINDOWS\system32\powrprof.dll
0x00007fffbfd60000 - 0x00007fffbfd74000 	C:\WINDOWS\system32\profapi.dll

VM Arguments:
jvm_args: -Djava.awt.headless=true -Xmx1024M -Dfile.encoding=GBK -Duser.country=CN -Duser.language=zh -Duser.variant 
java_command: com.android.dx.command.Main --dex --force-jumbo --num-threads=4 --multi-dex --output D:\workspace1\FastSport\app\build\intermediates\transforms\dex\debug\folders\1000\10\com.android.support-support-fragment-24.2.1_a69182bbee029070eff97374456f46c516d3320d D:\workspace1\FastSport\app\build\intermediates\exploded-aar\com.android.support\support-fragment\24.2.1\jars\classes.jar
java_class_path (initial): D:\AndroidStdio_sdk\sdk\build-tools\24.0.0\lib\dx.jar
Launcher Type: SUN_STANDARD

Environment Variables:
JAVA_HOME=D:\JAVA_enviroment
PATH=C:\ProgramData\Oracle\Java\javapath;C:\WINDOWS\system32;C:\WINDOWS;C:\WINDOWS\System32\Wbem;C:\WINDOWS\System32\WindowsPowerShell\v1.0\;D:\JAVA_enviroment\bin;D:\JAVA_enviroment\jre\bin;D:\android_sdk\sdk\tools;C:\Program Files (x86)\NVIDIA Corporation\PhysX\Common;D:\AndroidStdio_sdk\sdk\tools;C:\Program Files (x86)\Microsoft SQL Server\100\Tools\Binn\;C:\Program Files\Microsoft SQL Server\100\Tools\Binn\;C:\Program Files\Microsoft SQL Server\100\DTS\Binn\;C:\Program Files (x86)\Microsoft SQL Server\100\Tools\Binn\VSShell\Common7\IDE\;C:\Program Files (x86)\Microsoft Visual Studio 9.0\Common7\IDE\PrivateAssemblies\;C:\Program Files (x86)\Microsoft SQL Server\100\DTS\Binn\;D:\android_sdk\sdk\platform-tools;D:\android_sdk\sdk\tools
USERNAME=Administrator
OS=Windows_NT
PROCESSOR_IDENTIFIER=Intel64 Family 6 Model 58 Stepping 9, GenuineIntel



---------------  S Y S T E M  ---------------

OS: Windows 10.0 , 64 bit Build 10586 (10.0.10586.589)

CPU:total 4 (2 cores per cpu, 2 threads per core) family 6 model 58 stepping 9, cmov, cx8, fxsr, mmx, sse, sse2, sse3, ssse3, sse4.1, sse4.2, popcnt, avx, aes, clmul, erms, ht, tsc, tscinvbit, tscinv

Memory: 4k page, physical 8271404k(741512k free), swap 8271404k(5252k free)

vm_info: Java HotSpot(TM) 64-Bit Server VM (25.91-b14) for windows-amd64 JRE (1.8.0_91-b14), built on Apr  1 2016 00:58:32 by "java_re" with MS VC++ 10.0 (VS2010)

time: Sat Oct 01 16:35:58 2016
elapsed time: 11 seconds (0d 0h 0m 11s)

