#
# There is insufficient memory for the Java Runtime Environment to continue.
# Native memory allocation (malloc) failed to allocate 32744 bytes for ChunkPool::allocate
# Possible reasons:
#   The system is out of physical RAM or swap space
#   In 32 bit mode, the process size limit was hit
# Possible solutions:
#   Reduce memory load on the system
#   Increase physical memory or swap space
#   Check if swap backing store is full
#   Use 64 bit Java on a 64 bit OS
#   Decrease Java heap size (-Xmx/-Xms)
#   Decrease number of Java threads
#   Decrease Java thread stack sizes (-Xss)
#   Set larger code cache with -XX:ReservedCodeCacheSize=
# This output file may be truncated or incomplete.
#
#  Out of Memory Error (allocation.cpp:273), pid=11104, tid=11260
#
# JRE version: Java(TM) SE Runtime Environment (8.0_91-b14) (build 1.8.0_91-b14)
# Java VM: Java HotSpot(TM) 64-Bit Server VM (25.91-b14 mixed mode windows-amd64 compressed oops)
# Failed to write core dump. Minidumps are not enabled by default on client versions of Windows
#

---------------  T H R E A D  ---------------

Current thread (0x0000000016b36800):  JavaThread "C1 CompilerThread2" daemon [_thread_in_native, id=11260, stack(0x00000000172e0000,0x00000000173e0000)]

Stack: [0x00000000172e0000,0x00000000173e0000]
[error occurred during error reporting (printing stack bounds), id 0xc0000005]

Native frames: (J=compiled Java code, j=interpreted, Vv=VM code, C=native code)


Current CompileTask:
C1:  15728  580   !   3       com.android.dx.cf.code.BytecodeArray::parseInstruction (2764 bytes)


---------------  P R O C E S S  ---------------

Java Threads: ( => current thread )
  0x0000000016d6d000 JavaThread "pool-1-thread-4" [_thread_in_Java, id=12704, stack(0x00000000179e0000,0x0000000017ae0000)]
  0x0000000016d6b800 JavaThread "pool-1-thread-3" [_thread_in_Java, id=9980, stack(0x00000000178e0000,0x00000000179e0000)]
  0x0000000016d67800 JavaThread "pool-1-thread-2" [_thread_in_vm, id=12516, stack(0x00000000177e0000,0x00000000178e0000)]
  0x0000000016d65000 JavaThread "pool-2-thread-1" [_thread_blocked, id=12176, stack(0x00000000176e0000,0x00000000177e0000)]
  0x0000000016d61800 JavaThread "pool-1-thread-1" [_thread_in_Java, id=8940, stack(0x00000000175e0000,0x00000000176e0000)]
  0x0000000016b3b000 JavaThread "Service Thread" daemon [_thread_blocked, id=11984, stack(0x00000000173e0000,0x00000000174e0000)]
=>0x0000000016b36800 JavaThread "C1 CompilerThread2" daemon [_thread_in_native, id=11260, stack(0x00000000172e0000,0x00000000173e0000)]
  0x0000000016b33800 JavaThread "C2 CompilerThread1" daemon [_thread_blocked, id=11880, stack(0x00000000171e0000,0x00000000172e0000)]
  0x000000001577d800 JavaThread "C2 CompilerThread0" daemon [_thread_in_native, id=6684, stack(0x00000000170e0000,0x00000000171e0000)]
  0x000000001577b000 JavaThread "Attach Listener" daemon [_thread_blocked, id=3700, stack(0x0000000016fe0000,0x00000000170e0000)]
  0x00000000157c9800 JavaThread "Signal Dispatcher" daemon [_thread_blocked, id=10064, stack(0x0000000016ee0000,0x0000000016fe0000)]
  0x000000001575a000 JavaThread "Finalizer" daemon [_thread_blocked, id=9284, stack(0x00000000169e0000,0x0000000016ae0000)]
  0x0000000015739000 JavaThread "Reference Handler" daemon [_thread_blocked, id=10432, stack(0x00000000168e0000,0x00000000169e0000)]
  0x0000000002fa0800 JavaThread "main" [_thread_in_Java, id=11736, stack(0x0000000002dd0000,0x0000000002ed0000)]

Other Threads:
  0x0000000015737000 VMThread [stack: 0x00000000167e0000,0x00000000168e0000] [id=4068]
  0x0000000016b4f000 WatcherThread [stack: 0x00000000174e0000,0x00000000175e0000] [id=7140]

VM state:not at safepoint (normal execution)

VM Mutex/Monitor currently owned by a thread: None

Heap:
 PSYoungGen      total 38400K, used 14647K [0x00000000eab00000, 0x00000000ed580000, 0x0000000100000000)
  eden space 33280K, 44% used [0x00000000eab00000,0x00000000eb94dd90,0x00000000ecb80000)
  from space 5120K, 0% used [0x00000000ed080000,0x00000000ed080000,0x00000000ed580000)
  to   space 5120K, 0% used [0x00000000ecb80000,0x00000000ecb80000,0x00000000ed080000)
 ParOldGen       total 87552K, used 0K [0x00000000c0000000, 0x00000000c5580000, 0x00000000eab00000)
  object space 87552K, 0% used [0x00000000c0000000,0x00000000c0000000,0x00000000c5580000)
 Metaspace       used 5549K, capacity 6512K, committed 6784K, reserved 1056768K
  class space    used 593K, capacity 616K, committed 640K, reserved 1048576K

Card table byte_map: [0x0000000012460000,0x0000000012670000] byte_map_base: 0x0000000011e60000

Marking Bits: (ParMarkBitMap*) 0x0000000063692f70
 Begin Bits: [0x0000000012bd0000, 0x0000000013bd0000)
 End Bits:   [0x0000000013bd0000, 0x0000000014bd0000)

Polling page: 0x0000000001340000

CodeCache: size=245760Kb used=2369Kb max_used=2380Kb free=243390Kb
 bounds [0x00000000030a0000, 0x0000000003310000, 0x00000000120a0000]
 total_blobs=854 nmethods=583 adapters=184
 compilation: enabled

Compilation events (10 events):
Event: 15.681 Thread 0x0000000016b33800  583       4       java.util.ArrayList::add (29 bytes)
Event: 15.681 Thread 0x0000000016b36800 nmethod 575 0x00000000032ed810 code [0x00000000032ed980, 0x00000000032edb88]
Event: 15.681 Thread 0x0000000016b36800  582       3       com.android.dx.rop.code.RopMethod::labelToPredecessors (54 bytes)
Event: 15.683 Thread 0x0000000016b36800 nmethod 582 0x00000000032edc90 code [0x00000000032ede80, 0x00000000032ee778]
Event: 15.683 Thread 0x0000000016b36800  585       3       com.android.dx.ssa.SsaMethod$2::addToUses (48 bytes)
Event: 15.686 Thread 0x0000000016b36800 nmethod 585 0x00000000032eec10 code [0x00000000032eee20, 0x00000000032ef9a8]
Event: 15.687 Thread 0x0000000016b36800  584   !   3       java.util.BitSet::clone (49 bytes)
Event: 15.689 Thread 0x0000000016b36800 nmethod 584 0x00000000032f0010 code [0x00000000032f0200, 0x00000000032f0ad8]
Event: 15.689 Thread 0x0000000016b36800  580   !   3       com.android.dx.cf.code.BytecodeArray::parseInstruction (2764 bytes)
Event: 15.693 Thread 0x0000000016b33800 nmethod 583 0x00000000032f3e10 code [0x00000000032f3f60, 0x00000000032f4278]

GC Heap History (0 events):
No events

Deoptimization events (0 events):
No events

Internal exceptions (2 events):
Event: 1.800 Thread 0x0000000002fa0800 Exception <a 'java/lang/NoSuchMethodError': Method sun.misc.Unsafe.defineClass(Ljava/lang/String;[BII)Ljava/lang/Class; name or signature does not match> (0x00000000eab07cc0) thrown at [C:\re\workspace\8-2-build-windows-amd64-cygwin\jdk8u91\6644\hotspot\sr’I»£±Íü?
Event: 1.800 Thread 0x0000000002fa0800 Exception <a 'java/lang/NoSuchMethodError': Method sun.misc.Unsafe.prefetchRead(Ljava/lang/Object;J)V name or signature does not match> (0x00000000eab07fa8) thrown at [C:\re\workspace\8-2-build-windows-amd64-cygwin\jdk8u91\6644\hotspot\src\share\vm\prims\j

Events (10 events):
Event: 15.473 loading class com/android/dx/dex/code/StdCatchBuilder
Event: 15.473 loading class com/android/dx/dex/code/StdCatchBuilder done
Event: 15.475 loading class com/android/dx/dex/code/DalvCode
Event: 15.475 loading class com/android/dx/dex/code/DalvCode done
Event: 15.477 loading class java/io/PrintWriter
Event: 15.477 loading class java/io/PrintWriter done
Event: 15.478 loading class com/android/dx/dex/file/DebugInfoItem
Event: 15.478 loading class com/android/dx/dex/file/DebugInfoItem done
Event: 15.563 loading class com/android/dx/ssa/PhiInsn$Operand
Event: 15.563 loading class com/android/dx/ssa/PhiInsn$Operand done


Dynamic libraries:
0x00007ff69c4b0000 - 0x00007ff69c4e7000 	D:\JAVA_enviroment\bin\java.exe
0x00007ffcc44d0000 - 0x00007ffcc46a1000 	C:\WINDOWS\SYSTEM32\ntdll.dll
0x00007ffcc3c80000 - 0x00007ffcc3d2b000 	C:\WINDOWS\System32\KERNEL32.DLL
0x00007ffcc09c0000 - 0x00007ffcc0bdd000 	C:\WINDOWS\System32\KERNELBASE.dll
0x00007ffcc3480000 - 0x00007ffcc3522000 	C:\WINDOWS\System32\ADVAPI32.dll
0x00007ffcc33e0000 - 0x00007ffcc347e000 	C:\WINDOWS\System32\msvcrt.dll
0x00007ffcc1e70000 - 0x00007ffcc1ec9000 	C:\WINDOWS\System32\sechost.dll
0x00007ffcc1ad0000 - 0x00007ffcc1bf1000 	C:\WINDOWS\System32\RPCRT4.dll
0x00007ffcc4060000 - 0x00007ffcc41c5000 	C:\WINDOWS\System32\USER32.dll
0x00007ffcc1610000 - 0x00007ffcc162e000 	C:\WINDOWS\System32\win32u.dll
0x00007ffcc3810000 - 0x00007ffcc3844000 	C:\WINDOWS\System32\GDI32.dll
0x00007ffcc0be0000 - 0x00007ffcc0d62000 	C:\WINDOWS\System32\gdi32full.dll
0x00007ffcba4a0000 - 0x00007ffcba719000 	C:\WINDOWS\WinSxS\amd64_microsoft.windows.common-controls_6595b64144ccf1df_6.0.14393.0_none_2d0f50fcbdb171b8\COMCTL32.dll
0x00007ffcc3530000 - 0x00007ffcc37f7000 	C:\WINDOWS\System32\combase.dll
0x00007ffcc1630000 - 0x00007ffcc1725000 	C:\WINDOWS\System32\ucrtbase.dll
0x00007ffcc1820000 - 0x00007ffcc188a000 	C:\WINDOWS\System32\bcryptPrimitives.dll
0x00007ffcc4030000 - 0x00007ffcc405e000 	C:\WINDOWS\System32\IMM32.DLL
0x0000000062a80000 - 0x0000000062b52000 	D:\JAVA_enviroment\jre\bin\msvcr100.dll
0x0000000062e80000 - 0x0000000063713000 	D:\JAVA_enviroment\jre\bin\server\jvm.dll
0x00007ffcc1a60000 - 0x00007ffcc1a68000 	C:\WINDOWS\System32\PSAPI.DLL
0x00007ffcbd6b0000 - 0x00007ffcbd6b9000 	C:\WINDOWS\SYSTEM32\WSOCK32.dll
0x00007ffcc3fc0000 - 0x00007ffcc402a000 	C:\WINDOWS\System32\WS2_32.dll
0x00007ffcbe850000 - 0x00007ffcbe873000 	C:\WINDOWS\SYSTEM32\WINMM.dll
0x00007ffcbc570000 - 0x00007ffcbc57a000 	C:\WINDOWS\SYSTEM32\VERSION.dll
0x00007ffcbe7f0000 - 0x00007ffcbe81b000 	C:\WINDOWS\SYSTEM32\WINMMBASE.dll
0x00007ffcc17d0000 - 0x00007ffcc1812000 	C:\WINDOWS\System32\cfgmgr32.dll
0x0000000063800000 - 0x000000006380f000 	D:\JAVA_enviroment\jre\bin\verify.dll
0x00000000637d0000 - 0x00000000637f9000 	D:\JAVA_enviroment\jre\bin\java.dll
0x00000000637b0000 - 0x00000000637c6000 	D:\JAVA_enviroment\jre\bin\zip.dll
0x00007ffcc1ed0000 - 0x00007ffcc33d8000 	C:\WINDOWS\System32\SHELL32.dll
0x00007ffcc0e20000 - 0x00007ffcc14fa000 	C:\WINDOWS\System32\windows.storage.dll
0x00007ffcc0970000 - 0x00007ffcc09bc000 	C:\WINDOWS\System32\powrprof.dll
0x00007ffcc1c00000 - 0x00007ffcc1c52000 	C:\WINDOWS\System32\shlwapi.dll
0x00007ffcc0940000 - 0x00007ffcc094f000 	C:\WINDOWS\System32\kernel.appcore.dll
0x00007ffcc1500000 - 0x00007ffcc15a9000 	C:\WINDOWS\System32\shcore.dll
0x00007ffcc0950000 - 0x00007ffcc0964000 	C:\WINDOWS\System32\profapi.dll

VM Arguments:
jvm_args: -Djava.awt.headless=true -Xmx1024M -Dfile.encoding=GBK -Duser.country=CN -Duser.language=zh -Duser.variant 
java_command: com.android.dx.command.Main --dex --force-jumbo --num-threads=4 --output D:\workspace1\FastSport\app\build\intermediates\pre-dexed\debug\gson-2.6.2_21a83f644006d3878007a83d55846e470d6f5e0e.jar D:\workspace1\FastSport\app\build\intermediates\exploded-aar\cn.bmob.android\bmob-sdk\3.5.0\jars\libs\gson-2.6.2.jar
java_class_path (initial): D:\AndroidStdio_sdk\sdk\build-tools\24.0.0\lib\dx.jar
Launcher Type: SUN_STANDARD

Environment Variables:
JAVA_HOME=D:\JAVA_enviroment
PATH=C:\ProgramData\Oracle\Java\javapath;C:\WINDOWS\system32;C:\WINDOWS;C:\WINDOWS\System32\Wbem;C:\WINDOWS\System32\WindowsPowerShell\v1.0\;D:\JAVA_enviroment\bin;D:\JAVA_enviroment\jre\bin;D:\android_sdk\sdk\tools;C:\Program Files (x86)\NVIDIA Corporation\PhysX\Common;D:\AndroidStdio_sdk\sdk\tools;C:\Program Files (x86)\Microsoft SQL Server\100\Tools\Binn\;C:\Program Files\Microsoft SQL Server\100\Tools\Binn\;C:\Program Files\Microsoft SQL Server\100\DTS\Binn\;C:\Program Files (x86)\Microsoft SQL Server\100\Tools\Binn\VSShell\Common7\IDE\;C:\Program Files (x86)\Microsoft Visual Studio 9.0\Common7\IDE\PrivateAssemblies\;C:\Program Files (x86)\Microsoft SQL Server\100\DTS\Binn\;D:\android_sdk\sdk\platform-tools;D:\android_sdk\sdk\tools;C:\WINDOWS\system32;C:\WINDOWS;C:\WINDOWS\System32\Wbem;C:\WINDOWS\System32\WindowsPowerShell\v1.0\;C:\Users\Administrator\AppData\Local\Microsoft\WindowsApps;
USERNAME=Administrator
OS=Windows_NT
PROCESSOR_IDENTIFIER=Intel64 Family 6 Model 58 Stepping 9, GenuineIntel



---------------  S Y S T E M  ---------------

OS: Windows 10.0 , 64 bit Build 14393 (10.0.14393.0)

CPU:total 4 (2 cores per cpu, 2 threads per core) family 6 model 58 stepping 9, cmov, cx8, fxsr, mmx, sse, sse2, sse3, ssse3, sse4.1, sse4.2, popcnt, avx, aes, clmul, erms, ht, tsc, tscinvbit, tscinv

Memory: 4k page, physical 8271404k(1276484k free), swap 8271404k(3556k free)

vm_info: Java HotSpot(TM) 64-Bit Server VM (25.91-b14) for windows-amd64 JRE (1.8.0_91-b14), built on Apr  1 2016 00:58:32 by "java_re" with MS VC++ 10.0 (VS2010)

time: Mon Oct 10 21:14:56 2016
elapsed time: 15 seconds (0d 0h 0m 15s)

