#
# There is insufficient memory for the Java Runtime Environment to continue.
# Native memory allocation (malloc) failed to allocate 60976 bytes for Chunk::new
# Possible reasons:
#   The system is out of physical RAM or swap space
#   In 32 bit mode, the process size limit was hit
# Possible solutions:
#   Reduce memory load on the system
#   Increase physical memory or swap space
#   Check if swap backing store is full
#   Use 64 bit Java on a 64 bit OS
#   Decrease Java heap size (-Xmx/-Xms)
#   Decrease number of Java threads
#   Decrease Java thread stack sizes (-Xss)
#   Set larger code cache with -XX:ReservedCodeCacheSize=
# This output file may be truncated or incomplete.
#
#  Out of Memory Error (allocation.cpp:390), pid=10772, tid=8360
#
# JRE version: Java(TM) SE Runtime Environment (8.0_91-b14) (build 1.8.0_91-b14)
# Java VM: Java HotSpot(TM) 64-Bit Server VM (25.91-b14 mixed mode windows-amd64 compressed oops)
# Failed to write core dump. Minidumps are not enabled by default on client versions of Windows
#

---------------  T H R E A D  ---------------

Current thread (0x0000000015acc800):  JavaThread "C2 CompilerThread0" daemon [_thread_in_native, id=8360, stack(0x0000000017410000,0x0000000017510000)]

Stack: [0x0000000017410000,0x0000000017510000]
[error occurred during error reporting (printing stack bounds), id 0xc0000005]

Native frames: (J=compiled Java code, j=interpreted, Vv=VM code, C=native code)


Current CompileTask:
C2:   3144  336       4       sun.misc.MetaIndex::mayContain (51 bytes)


---------------  P R O C E S S  ---------------

Java Threads: ( => current thread )
  0x0000000017096000 JavaThread "pool-2-thread-4" [_thread_blocked, id=6112, stack(0x0000000017d10000,0x0000000017e10000)]
  0x0000000017094000 JavaThread "pool-2-thread-3" [_thread_in_Java, id=5956, stack(0x0000000017c10000,0x0000000017d10000)]
  0x000000001708d800 JavaThread "pool-2-thread-2" [_thread_in_vm, id=12936, stack(0x0000000017b10000,0x0000000017c10000)]
  0x0000000017087000 JavaThread "pool-3-thread-1" [_thread_blocked, id=12992, stack(0x0000000017a10000,0x0000000017b10000)]
  0x0000000017080800 JavaThread "pool-2-thread-1" [_thread_in_Java, id=13084, stack(0x0000000017910000,0x0000000017a10000)]
  0x0000000016e6e800 JavaThread "Service Thread" daemon [_thread_blocked, id=9188, stack(0x0000000017710000,0x0000000017810000)]
  0x0000000016e69800 JavaThread "C1 CompilerThread2" daemon [_thread_in_native, id=10540, stack(0x0000000017610000,0x0000000017710000)]
  0x0000000015b1b000 JavaThread "C2 CompilerThread1" daemon [_thread_blocked, id=11956, stack(0x0000000017510000,0x0000000017610000)]
=>0x0000000015acc800 JavaThread "C2 CompilerThread0" daemon [_thread_in_native, id=8360, stack(0x0000000017410000,0x0000000017510000)]
  0x0000000015aca000 JavaThread "Attach Listener" daemon [_thread_blocked, id=10648, stack(0x0000000017310000,0x0000000017410000)]
  0x0000000016e18800 JavaThread "Signal Dispatcher" daemon [_thread_blocked, id=12240, stack(0x0000000017210000,0x0000000017310000)]
  0x0000000015aaa000 JavaThread "Finalizer" daemon [_thread_blocked, id=10616, stack(0x0000000016d10000,0x0000000016e10000)]
  0x0000000015a89000 JavaThread "Reference Handler" daemon [_thread_blocked, id=13840, stack(0x0000000016c10000,0x0000000016d10000)]
  0x00000000032f0800 JavaThread "main" [_thread_blocked, id=11156, stack(0x0000000002d50000,0x0000000002e50000)]

Other Threads:
  0x0000000015a87000 VMThread [stack: 0x0000000016b10000,0x0000000016c10000] [id=13156]
  0x0000000016ea6000 WatcherThread [stack: 0x0000000017810000,0x0000000017910000] [id=12220]

VM state:not at safepoint (normal execution)

VM Mutex/Monitor currently owned by a thread: None

Heap:
 PSYoungGen      total 38400K, used 12662K [0x00000000eab00000, 0x00000000ed580000, 0x0000000100000000)
  eden space 33280K, 38% used [0x00000000eab00000,0x00000000eb75d880,0x00000000ecb80000)
  from space 5120K, 0% used [0x00000000ed080000,0x00000000ed080000,0x00000000ed580000)
  to   space 5120K, 0% used [0x00000000ecb80000,0x00000000ecb80000,0x00000000ed080000)
 ParOldGen       total 87552K, used 0K [0x00000000c0000000, 0x00000000c5580000, 0x00000000eab00000)
  object space 87552K, 0% used [0x00000000c0000000,0x00000000c0000000,0x00000000c5580000)
 Metaspace       used 4967K, capacity 6096K, committed 6272K, reserved 1056768K
  class space    used 551K, capacity 584K, committed 640K, reserved 1048576K

Card table byte_map: [0x00000000127b0000,0x00000000129c0000] byte_map_base: 0x00000000121b0000

Marking Bits: (ParMarkBitMap*) 0x000000006fac2f70
 Begin Bits: [0x0000000012f20000, 0x0000000013f20000)
 End Bits:   [0x0000000013f20000, 0x0000000014f20000)

Polling page: 0x0000000001310000

CodeCache: size=245760Kb used=1884Kb max_used=1889Kb free=243875Kb
 bounds [0x00000000033f0000, 0x0000000003660000, 0x00000000123f0000]
 total_blobs=612 nmethods=348 adapters=177
 compilation: enabled

Compilation events (10 events):
Event: 2.874 Thread 0x0000000016e69800  335       1       com.android.dx.rop.code.BasicBlock::getLabel (5 bytes)
Event: 2.874 Thread 0x0000000016e69800 nmethod 335 0x00000000035c1310 code [0x00000000035c1460, 0x00000000035c1570]
Event: 3.140 Thread 0x0000000015acc800  336       4       sun.misc.MetaIndex::mayContain (51 bytes)
Event: 3.140 Thread 0x0000000016e69800  337   !   3       java.util.zip.ZipFile::getEntry (86 bytes)
Event: 3.140 Thread 0x0000000016e69800 nmethod 337 0x00000000035c15d0 code [0x00000000035c17a0, 0x00000000035c1df8]
Event: 3.140 Thread 0x0000000016e69800  338       3       java.util.zip.ZipEntry::<init> (146 bytes)
Event: 3.141 Thread 0x0000000016e69800 nmethod 338 0x00000000035c20d0 code [0x00000000035c2260, 0x00000000035c2688]
Event: 3.141 Thread 0x0000000016e69800  339   !   3       sun.misc.URLClassPath$JarLoader::checkResource (55 bytes)
Event: 3.141 Thread 0x0000000016e69800 nmethod 339 0x00000000035c2810 code [0x00000000035c29c0, 0x00000000035c3028]
Event: 3.141 Thread 0x0000000016e69800  340       3       java.util.TreeMap::put (247 bytes)

GC Heap History (0 events):
No events

Deoptimization events (0 events):
No events

Internal exceptions (2 events):
Event: 0.879 Thread 0x00000000032f0800 Exception <a 'java/lang/NoSuchMethodError': Method sun.misc.Unsafe.defineClass(Ljava/lang/String;[BII)Ljava/lang/Class; name or signature does not match> (0x00000000eab07cc0) thrown at [C:\re\workspace\8-2-build-windows-amd64-cygwin\jdk8u91\6644\hotspot\srÇ¸IwÂ ì?
Event: 0.879 Thread 0x00000000032f0800 Exception <a 'java/lang/NoSuchMethodError': Method sun.misc.Unsafe.prefetchRead(Ljava/lang/Object;J)V name or signature does not match> (0x00000000eab07fa8) thrown at [C:\re\workspace\8-2-build-windows-amd64-cygwin\jdk8u91\6644\hotspot\src\share\vm\prims\j

Events (10 events):
Event: 3.139 loading class com/android/dx/dex/code/CodeAddress
Event: 3.139 loading class com/android/dx/dex/code/CodeAddress done
Event: 3.140 loading class com/android/dx/dex/code/ZeroSizeInsn
Event: 3.140 loading class com/android/dx/dex/code/ZeroSizeInsn done
Event: 3.140 loading class com/android/dx/dex/code/LocalSnapshot
Event: 3.140 loading class com/android/dx/dex/code/LocalSnapshot done
Event: 3.141 loading class com/android/dx/dex/code/TargetInsn
Event: 3.141 loading class com/android/dx/dex/code/TargetInsn done
Event: 3.141 loading class com/android/dx/dex/code/FixedSizeInsn
Event: 3.141 loading class com/android/dx/dex/code/FixedSizeInsn done


Dynamic libraries:
0x00007ff696390000 - 0x00007ff6963c7000 	D:\JAVA_enviroment\bin\java.exe
0x00007ff9cf200000 - 0x00007ff9cf3d1000 	C:\WINDOWS\SYSTEM32\ntdll.dll
0x00007ff9cca70000 - 0x00007ff9ccb1b000 	C:\WINDOWS\System32\KERNEL32.DLL
0x00007ff9cc570000 - 0x00007ff9cc78d000 	C:\WINDOWS\System32\KERNELBASE.dll
0x00007ff9cf150000 - 0x00007ff9cf1f2000 	C:\WINDOWS\System32\ADVAPI32.dll
0x00007ff9cd1f0000 - 0x00007ff9cd28e000 	C:\WINDOWS\System32\msvcrt.dll
0x00007ff9cc790000 - 0x00007ff9cc7e9000 	C:\WINDOWS\System32\sechost.dll
0x00007ff9ccde0000 - 0x00007ff9ccf01000 	C:\WINDOWS\System32\RPCRT4.dll
0x00007ff9cd290000 - 0x00007ff9cd3f5000 	C:\WINDOWS\System32\USER32.dll
0x00007ff9cc4a0000 - 0x00007ff9cc4be000 	C:\WINDOWS\System32\win32u.dll
0x00007ff9cc9d0000 - 0x00007ff9cca04000 	C:\WINDOWS\System32\GDI32.dll
0x00007ff9cc0c0000 - 0x00007ff9cc242000 	C:\WINDOWS\System32\gdi32full.dll
0x00007ff9c25c0000 - 0x00007ff9c2839000 	C:\WINDOWS\WinSxS\amd64_microsoft.windows.common-controls_6595b64144ccf1df_6.0.14393.0_none_2d0f50fcbdb171b8\COMCTL32.dll
0x00007ff9cee80000 - 0x00007ff9cf147000 	C:\WINDOWS\System32\combase.dll
0x00007ff9cc2f0000 - 0x00007ff9cc3e5000 	C:\WINDOWS\System32\ucrtbase.dll
0x00007ff9cb6f0000 - 0x00007ff9cb75a000 	C:\WINDOWS\System32\bcryptPrimitives.dll
0x00007ff9cc7f0000 - 0x00007ff9cc81e000 	C:\WINDOWS\System32\IMM32.DLL
0x000000006ed70000 - 0x000000006ee42000 	D:\JAVA_enviroment\jre\bin\msvcr100.dll
0x000000006f2b0000 - 0x000000006fb43000 	D:\JAVA_enviroment\jre\bin\server\jvm.dll
0x00007ff9cc840000 - 0x00007ff9cc848000 	C:\WINDOWS\System32\PSAPI.DLL
0x00007ff9c8d70000 - 0x00007ff9c8d79000 	C:\WINDOWS\SYSTEM32\WSOCK32.dll
0x00007ff9cee10000 - 0x00007ff9cee7a000 	C:\WINDOWS\System32\WS2_32.dll
0x00007ff9c99b0000 - 0x00007ff9c99d3000 	C:\WINDOWS\SYSTEM32\WINMM.dll
0x00007ff9c39f0000 - 0x00007ff9c39fa000 	C:\WINDOWS\SYSTEM32\VERSION.dll
0x00007ff9c9910000 - 0x00007ff9c993b000 	C:\WINDOWS\SYSTEM32\WINMMBASE.dll
0x00007ff9cc3f0000 - 0x00007ff9cc432000 	C:\WINDOWS\System32\cfgmgr32.dll
0x00000000702e0000 - 0x00000000702ef000 	D:\JAVA_enviroment\jre\bin\verify.dll
0x000000006f1a0000 - 0x000000006f1c9000 	D:\JAVA_enviroment\jre\bin\java.dll
0x000000006f180000 - 0x000000006f196000 	D:\JAVA_enviroment\jre\bin\zip.dll
0x00007ff9cd400000 - 0x00007ff9ce908000 	C:\WINDOWS\System32\SHELL32.dll
0x00007ff9cb9e0000 - 0x00007ff9cc0ba000 	C:\WINDOWS\System32\windows.storage.dll
0x00007ff9cb660000 - 0x00007ff9cb6ac000 	C:\WINDOWS\System32\powrprof.dll
0x00007ff9cc850000 - 0x00007ff9cc8a2000 	C:\WINDOWS\System32\shlwapi.dll
0x00007ff9cb6e0000 - 0x00007ff9cb6ef000 	C:\WINDOWS\System32\kernel.appcore.dll
0x00007ff9cc4c0000 - 0x00007ff9cc569000 	C:\WINDOWS\System32\shcore.dll
0x00007ff9cb6b0000 - 0x00007ff9cb6c4000 	C:\WINDOWS\System32\profapi.dll

VM Arguments:
jvm_args: -Djava.awt.headless=true -Xmx1024M -Dfile.encoding=GBK -Duser.country=CN -Duser.language=zh -Duser.variant 
java_command: com.android.dx.command.Main --dex --force-jumbo --num-threads=4 --multi-dex --output D:\workspace1\FastSport\app\build\intermediates\transforms\dex\debug\folders\1000\10\com.android.support-recyclerview-v7-24.2.1_07d92bde12960b45b294ee422a4bf39d50df1524 D:\workspace1\FastSport\app\build\intermediates\exploded-aar\com.android.support\recyclerview-v7\24.2.1\jars\classes.jar
java_class_path (initial): D:\AndroidStdio_sdk\sdk\build-tools\24.0.0\lib\dx.jar
Launcher Type: SUN_STANDARD

Environment Variables:
JAVA_HOME=D:\JAVA_enviroment
PATH=C:\ProgramData\Oracle\Java\javapath;C:\WINDOWS\system32;C:\WINDOWS;C:\WINDOWS\System32\Wbem;C:\WINDOWS\System32\WindowsPowerShell\v1.0\;D:\JAVA_enviroment\bin;D:\JAVA_enviroment\jre\bin;D:\android_sdk\sdk\tools;C:\Program Files (x86)\NVIDIA Corporation\PhysX\Common;D:\AndroidStdio_sdk\sdk\tools;C:\Program Files (x86)\Microsoft SQL Server\100\Tools\Binn\;C:\Program Files\Microsoft SQL Server\100\Tools\Binn\;C:\Program Files\Microsoft SQL Server\100\DTS\Binn\;C:\Program Files (x86)\Microsoft SQL Server\100\Tools\Binn\VSShell\Common7\IDE\;C:\Program Files (x86)\Microsoft Visual Studio 9.0\Common7\IDE\PrivateAssemblies\;C:\Program Files (x86)\Microsoft SQL Server\100\DTS\Binn\;D:\android_sdk\sdk\platform-tools;D:\android_sdk\sdk\tools;C:\WINDOWS\system32;C:\WINDOWS;C:\WINDOWS\System32\Wbem;C:\WINDOWS\System32\WindowsPowerShell\v1.0\;C:\Users\Administrator\AppData\Local\Microsoft\WindowsApps;
USERNAME=Administrator
OS=Windows_NT
PROCESSOR_IDENTIFIER=Intel64 Family 6 Model 58 Stepping 9, GenuineIntel



---------------  S Y S T E M  ---------------

OS: Windows 10.0 , 64 bit Build 14393 (10.0.14393.0)

CPU:total 4 (2 cores per cpu, 2 threads per core) family 6 model 58 stepping 9, cmov, cx8, fxsr, mmx, sse, sse2, sse3, ssse3, sse4.1, sse4.2, popcnt, avx, aes, clmul, erms, ht, tsc, tscinvbit, tscinv

Memory: 4k page, physical 8271404k(1210164k free), swap 8271404k(5132k free)

vm_info: Java HotSpot(TM) 64-Bit Server VM (25.91-b14) for windows-amd64 JRE (1.8.0_91-b14), built on Apr  1 2016 00:58:32 by "java_re" with MS VC++ 10.0 (VS2010)

time: Sun Oct 02 00:02:27 2016
elapsed time: 3 seconds (0d 0h 0m 3s)

