#
# There is insufficient memory for the Java Runtime Environment to continue.
# Native memory allocation (malloc) failed to allocate 32744 bytes for ChunkPool::allocate
# Possible reasons:
#   The system is out of physical RAM or swap space
#   In 32 bit mode, the process size limit was hit
# Possible solutions:
#   Reduce memory load on the system
#   Increase physical memory or swap space
#   Check if swap backing store is full
#   Use 64 bit Java on a 64 bit OS
#   Decrease Java heap size (-Xmx/-Xms)
#   Decrease number of Java threads
#   Decrease Java thread stack sizes (-Xss)
#   Set larger code cache with -XX:ReservedCodeCacheSize=
# This output file may be truncated or incomplete.
#
#  Out of Memory Error (allocation.cpp:273), pid=5668, tid=7064
#
# JRE version: Java(TM) SE Runtime Environment (8.0_91-b14) (build 1.8.0_91-b14)
# Java VM: Java HotSpot(TM) 64-Bit Server VM (25.91-b14 mixed mode windows-amd64 compressed oops)
# Failed to write core dump. Minidumps are not enabled by default on client versions of Windows
#

---------------  T H R E A D  ---------------

Current thread (0x0000000014f5b000):  JavaThread "C1 CompilerThread2" daemon [_thread_in_native, id=7064, stack(0x0000000016a60000,0x0000000016b60000)]

Stack: [0x0000000016a60000,0x0000000016b60000]
[error occurred during error reporting (printing stack bounds), id 0xc0000005]

Native frames: (J=compiled Java code, j=interpreted, Vv=VM code, C=native code)


Current CompileTask:
C1:   7160 1509       3      
[error occurred during error reporting (printing current compile task), id 0xe0000001]


---------------  P R O C E S S  ---------------

Java Threads: ( => current thread )
  0x00000000164e4000 JavaThread "pool-1-thread-4" [_thread_blocked, id=6760, stack(0x0000000017160000,0x0000000017260000)]
  0x00000000164e3800 JavaThread "pool-1-thread-3" [_thread_blocked, id=10092, stack(0x0000000017060000,0x0000000017160000)]
  0x00000000164dd000 JavaThread "pool-1-thread-2" [_thread_blocked, id=10296, stack(0x0000000016f60000,0x0000000017060000)]
  0x00000000164e5000 JavaThread "pool-2-thread-1" [_thread_blocked, id=9448, stack(0x0000000016e60000,0x0000000016f60000)]
  0x00000000164be800 JavaThread "pool-1-thread-1" [_thread_blocked, id=9468, stack(0x0000000016d60000,0x0000000016e60000)]
  0x00000000162c1000 JavaThread "Service Thread" daemon [_thread_blocked, id=11644, stack(0x0000000016b60000,0x0000000016c60000)]
=>0x0000000014f5b000 JavaThread "C1 CompilerThread2" daemon [_thread_in_native, id=7064, stack(0x0000000016a60000,0x0000000016b60000)]
  0x000000000282c000 JavaThread "C2 CompilerThread1" daemon [_thread_in_native, id=4020, stack(0x0000000016960000,0x0000000016a60000)]
  0x00000000162a3000 JavaThread "C2 CompilerThread0" daemon [_thread_in_native, id=10772, stack(0x0000000016860000,0x0000000016960000)]
  0x00000000162a2800 JavaThread "Attach Listener" daemon [_thread_blocked, id=7988, stack(0x0000000016760000,0x0000000016860000)]
  0x0000000014f13000 JavaThread "Signal Dispatcher" daemon [_thread_blocked, id=9532, stack(0x0000000016660000,0x0000000016760000)]
  0x0000000014ee9000 JavaThread "Finalizer" daemon [_thread_blocked, id=3560, stack(0x0000000016160000,0x0000000016260000)]
  0x0000000002822800 JavaThread "Reference Handler" daemon [_thread_blocked, id=5020, stack(0x0000000016060000,0x0000000016160000)]
  0x0000000002730800 JavaThread "main" [_thread_in_Java, id=3468, stack(0x0000000002630000,0x0000000002730000)]

Other Threads:
  0x0000000014ec7000 VMThread [stack: 0x0000000015f60000,0x0000000016060000] [id=8332]
  0x000000001633b800 WatcherThread [stack: 0x0000000016c60000,0x0000000016d60000] [id=10824]

VM state:not at safepoint (normal execution)

VM Mutex/Monitor currently owned by a thread: None

Heap:
 PSYoungGen      total 38400K, used 29139K [0x00000000eab00000, 0x00000000ed580000, 0x0000000100000000)
  eden space 33280K, 72% used [0x00000000eab00000,0x00000000ec275228,0x00000000ecb80000)
  from space 5120K, 99% used [0x00000000ecb80000,0x00000000ed07fca8,0x00000000ed080000)
  to   space 5120K, 0% used [0x00000000ed080000,0x00000000ed080000,0x00000000ed580000)
 ParOldGen       total 87552K, used 1483K [0x00000000c0000000, 0x00000000c5580000, 0x00000000eab00000)
  object space 87552K, 1% used [0x00000000c0000000,0x00000000c0172db0,0x00000000c5580000)
 Metaspace       used 6068K, capacity 7024K, committed 7296K, reserved 1056768K
  class space    used 592K, capacity 616K, committed 640K, reserved 1048576K

Card table byte_map: [0x0000000011bf0000,0x0000000011e00000] byte_map_base: 0x00000000115f0000

Marking Bits: (ParMarkBitMap*) 0x0000000063312f70
 Begin Bits: [0x0000000012360000, 0x0000000013360000)
 End Bits:   [0x0000000013360000, 0x0000000014360000)

Polling page: 0x0000000000690000

CodeCache: size=245760Kb used=6625Kb max_used=6625Kb free=239134Kb
 bounds [0x0000000002830000, 0x0000000002eb0000, 0x0000000011830000]
 total_blobs=1761 nmethods=1494 adapters=178
 compilation: enabled

Compilation events (10 events):
Event: 7.148 Thread 0x0000000014f5b000 nmethod 1500 0x0000000002ea7f10 code [0x0000000002ea80a0, 0x0000000002ea8390]
Event: 7.150 Thread 0x0000000014f5b000 1505       3       com.android.dx.rop.code.ThrowingInsn::withNewRegisters (21 bytes)
Event: 7.151 Thread 0x0000000014f5b000 nmethod 1505 0x0000000002ea8610 code [0x0000000002ea8780, 0x0000000002ea8aa8]
Event: 7.151 Thread 0x0000000014f5b000 1506       3       com.android.dx.rop.type.StdTypeList::equalContents (56 bytes)
Event: 7.151 Thread 0x0000000014f5b000 nmethod 1506 0x0000000002ea8b90 code [0x0000000002ea8d60, 0x0000000002ea9628]
Event: 7.152 Thread 0x0000000014f5b000 1507       3       com.android.dx.ssa.PhiTypeResolver::equalsHandlesNulls (23 bytes)
Event: 7.153 Thread 0x0000000014f5b000 nmethod 1507 0x0000000002ea98d0 code [0x0000000002ea9a60, 0x0000000002ea9ea8]
Event: 7.153 Thread 0x0000000014f5b000 1508       1       java.lang.Integer::intValue (5 bytes)
Event: 7.153 Thread 0x0000000014f5b000 nmethod 1508 0x0000000002ea9fd0 code [0x0000000002eaa120, 0x0000000002eaa230]
Event: 7.155 Thread 0x0000000014f5b000 1509       3       com.android.dx.dex.file.AnnotationSetItem::<init> (83 bytes)

GC Heap History (2 events):
Event: 5.676 GC heap before
{Heap before GC invocations=1 (full 0):
 PSYoungGen      total 38400K, used 33280K [0x00000000eab00000, 0x00000000ed580000, 0x0000000100000000)
  eden space 33280K, 100% used [0x00000000eab00000,0x00000000ecb80000,0x00000000ecb80000)
  from space 5120K, 0% used [0x00000000ed080000,0x00000000ed080000,0x00000000ed580000)
  to   space 5120K, 0% used [0x00000000ecb80000,0x00000000ecb80000,0x00000000ed080000)
 ParOldGen       total 87552K, used 0K [0x00000000c0000000, 0x00000000c5580000, 0x00000000eab00000)
  object space 87552K, 0% used [0x00000000c0000000,0x00000000c0000000,0x00000000c5580000)
 Metaspace       used 5969K, capacity 6960K, committed 7040K, reserved 1056768K
  class space    used 591K, capacity 616K, committed 640K, reserved 1048576K
Event: 6.127 GC heap after
Heap after GC invocations=1 (full 0):
 PSYoungGen      total 38400K, used 5119K [0x00000000eab00000, 0x00000000ed580000, 0x0000000100000000)
  eden space 33280K, 0% used [0x00000000eab00000,0x00000000eab00000,0x00000000ecb80000)
  from space 5120K, 99% used [0x00000000ecb80000,0x00000000ed07fca8,0x00000000ed080000)
  to   space 5120K, 0% used [0x00000000ed080000,0x00000000ed080000,0x00000000ed580000)
 ParOldGen       total 87552K, used 1483K [0x00000000c0000000, 0x00000000c5580000, 0x00000000eab00000)
  object space 87552K, 1% used [0x00000000c0000000,0x00000000c0172db0,0x00000000c5580000)
 Metaspace       used 5969K, capacity 6960K, committed 7040K, reserved 1056768K
  class space    used 591K, capacity 616K, committed 640K, reserved 1048576K
}

Deoptimization events (10 events):
Event: 6.405 Thread 0x00000000164be800 Uncommon trap: reason=unstable_if action=reinterpret pc=0x0000000002bc2360 method=com.android.dx.rop.code.RegisterSpecSet.put(Lcom/android/dx/rop/code/RegisterSpec;)V @ 77
Event: 6.405 Thread 0x00000000164be800 Uncommon trap: reason=unstable_if action=reinterpret pc=0x0000000002ba1c6c method=com.android.dx.rop.code.RegisterSpecSet.put(Lcom/android/dx/rop/code/RegisterSpec;)V @ 77
Event: 6.750 Thread 0x00000000164dd000 Uncommon trap: reason=unstable_if action=reinterpret pc=0x0000000002b3ac50 method=com.android.dx.rop.code.RegisterSpec.equals(ILcom/android/dx/rop/type/TypeBearer;Lcom/android/dx/rop/code/LocalItem;)Z @ 42
Event: 6.753 Thread 0x00000000164dd000 Uncommon trap: reason=unstable_if action=reinterpret pc=0x0000000002e03354 method=com.android.dx.ssa.SsaRenamer$BlockRenamer.addMapping(ILcom/android/dx/rop/code/RegisterSpec;)V @ 120
Event: 6.754 Thread 0x00000000164dd000 Uncommon trap: reason=unstable_if action=reinterpret pc=0x0000000002cf1b00 method=com.android.dx.ssa.SsaRenamer$BlockRenamer.addMapping(ILcom/android/dx/rop/code/RegisterSpec;)V @ 120
Event: 6.754 Thread 0x00000000164dd000 Uncommon trap: reason=unstable_if action=reinterpret pc=0x0000000002c488e0 method=com.android.dx.ssa.SsaRenamer$BlockRenamer.addMapping(ILcom/android/dx/rop/code/RegisterSpec;)V @ 120
Event: 7.135 Thread 0x00000000164e4000 Uncommon trap: reason=unstable_if action=reinterpret pc=0x0000000002e599e0 method=com.android.dx.ssa.SCCP.simulateBranch(Lcom/android/dx/ssa/SsaInsn;)V @ 64
Event: 7.141 Thread 0x00000000164e4000 Uncommon trap: reason=unstable_if action=reinterpret pc=0x0000000002dd6e20 method=com.android.dx.ssa.LiteralOpUpgrader$1.visitNonMoveInsn(Lcom/android/dx/ssa/NormalSsaInsn;)V @ 55
Event: 7.142 Thread 0x00000000164e4000 Uncommon trap: reason=unstable_if action=reinterpret pc=0x0000000002c4b81c method=com.android.dx.ssa.SsaMethod.updateOneDefinition(Lcom/android/dx/ssa/SsaInsn;Lcom/android/dx/rop/code/RegisterSpec;)V @ 4
Event: 7.142 Thread 0x00000000164e4000 Uncommon trap: reason=unstable_if action=reinterpret pc=0x0000000002e6f64c method=com.android.dx.rop.code.LocalItem.compareHandlesNulls(Lcom/android/dx/rop/cst/CstString;Lcom/android/dx/rop/cst/CstString;)I @ 14

Internal exceptions (4 events):
Event: 0.053 Thread 0x0000000002730800 Exception <a 'java/lang/NoSuchMethodError': Method sun.misc.Unsafe.defineClass(Ljava/lang/String;[BII)Ljava/lang/Class; name or signature does not match> (0x00000000eab07cc0) thrown at [C:\re\workspace\8-2-build-windows-amd64-cygwin\jdk8u91\6644\hotspot\srr^Dç¥˙™?
Event: 0.053 Thread 0x0000000002730800 Exception <a 'java/lang/NoSuchMethodError': Method sun.misc.Unsafe.prefetchRead(Ljava/lang/Object;J)V name or signature does not match> (0x00000000eab07fa8) thrown at [C:\re\workspace\8-2-build-windows-amd64-cygwin\jdk8u91\6644\hotspot\src\share\vm\prims\jL∫ö@0í@
Event: 6.393 Thread 0x00000000164dd000 Implicit null exception at 0x0000000002d6190e to 0x0000000002d62e95
Event: 7.142 Thread 0x00000000164e4000 Implicit null exception at 0x0000000002e6dae3 to 0x0000000002e6f625

Events (10 events):
Event: 7.141 Thread 0x00000000164e4000 DEOPT PACKING pc=0x0000000002dd6e20 sp=0x000000001725e670
Event: 7.141 Thread 0x00000000164e4000 DEOPT UNPACKING pc=0x000000000287582a sp=0x000000001725e660 mode 2
Event: 7.141 loading class com/android/dx/rop/code/RegOps
Event: 7.141 loading class com/android/dx/rop/code/RegOps done
Event: 7.142 Thread 0x00000000164e4000 Uncommon trap: trap_request=0xffffff65 fr.pc=0x0000000002c4b81c
Event: 7.142 Thread 0x00000000164e4000 DEOPT PACKING pc=0x0000000002c4b81c sp=0x000000001725e4c0
Event: 7.142 Thread 0x00000000164e4000 DEOPT UNPACKING pc=0x000000000287582a sp=0x000000001725e468 mode 2
Event: 7.142 Thread 0x00000000164e4000 Uncommon trap: trap_request=0xffffff65 fr.pc=0x0000000002e6f64c
Event: 7.142 Thread 0x00000000164e4000 DEOPT PACKING pc=0x0000000002e6f64c sp=0x000000001725e5d0
Event: 7.142 Thread 0x00000000164e4000 DEOPT UNPACKING pc=0x000000000287582a sp=0x000000001725e3c8 mode 2


Dynamic libraries:
0x00007ff637580000 - 0x00007ff6375b7000 	D:\JAVA_enviroment\bin\java.exe
0x00007ff8fd9a0000 - 0x00007ff8fdb71000 	C:\WINDOWS\SYSTEM32\ntdll.dll
0x00007ff8fb4a0000 - 0x00007ff8fb54b000 	C:\WINDOWS\System32\KERNEL32.DLL
0x00007ff8fa6d0000 - 0x00007ff8fa8ed000 	C:\WINDOWS\System32\KERNELBASE.dll
0x00007ff8fb3f0000 - 0x00007ff8fb492000 	C:\WINDOWS\System32\ADVAPI32.dll
0x00007ff8fd0e0000 - 0x00007ff8fd17e000 	C:\WINDOWS\System32\msvcrt.dll
0x00007ff8fcbd0000 - 0x00007ff8fcc29000 	C:\WINDOWS\System32\sechost.dll
0x00007ff8fd1c0000 - 0x00007ff8fd2e1000 	C:\WINDOWS\System32\RPCRT4.dll
0x00007ff8fd830000 - 0x00007ff8fd995000 	C:\WINDOWS\System32\USER32.dll
0x00007ff8faa60000 - 0x00007ff8faa7e000 	C:\WINDOWS\System32\win32u.dll
0x00007ff8fb3b0000 - 0x00007ff8fb3e4000 	C:\WINDOWS\System32\GDI32.dll
0x00007ff8faa80000 - 0x00007ff8fac02000 	C:\WINDOWS\System32\gdi32full.dll
0x00007ff8f51d0000 - 0x00007ff8f5449000 	C:\WINDOWS\WinSxS\amd64_microsoft.windows.common-controls_6595b64144ccf1df_6.0.14393.0_none_2d0f50fcbdb171b8\COMCTL32.dll
0x00007ff8fccd0000 - 0x00007ff8fcf97000 	C:\WINDOWS\System32\combase.dll
0x00007ff8fa960000 - 0x00007ff8faa55000 	C:\WINDOWS\System32\ucrtbase.dll
0x00007ff8fa8f0000 - 0x00007ff8fa95a000 	C:\WINDOWS\System32\bcryptPrimitives.dll
0x00007ff8fd180000 - 0x00007ff8fd1ae000 	C:\WINDOWS\System32\IMM32.DLL
0x0000000063660000 - 0x0000000063732000 	D:\JAVA_enviroment\jre\bin\msvcr100.dll
0x0000000062b00000 - 0x0000000063393000 	D:\JAVA_enviroment\jre\bin\server\jvm.dll
0x00007ff8fb550000 - 0x00007ff8fb558000 	C:\WINDOWS\System32\PSAPI.DLL
0x00007ff8f70d0000 - 0x00007ff8f70d9000 	C:\WINDOWS\SYSTEM32\WSOCK32.dll
0x00007ff8fb130000 - 0x00007ff8fb19a000 	C:\WINDOWS\System32\WS2_32.dll
0x00007ff8f8050000 - 0x00007ff8f8073000 	C:\WINDOWS\SYSTEM32\WINMM.dll
0x00007ff8f5890000 - 0x00007ff8f589a000 	C:\WINDOWS\SYSTEM32\VERSION.dll
0x00007ff8f7ed0000 - 0x00007ff8f7efb000 	C:\WINDOWS\SYSTEM32\WINMMBASE.dll
0x00007ff8facb0000 - 0x00007ff8facf2000 	C:\WINDOWS\System32\cfgmgr32.dll
0x0000000063d90000 - 0x0000000063d9f000 	D:\JAVA_enviroment\jre\bin\verify.dll
0x0000000063d60000 - 0x0000000063d89000 	D:\JAVA_enviroment\jre\bin\java.dll
0x0000000063d40000 - 0x0000000063d56000 	D:\JAVA_enviroment\jre\bin\zip.dll
0x00007ff8fb6c0000 - 0x00007ff8fcbc8000 	C:\WINDOWS\System32\SHELL32.dll
0x00007ff8f9e90000 - 0x00007ff8fa56a000 	C:\WINDOWS\System32\windows.storage.dll
0x00007ff8f9e20000 - 0x00007ff8f9e6c000 	C:\WINDOWS\System32\powrprof.dll
0x00007ff8fb050000 - 0x00007ff8fb0a2000 	C:\WINDOWS\System32\shlwapi.dll
0x00007ff8f9e00000 - 0x00007ff8f9e0f000 	C:\WINDOWS\System32\kernel.appcore.dll
0x00007ff8fa620000 - 0x00007ff8fa6c9000 	C:\WINDOWS\System32\shcore.dll
0x00007ff8f9e70000 - 0x00007ff8f9e84000 	C:\WINDOWS\System32\profapi.dll

VM Arguments:
jvm_args: -Djava.awt.headless=true -Xmx1024M -Dfile.encoding=GBK -Duser.country=CN -Duser.language=zh -Duser.variant 
java_command: com.android.dx.command.Main --dex --force-jumbo --num-threads=4 --output D:\workspace1\FastSport\app\build\intermediates\pre-dexed\debug\com.android.support-support-media-compat-24.2.1_7903e451e40c4877b6e5b080f24f43cc726b3158.jar D:\workspace1\FastSport\app\build\intermediates\exploded-aar\com.android.support\support-media-compat\24.2.1\jars\classes.jar
java_class_path (initial): D:\AndroidStdio_sdk\sdk\build-tools\24.0.0\lib\dx.jar
Launcher Type: SUN_STANDARD

Environment Variables:
JAVA_HOME=D:\JAVA_enviroment
PATH=C:\ProgramData\Oracle\Java\javapath;C:\WINDOWS\system32;C:\WINDOWS;C:\WINDOWS\System32\Wbem;C:\WINDOWS\System32\WindowsPowerShell\v1.0\;D:\JAVA_enviroment\bin;D:\JAVA_enviroment\jre\bin;D:\android_sdk\sdk\tools;C:\Program Files (x86)\NVIDIA Corporation\PhysX\Common;D:\AndroidStdio_sdk\sdk\tools;C:\Program Files (x86)\Microsoft SQL Server\100\Tools\Binn\;C:\Program Files\Microsoft SQL Server\100\Tools\Binn\;C:\Program Files\Microsoft SQL Server\100\DTS\Binn\;C:\Program Files (x86)\Microsoft SQL Server\100\Tools\Binn\VSShell\Common7\IDE\;C:\Program Files (x86)\Microsoft Visual Studio 9.0\Common7\IDE\PrivateAssemblies\;C:\Program Files (x86)\Microsoft SQL Server\100\DTS\Binn\;D:\android_sdk\sdk\platform-tools;D:\android_sdk\sdk\tools;C:\WINDOWS\system32;C:\WINDOWS;C:\WINDOWS\System32\Wbem;C:\WINDOWS\System32\WindowsPowerShell\v1.0\;C:\Users\Administrator\AppData\Local\Microsoft\WindowsApps;
USERNAME=Administrator
OS=Windows_NT
PROCESSOR_IDENTIFIER=Intel64 Family 6 Model 58 Stepping 9, GenuineIntel



---------------  S Y S T E M  ---------------

OS: Windows 10.0 , 64 bit Build 14393 (10.0.14393.0)

CPU:total 4 (2 cores per cpu, 2 threads per core) family 6 model 58 stepping 9, cmov, cx8, fxsr, mmx, sse, sse2, sse3, ssse3, sse4.1, sse4.2, popcnt, avx, aes, clmul, erms, ht, tsc, tscinvbit, tscinv

Memory: 4k page, physical 8271404k(1011316k free), swap 8271404k(5124k free)

vm_info: Java HotSpot(TM) 64-Bit Server VM (25.91-b14) for windows-amd64 JRE (1.8.0_91-b14), built on Apr  1 2016 00:58:32 by "java_re" with MS VC++ 10.0 (VS2010)

time: Wed Oct 19 17:08:50 2016
elapsed time: 7 seconds (0d 0h 0m 7s)

