#
# There is insufficient memory for the Java Runtime Environment to continue.
# Native memory allocation (malloc) failed to allocate 1625936 bytes for Chunk::new
# Possible reasons:
#   The system is out of physical RAM or swap space
#   In 32 bit mode, the process size limit was hit
# Possible solutions:
#   Reduce memory load on the system
#   Increase physical memory or swap space
#   Check if swap backing store is full
#   Use 64 bit Java on a 64 bit OS
#   Decrease Java heap size (-Xmx/-Xms)
#   Decrease number of Java threads
#   Decrease Java thread stack sizes (-Xss)
#   Set larger code cache with -XX:ReservedCodeCacheSize=
# This output file may be truncated or incomplete.
#
#  Out of Memory Error (allocation.cpp:390), pid=10920, tid=11396
#
# JRE version: Java(TM) SE Runtime Environment (8.0_91-b14) (build 1.8.0_91-b14)
# Java VM: Java HotSpot(TM) 64-Bit Server VM (25.91-b14 mixed mode windows-amd64 compressed oops)
# Failed to write core dump. Minidumps are not enabled by default on client versions of Windows
#

---------------  T H R E A D  ---------------

Current thread (0x0000000014e4c800):  JavaThread "C2 CompilerThread1" daemon [_thread_in_native, id=11396, stack(0x0000000016870000,0x0000000016970000)]

Stack: [0x0000000016870000,0x0000000016970000]
[error occurred during error reporting (printing stack bounds), id 0xc0000005]

Native frames: (J=compiled Java code, j=interpreted, Vv=VM code, C=native code)


Current CompileTask:
C2:  12984 1673   !   4       com.android.dx.cf.code.BytecodeArray::parseInstruction (2764 bytes)


---------------  P R O C E S S  ---------------

Java Threads: ( => current thread )
  0x000000001642d000 JavaThread "pool-2-thread-4" [_thread_in_Java, id=12616, stack(0x0000000017070000,0x0000000017170000)]
  0x000000001642c000 JavaThread "pool-2-thread-3" [_thread_blocked, id=9824, stack(0x0000000016f70000,0x0000000017070000)]
  0x0000000016429000 JavaThread "pool-2-thread-2" [_thread_blocked, id=6224, stack(0x0000000016e70000,0x0000000016f70000)]
  0x0000000016428000 JavaThread "pool-3-thread-1" [_thread_blocked, id=14400, stack(0x0000000016d70000,0x0000000016e70000)]
  0x0000000016423800 JavaThread "pool-2-thread-1" [_thread_blocked, id=13128, stack(0x0000000016c70000,0x0000000016d70000)]
  0x00000000161d4800 JavaThread "Service Thread" daemon [_thread_blocked, id=9500, stack(0x0000000016a70000,0x0000000016b70000)]
  0x00000000161ca800 JavaThread "C1 CompilerThread2" daemon [_thread_blocked, id=13704, stack(0x0000000016970000,0x0000000016a70000)]
=>0x0000000014e4c800 JavaThread "C2 CompilerThread1" daemon [_thread_in_native, id=11396, stack(0x0000000016870000,0x0000000016970000)]
  0x0000000014e4a000 JavaThread "C2 CompilerThread0" daemon [_thread_in_native, id=6200, stack(0x0000000016770000,0x0000000016870000)]
  0x0000000014dfc800 JavaThread "Attach Listener" daemon [_thread_blocked, id=13368, stack(0x0000000016670000,0x0000000016770000)]
  0x0000000014e49800 JavaThread "Signal Dispatcher" daemon [_thread_blocked, id=9196, stack(0x0000000016570000,0x0000000016670000)]
  0x0000000014dda800 JavaThread "Finalizer" daemon [_thread_blocked, id=6632, stack(0x0000000016070000,0x0000000016170000)]
  0x0000000014db9000 JavaThread "Reference Handler" daemon [_thread_blocked, id=11280, stack(0x0000000015f70000,0x0000000016070000)]
  0x0000000002620800 JavaThread "main" [_thread_blocked, id=14988, stack(0x0000000002520000,0x0000000002620000)]

Other Threads:
  0x0000000014db8000 VMThread [stack: 0x0000000015e70000,0x0000000015f70000] [id=14412]
  0x00000000161db000 WatcherThread [stack: 0x0000000016b70000,0x0000000016c70000] [id=11032]

VM state:not at safepoint (normal execution)

VM Mutex/Monitor currently owned by a thread: None

Heap:
 PSYoungGen      total 71680K, used 15651K [0x00000000eab00000, 0x00000000ef600000, 0x0000000100000000)
  eden space 66560K, 15% used [0x00000000eab00000,0x00000000eb549fc0,0x00000000eec00000)
  from space 5120K, 99% used [0x00000000ef100000,0x00000000ef5fefc0,0x00000000ef600000)
  to   space 5120K, 0% used [0x00000000eec00000,0x00000000eec00000,0x00000000ef100000)
 ParOldGen       total 87552K, used 5533K [0x00000000c0000000, 0x00000000c5580000, 0x00000000eab00000)
  object space 87552K, 6% used [0x00000000c0000000,0x00000000c0567470,0x00000000c5580000)
 Metaspace       used 6248K, capacity 7092K, committed 7296K, reserved 1056768K
  class space    used 601K, capacity 620K, committed 640K, reserved 1048576K

Card table byte_map: [0x0000000011ae0000,0x0000000011cf0000] byte_map_base: 0x00000000114e0000

Marking Bits: (ParMarkBitMap*) 0x0000000058972f70
 Begin Bits: [0x0000000012250000, 0x0000000013250000)
 End Bits:   [0x0000000013250000, 0x0000000014250000)

Polling page: 0x0000000000440000

CodeCache: size=245760Kb used=7456Kb max_used=7485Kb free=238303Kb
 bounds [0x0000000002720000, 0x0000000002e80000, 0x0000000011720000]
 total_blobs=1919 nmethods=1648 adapters=184
 compilation: enabled

Compilation events (10 events):
Event: 12.484 Thread 0x0000000014e4c800 nmethod 1669 0x0000000002e5ded0 code [0x0000000002e5e500, 0x0000000002e61a68]
Event: 12.488 Thread 0x00000000161ca800 1670       3       java.util.concurrent.ThreadPoolExecutor::isRunning (10 bytes)
Event: 12.488 Thread 0x00000000161ca800 nmethod 1670 0x0000000002e33350 code [0x0000000002e334a0, 0x0000000002e33630]
Event: 12.489 Thread 0x0000000014e4c800 1671       4       com.android.dx.cf.code.BasicBlocker::addWorkIfNecessary (32 bytes)
Event: 12.492 Thread 0x0000000014e4c800 nmethod 1671 0x0000000002e32ed0 code [0x0000000002e33020, 0x0000000002e33158]
Event: 12.493 Thread 0x0000000014e4c800 1672       4       com.android.dx.ssa.MoveParamCombiner$1::visitNonMoveInsn (213 bytes)
Event: 12.545 Thread 0x0000000014e4c800 nmethod 1672 0x0000000002e65350 code [0x0000000002e655e0, 0x0000000002e668a0]
Event: 12.546 Thread 0x0000000014e4c800 1673   !   4       com.android.dx.cf.code.BytecodeArray::parseInstruction (2764 bytes)
Event: 12.935 Thread 0x0000000014e4a000 nmethod 1650 0x0000000002e6f390 code [0x0000000002e6fde0, 0x0000000002e76018]
Event: 12.935 Thread 0x0000000014e4a000 1674       4       com.android.dx.ssa.SCCP::simulateStmt (481 bytes)

GC Heap History (4 events):
Event: 8.903 GC heap before
{Heap before GC invocations=1 (full 0):
 PSYoungGen      total 38400K, used 33280K [0x00000000eab00000, 0x00000000ed580000, 0x0000000100000000)
  eden space 33280K, 100% used [0x00000000eab00000,0x00000000ecb80000,0x00000000ecb80000)
  from space 5120K, 0% used [0x00000000ed080000,0x00000000ed080000,0x00000000ed580000)
  to   space 5120K, 0% used [0x00000000ecb80000,0x00000000ecb80000,0x00000000ed080000)
 ParOldGen       total 87552K, used 0K [0x00000000c0000000, 0x00000000c5580000, 0x00000000eab00000)
  object space 87552K, 0% used [0x00000000c0000000,0x00000000c0000000,0x00000000c5580000)
 Metaspace       used 6049K, capacity 6900K, committed 7040K, reserved 1056768K
  class space    used 598K, capacity 620K, committed 640K, reserved 1048576K
Event: 9.499 GC heap after
Heap after GC invocations=1 (full 0):
 PSYoungGen      total 38400K, used 5090K [0x00000000eab00000, 0x00000000ef600000, 0x0000000100000000)
  eden space 33280K, 0% used [0x00000000eab00000,0x00000000eab00000,0x00000000ecb80000)
  from space 5120K, 99% used [0x00000000ecb80000,0x00000000ed078ac8,0x00000000ed080000)
  to   space 5120K, 0% used [0x00000000ef100000,0x00000000ef100000,0x00000000ef600000)
 ParOldGen       total 87552K, used 2017K [0x00000000c0000000, 0x00000000c5580000, 0x00000000eab00000)
  object space 87552K, 2% used [0x00000000c0000000,0x00000000c01f85b8,0x00000000c5580000)
 Metaspace       used 6049K, capacity 6900K, committed 7040K, reserved 1056768K
  class space    used 598K, capacity 620K, committed 640K, reserved 1048576K
}
Event: 11.108 GC heap before
{Heap before GC invocations=2 (full 0):
 PSYoungGen      total 38400K, used 38370K [0x00000000eab00000, 0x00000000ef600000, 0x0000000100000000)
  eden space 33280K, 100% used [0x00000000eab00000,0x00000000ecb80000,0x00000000ecb80000)
  from space 5120K, 99% used [0x00000000ecb80000,0x00000000ed078ac8,0x00000000ed080000)
  to   space 5120K, 0% used [0x00000000ef100000,0x00000000ef100000,0x00000000ef600000)
 ParOldGen       total 87552K, used 2017K [0x00000000c0000000, 0x00000000c5580000, 0x00000000eab00000)
  object space 87552K, 2% used [0x00000000c0000000,0x00000000c01f85b8,0x00000000c5580000)
 Metaspace       used 6211K, capacity 7092K, committed 7296K, reserved 1056768K
  class space    used 601K, capacity 620K, committed 640K, reserved 1048576K
Event: 11.534 GC heap after
Heap after GC invocations=2 (full 0):
 PSYoungGen      total 71680K, used 5115K [0x00000000eab00000, 0x00000000ef600000, 0x0000000100000000)
  eden space 66560K, 0% used [0x00000000eab00000,0x00000000eab00000,0x00000000eec00000)
  from space 5120K, 99% used [0x00000000ef100000,0x00000000ef5fefc0,0x00000000ef600000)
  to   space 5120K, 0% used [0x00000000eec00000,0x00000000eec00000,0x00000000ef100000)
 ParOldGen       total 87552K, used 5533K [0x00000000c0000000, 0x00000000c5580000, 0x00000000eab00000)
  object space 87552K, 6% used [0x00000000c0000000,0x00000000c0567470,0x00000000c5580000)
 Metaspace       used 6211K, capacity 7092K, committed 7296K, reserved 1056768K
  class space    used 601K, capacity 620K, committed 640K, reserved 1048576K
}

Deoptimization events (10 events):
Event: 10.594 Thread 0x0000000016423800 Uncommon trap: reason=bimorphic action=maybe_recompile pc=0x0000000002a03fa0 method=java.util.HashMap.getNode(ILjava/lang/Object;)Ljava/util/HashMap$Node; @ 126
Event: 10.594 Thread 0x0000000016423800 Uncommon trap: reason=class_check action=maybe_recompile pc=0x0000000002b99794 method=java.util.HashMap.putVal(ILjava/lang/Object;Ljava/lang/Object;ZZ)Ljava/lang/Object; @ 203
Event: 10.594 Thread 0x0000000016423800 Uncommon trap: reason=bimorphic action=maybe_recompile pc=0x0000000002a03fa0 method=java.util.HashMap.getNode(ILjava/lang/Object;)Ljava/util/HashMap$Node; @ 126
Event: 10.594 Thread 0x0000000016423800 Uncommon trap: reason=class_check action=maybe_recompile pc=0x0000000002b99794 method=java.util.HashMap.putVal(ILjava/lang/Object;Ljava/lang/Object;ZZ)Ljava/lang/Object; @ 203
Event: 10.594 Thread 0x0000000016423800 Uncommon trap: reason=class_check action=maybe_recompile pc=0x0000000002b99794 method=java.util.HashMap.putVal(ILjava/lang/Object;Ljava/lang/Object;ZZ)Ljava/lang/Object; @ 203
Event: 10.705 Thread 0x000000001642d000 Uncommon trap: reason=bimorphic action=maybe_recompile pc=0x00000000029c3720 method=java.util.HashMap.getNode(ILjava/lang/Object;)Ljava/util/HashMap$Node; @ 126
Event: 11.788 Thread 0x000000001642d000 Uncommon trap: reason=bimorphic action=maybe_recompile pc=0x0000000002d0ca58 method=com.android.dx.ssa.SCCP.setLatticeValueTo(IILcom/android/dx/rop/cst/Constant;)Z @ 43
Event: 11.788 Thread 0x000000001642d000 Uncommon trap: reason=bimorphic action=maybe_recompile pc=0x0000000002d0ca58 method=com.android.dx.ssa.SCCP.setLatticeValueTo(IILcom/android/dx/rop/cst/Constant;)Z @ 43
Event: 11.788 Thread 0x000000001642d000 Uncommon trap: reason=bimorphic action=maybe_recompile pc=0x0000000002d0ca58 method=com.android.dx.ssa.SCCP.setLatticeValueTo(IILcom/android/dx/rop/cst/Constant;)Z @ 43
Event: 11.788 Thread 0x000000001642d000 Uncommon trap: reason=bimorphic action=maybe_recompile pc=0x0000000002d0ca58 method=com.android.dx.ssa.SCCP.setLatticeValueTo(IILcom/android/dx/rop/cst/Constant;)Z @ 43

Internal exceptions (4 events):
Event: 0.042 Thread 0x0000000002620800 Exception <a 'java/lang/NoSuchMethodError': Method sun.misc.Unsafe.defineClass(Ljava/lang/String;[BII)Ljava/lang/Class; name or signature does not match> (0x00000000eab07cc0) thrown at [C:\re\workspace\8-2-build-windows-amd64-cygwin\jdk8u91\6644\hotspot\src•.ku¯¥?
Event: 0.042 Thread 0x0000000002620800 Exception <a 'java/lang/NoSuchMethodError': Method sun.misc.Unsafe.prefetchRead(Ljava/lang/Object;J)V name or signature does not match> (0x00000000eab07fa8) thrown at [C:\re\workspace\8-2-build-windows-amd64-cygwin\jdk8u91\6644\hotspot\src\share\vm\prims\jßÇ"3¹@
Event: 6.931 Thread 0x000000001642c000 Implicit null exception at 0x0000000002a743e7 to 0x0000000002a75bf1
Event: 7.744 Thread 0x000000001642c000 Implicit null exception at 0x0000000002bb28a2 to 0x0000000002bb2992

Events (10 events):
Event: 11.788 Thread 0x000000001642d000 Uncommon trap: trap_request=0xffffffc6 fr.pc=0x0000000002d0ca58
Event: 11.788 Thread 0x000000001642d000 DEOPT PACKING pc=0x0000000002d0ca58 sp=0x000000001716ec00
Event: 11.788 Thread 0x000000001642d000 DEOPT UNPACKING pc=0x000000000276582a sp=0x000000001716eb68 mode 2
Event: 11.788 Thread 0x000000001642d000 Uncommon trap: trap_request=0xffffffc6 fr.pc=0x0000000002d0ca58
Event: 11.788 Thread 0x000000001642d000 DEOPT PACKING pc=0x0000000002d0ca58 sp=0x000000001716ec00
Event: 11.788 Thread 0x000000001642d000 DEOPT UNPACKING pc=0x000000000276582a sp=0x000000001716eb68 mode 2
Event: 12.110 Thread 0x0000000016429000 DEOPT PACKING pc=0x0000000002a0777d sp=0x0000000016f6e900
Event: 12.110 Thread 0x0000000016429000 DEOPT UNPACKING pc=0x000000000276787f sp=0x0000000016f6e6a0 mode 0
Event: 12.192 Thread 0x000000001642c000 DEOPT PACKING pc=0x0000000002c48b3d sp=0x000000001706efa0
Event: 12.192 Thread 0x000000001642c000 DEOPT UNPACKING pc=0x000000000276787f sp=0x000000001706ecd8 mode 0


Dynamic libraries:
0x00007ff6d6940000 - 0x00007ff6d6977000 	D:\JAVA_enviroment\bin\java.exe
0x00007ffe578f0000 - 0x00007ffe57ac1000 	C:\WINDOWS\SYSTEM32\ntdll.dll
0x00007ffe55b40000 - 0x00007ffe55beb000 	C:\WINDOWS\System32\KERNEL32.DLL
0x00007ffe54150000 - 0x00007ffe5436d000 	C:\WINDOWS\System32\KERNELBASE.dll
0x00007ffe577a0000 - 0x00007ffe57842000 	C:\WINDOWS\System32\ADVAPI32.dll
0x00007ffe57850000 - 0x00007ffe578ee000 	C:\WINDOWS\System32\msvcrt.dll
0x00007ffe557a0000 - 0x00007ffe557f9000 	C:\WINDOWS\System32\sechost.dll
0x00007ffe55200000 - 0x00007ffe55321000 	C:\WINDOWS\System32\RPCRT4.dll
0x00007ffe560b0000 - 0x00007ffe56215000 	C:\WINDOWS\System32\USER32.dll
0x00007ffe54130000 - 0x00007ffe5414e000 	C:\WINDOWS\System32\win32u.dll
0x00007ffe54ef0000 - 0x00007ffe54f24000 	C:\WINDOWS\System32\GDI32.dll
0x00007ffe53f40000 - 0x00007ffe540c2000 	C:\WINDOWS\System32\gdi32full.dll
0x00007ffe4d170000 - 0x00007ffe4d3e9000 	C:\WINDOWS\WinSxS\amd64_microsoft.windows.common-controls_6595b64144ccf1df_6.0.14393.447_none_42191651c6827bb3\COMCTL32.dll
0x00007ffe55870000 - 0x00007ffe55b37000 	C:\WINDOWS\System32\combase.dll
0x00007ffe54d10000 - 0x00007ffe54e05000 	C:\WINDOWS\System32\ucrtbase.dll
0x00007ffe54e10000 - 0x00007ffe54e7a000 	C:\WINDOWS\System32\bcryptPrimitives.dll
0x00007ffe551d0000 - 0x00007ffe551fe000 	C:\WINDOWS\System32\IMM32.DLL
0x0000000057b30000 - 0x0000000057c02000 	D:\JAVA_enviroment\jre\bin\msvcr100.dll
0x0000000058160000 - 0x00000000589f3000 	D:\JAVA_enviroment\jre\bin\server\jvm.dll
0x00007ffe54e80000 - 0x00007ffe54e88000 	C:\WINDOWS\System32\PSAPI.DLL
0x00007ffe50c40000 - 0x00007ffe50c49000 	C:\WINDOWS\SYSTEM32\WSOCK32.dll
0x00007ffe55430000 - 0x00007ffe5549a000 	C:\WINDOWS\System32\WS2_32.dll
0x00007ffe51960000 - 0x00007ffe51983000 	C:\WINDOWS\SYSTEM32\WINMM.dll
0x00007ffe4fc50000 - 0x00007ffe4fc5a000 	C:\WINDOWS\SYSTEM32\VERSION.dll
0x00007ffe51930000 - 0x00007ffe5195b000 	C:\WINDOWS\SYSTEM32\WINMMBASE.dll
0x00007ffe54370000 - 0x00007ffe543b2000 	C:\WINDOWS\System32\cfgmgr32.dll
0x0000000058070000 - 0x000000005807f000 	D:\JAVA_enviroment\jre\bin\verify.dll
0x0000000058040000 - 0x0000000058069000 	D:\JAVA_enviroment\jre\bin\java.dll
0x0000000058020000 - 0x0000000058036000 	D:\JAVA_enviroment\jre\bin\zip.dll
0x00007ffe56220000 - 0x00007ffe57729000 	C:\WINDOWS\System32\SHELL32.dll
0x00007ffe543c0000 - 0x00007ffe54a9a000 	C:\WINDOWS\System32\windows.storage.dll
0x00007ffe53d70000 - 0x00007ffe53dbc000 	C:\WINDOWS\System32\powrprof.dll
0x00007ffe55800000 - 0x00007ffe55852000 	C:\WINDOWS\System32\shlwapi.dll
0x00007ffe53d50000 - 0x00007ffe53d5f000 	C:\WINDOWS\System32\kernel.appcore.dll
0x00007ffe53e90000 - 0x00007ffe53f39000 	C:\WINDOWS\System32\shcore.dll
0x00007ffe53dc0000 - 0x00007ffe53dd4000 	C:\WINDOWS\System32\profapi.dll

VM Arguments:
jvm_args: -Djava.awt.headless=true -Xmx1024M -Dfile.encoding=GBK -Duser.country=CN -Duser.language=zh -Duser.variant 
java_command: com.android.dx.command.Main --dex --force-jumbo --num-threads=4 --multi-dex --output D:\workspace1\FastSport\app\build\intermediates\transforms\dex\debug\folders\1000\2\xUtils-2.6.14_202db90940df9880b4ddca384f0b6fb9bb907b52 D:\workspace1\FastSport\app\libs\xUtils-2.6.14.jar
java_class_path (initial): D:\AndroidStdio_sdk\sdk\build-tools\24.0.0\lib\dx.jar
Launcher Type: SUN_STANDARD

Environment Variables:
JAVA_HOME=D:\JAVA_enviroment
PATH=C:\ProgramData\Oracle\Java\javapath;C:\WINDOWS\system32;C:\WINDOWS;C:\WINDOWS\System32\Wbem;C:\WINDOWS\System32\WindowsPowerShell\v1.0\;D:\JAVA_enviroment\bin;D:\JAVA_enviroment\jre\bin;D:\android_sdk\sdk\tools;C:\Program Files (x86)\NVIDIA Corporation\PhysX\Common;D:\AndroidStdio_sdk\sdk\tools;C:\Program Files (x86)\Microsoft SQL Server\100\Tools\Binn\;C:\Program Files\Microsoft SQL Server\100\Tools\Binn\;C:\Program Files\Microsoft SQL Server\100\DTS\Binn\;C:\Program Files (x86)\Microsoft SQL Server\100\Tools\Binn\VSShell\Common7\IDE\;C:\Program Files (x86)\Microsoft Visual Studio 9.0\Common7\IDE\PrivateAssemblies\;C:\Program Files (x86)\Microsoft SQL Server\100\DTS\Binn\;D:\android_sdk\sdk\platform-tools;D:\android_sdk\sdk\tools;C:\WINDOWS\system32;C:\WINDOWS;C:\WINDOWS\System32\Wbem;C:\WINDOWS\System32\WindowsPowerShell\v1.0\;C:\Users\Administrator\AppData\Local\Microsoft\WindowsApps;
USERNAME=Administrator
OS=Windows_NT
PROCESSOR_IDENTIFIER=Intel64 Family 6 Model 58 Stepping 9, GenuineIntel



---------------  S Y S T E M  ---------------

OS: Windows 10.0 , 64 bit Build 14393 (10.0.14393.0)

CPU:total 4 (2 cores per cpu, 2 threads per core) family 6 model 58 stepping 9, cmov, cx8, fxsr, mmx, sse, sse2, sse3, ssse3, sse4.1, sse4.2, popcnt, avx, aes, clmul, erms, ht, tsc, tscinvbit, tscinv

Memory: 4k page, physical 8271404k(965452k free), swap 8271404k(5528k free)

vm_info: Java HotSpot(TM) 64-Bit Server VM (25.91-b14) for windows-amd64 JRE (1.8.0_91-b14), built on Apr  1 2016 00:58:32 by "java_re" with MS VC++ 10.0 (VS2010)

time: Sat Nov 12 21:08:48 2016
elapsed time: 12 seconds (0d 0h 0m 12s)

