#
# There is insufficient memory for the Java Runtime Environment to continue.
# Native memory allocation (malloc) failed to allocate 1652576 bytes for Chunk::new
# Possible reasons:
#   The system is out of physical RAM or swap space
#   In 32 bit mode, the process size limit was hit
# Possible solutions:
#   Reduce memory load on the system
#   Increase physical memory or swap space
#   Check if swap backing store is full
#   Use 64 bit Java on a 64 bit OS
#   Decrease Java heap size (-Xmx/-Xms)
#   Decrease number of Java threads
#   Decrease Java thread stack sizes (-Xss)
#   Set larger code cache with -XX:ReservedCodeCacheSize=
# This output file may be truncated or incomplete.
#
#  Out of Memory Error (allocation.cpp:390), pid=448, tid=10752
#
# JRE version: Java(TM) SE Runtime Environment (8.0_91-b14) (build 1.8.0_91-b14)
# Java VM: Java HotSpot(TM) 64-Bit Server VM (25.91-b14 mixed mode windows-amd64 compressed oops)
# Failed to write core dump. Minidumps are not enabled by default on client versions of Windows
#

---------------  T H R E A D  ---------------

Current thread (0x0000000015b9b000):  JavaThread "C2 CompilerThread1" daemon [_thread_in_native, id=10752, stack(0x00000000175a0000,0x00000000176a0000)]

Stack: [0x00000000175a0000,0x00000000176a0000]
[error occurred during error reporting (printing stack bounds), id 0xc0000005]

Native frames: (J=compiled Java code, j=interpreted, Vv=VM code, C=native code)


Current CompileTask:
C2:   4018 1438   !   4       com.android.dx.cf.code.BytecodeArray::parseInstruction (2764 bytes)


---------------  P R O C E S S  ---------------

Java Threads: ( => current thread )
  0x0000000017145800 JavaThread "pool-2-thread-4" [_thread_in_Java, id=7344, stack(0x0000000017da0000,0x0000000017ea0000)]
  0x0000000017144800 JavaThread "pool-2-thread-3" [_thread_in_Java, id=13960, stack(0x0000000017ca0000,0x0000000017da0000)]
  0x000000001713d000 JavaThread "pool-2-thread-2" [_thread_in_Java, id=11952, stack(0x0000000017ba0000,0x0000000017ca0000)]
  0x0000000017120000 JavaThread "pool-3-thread-1" [_thread_blocked, id=2988, stack(0x0000000017aa0000,0x0000000017ba0000)]
  0x000000001711f000 JavaThread "pool-2-thread-1" [_thread_in_Java, id=5620, stack(0x00000000179a0000,0x0000000017aa0000)]
  0x0000000016f00800 JavaThread "Service Thread" daemon [_thread_blocked, id=12716, stack(0x00000000177a0000,0x00000000178a0000)]
  0x0000000016ef6000 JavaThread "C1 CompilerThread2" daemon [_thread_blocked, id=14308, stack(0x00000000176a0000,0x00000000177a0000)]
=>0x0000000015b9b000 JavaThread "C2 CompilerThread1" daemon [_thread_in_native, id=10752, stack(0x00000000175a0000,0x00000000176a0000)]
  0x0000000015b4c800 JavaThread "C2 CompilerThread0" daemon [_thread_in_native, id=8952, stack(0x00000000174a0000,0x00000000175a0000)]
  0x0000000015b4a000 JavaThread "Attach Listener" daemon [_thread_blocked, id=1752, stack(0x00000000173a0000,0x00000000174a0000)]
  0x0000000016ea8800 JavaThread "Signal Dispatcher" daemon [_thread_blocked, id=4124, stack(0x00000000172a0000,0x00000000173a0000)]
  0x0000000015b2a000 JavaThread "Finalizer" daemon [_thread_blocked, id=3716, stack(0x0000000016da0000,0x0000000016ea0000)]
  0x0000000015b09000 JavaThread "Reference Handler" daemon [_thread_blocked, id=10476, stack(0x0000000016ca0000,0x0000000016da0000)]
  0x0000000003370800 JavaThread "main" [_thread_in_Java, id=8100, stack(0x0000000002dc0000,0x0000000002ec0000)]

Other Threads:
  0x0000000015b07000 VMThread [stack: 0x0000000016ba0000,0x0000000016ca0000] [id=12364]
  0x0000000016f7e000 WatcherThread [stack: 0x00000000178a0000,0x00000000179a0000] [id=13080]

VM state:not at safepoint (normal execution)

VM Mutex/Monitor currently owned by a thread: None

Heap:
 PSYoungGen      total 38400K, used 23391K [0x00000000eab00000, 0x00000000ef600000, 0x0000000100000000)
  eden space 33280K, 54% used [0x00000000eab00000,0x00000000ebcdc750,0x00000000ecb80000)
  from space 5120K, 99% used [0x00000000ed080000,0x00000000ed57b860,0x00000000ed580000)
  to   space 5120K, 0% used [0x00000000ecb80000,0x00000000ecb80000,0x00000000ed080000)
 ParOldGen       total 87552K, used 6136K [0x00000000c0000000, 0x00000000c5580000, 0x00000000eab00000)
  object space 87552K, 7% used [0x00000000c0000000,0x00000000c05fe180,0x00000000c5580000)
 Metaspace       used 6176K, capacity 7128K, committed 7424K, reserved 1056768K
  class space    used 612K, capacity 656K, committed 768K, reserved 1048576K

Card table byte_map: [0x0000000012830000,0x0000000012a40000] byte_map_base: 0x0000000012230000

Marking Bits: (ParMarkBitMap*) 0x000000006fac2f70
 Begin Bits: [0x0000000012fa0000, 0x0000000013fa0000)
 End Bits:   [0x0000000013fa0000, 0x0000000014fa0000)

Polling page: 0x0000000000ff0000

CodeCache: size=245760Kb used=6114Kb max_used=6114Kb free=239645Kb
 bounds [0x0000000003470000, 0x0000000003a70000, 0x0000000012470000]
 total_blobs=1781 nmethods=1516 adapters=178
 compilation: enabled

Compilation events (10 events):
Event: 3.979 Thread 0x0000000016ef6000 1524       2       com.android.dx.rop.annotation.Annotation::<init> (54 bytes)
Event: 3.979 Thread 0x0000000016ef6000 nmethod 1524 0x0000000003a656d0 code [0x0000000003a65860, 0x0000000003a65bb8]
Event: 3.979 Thread 0x0000000016ef6000 1525       2       java.util.Collections::unmodifiableCollection (9 bytes)
Event: 3.980 Thread 0x0000000016ef6000 nmethod 1525 0x0000000003a65d10 code [0x0000000003a65e80, 0x0000000003a660c8]
Event: 3.980 Thread 0x0000000016ef6000 1526       2       com.android.dx.rop.code.Rops::opReturn (89 bytes)
Event: 3.980 Thread 0x0000000016ef6000 nmethod 1526 0x0000000003a661d0 code [0x0000000003a663a0, 0x0000000003a66898]
Event: 3.980 Thread 0x0000000016ef6000 1527  s    2       com.android.dx.dex.file.TypeIdsSection::intern (60 bytes)
Event: 3.981 Thread 0x0000000016ef6000 nmethod 1527 0x0000000003a66b90 code [0x0000000003a66d60, 0x0000000003a673c8]
Event: 3.982 Thread 0x0000000016ef6000 1528       2       com.android.dx.util.ByteArray::<init> (9 bytes)
Event: 3.983 Thread 0x0000000016ef6000 nmethod 1528 0x0000000003a67810 code [0x0000000003a67980, 0x0000000003a67b08]

GC Heap History (4 events):
Event: 2.838 GC heap before
{Heap before GC invocations=1 (full 0):
 PSYoungGen      total 38400K, used 33280K [0x00000000eab00000, 0x00000000ed580000, 0x0000000100000000)
  eden space 33280K, 100% used [0x00000000eab00000,0x00000000ecb80000,0x00000000ecb80000)
  from space 5120K, 0% used [0x00000000ed080000,0x00000000ed080000,0x00000000ed580000)
  to   space 5120K, 0% used [0x00000000ecb80000,0x00000000ecb80000,0x00000000ed080000)
 ParOldGen       total 87552K, used 0K [0x00000000c0000000, 0x00000000c5580000, 0x00000000eab00000)
  object space 87552K, 0% used [0x00000000c0000000,0x00000000c0000000,0x00000000c5580000)
 Metaspace       used 5897K, capacity 6896K, committed 7040K, reserved 1056768K
  class space    used 592K, capacity 616K, committed 640K, reserved 1048576K
Event: 2.853 GC heap after
Heap after GC invocations=1 (full 0):
 PSYoungGen      total 38400K, used 5114K [0x00000000eab00000, 0x00000000ed580000, 0x0000000100000000)
  eden space 33280K, 0% used [0x00000000eab00000,0x00000000eab00000,0x00000000ecb80000)
  from space 5120K, 99% used [0x00000000ecb80000,0x00000000ed07ea30,0x00000000ed080000)
  to   space 5120K, 0% used [0x00000000ed080000,0x00000000ed080000,0x00000000ed580000)
 ParOldGen       total 87552K, used 2357K [0x00000000c0000000, 0x00000000c5580000, 0x00000000eab00000)
  object space 87552K, 2% used [0x00000000c0000000,0x00000000c024d750,0x00000000c5580000)
 Metaspace       used 5897K, capacity 6896K, committed 7040K, reserved 1056768K
  class space    used 592K, capacity 616K, committed 640K, reserved 1048576K
}
Event: 3.803 GC heap before
{Heap before GC invocations=2 (full 0):
 PSYoungGen      total 38400K, used 38394K [0x00000000eab00000, 0x00000000ed580000, 0x0000000100000000)
  eden space 33280K, 100% used [0x00000000eab00000,0x00000000ecb80000,0x00000000ecb80000)
  from space 5120K, 99% used [0x00000000ecb80000,0x00000000ed07ea30,0x00000000ed080000)
  to   space 5120K, 0% used [0x00000000ed080000,0x00000000ed080000,0x00000000ed580000)
 ParOldGen       total 87552K, used 2357K [0x00000000c0000000, 0x00000000c5580000, 0x00000000eab00000)
  object space 87552K, 2% used [0x00000000c0000000,0x00000000c024d750,0x00000000c5580000)
 Metaspace       used 6124K, capacity 7064K, committed 7424K, reserved 1056768K
  class space    used 612K, capacity 656K, committed 768K, reserved 1048576K
Event: 3.867 GC heap after
Heap after GC invocations=2 (full 0):
 PSYoungGen      total 38400K, used 5102K [0x00000000eab00000, 0x00000000ef600000, 0x0000000100000000)
  eden space 33280K, 0% used [0x00000000eab00000,0x00000000eab00000,0x00000000ecb80000)
  from space 5120K, 99% used [0x00000000ed080000,0x00000000ed57b860,0x00000000ed580000)
  to   space 5120K, 0% used [0x00000000ecb80000,0x00000000ecb80000,0x00000000ed080000)
 ParOldGen       total 87552K, used 6136K [0x00000000c0000000, 0x00000000c5580000, 0x00000000eab00000)
  object space 87552K, 7% used [0x00000000c0000000,0x00000000c05fe180,0x00000000c5580000)
 Metaspace       used 6124K, capacity 7064K, committed 7424K, reserved 1056768K
  class space    used 612K, capacity 656K, committed 768K, reserved 1048576K
}

Deoptimization events (10 events):
Event: 2.952 Thread 0x000000001713d000 Uncommon trap: reason=bimorphic action=maybe_recompile pc=0x00000000038fc364 method=com.android.dx.cf.code.BytecodeArray.parseInstruction(ILcom/android/dx/cf/code/BytecodeArray$Visitor;)I @ 907
Event: 2.953 Thread 0x000000001713d000 Uncommon trap: reason=bimorphic action=maybe_recompile pc=0x00000000038faa60 method=com.android.dx.cf.code.BytecodeArray.parseInstruction(ILcom/android/dx/cf/code/BytecodeArray$Visitor;)I @ 1224
Event: 2.953 Thread 0x000000001713d000 Uncommon trap: reason=bimorphic action=maybe_recompile pc=0x00000000038fc2e4 method=com.android.dx.cf.code.BytecodeArray.parseInstruction(ILcom/android/dx/cf/code/BytecodeArray$Visitor;)I @ 923
Event: 2.953 Thread 0x000000001713d000 Uncommon trap: reason=bimorphic action=maybe_recompile pc=0x00000000038faa60 method=com.android.dx.cf.code.BytecodeArray.parseInstruction(ILcom/android/dx/cf/code/BytecodeArray$Visitor;)I @ 1224
Event: 2.970 Thread 0x0000000017144800 Uncommon trap: reason=unstable_if action=reinterpret pc=0x0000000003732d68 method=java.util.HashMap.putVal(ILjava/lang/Object;Ljava/lang/Object;ZZ)Ljava/lang/Object; @ 162
Event: 2.977 Thread 0x0000000017144800 Uncommon trap: reason=unstable_if action=reinterpret pc=0x00000000036e38cc method=java.util.HashMap.getNode(ILjava/lang/Object;)Ljava/util/HashMap$Node; @ 84
Event: 3.104 Thread 0x0000000017145800 Uncommon trap: reason=unstable_if action=reinterpret pc=0x000000000372ea10 method=com.android.dx.rop.code.RegisterSpec.equals(ILcom/android/dx/rop/type/TypeBearer;Lcom/android/dx/rop/code/LocalItem;)Z @ 42
Event: 3.451 Thread 0x0000000017145800 Uncommon trap: reason=unstable_if action=reinterpret pc=0x00000000036f765c method=com.android.dx.rop.code.LocalItem.hashCode()I @ 25
Event: 3.606 Thread 0x0000000003370800 Uncommon trap: reason=bimorphic action=maybe_recompile pc=0x00000000039e27d0 method=com.android.dx.cf.code.BytecodeArray.parseInstruction(ILcom/android/dx/cf/code/BytecodeArray$Visitor;)I @ 971
Event: 3.606 Thread 0x0000000003370800 Uncommon trap: reason=bimorphic action=maybe_recompile pc=0x00000000039e27d0 method=com.android.dx.cf.code.BytecodeArray.parseInstruction(ILcom/android/dx/cf/code/BytecodeArray$Visitor;)I @ 971

Internal exceptions (6 events):
Event: 0.723 Thread 0x0000000003370800 Exception <a 'java/lang/NoSuchMethodError': Method sun.misc.Unsafe.defineClass(Ljava/lang/String;[BII)Ljava/lang/Class; name or signature does not match> (0x00000000eab07cc0) thrown at [C:\re\workspace\8-2-build-windows-amd64-cygwin\jdk8u91\6644\hotspot\sr4#|P$"Á?
Event: 0.723 Thread 0x0000000003370800 Exception <a 'java/lang/NoSuchMethodError': Method sun.misc.Unsafe.prefetchRead(Ljava/lang/Object;J)V name or signature does not match> (0x00000000eab07fa8) thrown at [C:\re\workspace\8-2-build-windows-amd64-cygwin\jdk8u91\6644\hotspot\src\share\vm\prims\jJUág¿@
Event: 2.757 Thread 0x0000000017144800 Implicit null exception at 0x0000000003740724 to 0x00000000037427a9
Event: 2.975 Thread 0x0000000017144800 Exception <a 'java/lang/ArrayIndexOutOfBoundsException': 18> (0x00000000eb5dcdc0) thrown at [C:\re\workspace\8-2-build-windows-amd64-cygwin\jdk8u91\6644\hotspot\src\share\vm\interpreter\interpreterRuntime.cpp, line 366]
Event: 2.976 Thread 0x0000000017144800 Exception <a 'java/lang/ArrayIndexOutOfBoundsException': 145> (0x00000000eb5de940) thrown at [C:\re\workspace\8-2-build-windows-amd64-cygwin\jdk8u91\6644\hotspot\src\share\vm\interpreter\interpreterRuntime.cpp, line 366]
Event: 2.976 Thread 0x0000000017144800 Exception <a 'java/lang/ArrayIndexOutOfBoundsException': 40> (0x00000000eb5dfc28) thrown at [C:\re\workspace\8-2-build-windows-amd64-cygwin\jdk8u91\6644\hotspot\src\share\vm\interpreter\interpreterRuntime.cpp, line 366]

Events (10 events):
Event: 3.606 Thread 0x0000000003370800 DEOPT UNPACKING pc=0x00000000034b582a sp=0x0000000002ebe3b0 mode 2
Event: 3.606 Thread 0x0000000003370800 Uncommon trap: trap_request=0xffffffc6 fr.pc=0x00000000039e27d0
Event: 3.606 Thread 0x0000000003370800 DEOPT PACKING pc=0x00000000039e27d0 sp=0x0000000002ebe420
Event: 3.606 Thread 0x0000000003370800 DEOPT UNPACKING pc=0x00000000034b582a sp=0x0000000002ebe3b0 mode 2
Event: 3.803 Executing VM operation: ParallelGCFailedAllocation
Event: 3.868 Executing VM operation: ParallelGCFailedAllocation done
Event: 3.890 Thread 0x0000000017145800 DEOPT PACKING pc=0x000000000394c7ff sp=0x0000000017e9eb40
Event: 3.890 Thread 0x0000000017145800 DEOPT UNPACKING pc=0x00000000034b787f sp=0x0000000017e9e8b8 mode 0
Event: 3.897 Thread 0x0000000017145800 DEOPT PACKING pc=0x0000000003771144 sp=0x0000000017e9edc0
Event: 3.897 Thread 0x0000000017145800 DEOPT UNPACKING pc=0x00000000034b787f sp=0x0000000017e9ead8 mode 0


Dynamic libraries:
0x00007ff696390000 - 0x00007ff6963c7000 	D:\JAVA_enviroment\bin\java.exe
0x00007ff9cf200000 - 0x00007ff9cf3d1000 	C:\WINDOWS\SYSTEM32\ntdll.dll
0x00007ff9cca70000 - 0x00007ff9ccb1b000 	C:\WINDOWS\System32\KERNEL32.DLL
0x00007ff9cc570000 - 0x00007ff9cc78d000 	C:\WINDOWS\System32\KERNELBASE.dll
0x00007ff9cf150000 - 0x00007ff9cf1f2000 	C:\WINDOWS\System32\ADVAPI32.dll
0x00007ff9cd1f0000 - 0x00007ff9cd28e000 	C:\WINDOWS\System32\msvcrt.dll
0x00007ff9cc790000 - 0x00007ff9cc7e9000 	C:\WINDOWS\System32\sechost.dll
0x00007ff9ccde0000 - 0x00007ff9ccf01000 	C:\WINDOWS\System32\RPCRT4.dll
0x00007ff9cd290000 - 0x00007ff9cd3f5000 	C:\WINDOWS\System32\USER32.dll
0x00007ff9cc4a0000 - 0x00007ff9cc4be000 	C:\WINDOWS\System32\win32u.dll
0x00007ff9cc9d0000 - 0x00007ff9cca04000 	C:\WINDOWS\System32\GDI32.dll
0x00007ff9cc0c0000 - 0x00007ff9cc242000 	C:\WINDOWS\System32\gdi32full.dll
0x00007ff9c25c0000 - 0x00007ff9c2839000 	C:\WINDOWS\WinSxS\amd64_microsoft.windows.common-controls_6595b64144ccf1df_6.0.14393.0_none_2d0f50fcbdb171b8\COMCTL32.dll
0x00007ff9cee80000 - 0x00007ff9cf147000 	C:\WINDOWS\System32\combase.dll
0x00007ff9cc2f0000 - 0x00007ff9cc3e5000 	C:\WINDOWS\System32\ucrtbase.dll
0x00007ff9cb6f0000 - 0x00007ff9cb75a000 	C:\WINDOWS\System32\bcryptPrimitives.dll
0x00007ff9cc7f0000 - 0x00007ff9cc81e000 	C:\WINDOWS\System32\IMM32.DLL
0x000000006ed70000 - 0x000000006ee42000 	D:\JAVA_enviroment\jre\bin\msvcr100.dll
0x000000006f2b0000 - 0x000000006fb43000 	D:\JAVA_enviroment\jre\bin\server\jvm.dll
0x00007ff9cc840000 - 0x00007ff9cc848000 	C:\WINDOWS\System32\PSAPI.DLL
0x00007ff9c8d70000 - 0x00007ff9c8d79000 	C:\WINDOWS\SYSTEM32\WSOCK32.dll
0x00007ff9cee10000 - 0x00007ff9cee7a000 	C:\WINDOWS\System32\WS2_32.dll
0x00007ff9c99b0000 - 0x00007ff9c99d3000 	C:\WINDOWS\SYSTEM32\WINMM.dll
0x00007ff9c39f0000 - 0x00007ff9c39fa000 	C:\WINDOWS\SYSTEM32\VERSION.dll
0x00007ff9c9910000 - 0x00007ff9c993b000 	C:\WINDOWS\SYSTEM32\WINMMBASE.dll
0x00007ff9cc3f0000 - 0x00007ff9cc432000 	C:\WINDOWS\System32\cfgmgr32.dll
0x00000000702e0000 - 0x00000000702ef000 	D:\JAVA_enviroment\jre\bin\verify.dll
0x000000006f1a0000 - 0x000000006f1c9000 	D:\JAVA_enviroment\jre\bin\java.dll
0x000000006f180000 - 0x000000006f196000 	D:\JAVA_enviroment\jre\bin\zip.dll
0x00007ff9cd400000 - 0x00007ff9ce908000 	C:\WINDOWS\System32\SHELL32.dll
0x00007ff9cb9e0000 - 0x00007ff9cc0ba000 	C:\WINDOWS\System32\windows.storage.dll
0x00007ff9cb660000 - 0x00007ff9cb6ac000 	C:\WINDOWS\System32\powrprof.dll
0x00007ff9cc850000 - 0x00007ff9cc8a2000 	C:\WINDOWS\System32\shlwapi.dll
0x00007ff9cb6e0000 - 0x00007ff9cb6ef000 	C:\WINDOWS\System32\kernel.appcore.dll
0x00007ff9cc4c0000 - 0x00007ff9cc569000 	C:\WINDOWS\System32\shcore.dll
0x00007ff9cb6b0000 - 0x00007ff9cb6c4000 	C:\WINDOWS\System32\profapi.dll

VM Arguments:
jvm_args: -Djava.awt.headless=true -Xmx1024M -Dfile.encoding=GBK -Duser.country=CN -Duser.language=zh -Duser.variant 
java_command: com.android.dx.command.Main --dex --force-jumbo --num-threads=4 --multi-dex --output D:\workspace1\FastSport\app\build\intermediates\transforms\dex\debug\folders\1000\10\com.android.support-support-core-ui-24.2.1_c5979353356461d0acd1f60d3d90f7265a6809ab D:\workspace1\FastSport\app\build\intermediates\exploded-aar\com.android.support\support-core-ui\24.2.1\jars\classes.jar
java_class_path (initial): D:\AndroidStdio_sdk\sdk\build-tools\24.0.0\lib\dx.jar
Launcher Type: SUN_STANDARD

Environment Variables:
JAVA_HOME=D:\JAVA_enviroment
PATH=C:\ProgramData\Oracle\Java\javapath;C:\WINDOWS\system32;C:\WINDOWS;C:\WINDOWS\System32\Wbem;C:\WINDOWS\System32\WindowsPowerShell\v1.0\;D:\JAVA_enviroment\bin;D:\JAVA_enviroment\jre\bin;D:\android_sdk\sdk\tools;C:\Program Files (x86)\NVIDIA Corporation\PhysX\Common;D:\AndroidStdio_sdk\sdk\tools;C:\Program Files (x86)\Microsoft SQL Server\100\Tools\Binn\;C:\Program Files\Microsoft SQL Server\100\Tools\Binn\;C:\Program Files\Microsoft SQL Server\100\DTS\Binn\;C:\Program Files (x86)\Microsoft SQL Server\100\Tools\Binn\VSShell\Common7\IDE\;C:\Program Files (x86)\Microsoft Visual Studio 9.0\Common7\IDE\PrivateAssemblies\;C:\Program Files (x86)\Microsoft SQL Server\100\DTS\Binn\;D:\android_sdk\sdk\platform-tools;D:\android_sdk\sdk\tools;C:\WINDOWS\system32;C:\WINDOWS;C:\WINDOWS\System32\Wbem;C:\WINDOWS\System32\WindowsPowerShell\v1.0\;C:\Users\Administrator\AppData\Local\Microsoft\WindowsApps;
USERNAME=Administrator
OS=Windows_NT
PROCESSOR_IDENTIFIER=Intel64 Family 6 Model 58 Stepping 9, GenuineIntel



---------------  S Y S T E M  ---------------

OS: Windows 10.0 , 64 bit Build 14393 (10.0.14393.0)

CPU:total 4 (2 cores per cpu, 2 threads per core) family 6 model 58 stepping 9, cmov, cx8, fxsr, mmx, sse, sse2, sse3, ssse3, sse4.1, sse4.2, popcnt, avx, aes, clmul, erms, ht, tsc, tscinvbit, tscinv

Memory: 4k page, physical 8271404k(1212976k free), swap 8271404k(5168k free)

vm_info: Java HotSpot(TM) 64-Bit Server VM (25.91-b14) for windows-amd64 JRE (1.8.0_91-b14), built on Apr  1 2016 00:58:32 by "java_re" with MS VC++ 10.0 (VS2010)

time: Sun Oct 02 00:02:27 2016
elapsed time: 4 seconds (0d 0h 0m 4s)

