#
# There is insufficient memory for the Java Runtime Environment to continue.
# Native memory allocation (malloc) failed to allocate 1048576 bytes for AllocateHeap
# Possible reasons:
#   The system is out of physical RAM or swap space
#   In 32 bit mode, the process size limit was hit
# Possible solutions:
#   Reduce memory load on the system
#   Increase physical memory or swap space
#   Check if swap backing store is full
#   Use 64 bit Java on a 64 bit OS
#   Decrease Java heap size (-Xmx/-Xms)
#   Decrease number of Java threads
#   Decrease Java thread stack sizes (-Xss)
#   Set larger code cache with -XX:ReservedCodeCacheSize=
# This output file may be truncated or incomplete.
#
#  Out of Memory Error (memory/allocation.inline.hpp:61), pid=3928, tid=8968
#
# JRE version:  (8.0_91-b14) (build )
# Java VM: Java HotSpot(TM) 64-Bit Server VM (25.91-b14 mixed mode windows-amd64 compressed oops)
# Failed to write core dump. Minidumps are not enabled by default on client versions of Windows
#

---------------  T H R E A D  ---------------

Current thread (0x0000000003090800):  JavaThread "Unknown thread" [_thread_in_vm, id=8968, stack(0x0000000002f10000,0x0000000003010000)]

Stack: [0x0000000002f10000,0x0000000003010000]
[error occurred during error reporting (printing stack bounds), id 0xc0000005]

Native frames: (J=compiled Java code, j=interpreted, Vv=VM code, C=native code)


---------------  P R O C E S S  ---------------

Java Threads: ( => current thread )

Other Threads:

=>0x0000000003090800 (exited) JavaThread "Unknown thread" [_thread_in_vm, id=8968, stack(0x0000000002f10000,0x0000000003010000)]

VM state:not at safepoint (normal execution)

VM Mutex/Monitor currently owned by a thread: None

Heap:
 PSYoungGen      total 38400K, used 665K [0x00000000eab00000, 0x00000000ed580000, 0x0000000100000000)
  eden space 33280K, 2% used [0x00000000eab00000,0x00000000eaba6670,0x00000000ecb80000)
  from space 5120K, 0% used [0x00000000ed080000,0x00000000ed080000,0x00000000ed580000)
  to   space 5120K, 0% used [0x00000000ecb80000,0x00000000ecb80000,0x00000000ed080000)
 ParOldGen       total 87552K, used 0K [0x00000000c0000000, 0x00000000c5580000, 0x00000000eab00000)
  object space 87552K, 0% used [0x00000000c0000000,0x00000000c0000000,0x00000000c5580000)
 Metaspace       used 769K, capacity 4480K, committed 4480K, reserved 1056768K
  class space    used 75K, capacity 384K, committed 384K, reserved 1048576K

Card table byte_map: [0x0000000012550000,0x0000000012760000] byte_map_base: 0x0000000011f50000

Marking Bits: (ParMarkBitMap*) 0x0000000074a42f70
 Begin Bits: [0x0000000012cc0000, 0x0000000013cc0000)
 End Bits:   [0x0000000013cc0000, 0x0000000014cc0000)

Polling page: 0x00000000010a0000

CodeCache: size=245760Kb used=328Kb max_used=328Kb free=245431Kb
 bounds [0x0000000003190000, 0x0000000003400000, 0x0000000012190000]
 total_blobs=58 nmethods=0 adapters=38
 compilation: enabled

Compilation events (0 events):
No events

GC Heap History (0 events):
No events

Deoptimization events (0 events):
No events

Internal exceptions (0 events):
No events

Events (10 events):
Event: 0.058 loading class java/lang/Short
Event: 0.058 loading class java/lang/Short done
Event: 0.058 loading class java/lang/Integer
Event: 0.059 loading class java/lang/Integer done
Event: 0.059 loading class java/lang/Long
Event: 0.059 loading class java/lang/Long done
Event: 0.060 loading class java/lang/NullPointerException
Event: 0.060 loading class java/lang/NullPointerException done
Event: 0.060 loading class java/lang/ArithmeticException
Event: 0.061 loading class java/lang/ArithmeticException done


Dynamic libraries:
0x00007ff706560000 - 0x00007ff706597000 	D:\JAVA_enviroment\bin\java.exe
0x00007ffc6b750000 - 0x00007ffc6b921000 	C:\WINDOWS\SYSTEM32\ntdll.dll
0x00007ffc6b660000 - 0x00007ffc6b70b000 	C:\WINDOWS\System32\KERNEL32.DLL
0x00007ffc68700000 - 0x00007ffc6891d000 	C:\WINDOWS\System32\KERNELBASE.dll
0x00007ffc6af80000 - 0x00007ffc6b022000 	C:\WINDOWS\System32\ADVAPI32.dll
0x00007ffc6ae70000 - 0x00007ffc6af0e000 	C:\WINDOWS\System32\msvcrt.dll
0x00007ffc6a960000 - 0x00007ffc6a9b9000 	C:\WINDOWS\System32\sechost.dll
0x00007ffc69000000 - 0x00007ffc69121000 	C:\WINDOWS\System32\RPCRT4.dll
0x00007ffc6a9c0000 - 0x00007ffc6ab25000 	C:\WINDOWS\System32\USER32.dll
0x00007ffc68af0000 - 0x00007ffc68b0e000 	C:\WINDOWS\System32\win32u.dll
0x00007ffc6b710000 - 0x00007ffc6b744000 	C:\WINDOWS\System32\GDI32.dll
0x00007ffc67da0000 - 0x00007ffc67f22000 	C:\WINDOWS\System32\gdi32full.dll
0x00007ffc61760000 - 0x00007ffc619d9000 	C:\WINDOWS\WinSxS\amd64_microsoft.windows.common-controls_6595b64144ccf1df_6.0.14393.447_none_42191651c6827bb3\COMCTL32.dll
0x00007ffc6aba0000 - 0x00007ffc6ae67000 	C:\WINDOWS\System32\combase.dll
0x00007ffc67c40000 - 0x00007ffc67d35000 	C:\WINDOWS\System32\ucrtbase.dll
0x00007ffc68920000 - 0x00007ffc6898a000 	C:\WINDOWS\System32\bcryptPrimitives.dll
0x00007ffc693b0000 - 0x00007ffc693de000 	C:\WINDOWS\System32\IMM32.DLL
0x0000000073e70000 - 0x0000000073f42000 	D:\JAVA_enviroment\jre\bin\msvcr100.dll
0x0000000074230000 - 0x0000000074ac3000 	D:\JAVA_enviroment\jre\bin\server\jvm.dll
0x00007ffc69230000 - 0x00007ffc69238000 	C:\WINDOWS\System32\PSAPI.DLL
0x00007ffc64bc0000 - 0x00007ffc64bc9000 	C:\WINDOWS\SYSTEM32\WSOCK32.dll
0x00007ffc6a8f0000 - 0x00007ffc6a95a000 	C:\WINDOWS\System32\WS2_32.dll
0x00007ffc65ad0000 - 0x00007ffc65af3000 	C:\WINDOWS\SYSTEM32\WINMM.dll
0x00007ffc62170000 - 0x00007ffc6217a000 	C:\WINDOWS\SYSTEM32\VERSION.dll
0x00007ffc65aa0000 - 0x00007ffc65acb000 	C:\WINDOWS\SYSTEM32\WINMMBASE.dll
0x00007ffc67f30000 - 0x00007ffc67f72000 	C:\WINDOWS\System32\cfgmgr32.dll
0x0000000074bb0000 - 0x0000000074bbf000 	D:\JAVA_enviroment\jre\bin\verify.dll
0x0000000074b80000 - 0x0000000074ba9000 	D:\JAVA_enviroment\jre\bin\java.dll
0x0000000074b60000 - 0x0000000074b76000 	D:\JAVA_enviroment\jre\bin\zip.dll

VM Arguments:
jvm_args: -Djava.awt.headless=true -Xmx1024M -Dfile.encoding=GBK -Duser.country=CN -Duser.language=zh -Duser.variant 
java_command: com.android.dx.command.Main --dex --num-threads=4 --output D:\workspace1\FastSport\app\build\intermediates\pre-dexed\debug\debug_af0025e3dfa379e9ac66e3b4c38521005023cedf.jar D:\workspace1\FastSport\app\build\intermediates\classes\debug
java_class_path (initial): D:\AndroidStdio_sdk\sdk\build-tools\24.0.0\lib\dx.jar
Launcher Type: SUN_STANDARD

Environment Variables:
JAVA_HOME=D:\JAVA_enviroment
PATH=C:\ProgramData\Oracle\Java\javapath;C:\WINDOWS\system32;C:\WINDOWS;C:\WINDOWS\System32\Wbem;C:\WINDOWS\System32\WindowsPowerShell\v1.0\;D:\JAVA_enviroment\bin;D:\JAVA_enviroment\jre\bin;D:\android_sdk\sdk\tools;C:\Program Files (x86)\NVIDIA Corporation\PhysX\Common;D:\AndroidStdio_sdk\sdk\tools;C:\Program Files (x86)\Microsoft SQL Server\100\Tools\Binn\;C:\Program Files\Microsoft SQL Server\100\Tools\Binn\;C:\Program Files\Microsoft SQL Server\100\DTS\Binn\;C:\Program Files (x86)\Microsoft SQL Server\100\Tools\Binn\VSShell\Common7\IDE\;C:\Program Files (x86)\Microsoft Visual Studio 9.0\Common7\IDE\PrivateAssemblies\;C:\Program Files (x86)\Microsoft SQL Server\100\DTS\Binn\;D:\android_sdk\sdk\platform-tools;D:\android_sdk\sdk\tools;C:\WINDOWS\system32;C:\WINDOWS;C:\WINDOWS\System32\Wbem;C:\WINDOWS\System32\WindowsPowerShell\v1.0\;C:\Users\Administrator\AppData\Local\Microsoft\WindowsApps;
USERNAME=Administrator
OS=Windows_NT
PROCESSOR_IDENTIFIER=Intel64 Family 6 Model 58 Stepping 9, GenuineIntel



---------------  S Y S T E M  ---------------

OS: Windows 10.0 , 64 bit Build 14393 (10.0.14393.0)

CPU:total 4 (2 cores per cpu, 2 threads per core) family 6 model 58 stepping 9, cmov, cx8, fxsr, mmx, sse, sse2, sse3, ssse3, sse4.1, sse4.2, popcnt, avx, aes, clmul, erms, ht, tsc, tscinvbit, tscinv

Memory: 4k page, physical 8271404k(1313644k free), swap 8271404k(5192k free)

vm_info: Java HotSpot(TM) 64-Bit Server VM (25.91-b14) for windows-amd64 JRE (1.8.0_91-b14), built on Apr  1 2016 00:58:32 by "java_re" with MS VC++ 10.0 (VS2010)

time: Mon Nov 21 14:53:23 2016
elapsed time: 0 seconds (0d 0h 0m 0s)

