#
# There is insufficient memory for the Java Runtime Environment to continue.
# Native memory allocation (malloc) failed to allocate 452256 bytes for Chunk::new
# Possible reasons:
#   The system is out of physical RAM or swap space
#   In 32 bit mode, the process size limit was hit
# Possible solutions:
#   Reduce memory load on the system
#   Increase physical memory or swap space
#   Check if swap backing store is full
#   Use 64 bit Java on a 64 bit OS
#   Decrease Java heap size (-Xmx/-Xms)
#   Decrease number of Java threads
#   Decrease Java thread stack sizes (-Xss)
#   Set larger code cache with -XX:ReservedCodeCacheSize=
# This output file may be truncated or incomplete.
#
#  Out of Memory Error (allocation.cpp:390), pid=12036, tid=3488
#
# JRE version: Java(TM) SE Runtime Environment (8.0_91-b14) (build 1.8.0_91-b14)
# Java VM: Java HotSpot(TM) 64-Bit Server VM (25.91-b14 mixed mode windows-amd64 compressed oops)
# Failed to write core dump. Minidumps are not enabled by default on client versions of Windows
#

---------------  T H R E A D  ---------------

Current thread (0x0000000015c5c000):  JavaThread "C2 CompilerThread1" daemon [_thread_in_native, id=3488, stack(0x00000000176c0000,0x00000000177c0000)]

Stack: [0x00000000176c0000,0x00000000177c0000]
[error occurred during error reporting (printing stack bounds), id 0xc0000005]

Native frames: (J=compiled Java code, j=interpreted, Vv=VM code, C=native code)


Current CompileTask:
C2:  14827 1838 %     4       com.android.dx.ssa.DeadCodeRemover::run @ 109 (194 bytes)


---------------  P R O C E S S  ---------------

Java Threads: ( => current thread )
  0x000000001735b000 JavaThread "pool-2-thread-4" [_thread_in_Java, id=9868, stack(0x00000000186c0000,0x00000000187c0000)]
  0x000000001726e000 JavaThread "pool-2-thread-3" [_thread_in_vm, id=10356, stack(0x00000000185c0000,0x00000000186c0000)]
  0x0000000017cc0800 JavaThread "pool-2-thread-2" [_thread_in_Java, id=212, stack(0x00000000184c0000,0x00000000185c0000)]
  0x00000000170ff000 JavaThread "pool-3-thread-1" [_thread_blocked, id=84, stack(0x0000000017bc0000,0x0000000017cc0000)]
  0x00000000170fe800 JavaThread "pool-2-thread-1" [_thread_in_Java, id=7336, stack(0x0000000017ac0000,0x0000000017bc0000)]
  0x0000000017020800 JavaThread "Service Thread" daemon [_thread_blocked, id=12784, stack(0x00000000178c0000,0x00000000179c0000)]
  0x0000000017017000 JavaThread "C1 CompilerThread2" daemon [_thread_blocked, id=7760, stack(0x00000000177c0000,0x00000000178c0000)]
=>0x0000000015c5c000 JavaThread "C2 CompilerThread1" daemon [_thread_in_native, id=3488, stack(0x00000000176c0000,0x00000000177c0000)]
  0x0000000015c59800 JavaThread "C2 CompilerThread0" daemon [_thread_in_native, id=11136, stack(0x00000000175c0000,0x00000000176c0000)]
  0x0000000015c0d000 JavaThread "Attach Listener" daemon [_thread_blocked, id=5608, stack(0x00000000174c0000,0x00000000175c0000)]
  0x0000000015c0c000 JavaThread "Signal Dispatcher" daemon [_thread_blocked, id=12688, stack(0x00000000173c0000,0x00000000174c0000)]
  0x0000000015bea000 JavaThread "Finalizer" daemon [_thread_blocked, id=3156, stack(0x0000000016e60000,0x0000000016f60000)]
  0x0000000015bc9000 JavaThread "Reference Handler" daemon [_thread_blocked, id=9084, stack(0x0000000016d60000,0x0000000016e60000)]
  0x0000000003430800 JavaThread "main" [_thread_in_Java, id=12880, stack(0x00000000032e0000,0x00000000033e0000)]

Other Threads:
  0x0000000015bc7000 VMThread [stack: 0x0000000016c60000,0x0000000016d60000] [id=11864]
  0x0000000017084000 WatcherThread [stack: 0x00000000179c0000,0x0000000017ac0000] [id=6256]

VM state:not at safepoint (normal execution)

VM Mutex/Monitor currently owned by a thread: None

Heap:
 PSYoungGen      total 138240K, used 102714K [0x00000000eab00000, 0x00000000fb780000, 0x0000000100000000)
  eden space 133120K, 77% used [0x00000000eab00000,0x00000000f0f4e840,0x00000000f2d00000)
  from space 5120K, 0% used [0x00000000f2d00000,0x00000000f2d00000,0x00000000f3200000)
  to   space 51712K, 0% used [0x00000000f8500000,0x00000000f8500000,0x00000000fb780000)
 ParOldGen       total 133120K, used 64351K [0x00000000c0000000, 0x00000000c8200000, 0x00000000eab00000)
  object space 133120K, 48% used [0x00000000c0000000,0x00000000c3ed7dd0,0x00000000c8200000)
 Metaspace       used 5993K, capacity 7024K, committed 7296K, reserved 1056768K
  class space    used 591K, capacity 616K, committed 640K, reserved 1048576K

Card table byte_map: [0x00000000128f0000,0x0000000012b00000] byte_map_base: 0x00000000122f0000

Marking Bits: (ParMarkBitMap*) 0x00000000567b2f70
 Begin Bits: [0x0000000013060000, 0x0000000014060000)
 End Bits:   [0x0000000014060000, 0x0000000015060000)

Polling page: 0x00000000017b0000

CodeCache: size=245760Kb used=9067Kb max_used=9090Kb free=236692Kb
 bounds [0x0000000003530000, 0x0000000003e20000, 0x0000000012530000]
 total_blobs=2025 nmethods=1761 adapters=177
 compilation: enabled

Compilation events (10 events):
Event: 14.712 Thread 0x0000000017017000 1850 %     3       com.android.dx.ssa.back.InterferenceGraph::<init> @ 18 (42 bytes)
Event: 14.714 Thread 0x0000000017017000 nmethod 1850% 0x0000000003de5a50 code [0x0000000003de5c80, 0x0000000003de6a38]
Event: 14.718 Thread 0x0000000017017000 1851 %     3       com.android.dx.ssa.back.LivenessAnalyzer::constructInterferenceGraph @ 16 (47 bytes)
Event: 14.719 Thread 0x0000000017017000 nmethod 1851% 0x0000000003dd6f10 code [0x0000000003dd70c0, 0x0000000003dd7598]
Event: 14.719 Thread 0x0000000017017000 1852       3       com.android.dx.ssa.back.LivenessAnalyzer::constructInterferenceGraph (47 bytes)
Event: 14.720 Thread 0x0000000017017000 nmethod 1852 0x0000000003deced0 code [0x0000000003ded080, 0x0000000003ded4b8]
Event: 14.740 Thread 0x0000000015c5c000 nmethod 1842 0x0000000003e0d0d0 code [0x0000000003e0d740, 0x0000000003e12eb0]
Event: 14.740 Thread 0x0000000015c5c000 1843       4       com.android.dx.cf.code.Ropper::addExceptionSetupBlocks (203 bytes)
Event: 14.744 Thread 0x0000000015c5c000 nmethod 1843 0x0000000003db2810 code [0x0000000003db2940, 0x0000000003db2ad8]
Event: 14.744 Thread 0x0000000015c5c000 1838 %     4       com.android.dx.ssa.DeadCodeRemover::run @ 109 (194 bytes)

GC Heap History (10 events):
Event: 8.010 GC heap before
{Heap before GC invocations=3 (full 0):
 PSYoungGen      total 71680K, used 71662K [0x00000000eab00000, 0x00000000ef600000, 0x0000000100000000)
  eden space 66560K, 100% used [0x00000000eab00000,0x00000000eec00000,0x00000000eec00000)
  from space 5120K, 99% used [0x00000000ef100000,0x00000000ef5fba60,0x00000000ef600000)
  to   space 5120K, 0% used [0x00000000eec00000,0x00000000eec00000,0x00000000ef100000)
 ParOldGen       total 87552K, used 27115K [0x00000000c0000000, 0x00000000c5580000, 0x00000000eab00000)
  object space 87552K, 30% used [0x00000000c0000000,0x00000000c1a7aeb8,0x00000000c5580000)
 Metaspace       used 5833K, capacity 6896K, committed 7040K, reserved 1056768K
  class space    used 591K, capacity 616K, committed 640K, reserved 1048576K
Event: 8.157 GC heap after
Heap after GC invocations=3 (full 0):
 PSYoungGen      total 71680K, used 5116K [0x00000000eab00000, 0x00000000f3700000, 0x0000000100000000)
  eden space 66560K, 0% used [0x00000000eab00000,0x00000000eab00000,0x00000000eec00000)
  from space 5120K, 99% used [0x00000000eec00000,0x00000000ef0ff378,0x00000000ef100000)
  to   space 5120K, 0% used [0x00000000f3200000,0x00000000f3200000,0x00000000f3700000)
 ParOldGen       total 87552K, used 54908K [0x00000000c0000000, 0x00000000c5580000, 0x00000000eab00000)
  object space 87552K, 62% used [0x00000000c0000000,0x00000000c359f258,0x00000000c5580000)
 Metaspace       used 5833K, capacity 6896K, committed 7040K, reserved 1056768K
  class space    used 591K, capacity 616K, committed 640K, reserved 1048576K
}
Event: 8.157 GC heap before
{Heap before GC invocations=4 (full 1):
 PSYoungGen      total 71680K, used 5116K [0x00000000eab00000, 0x00000000f3700000, 0x0000000100000000)
  eden space 66560K, 0% used [0x00000000eab00000,0x00000000eab00000,0x00000000eec00000)
  from space 5120K, 99% used [0x00000000eec00000,0x00000000ef0ff378,0x00000000ef100000)
  to   space 5120K, 0% used [0x00000000f3200000,0x00000000f3200000,0x00000000f3700000)
 ParOldGen       total 87552K, used 54908K [0x00000000c0000000, 0x00000000c5580000, 0x00000000eab00000)
  object space 87552K, 62% used [0x00000000c0000000,0x00000000c359f258,0x00000000c5580000)
 Metaspace       used 5833K, capacity 6896K, committed 7040K, reserved 1056768K
  class space    used 591K, capacity 616K, committed 640K, reserved 1048576K
Event: 8.938 GC heap after
Heap after GC invocations=4 (full 1):
 PSYoungGen      total 71680K, used 0K [0x00000000eab00000, 0x00000000f3700000, 0x0000000100000000)
  eden space 66560K, 0% used [0x00000000eab00000,0x00000000eab00000,0x00000000eec00000)
  from space 5120K, 0% used [0x00000000eec00000,0x00000000eec00000,0x00000000ef100000)
  to   space 5120K, 0% used [0x00000000f3200000,0x00000000f3200000,0x00000000f3700000)
 ParOldGen       total 133120K, used 54003K [0x00000000c0000000, 0x00000000c8200000, 0x00000000eab00000)
  object space 133120K, 40% used [0x00000000c0000000,0x00000000c34bcfa0,0x00000000c8200000)
 Metaspace       used 5833K, capacity 6896K, committed 7040K, reserved 1056768K
  class space    used 591K, capacity 616K, committed 640K, reserved 1048576K
}
Event: 11.137 GC heap before
{Heap before GC invocations=5 (full 1):
 PSYoungGen      total 71680K, used 66560K [0x00000000eab00000, 0x00000000f3700000, 0x0000000100000000)
  eden space 66560K, 100% used [0x00000000eab00000,0x00000000eec00000,0x00000000eec00000)
  from space 5120K, 0% used [0x00000000eec00000,0x00000000eec00000,0x00000000ef100000)
  to   space 5120K, 0% used [0x00000000f3200000,0x00000000f3200000,0x00000000f3700000)
 ParOldGen       total 133120K, used 54003K [0x00000000c0000000, 0x00000000c8200000, 0x00000000eab00000)
  object space 133120K, 40% used [0x00000000c0000000,0x00000000c34bcfa0,0x00000000c8200000)
 Metaspace       used 5937K, capacity 6960K, committed 7040K, reserved 1056768K
  class space    used 591K, capacity 616K, committed 640K, reserved 1048576K
Event: 11.334 GC heap after
Heap after GC invocations=5 (full 1):
 PSYoungGen      total 112640K, used 5111K [0x00000000eab00000, 0x00000000f3700000, 0x0000000100000000)
  eden space 107520K, 0% used [0x00000000eab00000,0x00000000eab00000,0x00000000f1400000)
  from space 5120K, 99% used [0x00000000f3200000,0x00000000f36fde78,0x00000000f3700000)
  to   space 5120K, 0% used [0x00000000f2d00000,0x00000000f2d00000,0x00000000f3200000)
 ParOldGen       total 133120K, used 68964K [0x00000000c0000000, 0x00000000c8200000, 0x00000000eab00000)
  object space 133120K, 51% used [0x00000000c0000000,0x00000000c4359088,0x00000000c8200000)
 Metaspace       used 5937K, capacity 6960K, committed 7040K, reserved 1056768K
  class space    used 591K, capacity 616K, committed 640K, reserved 1048576K
}
Event: 13.206 GC heap before
{Heap before GC invocations=6 (full 1):
 PSYoungGen      total 112640K, used 112631K [0x00000000eab00000, 0x00000000f3700000, 0x0000000100000000)
  eden space 107520K, 100% used [0x00000000eab00000,0x00000000f1400000,0x00000000f1400000)
  from space 5120K, 99% used [0x00000000f3200000,0x00000000f36fde78,0x00000000f3700000)
  to   space 5120K, 0% used [0x00000000f2d00000,0x00000000f2d00000,0x00000000f3200000)
 ParOldGen       total 133120K, used 68964K [0x00000000c0000000, 0x00000000c8200000, 0x00000000eab00000)
  object space 133120K, 51% used [0x00000000c0000000,0x00000000c4359088,0x00000000c8200000)
 Metaspace       used 5965K, capacity 7024K, committed 7296K, reserved 1056768K
  class space    used 591K, capacity 616K, committed 640K, reserved 1048576K
Event: 13.399 GC heap after
Heap after GC invocations=6 (full 1):
 PSYoungGen      total 138240K, used 5099K [0x00000000eab00000, 0x00000000fb780000, 0x0000000100000000)
  eden space 133120K, 0% used [0x00000000eab00000,0x00000000eab00000,0x00000000f2d00000)
  from space 5120K, 99% used [0x00000000f2d00000,0x00000000f31fae90,0x00000000f3200000)
  to   space 51712K, 0% used [0x00000000f8500000,0x00000000f8500000,0x00000000fb780000)
 ParOldGen       total 133120K, used 112753K [0x00000000c0000000, 0x00000000c8200000, 0x00000000eab00000)
  object space 133120K, 84% used [0x00000000c0000000,0x00000000c6e1c4f0,0x00000000c8200000)
 Metaspace       used 5965K, capacity 7024K, committed 7296K, reserved 1056768K
  class space    used 591K, capacity 616K, committed 640K, reserved 1048576K
}
Event: 13.399 GC heap before
{Heap before GC invocations=7 (full 2):
 PSYoungGen      total 138240K, used 5099K [0x00000000eab00000, 0x00000000fb780000, 0x0000000100000000)
  eden space 133120K, 0% used [0x00000000eab00000,0x00000000eab00000,0x00000000f2d00000)
  from space 5120K, 99% used [0x00000000f2d00000,0x00000000f31fae90,0x00000000f3200000)
  to   space 51712K, 0% used [0x00000000f8500000,0x00000000f8500000,0x00000000fb780000)
 ParOldGen       total 133120K, used 112753K [0x00000000c0000000, 0x00000000c8200000, 0x00000000eab00000)
  object space 133120K, 84% used [0x00000000c0000000,0x00000000c6e1c4f0,0x00000000c8200000)
 Metaspace       used 5965K, capacity 7024K, committed 7296K, reserved 1056768K
  class space    used 591K, capacity 616K, committed 640K, reserved 1048576K
Event: 14.007 GC heap after
Heap after GC invocations=7 (full 2):
 PSYoungGen      total 138240K, used 0K [0x00000000eab00000, 0x00000000fb780000, 0x0000000100000000)
  eden space 133120K, 0% used [0x00000000eab00000,0x00000000eab00000,0x00000000f2d00000)
  from space 5120K, 0% used [0x00000000f2d00000,0x00000000f2d00000,0x00000000f3200000)
  to   space 51712K, 0% used [0x00000000f8500000,0x00000000f8500000,0x00000000fb780000)
 ParOldGen       total 133120K, used 64351K [0x00000000c0000000, 0x00000000c8200000, 0x00000000eab00000)
  object space 133120K, 48% used [0x00000000c0000000,0x00000000c3ed7dd0,0x00000000c8200000)
 Metaspace       used 5965K, capacity 7024K, committed 7296K, reserved 1056768K
  class space    used 591K, capacity 616K, committed 640K, reserved 1048576K
}

Deoptimization events (10 events):
Event: 11.413 Thread 0x000000001726e000 Uncommon trap: reason=unstable_if action=reinterpret pc=0x0000000003ba6288 method=java.util.BitSet.nextClearBit(I)I @ 45
Event: 11.413 Thread 0x000000001726e000 Uncommon trap: reason=unstable_if action=reinterpret pc=0x0000000003bbef0c method=java.util.BitSet.ensureCapacity(I)V @ 6
Event: 11.413 Thread 0x000000001726e000 Uncommon trap: reason=unstable_if action=reinterpret pc=0x0000000003af65ec method=com.android.dx.rop.code.RegisterSpec.withReg(I)Lcom/android/dx/rop/code/RegisterSpec; @ 5
Event: 11.413 Thread 0x000000001726e000 Uncommon trap: reason=unstable_if action=reinterpret pc=0x00000000039bb7fc method=com.android.dx.rop.code.RegisterSpec.withReg(I)Lcom/android/dx/rop/code/RegisterSpec; @ 5
Event: 11.446 Thread 0x0000000003430800 Uncommon trap: reason=bimorphic action=maybe_recompile pc=0x0000000003ad0c14 method=com.android.dx.ssa.SCCP.setLatticeValueTo(IILcom/android/dx/rop/cst/Constant;)Z @ 43
Event: 11.446 Thread 0x0000000003430800 Uncommon trap: reason=bimorphic action=maybe_recompile pc=0x0000000003ad0c14 method=com.android.dx.ssa.SCCP.setLatticeValueTo(IILcom/android/dx/rop/cst/Constant;)Z @ 43
Event: 11.446 Thread 0x0000000003430800 Uncommon trap: reason=bimorphic action=maybe_recompile pc=0x0000000003ad0c14 method=com.android.dx.ssa.SCCP.setLatticeValueTo(IILcom/android/dx/rop/cst/Constant;)Z @ 43
Event: 11.446 Thread 0x0000000003430800 Uncommon trap: reason=bimorphic action=maybe_recompile pc=0x0000000003ad0c14 method=com.android.dx.ssa.SCCP.setLatticeValueTo(IILcom/android/dx/rop/cst/Constant;)Z @ 43
Event: 14.199 Thread 0x000000001726e000 Uncommon trap: reason=unstable_if action=reinterpret pc=0x0000000003ced428 method=com.android.dx.cf.code.RopperMachine.run(Lcom/android/dx/cf/code/Frame;II)V @ 1019
Event: 14.200 Thread 0x000000001726e000 Uncommon trap: reason=unstable_if action=reinterpret pc=0x0000000003b0a2a4 method=com.android.dx.ssa.SCCP.simulateStmt(Lcom/android/dx/ssa/SsaInsn;)V @ 53

Internal exceptions (3 events):
Event: 0.061 Thread 0x0000000003430800 Exception <a 'java/lang/NoSuchMethodError': Method sun.misc.Unsafe.defineClass(Ljava/lang/String;[BII)Ljava/lang/Class; name or signature does not match> (0x00000000eab07cc0) thrown at [C:\re\workspace\8-2-build-windows-amd64-cygwin\jdk8u91\6644\hotspot\srªŸ›˜9¯?
Event: 0.061 Thread 0x0000000003430800 Exception <a 'java/lang/NoSuchMethodError': Method sun.misc.Unsafe.prefetchRead(Ljava/lang/Object;J)V name or signature does not match> (0x00000000eab07fa8) thrown at [C:\re\workspace\8-2-build-windows-amd64-cygwin\jdk8u91\6644\hotspot\src\share\vm\prims\jTë›]t	@
Event: 3.182 Thread 0x0000000017cc0800 Implicit null exception at 0x000000000388cc1c to 0x000000000388e265

Events (10 events):
Event: 14.573 Thread 0x0000000003430800 DEOPT PACKING pc=0x0000000003c326d7 sp=0x00000000033ddf90
Event: 14.573 Thread 0x0000000003430800 DEOPT UNPACKING pc=0x000000000357787f sp=0x00000000033ddd78 mode 0
Event: 14.686 Thread 0x00000000170fe800 DEOPT PACKING pc=0x0000000003962cb1 sp=0x0000000017bbe920
Event: 14.686 Thread 0x00000000170fe800 DEOPT UNPACKING pc=0x000000000357787f sp=0x0000000017bbe698 mode 0
Event: 14.696 Thread 0x000000001726e000 DEOPT PACKING pc=0x0000000003c326d7 sp=0x00000000186be8c0
Event: 14.696 Thread 0x000000001726e000 DEOPT UNPACKING pc=0x000000000357787f sp=0x00000000186be6a8 mode 0
Event: 14.711 Thread 0x000000001735b000 DEOPT PACKING pc=0x0000000003c3bed7 sp=0x00000000187be8f0
Event: 14.711 Thread 0x000000001735b000 DEOPT UNPACKING pc=0x000000000357787f sp=0x00000000187be620 mode 0
Event: 14.720 Thread 0x000000001735b000 DEOPT PACKING pc=0x0000000003c248bd sp=0x00000000187be8e0
Event: 14.720 Thread 0x000000001735b000 DEOPT UNPACKING pc=0x000000000357787f sp=0x00000000187be638 mode 0


Dynamic libraries:
0x00007ff7dd620000 - 0x00007ff7dd657000 	D:\JAVA_enviroment\bin\java.exe
0x00007ffa2fc30000 - 0x00007ffa2fe01000 	C:\WINDOWS\SYSTEM32\ntdll.dll
0x00007ffa2f480000 - 0x00007ffa2f52b000 	C:\WINDOWS\System32\KERNEL32.DLL
0x00007ffa2cfa0000 - 0x00007ffa2d1bd000 	C:\WINDOWS\System32\KERNELBASE.dll
0x00007ffa2f8b0000 - 0x00007ffa2f952000 	C:\WINDOWS\System32\ADVAPI32.dll
0x00007ffa2f810000 - 0x00007ffa2f8ae000 	C:\WINDOWS\System32\msvcrt.dll
0x00007ffa2d430000 - 0x00007ffa2d489000 	C:\WINDOWS\System32\sechost.dll
0x00007ffa2f6a0000 - 0x00007ffa2f7c1000 	C:\WINDOWS\System32\RPCRT4.dll
0x00007ffa2d2c0000 - 0x00007ffa2d425000 	C:\WINDOWS\System32\USER32.dll
0x00007ffa2c8a0000 - 0x00007ffa2c8be000 	C:\WINDOWS\System32\win32u.dll
0x00007ffa2f7d0000 - 0x00007ffa2f804000 	C:\WINDOWS\System32\GDI32.dll
0x00007ffa2c710000 - 0x00007ffa2c892000 	C:\WINDOWS\System32\gdi32full.dll
0x00007ffa26040000 - 0x00007ffa262b9000 	C:\WINDOWS\WinSxS\amd64_microsoft.windows.common-controls_6595b64144ccf1df_6.0.14393.447_none_42191651c6827bb3\COMCTL32.dll
0x00007ffa2f960000 - 0x00007ffa2fc27000 	C:\WINDOWS\System32\combase.dll
0x00007ffa2c560000 - 0x00007ffa2c655000 	C:\WINDOWS\System32\ucrtbase.dll
0x00007ffa2c270000 - 0x00007ffa2c2da000 	C:\WINDOWS\System32\bcryptPrimitives.dll
0x00007ffa2d490000 - 0x00007ffa2d4be000 	C:\WINDOWS\System32\IMM32.DLL
0x0000000055b50000 - 0x0000000055c22000 	D:\JAVA_enviroment\jre\bin\msvcr100.dll
0x0000000055fa0000 - 0x0000000056833000 	D:\JAVA_enviroment\jre\bin\server\jvm.dll
0x00007ffa2d4d0000 - 0x00007ffa2d4d8000 	C:\WINDOWS\System32\PSAPI.DLL
0x00007ffa28f80000 - 0x00007ffa28f89000 	C:\WINDOWS\SYSTEM32\WSOCK32.dll
0x00007ffa2d4e0000 - 0x00007ffa2d54a000 	C:\WINDOWS\System32\WS2_32.dll
0x00007ffa29e70000 - 0x00007ffa29e93000 	C:\WINDOWS\SYSTEM32\WINMM.dll
0x00007ffa28250000 - 0x00007ffa2825a000 	C:\WINDOWS\SYSTEM32\VERSION.dll
0x00007ffa29ca0000 - 0x00007ffa29ccb000 	C:\WINDOWS\SYSTEM32\WINMMBASE.dll
0x00007ffa2c2e0000 - 0x00007ffa2c322000 	C:\WINDOWS\System32\cfgmgr32.dll
0x0000000056870000 - 0x000000005687f000 	D:\JAVA_enviroment\jre\bin\verify.dll
0x0000000055f70000 - 0x0000000055f99000 	D:\JAVA_enviroment\jre\bin\java.dll
0x0000000056850000 - 0x0000000056866000 	D:\JAVA_enviroment\jre\bin\zip.dll
0x00007ffa2db40000 - 0x00007ffa2f049000 	C:\WINDOWS\System32\SHELL32.dll
0x00007ffa2c8c0000 - 0x00007ffa2cf9a000 	C:\WINDOWS\System32\windows.storage.dll
0x00007ffa2c090000 - 0x00007ffa2c0dc000 	C:\WINDOWS\System32\powrprof.dll
0x00007ffa2f300000 - 0x00007ffa2f352000 	C:\WINDOWS\System32\shlwapi.dll
0x00007ffa2c110000 - 0x00007ffa2c11f000 	C:\WINDOWS\System32\kernel.appcore.dll
0x00007ffa2c120000 - 0x00007ffa2c1c9000 	C:\WINDOWS\System32\shcore.dll
0x00007ffa2c0e0000 - 0x00007ffa2c0f4000 	C:\WINDOWS\System32\profapi.dll

VM Arguments:
jvm_args: -Djava.awt.headless=true -Xmx1024M -Dfile.encoding=GBK -Duser.country=CN -Duser.language=zh -Duser.variant 
java_command: com.android.dx.command.Main --dex --force-jumbo --num-threads=4 --multi-dex --output D:\workspace1\FastSport\app\build\intermediates\transforms\dex\debug\folders\1000\5\slice_8 D:\workspace1\FastSport\app\build\intermediates\transforms\instantRunSlicer\debug\folders\1\5\slice_8
java_class_path (initial): D:\AndroidStdio_sdk\sdk\build-tools\24.0.0\lib\dx.jar
Launcher Type: SUN_STANDARD

Environment Variables:
JAVA_HOME=D:\JAVA_enviroment
PATH=C:\ProgramData\Oracle\Java\javapath;C:\WINDOWS\system32;C:\WINDOWS;C:\WINDOWS\System32\Wbem;C:\WINDOWS\System32\WindowsPowerShell\v1.0\;D:\JAVA_enviroment\bin;D:\JAVA_enviroment\jre\bin;D:\android_sdk\sdk\tools;C:\Program Files (x86)\NVIDIA Corporation\PhysX\Common;D:\AndroidStdio_sdk\sdk\tools;C:\Program Files (x86)\Microsoft SQL Server\100\Tools\Binn\;C:\Program Files\Microsoft SQL Server\100\Tools\Binn\;C:\Program Files\Microsoft SQL Server\100\DTS\Binn\;C:\Program Files (x86)\Microsoft SQL Server\100\Tools\Binn\VSShell\Common7\IDE\;C:\Program Files (x86)\Microsoft Visual Studio 9.0\Common7\IDE\PrivateAssemblies\;C:\Program Files (x86)\Microsoft SQL Server\100\DTS\Binn\;D:\android_sdk\sdk\platform-tools;D:\android_sdk\sdk\tools;C:\WINDOWS\system32;C:\WINDOWS;C:\WINDOWS\System32\Wbem;C:\WINDOWS\System32\WindowsPowerShell\v1.0\;C:\Users\Administrator\AppData\Local\Microsoft\WindowsApps;
USERNAME=Administrator
OS=Windows_NT
PROCESSOR_IDENTIFIER=Intel64 Family 6 Model 58 Stepping 9, GenuineIntel



---------------  S Y S T E M  ---------------

OS: Windows 10.0 , 64 bit Build 14393 (10.0.14393.0)

CPU:total 4 (2 cores per cpu, 2 threads per core) family 6 model 58 stepping 9, cmov, cx8, fxsr, mmx, sse, sse2, sse3, ssse3, sse4.1, sse4.2, popcnt, avx, aes, clmul, erms, ht, tsc, tscinvbit, tscinv

Memory: 4k page, physical 8271404k(1163844k free), swap 8271404k(4108k free)

vm_info: Java HotSpot(TM) 64-Bit Server VM (25.91-b14) for windows-amd64 JRE (1.8.0_91-b14), built on Apr  1 2016 00:58:32 by "java_re" with MS VC++ 10.0 (VS2010)

time: Sat Nov 19 14:04:58 2016
elapsed time: 14 seconds (0d 0h 0m 14s)

