#
# There is insufficient memory for the Java Runtime Environment to continue.
# Native memory allocation (malloc) failed to allocate 71520 bytes for Chunk::new
# Possible reasons:
#   The system is out of physical RAM or swap space
#   In 32 bit mode, the process size limit was hit
# Possible solutions:
#   Reduce memory load on the system
#   Increase physical memory or swap space
#   Check if swap backing store is full
#   Use 64 bit Java on a 64 bit OS
#   Decrease Java heap size (-Xmx/-Xms)
#   Decrease number of Java threads
#   Decrease Java thread stack sizes (-Xss)
#   Set larger code cache with -XX:ReservedCodeCacheSize=
# This output file may be truncated or incomplete.
#
#  Out of Memory Error (allocation.cpp:390), pid=6148, tid=7156
#
# JRE version: Java(TM) SE Runtime Environment (8.0_91-b14) (build 1.8.0_91-b14)
# Java VM: Java HotSpot(TM) 64-Bit Server VM (25.91-b14 mixed mode windows-amd64 compressed oops)
# Failed to write core dump. Minidumps are not enabled by default on client versions of Windows
#

---------------  T H R E A D  ---------------

Current thread (0x0000000015949800):  JavaThread "C2 CompilerThread0" daemon [_thread_in_native, id=7156, stack(0x00000000172b0000,0x00000000173b0000)]

Stack: [0x00000000172b0000,0x00000000173b0000]
[error occurred during error reporting (printing stack bounds), id 0xc0000005]

Native frames: (J=compiled Java code, j=interpreted, Vv=VM code, C=native code)


Current CompileTask:
C2:   2850  857   !   4       com.android.dx.rop.code.RegisterSpec::intern (70 bytes)


---------------  P R O C E S S  ---------------

Java Threads: ( => current thread )
  0x0000000016e48000 JavaThread "pool-1-thread-4" [_thread_blocked, id=9116, stack(0x0000000017bb0000,0x0000000017cb0000)]
  0x0000000016e47000 JavaThread "pool-1-thread-3" [_thread_in_Java, id=11156, stack(0x0000000017ab0000,0x0000000017bb0000)]
  0x0000000016e46000 JavaThread "pool-1-thread-2" [_thread_blocked, id=9576, stack(0x00000000179b0000,0x0000000017ab0000)]
  0x0000000016e42000 JavaThread "pool-2-thread-1" [_thread_blocked, id=3812, stack(0x00000000178b0000,0x00000000179b0000)]
  0x0000000016e3f800 JavaThread "pool-1-thread-1" [_thread_blocked, id=9452, stack(0x00000000177b0000,0x00000000178b0000)]
  0x0000000016d10800 JavaThread "Service Thread" daemon [_thread_blocked, id=9764, stack(0x00000000175b0000,0x00000000176b0000)]
  0x0000000016d0a800 JavaThread "C1 CompilerThread2" daemon [_thread_in_native, id=6068, stack(0x00000000174b0000,0x00000000175b0000)]
  0x000000001594c000 JavaThread "C2 CompilerThread1" daemon [_thread_in_native, id=3744, stack(0x00000000173b0000,0x00000000174b0000)]
=>0x0000000015949800 JavaThread "C2 CompilerThread0" daemon [_thread_in_native, id=7156, stack(0x00000000172b0000,0x00000000173b0000)]
  0x00000000158fe000 JavaThread "Attach Listener" daemon [_thread_blocked, id=10460, stack(0x00000000171b0000,0x00000000172b0000)]
  0x00000000158fd000 JavaThread "Signal Dispatcher" daemon [_thread_blocked, id=10700, stack(0x00000000170b0000,0x00000000171b0000)]
  0x00000000158da000 JavaThread "Finalizer" daemon [_thread_blocked, id=10584, stack(0x0000000016b50000,0x0000000016c50000)]
  0x00000000158b9000 JavaThread "Reference Handler" daemon [_thread_blocked, id=9492, stack(0x0000000016a50000,0x0000000016b50000)]
  0x0000000003120800 JavaThread "main" [_thread_in_Java, id=10328, stack(0x0000000003020000,0x0000000003120000)]

Other Threads:
  0x00000000158b7000 VMThread [stack: 0x0000000016950000,0x0000000016a50000] [id=8232]
  0x0000000016d5b000 WatcherThread [stack: 0x00000000176b0000,0x00000000177b0000] [id=3624]

VM state:not at safepoint (normal execution)

VM Mutex/Monitor currently owned by a thread: None

Heap:
 PSYoungGen      total 38400K, used 18070K [0x00000000eab00000, 0x00000000ed580000, 0x0000000100000000)
  eden space 33280K, 54% used [0x00000000eab00000,0x00000000ebca5b70,0x00000000ecb80000)
  from space 5120K, 0% used [0x00000000ed080000,0x00000000ed080000,0x00000000ed580000)
  to   space 5120K, 0% used [0x00000000ecb80000,0x00000000ecb80000,0x00000000ed080000)
 ParOldGen       total 87552K, used 0K [0x00000000c0000000, 0x00000000c5580000, 0x00000000eab00000)
  object space 87552K, 0% used [0x00000000c0000000,0x00000000c0000000,0x00000000c5580000)
 Metaspace       used 5854K, capacity 6772K, committed 7040K, reserved 1056768K
  class space    used 601K, capacity 620K, committed 640K, reserved 1048576K

Card table byte_map: [0x00000000125e0000,0x00000000127f0000] byte_map_base: 0x0000000011fe0000

Marking Bits: (ParMarkBitMap*) 0x0000000057982f70
 Begin Bits: [0x0000000012d50000, 0x0000000013d50000)
 End Bits:   [0x0000000013d50000, 0x0000000014d50000)

Polling page: 0x00000000014f0000

CodeCache: size=245760Kb used=3493Kb max_used=3493Kb free=242266Kb
 bounds [0x0000000003220000, 0x0000000003590000, 0x0000000012220000]
 total_blobs=1134 nmethods=862 adapters=184
 compilation: enabled

Compilation events (10 events):
Event: 2.841 Thread 0x0000000016d0a800 nmethod 832 0x000000000357c410 code [0x000000000357c560, 0x000000000357c6b0]
Event: 2.841 Thread 0x0000000016d0a800  879       3       com.android.dx.ssa.SsaRenamer$BlockRenamer::process (191 bytes)
Event: 2.843 Thread 0x0000000016d0a800 nmethod 879 0x000000000357f810 code [0x000000000357fb40, 0x00000000035815c8]
Event: 2.843 Thread 0x0000000016d0a800  880       3       com.android.dx.ssa.SsaRenamer$BlockRenamer::updateSuccessorPhis (64 bytes)
Event: 2.844 Thread 0x0000000016d0a800 nmethod 880 0x000000000357db50 code [0x000000000357dd60, 0x000000000357e6c8]
Event: 2.844 Thread 0x0000000016d0a800  868       3       java.util.ArrayList::clear (39 bytes)
Event: 2.844 Thread 0x0000000016d0a800 nmethod 868 0x000000000357f1d0 code [0x000000000357f340, 0x000000000357f6b0]
Event: 2.844 Thread 0x0000000016d0a800  870       3       com.android.dx.cf.code.ByteCatchList::toRopCatchList (57 bytes)
Event: 2.845 Thread 0x0000000016d0a800 nmethod 870 0x00000000035825d0 code [0x0000000003582820, 0x00000000035838a8]
Event: 2.846 Thread 0x0000000016d0a800  873       3       com.android.dx.ssa.SsaConverter::needsNewSuccessor (53 bytes)

GC Heap History (0 events):
No events

Deoptimization events (7 events):
Event: 2.045 Thread 0x0000000016e47000 Uncommon trap: reason=unstable_if action=reinterpret pc=0x000000000342ca10 method=java.util.HashMap.getNode(ILjava/lang/Object;)Ljava/util/HashMap$Node; @ 129
Event: 2.074 Thread 0x0000000016e46000 Uncommon trap: reason=class_check action=maybe_recompile pc=0x0000000003483bf0 method=com.android.dx.ssa.NormalSsaInsn.accept(Lcom/android/dx/ssa/SsaInsn$Visitor;)V @ 9
Event: 2.074 Thread 0x0000000016e46000 Uncommon trap: reason=class_check action=maybe_recompile pc=0x0000000003483bf0 method=com.android.dx.ssa.NormalSsaInsn.accept(Lcom/android/dx/ssa/SsaInsn$Visitor;)V @ 9
Event: 2.074 Thread 0x0000000016e46000 Uncommon trap: reason=class_check action=maybe_recompile pc=0x0000000003483bf0 method=com.android.dx.ssa.NormalSsaInsn.accept(Lcom/android/dx/ssa/SsaInsn$Visitor;)V @ 9
Event: 2.075 Thread 0x0000000016e46000 Uncommon trap: reason=class_check action=maybe_recompile pc=0x0000000003483bf0 method=com.android.dx.ssa.NormalSsaInsn.accept(Lcom/android/dx/ssa/SsaInsn$Visitor;)V @ 9
Event: 2.832 Thread 0x0000000016e47000 Uncommon trap: reason=null_check action=make_not_entrant pc=0x0000000003513280 method=com.android.dx.ssa.SsaRenamer.getLocalForNewReg(I)Lcom/android/dx/rop/code/LocalItem; @ 19
Event: 2.832 Thread 0x0000000016e47000 Uncommon trap: reason=null_check action=make_not_entrant pc=0x0000000003508300 method=com.android.dx.ssa.SsaRenamer.getLocalForNewReg(I)Lcom/android/dx/rop/code/LocalItem; @ 19

Internal exceptions (4 events):
Event: 0.207 Thread 0x0000000003120800 Exception <a 'java/lang/NoSuchMethodError': Method sun.misc.Unsafe.defineClass(Ljava/lang/String;[BII)Ljava/lang/Class; name or signature does not match> (0x00000000eab07cc0) thrown at [C:\re\workspace\8-2-build-windows-amd64-cygwin\jdk8u91\6644\hotspot\srÇm~ ?
Event: 0.207 Thread 0x0000000003120800 Exception <a 'java/lang/NoSuchMethodError': Method sun.misc.Unsafe.prefetchRead(Ljava/lang/Object;J)V name or signature does not match> (0x00000000eab07fa8) thrown at [C:\re\workspace\8-2-build-windows-amd64-cygwin\jdk8u91\6644\hotspot\src\share\vm\prims\jÑÅê®@
Event: 2.832 Thread 0x0000000016e47000 Implicit null exception at 0x00000000035113ac to 0x0000000003513235
Event: 2.832 Thread 0x0000000016e47000 Implicit null exception at 0x0000000003506930 to 0x00000000035082d9

Events (10 events):
Event: 2.107 loading class java/util/ArrayList$1
Event: 2.107 loading class java/util/ArrayList$1 done
Event: 2.663 Executing VM operation: ForceSafepoint
Event: 2.826 Executing VM operation: ForceSafepoint done
Event: 2.832 Thread 0x0000000016e47000 Uncommon trap: trap_request=0xfffffff4 fr.pc=0x0000000003513280
Event: 2.832 Thread 0x0000000016e47000 DEOPT PACKING pc=0x0000000003513280 sp=0x0000000017baec80
Event: 2.832 Thread 0x0000000016e47000 DEOPT UNPACKING pc=0x000000000326582a sp=0x0000000017baeae8 mode 2
Event: 2.832 Thread 0x0000000016e47000 Uncommon trap: trap_request=0xfffffff4 fr.pc=0x0000000003508300
Event: 2.832 Thread 0x0000000016e47000 DEOPT PACKING pc=0x0000000003508300 sp=0x0000000017baec20
Event: 2.832 Thread 0x0000000016e47000 DEOPT UNPACKING pc=0x000000000326582a sp=0x0000000017baead8 mode 2


Dynamic libraries:
0x00007ff729440000 - 0x00007ff729477000 	D:\JAVA_enviroment\bin\java.exe
0x00007ffd1b930000 - 0x00007ffd1bb01000 	C:\WINDOWS\SYSTEM32\ntdll.dll
0x00007ffd1a370000 - 0x00007ffd1a41b000 	C:\WINDOWS\System32\KERNEL32.DLL
0x00007ffd18340000 - 0x00007ffd1855d000 	C:\WINDOWS\System32\KERNELBASE.dll
0x00007ffd19050000 - 0x00007ffd190f2000 	C:\WINDOWS\System32\ADVAPI32.dll
0x00007ffd19f40000 - 0x00007ffd19fde000 	C:\WINDOWS\System32\msvcrt.dll
0x00007ffd18ff0000 - 0x00007ffd19049000 	C:\WINDOWS\System32\sechost.dll
0x00007ffd19100000 - 0x00007ffd19221000 	C:\WINDOWS\System32\RPCRT4.dll
0x00007ffd197c0000 - 0x00007ffd19925000 	C:\WINDOWS\System32\USER32.dll
0x00007ffd17f70000 - 0x00007ffd17f8e000 	C:\WINDOWS\System32\win32u.dll
0x00007ffd18ec0000 - 0x00007ffd18ef4000 	C:\WINDOWS\System32\GDI32.dll
0x00007ffd18040000 - 0x00007ffd181c2000 	C:\WINDOWS\System32\gdi32full.dll
0x00007ffd128b0000 - 0x00007ffd12b29000 	C:\WINDOWS\WinSxS\amd64_microsoft.windows.common-controls_6595b64144ccf1df_6.0.14393.0_none_2d0f50fcbdb171b8\COMCTL32.dll
0x00007ffd19a30000 - 0x00007ffd19cf7000 	C:\WINDOWS\System32\combase.dll
0x00007ffd18240000 - 0x00007ffd18335000 	C:\WINDOWS\System32\ucrtbase.dll
0x00007ffd181d0000 - 0x00007ffd1823a000 	C:\WINDOWS\System32\bcryptPrimitives.dll
0x00007ffd1a180000 - 0x00007ffd1a1ae000 	C:\WINDOWS\System32\IMM32.DLL
0x0000000056a90000 - 0x0000000056b62000 	D:\JAVA_enviroment\jre\bin\msvcr100.dll
0x0000000057170000 - 0x0000000057a03000 	D:\JAVA_enviroment\jre\bin\server\jvm.dll
0x00007ffd197b0000 - 0x00007ffd197b8000 	C:\WINDOWS\System32\PSAPI.DLL
0x00007ffd14d30000 - 0x00007ffd14d39000 	C:\WINDOWS\SYSTEM32\WSOCK32.dll
0x00007ffd19e60000 - 0x00007ffd19eca000 	C:\WINDOWS\System32\WS2_32.dll
0x00007ffd16250000 - 0x00007ffd16273000 	C:\WINDOWS\SYSTEM32\WINMM.dll
0x00007ffd14180000 - 0x00007ffd1418a000 	C:\WINDOWS\SYSTEM32\VERSION.dll
0x00007ffd161f0000 - 0x00007ffd1621b000 	C:\WINDOWS\SYSTEM32\WINMMBASE.dll
0x00007ffd17e20000 - 0x00007ffd17e62000 	C:\WINDOWS\System32\cfgmgr32.dll
0x0000000057080000 - 0x000000005708f000 	D:\JAVA_enviroment\jre\bin\verify.dll
0x0000000057050000 - 0x0000000057079000 	D:\JAVA_enviroment\jre\bin\java.dll
0x0000000057030000 - 0x0000000057046000 	D:\JAVA_enviroment\jre\bin\zip.dll
0x00007ffd1a420000 - 0x00007ffd1b928000 	C:\WINDOWS\System32\SHELL32.dll
0x00007ffd187e0000 - 0x00007ffd18eba000 	C:\WINDOWS\System32\windows.storage.dll
0x00007ffd17dc0000 - 0x00007ffd17e0c000 	C:\WINDOWS\System32\powrprof.dll
0x00007ffd1a250000 - 0x00007ffd1a2a2000 	C:\WINDOWS\System32\shlwapi.dll
0x00007ffd17e10000 - 0x00007ffd17e1f000 	C:\WINDOWS\System32\kernel.appcore.dll
0x00007ffd18730000 - 0x00007ffd187d9000 	C:\WINDOWS\System32\shcore.dll
0x00007ffd17da0000 - 0x00007ffd17db4000 	C:\WINDOWS\System32\profapi.dll

VM Arguments:
jvm_args: -Djava.awt.headless=true -Xmx1024M -Dfile.encoding=GBK -Duser.country=CN -Duser.language=zh -Duser.variant 
java_command: com.android.dx.command.Main --dex --force-jumbo --num-threads=4 --output D:\workspace1\FastSport\app\build\intermediates\pre-dexed\debug\okio-1.7.0_ee8b1d83645b468c1364e9fe4bbae12791d6229f.jar D:\workspace1\FastSport\app\build\intermediates\exploded-aar\cn.bmob.android\bmob-sdk\3.5.0\jars\libs\okio-1.7.0.jar
java_class_path (initial): D:\AndroidStdio_sdk\sdk\build-tools\24.0.0\lib\dx.jar
Launcher Type: SUN_STANDARD

Environment Variables:
JAVA_HOME=D:\JAVA_enviroment
PATH=C:\ProgramData\Oracle\Java\javapath;C:\WINDOWS\system32;C:\WINDOWS;C:\WINDOWS\System32\Wbem;C:\WINDOWS\System32\WindowsPowerShell\v1.0\;D:\JAVA_enviroment\bin;D:\JAVA_enviroment\jre\bin;D:\android_sdk\sdk\tools;C:\Program Files (x86)\NVIDIA Corporation\PhysX\Common;D:\AndroidStdio_sdk\sdk\tools;C:\Program Files (x86)\Microsoft SQL Server\100\Tools\Binn\;C:\Program Files\Microsoft SQL Server\100\Tools\Binn\;C:\Program Files\Microsoft SQL Server\100\DTS\Binn\;C:\Program Files (x86)\Microsoft SQL Server\100\Tools\Binn\VSShell\Common7\IDE\;C:\Program Files (x86)\Microsoft Visual Studio 9.0\Common7\IDE\PrivateAssemblies\;C:\Program Files (x86)\Microsoft SQL Server\100\DTS\Binn\;D:\android_sdk\sdk\platform-tools;D:\android_sdk\sdk\tools;C:\WINDOWS\system32;C:\WINDOWS;C:\WINDOWS\System32\Wbem;C:\WINDOWS\System32\WindowsPowerShell\v1.0\;C:\Users\Administrator\AppData\Local\Microsoft\WindowsApps;
USERNAME=Administrator
OS=Windows_NT
PROCESSOR_IDENTIFIER=Intel64 Family 6 Model 58 Stepping 9, GenuineIntel



---------------  S Y S T E M  ---------------

OS: Windows 10.0 , 64 bit Build 14393 (10.0.14393.0)

CPU:total 4 (2 cores per cpu, 2 threads per core) family 6 model 58 stepping 9, cmov, cx8, fxsr, mmx, sse, sse2, sse3, ssse3, sse4.1, sse4.2, popcnt, avx, aes, clmul, erms, ht, tsc, tscinvbit, tscinv

Memory: 4k page, physical 8271404k(841904k free), swap 8271404k(5172k free)

vm_info: Java HotSpot(TM) 64-Bit Server VM (25.91-b14) for windows-amd64 JRE (1.8.0_91-b14), built on Apr  1 2016 00:58:32 by "java_re" with MS VC++ 10.0 (VS2010)

time: Tue Oct 18 10:52:46 2016
elapsed time: 2 seconds (0d 0h 0m 2s)

