#
# There is insufficient memory for the Java Runtime Environment to continue.
# Native memory allocation (malloc) failed to allocate 1116496 bytes for Chunk::new
# Possible reasons:
#   The system is out of physical RAM or swap space
#   In 32 bit mode, the process size limit was hit
# Possible solutions:
#   Reduce memory load on the system
#   Increase physical memory or swap space
#   Check if swap backing store is full
#   Use 64 bit Java on a 64 bit OS
#   Decrease Java heap size (-Xmx/-Xms)
#   Decrease number of Java threads
#   Decrease Java thread stack sizes (-Xss)
#   Set larger code cache with -XX:ReservedCodeCacheSize=
# This output file may be truncated or incomplete.
#
#  Out of Memory Error (allocation.cpp:390), pid=12504, tid=12824
#
# JRE version: Java(TM) SE Runtime Environment (8.0_91-b14) (build 1.8.0_91-b14)
# Java VM: Java HotSpot(TM) 64-Bit Server VM (25.91-b14 mixed mode windows-amd64 compressed oops)
# Failed to write core dump. Minidumps are not enabled by default on client versions of Windows
#

---------------  T H R E A D  ---------------

Current thread (0x0000000002cfb800):  JavaThread "C2 CompilerThread1" daemon [_thread_in_native, id=12824, stack(0x0000000016e30000,0x0000000016f30000)]

Stack: [0x0000000016e30000,0x0000000016f30000]
[error occurred during error reporting (printing stack bounds), id 0xc0000005]

Native frames: (J=compiled Java code, j=interpreted, Vv=VM code, C=native code)


Current CompileTask:
C2:  24579 2248   !   4       com.android.dx.cf.code.RopperMachine::run (1550 bytes)


---------------  P R O C E S S  ---------------

Java Threads: ( => current thread )
  0x000000001698e800 JavaThread "pool-1-thread-4" [_thread_in_Java, id=4080, stack(0x0000000017630000,0x0000000017730000)]
  0x000000001698c000 JavaThread "pool-1-thread-3" [_thread_in_Java, id=12312, stack(0x0000000017530000,0x0000000017630000)]
  0x0000000016883800 JavaThread "pool-1-thread-2" [_thread_in_Java, id=11812, stack(0x0000000017430000,0x0000000017530000)]
  0x000000001687d800 JavaThread "pool-2-thread-1" [_thread_blocked, id=6464, stack(0x0000000017330000,0x0000000017430000)]
  0x000000001542e000 JavaThread "Service Thread" daemon [_thread_blocked, id=7140, stack(0x0000000017030000,0x0000000017130000)]
  0x000000001542a800 JavaThread "C1 CompilerThread2" daemon [_thread_blocked, id=12360, stack(0x0000000016f30000,0x0000000017030000)]
=>0x0000000002cfb800 JavaThread "C2 CompilerThread1" daemon [_thread_in_native, id=12824, stack(0x0000000016e30000,0x0000000016f30000)]
  0x0000000016773800 JavaThread "C2 CompilerThread0" daemon [_thread_in_native, id=3184, stack(0x0000000016d30000,0x0000000016e30000)]
  0x00000000153e2800 JavaThread "Attach Listener" daemon [_thread_blocked, id=8332, stack(0x0000000016c30000,0x0000000016d30000)]
  0x00000000153f4800 JavaThread "Signal Dispatcher" daemon [_thread_blocked, id=3848, stack(0x0000000016b30000,0x0000000016c30000)]
  0x00000000153ba000 JavaThread "Finalizer" daemon [_thread_blocked, id=9252, stack(0x0000000016630000,0x0000000016730000)]
  0x0000000015399000 JavaThread "Reference Handler" daemon [_thread_blocked, id=3724, stack(0x0000000016530000,0x0000000016630000)]
  0x0000000002c00800 JavaThread "main" [_thread_blocked, id=11464, stack(0x0000000002a00000,0x0000000002b00000)]

Other Threads:
  0x0000000015397000 VMThread [stack: 0x0000000016430000,0x0000000016530000] [id=8744]
  0x00000000167a1000 WatcherThread [stack: 0x0000000017130000,0x0000000017230000] [id=2280]

VM state:not at safepoint (normal execution)

VM Mutex/Monitor currently owned by a thread: None

Heap:
 PSYoungGen      total 287232K, used 231893K [0x00000000eab00000, 0x0000000100000000, 0x0000000100000000)
  eden space 243712K, 77% used [0x00000000eab00000,0x00000000f62f7cf8,0x00000000f9900000)
  from space 43520K, 99% used [0x00000000f9900000,0x00000000fc37d708,0x00000000fc380000)
  to   space 53760K, 0% used [0x00000000fcb80000,0x00000000fcb80000,0x0000000100000000)
 ParOldGen       total 134656K, used 53938K [0x00000000c0000000, 0x00000000c8380000, 0x00000000eab00000)
  object space 134656K, 40% used [0x00000000c0000000,0x00000000c34acaf8,0x00000000c8380000)
 Metaspace       used 6190K, capacity 7152K, committed 7296K, reserved 1056768K
  class space    used 593K, capacity 616K, committed 640K, reserved 1048576K

Card table byte_map: [0x00000000120c0000,0x00000000122d0000] byte_map_base: 0x0000000011ac0000

Marking Bits: (ParMarkBitMap*) 0x000000005d9c2f70
 Begin Bits: [0x0000000012830000, 0x0000000013830000)
 End Bits:   [0x0000000013830000, 0x0000000014830000)

Polling page: 0x0000000002550000

CodeCache: size=245760Kb used=11015Kb max_used=11027Kb free=234744Kb
 bounds [0x0000000002d00000, 0x00000000037e0000, 0x0000000011d00000]
 total_blobs=2323 nmethods=2058 adapters=177
 compilation: enabled

Compilation events (10 events):
Event: 23.971 Thread 0x0000000002cfb800 nmethod 2240 0x00000000037b3650 code [0x00000000037b37c0, 0x00000000037b39e8]
Event: 23.976 Thread 0x0000000016773800 nmethod 2246 0x00000000037ad610 code [0x00000000037ad7e0, 0x00000000037adfa0]
Event: 24.515 Thread 0x0000000002cfb800 2248   !   4       com.android.dx.cf.code.RopperMachine::run (1550 bytes)
Event: 24.523 Thread 0x0000000016773800 2249       4       com.android.dx.rop.code.Rops::opAget (97 bytes)
Event: 24.525 Thread 0x0000000016773800 nmethod 2249 0x00000000037ab950 code [0x00000000037abaa0, 0x00000000037abbe8]
Event: 24.534 Thread 0x0000000016773800 2250       4       com.android.dx.ssa.LocalVariableExtractor::doit (59 bytes)
Event: 24.545 Thread 0x0000000016773800 nmethod 2250 0x00000000037cc410 code [0x00000000037cc580, 0x00000000037cc8a8]
Event: 24.548 Thread 0x0000000016773800 2251       4       com.android.dx.util.IntList::insert (115 bytes)
Event: 24.556 Thread 0x0000000016773800 nmethod 2251 0x00000000037cbc10 code [0x00000000037cbd60, 0x00000000037cc1b8]
Event: 24.557 Thread 0x0000000016773800 2253       4       com.android.dx.ssa.SsaRenamer$BlockRenamer::visitNonMoveInsn (14 bytes)

GC Heap History (10 events):
Event: 14.817 GC heap before
{Heap before GC invocations=4 (full 0):
 PSYoungGen      total 71680K, used 71676K [0x00000000eab00000, 0x00000000f3700000, 0x0000000100000000)
  eden space 66560K, 100% used [0x00000000eab00000,0x00000000eec00000,0x00000000eec00000)
  from space 5120K, 99% used [0x00000000eec00000,0x00000000ef0ff380,0x00000000ef100000)
  to   space 5120K, 0% used [0x00000000f3200000,0x00000000f3200000,0x00000000f3700000)
 ParOldGen       total 87552K, used 20518K [0x00000000c0000000, 0x00000000c5580000, 0x00000000eab00000)
  object space 87552K, 23% used [0x00000000c0000000,0x00000000c14099a0,0x00000000c5580000)
 Metaspace       used 6090K, capacity 7088K, committed 7296K, reserved 1056768K
  class space    used 590K, capacity 616K, committed 640K, reserved 1048576K
Event: 14.889 GC heap after
Heap after GC invocations=4 (full 0):
 PSYoungGen      total 138240K, used 5100K [0x00000000eab00000, 0x00000000f3700000, 0x0000000100000000)
  eden space 133120K, 0% used [0x00000000eab00000,0x00000000eab00000,0x00000000f2d00000)
  from space 5120K, 99% used [0x00000000f3200000,0x00000000f36fb3a8,0x00000000f3700000)
  to   space 5120K, 0% used [0x00000000f2d00000,0x00000000f2d00000,0x00000000f3200000)
 ParOldGen       total 87552K, used 42330K [0x00000000c0000000, 0x00000000c5580000, 0x00000000eab00000)
  object space 87552K, 48% used [0x00000000c0000000,0x00000000c2956aa0,0x00000000c5580000)
 Metaspace       used 6090K, capacity 7088K, committed 7296K, reserved 1056768K
  class space    used 590K, capacity 616K, committed 640K, reserved 1048576K
}
Event: 15.852 GC heap before
{Heap before GC invocations=5 (full 0):
 PSYoungGen      total 138240K, used 138220K [0x00000000eab00000, 0x00000000f3700000, 0x0000000100000000)
  eden space 133120K, 100% used [0x00000000eab00000,0x00000000f2d00000,0x00000000f2d00000)
  from space 5120K, 99% used [0x00000000f3200000,0x00000000f36fb3a8,0x00000000f3700000)
  to   space 5120K, 0% used [0x00000000f2d00000,0x00000000f2d00000,0x00000000f3200000)
 ParOldGen       total 87552K, used 42330K [0x00000000c0000000, 0x00000000c5580000, 0x00000000eab00000)
  object space 87552K, 48% used [0x00000000c0000000,0x00000000c2956aa0,0x00000000c5580000)
 Metaspace       used 6123K, capacity 7152K, committed 7296K, reserved 1056768K
  class space    used 590K, capacity 616K, committed 640K, reserved 1048576K
Event: 15.962 GC heap after
Heap after GC invocations=5 (full 0):
 PSYoungGen      total 138240K, used 5118K [0x00000000eab00000, 0x0000000100000000, 0x0000000100000000)
  eden space 133120K, 0% used [0x00000000eab00000,0x00000000eab00000,0x00000000f2d00000)
  from space 5120K, 99% used [0x00000000f2d00000,0x00000000f31ffae0,0x00000000f3200000)
  to   space 44544K, 0% used [0x00000000fd480000,0x00000000fd480000,0x0000000100000000)
 ParOldGen       total 87552K, used 77844K [0x00000000c0000000, 0x00000000c5580000, 0x00000000eab00000)
  object space 87552K, 88% used [0x00000000c0000000,0x00000000c4c051f0,0x00000000c5580000)
 Metaspace       used 6123K, capacity 7152K, committed 7296K, reserved 1056768K
  class space    used 590K, capacity 616K, committed 640K, reserved 1048576K
}
Event: 15.962 GC heap before
{Heap before GC invocations=6 (full 1):
 PSYoungGen      total 138240K, used 5118K [0x00000000eab00000, 0x0000000100000000, 0x0000000100000000)
  eden space 133120K, 0% used [0x00000000eab00000,0x00000000eab00000,0x00000000f2d00000)
  from space 5120K, 99% used [0x00000000f2d00000,0x00000000f31ffae0,0x00000000f3200000)
  to   space 44544K, 0% used [0x00000000fd480000,0x00000000fd480000,0x0000000100000000)
 ParOldGen       total 87552K, used 77844K [0x00000000c0000000, 0x00000000c5580000, 0x00000000eab00000)
  object space 87552K, 88% used [0x00000000c0000000,0x00000000c4c051f0,0x00000000c5580000)
 Metaspace       used 6123K, capacity 7152K, committed 7296K, reserved 1056768K
  class space    used 590K, capacity 616K, committed 640K, reserved 1048576K
Event: 16.504 GC heap after
Heap after GC invocations=6 (full 1):
 PSYoungGen      total 138240K, used 0K [0x00000000eab00000, 0x0000000100000000, 0x0000000100000000)
  eden space 133120K, 0% used [0x00000000eab00000,0x00000000eab00000,0x00000000f2d00000)
  from space 5120K, 0% used [0x00000000f2d00000,0x00000000f2d00000,0x00000000f3200000)
  to   space 44544K, 0% used [0x00000000fd480000,0x00000000fd480000,0x0000000100000000)
 ParOldGen       total 134656K, used 50264K [0x00000000c0000000, 0x00000000c8380000, 0x00000000eab00000)
  object space 134656K, 37% used [0x00000000c0000000,0x00000000c31161a8,0x00000000c8380000)
 Metaspace       used 6123K, capacity 7152K, committed 7296K, reserved 1056768K
  class space    used 590K, capacity 616K, committed 640K, reserved 1048576K
}
Event: 17.496 GC heap before
{Heap before GC invocations=7 (full 1):
 PSYoungGen      total 138240K, used 133120K [0x00000000eab00000, 0x0000000100000000, 0x0000000100000000)
  eden space 133120K, 100% used [0x00000000eab00000,0x00000000f2d00000,0x00000000f2d00000)
  from space 5120K, 0% used [0x00000000f2d00000,0x00000000f2d00000,0x00000000f3200000)
  to   space 44544K, 0% used [0x00000000fd480000,0x00000000fd480000,0x0000000100000000)
 ParOldGen       total 134656K, used 50264K [0x00000000c0000000, 0x00000000c8380000, 0x00000000eab00000)
  object space 134656K, 37% used [0x00000000c0000000,0x00000000c31161a8,0x00000000c8380000)
 Metaspace       used 6136K, capacity 7152K, committed 7296K, reserved 1056768K
  class space    used 590K, capacity 616K, committed 640K, reserved 1048576K
Event: 17.604 GC heap after
Heap after GC invocations=7 (full 1):
 PSYoungGen      total 248832K, used 25612K [0x00000000eab00000, 0x00000000fee00000, 0x0000000100000000)
  eden space 222720K, 0% used [0x00000000eab00000,0x00000000eab00000,0x00000000f8480000)
  from space 26112K, 98% used [0x00000000fd480000,0x00000000fed833c8,0x00000000fee00000)
  to   space 43520K, 0% used [0x00000000f9900000,0x00000000f9900000,0x00000000fc380000)
 ParOldGen       total 134656K, used 50272K [0x00000000c0000000, 0x00000000c8380000, 0x00000000eab00000)
  object space 134656K, 37% used [0x00000000c0000000,0x00000000c31181a8,0x00000000c8380000)
 Metaspace       used 6136K, capacity 7152K, committed 7296K, reserved 1056768K
  class space    used 590K, capacity 616K, committed 640K, reserved 1048576K
}
Event: 19.984 GC heap before
{Heap before GC invocations=8 (full 1):
 PSYoungGen      total 248832K, used 248332K [0x00000000eab00000, 0x00000000fee00000, 0x0000000100000000)
  eden space 222720K, 100% used [0x00000000eab00000,0x00000000f8480000,0x00000000f8480000)
  from space 26112K, 98% used [0x00000000fd480000,0x00000000fed833c8,0x00000000fee00000)
  to   space 43520K, 0% used [0x00000000f9900000,0x00000000f9900000,0x00000000fc380000)
 ParOldGen       total 134656K, used 50272K [0x00000000c0000000, 0x00000000c8380000, 0x00000000eab00000)
  object space 134656K, 37% used [0x00000000c0000000,0x00000000c31181a8,0x00000000c8380000)
 Metaspace       used 6149K, capacity 7152K, committed 7296K, reserved 1056768K
  class space    used 591K, capacity 616K, committed 640K, reserved 1048576K
Event: 20.177 GC heap after
Heap after GC invocations=8 (full 1):
 PSYoungGen      total 287232K, used 43509K [0x00000000eab00000, 0x0000000100000000, 0x0000000100000000)
  eden space 243712K, 0% used [0x00000000eab00000,0x00000000eab00000,0x00000000f9900000)
  from space 43520K, 99% used [0x00000000f9900000,0x00000000fc37d708,0x00000000fc380000)
  to   space 53760K, 0% used [0x00000000fcb80000,0x00000000fcb80000,0x0000000100000000)
 ParOldGen       total 134656K, used 53938K [0x00000000c0000000, 0x00000000c8380000, 0x00000000eab00000)
  object space 134656K, 40% used [0x00000000c0000000,0x00000000c34acaf8,0x00000000c8380000)
 Metaspace       used 6149K, capacity 7152K, committed 7296K, reserved 1056768K
  class space    used 591K, capacity 616K, committed 640K, reserved 1048576K
}

Deoptimization events (10 events):
Event: 20.526 Thread 0x000000001698e800 Uncommon trap: reason=unstable_if action=reinterpret pc=0x0000000003405c1c method=com.android.dx.rop.code.DexTranslationAdvice.hasConstantOperation(Lcom/android/dx/rop/code/Rop;Lcom/android/dx/rop/code/RegisterSpec;Lcom/android/dx/rop/code/RegisterSpec;)Z 8,YÖ
Event: 20.754 Thread 0x0000000016883800 Uncommon trap: reason=unstable_if action=reinterpret pc=0x00000000035607f4 method=com.android.dx.ssa.back.FirstFitLocalCombiningAllocator.findNextUnreservedRopReg(IILcom/android/dx/ssa/back/FirstFitLocalCombiningAllocator$Alignment;)I @ 32
Event: 20.755 Thread 0x0000000016883800 Uncommon trap: reason=unstable_if action=reinterpret pc=0x000000000347f578 method=com.android.dx.rop.code.Insn.equalsHandleNulls(Ljava/lang/Object;Ljava/lang/Object;)Z @ 14
Event: 20.755 Thread 0x0000000016883800 Uncommon trap: reason=unstable_if action=reinterpret pc=0x0000000003589100 method=com.android.dx.rop.code.Insn.equalsHandleNulls(Ljava/lang/Object;Ljava/lang/Object;)Z @ 14
Event: 21.470 Thread 0x000000001698c000 Uncommon trap: reason=unstable_if action=reinterpret pc=0x0000000003609b30 method=com.android.dx.cf.code.Merger.isPossiblyAssignableFrom(Lcom/android/dx/rop/type/TypeBearer;Lcom/android/dx/rop/type/TypeBearer;)Z @ 131
Event: 21.683 Thread 0x000000001698c000 Uncommon trap: reason=class_check action=maybe_recompile pc=0x000000000333a91c method=com.android.dx.cf.code.BaseMachine.addResult(Lcom/android/dx/rop/type/TypeBearer;)V @ 23
Event: 21.719 Thread 0x000000001698c000 Uncommon trap: reason=class_check action=maybe_recompile pc=0x0000000003388f18 method=java.util.HashMap.putVal(ILjava/lang/Object;Ljava/lang/Object;ZZ)Ljava/lang/Object; @ 203
Event: 21.719 Thread 0x000000001698c000 Uncommon trap: reason=class_check action=maybe_recompile pc=0x0000000003388f18 method=java.util.HashMap.putVal(ILjava/lang/Object;Ljava/lang/Object;ZZ)Ljava/lang/Object; @ 203
Event: 21.719 Thread 0x000000001698c000 Uncommon trap: reason=class_check action=maybe_recompile pc=0x0000000003388f18 method=java.util.HashMap.putVal(ILjava/lang/Object;Ljava/lang/Object;ZZ)Ljava/lang/Object; @ 203
Event: 21.719 Thread 0x000000001698c000 Uncommon trap: reason=bimorphic action=maybe_recompile pc=0x00000000032d5514 method=java.util.HashMap.getNode(ILjava/lang/Object;)Ljava/util/HashMap$Node; @ 126

Internal exceptions (2 events):
Event: 0.230 Thread 0x0000000002c00800 Exception <a 'java/lang/NoSuchMethodError': Method sun.misc.Unsafe.defineClass(Ljava/lang/String;[BII)Ljava/lang/Class; name or signature does not match> (0x00000000eab07cc0) thrown at [C:\re\workspace\8-2-build-windows-amd64-cygwin\jdk8u91\6644\hotspot\srÅS‡oÍ?
Event: 0.230 Thread 0x0000000002c00800 Exception <a 'java/lang/NoSuchMethodError': Method sun.misc.Unsafe.prefetchRead(Ljava/lang/Object;J)V name or signature does not match> (0x00000000eab07fa8) thrown at [C:\re\workspace\8-2-build-windows-amd64-cygwin\jdk8u91\6644\hotspot\src\share\vm\prims\j

Events (10 events):
Event: 23.268 Thread 0x000000001687c800 DEOPT UNPACKING pc=0x0000000002d4787f sp=0x000000001732e648 mode 0
Event: 23.854 Thread 0x000000001698e800 DEOPT PACKING pc=0x00000000032e786f sp=0x000000001772ead0
Event: 23.854 Thread 0x000000001698e800 DEOPT UNPACKING pc=0x0000000002d4787f sp=0x000000001772e800 mode 0
Event: 23.931 Thread 0x000000001687c800 Thread exited: 0x000000001687c800
Event: 23.931 Thread 0x000000001698c000 DEOPT PACKING pc=0x00000000032de7d0 sp=0x000000001762ebb0
Event: 23.931 Thread 0x000000001698c000 DEOPT UNPACKING pc=0x0000000002d4787f sp=0x000000001762e910 mode 0
Event: 23.935 Thread 0x000000001698c000 DEOPT PACKING pc=0x00000000034830a0 sp=0x000000001762eb60
Event: 23.935 Thread 0x000000001698c000 DEOPT UNPACKING pc=0x0000000002d4787f sp=0x000000001762e8f0 mode 0
Event: 24.534 Thread 0x000000001698c000 DEOPT PACKING pc=0x00000000032d4a1e sp=0x000000001762ebe0
Event: 24.534 Thread 0x000000001698c000 DEOPT UNPACKING pc=0x0000000002d4787f sp=0x000000001762e920 mode 0


Dynamic libraries:
0x00007ff7b5260000 - 0x00007ff7b5297000 	D:\JAVA_enviroment\bin\java.exe
0x00007ffcba850000 - 0x00007ffcbaa21000 	C:\WINDOWS\SYSTEM32\ntdll.dll
0x00007ffcb8590000 - 0x00007ffcb863b000 	C:\WINDOWS\System32\KERNEL32.DLL
0x00007ffcb73c0000 - 0x00007ffcb75dd000 	C:\WINDOWS\System32\KERNELBASE.dll
0x00007ffcba3b0000 - 0x00007ffcba452000 	C:\WINDOWS\System32\ADVAPI32.dll
0x00007ffcb7de0000 - 0x00007ffcb7e7e000 	C:\WINDOWS\System32\msvcrt.dll
0x00007ffcb8750000 - 0x00007ffcb87a9000 	C:\WINDOWS\System32\sechost.dll
0x00007ffcba0f0000 - 0x00007ffcba211000 	C:\WINDOWS\System32\RPCRT4.dll
0x00007ffcb8420000 - 0x00007ffcb8585000 	C:\WINDOWS\System32\USER32.dll
0x00007ffcb7dc0000 - 0x00007ffcb7dde000 	C:\WINDOWS\System32\win32u.dll
0x00007ffcba220000 - 0x00007ffcba254000 	C:\WINDOWS\System32\GDI32.dll
0x00007ffcb7010000 - 0x00007ffcb7192000 	C:\WINDOWS\System32\gdi32full.dll
0x00007ffcb0c60000 - 0x00007ffcb0eda000 	C:\WINDOWS\WinSxS\amd64_microsoft.windows.common-controls_6595b64144ccf1df_6.0.14393.351_none_4213128bc687e6d3\COMCTL32.dll
0x00007ffcb7ef0000 - 0x00007ffcb81b7000 	C:\WINDOWS\System32\combase.dll
0x00007ffcb6f10000 - 0x00007ffcb7005000 	C:\WINDOWS\System32\ucrtbase.dll
0x00007ffcb71a0000 - 0x00007ffcb720a000 	C:\WINDOWS\System32\bcryptPrimitives.dll
0x00007ffcba460000 - 0x00007ffcba48e000 	C:\WINDOWS\System32\IMM32.DLL
0x000000005cb60000 - 0x000000005cc32000 	D:\JAVA_enviroment\jre\bin\msvcr100.dll
0x000000005d1b0000 - 0x000000005da43000 	D:\JAVA_enviroment\jre\bin\server\jvm.dll
0x00007ffcb8640000 - 0x00007ffcb8648000 	C:\WINDOWS\System32\PSAPI.DLL
0x00007ffcb3b10000 - 0x00007ffcb3b19000 	C:\WINDOWS\SYSTEM32\WSOCK32.dll
0x00007ffcba720000 - 0x00007ffcba78a000 	C:\WINDOWS\System32\WS2_32.dll
0x00007ffcb4ab0000 - 0x00007ffcb4ad3000 	C:\WINDOWS\SYSTEM32\WINMM.dll
0x00007ffcb21f0000 - 0x00007ffcb21fa000 	C:\WINDOWS\SYSTEM32\VERSION.dll
0x00007ffcb4a40000 - 0x00007ffcb4a6b000 	C:\WINDOWS\SYSTEM32\WINMMBASE.dll
0x00007ffcb75e0000 - 0x00007ffcb7622000 	C:\WINDOWS\System32\cfgmgr32.dll
0x000000005db30000 - 0x000000005db3f000 	D:\JAVA_enviroment\jre\bin\verify.dll
0x000000005db00000 - 0x000000005db29000 	D:\JAVA_enviroment\jre\bin\java.dll
0x000000005dae0000 - 0x000000005daf6000 	D:\JAVA_enviroment\jre\bin\zip.dll
0x00007ffcb87b0000 - 0x00007ffcb9cb9000 	C:\WINDOWS\System32\SHELL32.dll
0x00007ffcb7630000 - 0x00007ffcb7d0a000 	C:\WINDOWS\System32\windows.storage.dll
0x00007ffcb6cb0000 - 0x00007ffcb6cfc000 	C:\WINDOWS\System32\powrprof.dll
0x00007ffcba640000 - 0x00007ffcba692000 	C:\WINDOWS\System32\shlwapi.dll
0x00007ffcb6d00000 - 0x00007ffcb6d0f000 	C:\WINDOWS\System32\kernel.appcore.dll
0x00007ffcb7310000 - 0x00007ffcb73b9000 	C:\WINDOWS\System32\shcore.dll
0x00007ffcb6d10000 - 0x00007ffcb6d24000 	C:\WINDOWS\System32\profapi.dll

VM Arguments:
jvm_args: -Djava.awt.headless=true -Xmx1024M -Dfile.encoding=GBK -Duser.country=CN -Duser.language=zh -Duser.variant 
java_command: com.android.dx.command.Main --dex --force-jumbo --num-threads=4 --output D:\workspace1\FastSport\app\build\intermediates\pre-dexed\debug\main_05465c8ce4dbf1a1b25f758b504cb6844096a7d3.jar D:\workspace1\FastSport\app\build\intermediates\transforms\instantRun\debug\folders\1\5\main
java_class_path (initial): D:\AndroidStdio_sdk\sdk\build-tools\24.0.0\lib\dx.jar
Launcher Type: SUN_STANDARD

Environment Variables:
JAVA_HOME=D:\JAVA_enviroment
PATH=C:\ProgramData\Oracle\Java\javapath;C:\WINDOWS\system32;C:\WINDOWS;C:\WINDOWS\System32\Wbem;C:\WINDOWS\System32\WindowsPowerShell\v1.0\;D:\JAVA_enviroment\bin;D:\JAVA_enviroment\jre\bin;D:\android_sdk\sdk\tools;C:\Program Files (x86)\NVIDIA Corporation\PhysX\Common;D:\AndroidStdio_sdk\sdk\tools;C:\Program Files (x86)\Microsoft SQL Server\100\Tools\Binn\;C:\Program Files\Microsoft SQL Server\100\Tools\Binn\;C:\Program Files\Microsoft SQL Server\100\DTS\Binn\;C:\Program Files (x86)\Microsoft SQL Server\100\Tools\Binn\VSShell\Common7\IDE\;C:\Program Files (x86)\Microsoft Visual Studio 9.0\Common7\IDE\PrivateAssemblies\;C:\Program Files (x86)\Microsoft SQL Server\100\DTS\Binn\;D:\android_sdk\sdk\platform-tools;D:\android_sdk\sdk\tools;C:\WINDOWS\system32;C:\WINDOWS;C:\WINDOWS\System32\Wbem;C:\WINDOWS\System32\WindowsPowerShell\v1.0\;C:\Users\Administrator\AppData\Local\Microsoft\WindowsApps;
USERNAME=Administrator
OS=Windows_NT
PROCESSOR_IDENTIFIER=Intel64 Family 6 Model 58 Stepping 9, GenuineIntel



---------------  S Y S T E M  ---------------

OS: Windows 10.0 , 64 bit Build 14393 (10.0.14393.0)

CPU:total 4 (2 cores per cpu, 2 threads per core) family 6 model 58 stepping 9, cmov, cx8, fxsr, mmx, sse, sse2, sse3, ssse3, sse4.1, sse4.2, popcnt, avx, aes, clmul, erms, ht, tsc, tscinvbit, tscinv

Memory: 4k page, physical 8271404k(1631840k free), swap 8271404k(4048k free)

vm_info: Java HotSpot(TM) 64-Bit Server VM (25.91-b14) for windows-amd64 JRE (1.8.0_91-b14), built on Apr  1 2016 00:58:32 by "java_re" with MS VC++ 10.0 (VS2010)

time: Thu Nov 03 22:00:53 2016
elapsed time: 24 seconds (0d 0h 0m 24s)

