#
# There is insufficient memory for the Java Runtime Environment to continue.
# Native memory allocation (malloc) failed to allocate 32744 bytes for ChunkPool::allocate
# Possible reasons:
#   The system is out of physical RAM or swap space
#   In 32 bit mode, the process size limit was hit
# Possible solutions:
#   Reduce memory load on the system
#   Increase physical memory or swap space
#   Check if swap backing store is full
#   Use 64 bit Java on a 64 bit OS
#   Decrease Java heap size (-Xmx/-Xms)
#   Decrease number of Java threads
#   Decrease Java thread stack sizes (-Xss)
#   Set larger code cache with -XX:ReservedCodeCacheSize=
# This output file may be truncated or incomplete.
#
#  Out of Memory Error (allocation.cpp:273), pid=8736, tid=4632
#
# JRE version: Java(TM) SE Runtime Environment (8.0_91-b14) (build 1.8.0_91-b14)
# Java VM: Java HotSpot(TM) 64-Bit Server VM (25.91-b14 mixed mode windows-amd64 compressed oops)
# Failed to write core dump. Minidumps are not enabled by default on client versions of Windows
#

---------------  T H R E A D  ---------------

Current thread (0x0000000016693800):  JavaThread "C2 CompilerThread0" daemon [_thread_in_native, id=4632, stack(0x0000000016c50000,0x0000000016d50000)]

Stack: [0x0000000016c50000,0x0000000016d50000]
[error occurred during error reporting (printing stack bounds), id 0xc0000005]

Native frames: (J=compiled Java code, j=interpreted, Vv=VM code, C=native code)


Current CompileTask:
C2:   2208 1437   !   4       com.android.dx.cf.code.BytecodeArray::parseInstruction (2764 bytes)


---------------  P R O C E S S  ---------------

Java Threads: ( => current thread )
  0x000000001691f800 JavaThread "pool-1-thread-4" [_thread_in_vm, id=6616, stack(0x0000000017550000,0x0000000017650000)]
  0x000000001691d800 JavaThread "pool-1-thread-3" [_thread_in_Java, id=10356, stack(0x0000000017450000,0x0000000017550000)]
  0x00000000167b6800 JavaThread "pool-1-thread-2" [_thread_blocked, id=1056, stack(0x0000000017350000,0x0000000017450000)]
  0x00000000167a3000 JavaThread "pool-2-thread-1" [_thread_blocked, id=3556, stack(0x0000000017250000,0x0000000017350000)]
  0x00000000167a2800 JavaThread "pool-1-thread-1" [_thread_in_Java, id=784, stack(0x0000000017150000,0x0000000017250000)]
  0x00000000166d4800 JavaThread "Service Thread" daemon [_thread_blocked, id=6672, stack(0x0000000016f50000,0x0000000017050000)]
  0x0000000015317000 JavaThread "C1 CompilerThread2" daemon [_thread_in_vm, id=11148, stack(0x0000000016e50000,0x0000000016f50000)]
  0x0000000002c1b800 JavaThread "C2 CompilerThread1" daemon [_thread_in_native, id=7636, stack(0x0000000016d50000,0x0000000016e50000)]
=>0x0000000016693800 JavaThread "C2 CompilerThread0" daemon [_thread_in_native, id=4632, stack(0x0000000016c50000,0x0000000016d50000)]
  0x0000000015302800 JavaThread "Attach Listener" daemon [_thread_blocked, id=4468, stack(0x0000000016b50000,0x0000000016c50000)]
  0x0000000015314800 JavaThread "Signal Dispatcher" daemon [_thread_blocked, id=3436, stack(0x0000000016a50000,0x0000000016b50000)]
  0x00000000152da000 JavaThread "Finalizer" daemon [_thread_blocked, id=6988, stack(0x0000000016550000,0x0000000016650000)]
  0x00000000152b9000 JavaThread "Reference Handler" daemon [_thread_blocked, id=3592, stack(0x0000000016450000,0x0000000016550000)]
  0x0000000002b20800 JavaThread "main" [_thread_blocked, id=8840, stack(0x0000000002a20000,0x0000000002b20000)]

Other Threads:
  0x00000000152b7000 VMThread [stack: 0x0000000016350000,0x0000000016450000] [id=10104]
  0x0000000016730000 WatcherThread [stack: 0x0000000017050000,0x0000000017150000] [id=11132]

VM state:not at safepoint (normal execution)

VM Mutex/Monitor currently owned by a thread:  ([mutex/lock_event])
[0x00000000026abb60] Patching_lock - owner thread: 0x000000001691f800
[0x00000000026ae440] CompiledIC_lock - owner thread: 0x000000001691f800
[0x00000000026ae5c0] Compile_lock - owner thread: 0x0000000015317000
[0x00000000026ae4c0] MethodCompileQueue_lock - owner thread: 0x0000000015317000

Heap:
 PSYoungGen      total 38400K, used 20414K [0x00000000eab00000, 0x00000000ed580000, 0x0000000100000000)
  eden space 33280K, 45% used [0x00000000eab00000,0x00000000eb9f2128,0x00000000ecb80000)
  from space 5120K, 99% used [0x00000000ed080000,0x00000000ed57da90,0x00000000ed580000)
  to   space 5120K, 0% used [0x00000000ecb80000,0x00000000ecb80000,0x00000000ed080000)
 ParOldGen       total 87552K, used 7360K [0x00000000c0000000, 0x00000000c5580000, 0x00000000eab00000)
  object space 87552K, 8% used [0x00000000c0000000,0x00000000c07300e0,0x00000000c5580000)
 Metaspace       used 5957K, capacity 7024K, committed 7296K, reserved 1056768K
  class space    used 584K, capacity 616K, committed 640K, reserved 1048576K

Card table byte_map: [0x0000000011fe0000,0x00000000121f0000] byte_map_base: 0x00000000119e0000

Marking Bits: (ParMarkBitMap*) 0x0000000057982f70
 Begin Bits: [0x0000000012750000, 0x0000000013750000)
 End Bits:   [0x0000000013750000, 0x0000000014750000)

Polling page: 0x0000000001020000

CodeCache: size=245760Kb used=6183Kb max_used=6183Kb free=239576Kb
 bounds [0x0000000002c20000, 0x0000000003230000, 0x0000000011c20000]
 total_blobs=1727 nmethods=1463 adapters=177
 compilation: enabled

Compilation events (10 events):
Event: 2.049 Thread 0x0000000015317000 nmethod 1488 0x0000000003228a90 code [0x0000000003228e40, 0x000000000322a418]
Event: 2.049 Thread 0x0000000015317000 1490       2       com.android.dx.ssa.back.SsaToRop::moveParametersToHighRegisters (88 bytes)
Event: 2.049 Thread 0x0000000015317000 nmethod 1490 0x000000000322c910 code [0x000000000322caa0, 0x000000000322ce58]
Event: 2.049 Thread 0x0000000015317000 1489       2       java.util.EnumSet::getUniverse (10 bytes)
Event: 2.050 Thread 0x0000000015317000 nmethod 1489 0x000000000322d0d0 code [0x000000000322d240, 0x000000000322d408]
Event: 2.052 Thread 0x0000000015317000 1491       2       com.android.dx.rop.code.LocalVariableExtractor::extract (14 bytes)
Event: 2.052 Thread 0x0000000015317000 nmethod 1491 0x000000000322d550 code [0x000000000322d6c0, 0x000000000322d898]
Event: 2.052 Thread 0x0000000015317000 1492       2       com.android.dx.rop.code.LocalVariableInfo::<init> (82 bytes)
Event: 2.053 Thread 0x0000000015317000 nmethod 1492 0x000000000322d990 code [0x000000000322db60, 0x000000000322e108]
Event: 2.053 Thread 0x0000000015317000 1493       1       com.android.dx.rop.code.Insn$BaseVisitor::visitThrowingInsn (1 bytes)

GC Heap History (4 events):
Event: 1.220 GC heap before
{Heap before GC invocations=1 (full 0):
 PSYoungGen      total 38400K, used 33280K [0x00000000eab00000, 0x00000000ed580000, 0x0000000100000000)
  eden space 33280K, 100% used [0x00000000eab00000,0x00000000ecb80000,0x00000000ecb80000)
  from space 5120K, 0% used [0x00000000ed080000,0x00000000ed080000,0x00000000ed580000)
  to   space 5120K, 0% used [0x00000000ecb80000,0x00000000ecb80000,0x00000000ed080000)
 ParOldGen       total 87552K, used 0K [0x00000000c0000000, 0x00000000c5580000, 0x00000000eab00000)
  object space 87552K, 0% used [0x00000000c0000000,0x00000000c0000000,0x00000000c5580000)
 Metaspace       used 5748K, capacity 6832K, committed 7040K, reserved 1056768K
  class space    used 577K, capacity 616K, committed 640K, reserved 1048576K
Event: 1.229 GC heap after
Heap after GC invocations=1 (full 0):
 PSYoungGen      total 38400K, used 5109K [0x00000000eab00000, 0x00000000ed580000, 0x0000000100000000)
  eden space 33280K, 0% used [0x00000000eab00000,0x00000000eab00000,0x00000000ecb80000)
  from space 5120K, 99% used [0x00000000ecb80000,0x00000000ed07d6d8,0x00000000ed080000)
  to   space 5120K, 0% used [0x00000000ed080000,0x00000000ed080000,0x00000000ed580000)
 ParOldGen       total 87552K, used 1606K [0x00000000c0000000, 0x00000000c5580000, 0x00000000eab00000)
  object space 87552K, 1% used [0x00000000c0000000,0x00000000c01918b0,0x00000000c5580000)
 Metaspace       used 5748K, capacity 6832K, committed 7040K, reserved 1056768K
  class space    used 577K, capacity 616K, committed 640K, reserved 1048576K
}
Event: 1.853 GC heap before
{Heap before GC invocations=2 (full 0):
 PSYoungGen      total 38400K, used 38389K [0x00000000eab00000, 0x00000000ed580000, 0x0000000100000000)
  eden space 33280K, 100% used [0x00000000eab00000,0x00000000ecb80000,0x00000000ecb80000)
  from space 5120K, 99% used [0x00000000ecb80000,0x00000000ed07d6d8,0x00000000ed080000)
  to   space 5120K, 0% used [0x00000000ed080000,0x00000000ed080000,0x00000000ed580000)
 ParOldGen       total 87552K, used 1606K [0x00000000c0000000, 0x00000000c5580000, 0x00000000eab00000)
  object space 87552K, 1% used [0x00000000c0000000,0x00000000c01918b0,0x00000000c5580000)
 Metaspace       used 5909K, capacity 6960K, committed 7040K, reserved 1056768K
  class space    used 582K, capacity 616K, committed 640K, reserved 1048576K
Event: 1.915 GC heap after
Heap after GC invocations=2 (full 0):
 PSYoungGen      total 38400K, used 5110K [0x00000000eab00000, 0x00000000ed580000, 0x0000000100000000)
  eden space 33280K, 0% used [0x00000000eab00000,0x00000000eab00000,0x00000000ecb80000)
  from space 5120K, 99% used [0x00000000ed080000,0x00000000ed57da90,0x00000000ed580000)
  to   space 5120K, 0% used [0x00000000ecb80000,0x00000000ecb80000,0x00000000ed080000)
 ParOldGen       total 87552K, used 7360K [0x00000000c0000000, 0x00000000c5580000, 0x00000000eab00000)
  object space 87552K, 8% used [0x00000000c0000000,0x00000000c07300e0,0x00000000c5580000)
 Metaspace       used 5909K, capacity 6960K, committed 7040K, reserved 1056768K
  class space    used 582K, capacity 616K, committed 640K, reserved 1048576K
}

Deoptimization events (10 events):
Event: 1.428 Thread 0x000000001691f800 Uncommon trap: reason=class_check action=maybe_recompile pc=0x0000000002ee89b0 method=com.android.dx.rop.type.Type.equals(Ljava/lang/Object;)Z @ 8
Event: 1.429 Thread 0x000000001691f800 Uncommon trap: reason=unstable_if action=reinterpret pc=0x000000000308fdcc method=com.android.dx.ssa.SCCP.simulateStmt(Lcom/android/dx/ssa/SsaInsn;)V @ 53
Event: 1.437 Thread 0x00000000167b6800 Uncommon trap: reason=unstable_if action=reinterpret pc=0x000000000311115c method=com.android.dx.ssa.SCCP.simulateBranch(Lcom/android/dx/ssa/SsaInsn;)V @ 81
Event: 1.447 Thread 0x00000000167b6800 Uncommon trap: reason=unstable_if action=reinterpret pc=0x00000000030ce080 method=com.android.dx.ssa.SsaRenamer$BlockRenamer.addMapping(ILcom/android/dx/rop/code/RegisterSpec;)V @ 120
Event: 1.659 Thread 0x00000000167b6800 Uncommon trap: reason=unstable_if action=reinterpret pc=0x00000000031b721c method=com.android.dx.ssa.SsaRenamer$BlockRenamer.visitMoveInsn(Lcom/android/dx/ssa/NormalSsaInsn;)V @ 104
Event: 1.659 Thread 0x00000000167b6800 Uncommon trap: reason=class_check action=maybe_recompile pc=0x00000000031b03e4 method=com.android.dx.ssa.NormalSsaInsn.accept(Lcom/android/dx/ssa/SsaInsn$Visitor;)V @ 9
Event: 1.659 Thread 0x00000000167b6800 Uncommon trap: reason=class_check action=maybe_recompile pc=0x00000000031b03e4 method=com.android.dx.ssa.NormalSsaInsn.accept(Lcom/android/dx/ssa/SsaInsn$Visitor;)V @ 9
Event: 1.659 Thread 0x00000000167b6800 Uncommon trap: reason=class_check action=maybe_recompile pc=0x00000000031b03e4 method=com.android.dx.ssa.NormalSsaInsn.accept(Lcom/android/dx/ssa/SsaInsn$Visitor;)V @ 9
Event: 1.659 Thread 0x00000000167b6800 Uncommon trap: reason=class_check action=maybe_recompile pc=0x00000000031b03e4 method=com.android.dx.ssa.NormalSsaInsn.accept(Lcom/android/dx/ssa/SsaInsn$Visitor;)V @ 9
Event: 1.990 Thread 0x00000000167b6800 Uncommon trap: reason=bimorphic action=maybe_recompile pc=0x000000000316f4d0 method=java.util.HashMap.getNode(ILjava/lang/Object;)Ljava/util/HashMap$Node; @ 126

Internal exceptions (3 events):
Event: 0.056 Thread 0x0000000002b20800 Exception <a 'java/lang/NoSuchMethodError': Method sun.misc.Unsafe.defineClass(Ljava/lang/String;[BII)Ljava/lang/Class; name or signature does not match> (0x00000000eab07cc0) thrown at [C:\re\workspace\8-2-build-windows-amd64-cygwin\jdk8u91\6644\hotspot\sr«§@?È‘¬?
Event: 0.056 Thread 0x0000000002b20800 Exception <a 'java/lang/NoSuchMethodError': Method sun.misc.Unsafe.prefetchRead(Ljava/lang/Object;J)V name or signature does not match> (0x00000000eab07fa8) thrown at [C:\re\workspace\8-2-build-windows-amd64-cygwin\jdk8u91\6644\hotspot\src\share\vm\prims\jé±ÓeJ†ö?
Event: 1.408 Thread 0x00000000167b6800 Implicit null exception at 0x0000000002f38cf9 to 0x0000000002f3a285

Events (10 events):
Event: 2.016 Thread 0x000000001691f800 DEOPT PACKING pc=0x0000000002fea659 sp=0x000000001764ecd0
Event: 2.016 Thread 0x000000001691f800 DEOPT UNPACKING pc=0x0000000002c6787f sp=0x000000001764ea98 mode 0
Event: 2.038 loading class com/android/dx/cf/direct/AnnotationParser
Event: 2.038 loading class com/android/dx/cf/direct/AnnotationParser done
Event: 2.039 loading class com/android/dx/cf/attrib/AttRuntimeInvisibleParameterAnnotations
Event: 2.039 loading class com/android/dx/cf/attrib/AttRuntimeInvisibleParameterAnnotations done
Event: 2.039 loading class com/android/dx/cf/attrib/BaseParameterAnnotations
Event: 2.039 loading class com/android/dx/cf/attrib/BaseParameterAnnotations done
Event: 2.041 Thread 0x000000001691f800 DEOPT PACKING pc=0x0000000002fea659 sp=0x000000001764ecd0
Event: 2.041 Thread 0x000000001691f800 DEOPT UNPACKING pc=0x0000000002c6787f sp=0x000000001764ea98 mode 0


Dynamic libraries:
0x00007ff729440000 - 0x00007ff729477000 	D:\JAVA_enviroment\bin\java.exe
0x00007ffd1b930000 - 0x00007ffd1bb01000 	C:\WINDOWS\SYSTEM32\ntdll.dll
0x00007ffd1a370000 - 0x00007ffd1a41b000 	C:\WINDOWS\System32\KERNEL32.DLL
0x00007ffd18340000 - 0x00007ffd1855d000 	C:\WINDOWS\System32\KERNELBASE.dll
0x00007ffd19050000 - 0x00007ffd190f2000 	C:\WINDOWS\System32\ADVAPI32.dll
0x00007ffd19f40000 - 0x00007ffd19fde000 	C:\WINDOWS\System32\msvcrt.dll
0x00007ffd18ff0000 - 0x00007ffd19049000 	C:\WINDOWS\System32\sechost.dll
0x00007ffd19100000 - 0x00007ffd19221000 	C:\WINDOWS\System32\RPCRT4.dll
0x00007ffd197c0000 - 0x00007ffd19925000 	C:\WINDOWS\System32\USER32.dll
0x00007ffd17f70000 - 0x00007ffd17f8e000 	C:\WINDOWS\System32\win32u.dll
0x00007ffd18ec0000 - 0x00007ffd18ef4000 	C:\WINDOWS\System32\GDI32.dll
0x00007ffd18040000 - 0x00007ffd181c2000 	C:\WINDOWS\System32\gdi32full.dll
0x00007ffd128b0000 - 0x00007ffd12b29000 	C:\WINDOWS\WinSxS\amd64_microsoft.windows.common-controls_6595b64144ccf1df_6.0.14393.0_none_2d0f50fcbdb171b8\COMCTL32.dll
0x00007ffd19a30000 - 0x00007ffd19cf7000 	C:\WINDOWS\System32\combase.dll
0x00007ffd18240000 - 0x00007ffd18335000 	C:\WINDOWS\System32\ucrtbase.dll
0x00007ffd181d0000 - 0x00007ffd1823a000 	C:\WINDOWS\System32\bcryptPrimitives.dll
0x00007ffd1a180000 - 0x00007ffd1a1ae000 	C:\WINDOWS\System32\IMM32.DLL
0x0000000056a90000 - 0x0000000056b62000 	D:\JAVA_enviroment\jre\bin\msvcr100.dll
0x0000000057170000 - 0x0000000057a03000 	D:\JAVA_enviroment\jre\bin\server\jvm.dll
0x00007ffd197b0000 - 0x00007ffd197b8000 	C:\WINDOWS\System32\PSAPI.DLL
0x00007ffd14d30000 - 0x00007ffd14d39000 	C:\WINDOWS\SYSTEM32\WSOCK32.dll
0x00007ffd19e60000 - 0x00007ffd19eca000 	C:\WINDOWS\System32\WS2_32.dll
0x00007ffd16250000 - 0x00007ffd16273000 	C:\WINDOWS\SYSTEM32\WINMM.dll
0x00007ffd14180000 - 0x00007ffd1418a000 	C:\WINDOWS\SYSTEM32\VERSION.dll
0x00007ffd161f0000 - 0x00007ffd1621b000 	C:\WINDOWS\SYSTEM32\WINMMBASE.dll
0x00007ffd17e20000 - 0x00007ffd17e62000 	C:\WINDOWS\System32\cfgmgr32.dll
0x0000000057080000 - 0x000000005708f000 	D:\JAVA_enviroment\jre\bin\verify.dll
0x0000000057050000 - 0x0000000057079000 	D:\JAVA_enviroment\jre\bin\java.dll
0x0000000057030000 - 0x0000000057046000 	D:\JAVA_enviroment\jre\bin\zip.dll
0x00007ffd1a420000 - 0x00007ffd1b928000 	C:\WINDOWS\System32\SHELL32.dll
0x00007ffd187e0000 - 0x00007ffd18eba000 	C:\WINDOWS\System32\windows.storage.dll
0x00007ffd17dc0000 - 0x00007ffd17e0c000 	C:\WINDOWS\System32\powrprof.dll
0x00007ffd1a250000 - 0x00007ffd1a2a2000 	C:\WINDOWS\System32\shlwapi.dll
0x00007ffd17e10000 - 0x00007ffd17e1f000 	C:\WINDOWS\System32\kernel.appcore.dll
0x00007ffd18730000 - 0x00007ffd187d9000 	C:\WINDOWS\System32\shcore.dll
0x00007ffd17da0000 - 0x00007ffd17db4000 	C:\WINDOWS\System32\profapi.dll

VM Arguments:
jvm_args: -Djava.awt.headless=true -Xmx1024M -Dfile.encoding=GBK -Duser.country=CN -Duser.language=zh -Duser.variant 
java_command: com.android.dx.command.Main --dex --force-jumbo --num-threads=4 --output D:\workspace1\FastSport\app\build\intermediates\pre-dexed\debug\main_05465c8ce4dbf1a1b25f758b504cb6844096a7d3.jar D:\workspace1\FastSport\app\build\intermediates\transforms\instantRun\debug\folders\1\5\main
java_class_path (initial): D:\AndroidStdio_sdk\sdk\build-tools\24.0.0\lib\dx.jar
Launcher Type: SUN_STANDARD

Environment Variables:
JAVA_HOME=D:\JAVA_enviroment
PATH=C:\ProgramData\Oracle\Java\javapath;C:\WINDOWS\system32;C:\WINDOWS;C:\WINDOWS\System32\Wbem;C:\WINDOWS\System32\WindowsPowerShell\v1.0\;D:\JAVA_enviroment\bin;D:\JAVA_enviroment\jre\bin;D:\android_sdk\sdk\tools;C:\Program Files (x86)\NVIDIA Corporation\PhysX\Common;D:\AndroidStdio_sdk\sdk\tools;C:\Program Files (x86)\Microsoft SQL Server\100\Tools\Binn\;C:\Program Files\Microsoft SQL Server\100\Tools\Binn\;C:\Program Files\Microsoft SQL Server\100\DTS\Binn\;C:\Program Files (x86)\Microsoft SQL Server\100\Tools\Binn\VSShell\Common7\IDE\;C:\Program Files (x86)\Microsoft Visual Studio 9.0\Common7\IDE\PrivateAssemblies\;C:\Program Files (x86)\Microsoft SQL Server\100\DTS\Binn\;D:\android_sdk\sdk\platform-tools;D:\android_sdk\sdk\tools;C:\WINDOWS\system32;C:\WINDOWS;C:\WINDOWS\System32\Wbem;C:\WINDOWS\System32\WindowsPowerShell\v1.0\;C:\Users\Administrator\AppData\Local\Microsoft\WindowsApps;
USERNAME=Administrator
OS=Windows_NT
PROCESSOR_IDENTIFIER=Intel64 Family 6 Model 58 Stepping 9, GenuineIntel



---------------  S Y S T E M  ---------------

OS: Windows 10.0 , 64 bit Build 14393 (10.0.14393.0)

CPU:total 4 (2 cores per cpu, 2 threads per core) family 6 model 58 stepping 9, cmov, cx8, fxsr, mmx, sse, sse2, sse3, ssse3, sse4.1, sse4.2, popcnt, avx, aes, clmul, erms, ht, tsc, tscinvbit, tscinv

Memory: 4k page, physical 8271404k(876340k free), swap 8271404k(5148k free)

vm_info: Java HotSpot(TM) 64-Bit Server VM (25.91-b14) for windows-amd64 JRE (1.8.0_91-b14), built on Apr  1 2016 00:58:32 by "java_re" with MS VC++ 10.0 (VS2010)

time: Tue Oct 18 10:52:55 2016
elapsed time: 2 seconds (0d 0h 0m 2s)

