#
# There is insufficient memory for the Java Runtime Environment to continue.
# Native memory allocation (malloc) failed to allocate 262160 bytes for Chunk::new
# Possible reasons:
#   The system is out of physical RAM or swap space
#   In 32 bit mode, the process size limit was hit
# Possible solutions:
#   Reduce memory load on the system
#   Increase physical memory or swap space
#   Check if swap backing store is full
#   Use 64 bit Java on a 64 bit OS
#   Decrease Java heap size (-Xmx/-Xms)
#   Decrease number of Java threads
#   Decrease Java thread stack sizes (-Xss)
#   Set larger code cache with -XX:ReservedCodeCacheSize=
# This output file may be truncated or incomplete.
#
#  Out of Memory Error (allocation.cpp:390), pid=8060, tid=12396
#
# JRE version: Java(TM) SE Runtime Environment (8.0_91-b14) (build 1.8.0_91-b14)
# Java VM: Java HotSpot(TM) 64-Bit Server VM (25.91-b14 mixed mode windows-amd64 compressed oops)
# Failed to write core dump. Minidumps are not enabled by default on client versions of Windows
#

---------------  T H R E A D  ---------------

Current thread (0x000000001695b000):  JavaThread "C2 CompilerThread1" daemon [_thread_in_native, id=12396, stack(0x0000000017040000,0x0000000017140000)]

Stack: [0x0000000017040000,0x0000000017140000]
[error occurred during error reporting (printing stack bounds), id 0xc0000005]

Native frames: (J=compiled Java code, j=interpreted, Vv=VM code, C=native code)


Current CompileTask:
C2:  32333 2011       4       com.android.dx.ssa.SsaConverter::placePhiFunctions (394 bytes)


---------------  P R O C E S S  ---------------

Java Threads: ( => current thread )
  0x0000000016c93800 JavaThread "pool-1-thread-4" [_thread_blocked, id=9048, stack(0x0000000017840000,0x0000000017940000)]
  0x0000000016c92000 JavaThread "pool-1-thread-3" [_thread_in_Java, id=11632, stack(0x0000000017740000,0x0000000017840000)]
  0x0000000016c91800 JavaThread "pool-1-thread-2" [_thread_blocked, id=3924, stack(0x0000000017640000,0x0000000017740000)]
  0x0000000016c8e800 JavaThread "pool-2-thread-1" [_thread_blocked, id=11324, stack(0x0000000017540000,0x0000000017640000)]
  0x0000000016c8d800 JavaThread "pool-1-thread-1" [_thread_blocked, id=11732, stack(0x0000000017440000,0x0000000017540000)]
  0x000000001699d800 JavaThread "Service Thread" daemon [_thread_blocked, id=8848, stack(0x0000000017240000,0x0000000017340000)]
  0x0000000016998800 JavaThread "C1 CompilerThread2" daemon [_thread_blocked, id=8316, stack(0x0000000017140000,0x0000000017240000)]
=>0x000000001695b000 JavaThread "C2 CompilerThread1" daemon [_thread_in_native, id=12396, stack(0x0000000017040000,0x0000000017140000)]
  0x0000000015639800 JavaThread "C2 CompilerThread0" daemon [_thread_in_native, id=12680, stack(0x0000000016f40000,0x0000000017040000)]
  0x00000000155ed000 JavaThread "Attach Listener" daemon [_thread_blocked, id=1828, stack(0x0000000016e40000,0x0000000016f40000)]
  0x00000000155ec000 JavaThread "Signal Dispatcher" daemon [_thread_blocked, id=13268, stack(0x0000000016d40000,0x0000000016e40000)]
  0x00000000155ca000 JavaThread "Finalizer" daemon [_thread_blocked, id=11624, stack(0x0000000016840000,0x0000000016940000)]
  0x00000000155a9000 JavaThread "Reference Handler" daemon [_thread_blocked, id=11360, stack(0x0000000016740000,0x0000000016840000)]
  0x0000000002e10800 JavaThread "main" [_thread_blocked, id=6632, stack(0x0000000002d10000,0x0000000002e10000)]

Other Threads:
  0x00000000155a7000 VMThread [stack: 0x0000000016640000,0x0000000016740000] [id=13108]
  0x00000000169b2800 WatcherThread [stack: 0x0000000017340000,0x0000000017440000] [id=10620]

VM state:not at safepoint (normal execution)

VM Mutex/Monitor currently owned by a thread: None

Heap:
 PSYoungGen      total 138240K, used 8393K [0x00000000eab00000, 0x00000000f3700000, 0x0000000100000000)
  eden space 133120K, 2% used [0x00000000eab00000,0x00000000eae34d90,0x00000000f2d00000)
  from space 5120K, 99% used [0x00000000f3200000,0x00000000f36fd978,0x00000000f3700000)
  to   space 5120K, 0% used [0x00000000f2d00000,0x00000000f2d00000,0x00000000f3200000)
 ParOldGen       total 87552K, used 26962K [0x00000000c0000000, 0x00000000c5580000, 0x00000000eab00000)
  object space 87552K, 30% used [0x00000000c0000000,0x00000000c1a54888,0x00000000c5580000)
 Metaspace       used 6493K, capacity 7192K, committed 7424K, reserved 1056768K
  class space    used 624K, capacity 656K, committed 768K, reserved 1048576K

Card table byte_map: [0x00000000122d0000,0x00000000124e0000] byte_map_base: 0x0000000011cd0000

Marking Bits: (ParMarkBitMap*) 0x0000000063692f70
 Begin Bits: [0x0000000012a40000, 0x0000000013a40000)
 End Bits:   [0x0000000013a40000, 0x0000000014a40000)

Polling page: 0x00000000009f0000

CodeCache: size=245760Kb used=8457Kb max_used=8457Kb free=237302Kb
 bounds [0x0000000002f10000, 0x0000000003770000, 0x0000000011f10000]
 total_blobs=2196 nmethods=1922 adapters=184
 compilation: enabled

Compilation events (10 events):
Event: 29.979 Thread 0x0000000015639800 nmethod 2003 0x00000000037099d0 code [0x0000000003709b60, 0x0000000003709fa8]
Event: 29.979 Thread 0x0000000015639800 1999       4       java.util.ArrayList$SubList::removeRange (47 bytes)
Event: 29.993 Thread 0x0000000015639800 nmethod 1999 0x0000000003734c50 code [0x0000000003734da0, 0x0000000003735018]
Event: 29.993 Thread 0x0000000015639800 2008       4       com.android.dx.ssa.SCCP::replaceConstants (209 bytes)
Event: 30.166 Thread 0x000000001695b000 nmethod 1993 0x0000000003750ad0 code [0x0000000003750da0, 0x0000000003753ca8]
Event: 30.167 Thread 0x000000001695b000 2002   !   4       com.android.dx.cf.direct.AttributeFactory::parse (248 bytes)
Event: 30.654 Thread 0x000000001695b000 nmethod 2002 0x000000000370abd0 code [0x000000000370ad60, 0x000000000370b658]
Event: 30.661 Thread 0x000000001695b000 2009       4       com.android.dx.dex.code.RopTranslator::outputBlock (202 bytes)
Event: 30.866 Thread 0x000000001695b000 nmethod 2009 0x0000000003757810 code [0x0000000003757a80, 0x00000000037594c8]
Event: 30.866 Thread 0x000000001695b000 2011       4       com.android.dx.ssa.SsaConverter::placePhiFunctions (394 bytes)

GC Heap History (8 events):
Event: 16.213 GC heap before
{Heap before GC invocations=1 (full 0):
 PSYoungGen      total 38400K, used 33280K [0x00000000eab00000, 0x00000000ed580000, 0x0000000100000000)
  eden space 33280K, 100% used [0x00000000eab00000,0x00000000ecb80000,0x00000000ecb80000)
  from space 5120K, 0% used [0x00000000ed080000,0x00000000ed080000,0x00000000ed580000)
  to   space 5120K, 0% used [0x00000000ecb80000,0x00000000ecb80000,0x00000000ed080000)
 ParOldGen       total 87552K, used 0K [0x00000000c0000000, 0x00000000c5580000, 0x00000000eab00000)
  object space 87552K, 0% used [0x00000000c0000000,0x00000000c0000000,0x00000000c5580000)
 Metaspace       used 5998K, capacity 6898K, committed 7040K, reserved 1056768K
  class space    used 598K, capacity 618K, committed 640K, reserved 1048576K
Event: 16.371 GC heap after
Heap after GC invocations=1 (full 0):
 PSYoungGen      total 38400K, used 5096K [0x00000000eab00000, 0x00000000ef600000, 0x0000000100000000)
  eden space 33280K, 0% used [0x00000000eab00000,0x00000000eab00000,0x00000000ecb80000)
  from space 5120K, 99% used [0x00000000ecb80000,0x00000000ed07a098,0x00000000ed080000)
  to   space 5120K, 0% used [0x00000000ef100000,0x00000000ef100000,0x00000000ef600000)
 ParOldGen       total 87552K, used 601K [0x00000000c0000000, 0x00000000c5580000, 0x00000000eab00000)
  object space 87552K, 0% used [0x00000000c0000000,0x00000000c00964f0,0x00000000c5580000)
 Metaspace       used 5998K, capacity 6898K, committed 7040K, reserved 1056768K
  class space    used 598K, capacity 618K, committed 640K, reserved 1048576K
}
Event: 21.016 GC heap before
{Heap before GC invocations=2 (full 0):
 PSYoungGen      total 38400K, used 38376K [0x00000000eab00000, 0x00000000ef600000, 0x0000000100000000)
  eden space 33280K, 100% used [0x00000000eab00000,0x00000000ecb80000,0x00000000ecb80000)
  from space 5120K, 99% used [0x00000000ecb80000,0x00000000ed07a098,0x00000000ed080000)
  to   space 5120K, 0% used [0x00000000ef100000,0x00000000ef100000,0x00000000ef600000)
 ParOldGen       total 87552K, used 601K [0x00000000c0000000, 0x00000000c5580000, 0x00000000eab00000)
  object space 87552K, 0% used [0x00000000c0000000,0x00000000c00964f0,0x00000000c5580000)
 Metaspace       used 6251K, capacity 7092K, committed 7296K, reserved 1056768K
  class space    used 602K, capacity 620K, committed 640K, reserved 1048576K
Event: 21.225 GC heap after
Heap after GC invocations=2 (full 0):
 PSYoungGen      total 71680K, used 5114K [0x00000000eab00000, 0x00000000ef600000, 0x0000000100000000)
  eden space 66560K, 0% used [0x00000000eab00000,0x00000000eab00000,0x00000000eec00000)
  from space 5120K, 99% used [0x00000000ef100000,0x00000000ef5feb30,0x00000000ef600000)
  to   space 5120K, 0% used [0x00000000eec00000,0x00000000eec00000,0x00000000ef100000)
 ParOldGen       total 87552K, used 5477K [0x00000000c0000000, 0x00000000c5580000, 0x00000000eab00000)
  object space 87552K, 6% used [0x00000000c0000000,0x00000000c0559520,0x00000000c5580000)
 Metaspace       used 6251K, capacity 7092K, committed 7296K, reserved 1056768K
  class space    used 602K, capacity 620K, committed 640K, reserved 1048576K
}
Event: 24.637 GC heap before
{Heap before GC invocations=3 (full 0):
 PSYoungGen      total 71680K, used 71674K [0x00000000eab00000, 0x00000000ef600000, 0x0000000100000000)
  eden space 66560K, 100% used [0x00000000eab00000,0x00000000eec00000,0x00000000eec00000)
  from space 5120K, 99% used [0x00000000ef100000,0x00000000ef5feb30,0x00000000ef600000)
  to   space 5120K, 0% used [0x00000000eec00000,0x00000000eec00000,0x00000000ef100000)
 ParOldGen       total 87552K, used 5477K [0x00000000c0000000, 0x00000000c5580000, 0x00000000eab00000)
  object space 87552K, 6% used [0x00000000c0000000,0x00000000c0559520,0x00000000c5580000)
 Metaspace       used 6338K, capacity 7092K, committed 7296K, reserved 1056768K
  class space    used 602K, capacity 620K, committed 640K, reserved 1048576K
Event: 24.830 GC heap after
Heap after GC invocations=3 (full 0):
 PSYoungGen      total 71680K, used 5106K [0x00000000eab00000, 0x00000000f3700000, 0x0000000100000000)
  eden space 66560K, 0% used [0x00000000eab00000,0x00000000eab00000,0x00000000eec00000)
  from space 5120K, 99% used [0x00000000eec00000,0x00000000ef0fc8d0,0x00000000ef100000)
  to   space 5120K, 0% used [0x00000000f3200000,0x00000000f3200000,0x00000000f3700000)
 ParOldGen       total 87552K, used 15939K [0x00000000c0000000, 0x00000000c5580000, 0x00000000eab00000)
  object space 87552K, 18% used [0x00000000c0000000,0x00000000c0f90e60,0x00000000c5580000)
 Metaspace       used 6338K, capacity 7092K, committed 7296K, reserved 1056768K
  class space    used 602K, capacity 620K, committed 640K, reserved 1048576K
}
Event: 31.213 GC heap before
{Heap before GC invocations=4 (full 0):
 PSYoungGen      total 71680K, used 71666K [0x00000000eab00000, 0x00000000f3700000, 0x0000000100000000)
  eden space 66560K, 100% used [0x00000000eab00000,0x00000000eec00000,0x00000000eec00000)
  from space 5120K, 99% used [0x00000000eec00000,0x00000000ef0fc8d0,0x00000000ef100000)
  to   space 5120K, 0% used [0x00000000f3200000,0x00000000f3200000,0x00000000f3700000)
 ParOldGen       total 87552K, used 15939K [0x00000000c0000000, 0x00000000c5580000, 0x00000000eab00000)
  object space 87552K, 18% used [0x00000000c0000000,0x00000000c0f90e60,0x00000000c5580000)
 Metaspace       used 6493K, capacity 7192K, committed 7424K, reserved 1056768K
  class space    used 624K, capacity 656K, committed 768K, reserved 1048576K
Event: 32.304 GC heap after
Heap after GC invocations=4 (full 0):
 PSYoungGen      total 138240K, used 5110K [0x00000000eab00000, 0x00000000f3700000, 0x0000000100000000)
  eden space 133120K, 0% used [0x00000000eab00000,0x00000000eab00000,0x00000000f2d00000)
  from space 5120K, 99% used [0x00000000f3200000,0x00000000f36fd978,0x00000000f3700000)
  to   space 5120K, 0% used [0x00000000f2d00000,0x00000000f2d00000,0x00000000f3200000)
 ParOldGen       total 87552K, used 26962K [0x00000000c0000000, 0x00000000c5580000, 0x00000000eab00000)
  object space 87552K, 30% used [0x00000000c0000000,0x00000000c1a54888,0x00000000c5580000)
 Metaspace       used 6493K, capacity 7192K, committed 7424K, reserved 1056768K
  class space    used 624K, capacity 656K, committed 768K, reserved 1048576K
}

Deoptimization events (10 events):
Event: 23.976 Thread 0x0000000016c92000 Uncommon trap: reason=bimorphic action=maybe_recompile pc=0x00000000031658dc method=java.util.HashMap.getNode(ILjava/lang/Object;)Ljava/util/HashMap$Node; @ 126
Event: 23.983 Thread 0x0000000016c92000 Uncommon trap: reason=class_check action=maybe_recompile pc=0x00000000035f0078 method=com.android.dx.rop.code.RegisterSpec.withSimpleType()Lcom/android/dx/rop/code/RegisterSpec; @ 21
Event: 24.027 Thread 0x0000000002e10800 Uncommon trap: reason=unstable_if action=reinterpret pc=0x000000000330aaac method=com.android.dx.rop.code.RegisterSpec.equals(ILcom/android/dx/rop/type/TypeBearer;Lcom/android/dx/rop/code/LocalItem;)Z @ 42
Event: 24.027 Thread 0x0000000002e10800 Uncommon trap: reason=unstable_if action=reinterpret pc=0x00000000032534d4 method=com.android.dx.rop.code.RegisterSpec.equals(ILcom/android/dx/rop/type/TypeBearer;Lcom/android/dx/rop/code/LocalItem;)Z @ 42
Event: 24.033 Thread 0x0000000002e10800 Uncommon trap: reason=class_check action=maybe_recompile pc=0x00000000035f0078 method=com.android.dx.rop.code.RegisterSpec.withSimpleType()Lcom/android/dx/rop/code/RegisterSpec; @ 21
Event: 24.485 Thread 0x0000000016c92000 Uncommon trap: reason=unstable_if action=reinterpret pc=0x00000000034bf130 method=com.android.dx.rop.code.LocalItem.compareHandlesNulls(Lcom/android/dx/rop/cst/CstString;Lcom/android/dx/rop/cst/CstString;)I @ 14
Event: 26.265 Thread 0x0000000016c92000 Uncommon trap: reason=bimorphic action=maybe_recompile pc=0x0000000003468054 method=com.android.dx.cf.code.BytecodeArray.parseInstruction(ILcom/android/dx/cf/code/BytecodeArray$Visitor;)I @ 2281
Event: 26.265 Thread 0x0000000016c92000 Uncommon trap: reason=bimorphic action=maybe_recompile pc=0x0000000003468054 method=com.android.dx.cf.code.BytecodeArray.parseInstruction(ILcom/android/dx/cf/code/BytecodeArray$Visitor;)I @ 2281
Event: 27.037 Thread 0x0000000016c91800 Uncommon trap: reason=class_check action=maybe_recompile pc=0x000000000342df04 method=java.util.HashMap.putVal(ILjava/lang/Object;Ljava/lang/Object;ZZ)Ljava/lang/Object; @ 203
Event: 28.283 Thread 0x0000000002e10800 Uncommon trap: reason=unstable_if action=reinterpret pc=0x0000000003297024 method=java.util.HashMap.putVal(ILjava/lang/Object;Ljava/lang/Object;ZZ)Ljava/lang/Object; @ 162

Internal exceptions (8 events):
Event: 8.055 Thread 0x0000000002e10800 Exception <a 'java/lang/NoSuchMethodError': Method sun.misc.Unsafe.defineClass(Ljava/lang/String;[BII)Ljava/lang/Class; name or signature does not match> (0x00000000eab07cc0) thrown at [C:\re\workspace\8-2-build-windows-amd64-cygwin\jdk8u91\6644\hotspot\srnná7 @
Event: 8.055 Thread 0x0000000002e10800 Exception <a 'java/lang/NoSuchMethodError': Method sun.misc.Unsafe.prefetchRead(Ljava/lang/Object;J)V name or signature does not match> (0x00000000eab07fa8) thrown at [C:\re\workspace\8-2-build-windows-amd64-cygwin\jdk8u91\6644\hotspot\src\share\vm\prims\j"F'pÄ/@
Event: 15.884 Thread 0x0000000016c91800 Implicit null exception at 0x0000000003205a52 to 0x00000000032075fd
Event: 15.884 Thread 0x0000000016c91800 Implicit null exception at 0x00000000031ed686 to 0x00000000031ef321
Event: 24.485 Thread 0x0000000016c92000 Implicit null exception at 0x00000000034bd72d to 0x00000000034bf109
Event: 29.140 Thread 0x0000000002e10800 Exception <a 'java/lang/ArrayIndexOutOfBoundsException': 18> (0x00000000ee55f328) thrown at [C:\re\workspace\8-2-build-windows-amd64-cygwin\jdk8u91\6644\hotspot\src\share\vm\interpreter\interpreterRuntime.cpp, line 366]
Event: 29.141 Thread 0x0000000002e10800 Exception <a 'java/lang/ArrayIndexOutOfBoundsException': 145> (0x00000000ee560ea8) thrown at [C:\re\workspace\8-2-build-windows-amd64-cygwin\jdk8u91\6644\hotspot\src\share\vm\interpreter\interpreterRuntime.cpp, line 366]
Event: 29.151 Thread 0x0000000002e10800 Exception <a 'java/lang/ArrayIndexOutOfBoundsException'> (0x00000000ee562190) thrown at [C:\re\workspace\8-2-build-windows-amd64-cygwin\jdk8u91\6644\hotspot\src\share\vm\runtime\sharedRuntime.cpp, line 605]

Events (10 events):
Event: 29.151 loading class java/lang/reflect/TypeVariable
Event: 29.151 loading class java/lang/reflect/TypeVariable done
Event: 29.152 loading class sun/reflect/generics/reflectiveObjects/TypeVariableImpl
Event: 29.152 loading class sun/reflect/generics/reflectiveObjects/LazyReflectiveObjectGenerator
Event: 29.152 loading class sun/reflect/generics/reflectiveObjects/LazyReflectiveObjectGenerator done
Event: 29.152 loading class sun/reflect/generics/reflectiveObjects/TypeVariableImpl done
Event: 29.918 loading class com/android/dx/cf/iface/ParseObserver
Event: 29.918 loading class com/android/dx/cf/iface/ParseObserver done
Event: 31.212 Executing VM operation: ParallelGCFailedAllocation
Event: 32.304 Executing VM operation: ParallelGCFailedAllocation done


Dynamic libraries:
0x00007ff69c4b0000 - 0x00007ff69c4e7000 	D:\JAVA_enviroment\bin\java.exe
0x00007ffcc44d0000 - 0x00007ffcc46a1000 	C:\WINDOWS\SYSTEM32\ntdll.dll
0x00007ffcc3c80000 - 0x00007ffcc3d2b000 	C:\WINDOWS\System32\KERNEL32.DLL
0x00007ffcc09c0000 - 0x00007ffcc0bdd000 	C:\WINDOWS\System32\KERNELBASE.dll
0x00007ffcc3480000 - 0x00007ffcc3522000 	C:\WINDOWS\System32\ADVAPI32.dll
0x00007ffcc33e0000 - 0x00007ffcc347e000 	C:\WINDOWS\System32\msvcrt.dll
0x00007ffcc1e70000 - 0x00007ffcc1ec9000 	C:\WINDOWS\System32\sechost.dll
0x00007ffcc1ad0000 - 0x00007ffcc1bf1000 	C:\WINDOWS\System32\RPCRT4.dll
0x00007ffcc4060000 - 0x00007ffcc41c5000 	C:\WINDOWS\System32\USER32.dll
0x00007ffcc1610000 - 0x00007ffcc162e000 	C:\WINDOWS\System32\win32u.dll
0x00007ffcc3810000 - 0x00007ffcc3844000 	C:\WINDOWS\System32\GDI32.dll
0x00007ffcc0be0000 - 0x00007ffcc0d62000 	C:\WINDOWS\System32\gdi32full.dll
0x00007ffcba4a0000 - 0x00007ffcba719000 	C:\WINDOWS\WinSxS\amd64_microsoft.windows.common-controls_6595b64144ccf1df_6.0.14393.0_none_2d0f50fcbdb171b8\COMCTL32.dll
0x00007ffcc3530000 - 0x00007ffcc37f7000 	C:\WINDOWS\System32\combase.dll
0x00007ffcc1630000 - 0x00007ffcc1725000 	C:\WINDOWS\System32\ucrtbase.dll
0x00007ffcc1820000 - 0x00007ffcc188a000 	C:\WINDOWS\System32\bcryptPrimitives.dll
0x00007ffcc4030000 - 0x00007ffcc405e000 	C:\WINDOWS\System32\IMM32.DLL
0x0000000062a80000 - 0x0000000062b52000 	D:\JAVA_enviroment\jre\bin\msvcr100.dll
0x0000000062e80000 - 0x0000000063713000 	D:\JAVA_enviroment\jre\bin\server\jvm.dll
0x00007ffcc1a60000 - 0x00007ffcc1a68000 	C:\WINDOWS\System32\PSAPI.DLL
0x00007ffcbd6b0000 - 0x00007ffcbd6b9000 	C:\WINDOWS\SYSTEM32\WSOCK32.dll
0x00007ffcc3fc0000 - 0x00007ffcc402a000 	C:\WINDOWS\System32\WS2_32.dll
0x00007ffcbe850000 - 0x00007ffcbe873000 	C:\WINDOWS\SYSTEM32\WINMM.dll
0x00007ffcbc570000 - 0x00007ffcbc57a000 	C:\WINDOWS\SYSTEM32\VERSION.dll
0x00007ffcbe7f0000 - 0x00007ffcbe81b000 	C:\WINDOWS\SYSTEM32\WINMMBASE.dll
0x00007ffcc17d0000 - 0x00007ffcc1812000 	C:\WINDOWS\System32\cfgmgr32.dll
0x0000000063800000 - 0x000000006380f000 	D:\JAVA_enviroment\jre\bin\verify.dll
0x00000000637d0000 - 0x00000000637f9000 	D:\JAVA_enviroment\jre\bin\java.dll
0x00000000637b0000 - 0x00000000637c6000 	D:\JAVA_enviroment\jre\bin\zip.dll
0x00007ffcc1ed0000 - 0x00007ffcc33d8000 	C:\WINDOWS\System32\SHELL32.dll
0x00007ffcc0e20000 - 0x00007ffcc14fa000 	C:\WINDOWS\System32\windows.storage.dll
0x00007ffcc0970000 - 0x00007ffcc09bc000 	C:\WINDOWS\System32\powrprof.dll
0x00007ffcc1c00000 - 0x00007ffcc1c52000 	C:\WINDOWS\System32\shlwapi.dll
0x00007ffcc0940000 - 0x00007ffcc094f000 	C:\WINDOWS\System32\kernel.appcore.dll
0x00007ffcc1500000 - 0x00007ffcc15a9000 	C:\WINDOWS\System32\shcore.dll
0x00007ffcc0950000 - 0x00007ffcc0964000 	C:\WINDOWS\System32\profapi.dll

VM Arguments:
jvm_args: -Djava.awt.headless=true -Xmx1024M -Dfile.encoding=GBK -Duser.country=CN -Duser.language=zh -Duser.variant 
java_command: com.android.dx.command.Main --dex --force-jumbo --num-threads=4 --output D:\workspace1\FastSport\app\build\intermediates\pre-dexed\debug\rxjava-1.1.6_86e26f1c3dc66059aac75630bfcff565fed0690d.jar D:\workspace1\FastSport\app\build\intermediates\exploded-aar\cn.bmob.android\bmob-sdk\3.5.0\jars\libs\rxjava-1.1.6.jar
java_class_path (initial): D:\AndroidStdio_sdk\sdk\build-tools\24.0.0\lib\dx.jar
Launcher Type: SUN_STANDARD

Environment Variables:
JAVA_HOME=D:\JAVA_enviroment
PATH=C:\ProgramData\Oracle\Java\javapath;C:\WINDOWS\system32;C:\WINDOWS;C:\WINDOWS\System32\Wbem;C:\WINDOWS\System32\WindowsPowerShell\v1.0\;D:\JAVA_enviroment\bin;D:\JAVA_enviroment\jre\bin;D:\android_sdk\sdk\tools;C:\Program Files (x86)\NVIDIA Corporation\PhysX\Common;D:\AndroidStdio_sdk\sdk\tools;C:\Program Files (x86)\Microsoft SQL Server\100\Tools\Binn\;C:\Program Files\Microsoft SQL Server\100\Tools\Binn\;C:\Program Files\Microsoft SQL Server\100\DTS\Binn\;C:\Program Files (x86)\Microsoft SQL Server\100\Tools\Binn\VSShell\Common7\IDE\;C:\Program Files (x86)\Microsoft Visual Studio 9.0\Common7\IDE\PrivateAssemblies\;C:\Program Files (x86)\Microsoft SQL Server\100\DTS\Binn\;D:\android_sdk\sdk\platform-tools;D:\android_sdk\sdk\tools;C:\WINDOWS\system32;C:\WINDOWS;C:\WINDOWS\System32\Wbem;C:\WINDOWS\System32\WindowsPowerShell\v1.0\;C:\Users\Administrator\AppData\Local\Microsoft\WindowsApps;
USERNAME=Administrator
OS=Windows_NT
PROCESSOR_IDENTIFIER=Intel64 Family 6 Model 58 Stepping 9, GenuineIntel



---------------  S Y S T E M  ---------------

OS: Windows 10.0 , 64 bit Build 14393 (10.0.14393.0)

CPU:total 4 (2 cores per cpu, 2 threads per core) family 6 model 58 stepping 9, cmov, cx8, fxsr, mmx, sse, sse2, sse3, ssse3, sse4.1, sse4.2, popcnt, avx, aes, clmul, erms, ht, tsc, tscinvbit, tscinv

Memory: 4k page, physical 8271404k(1135624k free), swap 8271404k(4628k free)

vm_info: Java HotSpot(TM) 64-Bit Server VM (25.91-b14) for windows-amd64 JRE (1.8.0_91-b14), built on Apr  1 2016 00:58:32 by "java_re" with MS VC++ 10.0 (VS2010)

time: Mon Oct 10 21:15:20 2016
elapsed time: 32 seconds (0d 0h 0m 32s)

