#
# There is insufficient memory for the Java Runtime Environment to continue.
# Native memory allocation (malloc) failed to allocate 340160 bytes for Chunk::new
# Possible reasons:
#   The system is out of physical RAM or swap space
#   In 32 bit mode, the process size limit was hit
# Possible solutions:
#   Reduce memory load on the system
#   Increase physical memory or swap space
#   Check if swap backing store is full
#   Use 64 bit Java on a 64 bit OS
#   Decrease Java heap size (-Xmx/-Xms)
#   Decrease number of Java threads
#   Decrease Java thread stack sizes (-Xss)
#   Set larger code cache with -XX:ReservedCodeCacheSize=
# This output file may be truncated or incomplete.
#
#  Out of Memory Error (allocation.cpp:390), pid=9396, tid=6976
#
# JRE version: Java(TM) SE Runtime Environment (8.0_91-b14) (build 1.8.0_91-b14)
# Java VM: Java HotSpot(TM) 64-Bit Server VM (25.91-b14 mixed mode windows-amd64 compressed oops)
# Failed to write core dump. Minidumps are not enabled by default on client versions of Windows
#

---------------  T H R E A D  ---------------

Current thread (0x000000001555a800):  JavaThread "C2 CompilerThread0" daemon [_thread_in_native, id=6976, stack(0x0000000016e50000,0x0000000016f50000)]

Stack: [0x0000000016e50000,0x0000000016f50000]
[error occurred during error reporting (printing stack bounds), id 0xc0000005]

Native frames: (J=compiled Java code, j=interpreted, Vv=VM code, C=native code)


Current CompileTask:
C2:   2311 1085       4       com.android.dx.ssa.SCCP::simulateStmt (481 bytes)


---------------  P R O C E S S  ---------------

Java Threads: ( => current thread )
  0x0000000016ad8800 JavaThread "pool-1-thread-4" [_thread_in_Java, id=8024, stack(0x0000000017750000,0x0000000017850000)]
  0x0000000016a8f800 JavaThread "pool-1-thread-3" [_thread_in_Java, id=13096, stack(0x0000000017650000,0x0000000017750000)]
  0x00000000169f7000 JavaThread "pool-1-thread-2" [_thread_in_vm, id=12564, stack(0x0000000017550000,0x0000000017650000)]
  0x00000000169d3800 JavaThread "pool-2-thread-1" [_thread_blocked, id=560, stack(0x0000000017450000,0x0000000017550000)]
  0x00000000169c8800 JavaThread "pool-1-thread-1" [_thread_in_Java, id=4348, stack(0x0000000017350000,0x0000000017450000)]
  0x00000000168ae000 JavaThread "Service Thread" daemon [_thread_blocked, id=12996, stack(0x0000000017150000,0x0000000017250000)]
  0x00000000168ab800 JavaThread "C1 CompilerThread2" daemon [_thread_blocked, id=2880, stack(0x0000000017050000,0x0000000017150000)]
  0x000000001555e800 JavaThread "C2 CompilerThread1" daemon [_thread_in_native, id=5344, stack(0x0000000016f50000,0x0000000017050000)]
=>0x000000001555a800 JavaThread "C2 CompilerThread0" daemon [_thread_in_native, id=6976, stack(0x0000000016e50000,0x0000000016f50000)]
  0x000000001550f000 JavaThread "Attach Listener" daemon [_thread_blocked, id=11680, stack(0x0000000016d50000,0x0000000016e50000)]
  0x000000001550e000 JavaThread "Signal Dispatcher" daemon [_thread_blocked, id=6432, stack(0x0000000016c50000,0x0000000016d50000)]
  0x00000000154ea000 JavaThread "Finalizer" daemon [_thread_blocked, id=12368, stack(0x0000000016750000,0x0000000016850000)]
  0x00000000154c9000 JavaThread "Reference Handler" daemon [_thread_blocked, id=3136, stack(0x0000000016650000,0x0000000016750000)]
  0x0000000002d30800 JavaThread "main" [_thread_in_Java, id=11364, stack(0x0000000002c30000,0x0000000002d30000)]

Other Threads:
  0x00000000154c7000 VMThread [stack: 0x0000000016550000,0x0000000016650000] [id=12040]
  0x00000000168c7000 WatcherThread [stack: 0x0000000017250000,0x0000000017350000] [id=6116]

VM state:not at safepoint (normal execution)

VM Mutex/Monitor currently owned by a thread: None

Heap:
 PSYoungGen      total 38400K, used 30274K [0x00000000eab00000, 0x00000000ed580000, 0x0000000100000000)
  eden space 33280K, 90% used [0x00000000eab00000,0x00000000ec890988,0x00000000ecb80000)
  from space 5120K, 0% used [0x00000000ed080000,0x00000000ed080000,0x00000000ed580000)
  to   space 5120K, 0% used [0x00000000ecb80000,0x00000000ecb80000,0x00000000ed080000)
 ParOldGen       total 87552K, used 0K [0x00000000c0000000, 0x00000000c5580000, 0x00000000eab00000)
  object space 87552K, 0% used [0x00000000c0000000,0x00000000c0000000,0x00000000c5580000)
 Metaspace       used 6043K, capacity 6964K, committed 7040K, reserved 1056768K
  class space    used 601K, capacity 620K, committed 640K, reserved 1048576K

Card table byte_map: [0x00000000121f0000,0x0000000012400000] byte_map_base: 0x0000000011bf0000

Marking Bits: (ParMarkBitMap*) 0x000000005d9c2f70
 Begin Bits: [0x0000000012960000, 0x0000000013960000)
 End Bits:   [0x0000000013960000, 0x0000000014960000)

Polling page: 0x0000000000c50000

CodeCache: size=245760Kb used=4820Kb max_used=4820Kb free=240939Kb
 bounds [0x0000000002e30000, 0x00000000032f0000, 0x0000000011e30000]
 total_blobs=1471 nmethods=1199 adapters=184
 compilation: disabled (not enough contiguous free space left)

Compilation events (10 events):
Event: 2.284 Thread 0x00000000168ab800 1198       3       com.android.dx.ssa.back.FirstFitLocalCombiningAllocator::handleUnassociatedParameters (60 bytes)
Event: 2.285 Thread 0x00000000168ab800 nmethod 1198 0x00000000032e4f90 code [0x00000000032e5140, 0x00000000032e57f8]
Event: 2.285 Thread 0x00000000168ab800 1199       3       com.android.dx.rop.cst.CstFieldRef::getType (8 bytes)
Event: 2.285 Thread 0x00000000168ab800 nmethod 1199 0x00000000032e5a90 code [0x00000000032e5c00, 0x00000000032e5fa8]
Event: 2.285 Thread 0x00000000168ab800 1200       3       com.android.dx.rop.cst.CstNat::getFieldType (11 bytes)
Event: 2.286 Thread 0x00000000168ab800 nmethod 1200 0x00000000032e60d0 code [0x00000000032e6240, 0x00000000032e6468]
Event: 2.286 Thread 0x00000000168ab800 1194       3       com.android.dx.cf.code.BaseMachine::auxTargetArg (6 bytes)
Event: 2.286 Thread 0x00000000168ab800 nmethod 1194 0x00000000032e6510 code [0x00000000032e6660, 0x00000000032e67b0]
Event: 2.289 Thread 0x00000000168ab800 1201       3       com.android.dx.rop.annotation.Annotations::size (8 bytes)
Event: 2.289 Thread 0x00000000168ab800 nmethod 1201 0x00000000032e6850 code [0x00000000032e69a0, 0x00000000032e6b30]

GC Heap History (0 events):
No events

Deoptimization events (9 events):
Event: 2.018 Thread 0x0000000016ad8800 Uncommon trap: reason=unstable_if action=reinterpret pc=0x000000000307adb4 method=java.util.BitSet.ensureCapacity(I)V @ 6
Event: 2.125 Thread 0x00000000169f7000 Uncommon trap: reason=bimorphic action=maybe_recompile pc=0x00000000030386dc method=java.util.HashMap.getNode(ILjava/lang/Object;)Ljava/util/HashMap$Node; @ 126
Event: 2.125 Thread 0x00000000169f7000 Uncommon trap: reason=class_check action=maybe_recompile pc=0x000000000321a7bc method=java.util.HashMap.putVal(ILjava/lang/Object;Ljava/lang/Object;ZZ)Ljava/lang/Object; @ 203
Event: 2.125 Thread 0x00000000169f7000 Uncommon trap: reason=bimorphic action=maybe_recompile pc=0x00000000030386dc method=java.util.HashMap.getNode(ILjava/lang/Object;)Ljava/util/HashMap$Node; @ 126
Event: 2.130 Thread 0x00000000169c8800 Uncommon trap: reason=null_check action=make_not_entrant pc=0x0000000003132c28 method=com.android.dx.ssa.SsaRenamer.getLocalForNewReg(I)Lcom/android/dx/rop/code/LocalItem; @ 19
Event: 2.233 Thread 0x00000000169f7000 Uncommon trap: reason=bimorphic action=maybe_recompile pc=0x000000000303af98 method=java.util.HashMap.getNode(ILjava/lang/Object;)Ljava/util/HashMap$Node; @ 126
Event: 2.233 Thread 0x00000000169f7000 Uncommon trap: reason=bimorphic action=maybe_recompile pc=0x000000000303af98 method=java.util.HashMap.getNode(ILjava/lang/Object;)Ljava/util/HashMap$Node; @ 126
Event: 2.233 Thread 0x00000000169f7000 Uncommon trap: reason=bimorphic action=maybe_recompile pc=0x00000000030386dc method=java.util.HashMap.getNode(ILjava/lang/Object;)Ljava/util/HashMap$Node; @ 126
Event: 2.233 Thread 0x00000000169f7000 Uncommon trap: reason=class_check action=maybe_recompile pc=0x000000000321a7bc method=java.util.HashMap.putVal(ILjava/lang/Object;Ljava/lang/Object;ZZ)Ljava/lang/Object; @ 203

Internal exceptions (3 events):
Event: 0.114 Thread 0x0000000002d30800 Exception <a 'java/lang/NoSuchMethodError': Method sun.misc.Unsafe.defineClass(Ljava/lang/String;[BII)Ljava/lang/Class; name or signature does not match> (0x00000000eab07cc0) thrown at [C:\re\workspace\8-2-build-windows-amd64-cygwin\jdk8u91\6644\hotspot\sr85ÿPxF½?
Event: 0.114 Thread 0x0000000002d30800 Exception <a 'java/lang/NoSuchMethodError': Method sun.misc.Unsafe.prefetchRead(Ljava/lang/Object;J)V name or signature does not match> (0x00000000eab07fa8) thrown at [C:\re\workspace\8-2-build-windows-amd64-cygwin\jdk8u91\6644\hotspot\src\share\vm\prims\joK*'
@
Event: 2.130 Thread 0x00000000169c8800 Implicit null exception at 0x00000000031313ff to 0x0000000003132be1

Events (10 events):
Event: 2.233 Thread 0x00000000169f7000 DEOPT UNPACKING pc=0x0000000002e7582a sp=0x000000001764e800 mode 2
Event: 2.233 Thread 0x00000000169f7000 Uncommon trap: trap_request=0xffffffc6 fr.pc=0x000000000303af98
Event: 2.233 Thread 0x00000000169f7000 DEOPT PACKING pc=0x000000000303af98 sp=0x000000001764e890
Event: 2.233 Thread 0x00000000169f7000 DEOPT UNPACKING pc=0x0000000002e7582a sp=0x000000001764e800 mode 2
Event: 2.233 Thread 0x00000000169f7000 Uncommon trap: trap_request=0xffffffc6 fr.pc=0x00000000030386dc
Event: 2.233 Thread 0x00000000169f7000 DEOPT PACKING pc=0x00000000030386dc sp=0x000000001764e590
Event: 2.233 Thread 0x00000000169f7000 DEOPT UNPACKING pc=0x0000000002e7582a sp=0x000000001764e4a8 mode 2
Event: 2.233 Thread 0x00000000169f7000 Uncommon trap: trap_request=0xffffffde fr.pc=0x000000000321a7bc
Event: 2.233 Thread 0x00000000169f7000 DEOPT PACKING pc=0x000000000321a7bc sp=0x000000001764e9b0
Event: 2.233 Thread 0x00000000169f7000 DEOPT UNPACKING pc=0x0000000002e7582a sp=0x000000001764e8d8 mode 2


Dynamic libraries:
0x00007ff7b5260000 - 0x00007ff7b5297000 	D:\JAVA_enviroment\bin\java.exe
0x00007ffcba850000 - 0x00007ffcbaa21000 	C:\WINDOWS\SYSTEM32\ntdll.dll
0x00007ffcb8590000 - 0x00007ffcb863b000 	C:\WINDOWS\System32\KERNEL32.DLL
0x00007ffcb73c0000 - 0x00007ffcb75dd000 	C:\WINDOWS\System32\KERNELBASE.dll
0x00007ffcba3b0000 - 0x00007ffcba452000 	C:\WINDOWS\System32\ADVAPI32.dll
0x00007ffcb7de0000 - 0x00007ffcb7e7e000 	C:\WINDOWS\System32\msvcrt.dll
0x00007ffcb8750000 - 0x00007ffcb87a9000 	C:\WINDOWS\System32\sechost.dll
0x00007ffcba0f0000 - 0x00007ffcba211000 	C:\WINDOWS\System32\RPCRT4.dll
0x00007ffcb8420000 - 0x00007ffcb8585000 	C:\WINDOWS\System32\USER32.dll
0x00007ffcb7dc0000 - 0x00007ffcb7dde000 	C:\WINDOWS\System32\win32u.dll
0x00007ffcba220000 - 0x00007ffcba254000 	C:\WINDOWS\System32\GDI32.dll
0x00007ffcb7010000 - 0x00007ffcb7192000 	C:\WINDOWS\System32\gdi32full.dll
0x00007ffcb0c60000 - 0x00007ffcb0eda000 	C:\WINDOWS\WinSxS\amd64_microsoft.windows.common-controls_6595b64144ccf1df_6.0.14393.351_none_4213128bc687e6d3\COMCTL32.dll
0x00007ffcb7ef0000 - 0x00007ffcb81b7000 	C:\WINDOWS\System32\combase.dll
0x00007ffcb6f10000 - 0x00007ffcb7005000 	C:\WINDOWS\System32\ucrtbase.dll
0x00007ffcb71a0000 - 0x00007ffcb720a000 	C:\WINDOWS\System32\bcryptPrimitives.dll
0x00007ffcba460000 - 0x00007ffcba48e000 	C:\WINDOWS\System32\IMM32.DLL
0x000000005cb60000 - 0x000000005cc32000 	D:\JAVA_enviroment\jre\bin\msvcr100.dll
0x000000005d1b0000 - 0x000000005da43000 	D:\JAVA_enviroment\jre\bin\server\jvm.dll
0x00007ffcb8640000 - 0x00007ffcb8648000 	C:\WINDOWS\System32\PSAPI.DLL
0x00007ffcb3b10000 - 0x00007ffcb3b19000 	C:\WINDOWS\SYSTEM32\WSOCK32.dll
0x00007ffcba720000 - 0x00007ffcba78a000 	C:\WINDOWS\System32\WS2_32.dll
0x00007ffcb4ab0000 - 0x00007ffcb4ad3000 	C:\WINDOWS\SYSTEM32\WINMM.dll
0x00007ffcb21f0000 - 0x00007ffcb21fa000 	C:\WINDOWS\SYSTEM32\VERSION.dll
0x00007ffcb4a40000 - 0x00007ffcb4a6b000 	C:\WINDOWS\SYSTEM32\WINMMBASE.dll
0x00007ffcb75e0000 - 0x00007ffcb7622000 	C:\WINDOWS\System32\cfgmgr32.dll
0x000000005db30000 - 0x000000005db3f000 	D:\JAVA_enviroment\jre\bin\verify.dll
0x000000005db00000 - 0x000000005db29000 	D:\JAVA_enviroment\jre\bin\java.dll
0x000000005dae0000 - 0x000000005daf6000 	D:\JAVA_enviroment\jre\bin\zip.dll
0x00007ffcb87b0000 - 0x00007ffcb9cb9000 	C:\WINDOWS\System32\SHELL32.dll
0x00007ffcb7630000 - 0x00007ffcb7d0a000 	C:\WINDOWS\System32\windows.storage.dll
0x00007ffcb6cb0000 - 0x00007ffcb6cfc000 	C:\WINDOWS\System32\powrprof.dll
0x00007ffcba640000 - 0x00007ffcba692000 	C:\WINDOWS\System32\shlwapi.dll
0x00007ffcb6d00000 - 0x00007ffcb6d0f000 	C:\WINDOWS\System32\kernel.appcore.dll
0x00007ffcb7310000 - 0x00007ffcb73b9000 	C:\WINDOWS\System32\shcore.dll
0x00007ffcb6d10000 - 0x00007ffcb6d24000 	C:\WINDOWS\System32\profapi.dll

VM Arguments:
jvm_args: -Djava.awt.headless=true -Xmx1024M -Dfile.encoding=GBK -Duser.country=CN -Duser.language=zh -Duser.variant 
java_command: com.android.dx.command.Main --dex --force-jumbo --num-threads=4 --output D:\workspace1\FastSport\app\build\intermediates\pre-dexed\debug\okio-1.7.0_ee8b1d83645b468c1364e9fe4bbae12791d6229f.jar D:\workspace1\FastSport\app\build\intermediates\exploded-aar\cn.bmob.android\bmob-sdk\3.5.0\jars\libs\okio-1.7.0.jar
java_class_path (initial): D:\AndroidStdio_sdk\sdk\build-tools\24.0.0\lib\dx.jar
Launcher Type: SUN_STANDARD

Environment Variables:
JAVA_HOME=D:\JAVA_enviroment
PATH=C:\ProgramData\Oracle\Java\javapath;C:\WINDOWS\system32;C:\WINDOWS;C:\WINDOWS\System32\Wbem;C:\WINDOWS\System32\WindowsPowerShell\v1.0\;D:\JAVA_enviroment\bin;D:\JAVA_enviroment\jre\bin;D:\android_sdk\sdk\tools;C:\Program Files (x86)\NVIDIA Corporation\PhysX\Common;D:\AndroidStdio_sdk\sdk\tools;C:\Program Files (x86)\Microsoft SQL Server\100\Tools\Binn\;C:\Program Files\Microsoft SQL Server\100\Tools\Binn\;C:\Program Files\Microsoft SQL Server\100\DTS\Binn\;C:\Program Files (x86)\Microsoft SQL Server\100\Tools\Binn\VSShell\Common7\IDE\;C:\Program Files (x86)\Microsoft Visual Studio 9.0\Common7\IDE\PrivateAssemblies\;C:\Program Files (x86)\Microsoft SQL Server\100\DTS\Binn\;D:\android_sdk\sdk\platform-tools;D:\android_sdk\sdk\tools;C:\WINDOWS\system32;C:\WINDOWS;C:\WINDOWS\System32\Wbem;C:\WINDOWS\System32\WindowsPowerShell\v1.0\;C:\Users\Administrator\AppData\Local\Microsoft\WindowsApps;
USERNAME=Administrator
OS=Windows_NT
PROCESSOR_IDENTIFIER=Intel64 Family 6 Model 58 Stepping 9, GenuineIntel



---------------  S Y S T E M  ---------------

OS: Windows 10.0 , 64 bit Build 14393 (10.0.14393.0)

CPU:total 4 (2 cores per cpu, 2 threads per core) family 6 model 58 stepping 9, cmov, cx8, fxsr, mmx, sse, sse2, sse3, ssse3, sse4.1, sse4.2, popcnt, avx, aes, clmul, erms, ht, tsc, tscinvbit, tscinv

Memory: 4k page, physical 8271404k(893920k free), swap 8271404k(5176k free)

vm_info: Java HotSpot(TM) 64-Bit Server VM (25.91-b14) for windows-amd64 JRE (1.8.0_91-b14), built on Apr  1 2016 00:58:32 by "java_re" with MS VC++ 10.0 (VS2010)

time: Thu Nov 03 21:51:59 2016
elapsed time: 2 seconds (0d 0h 0m 2s)

