#
# There is insufficient memory for the Java Runtime Environment to continue.
# Native memory allocation (malloc) failed to allocate 1448336 bytes for Chunk::new
# Possible reasons:
#   The system is out of physical RAM or swap space
#   In 32 bit mode, the process size limit was hit
# Possible solutions:
#   Reduce memory load on the system
#   Increase physical memory or swap space
#   Check if swap backing store is full
#   Use 64 bit Java on a 64 bit OS
#   Decrease Java heap size (-Xmx/-Xms)
#   Decrease number of Java threads
#   Decrease Java thread stack sizes (-Xss)
#   Set larger code cache with -XX:ReservedCodeCacheSize=
# This output file may be truncated or incomplete.
#
#  Out of Memory Error (allocation.cpp:390), pid=11040, tid=9824
#
# JRE version: Java(TM) SE Runtime Environment (8.0_91-b14) (build 1.8.0_91-b14)
# Java VM: Java HotSpot(TM) 64-Bit Server VM (25.91-b14 mixed mode windows-amd64 compressed oops)
# Failed to write core dump. Minidumps are not enabled by default on client versions of Windows
#

---------------  T H R E A D  ---------------

Current thread (0x000000001543c000):  JavaThread "C2 CompilerThread0" daemon [_thread_in_native, id=9824, stack(0x0000000016d90000,0x0000000016e90000)]

Stack: [0x0000000016d90000,0x0000000016e90000]
[error occurred during error reporting (printing stack bounds), id 0xc0000005]

Native frames: (J=compiled Java code, j=interpreted, Vv=VM code, C=native code)


Current CompileTask:
C2:  25405 1570   !   4       com.android.dx.cf.code.Ropper::processBlock (1101 bytes)


---------------  P R O C E S S  ---------------

Java Threads: ( => current thread )
  0x00000000168e1000 JavaThread "pool-2-thread-4" [_thread_blocked, id=9292, stack(0x0000000017690000,0x0000000017790000)]
  0x00000000167ed000 JavaThread "pool-2-thread-3" [_thread_blocked, id=11988, stack(0x0000000017590000,0x0000000017690000)]
  0x00000000167ec800 JavaThread "pool-2-thread-2" [_thread_in_Java, id=5676, stack(0x0000000017490000,0x0000000017590000)]
  0x00000000167e1800 JavaThread "pool-3-thread-1" [_thread_blocked, id=9128, stack(0x0000000017390000,0x0000000017490000)]
  0x000000001684a800 JavaThread "pool-2-thread-1" [_thread_in_Java, id=10956, stack(0x0000000017290000,0x0000000017390000)]
  0x00000000167f9800 JavaThread "Service Thread" daemon [_thread_blocked, id=5724, stack(0x0000000017090000,0x0000000017190000)]
  0x00000000167f1800 JavaThread "C1 CompilerThread2" daemon [_thread_blocked, id=7912, stack(0x0000000016f90000,0x0000000017090000)]
  0x000000001548b000 JavaThread "C2 CompilerThread1" daemon [_thread_in_native, id=5392, stack(0x0000000016e90000,0x0000000016f90000)]
=>0x000000001543c000 JavaThread "C2 CompilerThread0" daemon [_thread_in_native, id=9824, stack(0x0000000016d90000,0x0000000016e90000)]
  0x000000001543a000 JavaThread "Attach Listener" daemon [_thread_blocked, id=8716, stack(0x0000000016c90000,0x0000000016d90000)]
  0x0000000015489800 JavaThread "Signal Dispatcher" daemon [_thread_blocked, id=7368, stack(0x0000000016b90000,0x0000000016c90000)]
  0x000000001541a000 JavaThread "Finalizer" daemon [_thread_blocked, id=2056, stack(0x0000000016690000,0x0000000016790000)]
  0x00000000153f8800 JavaThread "Reference Handler" daemon [_thread_blocked, id=536, stack(0x0000000016590000,0x0000000016690000)]
  0x0000000002c60800 JavaThread "main" [_thread_blocked, id=5536, stack(0x0000000002ac0000,0x0000000002bc0000)]

Other Threads:
  0x00000000153f7000 VMThread [stack: 0x0000000016490000,0x0000000016590000] [id=9580]
  0x0000000016806800 WatcherThread [stack: 0x0000000017190000,0x0000000017290000] [id=7856]

VM state:not at safepoint (normal execution)

VM Mutex/Monitor currently owned by a thread: None

Heap:
 PSYoungGen      total 38400K, used 31583K [0x00000000eab00000, 0x00000000ed580000, 0x0000000100000000)
  eden space 33280K, 79% used [0x00000000eab00000,0x00000000ec4df508,0x00000000ecb80000)
  from space 5120K, 99% used [0x00000000ecb80000,0x00000000ed078ae8,0x00000000ed080000)
  to   space 5120K, 0% used [0x00000000ed080000,0x00000000ed080000,0x00000000ed580000)
 ParOldGen       total 87552K, used 1701K [0x00000000c0000000, 0x00000000c5580000, 0x00000000eab00000)
  object space 87552K, 1% used [0x00000000c0000000,0x00000000c01a97f0,0x00000000c5580000)
 Metaspace       used 6116K, capacity 7088K, committed 7296K, reserved 1056768K
  class space    used 591K, capacity 616K, committed 640K, reserved 1048576K

Card table byte_map: [0x0000000012120000,0x0000000012330000] byte_map_base: 0x0000000011b20000

Marking Bits: (ParMarkBitMap*) 0x0000000053502f70
 Begin Bits: [0x0000000012890000, 0x0000000013890000)
 End Bits:   [0x0000000013890000, 0x0000000014890000)

Polling page: 0x0000000001030000

CodeCache: size=245760Kb used=6939Kb max_used=6964Kb free=238820Kb
 bounds [0x0000000002d60000, 0x0000000003440000, 0x0000000011d60000]
 total_blobs=1799 nmethods=1534 adapters=178
 compilation: enabled

Compilation events (10 events):
Event: 24.192 Thread 0x00000000167f1800 nmethod 1565 0x0000000003409450 code [0x00000000034095e0, 0x0000000003409b90]
Event: 24.195 Thread 0x000000001548b000 1566       4       com.android.dx.ssa.SCCP::simulatePhiBlock (50 bytes)
Event: 24.339 Thread 0x000000001543c000 nmethod 1522 0x0000000003414bd0 code [0x00000000034163e0, 0x000000000341f570]
Event: 24.343 Thread 0x00000000167f1800 1567       3       com.android.dx.rop.code.RegisterSpec::withType (13 bytes)
Event: 24.343 Thread 0x00000000167f1800 nmethod 1567 0x00000000033f7910 code [0x00000000033f7a80, 0x00000000033f7c68]
Event: 24.352 Thread 0x000000001543c000 1568       4       com.android.dx.cf.code.ExecutionStack::peek (42 bytes)
Event: 24.355 Thread 0x000000001543c000 nmethod 1568 0x00000000033f7590 code [0x00000000033f76e0, 0x00000000033f77b8]
Event: 24.370 Thread 0x00000000167f1800 1569       3       com.android.dx.cf.direct.DirectClassFile::getThisClass (9 bytes)
Event: 24.371 Thread 0x00000000167f1800 nmethod 1569 0x0000000003408fd0 code [0x0000000003409140, 0x0000000003409388]
Event: 24.371 Thread 0x000000001543c000 1570   !   4       com.android.dx.cf.code.Ropper::processBlock (1101 bytes)

GC Heap History (2 events):
Event: 17.945 GC heap before
{Heap before GC invocations=1 (full 0):
 PSYoungGen      total 38400K, used 33280K [0x00000000eab00000, 0x00000000ed580000, 0x0000000100000000)
  eden space 33280K, 100% used [0x00000000eab00000,0x00000000ecb80000,0x00000000ecb80000)
  from space 5120K, 0% used [0x00000000ed080000,0x00000000ed080000,0x00000000ed580000)
  to   space 5120K, 0% used [0x00000000ecb80000,0x00000000ecb80000,0x00000000ed080000)
 ParOldGen       total 87552K, used 0K [0x00000000c0000000, 0x00000000c5580000, 0x00000000eab00000)
  object space 87552K, 0% used [0x00000000c0000000,0x00000000c0000000,0x00000000c5580000)
 Metaspace       used 5954K, capacity 6960K, committed 7040K, reserved 1056768K
  class space    used 589K, capacity 616K, committed 640K, reserved 1048576K
Event: 18.266 GC heap after
Heap after GC invocations=1 (full 0):
 PSYoungGen      total 38400K, used 5090K [0x00000000eab00000, 0x00000000ed580000, 0x0000000100000000)
  eden space 33280K, 0% used [0x00000000eab00000,0x00000000eab00000,0x00000000ecb80000)
  from space 5120K, 99% used [0x00000000ecb80000,0x00000000ed078ae8,0x00000000ed080000)
  to   space 5120K, 0% used [0x00000000ed080000,0x00000000ed080000,0x00000000ed580000)
 ParOldGen       total 87552K, used 1701K [0x00000000c0000000, 0x00000000c5580000, 0x00000000eab00000)
  object space 87552K, 1% used [0x00000000c0000000,0x00000000c01a97f0,0x00000000c5580000)
 Metaspace       used 5954K, capacity 6960K, committed 7040K, reserved 1056768K
  class space    used 589K, capacity 616K, committed 640K, reserved 1048576K
}

Deoptimization events (10 events):
Event: 19.978 Thread 0x00000000167ec800 Uncommon trap: reason=unstable_if action=reinterpret pc=0x00000000030f48e0 method=com.android.dx.rop.code.RegisterSpecSet.put(Lcom/android/dx/rop/code/RegisterSpec;)V @ 77
Event: 21.063 Thread 0x000000001684a800 Uncommon trap: reason=unstable_if action=reinterpret pc=0x0000000003315ec8 method=com.android.dx.rop.code.RegisterSpecSet.localItemToSpec(Lcom/android/dx/rop/code/LocalItem;)Lcom/android/dx/rop/code/RegisterSpec; @ 35
Event: 21.064 Thread 0x000000001684a800 Uncommon trap: reason=unstable_if action=reinterpret pc=0x00000000030af418 method=com.android.dx.rop.code.RegisterSpec.equals(ILcom/android/dx/rop/type/TypeBearer;Lcom/android/dx/rop/code/LocalItem;)Z @ 42
Event: 21.066 Thread 0x000000001684a800 Uncommon trap: reason=unstable_if action=reinterpret pc=0x00000000032786c0 method=com.android.dx.ssa.SsaRenamer$BlockRenamer.addMapping(ILcom/android/dx/rop/code/RegisterSpec;)V @ 120
Event: 21.067 Thread 0x000000001684a800 Uncommon trap: reason=unstable_if action=reinterpret pc=0x000000000316ee20 method=com.android.dx.ssa.SsaRenamer$BlockRenamer.addMapping(ILcom/android/dx/rop/code/RegisterSpec;)V @ 120
Event: 21.209 Thread 0x0000000002c60800 Uncommon trap: reason=bimorphic action=maybe_recompile pc=0x00000000031d1684 method=java.util.HashMap.putVal(ILjava/lang/Object;Ljava/lang/Object;ZZ)Ljava/lang/Object; @ 91
Event: 22.300 Thread 0x00000000168e1000 Uncommon trap: reason=unstable_if action=reinterpret pc=0x00000000032e884c method=com.android.dx.ssa.SCCP.simulateBranch(Lcom/android/dx/ssa/SsaInsn;)V @ 64
Event: 22.665 Thread 0x000000001684a800 Uncommon trap: reason=unstable_if action=reinterpret pc=0x000000000332ae8c method=com.android.dx.ssa.LiteralOpUpgrader$1.visitNonMoveInsn(Lcom/android/dx/ssa/NormalSsaInsn;)V @ 55
Event: 22.668 Thread 0x000000001684a800 Uncommon trap: reason=unstable_if action=reinterpret pc=0x000000000314b65c method=com.android.dx.ssa.SsaMethod.updateOneDefinition(Lcom/android/dx/ssa/SsaInsn;Lcom/android/dx/rop/code/RegisterSpec;)V @ 4
Event: 22.680 Thread 0x000000001684a800 Uncommon trap: reason=unstable_if action=reinterpret pc=0x00000000032d4254 method=com.android.dx.rop.code.LocalItem.compareHandlesNulls(Lcom/android/dx/rop/cst/CstString;Lcom/android/dx/rop/cst/CstString;)I @ 14

Internal exceptions (4 events):
Event: 2.273 Thread 0x0000000002c60800 Exception <a 'java/lang/NoSuchMethodError': Method sun.misc.Unsafe.defineClass(Ljava/lang/String;[BII)Ljava/lang/Class; name or signature does not match> (0x00000000eab07cc0) thrown at [C:\re\workspace\8-2-build-windows-amd64-cygwin\jdk8u91\6644\hotspot\sr<Ü4<È.@
Event: 2.273 Thread 0x0000000002c60800 Exception <a 'java/lang/NoSuchMethodError': Method sun.misc.Unsafe.prefetchRead(Ljava/lang/Object;J)V name or signature does not match> (0x00000000eab07fa8) thrown at [C:\re\workspace\8-2-build-windows-amd64-cygwin\jdk8u91\6644\hotspot\src\share\vm\prims\jq¸YO3@
Event: 19.310 Thread 0x00000000167ed000 Implicit null exception at 0x000000000328641f to 0x0000000003287661
Event: 22.680 Thread 0x000000001684a800 Implicit null exception at 0x00000000032d2a3c to 0x00000000032d422d

Events (10 events):
Event: 22.665 Thread 0x000000001684a800 DEOPT PACKING pc=0x000000000332ae8c sp=0x000000001738e660
Event: 22.665 Thread 0x000000001684a800 DEOPT UNPACKING pc=0x0000000002da582a sp=0x000000001738e640 mode 2
Event: 22.665 loading class com/android/dx/rop/code/RegOps
Event: 22.666 loading class com/android/dx/rop/code/RegOps done
Event: 22.668 Thread 0x000000001684a800 Uncommon trap: trap_request=0xffffff65 fr.pc=0x000000000314b65c
Event: 22.668 Thread 0x000000001684a800 DEOPT PACKING pc=0x000000000314b65c sp=0x000000001738e4a0
Event: 22.668 Thread 0x000000001684a800 DEOPT UNPACKING pc=0x0000000002da582a sp=0x000000001738e448 mode 2
Event: 22.680 Thread 0x000000001684a800 Uncommon trap: trap_request=0xffffff65 fr.pc=0x00000000032d4254
Event: 22.680 Thread 0x000000001684a800 DEOPT PACKING pc=0x00000000032d4254 sp=0x000000001738e5c0
Event: 22.680 Thread 0x000000001684a800 DEOPT UNPACKING pc=0x0000000002da582a sp=0x000000001738e3b8 mode 2


Dynamic libraries:
0x00007ff61b050000 - 0x00007ff61b087000 	D:\JAVA_enviroment\bin\java.exe
0x00007ffc11ff0000 - 0x00007ffc121c1000 	C:\WINDOWS\SYSTEM32\ntdll.dll
0x00007ffc10cf0000 - 0x00007ffc10d9b000 	C:\WINDOWS\System32\KERNEL32.DLL
0x00007ffc0ed20000 - 0x00007ffc0ef3d000 	C:\WINDOWS\System32\KERNELBASE.dll
0x00007ffc11420000 - 0x00007ffc114c2000 	C:\WINDOWS\System32\ADVAPI32.dll
0x00007ffc11060000 - 0x00007ffc110fe000 	C:\WINDOWS\System32\msvcrt.dll
0x00007ffc0f5f0000 - 0x00007ffc0f649000 	C:\WINDOWS\System32\sechost.dll
0x00007ffc112f0000 - 0x00007ffc11411000 	C:\WINDOWS\System32\RPCRT4.dll
0x00007ffc0f650000 - 0x00007ffc0f7b5000 	C:\WINDOWS\System32\USER32.dll
0x00007ffc0f560000 - 0x00007ffc0f57e000 	C:\WINDOWS\System32\win32u.dll
0x00007ffc0f5b0000 - 0x00007ffc0f5e4000 	C:\WINDOWS\System32\GDI32.dll
0x00007ffc0f040000 - 0x00007ffc0f1c2000 	C:\WINDOWS\System32\gdi32full.dll
0x00007ffc07870000 - 0x00007ffc07ae9000 	C:\WINDOWS\WinSxS\amd64_microsoft.windows.common-controls_6595b64144ccf1df_6.0.14393.0_none_2d0f50fcbdb171b8\COMCTL32.dll
0x00007ffc114d0000 - 0x00007ffc11797000 	C:\WINDOWS\System32\combase.dll
0x00007ffc0ef40000 - 0x00007ffc0f035000 	C:\WINDOWS\System32\ucrtbase.dll
0x00007ffc0ec10000 - 0x00007ffc0ec7a000 	C:\WINDOWS\System32\bcryptPrimitives.dll
0x00007ffc0f580000 - 0x00007ffc0f5ae000 	C:\WINDOWS\System32\IMM32.DLL
0x0000000051c60000 - 0x0000000051d32000 	D:\JAVA_enviroment\jre\bin\msvcr100.dll
0x0000000052cf0000 - 0x0000000053583000 	D:\JAVA_enviroment\jre\bin\server\jvm.dll
0x00007ffc112e0000 - 0x00007ffc112e8000 	C:\WINDOWS\System32\PSAPI.DLL
0x00007ffc0b250000 - 0x00007ffc0b259000 	C:\WINDOWS\SYSTEM32\WSOCK32.dll
0x00007ffc11de0000 - 0x00007ffc11e4a000 	C:\WINDOWS\System32\WS2_32.dll
0x00007ffc0c150000 - 0x00007ffc0c173000 	C:\WINDOWS\SYSTEM32\WINMM.dll
0x00007ffc08430000 - 0x00007ffc0843a000 	C:\WINDOWS\SYSTEM32\VERSION.dll
0x00007ffc0c020000 - 0x00007ffc0c04b000 	C:\WINDOWS\SYSTEM32\WINMMBASE.dll
0x00007ffc0ebc0000 - 0x00007ffc0ec02000 	C:\WINDOWS\System32\cfgmgr32.dll
0x0000000053670000 - 0x000000005367f000 	D:\JAVA_enviroment\jre\bin\verify.dll
0x0000000053640000 - 0x0000000053669000 	D:\JAVA_enviroment\jre\bin\java.dll
0x0000000053620000 - 0x0000000053636000 	D:\JAVA_enviroment\jre\bin\zip.dll
0x00007ffc0f7c0000 - 0x00007ffc10cc8000 	C:\WINDOWS\System32\SHELL32.dll
0x00007ffc0e4e0000 - 0x00007ffc0ebba000 	C:\WINDOWS\System32\windows.storage.dll
0x00007ffc0e460000 - 0x00007ffc0e4ac000 	C:\WINDOWS\System32\powrprof.dll
0x00007ffc11280000 - 0x00007ffc112d2000 	C:\WINDOWS\System32\shlwapi.dll
0x00007ffc0e450000 - 0x00007ffc0e45f000 	C:\WINDOWS\System32\kernel.appcore.dll
0x00007ffc0f1d0000 - 0x00007ffc0f279000 	C:\WINDOWS\System32\shcore.dll
0x00007ffc0e4b0000 - 0x00007ffc0e4c4000 	C:\WINDOWS\System32\profapi.dll

VM Arguments:
jvm_args: -Djava.awt.headless=true -Xmx1024M -Dfile.encoding=GBK -Duser.country=CN -Duser.language=zh -Duser.variant 
java_command: com.android.dx.command.Main --dex --force-jumbo --num-threads=4 --multi-dex --output D:\workspace1\FastSport\app\build\intermediates\transforms\dex\debug\folders\1000\10\com.android.support-support-media-compat-24.2.1_7903e451e40c4877b6e5b080f24f43cc726b3158 D:\workspace1\FastSport\app\build\intermediates\exploded-aar\com.android.support\support-media-compat\24.2.1\jars\classes.jar
java_class_path (initial): D:\AndroidStdio_sdk\sdk\build-tools\24.0.0\lib\dx.jar
Launcher Type: SUN_STANDARD

Environment Variables:
JAVA_HOME=D:\JAVA_enviroment
PATH=C:\ProgramData\Oracle\Java\javapath;C:\WINDOWS\system32;C:\WINDOWS;C:\WINDOWS\System32\Wbem;C:\WINDOWS\System32\WindowsPowerShell\v1.0\;D:\JAVA_enviroment\bin;D:\JAVA_enviroment\jre\bin;D:\android_sdk\sdk\tools;C:\Program Files (x86)\NVIDIA Corporation\PhysX\Common;D:\AndroidStdio_sdk\sdk\tools;C:\Program Files (x86)\Microsoft SQL Server\100\Tools\Binn\;C:\Program Files\Microsoft SQL Server\100\Tools\Binn\;C:\Program Files\Microsoft SQL Server\100\DTS\Binn\;C:\Program Files (x86)\Microsoft SQL Server\100\Tools\Binn\VSShell\Common7\IDE\;C:\Program Files (x86)\Microsoft Visual Studio 9.0\Common7\IDE\PrivateAssemblies\;C:\Program Files (x86)\Microsoft SQL Server\100\DTS\Binn\;D:\android_sdk\sdk\platform-tools;D:\android_sdk\sdk\tools;C:\WINDOWS\system32;C:\WINDOWS;C:\WINDOWS\System32\Wbem;C:\WINDOWS\System32\WindowsPowerShell\v1.0\;C:\Users\Administrator\AppData\Local\Microsoft\WindowsApps;
USERNAME=Administrator
OS=Windows_NT
PROCESSOR_IDENTIFIER=Intel64 Family 6 Model 58 Stepping 9, GenuineIntel



---------------  S Y S T E M  ---------------

OS: Windows 10.0 , 64 bit Build 14393 (10.0.14393.0)

CPU:total 4 (2 cores per cpu, 2 threads per core) family 6 model 58 stepping 9, cmov, cx8, fxsr, mmx, sse, sse2, sse3, ssse3, sse4.1, sse4.2, popcnt, avx, aes, clmul, erms, ht, tsc, tscinvbit, tscinv

Memory: 4k page, physical 8271404k(1221900k free), swap 8271404k(10580k free)

vm_info: Java HotSpot(TM) 64-Bit Server VM (25.91-b14) for windows-amd64 JRE (1.8.0_91-b14), built on Apr  1 2016 00:58:32 by "java_re" with MS VC++ 10.0 (VS2010)

time: Mon Oct 17 22:14:57 2016
elapsed time: 25 seconds (0d 0h 0m 25s)

