#
# There is insufficient memory for the Java Runtime Environment to continue.
# Native memory allocation (malloc) failed to allocate 32744 bytes for ChunkPool::allocate
# Possible reasons:
#   The system is out of physical RAM or swap space
#   In 32 bit mode, the process size limit was hit
# Possible solutions:
#   Reduce memory load on the system
#   Increase physical memory or swap space
#   Check if swap backing store is full
#   Use 64 bit Java on a 64 bit OS
#   Decrease Java heap size (-Xmx/-Xms)
#   Decrease number of Java threads
#   Decrease Java thread stack sizes (-Xss)
#   Set larger code cache with -XX:ReservedCodeCacheSize=
# This output file may be truncated or incomplete.
#
#  Out of Memory Error (allocation.cpp:273), pid=16796, tid=27728
#
# JRE version: Java(TM) SE Runtime Environment (8.0_91-b14) (build 1.8.0_91-b14)
# Java VM: Java HotSpot(TM) 64-Bit Server VM (25.91-b14 mixed mode windows-amd64 compressed oops)
# Failed to write core dump. Minidumps are not enabled by default on client versions of Windows
#

---------------  T H R E A D  ---------------

Current thread (0x0000000016a17000):  JavaThread "C1 CompilerThread2" daemon [_thread_in_native, id=27728, stack(0x00000000171c0000,0x00000000172c0000)]

Stack: [0x00000000171c0000,0x00000000172c0000]
[error occurred during error reporting (printing stack bounds), id 0xc0000005]

Native frames: (J=compiled Java code, j=interpreted, Vv=VM code, C=native code)


Current CompileTask:
C1:   1797   43  s!   3       sun.misc.URLClassPath::getLoader (197 bytes)


---------------  P R O C E S S  ---------------

Java Threads: ( => current thread )
  0x0000000016a1c000 JavaThread "Service Thread" daemon [_thread_blocked, id=22144, stack(0x00000000172c0000,0x00000000173c0000)]
=>0x0000000016a17000 JavaThread "C1 CompilerThread2" daemon [_thread_in_native, id=27728, stack(0x00000000171c0000,0x00000000172c0000)]
  0x00000000156bc000 JavaThread "C2 CompilerThread1" daemon [_thread_blocked, id=21200, stack(0x00000000170c0000,0x00000000171c0000)]
  0x00000000156ba000 JavaThread "C2 CompilerThread0" daemon [_thread_blocked, id=12908, stack(0x0000000016fc0000,0x00000000170c0000)]
  0x000000001566c000 JavaThread "Attach Listener" daemon [_thread_blocked, id=27776, stack(0x0000000016ec0000,0x0000000016fc0000)]
  0x00000000156b9800 JavaThread "Signal Dispatcher" daemon [_thread_blocked, id=29604, stack(0x0000000016dc0000,0x0000000016ec0000)]
  0x000000001564a000 JavaThread "Finalizer" daemon [_thread_blocked, id=22448, stack(0x00000000168c0000,0x00000000169c0000)]
  0x0000000015629000 JavaThread "Reference Handler" daemon [_thread_blocked, id=27952, stack(0x00000000167c0000,0x00000000168c0000)]
  0x0000000002e90800 JavaThread "main" [_thread_in_native, id=27440, stack(0x0000000002870000,0x0000000002970000)]

Other Threads:
  0x0000000015627000 VMThread [stack: 0x00000000166c0000,0x00000000167c0000] [id=4040]
  0x0000000016a33000 WatcherThread [stack: 0x00000000173c0000,0x00000000174c0000] [id=30560]

VM state:not at safepoint (normal execution)

VM Mutex/Monitor currently owned by a thread: None

Heap:
 PSYoungGen      total 38400K, used 2666K [0x00000000eab00000, 0x00000000ed580000, 0x0000000100000000)
  eden space 33280K, 8% used [0x00000000eab00000,0x00000000ead9a9c0,0x00000000ecb80000)
  from space 5120K, 0% used [0x00000000ed080000,0x00000000ed080000,0x00000000ed580000)
  to   space 5120K, 0% used [0x00000000ecb80000,0x00000000ecb80000,0x00000000ed080000)
 ParOldGen       total 87552K, used 0K [0x00000000c0000000, 0x00000000c5580000, 0x00000000eab00000)
  object space 87552K, 0% used [0x00000000c0000000,0x00000000c0000000,0x00000000c5580000)
 Metaspace       used 3227K, capacity 4720K, committed 4864K, reserved 1056768K
  class space    used 357K, capacity 424K, committed 512K, reserved 1048576K

Card table byte_map: [0x0000000012350000,0x0000000012560000] byte_map_base: 0x0000000011d50000

Marking Bits: (ParMarkBitMap*) 0x0000000074f92f70
 Begin Bits: [0x0000000012ac0000, 0x0000000013ac0000)
 End Bits:   [0x0000000013ac0000, 0x0000000014ac0000)

Polling page: 0x0000000001060000

CodeCache: size=245760Kb used=1127Kb max_used=1127Kb free=244633Kb
 bounds [0x0000000002f90000, 0x0000000003200000, 0x0000000011f90000]
 total_blobs=285 nmethods=43 adapters=155
 compilation: enabled

Compilation events (10 events):
Event: 1.791 Thread 0x0000000016a17000 nmethod 39 0x00000000030a68d0 code [0x00000000030a6ae0, 0x00000000030a7618]
Event: 1.792 Thread 0x0000000016a17000   40       3       java.util.concurrent.ConcurrentHashMap::spread (10 bytes)
Event: 1.792 Thread 0x0000000016a17000 nmethod 40 0x00000000030a7b50 code [0x00000000030a7ca0, 0x00000000030a7df0]
Event: 1.792 Thread 0x0000000016a17000   41       3       java.util.zip.ZStreamRef::address (5 bytes)
Event: 1.792 Thread 0x0000000016a17000 nmethod 41 0x00000000030a7e50 code [0x00000000030a7fa0, 0x00000000030a80f0]
Event: 1.793 Thread 0x0000000016a17000   42  s    3       sun.misc.URLClassPath::getNextLoader (88 bytes)
Event: 1.793 Thread 0x0000000016a17000 nmethod 42 0x00000000030a8150 code [0x00000000030a8320, 0x00000000030a8b88]
Event: 1.793 Thread 0x0000000016a17000   45       3       java.lang.String::replace (127 bytes)
Event: 1.794 Thread 0x0000000016a17000 nmethod 45 0x00000000030a9010 code [0x00000000030a91c0, 0x00000000030a9870]
Event: 1.794 Thread 0x0000000016a17000   43  s!   3       sun.misc.URLClassPath::getLoader (197 bytes)

GC Heap History (0 events):
No events

Deoptimization events (0 events):
No events

Internal exceptions (2 events):
Event: 0.424 Thread 0x0000000002e90800 Exception <a 'java/lang/NoSuchMethodError': Method sun.misc.Unsafe.defineClass(Ljava/lang/String;[BII)Ljava/lang/Class; name or signature does not match> (0x00000000eab07cc0) thrown at [C:\re\workspace\8-2-build-windows-amd64-cygwin\jdk8u91\6644\hotspot\sr„`öu¢*Û?
Event: 0.424 Thread 0x0000000002e90800 Exception <a 'java/lang/NoSuchMethodError': Method sun.misc.Unsafe.prefetchRead(Ljava/lang/Object;J)V name or signature does not match> (0x00000000eab07fa8) thrown at [C:\re\workspace\8-2-build-windows-amd64-cygwin\jdk8u91\6644\hotspot\src\share\vm\prims\j

Events (10 events):
Event: 1.792 loading class com/android/dx/dex/file/MixedItemSection$SortType done
Event: 1.793 loading class com/android/dx/dex/file/StringIdsSection
Event: 1.793 loading class com/android/dx/dex/file/StringIdsSection done
Event: 1.793 loading class com/android/dx/dex/file/TypeIdsSection
Event: 1.793 loading class com/android/dx/dex/file/TypeIdsSection done
Event: 1.794 loading class com/android/dex/DexIndexOverflowException
Event: 1.794 loading class com/android/dex/DexIndexOverflowException done
Event: 1.794 loading class com/android/dx/dex/file/ProtoIdsSection
Event: 1.794 loading class com/android/dx/dex/file/ProtoIdsSection done
Event: 1.795 loading class java/lang/UnsupportedOperationException


Dynamic libraries:
0x00007ff6fda30000 - 0x00007ff6fda67000 	D:\JAVA_enviroment\bin\java.exe
0x00007fffc3740000 - 0x00007fffc3901000 	C:\WINDOWS\SYSTEM32\ntdll.dll
0x00007fffc0cf0000 - 0x00007fffc0d9d000 	C:\WINDOWS\system32\KERNEL32.DLL
0x00007fffbfe60000 - 0x00007fffc0048000 	C:\WINDOWS\system32\KERNELBASE.dll
0x00007fffc1190000 - 0x00007fffc1237000 	C:\WINDOWS\system32\ADVAPI32.dll
0x00007fffc0e90000 - 0x00007fffc0f2d000 	C:\WINDOWS\system32\msvcrt.dll
0x00007fffc1020000 - 0x00007fffc107b000 	C:\WINDOWS\system32\sechost.dll
0x00007fffc3380000 - 0x00007fffc349c000 	C:\WINDOWS\system32\RPCRT4.dll
0x00007fffc1240000 - 0x00007fffc1396000 	C:\WINDOWS\system32\USER32.dll
0x00007fffc34a0000 - 0x00007fffc3626000 	C:\WINDOWS\system32\GDI32.dll
0x00007fffbbed0000 - 0x00007fffbc144000 	C:\WINDOWS\WinSxS\amd64_microsoft.windows.common-controls_6595b64144ccf1df_6.0.10586.589_none_a2ddb3caa539acce\COMCTL32.dll
0x00007fffc2fe0000 - 0x00007fffc325d000 	C:\WINDOWS\system32\combase.dll
0x00007fffbfdf0000 - 0x00007fffbfe5a000 	C:\WINDOWS\system32\bcryptPrimitives.dll
0x00007fffc1080000 - 0x00007fffc10bb000 	C:\WINDOWS\system32\IMM32.DLL
0x0000000074220000 - 0x00000000742f2000 	D:\JAVA_enviroment\jre\bin\msvcr100.dll
0x0000000074780000 - 0x0000000075013000 	D:\JAVA_enviroment\jre\bin\server\jvm.dll
0x00007fffc0da0000 - 0x00007fffc0da8000 	C:\WINDOWS\system32\PSAPI.DLL
0x00007fffbd2d0000 - 0x00007fffbd2d9000 	C:\WINDOWS\SYSTEM32\WSOCK32.dll
0x00007fffc0f30000 - 0x00007fffc0f9b000 	C:\WINDOWS\system32\WS2_32.dll
0x00007fffbdfd0000 - 0x00007fffbdff3000 	C:\WINDOWS\SYSTEM32\WINMM.dll
0x00007fffbbec0000 - 0x00007fffbbeca000 	C:\WINDOWS\SYSTEM32\VERSION.dll
0x00007fffbdf70000 - 0x00007fffbdf9c000 	C:\WINDOWS\SYSTEM32\WINMMBASE.dll
0x00007fffc0a00000 - 0x00007fffc0a43000 	C:\WINDOWS\system32\cfgmgr32.dll
0x0000000074690000 - 0x000000007469f000 	D:\JAVA_enviroment\jre\bin\verify.dll
0x0000000074660000 - 0x0000000074689000 	D:\JAVA_enviroment\jre\bin\java.dll
0x0000000074640000 - 0x0000000074656000 	D:\JAVA_enviroment\jre\bin\zip.dll
0x00007fffc13a0000 - 0x00007fffc28fc000 	C:\WINDOWS\system32\SHELL32.dll
0x00007fffc0050000 - 0x00007fffc0695000 	C:\WINDOWS\system32\windows.storage.dll
0x00007fffc0e30000 - 0x00007fffc0e82000 	C:\WINDOWS\system32\shlwapi.dll
0x00007fffbfd80000 - 0x00007fffbfd8f000 	C:\WINDOWS\system32\kernel.appcore.dll
0x00007fffc06a0000 - 0x00007fffc0755000 	C:\WINDOWS\system32\shcore.dll
0x00007fffbfd90000 - 0x00007fffbfddb000 	C:\WINDOWS\system32\powrprof.dll
0x00007fffbfd60000 - 0x00007fffbfd74000 	C:\WINDOWS\system32\profapi.dll

VM Arguments:
jvm_args: -Djava.awt.headless=true -Xmx1024M -Dfile.encoding=GBK -Duser.country=CN -Duser.language=zh -Duser.variant 
java_command: com.android.dx.command.Main --dex --force-jumbo --num-threads=4 --multi-dex --output D:\workspace1\FastSport\app\build\intermediates\transforms\dex\debug\folders\1000\10\com.android.support-recyclerview-v7-24.2.1_07d92bde12960b45b294ee422a4bf39d50df1524 D:\workspace1\FastSport\app\build\intermediates\exploded-aar\com.android.support\recyclerview-v7\24.2.1\jars\classes.jar
java_class_path (initial): D:\AndroidStdio_sdk\sdk\build-tools\24.0.0\lib\dx.jar
Launcher Type: SUN_STANDARD

Environment Variables:
JAVA_HOME=D:\JAVA_enviroment
PATH=C:\ProgramData\Oracle\Java\javapath;C:\WINDOWS\system32;C:\WINDOWS;C:\WINDOWS\System32\Wbem;C:\WINDOWS\System32\WindowsPowerShell\v1.0\;D:\JAVA_enviroment\bin;D:\JAVA_enviroment\jre\bin;D:\android_sdk\sdk\tools;C:\Program Files (x86)\NVIDIA Corporation\PhysX\Common;D:\AndroidStdio_sdk\sdk\tools;C:\Program Files (x86)\Microsoft SQL Server\100\Tools\Binn\;C:\Program Files\Microsoft SQL Server\100\Tools\Binn\;C:\Program Files\Microsoft SQL Server\100\DTS\Binn\;C:\Program Files (x86)\Microsoft SQL Server\100\Tools\Binn\VSShell\Common7\IDE\;C:\Program Files (x86)\Microsoft Visual Studio 9.0\Common7\IDE\PrivateAssemblies\;C:\Program Files (x86)\Microsoft SQL Server\100\DTS\Binn\;D:\android_sdk\sdk\platform-tools;D:\android_sdk\sdk\tools
USERNAME=Administrator
OS=Windows_NT
PROCESSOR_IDENTIFIER=Intel64 Family 6 Model 58 Stepping 9, GenuineIntel



---------------  S Y S T E M  ---------------

OS: Windows 10.0 , 64 bit Build 10586 (10.0.10586.589)

CPU:total 4 (2 cores per cpu, 2 threads per core) family 6 model 58 stepping 9, cmov, cx8, fxsr, mmx, sse, sse2, sse3, ssse3, sse4.1, sse4.2, popcnt, avx, aes, clmul, erms, ht, tsc, tscinvbit, tscinv

Memory: 4k page, physical 8271404k(754316k free), swap 8271404k(3352k free)

vm_info: Java HotSpot(TM) 64-Bit Server VM (25.91-b14) for windows-amd64 JRE (1.8.0_91-b14), built on Apr  1 2016 00:58:32 by "java_re" with MS VC++ 10.0 (VS2010)

time: Sat Oct 01 16:36:35 2016
elapsed time: 1 seconds (0d 0h 0m 1s)

