#
# There is insufficient memory for the Java Runtime Environment to continue.
# Native memory allocation (malloc) failed to allocate 454576 bytes for Chunk::new
# Possible reasons:
#   The system is out of physical RAM or swap space
#   In 32 bit mode, the process size limit was hit
# Possible solutions:
#   Reduce memory load on the system
#   Increase physical memory or swap space
#   Check if swap backing store is full
#   Use 64 bit Java on a 64 bit OS
#   Decrease Java heap size (-Xmx/-Xms)
#   Decrease number of Java threads
#   Decrease Java thread stack sizes (-Xss)
#   Set larger code cache with -XX:ReservedCodeCacheSize=
# This output file may be truncated or incomplete.
#
#  Out of Memory Error (allocation.cpp:390), pid=3828, tid=7016
#
# JRE version: Java(TM) SE Runtime Environment (8.0_91-b14) (build 1.8.0_91-b14)
# Java VM: Java HotSpot(TM) 64-Bit Server VM (25.91-b14 mixed mode windows-amd64 compressed oops)
# Failed to write core dump. Minidumps are not enabled by default on client versions of Windows
#

---------------  T H R E A D  ---------------

Current thread (0x0000000015b6d800):  JavaThread "C2 CompilerThread1" daemon [_thread_in_native, id=7016, stack(0x0000000017560000,0x0000000017660000)]

Stack: [0x0000000017560000,0x0000000017660000]
[error occurred during error reporting (printing stack bounds), id 0xc0000005]

Native frames: (J=compiled Java code, j=interpreted, Vv=VM code, C=native code)


Current CompileTask:
C2:   3947  753       4       com.android.dx.ssa.SsaBasicBlock::forEachInsn (37 bytes)


---------------  P R O C E S S  ---------------

Java Threads: ( => current thread )
  0x00000000170e1800 JavaThread "pool-1-thread-4" [_thread_in_Java, id=11248, stack(0x0000000017d60000,0x0000000017e60000)]
  0x00000000170e1000 JavaThread "pool-1-thread-3" [_thread_in_Java, id=2512, stack(0x0000000017c60000,0x0000000017d60000)]
  0x00000000170e0800 JavaThread "pool-1-thread-2" [_thread_in_vm_trans, id=5852, stack(0x0000000017b60000,0x0000000017c60000)]
  0x0000000016fe2800 JavaThread "pool-2-thread-1" [_thread_blocked, id=10776, stack(0x0000000017a60000,0x0000000017b60000)]
  0x0000000016fdf800 JavaThread "pool-1-thread-1" [_thread_in_Java, id=5096, stack(0x0000000017960000,0x0000000017a60000)]
  0x0000000016ec2000 JavaThread "Service Thread" daemon [_thread_blocked, id=12964, stack(0x0000000017760000,0x0000000017860000)]
  0x0000000016ebc000 JavaThread "C1 CompilerThread2" daemon [_thread_in_native, id=9072, stack(0x0000000017660000,0x0000000017760000)]
=>0x0000000015b6d800 JavaThread "C2 CompilerThread1" daemon [_thread_in_native, id=7016, stack(0x0000000017560000,0x0000000017660000)]
  0x0000000015b6a800 JavaThread "C2 CompilerThread0" daemon [_thread_in_native, id=6948, stack(0x0000000017460000,0x0000000017560000)]
  0x0000000015b1f000 JavaThread "Attach Listener" daemon [_thread_blocked, id=7820, stack(0x0000000017360000,0x0000000017460000)]
  0x0000000015b1e000 JavaThread "Signal Dispatcher" daemon [_thread_blocked, id=5692, stack(0x0000000017260000,0x0000000017360000)]
  0x0000000015afa000 JavaThread "Finalizer" daemon [_thread_blocked, id=10600, stack(0x0000000016d60000,0x0000000016e60000)]
  0x0000000015ad9000 JavaThread "Reference Handler" daemon [_thread_blocked, id=10392, stack(0x0000000016c60000,0x0000000016d60000)]
  0x0000000003340800 JavaThread "main" [_thread_in_Java, id=10592, stack(0x00000000031e0000,0x00000000032e0000)]

Other Threads:
  0x0000000015ad7000 VMThread [stack: 0x0000000016b60000,0x0000000016c60000] [id=10128]
  0x0000000016f04000 WatcherThread [stack: 0x0000000017860000,0x0000000017960000] [id=6056]

VM state:not at safepoint (normal execution)

VM Mutex/Monitor currently owned by a thread: None

Heap:
 PSYoungGen      total 38400K, used 15410K [0x00000000eab00000, 0x00000000ed580000, 0x0000000100000000)
  eden space 33280K, 46% used [0x00000000eab00000,0x00000000eba0c8f0,0x00000000ecb80000)
  from space 5120K, 0% used [0x00000000ed080000,0x00000000ed080000,0x00000000ed580000)
  to   space 5120K, 0% used [0x00000000ecb80000,0x00000000ecb80000,0x00000000ed080000)
 ParOldGen       total 87552K, used 0K [0x00000000c0000000, 0x00000000c5580000, 0x00000000eab00000)
  object space 87552K, 0% used [0x00000000c0000000,0x00000000c0000000,0x00000000c5580000)
 Metaspace       used 5819K, capacity 6772K, committed 7040K, reserved 1056768K
  class space    used 600K, capacity 620K, committed 640K, reserved 1048576K

Card table byte_map: [0x0000000012800000,0x0000000012a10000] byte_map_base: 0x0000000012200000

Marking Bits: (ParMarkBitMap*) 0x0000000060552f70
 Begin Bits: [0x0000000012f70000, 0x0000000013f70000)
 End Bits:   [0x0000000013f70000, 0x0000000014f70000)

Polling page: 0x0000000002dd0000

CodeCache: size=245760Kb used=3301Kb max_used=3304Kb free=242458Kb
 bounds [0x0000000003440000, 0x0000000003780000, 0x0000000012440000]
 total_blobs=1027 nmethods=756 adapters=184
 compilation: enabled

Compilation events (10 events):
Event: 3.760 Thread 0x0000000016ebc000 nmethod 742 0x000000000375a9d0 code [0x000000000375ab20, 0x000000000375ac50]
Event: 3.760 Thread 0x0000000016ebc000  741       3       com.android.dx.ssa.back.FirstFitLocalCombiningAllocator$1::visitNonMoveInsn (6 bytes)
Event: 3.760 Thread 0x0000000016ebc000 nmethod 741 0x000000000375a650 code [0x000000000375a7c0, 0x000000000375a948]
Event: 3.760 Thread 0x0000000016ebc000  743       3       com.android.dx.ssa.back.RegisterAllocator::getDefinitionSpecForSsaReg (22 bytes)
Event: 3.761 Thread 0x0000000016ebc000 nmethod 743 0x00000000037666d0 code [0x0000000003766840, 0x0000000003766b48]
Event: 3.761 Thread 0x0000000016ebc000  747       3       com.android.dx.rop.code.Rop::hashCode (54 bytes)
Event: 3.762 Thread 0x0000000016ebc000 nmethod 747 0x0000000003766c50 code [0x0000000003766de0, 0x00000000037672a8]
Event: 3.762 Thread 0x0000000016ebc000  757       3       com.android.dx.ssa.Dominators::compress (229 bytes)
Event: 3.769 Thread 0x0000000016ebc000 nmethod 757 0x0000000003767810 code [0x0000000003767b60, 0x0000000003769818]
Event: 3.769 Thread 0x0000000016ebc000  762       3       com.android.dx.ssa.LocalVariableExtractor::processBlock (383 bytes)

GC Heap History (0 events):
No events

Deoptimization events (0 events):
No events

Internal exceptions (2 events):
Event: 0.245 Thread 0x0000000003340800 Exception <a 'java/lang/NoSuchMethodError': Method sun.misc.Unsafe.defineClass(Ljava/lang/String;[BII)Ljava/lang/Class; name or signature does not match> (0x00000000eab07cc0) thrown at [C:\re\workspace\8-2-build-windows-amd64-cygwin\jdk8u91\6644\hotspot\srG7©@£cœ?
Event: 0.245 Thread 0x0000000003340800 Exception <a 'java/lang/NoSuchMethodError': Method sun.misc.Unsafe.prefetchRead(Ljava/lang/Object;J)V name or signature does not match> (0x00000000eab07fa8) thrown at [C:\re\workspace\8-2-build-windows-amd64-cygwin\jdk8u91\6644\hotspot\src\share\vm\prims\j

Events (10 events):
Event: 3.262 loading class com/android/dx/cf/code/BytecodeArray$ConstantParserVisitor
Event: 3.262 loading class com/android/dx/cf/code/BytecodeArray$ConstantParserVisitor done
Event: 3.409 loading class java/util/TreeMap$EntrySet
Event: 3.410 loading class java/util/TreeMap$EntrySet done
Event: 3.410 loading class java/util/TreeMap$EntryIterator
Event: 3.410 loading class java/util/TreeMap$EntryIterator done
Event: 3.772 Executing VM operation: ForceSafepoint
Event: 3.899 Executing VM operation: ForceSafepoint done
Event: 3.932 loading class java/util/ArrayList$1
Event: 3.932 loading class java/util/ArrayList$1 done


Dynamic libraries:
0x00007ff7b44c0000 - 0x00007ff7b44f7000 	D:\JAVA_enviroment\bin\java.exe
0x00007ff95ac10000 - 0x00007ff95ade1000 	C:\WINDOWS\SYSTEM32\ntdll.dll
0x00007ff958670000 - 0x00007ff95871b000 	C:\WINDOWS\System32\KERNEL32.DLL
0x00007ff957990000 - 0x00007ff957bad000 	C:\WINDOWS\System32\KERNELBASE.dll
0x00007ff9590e0000 - 0x00007ff959182000 	C:\WINDOWS\System32\ADVAPI32.dll
0x00007ff958dc0000 - 0x00007ff958e5e000 	C:\WINDOWS\System32\msvcrt.dll
0x00007ff9588b0000 - 0x00007ff958909000 	C:\WINDOWS\System32\sechost.dll
0x00007ff958720000 - 0x00007ff958841000 	C:\WINDOWS\System32\RPCRT4.dll
0x00007ff958f70000 - 0x00007ff9590d5000 	C:\WINDOWS\System32\USER32.dll
0x00007ff957bb0000 - 0x00007ff957bce000 	C:\WINDOWS\System32\win32u.dll
0x00007ff959220000 - 0x00007ff959254000 	C:\WINDOWS\System32\GDI32.dll
0x00007ff957bd0000 - 0x00007ff957d52000 	C:\WINDOWS\System32\gdi32full.dll
0x00007ff952340000 - 0x00007ff9525ba000 	C:\WINDOWS\WinSxS\amd64_microsoft.windows.common-controls_6595b64144ccf1df_6.0.14393.351_none_4213128bc687e6d3\COMCTL32.dll
0x00007ff9582e0000 - 0x00007ff9585a7000 	C:\WINDOWS\System32\combase.dll
0x00007ff9580a0000 - 0x00007ff958195000 	C:\WINDOWS\System32\ucrtbase.dll
0x00007ff957f90000 - 0x00007ff957ffa000 	C:\WINDOWS\System32\bcryptPrimitives.dll
0x00007ff95abe0000 - 0x00007ff95ac0e000 	C:\WINDOWS\System32\IMM32.DLL
0x000000005f6b0000 - 0x000000005f782000 	D:\JAVA_enviroment\jre\bin\msvcr100.dll
0x000000005fd40000 - 0x00000000605d3000 	D:\JAVA_enviroment\jre\bin\server\jvm.dll
0x00007ff958910000 - 0x00007ff958918000 	C:\WINDOWS\System32\PSAPI.DLL
0x00007ff954250000 - 0x00007ff954259000 	C:\WINDOWS\SYSTEM32\WSOCK32.dll
0x00007ff958920000 - 0x00007ff95898a000 	C:\WINDOWS\System32\WS2_32.dll
0x00007ff9553e0000 - 0x00007ff955403000 	C:\WINDOWS\SYSTEM32\WINMM.dll
0x00007ff953790000 - 0x00007ff95379a000 	C:\WINDOWS\SYSTEM32\VERSION.dll
0x00007ff955380000 - 0x00007ff9553ab000 	C:\WINDOWS\SYSTEM32\WINMMBASE.dll
0x00007ff957100000 - 0x00007ff957142000 	C:\WINDOWS\System32\cfgmgr32.dll
0x00000000606c0000 - 0x00000000606cf000 	D:\JAVA_enviroment\jre\bin\verify.dll
0x0000000060690000 - 0x00000000606b9000 	D:\JAVA_enviroment\jre\bin\java.dll
0x0000000060670000 - 0x0000000060686000 	D:\JAVA_enviroment\jre\bin\zip.dll
0x00007ff9594d0000 - 0x00007ff95a9d9000 	C:\WINDOWS\System32\SHELL32.dll
0x00007ff957150000 - 0x00007ff95782a000 	C:\WINDOWS\System32\windows.storage.dll
0x00007ff957090000 - 0x00007ff9570dc000 	C:\WINDOWS\System32\powrprof.dll
0x00007ff958850000 - 0x00007ff9588a2000 	C:\WINDOWS\System32\shlwapi.dll
0x00007ff957080000 - 0x00007ff95708f000 	C:\WINDOWS\System32\kernel.appcore.dll
0x00007ff957830000 - 0x00007ff9578d9000 	C:\WINDOWS\System32\shcore.dll
0x00007ff9570e0000 - 0x00007ff9570f4000 	C:\WINDOWS\System32\profapi.dll

VM Arguments:
jvm_args: -Djava.awt.headless=true -Xmx1024M -Dfile.encoding=GBK -Duser.country=CN -Duser.language=zh -Duser.variant 
java_command: com.android.dx.command.Main --dex --force-jumbo --num-threads=4 --output D:\workspace1\FastSport\app\build\intermediates\pre-dexed\debug\okio-1.7.0_ee8b1d83645b468c1364e9fe4bbae12791d6229f.jar D:\workspace1\FastSport\app\build\intermediates\exploded-aar\cn.bmob.android\bmob-sdk\3.5.0\jars\libs\okio-1.7.0.jar
java_class_path (initial): D:\AndroidStdio_sdk\sdk\build-tools\24.0.0\lib\dx.jar
Launcher Type: SUN_STANDARD

Environment Variables:
JAVA_HOME=D:\JAVA_enviroment
PATH=C:\ProgramData\Oracle\Java\javapath;C:\WINDOWS\system32;C:\WINDOWS;C:\WINDOWS\System32\Wbem;C:\WINDOWS\System32\WindowsPowerShell\v1.0\;D:\JAVA_enviroment\bin;D:\JAVA_enviroment\jre\bin;D:\android_sdk\sdk\tools;C:\Program Files (x86)\NVIDIA Corporation\PhysX\Common;D:\AndroidStdio_sdk\sdk\tools;C:\Program Files (x86)\Microsoft SQL Server\100\Tools\Binn\;C:\Program Files\Microsoft SQL Server\100\Tools\Binn\;C:\Program Files\Microsoft SQL Server\100\DTS\Binn\;C:\Program Files (x86)\Microsoft SQL Server\100\Tools\Binn\VSShell\Common7\IDE\;C:\Program Files (x86)\Microsoft Visual Studio 9.0\Common7\IDE\PrivateAssemblies\;C:\Program Files (x86)\Microsoft SQL Server\100\DTS\Binn\;D:\android_sdk\sdk\platform-tools;D:\android_sdk\sdk\tools;C:\WINDOWS\system32;C:\WINDOWS;C:\WINDOWS\System32\Wbem;C:\WINDOWS\System32\WindowsPowerShell\v1.0\;C:\Users\Administrator\AppData\Local\Microsoft\WindowsApps;
USERNAME=Administrator
OS=Windows_NT
PROCESSOR_IDENTIFIER=Intel64 Family 6 Model 58 Stepping 9, GenuineIntel



---------------  S Y S T E M  ---------------

OS: Windows 10.0 , 64 bit Build 14393 (10.0.14393.0)

CPU:total 4 (2 cores per cpu, 2 threads per core) family 6 model 58 stepping 9, cmov, cx8, fxsr, mmx, sse, sse2, sse3, ssse3, sse4.1, sse4.2, popcnt, avx, aes, clmul, erms, ht, tsc, tscinvbit, tscinv

Memory: 4k page, physical 8271404k(1073844k free), swap 8271404k(4092k free)

vm_info: Java HotSpot(TM) 64-Bit Server VM (25.91-b14) for windows-amd64 JRE (1.8.0_91-b14), built on Apr  1 2016 00:58:32 by "java_re" with MS VC++ 10.0 (VS2010)

time: Fri Nov 04 20:32:13 2016
elapsed time: 3 seconds (0d 0h 0m 3s)

