#
# There is insufficient memory for the Java Runtime Environment to continue.
# Native memory allocation (malloc) failed to allocate 1456240 bytes for Chunk::new
# Possible reasons:
#   The system is out of physical RAM or swap space
#   In 32 bit mode, the process size limit was hit
# Possible solutions:
#   Reduce memory load on the system
#   Increase physical memory or swap space
#   Check if swap backing store is full
#   Use 64 bit Java on a 64 bit OS
#   Decrease Java heap size (-Xmx/-Xms)
#   Decrease number of Java threads
#   Decrease Java thread stack sizes (-Xss)
#   Set larger code cache with -XX:ReservedCodeCacheSize=
# This output file may be truncated or incomplete.
#
#  Out of Memory Error (allocation.cpp:390), pid=5260, tid=8596
#
# JRE version: Java(TM) SE Runtime Environment (8.0_91-b14) (build 1.8.0_91-b14)
# Java VM: Java HotSpot(TM) 64-Bit Server VM (25.91-b14 mixed mode windows-amd64 compressed oops)
# Failed to write core dump. Minidumps are not enabled by default on client versions of Windows
#

---------------  T H R E A D  ---------------

Current thread (0x000000001654b800):  JavaThread "C2 CompilerThread1" daemon [_thread_in_native, id=8596, stack(0x0000000016c00000,0x0000000016d00000)]

Stack: [0x0000000016c00000,0x0000000016d00000]
[error occurred during error reporting (printing stack bounds), id 0xc0000005]

Native frames: (J=compiled Java code, j=interpreted, Vv=VM code, C=native code)


Current CompileTask:
C2:  10908 1648   !   4       com.android.dx.cf.cst.ConstantPoolParser::parse0 (731 bytes)


---------------  P R O C E S S  ---------------

Java Threads: ( => current thread )
  0x000000001678a000 JavaThread "pool-1-thread-4" [_thread_in_Java, id=9848, stack(0x0000000017400000,0x0000000017500000)]
  0x0000000016784800 JavaThread "pool-1-thread-3" [_thread_in_Java, id=11224, stack(0x0000000017300000,0x0000000017400000)]
  0x0000000016783000 JavaThread "pool-1-thread-2" [_thread_in_Java, id=2984, stack(0x0000000017200000,0x0000000017300000)]
  0x0000000016780800 JavaThread "pool-2-thread-1" [_thread_blocked, id=2844, stack(0x0000000017100000,0x0000000017200000)]
  0x000000001677e000 JavaThread "pool-1-thread-1" [_thread_blocked, id=10160, stack(0x0000000017000000,0x0000000017100000)]
  0x000000001655b000 JavaThread "Service Thread" daemon [_thread_blocked, id=8516, stack(0x0000000016e00000,0x0000000016f00000)]
  0x0000000016556800 JavaThread "C1 CompilerThread2" daemon [_thread_blocked, id=7160, stack(0x0000000016d00000,0x0000000016e00000)]
=>0x000000001654b800 JavaThread "C2 CompilerThread1" daemon [_thread_in_native, id=8596, stack(0x0000000016c00000,0x0000000016d00000)]
  0x00000000151ad800 JavaThread "C2 CompilerThread0" daemon [_thread_in_native, id=9748, stack(0x0000000016b00000,0x0000000016c00000)]
  0x00000000151ab000 JavaThread "Attach Listener" daemon [_thread_blocked, id=9764, stack(0x0000000016a00000,0x0000000016b00000)]
  0x00000000151f9800 JavaThread "Signal Dispatcher" daemon [_thread_blocked, id=10532, stack(0x0000000016900000,0x0000000016a00000)]
  0x000000001518a000 JavaThread "Finalizer" daemon [_thread_blocked, id=7744, stack(0x0000000016400000,0x0000000016500000)]
  0x0000000015169000 JavaThread "Reference Handler" daemon [_thread_blocked, id=8368, stack(0x0000000016300000,0x0000000016400000)]
  0x00000000029d0800 JavaThread "main" [_thread_in_vm, id=9876, stack(0x00000000027d0000,0x00000000028d0000)]

Other Threads:
  0x0000000015167000 VMThread [stack: 0x0000000016200000,0x0000000016300000] [id=5124]
  0x000000001656f000 WatcherThread [stack: 0x0000000016f00000,0x0000000017000000] [id=10484]

VM state:not at safepoint (normal execution)

VM Mutex/Monitor currently owned by a thread: None

Heap:
 PSYoungGen      total 38400K, used 38204K [0x00000000eab00000, 0x00000000ed580000, 0x0000000100000000)
  eden space 33280K, 99% used [0x00000000eab00000,0x00000000ecb54088,0x00000000ecb80000)
  from space 5120K, 99% used [0x00000000ed080000,0x00000000ed57b0e8,0x00000000ed580000)
  to   space 5120K, 0% used [0x00000000ecb80000,0x00000000ecb80000,0x00000000ed080000)
 ParOldGen       total 87552K, used 6266K [0x00000000c0000000, 0x00000000c5580000, 0x00000000eab00000)
  object space 87552K, 7% used [0x00000000c0000000,0x00000000c061ea00,0x00000000c5580000)
 Metaspace       used 6328K, capacity 7092K, committed 7296K, reserved 1056768K
  class space    used 603K, capacity 620K, committed 640K, reserved 1048576K

Card table byte_map: [0x0000000011e90000,0x00000000120a0000] byte_map_base: 0x0000000011890000

Marking Bits: (ParMarkBitMap*) 0x0000000076892f70
 Begin Bits: [0x0000000012600000, 0x0000000013600000)
 End Bits:   [0x0000000013600000, 0x0000000014600000)

Polling page: 0x0000000000c80000

CodeCache: size=245760Kb used=7358Kb max_used=7358Kb free=238401Kb
 bounds [0x0000000002ad0000, 0x0000000003210000, 0x0000000011ad0000]
 total_blobs=2015 nmethods=1743 adapters=184
 compilation: enabled

Compilation events (10 events):
Event: 10.887 Thread 0x0000000016556800 nmethod 1766 0x0000000003201d10 code [0x0000000003201e80, 0x0000000003202008]
Event: 10.893 Thread 0x0000000016556800 1768 % !   3       com.android.dx.cf.cst.ConstantPoolParser::determineOffsets @ 5 (285 bytes)
Event: 10.895 Thread 0x0000000016556800 nmethod 1768% 0x0000000003202090 code [0x0000000003202420, 0x0000000003203f98]
Event: 10.898 Thread 0x0000000016556800 1769       1       com.android.dx.ssa.PhiInsn::canThrow (2 bytes)
Event: 10.898 Thread 0x0000000016556800 nmethod 1769 0x0000000003205390 code [0x00000000032054e0, 0x00000000032055f0]
Event: 10.898 Thread 0x0000000016556800 1770       2       java.util.Collections$UnmodifiableCollection::size (10 bytes)
Event: 10.899 Thread 0x0000000016556800 nmethod 1770 0x0000000003205650 code [0x00000000032057c0, 0x0000000003205948]
Event: 10.900 Thread 0x0000000016556800 1771       2       com.android.dx.rop.code.CstInsn::contentEquals (31 bytes)
Event: 10.901 Thread 0x0000000016556800 nmethod 1771 0x00000000032059d0 code [0x0000000003205b40, 0x0000000003205d58]
Event: 10.903 Thread 0x0000000016556800 1772       2       java.util.ArrayList$SubList::get (23 bytes)

GC Heap History (4 events):
Event: 8.560 GC heap before
{Heap before GC invocations=1 (full 0):
 PSYoungGen      total 38400K, used 33280K [0x00000000eab00000, 0x00000000ed580000, 0x0000000100000000)
  eden space 33280K, 100% used [0x00000000eab00000,0x00000000ecb80000,0x00000000ecb80000)
  from space 5120K, 0% used [0x00000000ed080000,0x00000000ed080000,0x00000000ed580000)
  to   space 5120K, 0% used [0x00000000ecb80000,0x00000000ecb80000,0x00000000ed080000)
 ParOldGen       total 87552K, used 0K [0x00000000c0000000, 0x00000000c5580000, 0x00000000eab00000)
  object space 87552K, 0% used [0x00000000c0000000,0x00000000c0000000,0x00000000c5580000)
 Metaspace       used 6117K, capacity 6964K, committed 7040K, reserved 1056768K
  class space    used 600K, capacity 620K, committed 640K, reserved 1048576K
Event: 8.873 GC heap after
Heap after GC invocations=1 (full 0):
 PSYoungGen      total 38400K, used 5091K [0x00000000eab00000, 0x00000000ed580000, 0x0000000100000000)
  eden space 33280K, 0% used [0x00000000eab00000,0x00000000eab00000,0x00000000ecb80000)
  from space 5120K, 99% used [0x00000000ecb80000,0x00000000ed078d48,0x00000000ed080000)
  to   space 5120K, 0% used [0x00000000ed080000,0x00000000ed080000,0x00000000ed580000)
 ParOldGen       total 87552K, used 1536K [0x00000000c0000000, 0x00000000c5580000, 0x00000000eab00000)
  object space 87552K, 1% used [0x00000000c0000000,0x00000000c0180010,0x00000000c5580000)
 Metaspace       used 6117K, capacity 6964K, committed 7040K, reserved 1056768K
  class space    used 600K, capacity 620K, committed 640K, reserved 1048576K
}
Event: 9.901 GC heap before
{Heap before GC invocations=2 (full 0):
 PSYoungGen      total 38400K, used 38371K [0x00000000eab00000, 0x00000000ed580000, 0x0000000100000000)
  eden space 33280K, 100% used [0x00000000eab00000,0x00000000ecb80000,0x00000000ecb80000)
  from space 5120K, 99% used [0x00000000ecb80000,0x00000000ed078d48,0x00000000ed080000)
  to   space 5120K, 0% used [0x00000000ed080000,0x00000000ed080000,0x00000000ed580000)
 ParOldGen       total 87552K, used 1536K [0x00000000c0000000, 0x00000000c5580000, 0x00000000eab00000)
  object space 87552K, 1% used [0x00000000c0000000,0x00000000c0180010,0x00000000c5580000)
 Metaspace       used 6259K, capacity 7092K, committed 7296K, reserved 1056768K
  class space    used 601K, capacity 620K, committed 640K, reserved 1048576K
Event: 10.062 GC heap after
Heap after GC invocations=2 (full 0):
 PSYoungGen      total 38400K, used 5100K [0x00000000eab00000, 0x00000000ed580000, 0x0000000100000000)
  eden space 33280K, 0% used [0x00000000eab00000,0x00000000eab00000,0x00000000ecb80000)
  from space 5120K, 99% used [0x00000000ed080000,0x00000000ed57b0e8,0x00000000ed580000)
  to   space 5120K, 0% used [0x00000000ecb80000,0x00000000ecb80000,0x00000000ed080000)
 ParOldGen       total 87552K, used 6266K [0x00000000c0000000, 0x00000000c5580000, 0x00000000eab00000)
  object space 87552K, 7% used [0x00000000c0000000,0x00000000c061ea00,0x00000000c5580000)
 Metaspace       used 6259K, capacity 7092K, committed 7296K, reserved 1056768K
  class space    used 601K, capacity 620K, committed 640K, reserved 1048576K
}

Deoptimization events (10 events):
Event: 9.197 Thread 0x00000000029d0800 Uncommon trap: reason=unstable_if action=reinterpret pc=0x0000000003068494 method=com.android.dx.rop.code.RegisterSpec.equals(ILcom/android/dx/rop/type/TypeBearer;Lcom/android/dx/rop/code/LocalItem;)Z @ 42
Event: 9.198 Thread 0x00000000029d0800 Uncommon trap: reason=unstable_if action=reinterpret pc=0x0000000002dbc294 method=com.android.dx.rop.code.RegisterSpec.equals(ILcom/android/dx/rop/type/TypeBearer;Lcom/android/dx/rop/code/LocalItem;)Z @ 42
Event: 9.629 Thread 0x000000001677e000 Uncommon trap: reason=unstable_if action=reinterpret pc=0x0000000002ffa9bc method=com.android.dx.rop.code.LocalItem.compareHandlesNulls(Lcom/android/dx/rop/cst/CstString;Lcom/android/dx/rop/cst/CstString;)I @ 8
Event: 9.841 Thread 0x0000000016783000 Uncommon trap: reason=unstable_if action=reinterpret pc=0x0000000002e92cdc method=com.android.dx.rop.cst.Constant.compareTo(Lcom/android/dx/rop/cst/Constant;)I @ 12
Event: 9.858 Thread 0x000000001677e000 Uncommon trap: reason=unstable_if action=reinterpret pc=0x00000000030d524c method=com.android.dx.ssa.MoveParamCombiner$1.visitNonMoveInsn(Lcom/android/dx/ssa/NormalSsaInsn;)V @ 27
Event: 10.510 Thread 0x000000001678a000 Uncommon trap: reason=bimorphic action=maybe_recompile pc=0x00000000030eead8 method=com.android.dx.cf.code.BytecodeArray.parseInstruction(ILcom/android/dx/cf/code/BytecodeArray$Visitor;)I @ 2281
Event: 10.510 Thread 0x000000001678a000 Uncommon trap: reason=bimorphic action=maybe_recompile pc=0x00000000030eead8 method=com.android.dx.cf.code.BytecodeArray.parseInstruction(ILcom/android/dx/cf/code/BytecodeArray$Visitor;)I @ 2281
Event: 10.806 Thread 0x00000000029d0800 Uncommon trap: reason=bimorphic action=maybe_recompile pc=0x00000000030eead8 method=com.android.dx.cf.code.BytecodeArray.parseInstruction(ILcom/android/dx/cf/code/BytecodeArray$Visitor;)I @ 2281
Event: 10.806 Thread 0x00000000029d0800 Uncommon trap: reason=bimorphic action=maybe_recompile pc=0x00000000030eead8 method=com.android.dx.cf.code.BytecodeArray.parseInstruction(ILcom/android/dx/cf/code/BytecodeArray$Visitor;)I @ 2281
Event: 10.881 Thread 0x0000000016783000 Uncommon trap: reason=unstable_if action=reinterpret pc=0x0000000003193850 method=com.android.dx.ssa.SCCP.simulateStmt(Lcom/android/dx/ssa/SsaInsn;)V @ 59

Internal exceptions (4 events):
Event: 1.397 Thread 0x00000000029d0800 Exception <a 'java/lang/NoSuchMethodError': Method sun.misc.Unsafe.defineClass(Ljava/lang/String;[BII)Ljava/lang/Class; name or signature does not match> (0x00000000eab07cc0) thrown at [C:\re\workspace\8-2-build-windows-amd64-cygwin\jdk8u91\6644\hotspot\sr«ôZö?
Event: 1.397 Thread 0x00000000029d0800 Exception <a 'java/lang/NoSuchMethodError': Method sun.misc.Unsafe.prefetchRead(Ljava/lang/Object;J)V name or signature does not match> (0x00000000eab07fa8) thrown at [C:\re\workspace\8-2-build-windows-amd64-cygwin\jdk8u91\6644\hotspot\src\share\vm\prims\jÑVŽ @
Event: 8.278 Thread 0x0000000016784800 Implicit null exception at 0x0000000002daeb28 to 0x0000000002db00a1
Event: 9.629 Thread 0x000000001677e000 Implicit null exception at 0x0000000002ffa84f to 0x0000000002ffa9a9

Events (10 events):
Event: 10.795 Thread 0x000000001678a000 DEOPT UNPACKING pc=0x0000000002b1787f sp=0x00000000174fe6c0 mode 0
Event: 10.806 Thread 0x00000000029d0800 Uncommon trap: trap_request=0xffffffc6 fr.pc=0x00000000030eead8
Event: 10.806 Thread 0x00000000029d0800 DEOPT PACKING pc=0x00000000030eead8 sp=0x00000000028ce280
Event: 10.806 Thread 0x00000000029d0800 DEOPT UNPACKING pc=0x0000000002b1582a sp=0x00000000028ce260 mode 2
Event: 10.806 Thread 0x00000000029d0800 Uncommon trap: trap_request=0xffffffc6 fr.pc=0x00000000030eead8
Event: 10.806 Thread 0x00000000029d0800 DEOPT PACKING pc=0x00000000030eead8 sp=0x00000000028ce0e0
Event: 10.806 Thread 0x00000000029d0800 DEOPT UNPACKING pc=0x0000000002b1582a sp=0x00000000028ce0c0 mode 2
Event: 10.881 Thread 0x0000000016783000 Uncommon trap: trap_request=0xffffff65 fr.pc=0x0000000003193850
Event: 10.881 Thread 0x0000000016783000 DEOPT PACKING pc=0x0000000003193850 sp=0x00000000172fe640
Event: 10.881 Thread 0x0000000016783000 DEOPT UNPACKING pc=0x0000000002b1582a sp=0x00000000172fe628 mode 2


Dynamic libraries:
0x00007ff7b5950000 - 0x00007ff7b5987000 	D:\JAVA_enviroment\bin\java.exe
0x00007ffb1f980000 - 0x00007ffb1fb51000 	C:\WINDOWS\SYSTEM32\ntdll.dll
0x00007ffb1f830000 - 0x00007ffb1f8db000 	C:\WINDOWS\System32\KERNEL32.DLL
0x00007ffb1c920000 - 0x00007ffb1cb3d000 	C:\WINDOWS\System32\KERNELBASE.dll
0x00007ffb1f550000 - 0x00007ffb1f5f2000 	C:\WINDOWS\System32\ADVAPI32.dll
0x00007ffb1db60000 - 0x00007ffb1dbfe000 	C:\WINDOWS\System32\msvcrt.dll
0x00007ffb1db00000 - 0x00007ffb1db59000 	C:\WINDOWS\System32\sechost.dll
0x00007ffb1f110000 - 0x00007ffb1f231000 	C:\WINDOWS\System32\RPCRT4.dll
0x00007ffb1f240000 - 0x00007ffb1f3a5000 	C:\WINDOWS\System32\USER32.dll
0x00007ffb1be70000 - 0x00007ffb1be8e000 	C:\WINDOWS\System32\win32u.dll
0x00007ffb1f940000 - 0x00007ffb1f974000 	C:\WINDOWS\System32\GDI32.dll
0x00007ffb1bfe0000 - 0x00007ffb1c162000 	C:\WINDOWS\System32\gdi32full.dll
0x00007ffb14600000 - 0x00007ffb14879000 	C:\WINDOWS\WinSxS\amd64_microsoft.windows.common-controls_6595b64144ccf1df_6.0.14393.0_none_2d0f50fcbdb171b8\COMCTL32.dll
0x00007ffb1d020000 - 0x00007ffb1d2e7000 	C:\WINDOWS\System32\combase.dll
0x00007ffb1cc40000 - 0x00007ffb1cd35000 	C:\WINDOWS\System32\ucrtbase.dll
0x00007ffb1c170000 - 0x00007ffb1c1da000 	C:\WINDOWS\System32\bcryptPrimitives.dll
0x00007ffb1cf30000 - 0x00007ffb1cf5e000 	C:\WINDOWS\System32\IMM32.DLL
0x0000000075ea0000 - 0x0000000075f72000 	D:\JAVA_enviroment\jre\bin\msvcr100.dll
0x0000000076080000 - 0x0000000076913000 	D:\JAVA_enviroment\jre\bin\server\jvm.dll
0x00007ffb1d990000 - 0x00007ffb1d998000 	C:\WINDOWS\System32\PSAPI.DLL
0x00007ffb18c80000 - 0x00007ffb18c89000 	C:\WINDOWS\SYSTEM32\WSOCK32.dll
0x00007ffb1d920000 - 0x00007ffb1d98a000 	C:\WINDOWS\System32\WS2_32.dll
0x00007ffb19c10000 - 0x00007ffb19c33000 	C:\WINDOWS\SYSTEM32\WINMM.dll
0x00007ffb16710000 - 0x00007ffb1671a000 	C:\WINDOWS\SYSTEM32\VERSION.dll
0x00007ffb19a80000 - 0x00007ffb19aab000 	C:\WINDOWS\SYSTEM32\WINMMBASE.dll
0x00007ffb1cbf0000 - 0x00007ffb1cc32000 	C:\WINDOWS\System32\cfgmgr32.dll
0x0000000050080000 - 0x000000005008f000 	D:\JAVA_enviroment\jre\bin\verify.dll
0x0000000050050000 - 0x0000000050079000 	D:\JAVA_enviroment\jre\bin\java.dll
0x0000000050030000 - 0x0000000050046000 	D:\JAVA_enviroment\jre\bin\zip.dll
0x00007ffb1dc00000 - 0x00007ffb1f108000 	C:\WINDOWS\System32\SHELL32.dll
0x00007ffb1c240000 - 0x00007ffb1c91a000 	C:\WINDOWS\System32\windows.storage.dll
0x00007ffb1be20000 - 0x00007ffb1be6c000 	C:\WINDOWS\System32\powrprof.dll
0x00007ffb1f8e0000 - 0x00007ffb1f932000 	C:\WINDOWS\System32\shlwapi.dll
0x00007ffb1bdf0000 - 0x00007ffb1bdff000 	C:\WINDOWS\System32\kernel.appcore.dll
0x00007ffb1bf30000 - 0x00007ffb1bfd9000 	C:\WINDOWS\System32\shcore.dll
0x00007ffb1be00000 - 0x00007ffb1be14000 	C:\WINDOWS\System32\profapi.dll

VM Arguments:
jvm_args: -Djava.awt.headless=true -Xmx1024M -Dfile.encoding=GBK -Duser.country=CN -Duser.language=zh -Duser.variant 
java_command: com.android.dx.command.Main --dex --force-jumbo --num-threads=4 --output D:\workspace1\FastSport\app\build\intermediates\pre-dexed\debug\gson-2.6.2_21a83f644006d3878007a83d55846e470d6f5e0e.jar D:\workspace1\FastSport\app\build\intermediates\exploded-aar\cn.bmob.android\bmob-sdk\3.5.0\jars\libs\gson-2.6.2.jar
java_class_path (initial): D:\AndroidStdio_sdk\sdk\build-tools\24.0.0\lib\dx.jar
Launcher Type: SUN_STANDARD

Environment Variables:
JAVA_HOME=D:\JAVA_enviroment
PATH=C:\ProgramData\Oracle\Java\javapath;C:\WINDOWS\system32;C:\WINDOWS;C:\WINDOWS\System32\Wbem;C:\WINDOWS\System32\WindowsPowerShell\v1.0\;D:\JAVA_enviroment\bin;D:\JAVA_enviroment\jre\bin;D:\android_sdk\sdk\tools;C:\Program Files (x86)\NVIDIA Corporation\PhysX\Common;D:\AndroidStdio_sdk\sdk\tools;C:\Program Files (x86)\Microsoft SQL Server\100\Tools\Binn\;C:\Program Files\Microsoft SQL Server\100\Tools\Binn\;C:\Program Files\Microsoft SQL Server\100\DTS\Binn\;C:\Program Files (x86)\Microsoft SQL Server\100\Tools\Binn\VSShell\Common7\IDE\;C:\Program Files (x86)\Microsoft Visual Studio 9.0\Common7\IDE\PrivateAssemblies\;C:\Program Files (x86)\Microsoft SQL Server\100\DTS\Binn\;D:\android_sdk\sdk\platform-tools;D:\android_sdk\sdk\tools;C:\WINDOWS\system32;C:\WINDOWS;C:\WINDOWS\System32\Wbem;C:\WINDOWS\System32\WindowsPowerShell\v1.0\;C:\Users\Administrator\AppData\Local\Microsoft\WindowsApps;
USERNAME=Administrator
OS=Windows_NT
PROCESSOR_IDENTIFIER=Intel64 Family 6 Model 58 Stepping 9, GenuineIntel



---------------  S Y S T E M  ---------------

OS: Windows 10.0 , 64 bit Build 14393 (10.0.14393.0)

CPU:total 4 (2 cores per cpu, 2 threads per core) family 6 model 58 stepping 9, cmov, cx8, fxsr, mmx, sse, sse2, sse3, ssse3, sse4.1, sse4.2, popcnt, avx, aes, clmul, erms, ht, tsc, tscinvbit, tscinv

Memory: 4k page, physical 8271404k(1216824k free), swap 8271404k(5680k free)

vm_info: Java HotSpot(TM) 64-Bit Server VM (25.91-b14) for windows-amd64 JRE (1.8.0_91-b14), built on Apr  1 2016 00:58:32 by "java_re" with MS VC++ 10.0 (VS2010)

time: Mon Oct 03 01:05:54 2016
elapsed time: 10 seconds (0d 0h 0m 10s)

