#
# There is insufficient memory for the Java Runtime Environment to continue.
# Native memory allocation (malloc) failed to allocate 1043456 bytes for Chunk::new
# Possible reasons:
#   The system is out of physical RAM or swap space
#   In 32 bit mode, the process size limit was hit
# Possible solutions:
#   Reduce memory load on the system
#   Increase physical memory or swap space
#   Check if swap backing store is full
#   Use 64 bit Java on a 64 bit OS
#   Decrease Java heap size (-Xmx/-Xms)
#   Decrease number of Java threads
#   Decrease Java thread stack sizes (-Xss)
#   Set larger code cache with -XX:ReservedCodeCacheSize=
# This output file may be truncated or incomplete.
#
#  Out of Memory Error (allocation.cpp:390), pid=27064, tid=26744
#
# JRE version: Java(TM) SE Runtime Environment (8.0_91-b14) (build 1.8.0_91-b14)
# Java VM: Java HotSpot(TM) 64-Bit Server VM (25.91-b14 mixed mode windows-amd64 compressed oops)
# Failed to write core dump. Minidumps are not enabled by default on client versions of Windows
#

---------------  T H R E A D  ---------------

Current thread (0x000000001515b000):  JavaThread "C2 CompilerThread1" daemon [_thread_in_native, id=26744, stack(0x0000000016b50000,0x0000000016c50000)]

Stack: [0x0000000016b50000,0x0000000016c50000]
[error occurred during error reporting (printing stack bounds), id 0xc0000005]

Native frames: (J=compiled Java code, j=interpreted, Vv=VM code, C=native code)


Current CompileTask:
C2:  11223 1717       4       com.android.dx.ssa.SCCP::simulateBlock (54 bytes)


---------------  P R O C E S S  ---------------

Java Threads: ( => current thread )
  0x00000000167a6000 JavaThread "pool-2-thread-4" [_thread_in_Java, id=26256, stack(0x0000000017350000,0x0000000017450000)]
  0x0000000016797000 JavaThread "pool-2-thread-3" [_thread_in_Java, id=24784, stack(0x0000000017250000,0x0000000017350000)]
  0x0000000016796800 JavaThread "pool-2-thread-2" [_thread_blocked, id=19152, stack(0x0000000017150000,0x0000000017250000)]
  0x0000000016792000 JavaThread "pool-3-thread-1" [_thread_blocked, id=26404, stack(0x0000000017050000,0x0000000017150000)]
  0x0000000016791000 JavaThread "pool-2-thread-1" [_thread_blocked, id=21204, stack(0x0000000016f50000,0x0000000017050000)]
  0x00000000164b1800 JavaThread "Service Thread" daemon [_thread_blocked, id=12560, stack(0x0000000016d50000,0x0000000016e50000)]
  0x00000000164a6000 JavaThread "C1 CompilerThread2" daemon [_thread_blocked, id=25644, stack(0x0000000016c50000,0x0000000016d50000)]
=>0x000000001515b000 JavaThread "C2 CompilerThread1" daemon [_thread_in_native, id=26744, stack(0x0000000016b50000,0x0000000016c50000)]
  0x000000001510c000 JavaThread "C2 CompilerThread0" daemon [_thread_in_native, id=27332, stack(0x0000000016a50000,0x0000000016b50000)]
  0x000000001510a000 JavaThread "Attach Listener" daemon [_thread_blocked, id=17496, stack(0x0000000016950000,0x0000000016a50000)]
  0x0000000015159800 JavaThread "Signal Dispatcher" daemon [_thread_blocked, id=25436, stack(0x0000000016850000,0x0000000016950000)]
  0x00000000150ea000 JavaThread "Finalizer" daemon [_thread_blocked, id=24332, stack(0x0000000016350000,0x0000000016450000)]
  0x00000000150c9000 JavaThread "Reference Handler" daemon [_thread_blocked, id=27080, stack(0x0000000016250000,0x0000000016350000)]
  0x0000000002930800 JavaThread "main" [_thread_in_Java, id=25248, stack(0x0000000002430000,0x0000000002530000)]

Other Threads:
  0x00000000150c7000 VMThread [stack: 0x0000000016150000,0x0000000016250000] [id=21672]
  0x000000001650d000 WatcherThread [stack: 0x0000000016e50000,0x0000000016f50000] [id=12516]

VM state:not at safepoint (normal execution)

VM Mutex/Monitor currently owned by a thread: None

Heap:
 PSYoungGen      total 71680K, used 26547K [0x00000000eab00000, 0x00000000ef600000, 0x0000000100000000)
  eden space 66560K, 32% used [0x00000000eab00000,0x00000000ebff3630,0x00000000eec00000)
  from space 5120K, 99% used [0x00000000ef100000,0x00000000ef5f98b8,0x00000000ef600000)
  to   space 5120K, 0% used [0x00000000eec00000,0x00000000eec00000,0x00000000ef100000)
 ParOldGen       total 87552K, used 5060K [0x00000000c0000000, 0x00000000c5580000, 0x00000000eab00000)
  object space 87552K, 5% used [0x00000000c0000000,0x00000000c04f1370,0x00000000c5580000)
 Metaspace       used 6291K, capacity 7092K, committed 7296K, reserved 1056768K
  class space    used 601K, capacity 620K, committed 640K, reserved 1048576K

Card table byte_map: [0x0000000011df0000,0x0000000012000000] byte_map_base: 0x00000000117f0000

Marking Bits: (ParMarkBitMap*) 0x0000000074f92f70
 Begin Bits: [0x0000000012560000, 0x0000000013560000)
 End Bits:   [0x0000000013560000, 0x0000000014560000)

Polling page: 0x0000000000c40000

CodeCache: size=245760Kb used=7509Kb max_used=7509Kb free=238250Kb
 bounds [0x0000000002a30000, 0x0000000003190000, 0x0000000011a30000]
 total_blobs=2002 nmethods=1730 adapters=184
 compilation: enabled

Compilation events (10 events):
Event: 11.078 Thread 0x00000000164a6000 1736       3       com.android.dx.ssa.SsaBasicBlock::newFromRop (183 bytes)
Event: 11.081 Thread 0x00000000164a6000 nmethod 1736 0x0000000003180490 code [0x0000000003180760, 0x0000000003182398]
Event: 11.081 Thread 0x00000000164a6000 1739       3       com.android.dx.ssa.SsaMethod::forEachBlockDepthFirst (194 bytes)
Event: 11.085 Thread 0x00000000164a6000 nmethod 1739 0x00000000031830d0 code [0x0000000003183540, 0x0000000003186908]
Event: 11.085 Thread 0x00000000164a6000 1740       3       com.android.dx.util.IntList::binarysearch (124 bytes)
Event: 11.086 Thread 0x00000000164a6000 nmethod 1740 0x0000000003188950 code [0x0000000003188ae0, 0x0000000003188f90]
Event: 11.086 Thread 0x00000000164a6000 1738   !   3       java.util.BitSet::clone (49 bytes)
Event: 11.087 Thread 0x00000000164a6000 nmethod 1738 0x0000000003189250 code [0x0000000003189440, 0x0000000003189d18]
Event: 11.087 Thread 0x00000000164a6000 1737       3       com.android.dx.ssa.NormalSsaInsn::clone (5 bytes)
Event: 11.088 Thread 0x00000000164a6000 nmethod 1737 0x000000000318a110 code [0x000000000318a2c0, 0x000000000318a818]

GC Heap History (4 events):
Event: 6.133 GC heap before
{Heap before GC invocations=1 (full 0):
 PSYoungGen      total 38400K, used 33280K [0x00000000eab00000, 0x00000000ed580000, 0x0000000100000000)
  eden space 33280K, 100% used [0x00000000eab00000,0x00000000ecb80000,0x00000000ecb80000)
  from space 5120K, 0% used [0x00000000ed080000,0x00000000ed080000,0x00000000ed580000)
  to   space 5120K, 0% used [0x00000000ecb80000,0x00000000ecb80000,0x00000000ed080000)
 ParOldGen       total 87552K, used 0K [0x00000000c0000000, 0x00000000c5580000, 0x00000000eab00000)
  object space 87552K, 0% used [0x00000000c0000000,0x00000000c0000000,0x00000000c5580000)
 Metaspace       used 5963K, capacity 6834K, committed 7040K, reserved 1056768K
  class space    used 597K, capacity 618K, committed 640K, reserved 1048576K
Event: 6.873 GC heap after
Heap after GC invocations=1 (full 0):
 PSYoungGen      total 38400K, used 5111K [0x00000000eab00000, 0x00000000ef600000, 0x0000000100000000)
  eden space 33280K, 0% used [0x00000000eab00000,0x00000000eab00000,0x00000000ecb80000)
  from space 5120K, 99% used [0x00000000ecb80000,0x00000000ed07dec0,0x00000000ed080000)
  to   space 5120K, 0% used [0x00000000ef100000,0x00000000ef100000,0x00000000ef600000)
 ParOldGen       total 87552K, used 574K [0x00000000c0000000, 0x00000000c5580000, 0x00000000eab00000)
  object space 87552K, 0% used [0x00000000c0000000,0x00000000c008fbf8,0x00000000c5580000)
 Metaspace       used 5963K, capacity 6834K, committed 7040K, reserved 1056768K
  class space    used 597K, capacity 618K, committed 640K, reserved 1048576K
}
Event: 10.047 GC heap before
{Heap before GC invocations=2 (full 0):
 PSYoungGen      total 38400K, used 38391K [0x00000000eab00000, 0x00000000ef600000, 0x0000000100000000)
  eden space 33280K, 100% used [0x00000000eab00000,0x00000000ecb80000,0x00000000ecb80000)
  from space 5120K, 99% used [0x00000000ecb80000,0x00000000ed07dec0,0x00000000ed080000)
  to   space 5120K, 0% used [0x00000000ef100000,0x00000000ef100000,0x00000000ef600000)
 ParOldGen       total 87552K, used 574K [0x00000000c0000000, 0x00000000c5580000, 0x00000000eab00000)
  object space 87552K, 0% used [0x00000000c0000000,0x00000000c008fbf8,0x00000000c5580000)
 Metaspace       used 6255K, capacity 7092K, committed 7296K, reserved 1056768K
  class space    used 601K, capacity 620K, committed 640K, reserved 1048576K
Event: 10.289 GC heap after
Heap after GC invocations=2 (full 0):
 PSYoungGen      total 71680K, used 5094K [0x00000000eab00000, 0x00000000ef600000, 0x0000000100000000)
  eden space 66560K, 0% used [0x00000000eab00000,0x00000000eab00000,0x00000000eec00000)
  from space 5120K, 99% used [0x00000000ef100000,0x00000000ef5f98b8,0x00000000ef600000)
  to   space 5120K, 0% used [0x00000000eec00000,0x00000000eec00000,0x00000000ef100000)
 ParOldGen       total 87552K, used 5060K [0x00000000c0000000, 0x00000000c5580000, 0x00000000eab00000)
  object space 87552K, 5% used [0x00000000c0000000,0x00000000c04f1370,0x00000000c5580000)
 Metaspace       used 6255K, capacity 7092K, committed 7296K, reserved 1056768K
  class space    used 601K, capacity 620K, committed 640K, reserved 1048576K
}

Deoptimization events (10 events):
Event: 11.055 Thread 0x00000000167a6000 Uncommon trap: reason=class_check action=maybe_recompile pc=0x0000000003144c50 method=com.android.dx.rop.code.RegisterSpec.withSimpleType()Lcom/android/dx/rop/code/RegisterSpec; @ 21
Event: 11.057 Thread 0x0000000002930800 Uncommon trap: reason=unstable_if action=reinterpret pc=0x0000000002f7f694 method=com.android.dx.ssa.SsaRenamer$BlockRenamer.addMapping(ILcom/android/dx/rop/code/RegisterSpec;)V @ 120
Event: 11.065 Thread 0x00000000167a6000 Uncommon trap: reason=bimorphic action=maybe_recompile pc=0x0000000002d093f4 method=java.util.HashMap.getNode(ILjava/lang/Object;)Ljava/util/HashMap$Node; @ 126
Event: 11.065 Thread 0x00000000167a6000 Uncommon trap: reason=class_check action=maybe_recompile pc=0x0000000002f148a0 method=java.util.HashMap.putVal(ILjava/lang/Object;Ljava/lang/Object;ZZ)Ljava/lang/Object; @ 203
Event: 11.066 Thread 0x00000000167a6000 Uncommon trap: reason=unstable_if action=reinterpret pc=0x0000000002d9535c method=com.android.dx.rop.cst.Constant.compareTo(Lcom/android/dx/rop/cst/Constant;)I @ 12
Event: 11.066 Thread 0x00000000167a6000 Uncommon trap: reason=bimorphic action=maybe_recompile pc=0x0000000002c5fb5c method=java.util.HashMap.getNode(ILjava/lang/Object;)Ljava/util/HashMap$Node; @ 126
Event: 11.077 Thread 0x0000000016791000 Uncommon trap: reason=unstable_if action=reinterpret pc=0x0000000002e51ebc method=com.android.dx.util.IntList.binarysearch(I)I @ 105
Event: 11.078 Thread 0x0000000016791000 Uncommon trap: reason=unstable_if action=reinterpret pc=0x000000000307c5b0 method=com.android.dx.ssa.SsaBasicBlock.newFromRop(Lcom/android/dx/rop/code/RopMethod;ILcom/android/dx/ssa/SsaMethod;)Lcom/android/dx/ssa/SsaBasicBlock; @ 164
Event: 11.078 Thread 0x0000000016791000 Uncommon trap: reason=unstable_if action=reinterpret pc=0x0000000003048c04 method=java.util.BitSet.clone()Ljava/lang/Object; @ 4
Event: 11.080 Thread 0x0000000016791000 Uncommon trap: reason=unstable_if action=reinterpret pc=0x000000000304e128 method=java.util.BitSet.clone()Ljava/lang/Object; @ 4

Internal exceptions (3 events):
Event: 0.060 Thread 0x0000000002930800 Exception <a 'java/lang/NoSuchMethodError': Method sun.misc.Unsafe.defineClass(Ljava/lang/String;[BII)Ljava/lang/Class; name or signature does not match> (0x00000000eab07cc0) thrown at [C:\re\workspace\8-2-build-windows-amd64-cygwin\jdk8u91\6644\hotspot\srC/A›©®?
Event: 0.060 Thread 0x0000000002930800 Exception <a 'java/lang/NoSuchMethodError': Method sun.misc.Unsafe.prefetchRead(Ljava/lang/Object;J)V name or signature does not match> (0x00000000eab07fa8) thrown at [C:\re\workspace\8-2-build-windows-amd64-cygwin\jdk8u91\6644\hotspot\src\share\vm\prims\jDQ¢4ví@
Event: 4.732 Thread 0x00000000167a6000 Implicit null exception at 0x0000000002d10308 to 0x0000000002d121a5

Events (10 events):
Event: 11.077 Thread 0x0000000016791000 DEOPT UNPACKING pc=0x0000000002a7582a sp=0x000000001704e4c8 mode 2
Event: 11.078 Thread 0x0000000016791000 Uncommon trap: trap_request=0xffffff65 fr.pc=0x000000000307c5b0
Event: 11.078 Thread 0x0000000016791000 DEOPT PACKING pc=0x000000000307c5b0 sp=0x000000001704e5f0
Event: 11.078 Thread 0x0000000016791000 DEOPT UNPACKING pc=0x0000000002a7582a sp=0x000000001704e5f8 mode 2
Event: 11.078 Thread 0x0000000016791000 Uncommon trap: trap_request=0xffffff65 fr.pc=0x0000000003048c04
Event: 11.078 Thread 0x0000000016791000 DEOPT PACKING pc=0x0000000003048c04 sp=0x000000001704e6c0
Event: 11.078 Thread 0x0000000016791000 DEOPT UNPACKING pc=0x0000000002a7582a sp=0x000000001704e688 mode 2
Event: 11.080 Thread 0x0000000016791000 Uncommon trap: trap_request=0xffffff65 fr.pc=0x000000000304e128
Event: 11.080 Thread 0x0000000016791000 DEOPT PACKING pc=0x000000000304e128 sp=0x000000001704e690
Event: 11.080 Thread 0x0000000016791000 DEOPT UNPACKING pc=0x0000000002a7582a sp=0x000000001704e5d0 mode 2


Dynamic libraries:
0x00007ff6fda30000 - 0x00007ff6fda67000 	D:\JAVA_enviroment\bin\java.exe
0x00007fffc3740000 - 0x00007fffc3901000 	C:\WINDOWS\SYSTEM32\ntdll.dll
0x00007fffc0cf0000 - 0x00007fffc0d9d000 	C:\WINDOWS\system32\KERNEL32.DLL
0x00007fffbfe60000 - 0x00007fffc0048000 	C:\WINDOWS\system32\KERNELBASE.dll
0x00007fffc1190000 - 0x00007fffc1237000 	C:\WINDOWS\system32\ADVAPI32.dll
0x00007fffc0e90000 - 0x00007fffc0f2d000 	C:\WINDOWS\system32\msvcrt.dll
0x00007fffc1020000 - 0x00007fffc107b000 	C:\WINDOWS\system32\sechost.dll
0x00007fffc3380000 - 0x00007fffc349c000 	C:\WINDOWS\system32\RPCRT4.dll
0x00007fffc1240000 - 0x00007fffc1396000 	C:\WINDOWS\system32\USER32.dll
0x00007fffc34a0000 - 0x00007fffc3626000 	C:\WINDOWS\system32\GDI32.dll
0x00007fffbbed0000 - 0x00007fffbc144000 	C:\WINDOWS\WinSxS\amd64_microsoft.windows.common-controls_6595b64144ccf1df_6.0.10586.589_none_a2ddb3caa539acce\COMCTL32.dll
0x00007fffc2fe0000 - 0x00007fffc325d000 	C:\WINDOWS\system32\combase.dll
0x00007fffbfdf0000 - 0x00007fffbfe5a000 	C:\WINDOWS\system32\bcryptPrimitives.dll
0x00007fffc1080000 - 0x00007fffc10bb000 	C:\WINDOWS\system32\IMM32.DLL
0x0000000074220000 - 0x00000000742f2000 	D:\JAVA_enviroment\jre\bin\msvcr100.dll
0x0000000074780000 - 0x0000000075013000 	D:\JAVA_enviroment\jre\bin\server\jvm.dll
0x00007fffc0da0000 - 0x00007fffc0da8000 	C:\WINDOWS\system32\PSAPI.DLL
0x00007fffbd2d0000 - 0x00007fffbd2d9000 	C:\WINDOWS\SYSTEM32\WSOCK32.dll
0x00007fffc0f30000 - 0x00007fffc0f9b000 	C:\WINDOWS\system32\WS2_32.dll
0x00007fffbdfd0000 - 0x00007fffbdff3000 	C:\WINDOWS\SYSTEM32\WINMM.dll
0x00007fffbbec0000 - 0x00007fffbbeca000 	C:\WINDOWS\SYSTEM32\VERSION.dll
0x00007fffbdf70000 - 0x00007fffbdf9c000 	C:\WINDOWS\SYSTEM32\WINMMBASE.dll
0x00007fffc0a00000 - 0x00007fffc0a43000 	C:\WINDOWS\system32\cfgmgr32.dll
0x0000000074690000 - 0x000000007469f000 	D:\JAVA_enviroment\jre\bin\verify.dll
0x0000000074660000 - 0x0000000074689000 	D:\JAVA_enviroment\jre\bin\java.dll
0x0000000074640000 - 0x0000000074656000 	D:\JAVA_enviroment\jre\bin\zip.dll
0x00007fffc13a0000 - 0x00007fffc28fc000 	C:\WINDOWS\system32\SHELL32.dll
0x00007fffc0050000 - 0x00007fffc0695000 	C:\WINDOWS\system32\windows.storage.dll
0x00007fffc0e30000 - 0x00007fffc0e82000 	C:\WINDOWS\system32\shlwapi.dll
0x00007fffbfd80000 - 0x00007fffbfd8f000 	C:\WINDOWS\system32\kernel.appcore.dll
0x00007fffc06a0000 - 0x00007fffc0755000 	C:\WINDOWS\system32\shcore.dll
0x00007fffbfd90000 - 0x00007fffbfddb000 	C:\WINDOWS\system32\powrprof.dll
0x00007fffbfd60000 - 0x00007fffbfd74000 	C:\WINDOWS\system32\profapi.dll

VM Arguments:
jvm_args: -Djava.awt.headless=true -Xmx1024M -Dfile.encoding=GBK -Duser.country=CN -Duser.language=zh -Duser.variant 
java_command: com.android.dx.command.Main --dex --force-jumbo --num-threads=4 --multi-dex --output D:\workspace1\FastSport\app\build\intermediates\transforms\dex\debug\folders\1000\10\rxjava-1.1.6_86e26f1c3dc66059aac75630bfcff565fed0690d D:\workspace1\FastSport\app\build\intermediates\exploded-aar\cn.bmob.android\bmob-sdk\3.5.0\jars\libs\rxjava-1.1.6.jar
java_class_path (initial): D:\AndroidStdio_sdk\sdk\build-tools\24.0.0\lib\dx.jar
Launcher Type: SUN_STANDARD

Environment Variables:
JAVA_HOME=D:\JAVA_enviroment
PATH=C:\ProgramData\Oracle\Java\javapath;C:\WINDOWS\system32;C:\WINDOWS;C:\WINDOWS\System32\Wbem;C:\WINDOWS\System32\WindowsPowerShell\v1.0\;D:\JAVA_enviroment\bin;D:\JAVA_enviroment\jre\bin;D:\android_sdk\sdk\tools;C:\Program Files (x86)\NVIDIA Corporation\PhysX\Common;D:\AndroidStdio_sdk\sdk\tools;C:\Program Files (x86)\Microsoft SQL Server\100\Tools\Binn\;C:\Program Files\Microsoft SQL Server\100\Tools\Binn\;C:\Program Files\Microsoft SQL Server\100\DTS\Binn\;C:\Program Files (x86)\Microsoft SQL Server\100\Tools\Binn\VSShell\Common7\IDE\;C:\Program Files (x86)\Microsoft Visual Studio 9.0\Common7\IDE\PrivateAssemblies\;C:\Program Files (x86)\Microsoft SQL Server\100\DTS\Binn\;D:\android_sdk\sdk\platform-tools;D:\android_sdk\sdk\tools
USERNAME=Administrator
OS=Windows_NT
PROCESSOR_IDENTIFIER=Intel64 Family 6 Model 58 Stepping 9, GenuineIntel



---------------  S Y S T E M  ---------------

OS: Windows 10.0 , 64 bit Build 10586 (10.0.10586.589)

CPU:total 4 (2 cores per cpu, 2 threads per core) family 6 model 58 stepping 9, cmov, cx8, fxsr, mmx, sse, sse2, sse3, ssse3, sse4.1, sse4.2, popcnt, avx, aes, clmul, erms, ht, tsc, tscinvbit, tscinv

Memory: 4k page, physical 8271404k(747704k free), swap 8271404k(8204k free)

vm_info: Java HotSpot(TM) 64-Bit Server VM (25.91-b14) for windows-amd64 JRE (1.8.0_91-b14), built on Apr  1 2016 00:58:32 by "java_re" with MS VC++ 10.0 (VS2010)

time: Sat Oct 01 16:35:58 2016
elapsed time: 11 seconds (0d 0h 0m 11s)

