#
# There is insufficient memory for the Java Runtime Environment to continue.
# Native memory allocation (malloc) failed to allocate 403136 bytes for Chunk::new
# Possible reasons:
#   The system is out of physical RAM or swap space
#   In 32 bit mode, the process size limit was hit
# Possible solutions:
#   Reduce memory load on the system
#   Increase physical memory or swap space
#   Check if swap backing store is full
#   Use 64 bit Java on a 64 bit OS
#   Decrease Java heap size (-Xmx/-Xms)
#   Decrease number of Java threads
#   Decrease Java thread stack sizes (-Xss)
#   Set larger code cache with -XX:ReservedCodeCacheSize=
# This output file may be truncated or incomplete.
#
#  Out of Memory Error (allocation.cpp:390), pid=11168, tid=5888
#
# JRE version: Java(TM) SE Runtime Environment (8.0_91-b14) (build 1.8.0_91-b14)
# Java VM: Java HotSpot(TM) 64-Bit Server VM (25.91-b14 mixed mode windows-amd64 compressed oops)
# Failed to write core dump. Minidumps are not enabled by default on client versions of Windows
#

---------------  T H R E A D  ---------------

Current thread (0x0000000015c0e000):  JavaThread "C2 CompilerThread1" daemon [_thread_in_native, id=5888, stack(0x0000000017700000,0x0000000017800000)]

Stack: [0x0000000017700000,0x0000000017800000]
[error occurred during error reporting (printing stack bounds), id 0xc0000005]

Native frames: (J=compiled Java code, j=interpreted, Vv=VM code, C=native code)


Current CompileTask:
C2:   2387 1127       4       com.android.dx.ssa.back.LivenessAnalyzer::handleTailRecursion (94 bytes)


---------------  P R O C E S S  ---------------

Java Threads: ( => current thread )
  0x00000000172d8000 JavaThread "pool-1-thread-4" [_thread_blocked, id=10828, stack(0x0000000017f00000,0x0000000018000000)]
  0x00000000172d7000 JavaThread "pool-1-thread-3" [_thread_blocked, id=10500, stack(0x0000000017e00000,0x0000000017f00000)]
  0x00000000172d6800 JavaThread "pool-1-thread-2" [_thread_in_Java, id=9528, stack(0x0000000017d00000,0x0000000017e00000)]
  0x00000000172d1800 JavaThread "pool-2-thread-1" [_thread_blocked, id=4472, stack(0x0000000017c00000,0x0000000017d00000)]
  0x00000000172c3800 JavaThread "pool-1-thread-1" [_thread_in_Java, id=472, stack(0x0000000017b00000,0x0000000017c00000)]
  0x000000001705b800 JavaThread "Service Thread" daemon [_thread_blocked, id=11100, stack(0x0000000017900000,0x0000000017a00000)]
  0x0000000017058800 JavaThread "C1 CompilerThread2" daemon [_thread_in_native, id=1092, stack(0x0000000017800000,0x0000000017900000)]
=>0x0000000015c0e000 JavaThread "C2 CompilerThread1" daemon [_thread_in_native, id=5888, stack(0x0000000017700000,0x0000000017800000)]
  0x0000000015c0b000 JavaThread "C2 CompilerThread0" daemon [_thread_in_native, id=5328, stack(0x0000000017600000,0x0000000017700000)]
  0x0000000015bbd000 JavaThread "Attach Listener" daemon [_thread_blocked, id=5632, stack(0x0000000017500000,0x0000000017600000)]
  0x0000000015c09800 JavaThread "Signal Dispatcher" daemon [_thread_blocked, id=2040, stack(0x0000000017400000,0x0000000017500000)]
  0x00000000034da800 JavaThread "Finalizer" daemon [_thread_blocked, id=10932, stack(0x0000000016e00000,0x0000000016f00000)]
  0x0000000015b79000 JavaThread "Reference Handler" daemon [_thread_blocked, id=2464, stack(0x0000000016d00000,0x0000000016e00000)]
  0x00000000033e0800 JavaThread "main" [_thread_in_Java, id=4484, stack(0x0000000002f80000,0x0000000003080000)]

Other Threads:
  0x0000000015b77000 VMThread [stack: 0x0000000016c00000,0x0000000016d00000] [id=11052]
  0x0000000017070000 WatcherThread [stack: 0x0000000017a00000,0x0000000017b00000] [id=11204]

VM state:not at safepoint (normal execution)

VM Mutex/Monitor currently owned by a thread: None

Heap:
 PSYoungGen      total 38400K, used 30938K [0x00000000eab00000, 0x00000000ed580000, 0x0000000100000000)
  eden space 33280K, 92% used [0x00000000eab00000,0x00000000ec936bd0,0x00000000ecb80000)
  from space 5120K, 0% used [0x00000000ed080000,0x00000000ed080000,0x00000000ed580000)
  to   space 5120K, 0% used [0x00000000ecb80000,0x00000000ecb80000,0x00000000ed080000)
 ParOldGen       total 87552K, used 0K [0x00000000c0000000, 0x00000000c5580000, 0x00000000eab00000)
  object space 87552K, 0% used [0x00000000c0000000,0x00000000c0000000,0x00000000c5580000)
 Metaspace       used 5921K, capacity 6896K, committed 7040K, reserved 1056768K
  class space    used 593K, capacity 616K, committed 640K, reserved 1048576K

Card table byte_map: [0x00000000128a0000,0x0000000012ab0000] byte_map_base: 0x00000000122a0000

Marking Bits: (ParMarkBitMap*) 0x0000000057982f70
 Begin Bits: [0x0000000013010000, 0x0000000014010000)
 End Bits:   [0x0000000014010000, 0x0000000015010000)

Polling page: 0x0000000001410000

CodeCache: size=245760Kb used=4604Kb max_used=4604Kb free=241156Kb
 bounds [0x00000000034e0000, 0x0000000003970000, 0x00000000124e0000]
 total_blobs=1402 nmethods=1137 adapters=178
 compilation: enabled

Compilation events (10 events):
Event: 2.377 Thread 0x0000000017058800 nmethod 1136 0x000000000395e610 code [0x000000000395e7c0, 0x000000000395ecf8]
Event: 2.377 Thread 0x0000000017058800 1137       3       com.android.dx.cf.code.ExecutionStack::peekType (11 bytes)
Event: 2.377 Thread 0x0000000017058800 nmethod 1137 0x0000000003951810 code [0x0000000003951980, 0x0000000003951c38]
Event: 2.378 Thread 0x0000000017058800 1138       3       com.android.dx.cf.code.BasicBlocker::visitNoArgs (298 bytes)
Event: 2.379 Thread 0x0000000017058800 nmethod 1138 0x000000000395f050 code [0x000000000395f2c0, 0x0000000003960078]
Event: 2.379 Thread 0x0000000017058800 1139       3       com.android.dx.rop.type.Prototype::getParameterFrameTypes (96 bytes)
Event: 2.380 Thread 0x0000000017058800 nmethod 1139 0x0000000003960c50 code [0x0000000003960ea0, 0x0000000003961eb8]
Event: 2.380 Thread 0x0000000017058800 1142       3       com.android.dx.ssa.DomFront::<init> (60 bytes)
Event: 2.381 Thread 0x0000000017058800 nmethod 1142 0x0000000003962950 code [0x0000000003962ae0, 0x0000000003963130]
Event: 2.381 Thread 0x0000000017058800 1140       3       com.android.dx.cf.code.Simulator$SimVisitor::visitNoArgs (2136 bytes)

GC Heap History (0 events):
No events

Deoptimization events (5 events):
Event: 1.665 Thread 0x00000000033e0800 Uncommon trap: reason=unstable_if action=reinterpret pc=0x0000000003642c14 method=java.lang.String.compareTo(Ljava/lang/String;)I @ 38
Event: 2.133 Thread 0x00000000172d7000 Uncommon trap: reason=unstable_if action=reinterpret pc=0x00000000037121b8 method=java.util.HashMap.getNode(ILjava/lang/Object;)Ljava/util/HashMap$Node; @ 62
Event: 2.218 Thread 0x00000000172d8000 Uncommon trap: reason=unstable_if action=reinterpret pc=0x00000000037298b0 method=java.util.BitSet.nextSetBit(I)I @ 87
Event: 2.249 Thread 0x00000000172d7000 Uncommon trap: reason=unstable_if action=reinterpret pc=0x0000000003819454 method=com.android.dx.rop.code.RegisterSpec.equals(ILcom/android/dx/rop/type/TypeBearer;Lcom/android/dx/rop/code/LocalItem;)Z @ 16
Event: 2.280 Thread 0x00000000172d6800 Uncommon trap: reason=unstable_if action=reinterpret pc=0x000000000382af54 method=java.util.HashMap.getNode(ILjava/lang/Object;)Ljava/util/HashMap$Node; @ 129

Internal exceptions (2 events):
Event: 0.088 Thread 0x00000000033e0800 Exception <a 'java/lang/NoSuchMethodError': Method sun.misc.Unsafe.defineClass(Ljava/lang/String;[BII)Ljava/lang/Class; name or signature does not match> (0x00000000eab07cc0) thrown at [C:\re\workspace\8-2-build-windows-amd64-cygwin\jdk8u91\6644\hotspot\sr“¾-Èr¶?
Event: 0.088 Thread 0x00000000033e0800 Exception <a 'java/lang/NoSuchMethodError': Method sun.misc.Unsafe.prefetchRead(Ljava/lang/Object;J)V name or signature does not match> (0x00000000eab07fa8) thrown at [C:\re\workspace\8-2-build-windows-amd64-cygwin\jdk8u91\6644\hotspot\src\share\vm\prims\j

Events (10 events):
Event: 2.236 loading class java/util/HashMap$ValueIterator
Event: 2.236 loading class java/util/HashMap$ValueIterator done
Event: 2.249 Thread 0x00000000172d7000 Uncommon trap: trap_request=0xffffff65 fr.pc=0x0000000003819454
Event: 2.249 Thread 0x00000000172d7000 DEOPT PACKING pc=0x0000000003819454 sp=0x0000000017efe830
Event: 2.249 Thread 0x00000000172d7000 DEOPT UNPACKING pc=0x000000000352582a sp=0x0000000017efe7b8 mode 2
Event: 2.280 Thread 0x00000000172d6800 Uncommon trap: trap_request=0xffffff65 fr.pc=0x000000000382af54
Event: 2.280 Thread 0x00000000172d6800 DEOPT PACKING pc=0x000000000382af54 sp=0x0000000017dfed10
Event: 2.280 Thread 0x00000000172d6800 DEOPT UNPACKING pc=0x000000000352582a sp=0x0000000017dfea38 mode 2
Event: 2.280 loading class com/android/dx/rop/code/RegOps
Event: 2.280 loading class com/android/dx/rop/code/RegOps done


Dynamic libraries:
0x00007ff729440000 - 0x00007ff729477000 	D:\JAVA_enviroment\bin\java.exe
0x00007ffd1b930000 - 0x00007ffd1bb01000 	C:\WINDOWS\SYSTEM32\ntdll.dll
0x00007ffd1a370000 - 0x00007ffd1a41b000 	C:\WINDOWS\System32\KERNEL32.DLL
0x00007ffd18340000 - 0x00007ffd1855d000 	C:\WINDOWS\System32\KERNELBASE.dll
0x00007ffd19050000 - 0x00007ffd190f2000 	C:\WINDOWS\System32\ADVAPI32.dll
0x00007ffd19f40000 - 0x00007ffd19fde000 	C:\WINDOWS\System32\msvcrt.dll
0x00007ffd18ff0000 - 0x00007ffd19049000 	C:\WINDOWS\System32\sechost.dll
0x00007ffd19100000 - 0x00007ffd19221000 	C:\WINDOWS\System32\RPCRT4.dll
0x00007ffd197c0000 - 0x00007ffd19925000 	C:\WINDOWS\System32\USER32.dll
0x00007ffd17f70000 - 0x00007ffd17f8e000 	C:\WINDOWS\System32\win32u.dll
0x00007ffd18ec0000 - 0x00007ffd18ef4000 	C:\WINDOWS\System32\GDI32.dll
0x00007ffd18040000 - 0x00007ffd181c2000 	C:\WINDOWS\System32\gdi32full.dll
0x00007ffd128b0000 - 0x00007ffd12b29000 	C:\WINDOWS\WinSxS\amd64_microsoft.windows.common-controls_6595b64144ccf1df_6.0.14393.0_none_2d0f50fcbdb171b8\COMCTL32.dll
0x00007ffd19a30000 - 0x00007ffd19cf7000 	C:\WINDOWS\System32\combase.dll
0x00007ffd18240000 - 0x00007ffd18335000 	C:\WINDOWS\System32\ucrtbase.dll
0x00007ffd181d0000 - 0x00007ffd1823a000 	C:\WINDOWS\System32\bcryptPrimitives.dll
0x00007ffd1a180000 - 0x00007ffd1a1ae000 	C:\WINDOWS\System32\IMM32.DLL
0x0000000056a90000 - 0x0000000056b62000 	D:\JAVA_enviroment\jre\bin\msvcr100.dll
0x0000000057170000 - 0x0000000057a03000 	D:\JAVA_enviroment\jre\bin\server\jvm.dll
0x00007ffd197b0000 - 0x00007ffd197b8000 	C:\WINDOWS\System32\PSAPI.DLL
0x00007ffd14d30000 - 0x00007ffd14d39000 	C:\WINDOWS\SYSTEM32\WSOCK32.dll
0x00007ffd16250000 - 0x00007ffd16273000 	C:\WINDOWS\SYSTEM32\WINMM.dll
0x00007ffd19e60000 - 0x00007ffd19eca000 	C:\WINDOWS\System32\WS2_32.dll
0x00007ffd14180000 - 0x00007ffd1418a000 	C:\WINDOWS\SYSTEM32\VERSION.dll
0x00007ffd161f0000 - 0x00007ffd1621b000 	C:\WINDOWS\SYSTEM32\WINMMBASE.dll
0x00007ffd17e20000 - 0x00007ffd17e62000 	C:\WINDOWS\System32\cfgmgr32.dll
0x0000000057080000 - 0x000000005708f000 	D:\JAVA_enviroment\jre\bin\verify.dll
0x0000000057050000 - 0x0000000057079000 	D:\JAVA_enviroment\jre\bin\java.dll
0x0000000057030000 - 0x0000000057046000 	D:\JAVA_enviroment\jre\bin\zip.dll
0x00007ffd1a420000 - 0x00007ffd1b928000 	C:\WINDOWS\System32\SHELL32.dll
0x00007ffd187e0000 - 0x00007ffd18eba000 	C:\WINDOWS\System32\windows.storage.dll
0x00007ffd17dc0000 - 0x00007ffd17e0c000 	C:\WINDOWS\System32\powrprof.dll
0x00007ffd1a250000 - 0x00007ffd1a2a2000 	C:\WINDOWS\System32\shlwapi.dll
0x00007ffd17e10000 - 0x00007ffd17e1f000 	C:\WINDOWS\System32\kernel.appcore.dll
0x00007ffd18730000 - 0x00007ffd187d9000 	C:\WINDOWS\System32\shcore.dll
0x00007ffd17da0000 - 0x00007ffd17db4000 	C:\WINDOWS\System32\profapi.dll

VM Arguments:
jvm_args: -Djava.awt.headless=true -Xmx1024M -Dfile.encoding=GBK -Duser.country=CN -Duser.language=zh -Duser.variant 
java_command: com.android.dx.command.Main --dex --force-jumbo --num-threads=4 --output D:\workspace1\FastSport\app\build\intermediates\pre-dexed\debug\com.android.support-support-compat-24.2.1_7008fbf98dec47f8665bc49a63892efe3387601e.jar D:\workspace1\FastSport\app\build\intermediates\exploded-aar\com.android.support\support-compat\24.2.1\jars\classes.jar
java_class_path (initial): D:\AndroidStdio_sdk\sdk\build-tools\24.0.0\lib\dx.jar
Launcher Type: SUN_STANDARD

Environment Variables:
JAVA_HOME=D:\JAVA_enviroment
PATH=C:\ProgramData\Oracle\Java\javapath;C:\WINDOWS\system32;C:\WINDOWS;C:\WINDOWS\System32\Wbem;C:\WINDOWS\System32\WindowsPowerShell\v1.0\;D:\JAVA_enviroment\bin;D:\JAVA_enviroment\jre\bin;D:\android_sdk\sdk\tools;C:\Program Files (x86)\NVIDIA Corporation\PhysX\Common;D:\AndroidStdio_sdk\sdk\tools;C:\Program Files (x86)\Microsoft SQL Server\100\Tools\Binn\;C:\Program Files\Microsoft SQL Server\100\Tools\Binn\;C:\Program Files\Microsoft SQL Server\100\DTS\Binn\;C:\Program Files (x86)\Microsoft SQL Server\100\Tools\Binn\VSShell\Common7\IDE\;C:\Program Files (x86)\Microsoft Visual Studio 9.0\Common7\IDE\PrivateAssemblies\;C:\Program Files (x86)\Microsoft SQL Server\100\DTS\Binn\;D:\android_sdk\sdk\platform-tools;D:\android_sdk\sdk\tools;C:\WINDOWS\system32;C:\WINDOWS;C:\WINDOWS\System32\Wbem;C:\WINDOWS\System32\WindowsPowerShell\v1.0\;C:\Users\Administrator\AppData\Local\Microsoft\WindowsApps;
USERNAME=Administrator
OS=Windows_NT
PROCESSOR_IDENTIFIER=Intel64 Family 6 Model 58 Stepping 9, GenuineIntel



---------------  S Y S T E M  ---------------

OS: Windows 10.0 , 64 bit Build 14393 (10.0.14393.0)

CPU:total 4 (2 cores per cpu, 2 threads per core) family 6 model 58 stepping 9, cmov, cx8, fxsr, mmx, sse, sse2, sse3, ssse3, sse4.1, sse4.2, popcnt, avx, aes, clmul, erms, ht, tsc, tscinvbit, tscinv

Memory: 4k page, physical 8271404k(907880k free), swap 8271404k(5140k free)

vm_info: Java HotSpot(TM) 64-Bit Server VM (25.91-b14) for windows-amd64 JRE (1.8.0_91-b14), built on Apr  1 2016 00:58:32 by "java_re" with MS VC++ 10.0 (VS2010)

time: Tue Oct 18 10:52:52 2016
elapsed time: 2 seconds (0d 0h 0m 2s)

