#
# There is insufficient memory for the Java Runtime Environment to continue.
# Native memory allocation (malloc) failed to allocate 262160 bytes for Chunk::new
# Possible reasons:
#   The system is out of physical RAM or swap space
#   In 32 bit mode, the process size limit was hit
# Possible solutions:
#   Reduce memory load on the system
#   Increase physical memory or swap space
#   Check if swap backing store is full
#   Use 64 bit Java on a 64 bit OS
#   Decrease Java heap size (-Xmx/-Xms)
#   Decrease number of Java threads
#   Decrease Java thread stack sizes (-Xss)
#   Set larger code cache with -XX:ReservedCodeCacheSize=
# This output file may be truncated or incomplete.
#
#  Out of Memory Error (allocation.cpp:390), pid=9564, tid=11268
#
# JRE version: Java(TM) SE Runtime Environment (8.0_91-b14) (build 1.8.0_91-b14)
# Java VM: Java HotSpot(TM) 64-Bit Server VM (25.91-b14 mixed mode windows-amd64 compressed oops)
# Failed to write core dump. Minidumps are not enabled by default on client versions of Windows
#

---------------  T H R E A D  ---------------

Current thread (0x000000001569c000):  JavaThread "C2 CompilerThread1" daemon [_thread_in_native, id=11268, stack(0x00000000170c0000,0x00000000171c0000)]

Stack: [0x00000000170c0000,0x00000000171c0000]
[error occurred during error reporting (printing stack bounds), id 0xc0000005]

Native frames: (J=compiled Java code, j=interpreted, Vv=VM code, C=native code)


Current CompileTask:
C2:  17565 1805       4       com.android.dx.rop.code.Rops::ropFor (771 bytes)


---------------  P R O C E S S  ---------------

Java Threads: ( => current thread )
  0x0000000016c1a800 JavaThread "pool-1-thread-4" [_thread_in_Java, id=13992, stack(0x00000000178c0000,0x00000000179c0000)]
  0x0000000016c19800 JavaThread "pool-1-thread-3" [_thread_in_Java, id=11684, stack(0x00000000177c0000,0x00000000178c0000)]
  0x0000000016b04000 JavaThread "pool-1-thread-2" [_thread_in_Java, id=7108, stack(0x00000000176c0000,0x00000000177c0000)]
  0x0000000016b10000 JavaThread "pool-2-thread-1" [_thread_blocked, id=14172, stack(0x00000000175c0000,0x00000000176c0000)]
  0x0000000016b0f800 JavaThread "pool-1-thread-1" [_thread_in_Java, id=1812, stack(0x00000000174c0000,0x00000000175c0000)]
  0x0000000016a27800 JavaThread "Service Thread" daemon [_thread_blocked, id=10220, stack(0x00000000172c0000,0x00000000173c0000)]
  0x0000000016a12800 JavaThread "C1 CompilerThread2" daemon [_thread_blocked, id=13860, stack(0x00000000171c0000,0x00000000172c0000)]
=>0x000000001569c000 JavaThread "C2 CompilerThread1" daemon [_thread_in_native, id=11268, stack(0x00000000170c0000,0x00000000171c0000)]
  0x0000000015699800 JavaThread "C2 CompilerThread0" daemon [_thread_in_native, id=13864, stack(0x0000000016fc0000,0x00000000170c0000)]
  0x000000001564d000 JavaThread "Attach Listener" daemon [_thread_blocked, id=9424, stack(0x0000000016ec0000,0x0000000016fc0000)]
  0x000000001564c000 JavaThread "Signal Dispatcher" daemon [_thread_blocked, id=11212, stack(0x0000000016dc0000,0x0000000016ec0000)]
  0x0000000002f6a800 JavaThread "Finalizer" daemon [_thread_blocked, id=1988, stack(0x00000000168c0000,0x00000000169c0000)]
  0x0000000015609000 JavaThread "Reference Handler" daemon [_thread_blocked, id=13324, stack(0x00000000167c0000,0x00000000168c0000)]
  0x0000000002e70800 JavaThread "main" [_thread_in_Java, id=3036, stack(0x0000000002c70000,0x0000000002d70000)]

Other Threads:
  0x0000000015607000 VMThread [stack: 0x00000000166c0000,0x00000000167c0000] [id=6184]
  0x0000000016a84800 WatcherThread [stack: 0x00000000173c0000,0x00000000174c0000] [id=11624]

VM state:not at safepoint (normal execution)

VM Mutex/Monitor currently owned by a thread: None

Heap:
 PSYoungGen      total 161280K, used 65776K [0x00000000eab00000, 0x00000000f7400000, 0x0000000100000000)
  eden space 124928K, 52% used [0x00000000eab00000,0x00000000eeb3c220,0x00000000f2500000)
  from space 36352K, 0% used [0x00000000f2500000,0x00000000f2500000,0x00000000f4880000)
  to   space 28160K, 0% used [0x00000000f4880000,0x00000000f4880000,0x00000000f6400000)
 ParOldGen       total 87552K, used 67737K [0x00000000c0000000, 0x00000000c5580000, 0x00000000eab00000)
  object space 87552K, 77% used [0x00000000c0000000,0x00000000c42264c0,0x00000000c5580000)
 Metaspace       used 6145K, capacity 7152K, committed 7296K, reserved 1056768K
  class space    used 590K, capacity 616K, committed 640K, reserved 1048576K

Card table byte_map: [0x0000000012330000,0x0000000012540000] byte_map_base: 0x0000000011d30000

Marking Bits: (ParMarkBitMap*) 0x00000000616b2f70
 Begin Bits: [0x0000000012aa0000, 0x0000000013aa0000)
 End Bits:   [0x0000000013aa0000, 0x0000000014aa0000)

Polling page: 0x0000000000d50000

CodeCache: size=245760Kb used=8314Kb max_used=8324Kb free=237445Kb
 bounds [0x0000000002f70000, 0x00000000037a0000, 0x0000000011f70000]
 total_blobs=2070 nmethods=1806 adapters=177
 compilation: enabled

Compilation events (10 events):
Event: 17.181 Thread 0x000000001569c000 nmethod 1964 0x00000000035fa990 code [0x00000000035faac0, 0x00000000035fab58]
Event: 17.181 Thread 0x000000001569c000 1815       4       com.android.dx.ssa.back.FirstFitLocalCombiningAllocator$1::visitNonMoveInsn (6 bytes)
Event: 17.182 Thread 0x000000001569c000 nmethod 1815 0x0000000003704290 code [0x00000000037043e0, 0x0000000003704468]
Event: 17.182 Thread 0x000000001569c000 1841       4       com.android.dx.rop.code.Insn::hashCode (5 bytes)
Event: 17.184 Thread 0x000000001569c000 nmethod 1841 0x0000000003725c10 code [0x0000000003725d60, 0x0000000003725e08]
Event: 17.184 Thread 0x000000001569c000 1755   !   4       java.util.BitSet::clone (49 bytes)
Event: 17.191 Thread 0x000000001569c000 nmethod 1755 0x000000000377db10 code [0x000000000377dc80, 0x000000000377dea8]
Event: 17.191 Thread 0x000000001569c000 1805       4       com.android.dx.rop.code.Rops::ropFor (771 bytes)
Event: 17.446 Thread 0x0000000016a12800 1968       2       java.util.HashMap::getNode (148 bytes)
Event: 17.448 Thread 0x0000000016a12800 nmethod 1968 0x0000000003794950 code [0x0000000003794ae0, 0x0000000003794ea8]

GC Heap History (10 events):
Event: 7.986 GC heap before
{Heap before GC invocations=4 (full 0):
 PSYoungGen      total 38400K, used 38374K [0x00000000eab00000, 0x00000000ef600000, 0x0000000100000000)
  eden space 33280K, 100% used [0x00000000eab00000,0x00000000ecb80000,0x00000000ecb80000)
  from space 5120K, 99% used [0x00000000ecb80000,0x00000000ed079828,0x00000000ed080000)
  to   space 5120K, 0% used [0x00000000ef100000,0x00000000ef100000,0x00000000ef600000)
 ParOldGen       total 87552K, used 13164K [0x00000000c0000000, 0x00000000c5580000, 0x00000000eab00000)
  object space 87552K, 15% used [0x00000000c0000000,0x00000000c0cdb050,0x00000000c5580000)
 Metaspace       used 6058K, capacity 7088K, committed 7296K, reserved 1056768K
  class space    used 586K, capacity 616K, committed 640K, reserved 1048576K
Event: 8.137 GC heap after
Heap after GC invocations=4 (full 0):
 PSYoungGen      total 71680K, used 5116K [0x00000000eab00000, 0x00000000ef600000, 0x0000000100000000)
  eden space 66560K, 0% used [0x00000000eab00000,0x00000000eab00000,0x00000000eec00000)
  from space 5120K, 99% used [0x00000000ef100000,0x00000000ef5ff220,0x00000000ef600000)
  to   space 5120K, 0% used [0x00000000eec00000,0x00000000eec00000,0x00000000ef100000)
 ParOldGen       total 87552K, used 22349K [0x00000000c0000000, 0x00000000c5580000, 0x00000000eab00000)
  object space 87552K, 25% used [0x00000000c0000000,0x00000000c15d3480,0x00000000c5580000)
 Metaspace       used 6058K, capacity 7088K, committed 7296K, reserved 1056768K
  class space    used 586K, capacity 616K, committed 640K, reserved 1048576K
}
Event: 9.632 GC heap before
{Heap before GC invocations=5 (full 0):
 PSYoungGen      total 71680K, used 71676K [0x00000000eab00000, 0x00000000ef600000, 0x0000000100000000)
  eden space 66560K, 100% used [0x00000000eab00000,0x00000000eec00000,0x00000000eec00000)
  from space 5120K, 99% used [0x00000000ef100000,0x00000000ef5ff220,0x00000000ef600000)
  to   space 5120K, 0% used [0x00000000eec00000,0x00000000eec00000,0x00000000ef100000)
 ParOldGen       total 87552K, used 22349K [0x00000000c0000000, 0x00000000c5580000, 0x00000000eab00000)
  object space 87552K, 25% used [0x00000000c0000000,0x00000000c15d3480,0x00000000c5580000)
 Metaspace       used 6093K, capacity 7088K, committed 7296K, reserved 1056768K
  class space    used 590K, capacity 616K, committed 640K, reserved 1048576K
Event: 9.837 GC heap after
Heap after GC invocations=5 (full 0):
 PSYoungGen      total 71680K, used 5105K [0x00000000eab00000, 0x00000000f6400000, 0x0000000100000000)
  eden space 66560K, 0% used [0x00000000eab00000,0x00000000eab00000,0x00000000eec00000)
  from space 5120K, 99% used [0x00000000eec00000,0x00000000ef0fc720,0x00000000ef100000)
  to   space 28160K, 0% used [0x00000000f4880000,0x00000000f4880000,0x00000000f6400000)
 ParOldGen       total 87552K, used 47533K [0x00000000c0000000, 0x00000000c5580000, 0x00000000eab00000)
  object space 87552K, 54% used [0x00000000c0000000,0x00000000c2e6b5d8,0x00000000c5580000)
 Metaspace       used 6093K, capacity 7088K, committed 7296K, reserved 1056768K
  class space    used 590K, capacity 616K, committed 640K, reserved 1048576K
}
Event: 11.251 GC heap before
{Heap before GC invocations=6 (full 0):
 PSYoungGen      total 71680K, used 71665K [0x00000000eab00000, 0x00000000f6400000, 0x0000000100000000)
  eden space 66560K, 100% used [0x00000000eab00000,0x00000000eec00000,0x00000000eec00000)
  from space 5120K, 99% used [0x00000000eec00000,0x00000000ef0fc720,0x00000000ef100000)
  to   space 28160K, 0% used [0x00000000f4880000,0x00000000f4880000,0x00000000f6400000)
 ParOldGen       total 87552K, used 47533K [0x00000000c0000000, 0x00000000c5580000, 0x00000000eab00000)
  object space 87552K, 54% used [0x00000000c0000000,0x00000000c2e6b5d8,0x00000000c5580000)
 Metaspace       used 6106K, capacity 7088K, committed 7296K, reserved 1056768K
  class space    used 590K, capacity 616K, committed 640K, reserved 1048576K
Event: 11.397 GC heap after
Heap after GC invocations=6 (full 0):
 PSYoungGen      total 153088K, used 28142K [0x00000000eab00000, 0x00000000f7400000, 0x0000000100000000)
  eden space 124928K, 0% used [0x00000000eab00000,0x00000000eab00000,0x00000000f2500000)
  from space 28160K, 99% used [0x00000000f4880000,0x00000000f63fba78,0x00000000f6400000)
  to   space 36352K, 0% used [0x00000000f2500000,0x00000000f2500000,0x00000000f4880000)
 ParOldGen       total 87552K, used 52211K [0x00000000c0000000, 0x00000000c5580000, 0x00000000eab00000)
  object space 87552K, 59% used [0x00000000c0000000,0x00000000c32fcc60,0x00000000c5580000)
 Metaspace       used 6106K, capacity 7088K, committed 7296K, reserved 1056768K
  class space    used 590K, capacity 616K, committed 640K, reserved 1048576K
}
Event: 14.168 GC heap before
{Heap before GC invocations=7 (full 0):
 PSYoungGen      total 153088K, used 153070K [0x00000000eab00000, 0x00000000f7400000, 0x0000000100000000)
  eden space 124928K, 100% used [0x00000000eab00000,0x00000000f2500000,0x00000000f2500000)
  from space 28160K, 99% used [0x00000000f4880000,0x00000000f63fba78,0x00000000f6400000)
  to   space 36352K, 0% used [0x00000000f2500000,0x00000000f2500000,0x00000000f4880000)
 ParOldGen       total 87552K, used 52211K [0x00000000c0000000, 0x00000000c5580000, 0x00000000eab00000)
  object space 87552K, 59% used [0x00000000c0000000,0x00000000c32fcc60,0x00000000c5580000)
 Metaspace       used 6136K, capacity 7152K, committed 7296K, reserved 1056768K
  class space    used 590K, capacity 616K, committed 640K, reserved 1048576K
Event: 14.659 GC heap after
Heap after GC invocations=7 (full 0):
 PSYoungGen      total 161280K, used 36337K [0x00000000eab00000, 0x00000000f7400000, 0x0000000100000000)
  eden space 124928K, 0% used [0x00000000eab00000,0x00000000eab00000,0x00000000f2500000)
  from space 36352K, 99% used [0x00000000f2500000,0x00000000f487c7f0,0x00000000f4880000)
  to   space 28160K, 0% used [0x00000000f4880000,0x00000000f4880000,0x00000000f6400000)
 ParOldGen       total 87552K, used 83125K [0x00000000c0000000, 0x00000000c5580000, 0x00000000eab00000)
  object space 87552K, 94% used [0x00000000c0000000,0x00000000c512d5a0,0x00000000c5580000)
 Metaspace       used 6136K, capacity 7152K, committed 7296K, reserved 1056768K
  class space    used 590K, capacity 616K, committed 640K, reserved 1048576K
}
Event: 14.659 GC heap before
{Heap before GC invocations=8 (full 1):
 PSYoungGen      total 161280K, used 36337K [0x00000000eab00000, 0x00000000f7400000, 0x0000000100000000)
  eden space 124928K, 0% used [0x00000000eab00000,0x00000000eab00000,0x00000000f2500000)
  from space 36352K, 99% used [0x00000000f2500000,0x00000000f487c7f0,0x00000000f4880000)
  to   space 28160K, 0% used [0x00000000f4880000,0x00000000f4880000,0x00000000f6400000)
 ParOldGen       total 87552K, used 83125K [0x00000000c0000000, 0x00000000c5580000, 0x00000000eab00000)
  object space 87552K, 94% used [0x00000000c0000000,0x00000000c512d5a0,0x00000000c5580000)
 Metaspace       used 6136K, capacity 7152K, committed 7296K, reserved 1056768K
  class space    used 590K, capacity 616K, committed 640K, reserved 1048576K
Event: 16.252 GC heap after
Heap after GC invocations=8 (full 1):
 PSYoungGen      total 161280K, used 0K [0x00000000eab00000, 0x00000000f7400000, 0x0000000100000000)
  eden space 124928K, 0% used [0x00000000eab00000,0x00000000eab00000,0x00000000f2500000)
  from space 36352K, 0% used [0x00000000f2500000,0x00000000f2500000,0x00000000f4880000)
  to   space 28160K, 0% used [0x00000000f4880000,0x00000000f4880000,0x00000000f6400000)
 ParOldGen       total 87552K, used 67737K [0x00000000c0000000, 0x00000000c5580000, 0x00000000eab00000)
  object space 87552K, 77% used [0x00000000c0000000,0x00000000c42264c0,0x00000000c5580000)
 Metaspace       used 6136K, capacity 7152K, committed 7296K, reserved 1056768K
  class space    used 590K, capacity 616K, committed 640K, reserved 1048576K
}

Deoptimization events (10 events):
Event: 5.226 Thread 0x0000000016b04000 Uncommon trap: reason=class_check action=maybe_recompile pc=0x0000000003536160 method=com.android.dx.ssa.NormalSsaInsn.accept(Lcom/android/dx/ssa/SsaInsn$Visitor;)V @ 9
Event: 5.226 Thread 0x0000000016b04000 Uncommon trap: reason=class_check action=maybe_recompile pc=0x0000000003528c70 method=com.android.dx.ssa.NormalSsaInsn.accept(Lcom/android/dx/ssa/SsaInsn$Visitor;)V @ 9
Event: 5.829 Thread 0x0000000016b04000 Uncommon trap: reason=bimorphic action=maybe_recompile pc=0x000000000358ac38 method=com.android.dx.ssa.SCCP.setLatticeValueTo(IILcom/android/dx/rop/cst/Constant;)Z @ 43
Event: 5.829 Thread 0x0000000016b04000 Uncommon trap: reason=bimorphic action=maybe_recompile pc=0x000000000358ac38 method=com.android.dx.ssa.SCCP.setLatticeValueTo(IILcom/android/dx/rop/cst/Constant;)Z @ 43
Event: 5.829 Thread 0x0000000016b04000 Uncommon trap: reason=bimorphic action=maybe_recompile pc=0x000000000358ac38 method=com.android.dx.ssa.SCCP.setLatticeValueTo(IILcom/android/dx/rop/cst/Constant;)Z @ 43
Event: 5.830 Thread 0x0000000016b04000 Uncommon trap: reason=bimorphic action=maybe_recompile pc=0x000000000358ac38 method=com.android.dx.ssa.SCCP.setLatticeValueTo(IILcom/android/dx/rop/cst/Constant;)Z @ 43
Event: 5.861 Thread 0x0000000016b04000 Uncommon trap: reason=bimorphic action=maybe_recompile pc=0x00000000031f4238 method=java.util.HashMap.getNode(ILjava/lang/Object;)Ljava/util/HashMap$Node; @ 126
Event: 7.495 Thread 0x0000000002e70800 Uncommon trap: reason=bimorphic action=maybe_recompile pc=0x00000000031f4238 method=java.util.HashMap.getNode(ILjava/lang/Object;)Ljava/util/HashMap$Node; @ 126
Event: 17.435 Thread 0x0000000002e70800 Uncommon trap: reason=bimorphic action=maybe_recompile pc=0x0000000003523080 method=java.util.HashMap.getNode(ILjava/lang/Object;)Ljava/util/HashMap$Node; @ 126
Event: 17.435 Thread 0x0000000002e70800 Uncommon trap: reason=bimorphic action=maybe_recompile pc=0x0000000003523080 method=java.util.HashMap.getNode(ILjava/lang/Object;)Ljava/util/HashMap$Node; @ 126

Internal exceptions (3 events):
Event: 0.154 Thread 0x0000000002e70800 Exception <a 'java/lang/NoSuchMethodError': Method sun.misc.Unsafe.defineClass(Ljava/lang/String;[BII)Ljava/lang/Class; name or signature does not match> (0x00000000eab07cc0) thrown at [C:\re\workspace\8-2-build-windows-amd64-cygwin\jdk8u91\6644\hotspot\sr¹ê#Ó>ÃÃ?
Event: 0.154 Thread 0x0000000002e70800 Exception <a 'java/lang/NoSuchMethodError': Method sun.misc.Unsafe.prefetchRead(Ljava/lang/Object;J)V name or signature does not match> (0x00000000eab07fa8) thrown at [C:\re\workspace\8-2-build-windows-amd64-cygwin\jdk8u91\6644\hotspot\src\share\vm\prims\j´ÓFü1@
Event: 4.298 Thread 0x0000000016b04000 Implicit null exception at 0x000000000326d579 to 0x000000000326ea55

Events (10 events):
Event: 17.303 Thread 0x0000000016b04000 DEOPT PACKING pc=0x00000000033b7e2c sp=0x00000000177be960
Event: 17.303 Thread 0x0000000016b04000 DEOPT UNPACKING pc=0x0000000002fb787f sp=0x00000000177be6e0 mode 0
Event: 17.326 loading class com/android/dx/rop/code/RegisterSpec$1
Event: 17.326 loading class com/android/dx/rop/code/RegisterSpec$1 done
Event: 17.435 Thread 0x0000000002e70800 Uncommon trap: trap_request=0xffffffc6 fr.pc=0x0000000003523080
Event: 17.435 Thread 0x0000000002e70800 DEOPT PACKING pc=0x0000000003523080 sp=0x0000000002d6dba0
Event: 17.435 Thread 0x0000000002e70800 DEOPT UNPACKING pc=0x0000000002fb582a sp=0x0000000002d6db20 mode 2
Event: 17.435 Thread 0x0000000002e70800 Uncommon trap: trap_request=0xffffffc6 fr.pc=0x0000000003523080
Event: 17.435 Thread 0x0000000002e70800 DEOPT PACKING pc=0x0000000003523080 sp=0x0000000002d6dba0
Event: 17.435 Thread 0x0000000002e70800 DEOPT UNPACKING pc=0x0000000002fb582a sp=0x0000000002d6db20 mode 2


Dynamic libraries:
0x00007ff7ed530000 - 0x00007ff7ed567000 	D:\JAVA_enviroment\bin\java.exe
0x00007ffc175f0000 - 0x00007ffc177c1000 	C:\WINDOWS\SYSTEM32\ntdll.dll
0x00007ffc14c40000 - 0x00007ffc14ceb000 	C:\WINDOWS\System32\KERNEL32.DLL
0x00007ffc14420000 - 0x00007ffc1463d000 	C:\WINDOWS\System32\KERNELBASE.dll
0x00007ffc17540000 - 0x00007ffc175e2000 	C:\WINDOWS\System32\ADVAPI32.dll
0x00007ffc17470000 - 0x00007ffc1750e000 	C:\WINDOWS\System32\msvcrt.dll
0x00007ffc16b90000 - 0x00007ffc16be9000 	C:\WINDOWS\System32\sechost.dll
0x00007ffc16750000 - 0x00007ffc16871000 	C:\WINDOWS\System32\RPCRT4.dll
0x00007ffc16ec0000 - 0x00007ffc17025000 	C:\WINDOWS\System32\USER32.dll
0x00007ffc141c0000 - 0x00007ffc141de000 	C:\WINDOWS\System32\win32u.dll
0x00007ffc162a0000 - 0x00007ffc162d4000 	C:\WINDOWS\System32\GDI32.dll
0x00007ffc149f0000 - 0x00007ffc14b72000 	C:\WINDOWS\System32\gdi32full.dll
0x00007ffc0c7f0000 - 0x00007ffc0ca69000 	C:\WINDOWS\WinSxS\amd64_microsoft.windows.common-controls_6595b64144ccf1df_6.0.14393.0_none_2d0f50fcbdb171b8\COMCTL32.dll
0x00007ffc16bf0000 - 0x00007ffc16eb7000 	C:\WINDOWS\System32\combase.dll
0x00007ffc146a0000 - 0x00007ffc14795000 	C:\WINDOWS\System32\ucrtbase.dll
0x00007ffc141e0000 - 0x00007ffc1424a000 	C:\WINDOWS\System32\bcryptPrimitives.dll
0x00007ffc162e0000 - 0x00007ffc1630e000 	C:\WINDOWS\System32\IMM32.DLL
0x00000000607d0000 - 0x00000000608a2000 	D:\JAVA_enviroment\jre\bin\msvcr100.dll
0x0000000060ea0000 - 0x0000000061733000 	D:\JAVA_enviroment\jre\bin\server\jvm.dll
0x00007ffc17460000 - 0x00007ffc17468000 	C:\WINDOWS\System32\PSAPI.DLL
0x00007ffc10c00000 - 0x00007ffc10c09000 	C:\WINDOWS\SYSTEM32\WSOCK32.dll
0x00007ffc164c0000 - 0x00007ffc1652a000 	C:\WINDOWS\System32\WS2_32.dll
0x00007ffc11970000 - 0x00007ffc11993000 	C:\WINDOWS\SYSTEM32\WINMM.dll
0x00007ffc0d500000 - 0x00007ffc0d50a000 	C:\WINDOWS\SYSTEM32\VERSION.dll
0x00007ffc11910000 - 0x00007ffc1193b000 	C:\WINDOWS\SYSTEM32\WINMMBASE.dll
0x00007ffc147a0000 - 0x00007ffc147e2000 	C:\WINDOWS\System32\cfgmgr32.dll
0x0000000061ca0000 - 0x0000000061caf000 	D:\JAVA_enviroment\jre\bin\verify.dll
0x0000000061c70000 - 0x0000000061c99000 	D:\JAVA_enviroment\jre\bin\java.dll
0x0000000060e80000 - 0x0000000060e96000 	D:\JAVA_enviroment\jre\bin\zip.dll
0x00007ffc14d90000 - 0x00007ffc16298000 	C:\WINDOWS\System32\SHELL32.dll
0x00007ffc13ae0000 - 0x00007ffc141ba000 	C:\WINDOWS\System32\windows.storage.dll
0x00007ffc13a50000 - 0x00007ffc13a9c000 	C:\WINDOWS\System32\powrprof.dll
0x00007ffc14be0000 - 0x00007ffc14c32000 	C:\WINDOWS\System32\shlwapi.dll
0x00007ffc13aa0000 - 0x00007ffc13aaf000 	C:\WINDOWS\System32\kernel.appcore.dll
0x00007ffc147f0000 - 0x00007ffc14899000 	C:\WINDOWS\System32\shcore.dll
0x00007ffc13ab0000 - 0x00007ffc13ac4000 	C:\WINDOWS\System32\profapi.dll

VM Arguments:
jvm_args: -Djava.awt.headless=true -Xmx1024M -Dfile.encoding=GBK -Duser.country=CN -Duser.language=zh -Duser.variant 
java_command: com.android.dx.command.Main --dex --force-jumbo --num-threads=4 --output D:\workspace1\FastSport\app\build\intermediates\pre-dexed\debug\main_05465c8ce4dbf1a1b25f758b504cb6844096a7d3.jar D:\workspace1\FastSport\app\build\intermediates\transforms\instantRun\debug\folders\1\5\main
java_class_path (initial): D:\AndroidStdio_sdk\sdk\build-tools\24.0.0\lib\dx.jar
Launcher Type: SUN_STANDARD

Environment Variables:
JAVA_HOME=D:\JAVA_enviroment
PATH=C:\ProgramData\Oracle\Java\javapath;C:\WINDOWS\system32;C:\WINDOWS;C:\WINDOWS\System32\Wbem;C:\WINDOWS\System32\WindowsPowerShell\v1.0\;D:\JAVA_enviroment\bin;D:\JAVA_enviroment\jre\bin;D:\android_sdk\sdk\tools;C:\Program Files (x86)\NVIDIA Corporation\PhysX\Common;D:\AndroidStdio_sdk\sdk\tools;C:\Program Files (x86)\Microsoft SQL Server\100\Tools\Binn\;C:\Program Files\Microsoft SQL Server\100\Tools\Binn\;C:\Program Files\Microsoft SQL Server\100\DTS\Binn\;C:\Program Files (x86)\Microsoft SQL Server\100\Tools\Binn\VSShell\Common7\IDE\;C:\Program Files (x86)\Microsoft Visual Studio 9.0\Common7\IDE\PrivateAssemblies\;C:\Program Files (x86)\Microsoft SQL Server\100\DTS\Binn\;D:\android_sdk\sdk\platform-tools;D:\android_sdk\sdk\tools;C:\WINDOWS\system32;C:\WINDOWS;C:\WINDOWS\System32\Wbem;C:\WINDOWS\System32\WindowsPowerShell\v1.0\;C:\Users\Administrator\AppData\Local\Microsoft\WindowsApps;
USERNAME=Administrator
OS=Windows_NT
PROCESSOR_IDENTIFIER=Intel64 Family 6 Model 58 Stepping 9, GenuineIntel



---------------  S Y S T E M  ---------------

OS: Windows 10.0 , 64 bit Build 14393 (10.0.14393.0)

CPU:total 4 (2 cores per cpu, 2 threads per core) family 6 model 58 stepping 9, cmov, cx8, fxsr, mmx, sse, sse2, sse3, ssse3, sse4.1, sse4.2, popcnt, avx, aes, clmul, erms, ht, tsc, tscinvbit, tscinv

Memory: 4k page, physical 8271404k(1071920k free), swap 8271404k(5188k free)

vm_info: Java HotSpot(TM) 64-Bit Server VM (25.91-b14) for windows-amd64 JRE (1.8.0_91-b14), built on Apr  1 2016 00:58:32 by "java_re" with MS VC++ 10.0 (VS2010)

time: Sun Oct 30 20:04:35 2016
elapsed time: 17 seconds (0d 0h 0m 17s)

