#
# There is insufficient memory for the Java Runtime Environment to continue.
# Native memory allocation (malloc) failed to allocate 185776 bytes for Chunk::new
# Possible reasons:
#   The system is out of physical RAM or swap space
#   In 32 bit mode, the process size limit was hit
# Possible solutions:
#   Reduce memory load on the system
#   Increase physical memory or swap space
#   Check if swap backing store is full
#   Use 64 bit Java on a 64 bit OS
#   Decrease Java heap size (-Xmx/-Xms)
#   Decrease number of Java threads
#   Decrease Java thread stack sizes (-Xss)
#   Set larger code cache with -XX:ReservedCodeCacheSize=
# This output file may be truncated or incomplete.
#
#  Out of Memory Error (allocation.cpp:390), pid=5892, tid=8712
#
# JRE version: Java(TM) SE Runtime Environment (8.0_91-b14) (build 1.8.0_91-b14)
# Java VM: Java HotSpot(TM) 64-Bit Server VM (25.91-b14 mixed mode windows-amd64 compressed oops)
# Failed to write core dump. Minidumps are not enabled by default on client versions of Windows
#

---------------  T H R E A D  ---------------

Current thread (0x0000000015bfb800):  JavaThread "C2 CompilerThread0" daemon [_thread_in_native, id=8712, stack(0x0000000017550000,0x0000000017650000)]

Stack: [0x0000000017550000,0x0000000017650000]
[error occurred during error reporting (printing stack bounds), id 0xc0000005]

Native frames: (J=compiled Java code, j=interpreted, Vv=VM code, C=native code)


Current CompileTask:
C2:  30083  772       4       com.android.dx.ssa.NormalSsaInsn::accept (25 bytes)


---------------  P R O C E S S  ---------------

Java Threads: ( => current thread )
  0x00000000171ce000 JavaThread "pool-2-thread-4" [_thread_in_Java, id=11616, stack(0x0000000017e50000,0x0000000017f50000)]
  0x00000000171c9800 JavaThread "pool-2-thread-3" [_thread_in_Java, id=11012, stack(0x0000000017d50000,0x0000000017e50000)]
  0x00000000171c8800 JavaThread "pool-2-thread-2" [_thread_in_Java, id=12260, stack(0x0000000017c50000,0x0000000017d50000)]
  0x000000001708e800 JavaThread "pool-3-thread-1" [_thread_blocked, id=4028, stack(0x0000000017b50000,0x0000000017c50000)]
  0x0000000017088800 JavaThread "pool-2-thread-1" [_thread_in_Java, id=12136, stack(0x0000000017a50000,0x0000000017b50000)]
  0x0000000016fab800 JavaThread "Service Thread" daemon [_thread_blocked, id=7884, stack(0x0000000017850000,0x0000000017950000)]
  0x0000000016fa8800 JavaThread "C1 CompilerThread2" daemon [_thread_in_native, id=4648, stack(0x0000000017750000,0x0000000017850000)]
  0x0000000015bfd000 JavaThread "C2 CompilerThread1" daemon [_thread_in_native, id=11888, stack(0x0000000017650000,0x0000000017750000)]
=>0x0000000015bfb800 JavaThread "C2 CompilerThread0" daemon [_thread_in_native, id=8712, stack(0x0000000017550000,0x0000000017650000)]
  0x0000000015bb0000 JavaThread "Attach Listener" daemon [_thread_blocked, id=9532, stack(0x0000000017450000,0x0000000017550000)]
  0x0000000015baf000 JavaThread "Signal Dispatcher" daemon [_thread_blocked, id=8580, stack(0x0000000017350000,0x0000000017450000)]
  0x0000000015b8a000 JavaThread "Finalizer" daemon [_thread_blocked, id=6412, stack(0x0000000016df0000,0x0000000016ef0000)]
  0x0000000015b69000 JavaThread "Reference Handler" daemon [_thread_blocked, id=13132, stack(0x0000000016cf0000,0x0000000016df0000)]
  0x00000000033d0800 JavaThread "main" [_thread_in_Java, id=2240, stack(0x0000000003160000,0x0000000003260000)]

Other Threads:
  0x0000000015b67000 VMThread [stack: 0x0000000016bf0000,0x0000000016cf0000] [id=10660]
  0x0000000016fc4000 WatcherThread [stack: 0x0000000017950000,0x0000000017a50000] [id=9704]

VM state:not at safepoint (normal execution)

VM Mutex/Monitor currently owned by a thread: None

Heap:
 PSYoungGen      total 38400K, used 16911K [0x00000000eab00000, 0x00000000ed580000, 0x0000000100000000)
  eden space 33280K, 50% used [0x00000000eab00000,0x00000000ebb83d18,0x00000000ecb80000)
  from space 5120K, 0% used [0x00000000ed080000,0x00000000ed080000,0x00000000ed580000)
  to   space 5120K, 0% used [0x00000000ecb80000,0x00000000ecb80000,0x00000000ed080000)
 ParOldGen       total 87552K, used 0K [0x00000000c0000000, 0x00000000c5580000, 0x00000000eab00000)
  object space 87552K, 0% used [0x00000000c0000000,0x00000000c0000000,0x00000000c5580000)
 Metaspace       used 5666K, capacity 6768K, committed 7040K, reserved 1056768K
  class space    used 579K, capacity 616K, committed 640K, reserved 1048576K

Card table byte_map: [0x0000000012890000,0x0000000012aa0000] byte_map_base: 0x0000000012290000

Marking Bits: (ParMarkBitMap*) 0x00000000567b2f70
 Begin Bits: [0x0000000013000000, 0x0000000014000000)
 End Bits:   [0x0000000014000000, 0x0000000015000000)

Polling page: 0x00000000016c0000

CodeCache: size=245760Kb used=3470Kb max_used=3470Kb free=242289Kb
 bounds [0x00000000034d0000, 0x0000000003840000, 0x00000000124d0000]
 total_blobs=1098 nmethods=834 adapters=177
 compilation: enabled

Compilation events (10 events):
Event: 30.065 Thread 0x0000000016fa8800 nmethod 847 0x0000000003823a10 code [0x0000000003823c20, 0x0000000003824718]
Event: 30.065 Thread 0x0000000016fa8800  849       3       com.android.dx.rop.code.RegisterSpec::<init> (8 bytes)
Event: 30.066 Thread 0x0000000016fa8800 nmethod 849 0x0000000003823650 code [0x00000000038237c0, 0x0000000003823948]
Event: 30.066 Thread 0x0000000016fa8800  848       3       com.android.dx.ssa.back.FirstFitLocalCombiningAllocator$Alignment$3::nextClearBit (6 bytes)
Event: 30.066 Thread 0x0000000016fa8800 nmethod 848 0x0000000003823250 code [0x00000000038233c0, 0x0000000003823568]
Event: 30.066 Thread 0x0000000016fa8800  842       3       com.android.dx.rop.code.LocalItem::compareTo (32 bytes)
Event: 30.067 Thread 0x0000000016fa8800 nmethod 842 0x0000000003830690 code [0x0000000003830820, 0x0000000003830db8]
Event: 30.067 Thread 0x0000000016fa8800  824       3       com.android.dx.dex.code.BlockAddresses::getStart (10 bytes)
Event: 30.068 Thread 0x0000000016fa8800 nmethod 824 0x0000000003830f90 code [0x0000000003831100, 0x0000000003831310]
Event: 30.068 Thread 0x0000000016fa8800  825       3       com.android.dx.dex.code.BlockAddresses::getEnd (10 bytes)

GC Heap History (0 events):
No events

Deoptimization events (2 events):
Event: 26.778 Thread 0x00000000033d0800 Uncommon trap: reason=unstable_if action=reinterpret pc=0x00000000036f7a7c method=java.util.HashMap.getNode(ILjava/lang/Object;)Ljava/util/HashMap$Node; @ 129
Event: 29.454 Thread 0x00000000171c9800 Uncommon trap: reason=null_check action=make_not_entrant pc=0x0000000003795c20 method=com.android.dx.ssa.SsaRenamer.getLocalForNewReg(I)Lcom/android/dx/rop/code/LocalItem; @ 19

Internal exceptions (3 events):
Event: 6.174 Thread 0x00000000033d0800 Exception <a 'java/lang/NoSuchMethodError': Method sun.misc.Unsafe.defineClass(Ljava/lang/String;[BII)Ljava/lang/Class; name or signature does not match> (0x00000000eab07cc0) thrown at [C:\re\workspace\8-2-build-windows-amd64-cygwin\jdk8u91\6644\hotspot\sr^'^Ê—≤@
Event: 6.175 Thread 0x00000000033d0800 Exception <a 'java/lang/NoSuchMethodError': Method sun.misc.Unsafe.prefetchRead(Ljava/lang/Object;J)V name or signature does not match> (0x00000000eab07fa8) thrown at [C:\re\workspace\8-2-build-windows-amd64-cygwin\jdk8u91\6644\hotspot\src\share\vm\prims\jïßÊ"t=@
Event: 29.454 Thread 0x00000000171c9800 Implicit null exception at 0x0000000003794251 to 0x0000000003795c01

Events (10 events):
Event: 28.661 loading class com/android/dx/dex/file/MethodIdItem done
Event: 28.666 loading class com/android/dx/cf/code/SwitchList
Event: 28.666 loading class com/android/dx/cf/code/SwitchList done
Event: 29.149 loading class java/util/DualPivotQuicksort
Event: 29.149 loading class java/util/DualPivotQuicksort done
Event: 29.434 loading class java/util/ArrayList$1
Event: 29.434 loading class java/util/ArrayList$1 done
Event: 29.454 Thread 0x00000000171c9800 Uncommon trap: trap_request=0xfffffff4 fr.pc=0x0000000003795c20
Event: 29.454 Thread 0x00000000171c9800 DEOPT PACKING pc=0x0000000003795c20 sp=0x0000000017e4e7a0
Event: 29.454 Thread 0x00000000171c9800 DEOPT UNPACKING pc=0x000000000351582a sp=0x0000000017e4e648 mode 2


Dynamic libraries:
0x00007ff7dd620000 - 0x00007ff7dd657000 	D:\JAVA_enviroment\bin\java.exe
0x00007ffa2fc30000 - 0x00007ffa2fe01000 	C:\WINDOWS\SYSTEM32\ntdll.dll
0x00007ffa2f480000 - 0x00007ffa2f52b000 	C:\WINDOWS\System32\KERNEL32.DLL
0x00007ffa2cfa0000 - 0x00007ffa2d1bd000 	C:\WINDOWS\System32\KERNELBASE.dll
0x00007ffa2f8b0000 - 0x00007ffa2f952000 	C:\WINDOWS\System32\ADVAPI32.dll
0x00007ffa2f810000 - 0x00007ffa2f8ae000 	C:\WINDOWS\System32\msvcrt.dll
0x00007ffa2d430000 - 0x00007ffa2d489000 	C:\WINDOWS\System32\sechost.dll
0x00007ffa2f6a0000 - 0x00007ffa2f7c1000 	C:\WINDOWS\System32\RPCRT4.dll
0x00007ffa2d2c0000 - 0x00007ffa2d425000 	C:\WINDOWS\System32\USER32.dll
0x00007ffa2c8a0000 - 0x00007ffa2c8be000 	C:\WINDOWS\System32\win32u.dll
0x00007ffa2f7d0000 - 0x00007ffa2f804000 	C:\WINDOWS\System32\GDI32.dll
0x00007ffa2c710000 - 0x00007ffa2c892000 	C:\WINDOWS\System32\gdi32full.dll
0x00007ffa26040000 - 0x00007ffa262b9000 	C:\WINDOWS\WinSxS\amd64_microsoft.windows.common-controls_6595b64144ccf1df_6.0.14393.447_none_42191651c6827bb3\COMCTL32.dll
0x00007ffa2f960000 - 0x00007ffa2fc27000 	C:\WINDOWS\System32\combase.dll
0x00007ffa2c560000 - 0x00007ffa2c655000 	C:\WINDOWS\System32\ucrtbase.dll
0x00007ffa2c270000 - 0x00007ffa2c2da000 	C:\WINDOWS\System32\bcryptPrimitives.dll
0x00007ffa2d490000 - 0x00007ffa2d4be000 	C:\WINDOWS\System32\IMM32.DLL
0x0000000055b50000 - 0x0000000055c22000 	D:\JAVA_enviroment\jre\bin\msvcr100.dll
0x0000000055fa0000 - 0x0000000056833000 	D:\JAVA_enviroment\jre\bin\server\jvm.dll
0x00007ffa2d4d0000 - 0x00007ffa2d4d8000 	C:\WINDOWS\System32\PSAPI.DLL
0x00007ffa28f80000 - 0x00007ffa28f89000 	C:\WINDOWS\SYSTEM32\WSOCK32.dll
0x00007ffa2d4e0000 - 0x00007ffa2d54a000 	C:\WINDOWS\System32\WS2_32.dll
0x00007ffa29e70000 - 0x00007ffa29e93000 	C:\WINDOWS\SYSTEM32\WINMM.dll
0x00007ffa28250000 - 0x00007ffa2825a000 	C:\WINDOWS\SYSTEM32\VERSION.dll
0x00007ffa29ca0000 - 0x00007ffa29ccb000 	C:\WINDOWS\SYSTEM32\WINMMBASE.dll
0x00007ffa2c2e0000 - 0x00007ffa2c322000 	C:\WINDOWS\System32\cfgmgr32.dll
0x0000000056870000 - 0x000000005687f000 	D:\JAVA_enviroment\jre\bin\verify.dll
0x0000000055f70000 - 0x0000000055f99000 	D:\JAVA_enviroment\jre\bin\java.dll
0x0000000056850000 - 0x0000000056866000 	D:\JAVA_enviroment\jre\bin\zip.dll
0x00007ffa2db40000 - 0x00007ffa2f049000 	C:\WINDOWS\System32\SHELL32.dll
0x00007ffa2c8c0000 - 0x00007ffa2cf9a000 	C:\WINDOWS\System32\windows.storage.dll
0x00007ffa2c090000 - 0x00007ffa2c0dc000 	C:\WINDOWS\System32\powrprof.dll
0x00007ffa2f300000 - 0x00007ffa2f352000 	C:\WINDOWS\System32\shlwapi.dll
0x00007ffa2c110000 - 0x00007ffa2c11f000 	C:\WINDOWS\System32\kernel.appcore.dll
0x00007ffa2c120000 - 0x00007ffa2c1c9000 	C:\WINDOWS\System32\shcore.dll
0x00007ffa2c0e0000 - 0x00007ffa2c0f4000 	C:\WINDOWS\System32\profapi.dll

VM Arguments:
jvm_args: -Djava.awt.headless=true -Xmx1024M -Dfile.encoding=GBK -Duser.country=CN -Duser.language=zh -Duser.variant 
java_command: com.android.dx.command.Main --dex --force-jumbo --num-threads=4 --multi-dex --output D:\workspace1\FastSport\app\build\intermediates\transforms\dex\debug\folders\1000\5\slice_3 D:\workspace1\FastSport\app\build\intermediates\transforms\instantRunSlicer\debug\folders\1\5\slice_3
java_class_path (initial): D:\AndroidStdio_sdk\sdk\build-tools\24.0.0\lib\dx.jar
Launcher Type: SUN_STANDARD

Environment Variables:
JAVA_HOME=D:\JAVA_enviroment
PATH=C:\ProgramData\Oracle\Java\javapath;C:\WINDOWS\system32;C:\WINDOWS;C:\WINDOWS\System32\Wbem;C:\WINDOWS\System32\WindowsPowerShell\v1.0\;D:\JAVA_enviroment\bin;D:\JAVA_enviroment\jre\bin;D:\android_sdk\sdk\tools;C:\Program Files (x86)\NVIDIA Corporation\PhysX\Common;D:\AndroidStdio_sdk\sdk\tools;C:\Program Files (x86)\Microsoft SQL Server\100\Tools\Binn\;C:\Program Files\Microsoft SQL Server\100\Tools\Binn\;C:\Program Files\Microsoft SQL Server\100\DTS\Binn\;C:\Program Files (x86)\Microsoft SQL Server\100\Tools\Binn\VSShell\Common7\IDE\;C:\Program Files (x86)\Microsoft Visual Studio 9.0\Common7\IDE\PrivateAssemblies\;C:\Program Files (x86)\Microsoft SQL Server\100\DTS\Binn\;D:\android_sdk\sdk\platform-tools;D:\android_sdk\sdk\tools;C:\WINDOWS\system32;C:\WINDOWS;C:\WINDOWS\System32\Wbem;C:\WINDOWS\System32\WindowsPowerShell\v1.0\;C:\Users\Administrator\AppData\Local\Microsoft\WindowsApps;
USERNAME=Administrator
OS=Windows_NT
PROCESSOR_IDENTIFIER=Intel64 Family 6 Model 58 Stepping 9, GenuineIntel



---------------  S Y S T E M  ---------------

OS: Windows 10.0 , 64 bit Build 14393 (10.0.14393.0)

CPU:total 4 (2 cores per cpu, 2 threads per core) family 6 model 58 stepping 9, cmov, cx8, fxsr, mmx, sse, sse2, sse3, ssse3, sse4.1, sse4.2, popcnt, avx, aes, clmul, erms, ht, tsc, tscinvbit, tscinv

Memory: 4k page, physical 8271404k(1287568k free), swap 8271404k(5400k free)

vm_info: Java HotSpot(TM) 64-Bit Server VM (25.91-b14) for windows-amd64 JRE (1.8.0_91-b14), built on Apr  1 2016 00:58:32 by "java_re" with MS VC++ 10.0 (VS2010)

time: Sat Nov 19 14:15:25 2016
elapsed time: 30 seconds (0d 0h 0m 30s)

