#
# There is insufficient memory for the Java Runtime Environment to continue.
# Native memory allocation (malloc) failed to allocate 32744 bytes for ChunkPool::allocate
# Possible reasons:
#   The system is out of physical RAM or swap space
#   In 32 bit mode, the process size limit was hit
# Possible solutions:
#   Reduce memory load on the system
#   Increase physical memory or swap space
#   Check if swap backing store is full
#   Use 64 bit Java on a 64 bit OS
#   Decrease Java heap size (-Xmx/-Xms)
#   Decrease number of Java threads
#   Decrease Java thread stack sizes (-Xss)
#   Set larger code cache with -XX:ReservedCodeCacheSize=
# This output file may be truncated or incomplete.
#
#  Out of Memory Error (allocation.cpp:273), pid=11904, tid=13672
#
# JRE version: Java(TM) SE Runtime Environment (8.0_91-b14) (build 1.8.0_91-b14)
# Java VM: Java HotSpot(TM) 64-Bit Server VM (25.91-b14 mixed mode windows-amd64 compressed oops)
# Failed to write core dump. Minidumps are not enabled by default on client versions of Windows
#

---------------  T H R E A D  ---------------

Current thread (0x0000000015317000):  JavaThread "C2 CompilerThread0" daemon [_thread_in_native, id=13672, stack(0x0000000016c50000,0x0000000016d50000)]

Stack: [0x0000000016c50000,0x0000000016d50000]
[error occurred during error reporting (printing stack bounds), id 0xc0000005]

Native frames: (J=compiled Java code, j=interpreted, Vv=VM code, C=native code)


Current CompileTask:
C2:   1583 1149   !   4       com.android.dx.cf.code.BytecodeArray::parseInstruction (2764 bytes)


---------------  P R O C E S S  ---------------

Java Threads: ( => current thread )
  0x00000000167f1800 JavaThread "pool-1-thread-4" [_thread_in_Java, id=12200, stack(0x0000000017550000,0x0000000017650000)]
  0x00000000167ee800 JavaThread "pool-1-thread-3" [_thread_in_Java, id=14004, stack(0x0000000017450000,0x0000000017550000)]
  0x00000000167dc800 JavaThread "pool-1-thread-2" [_thread_in_Java, id=11484, stack(0x0000000017350000,0x0000000017450000)]
  0x00000000167da000 JavaThread "pool-2-thread-1" [_thread_blocked, id=3164, stack(0x0000000017250000,0x0000000017350000)]
  0x00000000167e5000 JavaThread "pool-1-thread-1" [_thread_blocked, id=9604, stack(0x0000000017150000,0x0000000017250000)]
  0x00000000166c7800 JavaThread "Service Thread" daemon [_thread_blocked, id=9692, stack(0x0000000016f50000,0x0000000017050000)]
  0x00000000166b9000 JavaThread "C1 CompilerThread2" daemon [_thread_in_native, id=11312, stack(0x0000000016e50000,0x0000000016f50000)]
  0x0000000002c2b000 JavaThread "C2 CompilerThread1" daemon [_thread_in_native, id=13476, stack(0x0000000016d50000,0x0000000016e50000)]
=>0x0000000015317000 JavaThread "C2 CompilerThread0" daemon [_thread_in_native, id=13672, stack(0x0000000016c50000,0x0000000016d50000)]
  0x0000000015315000 JavaThread "Attach Listener" daemon [_thread_blocked, id=10900, stack(0x0000000016b50000,0x0000000016c50000)]
  0x0000000016693800 JavaThread "Signal Dispatcher" daemon [_thread_blocked, id=14212, stack(0x0000000016a50000,0x0000000016b50000)]
  0x00000000152ea000 JavaThread "Finalizer" daemon [_thread_blocked, id=5848, stack(0x0000000016550000,0x0000000016650000)]
  0x00000000152c9000 JavaThread "Reference Handler" daemon [_thread_blocked, id=10992, stack(0x0000000016450000,0x0000000016550000)]
  0x0000000002b30800 JavaThread "main" [_thread_in_Java, id=15096, stack(0x0000000002a30000,0x0000000002b30000)]

Other Threads:
  0x00000000152c7000 VMThread [stack: 0x0000000016350000,0x0000000016450000] [id=5788]
  0x0000000016711000 WatcherThread [stack: 0x0000000017050000,0x0000000017150000] [id=7200]

VM state:not at safepoint (normal execution)

VM Mutex/Monitor currently owned by a thread: None

Heap:
 PSYoungGen      total 38400K, used 30626K [0x00000000eab00000, 0x00000000ed580000, 0x0000000100000000)
  eden space 33280K, 92% used [0x00000000eab00000,0x00000000ec8e8920,0x00000000ecb80000)
  from space 5120K, 0% used [0x00000000ed080000,0x00000000ed080000,0x00000000ed580000)
  to   space 5120K, 0% used [0x00000000ecb80000,0x00000000ecb80000,0x00000000ed080000)
 ParOldGen       total 87552K, used 0K [0x00000000c0000000, 0x00000000c5580000, 0x00000000eab00000)
  object space 87552K, 0% used [0x00000000c0000000,0x00000000c0000000,0x00000000c5580000)
 Metaspace       used 5911K, capacity 6960K, committed 7040K, reserved 1056768K
  class space    used 591K, capacity 616K, committed 640K, reserved 1048576K

Card table byte_map: [0x0000000011ff0000,0x0000000012200000] byte_map_base: 0x00000000119f0000

Marking Bits: (ParMarkBitMap*) 0x0000000058972f70
 Begin Bits: [0x0000000012760000, 0x0000000013760000)
 End Bits:   [0x0000000013760000, 0x0000000014760000)

Polling page: 0x0000000002530000

CodeCache: size=245760Kb used=4620Kb max_used=4620Kb free=241139Kb
 bounds [0x0000000002c30000, 0x00000000030c0000, 0x0000000011c30000]
 total_blobs=1440 nmethods=1175 adapters=178
 compilation: enabled

Compilation events (10 events):
Event: 1.559 Thread 0x00000000166b9000 nmethod 1158 0x0000000003091fd0 code [0x0000000003092380, 0x00000000030941e8]
Event: 1.560 Thread 0x00000000166b9000 1159       3       com.android.dx.ssa.SsaConverter::edgeSplitSuccessors (98 bytes)
Event: 1.561 Thread 0x00000000166b9000 nmethod 1159 0x0000000003095710 code [0x0000000003095980, 0x00000000030967a8]
Event: 1.561 Thread 0x00000000166b9000 1161       3       com.android.dx.ssa.back.LivenessAnalyzer::coInterferePhis (128 bytes)
Event: 1.562 Thread 0x00000000166b9000 nmethod 1161 0x0000000003097150 code [0x00000000030973e0, 0x0000000003098698]
Event: 1.562 Thread 0x00000000166b9000 1163       3       com.android.dx.cf.code.BytecodeArray::processWorkSet (50 bytes)
Event: 1.563 Thread 0x00000000166b9000 nmethod 1163 0x0000000003090250 code [0x0000000003090400, 0x0000000003090978]
Event: 1.563 Thread 0x00000000166b9000 1162       1       com.android.dx.ssa.back.FirstFitLocalCombiningAllocator$Multiset::getSize (5 bytes)
Event: 1.563 Thread 0x00000000166b9000 nmethod 1162 0x000000000308ff90 code [0x00000000030900e0, 0x00000000030901f0]
Event: 1.563 Thread 0x00000000166b9000 1164       3       com.android.dx.ssa.Dominators::run (506 bytes)

GC Heap History (0 events):
No events

Deoptimization events (8 events):
Event: 0.969 Thread 0x00000000167e5000 Uncommon trap: reason=class_check action=maybe_recompile pc=0x0000000002ea1594 method=com.android.dx.ssa.NormalSsaInsn.accept(Lcom/android/dx/ssa/SsaInsn$Visitor;)V @ 9
Event: 0.984 Thread 0x0000000002b30800 Uncommon trap: reason=unstable_if action=reinterpret pc=0x0000000002e474b4 method=java.util.BitSet.ensureCapacity(I)V @ 6
Event: 0.984 Thread 0x0000000002b30800 Uncommon trap: reason=unstable_if action=reinterpret pc=0x0000000002e18f30 method=java.util.BitSet.nextSetBit(I)I @ 87
Event: 1.107 Thread 0x00000000167dc800 Uncommon trap: reason=class_check action=maybe_recompile pc=0x0000000002ea1594 method=com.android.dx.ssa.NormalSsaInsn.accept(Lcom/android/dx/ssa/SsaInsn$Visitor;)V @ 9
Event: 1.107 Thread 0x00000000167dc800 Uncommon trap: reason=class_check action=maybe_recompile pc=0x0000000002ea1594 method=com.android.dx.ssa.NormalSsaInsn.accept(Lcom/android/dx/ssa/SsaInsn$Visitor;)V @ 9
Event: 1.107 Thread 0x00000000167dc800 Uncommon trap: reason=class_check action=maybe_recompile pc=0x0000000002ea1594 method=com.android.dx.ssa.NormalSsaInsn.accept(Lcom/android/dx/ssa/SsaInsn$Visitor;)V @ 9
Event: 1.111 Thread 0x00000000167dc800 Uncommon trap: reason=class_check action=maybe_recompile pc=0x0000000002e38c30 method=com.android.dx.ssa.NormalSsaInsn.accept(Lcom/android/dx/ssa/SsaInsn$Visitor;)V @ 9
Event: 1.312 Thread 0x00000000167ee800 Uncommon trap: reason=unstable_if action=reinterpret pc=0x0000000002f6fe1c method=com.android.dx.rop.cst.Constant.compareTo(Lcom/android/dx/rop/cst/Constant;)I @ 12

Internal exceptions (2 events):
Event: 0.078 Thread 0x0000000002b30800 Exception <a 'java/lang/NoSuchMethodError': Method sun.misc.Unsafe.defineClass(Ljava/lang/String;[BII)Ljava/lang/Class; name or signature does not match> (0x00000000eab07cc0) thrown at [C:\re\workspace\8-2-build-windows-amd64-cygwin\jdk8u91\6644\hotspot\sr‚°‚Í
Ô≥?
Event: 0.078 Thread 0x0000000002b30800 Exception <a 'java/lang/NoSuchMethodError': Method sun.misc.Unsafe.prefetchRead(Ljava/lang/Object;J)V name or signature does not match> (0x00000000eab07fa8) thrown at [C:\re\workspace\8-2-build-windows-amd64-cygwin\jdk8u91\6644\hotspot\src\share\vm\prims\j

Events (10 events):
Event: 1.321 loading class com/android/dx/dex/file/UniformListItem
Event: 1.321 loading class com/android/dx/dex/file/UniformListItem done
Event: 1.345 loading class com/android/dx/dex/file/AnnotationSetRefItem
Event: 1.345 loading class com/android/dx/dex/file/AnnotationSetRefItem done
Event: 1.352 loading class java/util/DualPivotQuicksort
Event: 1.352 loading class java/util/DualPivotQuicksort done
Event: 1.374 Executing VM operation: ForceSafepoint
Event: 1.507 Executing VM operation: ForceSafepoint done
Event: 1.522 loading class com/android/dx/cf/code/SwitchList
Event: 1.522 loading class com/android/dx/cf/code/SwitchList done


Dynamic libraries:
0x00007ff6d6940000 - 0x00007ff6d6977000 	D:\JAVA_enviroment\bin\java.exe
0x00007ffe578f0000 - 0x00007ffe57ac1000 	C:\WINDOWS\SYSTEM32\ntdll.dll
0x00007ffe55b40000 - 0x00007ffe55beb000 	C:\WINDOWS\System32\KERNEL32.DLL
0x00007ffe54150000 - 0x00007ffe5436d000 	C:\WINDOWS\System32\KERNELBASE.dll
0x00007ffe577a0000 - 0x00007ffe57842000 	C:\WINDOWS\System32\ADVAPI32.dll
0x00007ffe57850000 - 0x00007ffe578ee000 	C:\WINDOWS\System32\msvcrt.dll
0x00007ffe557a0000 - 0x00007ffe557f9000 	C:\WINDOWS\System32\sechost.dll
0x00007ffe55200000 - 0x00007ffe55321000 	C:\WINDOWS\System32\RPCRT4.dll
0x00007ffe560b0000 - 0x00007ffe56215000 	C:\WINDOWS\System32\USER32.dll
0x00007ffe54130000 - 0x00007ffe5414e000 	C:\WINDOWS\System32\win32u.dll
0x00007ffe54ef0000 - 0x00007ffe54f24000 	C:\WINDOWS\System32\GDI32.dll
0x00007ffe53f40000 - 0x00007ffe540c2000 	C:\WINDOWS\System32\gdi32full.dll
0x00007ffe4d170000 - 0x00007ffe4d3e9000 	C:\WINDOWS\WinSxS\amd64_microsoft.windows.common-controls_6595b64144ccf1df_6.0.14393.447_none_42191651c6827bb3\COMCTL32.dll
0x00007ffe55870000 - 0x00007ffe55b37000 	C:\WINDOWS\System32\combase.dll
0x00007ffe54d10000 - 0x00007ffe54e05000 	C:\WINDOWS\System32\ucrtbase.dll
0x00007ffe54e10000 - 0x00007ffe54e7a000 	C:\WINDOWS\System32\bcryptPrimitives.dll
0x00007ffe551d0000 - 0x00007ffe551fe000 	C:\WINDOWS\System32\IMM32.DLL
0x0000000057b30000 - 0x0000000057c02000 	D:\JAVA_enviroment\jre\bin\msvcr100.dll
0x0000000058160000 - 0x00000000589f3000 	D:\JAVA_enviroment\jre\bin\server\jvm.dll
0x00007ffe54e80000 - 0x00007ffe54e88000 	C:\WINDOWS\System32\PSAPI.DLL
0x00007ffe50c40000 - 0x00007ffe50c49000 	C:\WINDOWS\SYSTEM32\WSOCK32.dll
0x00007ffe55430000 - 0x00007ffe5549a000 	C:\WINDOWS\System32\WS2_32.dll
0x00007ffe51960000 - 0x00007ffe51983000 	C:\WINDOWS\SYSTEM32\WINMM.dll
0x00007ffe4fc50000 - 0x00007ffe4fc5a000 	C:\WINDOWS\SYSTEM32\VERSION.dll
0x00007ffe51930000 - 0x00007ffe5195b000 	C:\WINDOWS\SYSTEM32\WINMMBASE.dll
0x00007ffe54370000 - 0x00007ffe543b2000 	C:\WINDOWS\System32\cfgmgr32.dll
0x0000000058070000 - 0x000000005807f000 	D:\JAVA_enviroment\jre\bin\verify.dll
0x0000000058040000 - 0x0000000058069000 	D:\JAVA_enviroment\jre\bin\java.dll
0x0000000058020000 - 0x0000000058036000 	D:\JAVA_enviroment\jre\bin\zip.dll
0x00007ffe56220000 - 0x00007ffe57729000 	C:\WINDOWS\System32\SHELL32.dll
0x00007ffe543c0000 - 0x00007ffe54a9a000 	C:\WINDOWS\System32\windows.storage.dll
0x00007ffe53d70000 - 0x00007ffe53dbc000 	C:\WINDOWS\System32\powrprof.dll
0x00007ffe55800000 - 0x00007ffe55852000 	C:\WINDOWS\System32\shlwapi.dll
0x00007ffe53d50000 - 0x00007ffe53d5f000 	C:\WINDOWS\System32\kernel.appcore.dll
0x00007ffe53e90000 - 0x00007ffe53f39000 	C:\WINDOWS\System32\shcore.dll
0x00007ffe53dc0000 - 0x00007ffe53dd4000 	C:\WINDOWS\System32\profapi.dll

VM Arguments:
jvm_args: -Djava.awt.headless=true -Xmx1024M -Dfile.encoding=GBK -Duser.country=CN -Duser.language=zh -Duser.variant 
java_command: com.android.dx.command.Main --dex --force-jumbo --num-threads=4 --output D:\workspace1\FastSport\app\build\intermediates\pre-dexed\debug\com.android.support-support-core-utils-24.2.1_3fbda26504ba0d4a4658618598b64d496e7fc75a.jar D:\workspace1\FastSport\app\build\intermediates\exploded-aar\com.android.support\support-core-utils\24.2.1\jars\classes.jar
java_class_path (initial): D:\AndroidStdio_sdk\sdk\build-tools\24.0.0\lib\dx.jar
Launcher Type: SUN_STANDARD

Environment Variables:
JAVA_HOME=D:\JAVA_enviroment
PATH=C:\ProgramData\Oracle\Java\javapath;C:\WINDOWS\system32;C:\WINDOWS;C:\WINDOWS\System32\Wbem;C:\WINDOWS\System32\WindowsPowerShell\v1.0\;D:\JAVA_enviroment\bin;D:\JAVA_enviroment\jre\bin;D:\android_sdk\sdk\tools;C:\Program Files (x86)\NVIDIA Corporation\PhysX\Common;D:\AndroidStdio_sdk\sdk\tools;C:\Program Files (x86)\Microsoft SQL Server\100\Tools\Binn\;C:\Program Files\Microsoft SQL Server\100\Tools\Binn\;C:\Program Files\Microsoft SQL Server\100\DTS\Binn\;C:\Program Files (x86)\Microsoft SQL Server\100\Tools\Binn\VSShell\Common7\IDE\;C:\Program Files (x86)\Microsoft Visual Studio 9.0\Common7\IDE\PrivateAssemblies\;C:\Program Files (x86)\Microsoft SQL Server\100\DTS\Binn\;D:\android_sdk\sdk\platform-tools;D:\android_sdk\sdk\tools;C:\WINDOWS\system32;C:\WINDOWS;C:\WINDOWS\System32\Wbem;C:\WINDOWS\System32\WindowsPowerShell\v1.0\;C:\Users\Administrator\AppData\Local\Microsoft\WindowsApps;
USERNAME=Administrator
OS=Windows_NT
PROCESSOR_IDENTIFIER=Intel64 Family 6 Model 58 Stepping 9, GenuineIntel



---------------  S Y S T E M  ---------------

OS: Windows 10.0 , 64 bit Build 14393 (10.0.14393.0)

CPU:total 4 (2 cores per cpu, 2 threads per core) family 6 model 58 stepping 9, cmov, cx8, fxsr, mmx, sse, sse2, sse3, ssse3, sse4.1, sse4.2, popcnt, avx, aes, clmul, erms, ht, tsc, tscinvbit, tscinv

Memory: 4k page, physical 8271404k(1181668k free), swap 8271404k(5144k free)

vm_info: Java HotSpot(TM) 64-Bit Server VM (25.91-b14) for windows-amd64 JRE (1.8.0_91-b14), built on Apr  1 2016 00:58:32 by "java_re" with MS VC++ 10.0 (VS2010)

time: Sat Nov 12 21:02:43 2016
elapsed time: 1 seconds (0d 0h 0m 1s)

