#
# There is insufficient memory for the Java Runtime Environment to continue.
# Native memory allocation (malloc) failed to allocate 32744 bytes for ChunkPool::allocate
# Possible reasons:
#   The system is out of physical RAM or swap space
#   In 32 bit mode, the process size limit was hit
# Possible solutions:
#   Reduce memory load on the system
#   Increase physical memory or swap space
#   Check if swap backing store is full
#   Use 64 bit Java on a 64 bit OS
#   Decrease Java heap size (-Xmx/-Xms)
#   Decrease number of Java threads
#   Decrease Java thread stack sizes (-Xss)
#   Set larger code cache with -XX:ReservedCodeCacheSize=
# This output file may be truncated or incomplete.
#
#  Out of Memory Error (allocation.cpp:273), pid=10444, tid=8084
#
# JRE version: Java(TM) SE Runtime Environment (8.0_91-b14) (build 1.8.0_91-b14)
# Java VM: Java HotSpot(TM) 64-Bit Server VM (25.91-b14 mixed mode windows-amd64 compressed oops)
# Failed to write core dump. Minidumps are not enabled by default on client versions of Windows
#

---------------  T H R E A D  ---------------

Current thread (0x00000000163ea800):  JavaThread "C1 CompilerThread2" daemon [_thread_in_native, id=8084, stack(0x0000000016b90000,0x0000000016c90000)]

Stack: [0x0000000016b90000,0x0000000016c90000]
[error occurred during error reporting (printing stack bounds), id 0xc0000005]

Native frames: (J=compiled Java code, j=interpreted, Vv=VM code, C=native code)


Current CompileTask:
C1:   5214 1569       2       com.android.dx.dex.file.AnnotationItem::<init> (41 bytes)


---------------  P R O C E S S  ---------------

Java Threads: ( => current thread )
  0x0000000016635000 JavaThread "pool-1-thread-4" [_thread_blocked, id=3912, stack(0x0000000017290000,0x0000000017390000)]
  0x0000000016634800 JavaThread "pool-1-thread-3" [_thread_blocked, id=6892, stack(0x0000000017190000,0x0000000017290000)]
  0x0000000016604000 JavaThread "pool-1-thread-2" [_thread_in_Java, id=3612, stack(0x0000000017090000,0x0000000017190000)]
  0x00000000165f9000 JavaThread "pool-2-thread-1" [_thread_blocked, id=6968, stack(0x0000000016f90000,0x0000000017090000)]
  0x00000000165fe000 JavaThread "pool-1-thread-1" [_thread_in_Java, id=3468, stack(0x0000000016e90000,0x0000000016f90000)]
  0x00000000163ef800 JavaThread "Service Thread" daemon [_thread_blocked, id=12004, stack(0x0000000016c90000,0x0000000016d90000)]
=>0x00000000163ea800 JavaThread "C1 CompilerThread2" daemon [_thread_in_native, id=8084, stack(0x0000000016b90000,0x0000000016c90000)]
  0x000000001508c000 JavaThread "C2 CompilerThread1" daemon [_thread_in_native, id=2752, stack(0x0000000016a90000,0x0000000016b90000)]
  0x0000000015089800 JavaThread "C2 CompilerThread0" daemon [_thread_in_native, id=11324, stack(0x0000000016990000,0x0000000016a90000)]
  0x000000001503d000 JavaThread "Attach Listener" daemon [_thread_blocked, id=10888, stack(0x0000000016890000,0x0000000016990000)]
  0x000000001503c000 JavaThread "Signal Dispatcher" daemon [_thread_blocked, id=11536, stack(0x0000000016790000,0x0000000016890000)]
  0x000000001501a000 JavaThread "Finalizer" daemon [_thread_blocked, id=456, stack(0x0000000016290000,0x0000000016390000)]
  0x0000000014ff9000 JavaThread "Reference Handler" daemon [_thread_blocked, id=9140, stack(0x0000000016190000,0x0000000016290000)]
  0x0000000002860800 JavaThread "main" [_thread_in_Java, id=10820, stack(0x00000000026c0000,0x00000000027c0000)]

Other Threads:
  0x0000000014ff7000 VMThread [stack: 0x0000000016090000,0x0000000016190000] [id=8800]
  0x000000001644b000 WatcherThread [stack: 0x0000000016d90000,0x0000000016e90000] [id=10136]

VM state:not at safepoint (normal execution)

VM Mutex/Monitor currently owned by a thread: None

Heap:
 PSYoungGen      total 71680K, used 17692K [0x00000000eab00000, 0x00000000ef600000, 0x0000000100000000)
  eden space 66560K, 18% used [0x00000000eab00000,0x00000000eb749680,0x00000000eec00000)
  from space 5120K, 99% used [0x00000000ef100000,0x00000000ef5fda10,0x00000000ef600000)
  to   space 5120K, 0% used [0x00000000eec00000,0x00000000eec00000,0x00000000ef100000)
 ParOldGen       total 87552K, used 6209K [0x00000000c0000000, 0x00000000c5580000, 0x00000000eab00000)
  object space 87552K, 7% used [0x00000000c0000000,0x00000000c06107c8,0x00000000c5580000)
 Metaspace       used 6095K, capacity 7088K, committed 7296K, reserved 1056768K
  class space    used 592K, capacity 616K, committed 640K, reserved 1048576K

Card table byte_map: [0x0000000011d20000,0x0000000011f30000] byte_map_base: 0x0000000011720000

Marking Bits: (ParMarkBitMap*) 0x0000000063312f70
 Begin Bits: [0x0000000012490000, 0x0000000013490000)
 End Bits:   [0x0000000013490000, 0x0000000014490000)

Polling page: 0x0000000002290000

CodeCache: size=245760Kb used=6663Kb max_used=6677Kb free=239096Kb
 bounds [0x0000000002960000, 0x0000000002ff0000, 0x0000000011960000]
 total_blobs=1785 nmethods=1520 adapters=178
 compilation: enabled

Compilation events (10 events):
Event: 5.197 Thread 0x00000000163ea800 nmethod 1553 0x0000000002fd5210 code [0x0000000002fd5440, 0x0000000002fd6038]
Event: 5.205 Thread 0x00000000163ea800 1562       2       java.util.concurrent.locks.AbstractQueuedSynchronizer::compareAndSetState (13 bytes)
Event: 5.205 Thread 0x00000000163ea800 nmethod 1562 0x0000000002fcd190 code [0x0000000002fcd2e0, 0x0000000002fcd450]
Event: 5.205 Thread 0x00000000163ea800 1563       2       java.util.concurrent.locks.ReentrantLock::unlock (10 bytes)
Event: 5.205 Thread 0x00000000163ea800 nmethod 1563 0x0000000002fce9d0 code [0x0000000002fceb40, 0x0000000002fced38]
Event: 5.207 Thread 0x00000000163ea800 1565       2       com.android.dx.cf.code.LocalVariableList::get (9 bytes)
Event: 5.207 Thread 0x00000000163ea800 nmethod 1565 0x0000000002fd0990 code [0x0000000002fd0b00, 0x0000000002fd0ca8]
Event: 5.207 Thread 0x00000000163ea800 1567       2       com.android.dx.cf.code.LocalVariableList::set (21 bytes)
Event: 5.207 Thread 0x00000000163ea800 nmethod 1567 0x0000000002fd45d0 code [0x0000000002fd4780, 0x0000000002fd4c98]
Event: 5.211 Thread 0x00000000163ea800 1569       2       com.android.dx.dex.file.AnnotationItem::<init> (41 bytes)

GC Heap History (4 events):
Event: 2.857 GC heap before
{Heap before GC invocations=1 (full 0):
 PSYoungGen      total 38400K, used 33280K [0x00000000eab00000, 0x00000000ed580000, 0x0000000100000000)
  eden space 33280K, 100% used [0x00000000eab00000,0x00000000ecb80000,0x00000000ecb80000)
  from space 5120K, 0% used [0x00000000ed080000,0x00000000ed080000,0x00000000ed580000)
  to   space 5120K, 0% used [0x00000000ecb80000,0x00000000ecb80000,0x00000000ed080000)
 ParOldGen       total 87552K, used 0K [0x00000000c0000000, 0x00000000c5580000, 0x00000000eab00000)
  object space 87552K, 0% used [0x00000000c0000000,0x00000000c0000000,0x00000000c5580000)
 Metaspace       used 5905K, capacity 6896K, committed 7040K, reserved 1056768K
  class space    used 587K, capacity 616K, committed 640K, reserved 1048576K
Event: 3.310 GC heap after
Heap after GC invocations=1 (full 0):
 PSYoungGen      total 38400K, used 5104K [0x00000000eab00000, 0x00000000ef600000, 0x0000000100000000)
  eden space 33280K, 0% used [0x00000000eab00000,0x00000000eab00000,0x00000000ecb80000)
  from space 5120K, 99% used [0x00000000ecb80000,0x00000000ed07c0a8,0x00000000ed080000)
  to   space 5120K, 0% used [0x00000000ef100000,0x00000000ef100000,0x00000000ef600000)
 ParOldGen       total 87552K, used 1099K [0x00000000c0000000, 0x00000000c5580000, 0x00000000eab00000)
  object space 87552K, 1% used [0x00000000c0000000,0x00000000c0112e58,0x00000000c5580000)
 Metaspace       used 5905K, capacity 6896K, committed 7040K, reserved 1056768K
  class space    used 587K, capacity 616K, committed 640K, reserved 1048576K
}
Event: 4.382 GC heap before
{Heap before GC invocations=2 (full 0):
 PSYoungGen      total 38400K, used 38384K [0x00000000eab00000, 0x00000000ef600000, 0x0000000100000000)
  eden space 33280K, 100% used [0x00000000eab00000,0x00000000ecb80000,0x00000000ecb80000)
  from space 5120K, 99% used [0x00000000ecb80000,0x00000000ed07c0a8,0x00000000ed080000)
  to   space 5120K, 0% used [0x00000000ef100000,0x00000000ef100000,0x00000000ef600000)
 ParOldGen       total 87552K, used 1099K [0x00000000c0000000, 0x00000000c5580000, 0x00000000eab00000)
  object space 87552K, 1% used [0x00000000c0000000,0x00000000c0112e58,0x00000000c5580000)
 Metaspace       used 6083K, capacity 7088K, committed 7296K, reserved 1056768K
  class space    used 591K, capacity 616K, committed 640K, reserved 1048576K
Event: 4.513 GC heap after
Heap after GC invocations=2 (full 0):
 PSYoungGen      total 71680K, used 5110K [0x00000000eab00000, 0x00000000ef600000, 0x0000000100000000)
  eden space 66560K, 0% used [0x00000000eab00000,0x00000000eab00000,0x00000000eec00000)
  from space 5120K, 99% used [0x00000000ef100000,0x00000000ef5fda10,0x00000000ef600000)
  to   space 5120K, 0% used [0x00000000eec00000,0x00000000eec00000,0x00000000ef100000)
 ParOldGen       total 87552K, used 6209K [0x00000000c0000000, 0x00000000c5580000, 0x00000000eab00000)
  object space 87552K, 7% used [0x00000000c0000000,0x00000000c06107c8,0x00000000c5580000)
 Metaspace       used 6083K, capacity 7088K, committed 7296K, reserved 1056768K
  class space    used 591K, capacity 616K, committed 640K, reserved 1048576K
}

Deoptimization events (10 events):
Event: 3.329 Thread 0x0000000016604000 Uncommon trap: reason=class_check action=maybe_recompile pc=0x0000000002e767b0 method=com.android.dx.cf.code.BytecodeArray.parseInstruction(ILcom/android/dx/cf/code/BytecodeArray$Visitor;)I @ 891
Event: 3.344 Thread 0x0000000016604000 Uncommon trap: reason=class_check action=maybe_recompile pc=0x0000000002e767b0 method=com.android.dx.cf.code.BytecodeArray.parseInstruction(ILcom/android/dx/cf/code/BytecodeArray$Visitor;)I @ 891
Event: 3.344 Thread 0x0000000016604000 Uncommon trap: reason=class_check action=maybe_recompile pc=0x0000000002e767b0 method=com.android.dx.cf.code.BytecodeArray.parseInstruction(ILcom/android/dx/cf/code/BytecodeArray$Visitor;)I @ 891
Event: 3.421 Thread 0x0000000016604000 Uncommon trap: reason=bimorphic action=maybe_recompile pc=0x0000000002d17660 method=java.util.HashMap.getNode(ILjava/lang/Object;)Ljava/util/HashMap$Node; @ 126
Event: 3.423 Thread 0x0000000016604000 Uncommon trap: reason=unstable_if action=reinterpret pc=0x0000000002c780ec method=com.android.dx.rop.code.RegisterSpecSet.put(Lcom/android/dx/rop/code/RegisterSpec;)V @ 77
Event: 3.423 Thread 0x0000000016604000 Uncommon trap: reason=unstable_if action=reinterpret pc=0x0000000002dbcf2c method=com.android.dx.rop.code.RegisterSpecSet.put(Lcom/android/dx/rop/code/RegisterSpec;)V @ 77
Event: 3.424 Thread 0x0000000016604000 Uncommon trap: reason=bimorphic action=maybe_recompile pc=0x0000000002d17660 method=java.util.HashMap.getNode(ILjava/lang/Object;)Ljava/util/HashMap$Node; @ 126
Event: 3.424 Thread 0x0000000016604000 Uncommon trap: reason=bimorphic action=maybe_recompile pc=0x0000000002d17660 method=java.util.HashMap.getNode(ILjava/lang/Object;)Ljava/util/HashMap$Node; @ 126
Event: 3.424 Thread 0x0000000016604000 Uncommon trap: reason=bimorphic action=maybe_recompile pc=0x0000000002d17660 method=java.util.HashMap.getNode(ILjava/lang/Object;)Ljava/util/HashMap$Node; @ 126
Event: 3.964 Thread 0x0000000016634800 Uncommon trap: reason=uninitialized action=reinterpret pc=0x0000000002f06fb0 method=com.android.dx.cf.code.BytecodeArray.parseInstruction(ILcom/android/dx/cf/code/BytecodeArray$Visitor;)I @ 1031

Internal exceptions (5 events):
Event: 0.052 Thread 0x0000000002860800 Exception <a 'java/lang/NoSuchMethodError': Method sun.misc.Unsafe.defineClass(Ljava/lang/String;[BII)Ljava/lang/Class; name or signature does not match> (0x00000000eab07cc0) thrown at [C:\re\workspace\8-2-build-windows-amd64-cygwin\jdk8u91\6644\hotspot\srÂñ¥7éª?
Event: 0.053 Thread 0x0000000002860800 Exception <a 'java/lang/NoSuchMethodError': Method sun.misc.Unsafe.prefetchRead(Ljava/lang/Object;J)V name or signature does not match> (0x00000000eab07fa8) thrown at [C:\re\workspace\8-2-build-windows-amd64-cygwin\jdk8u91\6644\hotspot\src\share\vm\prims\jnŠñ|Oû?
Event: 1.707 Thread 0x0000000002860800 Implicit null exception at 0x0000000002c4aed7 to 0x0000000002c4c779
Event: 1.707 Thread 0x0000000002860800 Implicit null exception at 0x0000000002c6e611 to 0x0000000002c70049
Event: 1.787 Thread 0x0000000016634800 Implicit null exception at 0x0000000002cb1722 to 0x0000000002cb1812

Events (10 events):
Event: 4.382 Executing VM operation: ParallelGCFailedAllocation
Event: 4.513 Executing VM operation: ParallelGCFailedAllocation done
Event: 4.515 Thread 0x00000000165fe000 DEOPT PACKING pc=0x0000000002c11a0f sp=0x0000000016f8ea50
Event: 4.516 Thread 0x00000000165fe000 DEOPT UNPACKING pc=0x00000000029a787f sp=0x0000000016f8e830 mode 0
Event: 4.554 Thread 0x00000000165fe000 DEOPT PACKING pc=0x0000000002c11a0f sp=0x0000000016f8e900
Event: 4.554 Thread 0x00000000165fe000 DEOPT UNPACKING pc=0x00000000029a787f sp=0x0000000016f8e6e0 mode 0
Event: 4.652 loading class com/android/dx/cf/attrib/AttDeprecated
Event: 4.652 loading class com/android/dx/cf/attrib/AttDeprecated done
Event: 4.652 loading class com/android/dx/cf/attrib/AttRuntimeVisibleAnnotations
Event: 4.652 loading class com/android/dx/cf/attrib/AttRuntimeVisibleAnnotations done


Dynamic libraries:
0x00007ff637580000 - 0x00007ff6375b7000 	D:\JAVA_enviroment\bin\java.exe
0x00007ff8fd9a0000 - 0x00007ff8fdb71000 	C:\WINDOWS\SYSTEM32\ntdll.dll
0x00007ff8fb4a0000 - 0x00007ff8fb54b000 	C:\WINDOWS\System32\KERNEL32.DLL
0x00007ff8fa6d0000 - 0x00007ff8fa8ed000 	C:\WINDOWS\System32\KERNELBASE.dll
0x00007ff8fb3f0000 - 0x00007ff8fb492000 	C:\WINDOWS\System32\ADVAPI32.dll
0x00007ff8fd0e0000 - 0x00007ff8fd17e000 	C:\WINDOWS\System32\msvcrt.dll
0x00007ff8fcbd0000 - 0x00007ff8fcc29000 	C:\WINDOWS\System32\sechost.dll
0x00007ff8fd1c0000 - 0x00007ff8fd2e1000 	C:\WINDOWS\System32\RPCRT4.dll
0x00007ff8fd830000 - 0x00007ff8fd995000 	C:\WINDOWS\System32\USER32.dll
0x00007ff8faa60000 - 0x00007ff8faa7e000 	C:\WINDOWS\System32\win32u.dll
0x00007ff8fb3b0000 - 0x00007ff8fb3e4000 	C:\WINDOWS\System32\GDI32.dll
0x00007ff8faa80000 - 0x00007ff8fac02000 	C:\WINDOWS\System32\gdi32full.dll
0x00007ff8f51d0000 - 0x00007ff8f5449000 	C:\WINDOWS\WinSxS\amd64_microsoft.windows.common-controls_6595b64144ccf1df_6.0.14393.0_none_2d0f50fcbdb171b8\COMCTL32.dll
0x00007ff8fccd0000 - 0x00007ff8fcf97000 	C:\WINDOWS\System32\combase.dll
0x00007ff8fa960000 - 0x00007ff8faa55000 	C:\WINDOWS\System32\ucrtbase.dll
0x00007ff8fa8f0000 - 0x00007ff8fa95a000 	C:\WINDOWS\System32\bcryptPrimitives.dll
0x00007ff8fd180000 - 0x00007ff8fd1ae000 	C:\WINDOWS\System32\IMM32.DLL
0x0000000063660000 - 0x0000000063732000 	D:\JAVA_enviroment\jre\bin\msvcr100.dll
0x0000000062b00000 - 0x0000000063393000 	D:\JAVA_enviroment\jre\bin\server\jvm.dll
0x00007ff8fb550000 - 0x00007ff8fb558000 	C:\WINDOWS\System32\PSAPI.DLL
0x00007ff8f70d0000 - 0x00007ff8f70d9000 	C:\WINDOWS\SYSTEM32\WSOCK32.dll
0x00007ff8fb130000 - 0x00007ff8fb19a000 	C:\WINDOWS\System32\WS2_32.dll
0x00007ff8f8050000 - 0x00007ff8f8073000 	C:\WINDOWS\SYSTEM32\WINMM.dll
0x00007ff8f5890000 - 0x00007ff8f589a000 	C:\WINDOWS\SYSTEM32\VERSION.dll
0x00007ff8f7ed0000 - 0x00007ff8f7efb000 	C:\WINDOWS\SYSTEM32\WINMMBASE.dll
0x00007ff8facb0000 - 0x00007ff8facf2000 	C:\WINDOWS\System32\cfgmgr32.dll
0x0000000063d90000 - 0x0000000063d9f000 	D:\JAVA_enviroment\jre\bin\verify.dll
0x0000000063d60000 - 0x0000000063d89000 	D:\JAVA_enviroment\jre\bin\java.dll
0x0000000063d40000 - 0x0000000063d56000 	D:\JAVA_enviroment\jre\bin\zip.dll
0x00007ff8fb6c0000 - 0x00007ff8fcbc8000 	C:\WINDOWS\System32\SHELL32.dll
0x00007ff8f9e90000 - 0x00007ff8fa56a000 	C:\WINDOWS\System32\windows.storage.dll
0x00007ff8f9e20000 - 0x00007ff8f9e6c000 	C:\WINDOWS\System32\powrprof.dll
0x00007ff8fb050000 - 0x00007ff8fb0a2000 	C:\WINDOWS\System32\shlwapi.dll
0x00007ff8f9e00000 - 0x00007ff8f9e0f000 	C:\WINDOWS\System32\kernel.appcore.dll
0x00007ff8fa620000 - 0x00007ff8fa6c9000 	C:\WINDOWS\System32\shcore.dll
0x00007ff8f9e70000 - 0x00007ff8f9e84000 	C:\WINDOWS\System32\profapi.dll

VM Arguments:
jvm_args: -Djava.awt.headless=true -Xmx1024M -Dfile.encoding=GBK -Duser.country=CN -Duser.language=zh -Duser.variant 
java_command: com.android.dx.command.Main --dex --force-jumbo --num-threads=4 --output D:\workspace1\FastSport\app\build\intermediates\pre-dexed\debug\com.android.support-recyclerview-v7-24.2.1_07d92bde12960b45b294ee422a4bf39d50df1524.jar D:\workspace1\FastSport\app\build\intermediates\exploded-aar\com.android.support\recyclerview-v7\24.2.1\jars\classes.jar
java_class_path (initial): D:\AndroidStdio_sdk\sdk\build-tools\24.0.0\lib\dx.jar
Launcher Type: SUN_STANDARD

Environment Variables:
JAVA_HOME=D:\JAVA_enviroment
PATH=C:\ProgramData\Oracle\Java\javapath;C:\WINDOWS\system32;C:\WINDOWS;C:\WINDOWS\System32\Wbem;C:\WINDOWS\System32\WindowsPowerShell\v1.0\;D:\JAVA_enviroment\bin;D:\JAVA_enviroment\jre\bin;D:\android_sdk\sdk\tools;C:\Program Files (x86)\NVIDIA Corporation\PhysX\Common;D:\AndroidStdio_sdk\sdk\tools;C:\Program Files (x86)\Microsoft SQL Server\100\Tools\Binn\;C:\Program Files\Microsoft SQL Server\100\Tools\Binn\;C:\Program Files\Microsoft SQL Server\100\DTS\Binn\;C:\Program Files (x86)\Microsoft SQL Server\100\Tools\Binn\VSShell\Common7\IDE\;C:\Program Files (x86)\Microsoft Visual Studio 9.0\Common7\IDE\PrivateAssemblies\;C:\Program Files (x86)\Microsoft SQL Server\100\DTS\Binn\;D:\android_sdk\sdk\platform-tools;D:\android_sdk\sdk\tools;C:\WINDOWS\system32;C:\WINDOWS;C:\WINDOWS\System32\Wbem;C:\WINDOWS\System32\WindowsPowerShell\v1.0\;C:\Users\Administrator\AppData\Local\Microsoft\WindowsApps;
USERNAME=Administrator
OS=Windows_NT
PROCESSOR_IDENTIFIER=Intel64 Family 6 Model 58 Stepping 9, GenuineIntel



---------------  S Y S T E M  ---------------

OS: Windows 10.0 , 64 bit Build 14393 (10.0.14393.0)

CPU:total 4 (2 cores per cpu, 2 threads per core) family 6 model 58 stepping 9, cmov, cx8, fxsr, mmx, sse, sse2, sse3, ssse3, sse4.1, sse4.2, popcnt, avx, aes, clmul, erms, ht, tsc, tscinvbit, tscinv

Memory: 4k page, physical 8271404k(1045768k free), swap 8271404k(4092k free)

vm_info: Java HotSpot(TM) 64-Bit Server VM (25.91-b14) for windows-amd64 JRE (1.8.0_91-b14), built on Apr  1 2016 00:58:32 by "java_re" with MS VC++ 10.0 (VS2010)

time: Wed Oct 19 17:03:37 2016
elapsed time: 5 seconds (0d 0h 0m 5s)

