#
# There is insufficient memory for the Java Runtime Environment to continue.
# Native memory allocation (malloc) failed to allocate 864656 bytes for Chunk::new
# Possible reasons:
#   The system is out of physical RAM or swap space
#   In 32 bit mode, the process size limit was hit
# Possible solutions:
#   Reduce memory load on the system
#   Increase physical memory or swap space
#   Check if swap backing store is full
#   Use 64 bit Java on a 64 bit OS
#   Decrease Java heap size (-Xmx/-Xms)
#   Decrease number of Java threads
#   Decrease Java thread stack sizes (-Xss)
#   Set larger code cache with -XX:ReservedCodeCacheSize=
# This output file may be truncated or incomplete.
#
#  Out of Memory Error (allocation.cpp:390), pid=12112, tid=5072
#
# JRE version: Java(TM) SE Runtime Environment (8.0_91-b14) (build 1.8.0_91-b14)
# Java VM: Java HotSpot(TM) 64-Bit Server VM (25.91-b14 mixed mode windows-amd64 compressed oops)
# Failed to write core dump. Minidumps are not enabled by default on client versions of Windows
#

---------------  T H R E A D  ---------------

Current thread (0x00000000155cf000):  JavaThread "C2 CompilerThread0" daemon [_thread_in_native, id=5072, stack(0x0000000016f30000,0x0000000017030000)]

Stack: [0x0000000016f30000,0x0000000017030000]
[error occurred during error reporting (printing stack bounds), id 0xc0000005]

Native frames: (J=compiled Java code, j=interpreted, Vv=VM code, C=native code)


Current CompileTask:
C2:   9716 1841   !   4       com.android.dx.cf.code.Ropper::processBlock (1101 bytes)


---------------  P R O C E S S  ---------------

Java Threads: ( => current thread )
  0x000000001698b000 JavaThread "Service Thread" daemon [_thread_blocked, id=2464, stack(0x0000000017230000,0x0000000017330000)]
  0x000000001561e800 JavaThread "C1 CompilerThread2" daemon [_thread_blocked, id=11252, stack(0x0000000017130000,0x0000000017230000)]
  0x000000001561c800 JavaThread "C2 CompilerThread1" daemon [_thread_in_native, id=11760, stack(0x0000000017030000,0x0000000017130000)]
=>0x00000000155cf000 JavaThread "C2 CompilerThread0" daemon [_thread_in_native, id=5072, stack(0x0000000016f30000,0x0000000017030000)]
  0x00000000155ce000 JavaThread "Attach Listener" daemon [_thread_blocked, id=10412, stack(0x0000000016e30000,0x0000000016f30000)]
  0x0000000015619000 JavaThread "Signal Dispatcher" daemon [_thread_blocked, id=8704, stack(0x0000000016d30000,0x0000000016e30000)]
  0x00000000155aa000 JavaThread "Finalizer" daemon [_thread_blocked, id=9060, stack(0x0000000016830000,0x0000000016930000)]
  0x0000000015589000 JavaThread "Reference Handler" daemon [_thread_blocked, id=10716, stack(0x0000000016730000,0x0000000016830000)]
  0x0000000002df0800 JavaThread "main" [_thread_in_Java, id=2168, stack(0x0000000002cf0000,0x0000000002df0000)]

Other Threads:
  0x0000000015587000 VMThread [stack: 0x0000000016630000,0x0000000016730000] [id=10348]
  0x00000000169a3000 WatcherThread [stack: 0x0000000017330000,0x0000000017430000] [id=9328]

VM state:not at safepoint (normal execution)

VM Mutex/Monitor currently owned by a thread: None

Heap:
 PSYoungGen      total 71680K, used 59530K [0x00000000eab00000, 0x00000000ef600000, 0x0000000100000000)
  eden space 66560K, 81% used [0x00000000eab00000,0x00000000ee027ac8,0x00000000eec00000)
  from space 5120K, 99% used [0x00000000ef100000,0x00000000ef5fb0e8,0x00000000ef600000)
  to   space 5120K, 0% used [0x00000000eec00000,0x00000000eec00000,0x00000000ef100000)
 ParOldGen       total 87552K, used 6636K [0x00000000c0000000, 0x00000000c5580000, 0x00000000eab00000)
  object space 87552K, 7% used [0x00000000c0000000,0x00000000c067b200,0x00000000c5580000)
 Metaspace       used 6389K, capacity 7160K, committed 7296K, reserved 1056768K
  class space    used 609K, capacity 624K, committed 640K, reserved 1048576K

Card table byte_map: [0x00000000122b0000,0x00000000124c0000] byte_map_base: 0x0000000011cb0000

Marking Bits: (ParMarkBitMap*) 0x0000000053502f70
 Begin Bits: [0x0000000012a20000, 0x0000000013a20000)
 End Bits:   [0x0000000013a20000, 0x0000000014a20000)

Polling page: 0x0000000001050000

CodeCache: size=245760Kb used=8337Kb max_used=8350Kb free=237422Kb
 bounds [0x0000000002ef0000, 0x0000000003720000, 0x0000000011ef0000]
 total_blobs=2175 nmethods=1903 adapters=184
 compilation: enabled

Compilation events (10 events):
Event: 9.560 Thread 0x000000001561e800 1927       2       com.android.dx.dex.file.CodeItem::addContents (174 bytes)
Event: 9.561 Thread 0x000000001561e800 nmethod 1927 0x0000000003702e90 code [0x00000000037030e0, 0x0000000003703828]
Event: 9.563 Thread 0x000000001561e800 1928       2       java.util.HashMap::keySet (27 bytes)
Event: 9.563 Thread 0x000000001561e800 nmethod 1928 0x0000000003703fd0 code [0x0000000003704120, 0x0000000003704310]
Event: 9.563 Thread 0x000000001561e800 1929       2       java.util.HashMap$KeySet::iterator (12 bytes)
Event: 9.563 Thread 0x000000001561e800 nmethod 1929 0x0000000003704390 code [0x0000000003704500, 0x00000000037046e8]
Event: 9.565 Thread 0x000000001561e800 1930 %     3       com.android.dx.dex.code.OutputFinisher::getAllConstants @ 18 (47 bytes)
Event: 9.565 Thread 0x000000001561e800 nmethod 1930% 0x0000000003704790 code [0x00000000037049c0, 0x00000000037053d8]
Event: 9.567 Thread 0x000000001561e800 1931       2       com.android.dx.dex.file.DebugInfoItem::<init> (36 bytes)
Event: 9.568 Thread 0x000000001561e800 nmethod 1931 0x00000000037058d0 code [0x0000000003705a40, 0x0000000003705cb8]

GC Heap History (4 events):
Event: 5.335 GC heap before
{Heap before GC invocations=1 (full 0):
 PSYoungGen      total 38400K, used 33280K [0x00000000eab00000, 0x00000000ed580000, 0x0000000100000000)
  eden space 33280K, 100% used [0x00000000eab00000,0x00000000ecb80000,0x00000000ecb80000)
  from space 5120K, 0% used [0x00000000ed080000,0x00000000ed080000,0x00000000ed580000)
  to   space 5120K, 0% used [0x00000000ecb80000,0x00000000ecb80000,0x00000000ed080000)
 ParOldGen       total 87552K, used 0K [0x00000000c0000000, 0x00000000c5580000, 0x00000000eab00000)
  object space 87552K, 0% used [0x00000000c0000000,0x00000000c0000000,0x00000000c5580000)
 Metaspace       used 6063K, capacity 6964K, committed 7040K, reserved 1056768K
  class space    used 601K, capacity 620K, committed 640K, reserved 1048576K
Event: 5.697 GC heap after
Heap after GC invocations=1 (full 0):
 PSYoungGen      total 38400K, used 5103K [0x00000000eab00000, 0x00000000ef600000, 0x0000000100000000)
  eden space 33280K, 0% used [0x00000000eab00000,0x00000000eab00000,0x00000000ecb80000)
  from space 5120K, 99% used [0x00000000ecb80000,0x00000000ed07bcb8,0x00000000ed080000)
  to   space 5120K, 0% used [0x00000000ef100000,0x00000000ef100000,0x00000000ef600000)
 ParOldGen       total 87552K, used 1667K [0x00000000c0000000, 0x00000000c5580000, 0x00000000eab00000)
  object space 87552K, 1% used [0x00000000c0000000,0x00000000c01a0c98,0x00000000c5580000)
 Metaspace       used 6063K, capacity 6964K, committed 7040K, reserved 1056768K
  class space    used 601K, capacity 620K, committed 640K, reserved 1048576K
}
Event: 7.334 GC heap before
{Heap before GC invocations=2 (full 0):
 PSYoungGen      total 38400K, used 38383K [0x00000000eab00000, 0x00000000ef600000, 0x0000000100000000)
  eden space 33280K, 100% used [0x00000000eab00000,0x00000000ecb80000,0x00000000ecb80000)
  from space 5120K, 99% used [0x00000000ecb80000,0x00000000ed07bcb8,0x00000000ed080000)
  to   space 5120K, 0% used [0x00000000ef100000,0x00000000ef100000,0x00000000ef600000)
 ParOldGen       total 87552K, used 1667K [0x00000000c0000000, 0x00000000c5580000, 0x00000000eab00000)
  object space 87552K, 1% used [0x00000000c0000000,0x00000000c01a0c98,0x00000000c5580000)
 Metaspace       used 6224K, capacity 7092K, committed 7296K, reserved 1056768K
  class space    used 601K, capacity 620K, committed 640K, reserved 1048576K
Event: 7.610 GC heap after
Heap after GC invocations=2 (full 0):
 PSYoungGen      total 71680K, used 5100K [0x00000000eab00000, 0x00000000ef600000, 0x0000000100000000)
  eden space 66560K, 0% used [0x00000000eab00000,0x00000000eab00000,0x00000000eec00000)
  from space 5120K, 99% used [0x00000000ef100000,0x00000000ef5fb0e8,0x00000000ef600000)
  to   space 5120K, 0% used [0x00000000eec00000,0x00000000eec00000,0x00000000ef100000)
 ParOldGen       total 87552K, used 6636K [0x00000000c0000000, 0x00000000c5580000, 0x00000000eab00000)
  object space 87552K, 7% used [0x00000000c0000000,0x00000000c067b200,0x00000000c5580000)
 Metaspace       used 6224K, capacity 7092K, committed 7296K, reserved 1056768K
  class space    used 601K, capacity 620K, committed 640K, reserved 1048576K
}

Deoptimization events (10 events):
Event: 9.533 Thread 0x0000000002df0800 Uncommon trap: reason=bimorphic action=maybe_recompile pc=0x0000000003194998 method=java.util.HashMap.getNode(ILjava/lang/Object;)Ljava/util/HashMap$Node; @ 126
Event: 9.536 Thread 0x0000000002df0800 Uncommon trap: reason=bimorphic action=maybe_recompile pc=0x0000000003194998 method=java.util.HashMap.getNode(ILjava/lang/Object;)Ljava/util/HashMap$Node; @ 126
Event: 9.537 Thread 0x0000000002df0800 Uncommon trap: reason=bimorphic action=maybe_recompile pc=0x0000000003194998 method=java.util.HashMap.getNode(ILjava/lang/Object;)Ljava/util/HashMap$Node; @ 126
Event: 9.537 Thread 0x0000000002df0800 Uncommon trap: reason=bimorphic action=maybe_recompile pc=0x0000000003194998 method=java.util.HashMap.getNode(ILjava/lang/Object;)Ljava/util/HashMap$Node; @ 126
Event: 9.537 Thread 0x0000000002df0800 Uncommon trap: reason=bimorphic action=maybe_recompile pc=0x00000000031f5fec method=java.util.HashMap.getNode(ILjava/lang/Object;)Ljava/util/HashMap$Node; @ 126
Event: 9.550 Thread 0x0000000002df0800 Uncommon trap: reason=class_check action=maybe_recompile pc=0x0000000003438468 method=java.util.HashMap.putVal(ILjava/lang/Object;Ljava/lang/Object;ZZ)Ljava/lang/Object; @ 203
Event: 9.550 Thread 0x0000000002df0800 Uncommon trap: reason=class_check action=maybe_recompile pc=0x0000000003438468 method=java.util.HashMap.putVal(ILjava/lang/Object;Ljava/lang/Object;ZZ)Ljava/lang/Object; @ 203
Event: 9.550 Thread 0x0000000002df0800 Uncommon trap: reason=class_check action=maybe_recompile pc=0x0000000003438468 method=java.util.HashMap.putVal(ILjava/lang/Object;Ljava/lang/Object;ZZ)Ljava/lang/Object; @ 203
Event: 9.550 Thread 0x0000000002df0800 Uncommon trap: reason=class_check action=maybe_recompile pc=0x0000000003438468 method=java.util.HashMap.putVal(ILjava/lang/Object;Ljava/lang/Object;ZZ)Ljava/lang/Object; @ 203
Event: 9.552 Thread 0x0000000002df0800 Uncommon trap: reason=class_check action=maybe_recompile pc=0x00000000033b3054 method=java.util.HashMap.putVal(ILjava/lang/Object;Ljava/lang/Object;ZZ)Ljava/lang/Object; @ 203

Internal exceptions (4 events):
Event: 0.607 Thread 0x0000000002df0800 Exception <a 'java/lang/NoSuchMethodError': Method sun.misc.Unsafe.defineClass(Ljava/lang/String;[BII)Ljava/lang/Class; name or signature does not match> (0x00000000eab07cc0) thrown at [C:\re\workspace\8-2-build-windows-amd64-cygwin\jdk8u91\6644\hotspot\sr%ê‚ﬂk„?
Event: 0.607 Thread 0x0000000002df0800 Exception <a 'java/lang/NoSuchMethodError': Method sun.misc.Unsafe.prefetchRead(Ljava/lang/Object;J)V name or signature does not match> (0x00000000eab07fa8) thrown at [C:\re\workspace\8-2-build-windows-amd64-cygwin\jdk8u91\6644\hotspot\src\share\vm\prims\jŸLÌî¢	@
Event: 4.759 Thread 0x0000000016bc5000 Implicit null exception at 0x00000000031ee7a2 to 0x00000000031ee892
Event: 5.839 Thread 0x0000000016bc6000 Implicit null exception at 0x00000000033714cf to 0x0000000003371629

Events (10 events):
Event: 9.550 Thread 0x0000000002df0800 DEOPT UNPACKING pc=0x0000000002f3582a sp=0x0000000002deea20 mode 2
Event: 9.550 Thread 0x0000000002df0800 Uncommon trap: trap_request=0xffffffde fr.pc=0x0000000003438468
Event: 9.550 Thread 0x0000000002df0800 DEOPT PACKING pc=0x0000000003438468 sp=0x0000000002deeb10
Event: 9.550 Thread 0x0000000002df0800 DEOPT UNPACKING pc=0x0000000002f3582a sp=0x0000000002deea20 mode 2
Event: 9.550 Thread 0x0000000002df0800 Uncommon trap: trap_request=0xffffffde fr.pc=0x0000000003438468
Event: 9.550 Thread 0x0000000002df0800 DEOPT PACKING pc=0x0000000003438468 sp=0x0000000002deeb10
Event: 9.550 Thread 0x0000000002df0800 DEOPT UNPACKING pc=0x0000000002f3582a sp=0x0000000002deea20 mode 2
Event: 9.552 Thread 0x0000000002df0800 Uncommon trap: trap_request=0xffffffde fr.pc=0x00000000033b3054
Event: 9.552 Thread 0x0000000002df0800 DEOPT PACKING pc=0x00000000033b3054 sp=0x0000000002deea70
Event: 9.552 Thread 0x0000000002df0800 DEOPT UNPACKING pc=0x0000000002f3582a sp=0x0000000002dee9f8 mode 2


Dynamic libraries:
0x00007ff61b050000 - 0x00007ff61b087000 	D:\JAVA_enviroment\bin\java.exe
0x00007ffc11ff0000 - 0x00007ffc121c1000 	C:\WINDOWS\SYSTEM32\ntdll.dll
0x00007ffc10cf0000 - 0x00007ffc10d9b000 	C:\WINDOWS\System32\KERNEL32.DLL
0x00007ffc0ed20000 - 0x00007ffc0ef3d000 	C:\WINDOWS\System32\KERNELBASE.dll
0x00007ffc11420000 - 0x00007ffc114c2000 	C:\WINDOWS\System32\ADVAPI32.dll
0x00007ffc11060000 - 0x00007ffc110fe000 	C:\WINDOWS\System32\msvcrt.dll
0x00007ffc0f5f0000 - 0x00007ffc0f649000 	C:\WINDOWS\System32\sechost.dll
0x00007ffc112f0000 - 0x00007ffc11411000 	C:\WINDOWS\System32\RPCRT4.dll
0x00007ffc0f650000 - 0x00007ffc0f7b5000 	C:\WINDOWS\System32\USER32.dll
0x00007ffc0f560000 - 0x00007ffc0f57e000 	C:\WINDOWS\System32\win32u.dll
0x00007ffc0f5b0000 - 0x00007ffc0f5e4000 	C:\WINDOWS\System32\GDI32.dll
0x00007ffc0f040000 - 0x00007ffc0f1c2000 	C:\WINDOWS\System32\gdi32full.dll
0x00007ffc07870000 - 0x00007ffc07ae9000 	C:\WINDOWS\WinSxS\amd64_microsoft.windows.common-controls_6595b64144ccf1df_6.0.14393.0_none_2d0f50fcbdb171b8\COMCTL32.dll
0x00007ffc114d0000 - 0x00007ffc11797000 	C:\WINDOWS\System32\combase.dll
0x00007ffc0ef40000 - 0x00007ffc0f035000 	C:\WINDOWS\System32\ucrtbase.dll
0x00007ffc0ec10000 - 0x00007ffc0ec7a000 	C:\WINDOWS\System32\bcryptPrimitives.dll
0x00007ffc0f580000 - 0x00007ffc0f5ae000 	C:\WINDOWS\System32\IMM32.DLL
0x0000000051c60000 - 0x0000000051d32000 	D:\JAVA_enviroment\jre\bin\msvcr100.dll
0x0000000052cf0000 - 0x0000000053583000 	D:\JAVA_enviroment\jre\bin\server\jvm.dll
0x00007ffc112e0000 - 0x00007ffc112e8000 	C:\WINDOWS\System32\PSAPI.DLL
0x00007ffc0b250000 - 0x00007ffc0b259000 	C:\WINDOWS\SYSTEM32\WSOCK32.dll
0x00007ffc11de0000 - 0x00007ffc11e4a000 	C:\WINDOWS\System32\WS2_32.dll
0x00007ffc0c150000 - 0x00007ffc0c173000 	C:\WINDOWS\SYSTEM32\WINMM.dll
0x00007ffc08430000 - 0x00007ffc0843a000 	C:\WINDOWS\SYSTEM32\VERSION.dll
0x0000000002af0000 - 0x0000000002b1b000 	C:\WINDOWS\SYSTEM32\WINMMBASE.dll
0x00007ffc0ebc0000 - 0x00007ffc0ec02000 	C:\WINDOWS\System32\cfgmgr32.dll
0x0000000053670000 - 0x000000005367f000 	D:\JAVA_enviroment\jre\bin\verify.dll
0x0000000053640000 - 0x0000000053669000 	D:\JAVA_enviroment\jre\bin\java.dll
0x0000000053620000 - 0x0000000053636000 	D:\JAVA_enviroment\jre\bin\zip.dll
0x00007ffc0f7c0000 - 0x00007ffc10cc8000 	C:\WINDOWS\System32\SHELL32.dll
0x00007ffc0e4e0000 - 0x00007ffc0ebba000 	C:\WINDOWS\System32\windows.storage.dll
0x00007ffc0e460000 - 0x00007ffc0e4ac000 	C:\WINDOWS\System32\powrprof.dll
0x00007ffc11280000 - 0x00007ffc112d2000 	C:\WINDOWS\System32\shlwapi.dll
0x00007ffc0e450000 - 0x00007ffc0e45f000 	C:\WINDOWS\System32\kernel.appcore.dll
0x00007ffc0f1d0000 - 0x00007ffc0f279000 	C:\WINDOWS\System32\shcore.dll
0x00007ffc0e4b0000 - 0x00007ffc0e4c4000 	C:\WINDOWS\System32\profapi.dll

VM Arguments:
jvm_args: -Djava.awt.headless=true -Xmx1024M -Dfile.encoding=GBK -Duser.country=CN -Duser.language=zh -Duser.variant 
java_command: com.android.dx.command.Main --dex --force-jumbo --num-threads=4 --output D:\workspace1\FastSport\app\build\intermediates\pre-dexed\debug\gson-2.6.2_21a83f644006d3878007a83d55846e470d6f5e0e.jar D:\workspace1\FastSport\app\build\intermediates\exploded-aar\cn.bmob.android\bmob-sdk\3.5.0\jars\libs\gson-2.6.2.jar
java_class_path (initial): D:\AndroidStdio_sdk\sdk\build-tools\24.0.0\lib\dx.jar
Launcher Type: SUN_STANDARD

Environment Variables:
JAVA_HOME=D:\JAVA_enviroment
PATH=C:\ProgramData\Oracle\Java\javapath;C:\WINDOWS\system32;C:\WINDOWS;C:\WINDOWS\System32\Wbem;C:\WINDOWS\System32\WindowsPowerShell\v1.0\;D:\JAVA_enviroment\bin;D:\JAVA_enviroment\jre\bin;D:\android_sdk\sdk\tools;C:\Program Files (x86)\NVIDIA Corporation\PhysX\Common;D:\AndroidStdio_sdk\sdk\tools;C:\Program Files (x86)\Microsoft SQL Server\100\Tools\Binn\;C:\Program Files\Microsoft SQL Server\100\Tools\Binn\;C:\Program Files\Microsoft SQL Server\100\DTS\Binn\;C:\Program Files (x86)\Microsoft SQL Server\100\Tools\Binn\VSShell\Common7\IDE\;C:\Program Files (x86)\Microsoft Visual Studio 9.0\Common7\IDE\PrivateAssemblies\;C:\Program Files (x86)\Microsoft SQL Server\100\DTS\Binn\;D:\android_sdk\sdk\platform-tools;D:\android_sdk\sdk\tools;C:\WINDOWS\system32;C:\WINDOWS;C:\WINDOWS\System32\Wbem;C:\WINDOWS\System32\WindowsPowerShell\v1.0\;C:\Users\Administrator\AppData\Local\Microsoft\WindowsApps;
USERNAME=Administrator
OS=Windows_NT
PROCESSOR_IDENTIFIER=Intel64 Family 6 Model 58 Stepping 9, GenuineIntel



---------------  S Y S T E M  ---------------

OS: Windows 10.0 , 64 bit Build 14393 (10.0.14393.0)

CPU:total 4 (2 cores per cpu, 2 threads per core) family 6 model 58 stepping 9, cmov, cx8, fxsr, mmx, sse, sse2, sse3, ssse3, sse4.1, sse4.2, popcnt, avx, aes, clmul, erms, ht, tsc, tscinvbit, tscinv

Memory: 4k page, physical 8271404k(1148744k free), swap 8271404k(11320k free)

vm_info: Java HotSpot(TM) 64-Bit Server VM (25.91-b14) for windows-amd64 JRE (1.8.0_91-b14), built on Apr  1 2016 00:58:32 by "java_re" with MS VC++ 10.0 (VS2010)

time: Mon Oct 17 17:56:15 2016
elapsed time: 9 seconds (0d 0h 0m 9s)

