#
# There is insufficient memory for the Java Runtime Environment to continue.
# Native memory allocation (malloc) failed to allocate 1127696 bytes for Chunk::new
# Possible reasons:
#   The system is out of physical RAM or swap space
#   In 32 bit mode, the process size limit was hit
# Possible solutions:
#   Reduce memory load on the system
#   Increase physical memory or swap space
#   Check if swap backing store is full
#   Use 64 bit Java on a 64 bit OS
#   Decrease Java heap size (-Xmx/-Xms)
#   Decrease number of Java threads
#   Decrease Java thread stack sizes (-Xss)
#   Set larger code cache with -XX:ReservedCodeCacheSize=
# This output file may be truncated or incomplete.
#
#  Out of Memory Error (allocation.cpp:390), pid=6620, tid=10956
#
# JRE version: Java(TM) SE Runtime Environment (8.0_91-b14) (build 1.8.0_91-b14)
# Java VM: Java HotSpot(TM) 64-Bit Server VM (25.91-b14 mixed mode windows-amd64 compressed oops)
# Failed to write core dump. Minidumps are not enabled by default on client versions of Windows
#

---------------  T H R E A D  ---------------

Current thread (0x000000001618c800):  JavaThread "C2 CompilerThread1" daemon [_thread_in_native, id=10956, stack(0x0000000016870000,0x0000000016970000)]

Stack: [0x0000000016870000,0x0000000016970000]
[error occurred during error reporting (printing stack bounds), id 0xc0000005]

Native frames: (J=compiled Java code, j=interpreted, Vv=VM code, C=native code)


Current CompileTask:
C2:   4174 1245       4       com.android.dx.ssa.SCCP::simulateBranch (666 bytes)


---------------  P R O C E S S  ---------------

Java Threads: ( => current thread )
  0x0000000016413000 JavaThread "pool-2-thread-4" [_thread_in_Java, id=2348, stack(0x0000000017070000,0x0000000017170000)]
  0x0000000016412800 JavaThread "pool-2-thread-3" [_thread_blocked, id=9492, stack(0x0000000016f70000,0x0000000017070000)]
  0x0000000016411800 JavaThread "pool-2-thread-2" [_thread_blocked, id=10624, stack(0x0000000016e70000,0x0000000016f70000)]
  0x0000000016409800 JavaThread "pool-3-thread-1" [_thread_blocked, id=8372, stack(0x0000000016d70000,0x0000000016e70000)]
  0x00000000164fd000 JavaThread "pool-2-thread-1" [_thread_blocked, id=340, stack(0x0000000016c70000,0x0000000016d70000)]
  0x00000000161cf800 JavaThread "Service Thread" daemon [_thread_blocked, id=10972, stack(0x0000000016a70000,0x0000000016b70000)]
  0x00000000161ca000 JavaThread "C1 CompilerThread2" daemon [_thread_blocked, id=8472, stack(0x0000000016970000,0x0000000016a70000)]
=>0x000000001618c800 JavaThread "C2 CompilerThread1" daemon [_thread_in_native, id=10956, stack(0x0000000016870000,0x0000000016970000)]
  0x0000000014e19800 JavaThread "C2 CompilerThread0" daemon [_thread_in_native, id=8784, stack(0x0000000016770000,0x0000000016870000)]
  0x0000000014dcd000 JavaThread "Attach Listener" daemon [_thread_blocked, id=10112, stack(0x0000000016670000,0x0000000016770000)]
  0x0000000014dcc000 JavaThread "Signal Dispatcher" daemon [_thread_blocked, id=11004, stack(0x0000000016570000,0x0000000016670000)]
  0x0000000014daa000 JavaThread "Finalizer" daemon [_thread_blocked, id=4444, stack(0x0000000016010000,0x0000000016110000)]
  0x0000000014d88800 JavaThread "Reference Handler" daemon [_thread_blocked, id=10368, stack(0x0000000015f10000,0x0000000016010000)]
  0x00000000025f0800 JavaThread "main" [_thread_blocked, id=9912, stack(0x0000000002100000,0x0000000002200000)]

Other Threads:
  0x0000000014d87000 VMThread [stack: 0x0000000015e10000,0x0000000015f10000] [id=10460]
  0x0000000016222800 WatcherThread [stack: 0x0000000016b70000,0x0000000016c70000] [id=10484]

VM state:not at safepoint (normal execution)

VM Mutex/Monitor currently owned by a thread: None

Heap:
 PSYoungGen      total 38400K, used 9586K [0x00000000eab00000, 0x00000000ed580000, 0x0000000100000000)
  eden space 33280K, 13% used [0x00000000eab00000,0x00000000eaf5ced8,0x00000000ecb80000)
  from space 5120K, 99% used [0x00000000ecb80000,0x00000000ed07fc88,0x00000000ed080000)
  to   space 5120K, 0% used [0x00000000ed080000,0x00000000ed080000,0x00000000ed580000)
 ParOldGen       total 87552K, used 1364K [0x00000000c0000000, 0x00000000c5580000, 0x00000000eab00000)
  object space 87552K, 1% used [0x00000000c0000000,0x00000000c0155090,0x00000000c5580000)
 Metaspace       used 5975K, capacity 6960K, committed 7040K, reserved 1056768K
  class space    used 590K, capacity 616K, committed 640K, reserved 1048576K

Card table byte_map: [0x0000000011ab0000,0x0000000011cc0000] byte_map_base: 0x00000000114b0000

Marking Bits: (ParMarkBitMap*) 0x0000000076892f70
 Begin Bits: [0x0000000012220000, 0x0000000013220000)
 End Bits:   [0x0000000013220000, 0x0000000014220000)

Polling page: 0x0000000002200000

CodeCache: size=245760Kb used=5487Kb max_used=5487Kb free=240272Kb
 bounds [0x00000000026f0000, 0x0000000002c50000, 0x00000000116f0000]
 total_blobs=1573 nmethods=1308 adapters=178
 compilation: enabled

Compilation events (10 events):
Event: 4.042 Thread 0x00000000161ca000 1305   !   3       java.lang.ref.Finalizer::remove (94 bytes)
Event: 4.042 Thread 0x00000000161ca000 nmethod 1305 0x0000000002c47c50 code [0x0000000002c47dc0, 0x0000000002c48290]
Event: 4.042 Thread 0x00000000161ca000 1304       3       java.util.zip.ZipFile$ZipFileInputStream::finalize (5 bytes)
Event: 4.042 Thread 0x00000000161ca000 nmethod 1304 0x0000000002c483d0 code [0x0000000002c48540, 0x0000000002c486e8]
Event: 4.043 Thread 0x00000000161ca000 1306       3       com.android.dx.util.ByteArray::makeDataInputStream (12 bytes)
Event: 4.044 Thread 0x00000000161ca000 nmethod 1306 0x0000000002c48790 code [0x0000000002c48940, 0x0000000002c49130]
Event: 4.081 Thread 0x00000000161ca000 1307       3       com.android.dx.util.Bits::isEmpty (26 bytes)
Event: 4.081 Thread 0x00000000161ca000 nmethod 1307 0x0000000002c49550 code [0x0000000002c496c0, 0x0000000002c49910]
Event: 4.084 Thread 0x00000000161ca000 1308       3       java.util.BitSet::set (18 bytes)
Event: 4.085 Thread 0x00000000161ca000 nmethod 1308 0x0000000002c49a10 code [0x0000000002c49b80, 0x0000000002c49db8]

GC Heap History (2 events):
Event: 3.858 GC heap before
{Heap before GC invocations=1 (full 0):
 PSYoungGen      total 38400K, used 33280K [0x00000000eab00000, 0x00000000ed580000, 0x0000000100000000)
  eden space 33280K, 100% used [0x00000000eab00000,0x00000000ecb80000,0x00000000ecb80000)
  from space 5120K, 0% used [0x00000000ed080000,0x00000000ed080000,0x00000000ed580000)
  to   space 5120K, 0% used [0x00000000ecb80000,0x00000000ecb80000,0x00000000ed080000)
 ParOldGen       total 87552K, used 0K [0x00000000c0000000, 0x00000000c5580000, 0x00000000eab00000)
  object space 87552K, 0% used [0x00000000c0000000,0x00000000c0000000,0x00000000c5580000)
 Metaspace       used 5956K, capacity 6960K, committed 7040K, reserved 1056768K
  class space    used 590K, capacity 616K, committed 640K, reserved 1048576K
Event: 3.993 GC heap after
Heap after GC invocations=1 (full 0):
 PSYoungGen      total 38400K, used 5119K [0x00000000eab00000, 0x00000000ed580000, 0x0000000100000000)
  eden space 33280K, 0% used [0x00000000eab00000,0x00000000eab00000,0x00000000ecb80000)
  from space 5120K, 99% used [0x00000000ecb80000,0x00000000ed07fc88,0x00000000ed080000)
  to   space 5120K, 0% used [0x00000000ed080000,0x00000000ed080000,0x00000000ed580000)
 ParOldGen       total 87552K, used 1364K [0x00000000c0000000, 0x00000000c5580000, 0x00000000eab00000)
  object space 87552K, 1% used [0x00000000c0000000,0x00000000c0155090,0x00000000c5580000)
 Metaspace       used 5956K, capacity 6960K, committed 7040K, reserved 1056768K
  class space    used 590K, capacity 616K, committed 640K, reserved 1048576K
}

Deoptimization events (7 events):
Event: 1.165 Thread 0x00000000164fd000 Uncommon trap: reason=unstable_if action=reinterpret pc=0x0000000002907b7c method=java.util.HashMap.getNode(ILjava/lang/Object;)Ljava/util/HashMap$Node; @ 62
Event: 2.599 Thread 0x00000000025f0800 Uncommon trap: reason=class_check action=maybe_recompile pc=0x000000000297f7cc method=com.android.dx.ssa.NormalSsaInsn.accept(Lcom/android/dx/ssa/SsaInsn$Visitor;)V @ 9
Event: 2.599 Thread 0x00000000025f0800 Uncommon trap: reason=class_check action=maybe_recompile pc=0x000000000297f7cc method=com.android.dx.ssa.NormalSsaInsn.accept(Lcom/android/dx/ssa/SsaInsn$Visitor;)V @ 9
Event: 2.599 Thread 0x00000000025f0800 Uncommon trap: reason=class_check action=maybe_recompile pc=0x000000000297f7cc method=com.android.dx.ssa.NormalSsaInsn.accept(Lcom/android/dx/ssa/SsaInsn$Visitor;)V @ 9
Event: 2.600 Thread 0x00000000025f0800 Uncommon trap: reason=class_check action=maybe_recompile pc=0x000000000297f7cc method=com.android.dx.ssa.NormalSsaInsn.accept(Lcom/android/dx/ssa/SsaInsn$Visitor;)V @ 9
Event: 2.600 Thread 0x00000000025f0800 Uncommon trap: reason=class_check action=maybe_recompile pc=0x0000000002938270 method=com.android.dx.ssa.NormalSsaInsn.accept(Lcom/android/dx/ssa/SsaInsn$Visitor;)V @ 9
Event: 3.588 Thread 0x0000000016412800 Uncommon trap: reason=unstable_if action=reinterpret pc=0x0000000002bb27fc method=com.android.dx.cf.code.BytecodeArray.parseInstruction(ILcom/android/dx/cf/code/BytecodeArray$Visitor;)I @ 1198

Internal exceptions (2 events):
Event: 0.099 Thread 0x00000000025f0800 Exception <a 'java/lang/NoSuchMethodError': Method sun.misc.Unsafe.defineClass(Ljava/lang/String;[BII)Ljava/lang/Class; name or signature does not match> (0x00000000eab07cc0) thrown at [C:\re\workspace\8-2-build-windows-amd64-cygwin\jdk8u91\6644\hotspot\srƒéÅJôhπ?
Event: 0.099 Thread 0x00000000025f0800 Exception <a 'java/lang/NoSuchMethodError': Method sun.misc.Unsafe.prefetchRead(Ljava/lang/Object;J)V name or signature does not match> (0x00000000eab07fa8) thrown at [C:\re\workspace\8-2-build-windows-amd64-cygwin\jdk8u91\6644\hotspot\src\share\vm\prims\j

Events (10 events):
Event: 3.588 Thread 0x0000000016412800 DEOPT PACKING pc=0x0000000002bb27fc sp=0x000000001706ed90
Event: 3.588 Thread 0x0000000016412800 DEOPT UNPACKING pc=0x000000000273582a sp=0x000000001706ed28 mode 2
Event: 3.694 loading class java/util/TreeMap$EntrySet
Event: 3.694 loading class java/util/TreeMap$EntrySet done
Event: 3.694 loading class java/util/TreeMap$EntryIterator
Event: 3.695 loading class java/util/TreeMap$EntryIterator done
Event: 3.695 Executing VM operation: Deoptimize
Event: 3.695 Executing VM operation: Deoptimize done
Event: 3.709 Executing VM operation: ParallelGCFailedAllocation
Event: 3.993 Executing VM operation: ParallelGCFailedAllocation done


Dynamic libraries:
0x00007ff7b5950000 - 0x00007ff7b5987000 	D:\JAVA_enviroment\bin\java.exe
0x00007ffb1f980000 - 0x00007ffb1fb51000 	C:\WINDOWS\SYSTEM32\ntdll.dll
0x00007ffb1f830000 - 0x00007ffb1f8db000 	C:\WINDOWS\System32\KERNEL32.DLL
0x00007ffb1c920000 - 0x00007ffb1cb3d000 	C:\WINDOWS\System32\KERNELBASE.dll
0x00007ffb1f550000 - 0x00007ffb1f5f2000 	C:\WINDOWS\System32\ADVAPI32.dll
0x00007ffb1db60000 - 0x00007ffb1dbfe000 	C:\WINDOWS\System32\msvcrt.dll
0x00007ffb1db00000 - 0x00007ffb1db59000 	C:\WINDOWS\System32\sechost.dll
0x00007ffb1f110000 - 0x00007ffb1f231000 	C:\WINDOWS\System32\RPCRT4.dll
0x00007ffb1f240000 - 0x00007ffb1f3a5000 	C:\WINDOWS\System32\USER32.dll
0x00007ffb1be70000 - 0x00007ffb1be8e000 	C:\WINDOWS\System32\win32u.dll
0x00007ffb1f940000 - 0x00007ffb1f974000 	C:\WINDOWS\System32\GDI32.dll
0x00007ffb1bfe0000 - 0x00007ffb1c162000 	C:\WINDOWS\System32\gdi32full.dll
0x00007ffb14600000 - 0x00007ffb14879000 	C:\WINDOWS\WinSxS\amd64_microsoft.windows.common-controls_6595b64144ccf1df_6.0.14393.0_none_2d0f50fcbdb171b8\COMCTL32.dll
0x00007ffb1d020000 - 0x00007ffb1d2e7000 	C:\WINDOWS\System32\combase.dll
0x00007ffb1cc40000 - 0x00007ffb1cd35000 	C:\WINDOWS\System32\ucrtbase.dll
0x00007ffb1c170000 - 0x00007ffb1c1da000 	C:\WINDOWS\System32\bcryptPrimitives.dll
0x00007ffb1cf30000 - 0x00007ffb1cf5e000 	C:\WINDOWS\System32\IMM32.DLL
0x0000000075ea0000 - 0x0000000075f72000 	D:\JAVA_enviroment\jre\bin\msvcr100.dll
0x0000000076080000 - 0x0000000076913000 	D:\JAVA_enviroment\jre\bin\server\jvm.dll
0x00007ffb1d990000 - 0x00007ffb1d998000 	C:\WINDOWS\System32\PSAPI.DLL
0x00007ffb18c80000 - 0x00007ffb18c89000 	C:\WINDOWS\SYSTEM32\WSOCK32.dll
0x00007ffb1d920000 - 0x00007ffb1d98a000 	C:\WINDOWS\System32\WS2_32.dll
0x00007ffb19c10000 - 0x00007ffb19c33000 	C:\WINDOWS\SYSTEM32\WINMM.dll
0x00007ffb16710000 - 0x00007ffb1671a000 	C:\WINDOWS\SYSTEM32\VERSION.dll
0x00007ffb19a80000 - 0x00007ffb19aab000 	C:\WINDOWS\SYSTEM32\WINMMBASE.dll
0x00007ffb1cbf0000 - 0x00007ffb1cc32000 	C:\WINDOWS\System32\cfgmgr32.dll
0x0000000050080000 - 0x000000005008f000 	D:\JAVA_enviroment\jre\bin\verify.dll
0x0000000050050000 - 0x0000000050079000 	D:\JAVA_enviroment\jre\bin\java.dll
0x0000000050030000 - 0x0000000050046000 	D:\JAVA_enviroment\jre\bin\zip.dll
0x00007ffb1dc00000 - 0x00007ffb1f108000 	C:\WINDOWS\System32\SHELL32.dll
0x00007ffb1c240000 - 0x00007ffb1c91a000 	C:\WINDOWS\System32\windows.storage.dll
0x00007ffb1be20000 - 0x00007ffb1be6c000 	C:\WINDOWS\System32\powrprof.dll
0x00007ffb1f8e0000 - 0x00007ffb1f932000 	C:\WINDOWS\System32\shlwapi.dll
0x00007ffb1bdf0000 - 0x00007ffb1bdff000 	C:\WINDOWS\System32\kernel.appcore.dll
0x00007ffb1bf30000 - 0x00007ffb1bfd9000 	C:\WINDOWS\System32\shcore.dll
0x00007ffb1be00000 - 0x00007ffb1be14000 	C:\WINDOWS\System32\profapi.dll

VM Arguments:
jvm_args: -Djava.awt.headless=true -Xmx1024M -Dfile.encoding=GBK -Duser.country=CN -Duser.language=zh -Duser.variant 
java_command: com.android.dx.command.Main --dex --force-jumbo --num-threads=4 --multi-dex --output D:\workspace1\FastSport\app\build\intermediates\transforms\dex\debug\folders\1000\10\com.android.support-support-media-compat-24.2.1_7903e451e40c4877b6e5b080f24f43cc726b3158 D:\workspace1\FastSport\app\build\intermediates\exploded-aar\com.android.support\support-media-compat\24.2.1\jars\classes.jar
java_class_path (initial): D:\AndroidStdio_sdk\sdk\build-tools\24.0.0\lib\dx.jar
Launcher Type: SUN_STANDARD

Environment Variables:
JAVA_HOME=D:\JAVA_enviroment
PATH=C:\ProgramData\Oracle\Java\javapath;C:\WINDOWS\system32;C:\WINDOWS;C:\WINDOWS\System32\Wbem;C:\WINDOWS\System32\WindowsPowerShell\v1.0\;D:\JAVA_enviroment\bin;D:\JAVA_enviroment\jre\bin;D:\android_sdk\sdk\tools;C:\Program Files (x86)\NVIDIA Corporation\PhysX\Common;D:\AndroidStdio_sdk\sdk\tools;C:\Program Files (x86)\Microsoft SQL Server\100\Tools\Binn\;C:\Program Files\Microsoft SQL Server\100\Tools\Binn\;C:\Program Files\Microsoft SQL Server\100\DTS\Binn\;C:\Program Files (x86)\Microsoft SQL Server\100\Tools\Binn\VSShell\Common7\IDE\;C:\Program Files (x86)\Microsoft Visual Studio 9.0\Common7\IDE\PrivateAssemblies\;C:\Program Files (x86)\Microsoft SQL Server\100\DTS\Binn\;D:\android_sdk\sdk\platform-tools;D:\android_sdk\sdk\tools;C:\WINDOWS\system32;C:\WINDOWS;C:\WINDOWS\System32\Wbem;C:\WINDOWS\System32\WindowsPowerShell\v1.0\;C:\Users\Administrator\AppData\Local\Microsoft\WindowsApps;
USERNAME=Administrator
OS=Windows_NT
PROCESSOR_IDENTIFIER=Intel64 Family 6 Model 58 Stepping 9, GenuineIntel



---------------  S Y S T E M  ---------------

OS: Windows 10.0 , 64 bit Build 14393 (10.0.14393.0)

CPU:total 4 (2 cores per cpu, 2 threads per core) family 6 model 58 stepping 9, cmov, cx8, fxsr, mmx, sse, sse2, sse3, ssse3, sse4.1, sse4.2, popcnt, avx, aes, clmul, erms, ht, tsc, tscinvbit, tscinv

Memory: 4k page, physical 8271404k(1700624k free), swap 8271404k(8868k free)

vm_info: Java HotSpot(TM) 64-Bit Server VM (25.91-b14) for windows-amd64 JRE (1.8.0_91-b14), built on Apr  1 2016 00:58:32 by "java_re" with MS VC++ 10.0 (VS2010)

time: Sun Oct 02 23:40:13 2016
elapsed time: 4 seconds (0d 0h 0m 4s)

