#
# There is insufficient memory for the Java Runtime Environment to continue.
# Native memory allocation (malloc) failed to allocate 1492496 bytes for Chunk::new
# Possible reasons:
#   The system is out of physical RAM or swap space
#   In 32 bit mode, the process size limit was hit
# Possible solutions:
#   Reduce memory load on the system
#   Increase physical memory or swap space
#   Check if swap backing store is full
#   Use 64 bit Java on a 64 bit OS
#   Decrease Java heap size (-Xmx/-Xms)
#   Decrease number of Java threads
#   Decrease Java thread stack sizes (-Xss)
#   Set larger code cache with -XX:ReservedCodeCacheSize=
# This output file may be truncated or incomplete.
#
#  Out of Memory Error (allocation.cpp:390), pid=2232, tid=20064
#
# JRE version: Java(TM) SE Runtime Environment (8.0_91-b14) (build 1.8.0_91-b14)
# Java VM: Java HotSpot(TM) 64-Bit Server VM (25.91-b14 mixed mode windows-amd64 compressed oops)
# Failed to write core dump. Minidumps are not enabled by default on client versions of Windows
#

---------------  T H R E A D  ---------------

Current thread (0x0000000014dec000):  JavaThread "C2 CompilerThread0" daemon [_thread_in_native, id=20064, stack(0x0000000016760000,0x0000000016860000)]

Stack: [0x0000000016760000,0x0000000016860000]
[error occurred during error reporting (printing stack bounds), id 0xc0000005]

Native frames: (J=compiled Java code, j=interpreted, Vv=VM code, C=native code)


Current CompileTask:
C2:  12209 1685   !   4       com.android.dx.cf.cst.ConstantPoolParser::parse0 (731 bytes)


---------------  P R O C E S S  ---------------

Java Threads: ( => current thread )
  0x0000000016406000 JavaThread "pool-2-thread-4" [_thread_blocked, id=27416, stack(0x0000000017060000,0x0000000017160000)]
  0x0000000016405800 JavaThread "pool-2-thread-3" [_thread_in_Java, id=25276, stack(0x0000000016f60000,0x0000000017060000)]
  0x00000000163cd800 JavaThread "pool-2-thread-2" [_thread_blocked, id=24652, stack(0x0000000016e60000,0x0000000016f60000)]
  0x00000000163b7800 JavaThread "pool-3-thread-1" [_thread_blocked, id=26480, stack(0x0000000016d60000,0x0000000016e60000)]
  0x00000000163b6800 JavaThread "pool-2-thread-1" [_thread_in_Java, id=25572, stack(0x0000000016c60000,0x0000000016d60000)]
  0x00000000161c9800 JavaThread "Service Thread" daemon [_thread_blocked, id=26164, stack(0x0000000016a60000,0x0000000016b60000)]
  0x00000000161c1000 JavaThread "C1 CompilerThread2" daemon [_thread_in_native, id=21340, stack(0x0000000016960000,0x0000000016a60000)]
  0x0000000014e3b000 JavaThread "C2 CompilerThread1" daemon [_thread_in_native, id=25272, stack(0x0000000016860000,0x0000000016960000)]
=>0x0000000014dec000 JavaThread "C2 CompilerThread0" daemon [_thread_in_native, id=20064, stack(0x0000000016760000,0x0000000016860000)]
  0x0000000014dea000 JavaThread "Attach Listener" daemon [_thread_blocked, id=25532, stack(0x0000000016660000,0x0000000016760000)]
  0x0000000014e39800 JavaThread "Signal Dispatcher" daemon [_thread_blocked, id=24688, stack(0x0000000016560000,0x0000000016660000)]
  0x0000000014dca800 JavaThread "Finalizer" daemon [_thread_blocked, id=26232, stack(0x0000000016060000,0x0000000016160000)]
  0x00000000026ff000 JavaThread "Reference Handler" daemon [_thread_blocked, id=3352, stack(0x0000000015f60000,0x0000000016060000)]
  0x0000000002610800 JavaThread "main" [_thread_in_Java, id=26268, stack(0x0000000002430000,0x0000000002530000)]

Other Threads:
  0x0000000014da8000 VMThread [stack: 0x0000000015e60000,0x0000000015f60000] [id=24572]
  0x000000001621d000 WatcherThread [stack: 0x0000000016b60000,0x0000000016c60000] [id=17364]

VM state:not at safepoint (normal execution)

VM Mutex/Monitor currently owned by a thread: None

Heap:
 PSYoungGen      total 38400K, used 34643K [0x00000000eab00000, 0x00000000ed580000, 0x0000000100000000)
  eden space 33280K, 88% used [0x00000000eab00000,0x00000000ec7dc4f8,0x00000000ecb80000)
  from space 5120K, 99% used [0x00000000ed080000,0x00000000ed578ac8,0x00000000ed580000)
  to   space 5120K, 0% used [0x00000000ecb80000,0x00000000ecb80000,0x00000000ed080000)
 ParOldGen       total 87552K, used 6985K [0x00000000c0000000, 0x00000000c5580000, 0x00000000eab00000)
  object space 87552K, 7% used [0x00000000c0000000,0x00000000c06d2458,0x00000000c5580000)
 Metaspace       used 6148K, capacity 7088K, committed 7296K, reserved 1056768K
  class space    used 591K, capacity 616K, committed 640K, reserved 1048576K

Card table byte_map: [0x0000000011ad0000,0x0000000011ce0000] byte_map_base: 0x00000000114d0000

Marking Bits: (ParMarkBitMap*) 0x0000000074f92f70
 Begin Bits: [0x0000000012240000, 0x0000000013240000)
 End Bits:   [0x0000000013240000, 0x0000000014240000)

Polling page: 0x0000000000ab0000

CodeCache: size=245760Kb used=7422Kb max_used=7428Kb free=238337Kb
 bounds [0x0000000002710000, 0x0000000002e60000, 0x0000000011710000]
 total_blobs=1928 nmethods=1662 adapters=178
 compilation: enabled

Compilation events (10 events):
Event: 12.074 Thread 0x0000000014e3b000 nmethod 1687 0x0000000002decd10 code [0x0000000002dece40, 0x0000000002deceb8]
Event: 12.074 Thread 0x0000000014e3b000 1688   !   4       com.android.dx.cf.code.BaseMachine::result (36 bytes)
Event: 12.075 Thread 0x0000000014e3b000 nmethod 1688 0x0000000002e0c550 code [0x0000000002e0c680, 0x0000000002e0c738]
Event: 12.075 Thread 0x0000000014e3b000 1689       4       com.android.dx.ssa.InterferenceRegisterMapper::addInterfence (62 bytes)
Event: 12.115 Thread 0x0000000014e3b000 nmethod 1689 0x0000000002e25450 code [0x0000000002e25600, 0x0000000002e262f8]
Event: 12.115 Thread 0x0000000014e3b000 1696       4       com.android.dx.util.IntList::mutableCopy (39 bytes)
Event: 12.131 Thread 0x0000000014e3b000 nmethod 1696 0x0000000002e1ab50 code [0x0000000002e1acc0, 0x0000000002e1b298]
Event: 12.132 Thread 0x0000000014e3b000 1697       4       com.android.dx.ssa.SsaMethod::forEachBlockDepthFirst (194 bytes)
Event: 12.199 Thread 0x00000000161c1000 1709       2       com.android.dx.ssa.LocalVariableExtractor::processBlock (383 bytes)
Event: 12.203 Thread 0x00000000161c1000 nmethod 1709 0x0000000002e41110 code [0x0000000002e41480, 0x0000000002e426b8]

GC Heap History (4 events):
Event: 5.736 GC heap before
{Heap before GC invocations=1 (full 0):
 PSYoungGen      total 38400K, used 33280K [0x00000000eab00000, 0x00000000ed580000, 0x0000000100000000)
  eden space 33280K, 100% used [0x00000000eab00000,0x00000000ecb80000,0x00000000ecb80000)
  from space 5120K, 0% used [0x00000000ed080000,0x00000000ed080000,0x00000000ed580000)
  to   space 5120K, 0% used [0x00000000ecb80000,0x00000000ecb80000,0x00000000ed080000)
 ParOldGen       total 87552K, used 0K [0x00000000c0000000, 0x00000000c5580000, 0x00000000eab00000)
  object space 87552K, 0% used [0x00000000c0000000,0x00000000c0000000,0x00000000c5580000)
 Metaspace       used 5940K, capacity 6960K, committed 7040K, reserved 1056768K
  class space    used 588K, capacity 616K, committed 640K, reserved 1048576K
Event: 6.760 GC heap after
Heap after GC invocations=1 (full 0):
 PSYoungGen      total 38400K, used 5119K [0x00000000eab00000, 0x00000000ed580000, 0x0000000100000000)
  eden space 33280K, 0% used [0x00000000eab00000,0x00000000eab00000,0x00000000ecb80000)
  from space 5120K, 99% used [0x00000000ecb80000,0x00000000ed07fca8,0x00000000ed080000)
  to   space 5120K, 0% used [0x00000000ed080000,0x00000000ed080000,0x00000000ed580000)
 ParOldGen       total 87552K, used 1494K [0x00000000c0000000, 0x00000000c5580000, 0x00000000eab00000)
  object space 87552K, 1% used [0x00000000c0000000,0x00000000c0175a08,0x00000000c5580000)
 Metaspace       used 5940K, capacity 6960K, committed 7040K, reserved 1056768K
  class space    used 588K, capacity 616K, committed 640K, reserved 1048576K
}
Event: 9.430 GC heap before
{Heap before GC invocations=2 (full 0):
 PSYoungGen      total 38400K, used 38399K [0x00000000eab00000, 0x00000000ed580000, 0x0000000100000000)
  eden space 33280K, 100% used [0x00000000eab00000,0x00000000ecb80000,0x00000000ecb80000)
  from space 5120K, 99% used [0x00000000ecb80000,0x00000000ed07fca8,0x00000000ed080000)
  to   space 5120K, 0% used [0x00000000ed080000,0x00000000ed080000,0x00000000ed580000)
 ParOldGen       total 87552K, used 1494K [0x00000000c0000000, 0x00000000c5580000, 0x00000000eab00000)
  object space 87552K, 1% used [0x00000000c0000000,0x00000000c0175a08,0x00000000c5580000)
 Metaspace       used 6128K, capacity 7088K, committed 7296K, reserved 1056768K
  class space    used 591K, capacity 616K, committed 640K, reserved 1048576K
Event: 9.492 GC heap after
Heap after GC invocations=2 (full 0):
 PSYoungGen      total 38400K, used 5090K [0x00000000eab00000, 0x00000000ed580000, 0x0000000100000000)
  eden space 33280K, 0% used [0x00000000eab00000,0x00000000eab00000,0x00000000ecb80000)
  from space 5120K, 99% used [0x00000000ed080000,0x00000000ed578ac8,0x00000000ed580000)
  to   space 5120K, 0% used [0x00000000ecb80000,0x00000000ecb80000,0x00000000ed080000)
 ParOldGen       total 87552K, used 6985K [0x00000000c0000000, 0x00000000c5580000, 0x00000000eab00000)
  object space 87552K, 7% used [0x00000000c0000000,0x00000000c06d2458,0x00000000c5580000)
 Metaspace       used 6128K, capacity 7088K, committed 7296K, reserved 1056768K
  class space    used 591K, capacity 616K, committed 640K, reserved 1048576K
}

Deoptimization events (10 events):
Event: 7.431 Thread 0x0000000002610800 Uncommon trap: reason=unstable_if action=reinterpret pc=0x0000000002b599e0 method=com.android.dx.rop.code.RegisterSpecSet.put(Lcom/android/dx/rop/code/RegisterSpec;)V @ 77
Event: 8.413 Thread 0x0000000016405800 Uncommon trap: reason=uninitialized action=reinterpret pc=0x0000000002d30da8 method=com.android.dx.cf.code.BytecodeArray.parseInstruction(ILcom/android/dx/cf/code/BytecodeArray$Visitor;)I @ 1031
Event: 8.821 Thread 0x00000000163b6800 Uncommon trap: reason=unstable_if action=reinterpret pc=0x0000000002b24fdc method=com.android.dx.ssa.SsaMethod.updateOneDefinition(Lcom/android/dx/ssa/SsaInsn;Lcom/android/dx/rop/code/RegisterSpec;)V @ 4
Event: 8.864 Thread 0x0000000016406000 Uncommon trap: reason=unstable_if action=reinterpret pc=0x0000000002ab009c method=com.android.dx.rop.cst.Constant.compareTo(Lcom/android/dx/rop/cst/Constant;)I @ 12
Event: 10.399 Thread 0x00000000163cd800 Uncommon trap: reason=null_check action=make_not_entrant pc=0x0000000002c0bba0 method=com.android.dx.rop.type.Type.equals(Ljava/lang/Object;)Z @ 8
Event: 12.117 Thread 0x0000000016405800 Uncommon trap: reason=unstable_if action=reinterpret pc=0x0000000002debd74 method=com.android.dx.util.MutabilityControl.isImmutable()Z @ 4
Event: 12.150 Thread 0x00000000163cd800 Uncommon trap: reason=bimorphic action=maybe_recompile pc=0x0000000002de3d4c method=com.android.dx.rop.code.RegisterSpec.withSimpleType()Lcom/android/dx/rop/code/RegisterSpec; @ 21
Event: 12.150 Thread 0x00000000163cd800 Uncommon trap: reason=bimorphic action=maybe_recompile pc=0x0000000002de3d4c method=com.android.dx.rop.code.RegisterSpec.withSimpleType()Lcom/android/dx/rop/code/RegisterSpec; @ 21
Event: 12.155 Thread 0x00000000163cd800 Uncommon trap: reason=bimorphic action=maybe_recompile pc=0x0000000002de3d4c method=com.android.dx.rop.code.RegisterSpec.withSimpleType()Lcom/android/dx/rop/code/RegisterSpec; @ 21
Event: 12.155 Thread 0x00000000163cd800 Uncommon trap: reason=bimorphic action=maybe_recompile pc=0x0000000002de3d4c method=com.android.dx.rop.code.RegisterSpec.withSimpleType()Lcom/android/dx/rop/code/RegisterSpec; @ 21

Internal exceptions (4 events):
Event: 0.101 Thread 0x0000000002610800 Exception <a 'java/lang/NoSuchMethodError': Method sun.misc.Unsafe.defineClass(Ljava/lang/String;[BII)Ljava/lang/Class; name or signature does not match> (0x00000000eab07cc0) thrown at [C:\re\workspace\8-2-build-windows-amd64-cygwin\jdk8u91\6644\hotspot\srÄæ³{Ô¹?
Event: 0.101 Thread 0x0000000002610800 Exception <a 'java/lang/NoSuchMethodError': Method sun.misc.Unsafe.prefetchRead(Ljava/lang/Object;J)V name or signature does not match> (0x00000000eab07fa8) thrown at [C:\re\workspace\8-2-build-windows-amd64-cygwin\jdk8u91\6644\hotspot\src\share\vm\prims\jÛ±d©@
Event: 7.165 Thread 0x00000000163cd800 Implicit null exception at 0x0000000002c28a8a to 0x0000000002c2a4dd
Event: 10.399 Thread 0x00000000163cd800 Implicit null exception at 0x0000000002c0baa2 to 0x0000000002c0bb92

Events (10 events):
Event: 12.150 Thread 0x00000000163cd800 DEOPT UNPACKING pc=0x000000000275582a sp=0x0000000016f5ebd8 mode 2
Event: 12.150 Thread 0x00000000163cd800 Uncommon trap: trap_request=0xffffffc6 fr.pc=0x0000000002de3d4c
Event: 12.150 Thread 0x00000000163cd800 DEOPT PACKING pc=0x0000000002de3d4c sp=0x0000000016f5ec80
Event: 12.150 Thread 0x00000000163cd800 DEOPT UNPACKING pc=0x000000000275582a sp=0x0000000016f5ebd8 mode 2
Event: 12.155 Thread 0x00000000163cd800 Uncommon trap: trap_request=0xffffffc6 fr.pc=0x0000000002de3d4c
Event: 12.155 Thread 0x00000000163cd800 DEOPT PACKING pc=0x0000000002de3d4c sp=0x0000000016f5ebd0
Event: 12.155 Thread 0x00000000163cd800 DEOPT UNPACKING pc=0x000000000275582a sp=0x0000000016f5eb28 mode 2
Event: 12.155 Thread 0x00000000163cd800 Uncommon trap: trap_request=0xffffffc6 fr.pc=0x0000000002de3d4c
Event: 12.155 Thread 0x00000000163cd800 DEOPT PACKING pc=0x0000000002de3d4c sp=0x0000000016f5ebd0
Event: 12.155 Thread 0x00000000163cd800 DEOPT UNPACKING pc=0x000000000275582a sp=0x0000000016f5eb28 mode 2


Dynamic libraries:
0x00007ff6fda30000 - 0x00007ff6fda67000 	D:\JAVA_enviroment\bin\java.exe
0x00007fffc3740000 - 0x00007fffc3901000 	C:\WINDOWS\SYSTEM32\ntdll.dll
0x00007fffc0cf0000 - 0x00007fffc0d9d000 	C:\WINDOWS\system32\KERNEL32.DLL
0x00007fffbfe60000 - 0x00007fffc0048000 	C:\WINDOWS\system32\KERNELBASE.dll
0x00007fffc1190000 - 0x00007fffc1237000 	C:\WINDOWS\system32\ADVAPI32.dll
0x00007fffc0e90000 - 0x00007fffc0f2d000 	C:\WINDOWS\system32\msvcrt.dll
0x00007fffc1020000 - 0x00007fffc107b000 	C:\WINDOWS\system32\sechost.dll
0x00007fffc3380000 - 0x00007fffc349c000 	C:\WINDOWS\system32\RPCRT4.dll
0x00007fffc1240000 - 0x00007fffc1396000 	C:\WINDOWS\system32\USER32.dll
0x00007fffc34a0000 - 0x00007fffc3626000 	C:\WINDOWS\system32\GDI32.dll
0x00007fffbbed0000 - 0x00007fffbc144000 	C:\WINDOWS\WinSxS\amd64_microsoft.windows.common-controls_6595b64144ccf1df_6.0.10586.589_none_a2ddb3caa539acce\COMCTL32.dll
0x00007fffc2fe0000 - 0x00007fffc325d000 	C:\WINDOWS\system32\combase.dll
0x00007fffbfdf0000 - 0x00007fffbfe5a000 	C:\WINDOWS\system32\bcryptPrimitives.dll
0x00007fffc1080000 - 0x00007fffc10bb000 	C:\WINDOWS\system32\IMM32.DLL
0x0000000074220000 - 0x00000000742f2000 	D:\JAVA_enviroment\jre\bin\msvcr100.dll
0x0000000074780000 - 0x0000000075013000 	D:\JAVA_enviroment\jre\bin\server\jvm.dll
0x00007fffc0da0000 - 0x00007fffc0da8000 	C:\WINDOWS\system32\PSAPI.DLL
0x00007fffbd2d0000 - 0x00007fffbd2d9000 	C:\WINDOWS\SYSTEM32\WSOCK32.dll
0x00007fffc0f30000 - 0x00007fffc0f9b000 	C:\WINDOWS\system32\WS2_32.dll
0x00007fffbdfd0000 - 0x00007fffbdff3000 	C:\WINDOWS\SYSTEM32\WINMM.dll
0x00007fffbbec0000 - 0x00007fffbbeca000 	C:\WINDOWS\SYSTEM32\VERSION.dll
0x00007fffbdf70000 - 0x00007fffbdf9c000 	C:\WINDOWS\SYSTEM32\WINMMBASE.dll
0x00007fffc0a00000 - 0x00007fffc0a43000 	C:\WINDOWS\system32\cfgmgr32.dll
0x0000000074690000 - 0x000000007469f000 	D:\JAVA_enviroment\jre\bin\verify.dll
0x0000000074660000 - 0x0000000074689000 	D:\JAVA_enviroment\jre\bin\java.dll
0x0000000074640000 - 0x0000000074656000 	D:\JAVA_enviroment\jre\bin\zip.dll
0x00007fffc13a0000 - 0x00007fffc28fc000 	C:\WINDOWS\system32\SHELL32.dll
0x00007fffc0050000 - 0x00007fffc0695000 	C:\WINDOWS\system32\windows.storage.dll
0x00007fffc0e30000 - 0x00007fffc0e82000 	C:\WINDOWS\system32\shlwapi.dll
0x00007fffbfd80000 - 0x00007fffbfd8f000 	C:\WINDOWS\system32\kernel.appcore.dll
0x00007fffc06a0000 - 0x00007fffc0755000 	C:\WINDOWS\system32\shcore.dll
0x00007fffbfd90000 - 0x00007fffbfddb000 	C:\WINDOWS\system32\powrprof.dll
0x00007fffbfd60000 - 0x00007fffbfd74000 	C:\WINDOWS\system32\profapi.dll

VM Arguments:
jvm_args: -Djava.awt.headless=true -Xmx1024M -Dfile.encoding=GBK -Duser.country=CN -Duser.language=zh -Duser.variant 
java_command: com.android.dx.command.Main --dex --force-jumbo --num-threads=4 --multi-dex --output D:\workspace1\FastSport\app\build\intermediates\transforms\dex\debug\folders\1000\10\com.android.support-support-media-compat-24.2.1_7903e451e40c4877b6e5b080f24f43cc726b3158 D:\workspace1\FastSport\app\build\intermediates\exploded-aar\com.android.support\support-media-compat\24.2.1\jars\classes.jar
java_class_path (initial): D:\AndroidStdio_sdk\sdk\build-tools\24.0.0\lib\dx.jar
Launcher Type: SUN_STANDARD

Environment Variables:
JAVA_HOME=D:\JAVA_enviroment
PATH=C:\ProgramData\Oracle\Java\javapath;C:\WINDOWS\system32;C:\WINDOWS;C:\WINDOWS\System32\Wbem;C:\WINDOWS\System32\WindowsPowerShell\v1.0\;D:\JAVA_enviroment\bin;D:\JAVA_enviroment\jre\bin;D:\android_sdk\sdk\tools;C:\Program Files (x86)\NVIDIA Corporation\PhysX\Common;D:\AndroidStdio_sdk\sdk\tools;C:\Program Files (x86)\Microsoft SQL Server\100\Tools\Binn\;C:\Program Files\Microsoft SQL Server\100\Tools\Binn\;C:\Program Files\Microsoft SQL Server\100\DTS\Binn\;C:\Program Files (x86)\Microsoft SQL Server\100\Tools\Binn\VSShell\Common7\IDE\;C:\Program Files (x86)\Microsoft Visual Studio 9.0\Common7\IDE\PrivateAssemblies\;C:\Program Files (x86)\Microsoft SQL Server\100\DTS\Binn\;D:\android_sdk\sdk\platform-tools;D:\android_sdk\sdk\tools
USERNAME=Administrator
OS=Windows_NT
PROCESSOR_IDENTIFIER=Intel64 Family 6 Model 58 Stepping 9, GenuineIntel



---------------  S Y S T E M  ---------------

OS: Windows 10.0 , 64 bit Build 10586 (10.0.10586.589)

CPU:total 4 (2 cores per cpu, 2 threads per core) family 6 model 58 stepping 9, cmov, cx8, fxsr, mmx, sse, sse2, sse3, ssse3, sse4.1, sse4.2, popcnt, avx, aes, clmul, erms, ht, tsc, tscinvbit, tscinv

Memory: 4k page, physical 8271404k(723964k free), swap 8271404k(6496k free)

vm_info: Java HotSpot(TM) 64-Bit Server VM (25.91-b14) for windows-amd64 JRE (1.8.0_91-b14), built on Apr  1 2016 00:58:32 by "java_re" with MS VC++ 10.0 (VS2010)

time: Sat Oct 01 16:35:45 2016
elapsed time: 12 seconds (0d 0h 0m 12s)

