#
# There is insufficient memory for the Java Runtime Environment to continue.
# Native memory allocation (malloc) failed to allocate 304816 bytes for Chunk::new
# Possible reasons:
#   The system is out of physical RAM or swap space
#   In 32 bit mode, the process size limit was hit
# Possible solutions:
#   Reduce memory load on the system
#   Increase physical memory or swap space
#   Check if swap backing store is full
#   Use 64 bit Java on a 64 bit OS
#   Decrease Java heap size (-Xmx/-Xms)
#   Decrease number of Java threads
#   Decrease Java thread stack sizes (-Xss)
#   Set larger code cache with -XX:ReservedCodeCacheSize=
# This output file may be truncated or incomplete.
#
#  Out of Memory Error (allocation.cpp:390), pid=10588, tid=4624
#
# JRE version: Java(TM) SE Runtime Environment (8.0_91-b14) (build 1.8.0_91-b14)
# Java VM: Java HotSpot(TM) 64-Bit Server VM (25.91-b14 mixed mode windows-amd64 compressed oops)
# Failed to write core dump. Minidumps are not enabled by default on client versions of Windows
#

---------------  T H R E A D  ---------------

Current thread (0x0000000015a69800):  JavaThread "C2 CompilerThread0" daemon [_thread_in_native, id=4624, stack(0x0000000017370000,0x0000000017470000)]

Stack: [0x0000000017370000,0x0000000017470000]
[error occurred during error reporting (printing stack bounds), id 0xc0000005]

Native frames: (J=compiled Java code, j=interpreted, Vv=VM code, C=native code)


Current CompileTask:
C2:   5106  733   !   4       com.android.dx.rop.code.RegisterSpec::intern (70 bytes)


---------------  P R O C E S S  ---------------

Java Threads: ( => current thread )
  0x0000000016ffb000 JavaThread "pool-1-thread-4" [_thread_in_Java, id=4656, stack(0x0000000017c70000,0x0000000017d70000)]
  0x0000000016ed4800 JavaThread "pool-1-thread-3" [_thread_in_Java, id=11512, stack(0x0000000017b70000,0x0000000017c70000)]
  0x0000000016ed4000 JavaThread "pool-1-thread-2" [_thread_in_Java, id=9180, stack(0x0000000017a70000,0x0000000017b70000)]
  0x0000000016ed1000 JavaThread "pool-2-thread-1" [_thread_blocked, id=5256, stack(0x0000000017970000,0x0000000017a70000)]
  0x0000000016ed0800 JavaThread "pool-1-thread-1" [_thread_in_Java, id=11924, stack(0x0000000017870000,0x0000000017970000)]
  0x0000000016dca800 JavaThread "Service Thread" daemon [_thread_blocked, id=6712, stack(0x0000000017670000,0x0000000017770000)]
  0x0000000016dc7000 JavaThread "C1 CompilerThread2" daemon [_thread_in_native, id=1600, stack(0x0000000017570000,0x0000000017670000)]
  0x0000000015a6c000 JavaThread "C2 CompilerThread1" daemon [_thread_in_native, id=10064, stack(0x0000000017470000,0x0000000017570000)]
=>0x0000000015a69800 JavaThread "C2 CompilerThread0" daemon [_thread_in_native, id=4624, stack(0x0000000017370000,0x0000000017470000)]
  0x0000000015a1d000 JavaThread "Attach Listener" daemon [_thread_blocked, id=13072, stack(0x0000000017270000,0x0000000017370000)]
  0x0000000015a1c000 JavaThread "Signal Dispatcher" daemon [_thread_blocked, id=9192, stack(0x0000000017170000,0x0000000017270000)]
  0x00000000159fa000 JavaThread "Finalizer" daemon [_thread_blocked, id=9812, stack(0x0000000016c70000,0x0000000016d70000)]
  0x00000000159d9000 JavaThread "Reference Handler" daemon [_thread_blocked, id=12848, stack(0x0000000016b70000,0x0000000016c70000)]
  0x0000000003240800 JavaThread "main" [_thread_in_vm, id=11928, stack(0x0000000003080000,0x0000000003180000)]

Other Threads:
  0x00000000159d7000 VMThread [stack: 0x0000000016a70000,0x0000000016b70000] [id=9664]
  0x0000000016ddf000 WatcherThread [stack: 0x0000000017770000,0x0000000017870000] [id=11320]

VM state:not at safepoint (normal execution)

VM Mutex/Monitor currently owned by a thread: None

Heap:
 PSYoungGen      total 38400K, used 15984K [0x00000000eab00000, 0x00000000ed580000, 0x0000000100000000)
  eden space 33280K, 48% used [0x00000000eab00000,0x00000000eba9c3b0,0x00000000ecb80000)
  from space 5120K, 0% used [0x00000000ed080000,0x00000000ed080000,0x00000000ed580000)
  to   space 5120K, 0% used [0x00000000ecb80000,0x00000000ecb80000,0x00000000ed080000)
 ParOldGen       total 87552K, used 0K [0x00000000c0000000, 0x00000000c5580000, 0x00000000eab00000)
  object space 87552K, 0% used [0x00000000c0000000,0x00000000c0000000,0x00000000c5580000)
 Metaspace       used 5600K, capacity 6640K, committed 6784K, reserved 1056768K
  class space    used 584K, capacity 616K, committed 640K, reserved 1048576K

Card table byte_map: [0x0000000012700000,0x0000000012910000] byte_map_base: 0x0000000012100000

Marking Bits: (ParMarkBitMap*) 0x0000000060552f70
 Begin Bits: [0x0000000012e70000, 0x0000000013e70000)
 End Bits:   [0x0000000013e70000, 0x0000000014e70000)

Polling page: 0x0000000001450000

CodeCache: size=245760Kb used=3043Kb max_used=3051Kb free=242716Kb
 bounds [0x0000000003340000, 0x0000000003640000, 0x0000000012340000]
 total_blobs=1011 nmethods=745 adapters=178
 compilation: enabled

Compilation events (10 events):
Event: 5.090 Thread 0x0000000016dc7000  736       3       com.android.dx.ssa.SsaRenamer$BlockRenamer$1::<init> (10 bytes)
Event: 5.090 Thread 0x0000000016dc7000 nmethod 736 0x0000000003633c90 code [0x0000000003633de0, 0x0000000003633fb0]
Event: 5.090 Thread 0x0000000016dc7000  737       3       com.android.dx.ssa.SsaRenamer$BlockRenamer::process (191 bytes)
Event: 5.091 Thread 0x0000000015a6c000 nmethod 731 0x0000000003634050 code [0x00000000036341e0, 0x0000000003634738]
Event: 5.092 Thread 0x0000000015a6c000  743       4       com.android.dx.rop.type.Type::equals (31 bytes)
Event: 5.095 Thread 0x0000000015a6c000 nmethod 743 0x0000000003630b10 code [0x0000000003630c60, 0x0000000003630dd8]
Event: 5.096 Thread 0x0000000016dc7000 nmethod 737 0x0000000003634cd0 code [0x0000000003635000, 0x0000000003636aa8]
Event: 5.096 Thread 0x0000000016dc7000  738       3       com.android.dx.ssa.SsaRenamer$BlockRenamer::updateSuccessorPhis (64 bytes)
Event: 5.098 Thread 0x0000000016dc7000 nmethod 738 0x0000000003632b10 code [0x0000000003632d20, 0x0000000003633688]
Event: 5.098 Thread 0x0000000016dc7000  745       3       com.android.dx.ssa.SsaRenamer$BlockRenamer$1::visitPhiInsn (60 bytes)

GC Heap History (0 events):
No events

Deoptimization events (2 events):
Event: 4.849 Thread 0x0000000016ed4000 Uncommon trap: reason=unstable_if action=reinterpret pc=0x00000000035276d0 method=java.util.HashMap.getNode(ILjava/lang/Object;)Ljava/util/HashMap$Node; @ 129
Event: 4.855 Thread 0x0000000016ed4000 Uncommon trap: reason=unstable_if action=reinterpret pc=0x000000000358dd34 method=java.util.BitSet.ensureCapacity(I)V @ 6

Internal exceptions (2 events):
Event: 0.202 Thread 0x0000000003240800 Exception <a 'java/lang/NoSuchMethodError': Method sun.misc.Unsafe.defineClass(Ljava/lang/String;[BII)Ljava/lang/Class; name or signature does not match> (0x00000000eab07cc0) thrown at [C:\re\workspace\8-2-build-windows-amd64-cygwin\jdk8u91\6644\hotspot\srïzg†ƒåÉ?
Event: 0.202 Thread 0x0000000003240800 Exception <a 'java/lang/NoSuchMethodError': Method sun.misc.Unsafe.prefetchRead(Ljava/lang/Object;J)V name or signature does not match> (0x00000000eab07fa8) thrown at [C:\re\workspace\8-2-build-windows-amd64-cygwin\jdk8u91\6644\hotspot\src\share\vm\prims\j

Events (10 events):
Event: 4.587 loading class java/util/ArrayList$1
Event: 4.587 loading class java/util/ArrayList$1 done
Event: 4.849 Thread 0x0000000016ed4000 Uncommon trap: trap_request=0xffffff65 fr.pc=0x00000000035276d0
Event: 4.849 Thread 0x0000000016ed4000 DEOPT PACKING pc=0x00000000035276d0 sp=0x0000000017b6de20
Event: 4.849 Thread 0x0000000016ed4000 DEOPT UNPACKING pc=0x000000000338582a sp=0x0000000017b6dd98 mode 2
Event: 4.855 Thread 0x0000000016ed4000 Uncommon trap: trap_request=0xffffff65 fr.pc=0x000000000358dd34
Event: 4.855 Thread 0x0000000016ed4000 DEOPT PACKING pc=0x000000000358dd34 sp=0x0000000017b6e670
Event: 4.855 Thread 0x0000000016ed4000 DEOPT UNPACKING pc=0x000000000338582a sp=0x0000000017b6e558 mode 2
Event: 4.866 loading class com/android/dx/dex/file/FieldAnnotationStruct
Event: 4.866 loading class com/android/dx/dex/file/FieldAnnotationStruct done


Dynamic libraries:
0x00007ff7b44c0000 - 0x00007ff7b44f7000 	D:\JAVA_enviroment\bin\java.exe
0x00007ff95ac10000 - 0x00007ff95ade1000 	C:\WINDOWS\SYSTEM32\ntdll.dll
0x00007ff958670000 - 0x00007ff95871b000 	C:\WINDOWS\System32\KERNEL32.DLL
0x00007ff957990000 - 0x00007ff957bad000 	C:\WINDOWS\System32\KERNELBASE.dll
0x00007ff9590e0000 - 0x00007ff959182000 	C:\WINDOWS\System32\ADVAPI32.dll
0x00007ff958dc0000 - 0x00007ff958e5e000 	C:\WINDOWS\System32\msvcrt.dll
0x00007ff9588b0000 - 0x00007ff958909000 	C:\WINDOWS\System32\sechost.dll
0x00007ff958720000 - 0x00007ff958841000 	C:\WINDOWS\System32\RPCRT4.dll
0x00007ff958f70000 - 0x00007ff9590d5000 	C:\WINDOWS\System32\USER32.dll
0x00007ff957bb0000 - 0x00007ff957bce000 	C:\WINDOWS\System32\win32u.dll
0x00007ff959220000 - 0x00007ff959254000 	C:\WINDOWS\System32\GDI32.dll
0x00007ff957bd0000 - 0x00007ff957d52000 	C:\WINDOWS\System32\gdi32full.dll
0x00007ff952340000 - 0x00007ff9525ba000 	C:\WINDOWS\WinSxS\amd64_microsoft.windows.common-controls_6595b64144ccf1df_6.0.14393.351_none_4213128bc687e6d3\COMCTL32.dll
0x00007ff9582e0000 - 0x00007ff9585a7000 	C:\WINDOWS\System32\combase.dll
0x00007ff9580a0000 - 0x00007ff958195000 	C:\WINDOWS\System32\ucrtbase.dll
0x00007ff957f90000 - 0x00007ff957ffa000 	C:\WINDOWS\System32\bcryptPrimitives.dll
0x00007ff95abe0000 - 0x00007ff95ac0e000 	C:\WINDOWS\System32\IMM32.DLL
0x000000005f6b0000 - 0x000000005f782000 	D:\JAVA_enviroment\jre\bin\msvcr100.dll
0x000000005fd40000 - 0x00000000605d3000 	D:\JAVA_enviroment\jre\bin\server\jvm.dll
0x00007ff958910000 - 0x00007ff958918000 	C:\WINDOWS\System32\PSAPI.DLL
0x00007ff954250000 - 0x00007ff954259000 	C:\WINDOWS\SYSTEM32\WSOCK32.dll
0x00007ff958920000 - 0x00007ff95898a000 	C:\WINDOWS\System32\WS2_32.dll
0x00007ff9553e0000 - 0x00007ff955403000 	C:\WINDOWS\SYSTEM32\WINMM.dll
0x00007ff953790000 - 0x00007ff95379a000 	C:\WINDOWS\SYSTEM32\VERSION.dll
0x00007ff955380000 - 0x00007ff9553ab000 	C:\WINDOWS\SYSTEM32\WINMMBASE.dll
0x00007ff957100000 - 0x00007ff957142000 	C:\WINDOWS\System32\cfgmgr32.dll
0x00000000606c0000 - 0x00000000606cf000 	D:\JAVA_enviroment\jre\bin\verify.dll
0x0000000060690000 - 0x00000000606b9000 	D:\JAVA_enviroment\jre\bin\java.dll
0x0000000060670000 - 0x0000000060686000 	D:\JAVA_enviroment\jre\bin\zip.dll
0x00007ff9594d0000 - 0x00007ff95a9d9000 	C:\WINDOWS\System32\SHELL32.dll
0x00007ff957150000 - 0x00007ff95782a000 	C:\WINDOWS\System32\windows.storage.dll
0x00007ff957090000 - 0x00007ff9570dc000 	C:\WINDOWS\System32\powrprof.dll
0x00007ff958850000 - 0x00007ff9588a2000 	C:\WINDOWS\System32\shlwapi.dll
0x00007ff957080000 - 0x00007ff95708f000 	C:\WINDOWS\System32\kernel.appcore.dll
0x00007ff957830000 - 0x00007ff9578d9000 	C:\WINDOWS\System32\shcore.dll
0x00007ff9570e0000 - 0x00007ff9570f4000 	C:\WINDOWS\System32\profapi.dll

VM Arguments:
jvm_args: -Djava.awt.headless=true -Xmx1024M -Dfile.encoding=GBK -Duser.country=CN -Duser.language=zh -Duser.variant 
java_command: com.android.dx.command.Main --dex --force-jumbo --num-threads=4 --output D:\workspace1\FastSport\app\build\intermediates\pre-dexed\debug\internal_impl-24.2.1_99455f2c24069f6e05f77026c69c9668c85b30ac.jar D:\workspace1\FastSport\app\build\intermediates\exploded-aar\com.android.support\support-core-utils\24.2.1\jars\libs\internal_impl-24.2.1.jar
java_class_path (initial): D:\AndroidStdio_sdk\sdk\build-tools\24.0.0\lib\dx.jar
Launcher Type: SUN_STANDARD

Environment Variables:
JAVA_HOME=D:\JAVA_enviroment
PATH=C:\ProgramData\Oracle\Java\javapath;C:\WINDOWS\system32;C:\WINDOWS;C:\WINDOWS\System32\Wbem;C:\WINDOWS\System32\WindowsPowerShell\v1.0\;D:\JAVA_enviroment\bin;D:\JAVA_enviroment\jre\bin;D:\android_sdk\sdk\tools;C:\Program Files (x86)\NVIDIA Corporation\PhysX\Common;D:\AndroidStdio_sdk\sdk\tools;C:\Program Files (x86)\Microsoft SQL Server\100\Tools\Binn\;C:\Program Files\Microsoft SQL Server\100\Tools\Binn\;C:\Program Files\Microsoft SQL Server\100\DTS\Binn\;C:\Program Files (x86)\Microsoft SQL Server\100\Tools\Binn\VSShell\Common7\IDE\;C:\Program Files (x86)\Microsoft Visual Studio 9.0\Common7\IDE\PrivateAssemblies\;C:\Program Files (x86)\Microsoft SQL Server\100\DTS\Binn\;D:\android_sdk\sdk\platform-tools;D:\android_sdk\sdk\tools;C:\WINDOWS\system32;C:\WINDOWS;C:\WINDOWS\System32\Wbem;C:\WINDOWS\System32\WindowsPowerShell\v1.0\;C:\Users\Administrator\AppData\Local\Microsoft\WindowsApps;
USERNAME=Administrator
OS=Windows_NT
PROCESSOR_IDENTIFIER=Intel64 Family 6 Model 58 Stepping 9, GenuineIntel



---------------  S Y S T E M  ---------------

OS: Windows 10.0 , 64 bit Build 14393 (10.0.14393.0)

CPU:total 4 (2 cores per cpu, 2 threads per core) family 6 model 58 stepping 9, cmov, cx8, fxsr, mmx, sse, sse2, sse3, ssse3, sse4.1, sse4.2, popcnt, avx, aes, clmul, erms, ht, tsc, tscinvbit, tscinv

Memory: 4k page, physical 8271404k(1059392k free), swap 8271404k(4116k free)

vm_info: Java HotSpot(TM) 64-Bit Server VM (25.91-b14) for windows-amd64 JRE (1.8.0_91-b14), built on Apr  1 2016 00:58:32 by "java_re" with MS VC++ 10.0 (VS2010)

time: Fri Nov 04 20:32:15 2016
elapsed time: 5 seconds (0d 0h 0m 5s)

