#
# There is insufficient memory for the Java Runtime Environment to continue.
# Native memory allocation (malloc) failed to allocate 577296 bytes for Chunk::new
# Possible reasons:
#   The system is out of physical RAM or swap space
#   In 32 bit mode, the process size limit was hit
# Possible solutions:
#   Reduce memory load on the system
#   Increase physical memory or swap space
#   Check if swap backing store is full
#   Use 64 bit Java on a 64 bit OS
#   Decrease Java heap size (-Xmx/-Xms)
#   Decrease number of Java threads
#   Decrease Java thread stack sizes (-Xss)
#   Set larger code cache with -XX:ReservedCodeCacheSize=
# This output file may be truncated or incomplete.
#
#  Out of Memory Error (allocation.cpp:390), pid=12260, tid=1684
#
# JRE version: Java(TM) SE Runtime Environment (8.0_91-b14) (build 1.8.0_91-b14)
# Java VM: Java HotSpot(TM) 64-Bit Server VM (25.91-b14 mixed mode windows-amd64 compressed oops)
# Failed to write core dump. Minidumps are not enabled by default on client versions of Windows
#

---------------  T H R E A D  ---------------

Current thread (0x000000001585d000):  JavaThread "C2 CompilerThread1" daemon [_thread_in_native, id=1684, stack(0x0000000017260000,0x0000000017360000)]

Stack: [0x0000000017260000,0x0000000017360000]
[error occurred during error reporting (printing stack bounds), id 0xc0000005]

Native frames: (J=compiled Java code, j=interpreted, Vv=VM code, C=native code)


Current CompileTask:
C2:   7201 1920       4       com.android.dx.ssa.SsaBasicBlock::newFromRop (183 bytes)


---------------  P R O C E S S  ---------------

Java Threads: ( => current thread )
  0x0000000016e75000 JavaThread "pool-1-thread-4" [_thread_blocked, id=11240, stack(0x0000000017a60000,0x0000000017b60000)]
  0x0000000016e33800 JavaThread "pool-1-thread-3" [_thread_blocked, id=7660, stack(0x0000000017960000,0x0000000017a60000)]
  0x0000000016e2e000 JavaThread "pool-1-thread-2" [_thread_in_Java, id=3860, stack(0x0000000017860000,0x0000000017960000)]
  0x0000000016e22800 JavaThread "pool-2-thread-1" [_thread_blocked, id=11888, stack(0x0000000017760000,0x0000000017860000)]
  0x0000000016e22000 JavaThread "pool-1-thread-1" [_thread_blocked, id=11664, stack(0x0000000017660000,0x0000000017760000)]
  0x0000000016bbd800 JavaThread "Service Thread" daemon [_thread_blocked, id=5348, stack(0x0000000017460000,0x0000000017560000)]
  0x0000000016bb8800 JavaThread "C1 CompilerThread2" daemon [_thread_blocked, id=6300, stack(0x0000000017360000,0x0000000017460000)]
=>0x000000001585d000 JavaThread "C2 CompilerThread1" daemon [_thread_in_native, id=1684, stack(0x0000000017260000,0x0000000017360000)]
  0x000000001585b000 JavaThread "C2 CompilerThread0" daemon [_thread_in_native, id=2156, stack(0x0000000017160000,0x0000000017260000)]
  0x000000001580d000 JavaThread "Attach Listener" daemon [_thread_blocked, id=2732, stack(0x0000000017060000,0x0000000017160000)]
  0x0000000015859800 JavaThread "Signal Dispatcher" daemon [_thread_blocked, id=204, stack(0x0000000016f60000,0x0000000017060000)]
  0x00000000157ea000 JavaThread "Finalizer" daemon [_thread_blocked, id=7028, stack(0x0000000016a60000,0x0000000016b60000)]
  0x00000000157c9000 JavaThread "Reference Handler" daemon [_thread_blocked, id=4232, stack(0x0000000016960000,0x0000000016a60000)]
  0x0000000002f40800 JavaThread "main" [_thread_blocked, id=3220, stack(0x0000000002a40000,0x0000000002b40000)]

Other Threads:
  0x00000000157c7000 VMThread [stack: 0x0000000016860000,0x0000000016960000] [id=10612]
  0x0000000016bed000 WatcherThread [stack: 0x0000000017560000,0x0000000017660000] [id=10904]

VM state:not at safepoint (normal execution)

VM Mutex/Monitor currently owned by a thread: None

Heap:
 PSYoungGen      total 71680K, used 6688K [0x00000000eab00000, 0x00000000ef600000, 0x0000000100000000)
  eden space 66560K, 2% used [0x00000000eab00000,0x00000000eac8afa8,0x00000000eec00000)
  from space 5120K, 99% used [0x00000000ef100000,0x00000000ef5fd0c8,0x00000000ef600000)
  to   space 5120K, 0% used [0x00000000eec00000,0x00000000eec00000,0x00000000ef100000)
 ParOldGen       total 87552K, used 15069K [0x00000000c0000000, 0x00000000c5580000, 0x00000000eab00000)
  object space 87552K, 17% used [0x00000000c0000000,0x00000000c0eb7720,0x00000000c5580000)
 Metaspace       used 6273K, capacity 7152K, committed 7296K, reserved 1056768K
  class space    used 593K, capacity 616K, committed 640K, reserved 1048576K

Card table byte_map: [0x00000000124f0000,0x0000000012700000] byte_map_base: 0x0000000011ef0000

Marking Bits: (ParMarkBitMap*) 0x0000000063312f70
 Begin Bits: [0x0000000012c60000, 0x0000000013c60000)
 End Bits:   [0x0000000013c60000, 0x0000000014c60000)

Polling page: 0x0000000000ea0000

CodeCache: size=245760Kb used=7942Kb max_used=7955Kb free=237817Kb
 bounds [0x0000000003130000, 0x0000000003900000, 0x0000000012130000]
 total_blobs=2133 nmethods=1867 adapters=178
 compilation: enabled

Compilation events (10 events):
Event: 6.653 Thread 0x0000000016bb8800 1923       3       java.util.concurrent.locks.AbstractQueuedSynchronizer::transferForSignal (45 bytes)
Event: 6.654 Thread 0x0000000016bb8800 nmethod 1923 0x00000000038caed0 code [0x00000000038cb060, 0x00000000038cb538]
Event: 6.654 Thread 0x000000001585d000 nmethod 1904 0x00000000038f93d0 code [0x00000000038f9660, 0x00000000038fb1e0]
Event: 6.654 Thread 0x000000001585d000 1920       4       com.android.dx.ssa.SsaBasicBlock::newFromRop (183 bytes)
Event: 6.656 Thread 0x0000000016bb8800 1924   !   3       java.util.concurrent.ArrayBlockingQueue::take (46 bytes)
Event: 6.657 Thread 0x0000000016bb8800 nmethod 1924 0x00000000038c9c10 code [0x00000000038c9e20, 0x00000000038ca918]
Event: 6.659 Thread 0x000000001585b000 nmethod 1911 0x00000000038cdc10 code [0x00000000038cdd80, 0x00000000038ce418]
Event: 6.659 Thread 0x000000001585b000 1921       4       com.android.dx.ssa.SsaMethod::indexListFromLabelList (47 bytes)
Event: 7.191 Thread 0x000000001585b000 nmethod 1921 0x00000000038ccd10 code [0x00000000038cce80, 0x00000000038cd638]
Event: 7.191 Thread 0x000000001585b000 1925       4       com.android.dx.cf.code.Simulator$SimVisitor::visitConstant (332 bytes)

GC Heap History (8 events):
Event: 1.332 GC heap before
{Heap before GC invocations=1 (full 0):
 PSYoungGen      total 38400K, used 33280K [0x00000000eab00000, 0x00000000ed580000, 0x0000000100000000)
  eden space 33280K, 100% used [0x00000000eab00000,0x00000000ecb80000,0x00000000ecb80000)
  from space 5120K, 0% used [0x00000000ed080000,0x00000000ed080000,0x00000000ed580000)
  to   space 5120K, 0% used [0x00000000ecb80000,0x00000000ecb80000,0x00000000ed080000)
 ParOldGen       total 87552K, used 0K [0x00000000c0000000, 0x00000000c5580000, 0x00000000eab00000)
  object space 87552K, 0% used [0x00000000c0000000,0x00000000c0000000,0x00000000c5580000)
 Metaspace       used 5896K, capacity 6896K, committed 7040K, reserved 1056768K
  class space    used 592K, capacity 616K, committed 640K, reserved 1048576K
Event: 1.341 GC heap after
Heap after GC invocations=1 (full 0):
 PSYoungGen      total 38400K, used 5096K [0x00000000eab00000, 0x00000000ed580000, 0x0000000100000000)
  eden space 33280K, 0% used [0x00000000eab00000,0x00000000eab00000,0x00000000ecb80000)
  from space 5120K, 99% used [0x00000000ecb80000,0x00000000ed07a078,0x00000000ed080000)
  to   space 5120K, 0% used [0x00000000ed080000,0x00000000ed080000,0x00000000ed580000)
 ParOldGen       total 87552K, used 681K [0x00000000c0000000, 0x00000000c5580000, 0x00000000eab00000)
  object space 87552K, 0% used [0x00000000c0000000,0x00000000c00aa6c0,0x00000000c5580000)
 Metaspace       used 5896K, capacity 6896K, committed 7040K, reserved 1056768K
  class space    used 592K, capacity 616K, committed 640K, reserved 1048576K
}
Event: 2.587 GC heap before
{Heap before GC invocations=2 (full 0):
 PSYoungGen      total 38400K, used 38376K [0x00000000eab00000, 0x00000000ed580000, 0x0000000100000000)
  eden space 33280K, 100% used [0x00000000eab00000,0x00000000ecb80000,0x00000000ecb80000)
  from space 5120K, 99% used [0x00000000ecb80000,0x00000000ed07a078,0x00000000ed080000)
  to   space 5120K, 0% used [0x00000000ed080000,0x00000000ed080000,0x00000000ed580000)
 ParOldGen       total 87552K, used 681K [0x00000000c0000000, 0x00000000c5580000, 0x00000000eab00000)
  object space 87552K, 0% used [0x00000000c0000000,0x00000000c00aa6c0,0x00000000c5580000)
 Metaspace       used 6143K, capacity 7088K, committed 7296K, reserved 1056768K
  class space    used 592K, capacity 616K, committed 640K, reserved 1048576K
Event: 2.786 GC heap after
Heap after GC invocations=2 (full 0):
 PSYoungGen      total 38400K, used 5096K [0x00000000eab00000, 0x00000000ef600000, 0x0000000100000000)
  eden space 33280K, 0% used [0x00000000eab00000,0x00000000eab00000,0x00000000ecb80000)
  from space 5120K, 99% used [0x00000000ed080000,0x00000000ed57a048,0x00000000ed580000)
  to   space 5120K, 0% used [0x00000000ecb80000,0x00000000ecb80000,0x00000000ed080000)
 ParOldGen       total 87552K, used 4513K [0x00000000c0000000, 0x00000000c5580000, 0x00000000eab00000)
  object space 87552K, 5% used [0x00000000c0000000,0x00000000c0468538,0x00000000c5580000)
 Metaspace       used 6143K, capacity 7088K, committed 7296K, reserved 1056768K
  class space    used 592K, capacity 616K, committed 640K, reserved 1048576K
}
Event: 4.403 GC heap before
{Heap before GC invocations=3 (full 0):
 PSYoungGen      total 38400K, used 38376K [0x00000000eab00000, 0x00000000ef600000, 0x0000000100000000)
  eden space 33280K, 100% used [0x00000000eab00000,0x00000000ecb80000,0x00000000ecb80000)
  from space 5120K, 99% used [0x00000000ed080000,0x00000000ed57a048,0x00000000ed580000)
  to   space 5120K, 0% used [0x00000000ecb80000,0x00000000ecb80000,0x00000000ed080000)
 ParOldGen       total 87552K, used 4513K [0x00000000c0000000, 0x00000000c5580000, 0x00000000eab00000)
  object space 87552K, 5% used [0x00000000c0000000,0x00000000c0468538,0x00000000c5580000)
 Metaspace       used 6210K, capacity 7152K, committed 7296K, reserved 1056768K
  class space    used 592K, capacity 616K, committed 640K, reserved 1048576K
Event: 5.202 GC heap after
Heap after GC invocations=3 (full 0):
 PSYoungGen      total 38400K, used 5092K [0x00000000eab00000, 0x00000000ef600000, 0x0000000100000000)
  eden space 33280K, 0% used [0x00000000eab00000,0x00000000eab00000,0x00000000ecb80000)
  from space 5120K, 99% used [0x00000000ecb80000,0x00000000ed0790d8,0x00000000ed080000)
  to   space 5120K, 0% used [0x00000000ef100000,0x00000000ef100000,0x00000000ef600000)
 ParOldGen       total 87552K, used 10189K [0x00000000c0000000, 0x00000000c5580000, 0x00000000eab00000)
  object space 87552K, 11% used [0x00000000c0000000,0x00000000c09f35f0,0x00000000c5580000)
 Metaspace       used 6210K, capacity 7152K, committed 7296K, reserved 1056768K
  class space    used 592K, capacity 616K, committed 640K, reserved 1048576K
}
Event: 6.663 GC heap before
{Heap before GC invocations=4 (full 0):
 PSYoungGen      total 38400K, used 38372K [0x00000000eab00000, 0x00000000ef600000, 0x0000000100000000)
  eden space 33280K, 100% used [0x00000000eab00000,0x00000000ecb80000,0x00000000ecb80000)
  from space 5120K, 99% used [0x00000000ecb80000,0x00000000ed0790d8,0x00000000ed080000)
  to   space 5120K, 0% used [0x00000000ef100000,0x00000000ef100000,0x00000000ef600000)
 ParOldGen       total 87552K, used 10189K [0x00000000c0000000, 0x00000000c5580000, 0x00000000eab00000)
  object space 87552K, 11% used [0x00000000c0000000,0x00000000c09f35f0,0x00000000c5580000)
 Metaspace       used 6273K, capacity 7152K, committed 7296K, reserved 1056768K
  class space    used 593K, capacity 616K, committed 640K, reserved 1048576K
Event: 7.184 GC heap after
Heap after GC invocations=4 (full 0):
 PSYoungGen      total 71680K, used 5108K [0x00000000eab00000, 0x00000000ef600000, 0x0000000100000000)
  eden space 66560K, 0% used [0x00000000eab00000,0x00000000eab00000,0x00000000eec00000)
  from space 5120K, 99% used [0x00000000ef100000,0x00000000ef5fd0c8,0x00000000ef600000)
  to   space 5120K, 0% used [0x00000000eec00000,0x00000000eec00000,0x00000000ef100000)
 ParOldGen       total 87552K, used 15069K [0x00000000c0000000, 0x00000000c5580000, 0x00000000eab00000)
  object space 87552K, 17% used [0x00000000c0000000,0x00000000c0eb7720,0x00000000c5580000)
 Metaspace       used 6273K, capacity 7152K, committed 7296K, reserved 1056768K
  class space    used 593K, capacity 616K, committed 640K, reserved 1048576K
}

Deoptimization events (10 events):
Event: 3.553 Thread 0x0000000016e33800 Uncommon trap: reason=unstable_if action=reinterpret pc=0x000000000378fcd4 method=com.android.dx.ssa.MoveParamCombiner$1.visitNonMoveInsn(Lcom/android/dx/ssa/NormalSsaInsn;)V @ 27
Event: 5.264 Thread 0x0000000002f40800 Uncommon trap: reason=unstable_if action=reinterpret pc=0x0000000003839d08 method=com.android.dx.rop.cst.StdConstantPool.set(ILcom/android/dx/rop/cst/Constant;)V @ 12
Event: 5.337 Thread 0x0000000016e33800 Uncommon trap: reason=bimorphic action=maybe_recompile pc=0x0000000003859fec method=com.android.dx.cf.code.BytecodeArray.parseInstruction(ILcom/android/dx/cf/code/BytecodeArray$Visitor;)I @ 1357
Event: 5.340 Thread 0x0000000016e33800 Uncommon trap: reason=bimorphic action=maybe_recompile pc=0x0000000003859fec method=com.android.dx.cf.code.BytecodeArray.parseInstruction(ILcom/android/dx/cf/code/BytecodeArray$Visitor;)I @ 1357
Event: 5.347 Thread 0x0000000016e75000 Uncommon trap: reason=bimorphic action=maybe_recompile pc=0x0000000003671258 method=java.util.HashMap.getNode(ILjava/lang/Object;)Ljava/util/HashMap$Node; @ 126
Event: 5.355 Thread 0x0000000016e2e000 Uncommon trap: reason=unstable_if action=reinterpret pc=0x0000000003818640 method=com.android.dx.rop.code.RegisterSpec.equals(ILcom/android/dx/rop/type/TypeBearer;Lcom/android/dx/rop/code/LocalItem;)Z @ 42
Event: 5.357 Thread 0x0000000016e2e000 Uncommon trap: reason=bimorphic action=maybe_recompile pc=0x000000000382da50 method=com.android.dx.ssa.LiteralOpUpgrader.tryReplacingWithConstant(Lcom/android/dx/ssa/NormalSsaInsn;)Z @ 62
Event: 5.357 Thread 0x0000000016e2e000 Uncommon trap: reason=unstable_if action=reinterpret pc=0x0000000003835630 method=com.android.dx.ssa.LiteralOpUpgrader$1.visitNonMoveInsn(Lcom/android/dx/ssa/NormalSsaInsn;)V @ 24
Event: 5.363 Thread 0x0000000016e2e000 Uncommon trap: reason=bimorphic action=maybe_recompile pc=0x000000000382da50 method=com.android.dx.ssa.LiteralOpUpgrader.tryReplacingWithConstant(Lcom/android/dx/ssa/NormalSsaInsn;)Z @ 62
Event: 5.870 Thread 0x0000000016e75000 Uncommon trap: reason=bimorphic action=maybe_recompile pc=0x0000000003671258 method=java.util.HashMap.getNode(ILjava/lang/Object;)Ljava/util/HashMap$Node; @ 126

Internal exceptions (3 events):
Event: 0.051 Thread 0x0000000002f40800 Exception <a 'java/lang/NoSuchMethodError': Method sun.misc.Unsafe.defineClass(Ljava/lang/String;[BII)Ljava/lang/Class; name or signature does not match> (0x00000000eab07cc0) thrown at [C:\re\workspace\8-2-build-windows-amd64-cygwin\jdk8u91\6644\hotspot\srÆ"¶^iª?
Event: 0.052 Thread 0x0000000002f40800 Exception <a 'java/lang/NoSuchMethodError': Method sun.misc.Unsafe.prefetchRead(Ljava/lang/Object;J)V name or signature does not match> (0x00000000eab07fa8) thrown at [C:\re\workspace\8-2-build-windows-amd64-cygwin\jdk8u91\6644\hotspot\src\share\vm\prims\jã64ý?
Event: 1.813 Thread 0x0000000016e75000 Implicit null exception at 0x00000000036a1a3d to 0x00000000036a346d

Events (10 events):
Event: 5.363 Thread 0x0000000016e2e000 Uncommon trap: trap_request=0xffffffc6 fr.pc=0x000000000382da50
Event: 5.363 Thread 0x0000000016e2e000 DEOPT PACKING pc=0x000000000382da50 sp=0x000000001795e510
Event: 5.363 Thread 0x0000000016e2e000 DEOPT UNPACKING pc=0x000000000317582a sp=0x000000001795e4b0 mode 2
Event: 5.870 Thread 0x0000000016e75000 Uncommon trap: trap_request=0xffffffc6 fr.pc=0x0000000003671258
Event: 5.870 Thread 0x0000000016e75000 DEOPT PACKING pc=0x0000000003671258 sp=0x0000000017b5e540
Event: 5.870 Thread 0x0000000016e75000 DEOPT UNPACKING pc=0x000000000317582a sp=0x0000000017b5e4c0 mode 2
Event: 6.633 loading class com/android/dx/cf/iface/ParseObserver
Event: 6.633 loading class com/android/dx/cf/iface/ParseObserver done
Event: 6.663 Executing VM operation: ParallelGCFailedAllocation
Event: 7.184 Executing VM operation: ParallelGCFailedAllocation done


Dynamic libraries:
0x00007ff637580000 - 0x00007ff6375b7000 	D:\JAVA_enviroment\bin\java.exe
0x00007ff8fd9a0000 - 0x00007ff8fdb71000 	C:\WINDOWS\SYSTEM32\ntdll.dll
0x00007ff8fb4a0000 - 0x00007ff8fb54b000 	C:\WINDOWS\System32\KERNEL32.DLL
0x00007ff8fa6d0000 - 0x00007ff8fa8ed000 	C:\WINDOWS\System32\KERNELBASE.dll
0x00007ff8fb3f0000 - 0x00007ff8fb492000 	C:\WINDOWS\System32\ADVAPI32.dll
0x00007ff8fd0e0000 - 0x00007ff8fd17e000 	C:\WINDOWS\System32\msvcrt.dll
0x00007ff8fcbd0000 - 0x00007ff8fcc29000 	C:\WINDOWS\System32\sechost.dll
0x00007ff8fd1c0000 - 0x00007ff8fd2e1000 	C:\WINDOWS\System32\RPCRT4.dll
0x00007ff8fd830000 - 0x00007ff8fd995000 	C:\WINDOWS\System32\USER32.dll
0x00007ff8faa60000 - 0x00007ff8faa7e000 	C:\WINDOWS\System32\win32u.dll
0x00007ff8fb3b0000 - 0x00007ff8fb3e4000 	C:\WINDOWS\System32\GDI32.dll
0x00007ff8faa80000 - 0x00007ff8fac02000 	C:\WINDOWS\System32\gdi32full.dll
0x00007ff8f51d0000 - 0x00007ff8f5449000 	C:\WINDOWS\WinSxS\amd64_microsoft.windows.common-controls_6595b64144ccf1df_6.0.14393.0_none_2d0f50fcbdb171b8\COMCTL32.dll
0x00007ff8fccd0000 - 0x00007ff8fcf97000 	C:\WINDOWS\System32\combase.dll
0x00007ff8fa960000 - 0x00007ff8faa55000 	C:\WINDOWS\System32\ucrtbase.dll
0x00007ff8fa8f0000 - 0x00007ff8fa95a000 	C:\WINDOWS\System32\bcryptPrimitives.dll
0x00007ff8fd180000 - 0x00007ff8fd1ae000 	C:\WINDOWS\System32\IMM32.DLL
0x0000000063660000 - 0x0000000063732000 	D:\JAVA_enviroment\jre\bin\msvcr100.dll
0x0000000062b00000 - 0x0000000063393000 	D:\JAVA_enviroment\jre\bin\server\jvm.dll
0x00007ff8fb550000 - 0x00007ff8fb558000 	C:\WINDOWS\System32\PSAPI.DLL
0x00007ff8f70d0000 - 0x00007ff8f70d9000 	C:\WINDOWS\SYSTEM32\WSOCK32.dll
0x00007ff8fb130000 - 0x00007ff8fb19a000 	C:\WINDOWS\System32\WS2_32.dll
0x00007ff8f5890000 - 0x00007ff8f589a000 	C:\WINDOWS\SYSTEM32\VERSION.dll
0x00007ff8f8050000 - 0x00007ff8f8073000 	C:\WINDOWS\SYSTEM32\WINMM.dll
0x00007ff8f7ed0000 - 0x00007ff8f7efb000 	C:\WINDOWS\SYSTEM32\WINMMBASE.dll
0x00007ff8facb0000 - 0x00007ff8facf2000 	C:\WINDOWS\System32\cfgmgr32.dll
0x0000000063d90000 - 0x0000000063d9f000 	D:\JAVA_enviroment\jre\bin\verify.dll
0x0000000063d60000 - 0x0000000063d89000 	D:\JAVA_enviroment\jre\bin\java.dll
0x0000000063d40000 - 0x0000000063d56000 	D:\JAVA_enviroment\jre\bin\zip.dll
0x00007ff8fb6c0000 - 0x00007ff8fcbc8000 	C:\WINDOWS\System32\SHELL32.dll
0x00007ff8f9e90000 - 0x00007ff8fa56a000 	C:\WINDOWS\System32\windows.storage.dll
0x00007ff8f9e20000 - 0x00007ff8f9e6c000 	C:\WINDOWS\System32\powrprof.dll
0x00007ff8fb050000 - 0x00007ff8fb0a2000 	C:\WINDOWS\System32\shlwapi.dll
0x00007ff8f9e00000 - 0x00007ff8f9e0f000 	C:\WINDOWS\System32\kernel.appcore.dll
0x00007ff8fa620000 - 0x00007ff8fa6c9000 	C:\WINDOWS\System32\shcore.dll
0x00007ff8f9e70000 - 0x00007ff8f9e84000 	C:\WINDOWS\System32\profapi.dll

VM Arguments:
jvm_args: -Djava.awt.headless=true -Xmx1024M -Dfile.encoding=GBK -Duser.country=CN -Duser.language=zh -Duser.variant 
java_command: com.android.dx.command.Main --dex --force-jumbo --num-threads=4 --output D:\workspace1\FastSport\app\build\intermediates\pre-dexed\debug\com.android.support-support-compat-24.2.1_7008fbf98dec47f8665bc49a63892efe3387601e.jar D:\workspace1\FastSport\app\build\intermediates\exploded-aar\com.android.support\support-compat\24.2.1\jars\classes.jar
java_class_path (initial): D:\AndroidStdio_sdk\sdk\build-tools\24.0.0\lib\dx.jar
Launcher Type: SUN_STANDARD

Environment Variables:
JAVA_HOME=D:\JAVA_enviroment
PATH=C:\ProgramData\Oracle\Java\javapath;C:\WINDOWS\system32;C:\WINDOWS;C:\WINDOWS\System32\Wbem;C:\WINDOWS\System32\WindowsPowerShell\v1.0\;D:\JAVA_enviroment\bin;D:\JAVA_enviroment\jre\bin;D:\android_sdk\sdk\tools;C:\Program Files (x86)\NVIDIA Corporation\PhysX\Common;D:\AndroidStdio_sdk\sdk\tools;C:\Program Files (x86)\Microsoft SQL Server\100\Tools\Binn\;C:\Program Files\Microsoft SQL Server\100\Tools\Binn\;C:\Program Files\Microsoft SQL Server\100\DTS\Binn\;C:\Program Files (x86)\Microsoft SQL Server\100\Tools\Binn\VSShell\Common7\IDE\;C:\Program Files (x86)\Microsoft Visual Studio 9.0\Common7\IDE\PrivateAssemblies\;C:\Program Files (x86)\Microsoft SQL Server\100\DTS\Binn\;D:\android_sdk\sdk\platform-tools;D:\android_sdk\sdk\tools;C:\WINDOWS\system32;C:\WINDOWS;C:\WINDOWS\System32\Wbem;C:\WINDOWS\System32\WindowsPowerShell\v1.0\;C:\Users\Administrator\AppData\Local\Microsoft\WindowsApps;
USERNAME=Administrator
OS=Windows_NT
PROCESSOR_IDENTIFIER=Intel64 Family 6 Model 58 Stepping 9, GenuineIntel



---------------  S Y S T E M  ---------------

OS: Windows 10.0 , 64 bit Build 14393 (10.0.14393.0)

CPU:total 4 (2 cores per cpu, 2 threads per core) family 6 model 58 stepping 9, cmov, cx8, fxsr, mmx, sse, sse2, sse3, ssse3, sse4.1, sse4.2, popcnt, avx, aes, clmul, erms, ht, tsc, tscinvbit, tscinv

Memory: 4k page, physical 8271404k(1011300k free), swap 8271404k(3064k free)

vm_info: Java HotSpot(TM) 64-Bit Server VM (25.91-b14) for windows-amd64 JRE (1.8.0_91-b14), built on Apr  1 2016 00:58:32 by "java_re" with MS VC++ 10.0 (VS2010)

time: Wed Oct 19 17:08:50 2016
elapsed time: 7 seconds (0d 0h 0m 7s)

