#
# There is insufficient memory for the Java Runtime Environment to continue.
# Native memory allocation (malloc) failed to allocate 32744 bytes for ChunkPool::allocate
# Possible reasons:
#   The system is out of physical RAM or swap space
#   In 32 bit mode, the process size limit was hit
# Possible solutions:
#   Reduce memory load on the system
#   Increase physical memory or swap space
#   Check if swap backing store is full
#   Use 64 bit Java on a 64 bit OS
#   Decrease Java heap size (-Xmx/-Xms)
#   Decrease number of Java threads
#   Decrease Java thread stack sizes (-Xss)
#   Set larger code cache with -XX:ReservedCodeCacheSize=
# This output file may be truncated or incomplete.
#
#  Out of Memory Error (allocation.cpp:273), pid=12856, tid=5596
#
# JRE version: Java(TM) SE Runtime Environment (8.0_91-b14) (build 1.8.0_91-b14)
# Java VM: Java HotSpot(TM) 64-Bit Server VM (25.91-b14 mixed mode windows-amd64 compressed oops)
# Failed to write core dump. Minidumps are not enabled by default on client versions of Windows
#

---------------  T H R E A D  ---------------

Current thread (0x000000001653a800):  JavaThread "C1 CompilerThread2" daemon [_thread_in_native, id=5596, stack(0x0000000016ce0000,0x0000000016de0000)]

Stack: [0x0000000016ce0000,0x0000000016de0000]
[error occurred during error reporting (printing stack bounds), id 0xc0000005]

Native frames: (J=compiled Java code, j=interpreted, Vv=VM code, C=native code)


Current CompileTask:
C1:   2409  640   !   3       com.android.dx.cf.code.BytecodeArray::parseInstruction (2764 bytes)


---------------  P R O C E S S  ---------------

Java Threads: ( => current thread )
  0x00000000166c6000 JavaThread "pool-1-thread-4" [_thread_blocked, id=13716, stack(0x00000000173e0000,0x00000000174e0000)]
  0x00000000166c5000 JavaThread "pool-1-thread-3" [_thread_blocked, id=15088, stack(0x00000000172e0000,0x00000000173e0000)]
  0x00000000166c3000 JavaThread "pool-1-thread-2" [_thread_in_vm, id=2604, stack(0x00000000171e0000,0x00000000172e0000)]
  0x00000000166c0000 JavaThread "pool-2-thread-1" [_thread_blocked, id=13572, stack(0x00000000170e0000,0x00000000171e0000)]
  0x00000000166bf800 JavaThread "pool-1-thread-1" [_thread_blocked, id=10944, stack(0x0000000016fe0000,0x00000000170e0000)]
  0x0000000016540800 JavaThread "Service Thread" daemon [_thread_blocked, id=9304, stack(0x0000000016de0000,0x0000000016ee0000)]
=>0x000000001653a800 JavaThread "C1 CompilerThread2" daemon [_thread_in_native, id=5596, stack(0x0000000016ce0000,0x0000000016de0000)]
  0x000000001652c800 JavaThread "C2 CompilerThread1" daemon [_thread_in_native, id=9576, stack(0x0000000016be0000,0x0000000016ce0000)]
  0x00000000151e9800 JavaThread "C2 CompilerThread0" daemon [_thread_in_native, id=14744, stack(0x0000000016ae0000,0x0000000016be0000)]
  0x000000001519d000 JavaThread "Attach Listener" daemon [_thread_blocked, id=12644, stack(0x00000000169e0000,0x0000000016ae0000)]
  0x000000001519c000 JavaThread "Signal Dispatcher" daemon [_thread_blocked, id=14732, stack(0x00000000168e0000,0x00000000169e0000)]
  0x0000000002aba800 JavaThread "Finalizer" daemon [_thread_blocked, id=10640, stack(0x00000000163e0000,0x00000000164e0000)]
  0x0000000015159000 JavaThread "Reference Handler" daemon [_thread_blocked, id=2764, stack(0x00000000162e0000,0x00000000163e0000)]
  0x00000000029c0800 JavaThread "main" [_thread_blocked, id=15356, stack(0x00000000027f0000,0x00000000028f0000)]

Other Threads:
  0x0000000015157000 VMThread [stack: 0x00000000161e0000,0x00000000162e0000] [id=15224]
  0x0000000016592800 WatcherThread [stack: 0x0000000016ee0000,0x0000000016fe0000] [id=11368]

VM state:not at safepoint (normal execution)

VM Mutex/Monitor currently owned by a thread:  ([mutex/lock_event])
[0x00000000029bd5f0] MethodData_lock - owner thread: 0x00000000166c3000

Heap:
 PSYoungGen      total 38400K, used 14674K [0x00000000eab00000, 0x00000000ed580000, 0x0000000100000000)
  eden space 33280K, 44% used [0x00000000eab00000,0x00000000eb954820,0x00000000ecb80000)
  from space 5120K, 0% used [0x00000000ed080000,0x00000000ed080000,0x00000000ed580000)
  to   space 5120K, 0% used [0x00000000ecb80000,0x00000000ecb80000,0x00000000ed080000)
 ParOldGen       total 87552K, used 0K [0x00000000c0000000, 0x00000000c5580000, 0x00000000eab00000)
  object space 87552K, 0% used [0x00000000c0000000,0x00000000c0000000,0x00000000c5580000)
 Metaspace       used 5508K, capacity 6576K, committed 6784K, reserved 1056768K
  class space    used 585K, capacity 616K, committed 640K, reserved 1048576K

Card table byte_map: [0x0000000011e80000,0x0000000012090000] byte_map_base: 0x0000000011880000

Marking Bits: (ParMarkBitMap*) 0x0000000058972f70
 Begin Bits: [0x00000000125f0000, 0x00000000135f0000)
 End Bits:   [0x00000000135f0000, 0x00000000145f0000)

Polling page: 0x0000000000950000

CodeCache: size=245760Kb used=2352Kb max_used=2363Kb free=243407Kb
 bounds [0x0000000002ac0000, 0x0000000002d30000, 0x0000000011ac0000]
 total_blobs=902 nmethods=637 adapters=178
 compilation: enabled

Compilation events (10 events):
Event: 2.238 Thread 0x000000001652c800  639       4       com.android.dx.ssa.NormalSsaInsn::isNormalMoveInsn (20 bytes)
Event: 2.238 Thread 0x000000001652c800 nmethod 639 0x0000000002ced410 code [0x0000000002ced540, 0x0000000002ced5d8]
Event: 2.239 Thread 0x000000001652c800  647       4       java.util.ArrayList::isEmpty (13 bytes)
Event: 2.240 Thread 0x000000001652c800 nmethod 647 0x0000000002cf4c90 code [0x0000000002cf4dc0, 0x0000000002cf4e38]
Event: 2.240 Thread 0x00000000151e9800  650       4       com.android.dx.rop.code.RegisterSpec::getCategory (13 bytes)
Event: 2.242 Thread 0x00000000151e9800 nmethod 650 0x0000000002d10250 code [0x0000000002d103a0, 0x0000000002d10478]
Event: 2.242 Thread 0x000000001652c800  653       4       java.util.ArrayList$Itr::<init> (6 bytes)
Event: 2.242 Thread 0x00000000151e9800  655       4       java.util.HashMap::containsKey (18 bytes)
Event: 2.242 Thread 0x000000001652c800 nmethod 653 0x0000000002d10550 code [0x0000000002d10680, 0x0000000002d10718]
Event: 2.242 Thread 0x000000001652c800  656       4       java.util.HashSet::contains (9 bytes)

GC Heap History (0 events):
No events

Deoptimization events (2 events):
Event: 2.153 Thread 0x00000000029c0800 Uncommon trap: reason=unstable_if action=reinterpret pc=0x0000000002cbe8fc method=java.util.HashMap.getNode(ILjava/lang/Object;)Ljava/util/HashMap$Node; @ 62
Event: 2.229 Thread 0x00000000166bf800 Uncommon trap: reason=class_check action=maybe_recompile pc=0x0000000002cde8b0 method=com.android.dx.ssa.NormalSsaInsn.accept(Lcom/android/dx/ssa/SsaInsn$Visitor;)V @ 9

Internal exceptions (2 events):
Event: 0.052 Thread 0x00000000029c0800 Exception <a 'java/lang/NoSuchMethodError': Method sun.misc.Unsafe.defineClass(Ljava/lang/String;[BII)Ljava/lang/Class; name or signature does not match> (0x00000000eab07cc0) thrown at [C:\re\workspace\8-2-build-windows-amd64-cygwin\jdk8u91\6644\hotspot\sr[«h’ª?
Event: 0.052 Thread 0x00000000029c0800 Exception <a 'java/lang/NoSuchMethodError': Method sun.misc.Unsafe.prefetchRead(Ljava/lang/Object;J)V name or signature does not match> (0x00000000eab07fa8) thrown at [C:\re\workspace\8-2-build-windows-amd64-cygwin\jdk8u91\6644\hotspot\src\share\vm\prims\j

Events (10 events):
Event: 2.153 Thread 0x00000000029c0800 DEOPT UNPACKING pc=0x0000000002b0582a sp=0x00000000028ee2b8 mode 2
Event: 2.159 loading class com/android/dx/ssa/PhiInsn$Operand
Event: 2.159 loading class com/android/dx/ssa/PhiInsn$Operand done
Event: 2.163 loading class com/android/dx/ssa/back/FirstFitLocalCombiningAllocator$Multiset
Event: 2.163 loading class com/android/dx/ssa/back/FirstFitLocalCombiningAllocator$Multiset done
Event: 2.229 Thread 0x00000000166bf800 Uncommon trap: trap_request=0xffffffde fr.pc=0x0000000002cde8b0
Event: 2.229 Thread 0x00000000166bf800 DEOPT PACKING pc=0x0000000002cde8b0 sp=0x00000000170de570
Event: 2.229 Thread 0x00000000166bf800 DEOPT UNPACKING pc=0x0000000002b0582a sp=0x00000000170de500 mode 2
Event: 2.242 loading class java/util/ArrayList$1
Event: 2.242 loading class java/util/ArrayList$1 done


Dynamic libraries:
0x00007ff6d6940000 - 0x00007ff6d6977000 	D:\JAVA_enviroment\bin\java.exe
0x00007ffe578f0000 - 0x00007ffe57ac1000 	C:\WINDOWS\SYSTEM32\ntdll.dll
0x00007ffe55b40000 - 0x00007ffe55beb000 	C:\WINDOWS\System32\KERNEL32.DLL
0x00007ffe54150000 - 0x00007ffe5436d000 	C:\WINDOWS\System32\KERNELBASE.dll
0x00007ffe577a0000 - 0x00007ffe57842000 	C:\WINDOWS\System32\ADVAPI32.dll
0x00007ffe57850000 - 0x00007ffe578ee000 	C:\WINDOWS\System32\msvcrt.dll
0x00007ffe557a0000 - 0x00007ffe557f9000 	C:\WINDOWS\System32\sechost.dll
0x00007ffe55200000 - 0x00007ffe55321000 	C:\WINDOWS\System32\RPCRT4.dll
0x00007ffe560b0000 - 0x00007ffe56215000 	C:\WINDOWS\System32\USER32.dll
0x00007ffe54130000 - 0x00007ffe5414e000 	C:\WINDOWS\System32\win32u.dll
0x00007ffe54ef0000 - 0x00007ffe54f24000 	C:\WINDOWS\System32\GDI32.dll
0x00007ffe53f40000 - 0x00007ffe540c2000 	C:\WINDOWS\System32\gdi32full.dll
0x00007ffe4d170000 - 0x00007ffe4d3e9000 	C:\WINDOWS\WinSxS\amd64_microsoft.windows.common-controls_6595b64144ccf1df_6.0.14393.447_none_42191651c6827bb3\COMCTL32.dll
0x00007ffe55870000 - 0x00007ffe55b37000 	C:\WINDOWS\System32\combase.dll
0x00007ffe54d10000 - 0x00007ffe54e05000 	C:\WINDOWS\System32\ucrtbase.dll
0x00007ffe54e10000 - 0x00007ffe54e7a000 	C:\WINDOWS\System32\bcryptPrimitives.dll
0x00007ffe551d0000 - 0x00007ffe551fe000 	C:\WINDOWS\System32\IMM32.DLL
0x0000000057b30000 - 0x0000000057c02000 	D:\JAVA_enviroment\jre\bin\msvcr100.dll
0x0000000058160000 - 0x00000000589f3000 	D:\JAVA_enviroment\jre\bin\server\jvm.dll
0x00007ffe54e80000 - 0x00007ffe54e88000 	C:\WINDOWS\System32\PSAPI.DLL
0x00007ffe50c40000 - 0x00007ffe50c49000 	C:\WINDOWS\SYSTEM32\WSOCK32.dll
0x00007ffe55430000 - 0x00007ffe5549a000 	C:\WINDOWS\System32\WS2_32.dll
0x00007ffe4fc50000 - 0x00007ffe4fc5a000 	C:\WINDOWS\SYSTEM32\VERSION.dll
0x00007ffe51960000 - 0x00007ffe51983000 	C:\WINDOWS\SYSTEM32\WINMM.dll
0x00007ffe51930000 - 0x00007ffe5195b000 	C:\WINDOWS\SYSTEM32\winmmbase.dll
0x00007ffe54370000 - 0x00007ffe543b2000 	C:\WINDOWS\System32\cfgmgr32.dll
0x0000000058070000 - 0x000000005807f000 	D:\JAVA_enviroment\jre\bin\verify.dll
0x0000000058040000 - 0x0000000058069000 	D:\JAVA_enviroment\jre\bin\java.dll
0x0000000058020000 - 0x0000000058036000 	D:\JAVA_enviroment\jre\bin\zip.dll
0x00007ffe56220000 - 0x00007ffe57729000 	C:\WINDOWS\System32\SHELL32.dll
0x00007ffe543c0000 - 0x00007ffe54a9a000 	C:\WINDOWS\System32\windows.storage.dll
0x00007ffe53d70000 - 0x00007ffe53dbc000 	C:\WINDOWS\System32\powrprof.dll
0x00007ffe55800000 - 0x00007ffe55852000 	C:\WINDOWS\System32\shlwapi.dll
0x00007ffe53d50000 - 0x00007ffe53d5f000 	C:\WINDOWS\System32\kernel.appcore.dll
0x00007ffe53e90000 - 0x00007ffe53f39000 	C:\WINDOWS\System32\shcore.dll
0x00007ffe53dc0000 - 0x00007ffe53dd4000 	C:\WINDOWS\System32\profapi.dll

VM Arguments:
jvm_args: -Djava.awt.headless=true -Xmx1024M -Dfile.encoding=GBK -Duser.country=CN -Duser.language=zh -Duser.variant 
java_command: com.android.dx.command.Main --dex --force-jumbo --num-threads=4 --output D:\workspace1\FastSport\app\build\intermediates\pre-dexed\debug\internal_impl-24.2.1_05373273c5e0d0c45c261127d446e53cd179b464.jar D:\workspace1\FastSport\app\build\intermediates\exploded-aar\com.android.support\support-media-compat\24.2.1\jars\libs\internal_impl-24.2.1.jar
java_class_path (initial): D:\AndroidStdio_sdk\sdk\build-tools\24.0.0\lib\dx.jar
Launcher Type: SUN_STANDARD

Environment Variables:
JAVA_HOME=D:\JAVA_enviroment
PATH=C:\ProgramData\Oracle\Java\javapath;C:\WINDOWS\system32;C:\WINDOWS;C:\WINDOWS\System32\Wbem;C:\WINDOWS\System32\WindowsPowerShell\v1.0\;D:\JAVA_enviroment\bin;D:\JAVA_enviroment\jre\bin;D:\android_sdk\sdk\tools;C:\Program Files (x86)\NVIDIA Corporation\PhysX\Common;D:\AndroidStdio_sdk\sdk\tools;C:\Program Files (x86)\Microsoft SQL Server\100\Tools\Binn\;C:\Program Files\Microsoft SQL Server\100\Tools\Binn\;C:\Program Files\Microsoft SQL Server\100\DTS\Binn\;C:\Program Files (x86)\Microsoft SQL Server\100\Tools\Binn\VSShell\Common7\IDE\;C:\Program Files (x86)\Microsoft Visual Studio 9.0\Common7\IDE\PrivateAssemblies\;C:\Program Files (x86)\Microsoft SQL Server\100\DTS\Binn\;D:\android_sdk\sdk\platform-tools;D:\android_sdk\sdk\tools;C:\WINDOWS\system32;C:\WINDOWS;C:\WINDOWS\System32\Wbem;C:\WINDOWS\System32\WindowsPowerShell\v1.0\;C:\Users\Administrator\AppData\Local\Microsoft\WindowsApps;
USERNAME=Administrator
OS=Windows_NT
PROCESSOR_IDENTIFIER=Intel64 Family 6 Model 58 Stepping 9, GenuineIntel



---------------  S Y S T E M  ---------------

OS: Windows 10.0 , 64 bit Build 14393 (10.0.14393.0)

CPU:total 4 (2 cores per cpu, 2 threads per core) family 6 model 58 stepping 9, cmov, cx8, fxsr, mmx, sse, sse2, sse3, ssse3, sse4.1, sse4.2, popcnt, avx, aes, clmul, erms, ht, tsc, tscinvbit, tscinv

Memory: 4k page, physical 8271404k(1195624k free), swap 8271404k(4392k free)

vm_info: Java HotSpot(TM) 64-Bit Server VM (25.91-b14) for windows-amd64 JRE (1.8.0_91-b14), built on Apr  1 2016 00:58:32 by "java_re" with MS VC++ 10.0 (VS2010)

time: Sat Nov 12 21:02:33 2016
elapsed time: 2 seconds (0d 0h 0m 2s)

