#
# There is insufficient memory for the Java Runtime Environment to continue.
# Native memory allocation (malloc) failed to allocate 1669536 bytes for Chunk::new
# Possible reasons:
#   The system is out of physical RAM or swap space
#   In 32 bit mode, the process size limit was hit
# Possible solutions:
#   Reduce memory load on the system
#   Increase physical memory or swap space
#   Check if swap backing store is full
#   Use 64 bit Java on a 64 bit OS
#   Decrease Java heap size (-Xmx/-Xms)
#   Decrease number of Java threads
#   Decrease Java thread stack sizes (-Xss)
#   Set larger code cache with -XX:ReservedCodeCacheSize=
# This output file may be truncated or incomplete.
#
#  Out of Memory Error (allocation.cpp:390), pid=7740, tid=12100
#
# JRE version: Java(TM) SE Runtime Environment (8.0_91-b14) (build 1.8.0_91-b14)
# Java VM: Java HotSpot(TM) 64-Bit Server VM (25.91-b14 mixed mode windows-amd64 compressed oops)
# Failed to write core dump. Minidumps are not enabled by default on client versions of Windows
#

---------------  T H R E A D  ---------------

Current thread (0x000000001537c000):  JavaThread "C2 CompilerThread1" daemon [_thread_in_native, id=12100, stack(0x0000000016d70000,0x0000000016e70000)]

Stack: [0x0000000016d70000,0x0000000016e70000]
[error occurred during error reporting (printing stack bounds), id 0xc0000005]

Native frames: (J=compiled Java code, j=interpreted, Vv=VM code, C=native code)


Current CompileTask:
C2:   3184 1608   !   4       com.android.dx.cf.code.BytecodeArray::parseInstruction (2764 bytes)


---------------  P R O C E S S  ---------------

Java Threads: ( => current thread )
  0x000000001691e800 JavaThread "pool-1-thread-4" [_thread_in_Java, id=10728, stack(0x0000000017570000,0x0000000017670000)]
  0x0000000016912800 JavaThread "pool-1-thread-3" [_thread_blocked, id=6176, stack(0x0000000017470000,0x0000000017570000)]
  0x0000000016910800 JavaThread "pool-1-thread-2" [_thread_blocked, id=3844, stack(0x0000000017370000,0x0000000017470000)]
  0x000000001690f800 JavaThread "pool-2-thread-1" [_thread_blocked, id=7796, stack(0x0000000017270000,0x0000000017370000)]
  0x000000001690d000 JavaThread "pool-1-thread-1" [_thread_blocked, id=6980, stack(0x0000000017170000,0x0000000017270000)]
  0x00000000166cf800 JavaThread "Service Thread" daemon [_thread_blocked, id=2496, stack(0x0000000016f70000,0x0000000017070000)]
  0x00000000166ca000 JavaThread "C1 CompilerThread2" daemon [_thread_blocked, id=11944, stack(0x0000000016e70000,0x0000000016f70000)]
=>0x000000001537c000 JavaThread "C2 CompilerThread1" daemon [_thread_in_native, id=12100, stack(0x0000000016d70000,0x0000000016e70000)]
  0x0000000015379800 JavaThread "C2 CompilerThread0" daemon [_thread_in_native, id=10128, stack(0x0000000016c70000,0x0000000016d70000)]
  0x000000001532d000 JavaThread "Attach Listener" daemon [_thread_blocked, id=7152, stack(0x0000000016b70000,0x0000000016c70000)]
  0x000000001532c000 JavaThread "Signal Dispatcher" daemon [_thread_blocked, id=8028, stack(0x0000000016a70000,0x0000000016b70000)]
  0x000000001530a000 JavaThread "Finalizer" daemon [_thread_blocked, id=11836, stack(0x0000000016570000,0x0000000016670000)]
  0x00000000152e9000 JavaThread "Reference Handler" daemon [_thread_blocked, id=11656, stack(0x0000000016470000,0x0000000016570000)]
  0x0000000002b50800 JavaThread "main" [_thread_in_Java, id=10512, stack(0x0000000002650000,0x0000000002750000)]

Other Threads:
  0x00000000152e7000 VMThread [stack: 0x0000000016370000,0x0000000016470000] [id=4240]
  0x000000001671a800 WatcherThread [stack: 0x0000000017070000,0x0000000017170000] [id=9960]

VM state:not at safepoint (normal execution)

VM Mutex/Monitor currently owned by a thread: None

Heap:
 PSYoungGen      total 38400K, used 34878K [0x00000000eab00000, 0x00000000ef600000, 0x0000000100000000)
  eden space 33280K, 89% used [0x00000000eab00000,0x00000000ec815ae0,0x00000000ecb80000)
  from space 5120K, 99% used [0x00000000ed080000,0x00000000ed57a048,0x00000000ed580000)
  to   space 5120K, 0% used [0x00000000ecb80000,0x00000000ecb80000,0x00000000ed080000)
 ParOldGen       total 87552K, used 5738K [0x00000000c0000000, 0x00000000c5580000, 0x00000000eab00000)
  object space 87552K, 6% used [0x00000000c0000000,0x00000000c059aa08,0x00000000c5580000)
 Metaspace       used 6325K, capacity 7128K, committed 7424K, reserved 1056768K
  class space    used 620K, capacity 656K, committed 768K, reserved 1048576K

Card table byte_map: [0x0000000012010000,0x0000000012220000] byte_map_base: 0x0000000011a10000

Marking Bits: (ParMarkBitMap*) 0x0000000063312f70
 Begin Bits: [0x0000000012780000, 0x0000000013780000)
 End Bits:   [0x0000000013780000, 0x0000000014780000)

Polling page: 0x0000000000e50000

CodeCache: size=245760Kb used=6896Kb max_used=6902Kb free=238863Kb
 bounds [0x0000000002c50000, 0x0000000003320000, 0x0000000011c50000]
 total_blobs=1901 nmethods=1630 adapters=184
 compilation: enabled

Compilation events (10 events):
Event: 3.156 Thread 0x00000000166ca000 1645       2       com.android.dx.dex.file.ClassDefItem::addInstanceField (9 bytes)
Event: 3.156 Thread 0x00000000166ca000 nmethod 1645 0x000000000330c9d0 code [0x000000000330cb60, 0x000000000330ce98]
Event: 3.156 Thread 0x00000000166ca000 1646       2       com.android.dx.dex.file.ClassDataItem::addInstanceField (24 bytes)
Event: 3.157 Thread 0x00000000166ca000 nmethod 1646 0x000000000330c250 code [0x000000000330c3e0, 0x000000000330c738]
Event: 3.159 Thread 0x00000000166ca000 1648       1       com.android.dx.cf.attrib.InnerClassList$Item::getInnerClass (5 bytes)
Event: 3.160 Thread 0x00000000166ca000 nmethod 1648 0x000000000330bf90 code [0x000000000330c0e0, 0x000000000330c1f0]
Event: 3.160 Thread 0x00000000166ca000 1649       1       com.android.dx.cf.attrib.InnerClassList$Item::getOuterClass (5 bytes)
Event: 3.160 Thread 0x00000000166ca000 nmethod 1649 0x000000000330bcd0 code [0x000000000330be20, 0x000000000330bf30]
Event: 3.165 Thread 0x00000000166ca000 1650       2       java.util.concurrent.locks.ReentrantLock::unlock (10 bytes)
Event: 3.165 Thread 0x00000000166ca000 nmethod 1650 0x000000000330b850 code [0x000000000330b9c0, 0x000000000330bbb8]

GC Heap History (4 events):
Event: 2.137 GC heap before
{Heap before GC invocations=1 (full 0):
 PSYoungGen      total 38400K, used 33280K [0x00000000eab00000, 0x00000000ed580000, 0x0000000100000000)
  eden space 33280K, 100% used [0x00000000eab00000,0x00000000ecb80000,0x00000000ecb80000)
  from space 5120K, 0% used [0x00000000ed080000,0x00000000ed080000,0x00000000ed580000)
  to   space 5120K, 0% used [0x00000000ecb80000,0x00000000ecb80000,0x00000000ed080000)
 ParOldGen       total 87552K, used 0K [0x00000000c0000000, 0x00000000c5580000, 0x00000000eab00000)
  object space 87552K, 0% used [0x00000000c0000000,0x00000000c0000000,0x00000000c5580000)
 Metaspace       used 6129K, capacity 6936K, committed 7168K, reserved 1056768K
  class space    used 618K, capacity 656K, committed 768K, reserved 1048576K
Event: 2.151 GC heap after
Heap after GC invocations=1 (full 0):
 PSYoungGen      total 38400K, used 5119K [0x00000000eab00000, 0x00000000ed580000, 0x0000000100000000)
  eden space 33280K, 0% used [0x00000000eab00000,0x00000000eab00000,0x00000000ecb80000)
  from space 5120K, 99% used [0x00000000ecb80000,0x00000000ed07fca8,0x00000000ed080000)
  to   space 5120K, 0% used [0x00000000ed080000,0x00000000ed080000,0x00000000ed580000)
 ParOldGen       total 87552K, used 1651K [0x00000000c0000000, 0x00000000c5580000, 0x00000000eab00000)
  object space 87552K, 1% used [0x00000000c0000000,0x00000000c019ce40,0x00000000c5580000)
 Metaspace       used 6129K, capacity 6936K, committed 7168K, reserved 1056768K
  class space    used 618K, capacity 656K, committed 768K, reserved 1048576K
}
Event: 2.924 GC heap before
{Heap before GC invocations=2 (full 0):
 PSYoungGen      total 38400K, used 38399K [0x00000000eab00000, 0x00000000ed580000, 0x0000000100000000)
  eden space 33280K, 100% used [0x00000000eab00000,0x00000000ecb80000,0x00000000ecb80000)
  from space 5120K, 99% used [0x00000000ecb80000,0x00000000ed07fca8,0x00000000ed080000)
  to   space 5120K, 0% used [0x00000000ed080000,0x00000000ed080000,0x00000000ed580000)
 ParOldGen       total 87552K, used 1651K [0x00000000c0000000, 0x00000000c5580000, 0x00000000eab00000)
  object space 87552K, 1% used [0x00000000c0000000,0x00000000c019ce40,0x00000000c5580000)
 Metaspace       used 6302K, capacity 7064K, committed 7424K, reserved 1056768K
  class space    used 620K, capacity 656K, committed 768K, reserved 1048576K
Event: 2.944 GC heap after
Heap after GC invocations=2 (full 0):
 PSYoungGen      total 38400K, used 5096K [0x00000000eab00000, 0x00000000ef600000, 0x0000000100000000)
  eden space 33280K, 0% used [0x00000000eab00000,0x00000000eab00000,0x00000000ecb80000)
  from space 5120K, 99% used [0x00000000ed080000,0x00000000ed57a048,0x00000000ed580000)
  to   space 5120K, 0% used [0x00000000ecb80000,0x00000000ecb80000,0x00000000ed080000)
 ParOldGen       total 87552K, used 5738K [0x00000000c0000000, 0x00000000c5580000, 0x00000000eab00000)
  object space 87552K, 6% used [0x00000000c0000000,0x00000000c059aa08,0x00000000c5580000)
 Metaspace       used 6302K, capacity 7064K, committed 7424K, reserved 1056768K
  class space    used 620K, capacity 656K, committed 768K, reserved 1048576K
}

Deoptimization events (10 events):
Event: 2.109 Thread 0x0000000002b50800 Uncommon trap: reason=unstable_if action=reinterpret pc=0x0000000003142f84 method=com.android.dx.rop.code.RegisterSpec.intersect(Lcom/android/dx/rop/code/RegisterSpec;Z)Lcom/android/dx/rop/code/RegisterSpec; @ 8
Event: 2.210 Thread 0x0000000016910800 Uncommon trap: reason=unstable_if action=reinterpret pc=0x0000000003037da0 method=com.android.dx.rop.code.RegisterSpec.intersect(Lcom/android/dx/rop/code/RegisterSpec;Z)Lcom/android/dx/rop/code/RegisterSpec; @ 8
Event: 2.691 Thread 0x000000001691e800 Uncommon trap: reason=unstable_if action=reinterpret pc=0x00000000031cb158 method=com.android.dx.ssa.SCCP.simulateStmt(Lcom/android/dx/ssa/SsaInsn;)V @ 59
Event: 2.759 Thread 0x000000001691e800 Uncommon trap: reason=bimorphic action=maybe_recompile pc=0x0000000003165af8 method=com.android.dx.cf.code.BytecodeArray.parseInstruction(ILcom/android/dx/cf/code/BytecodeArray$Visitor;)I @ 2281
Event: 2.759 Thread 0x000000001691e800 Uncommon trap: reason=bimorphic action=maybe_recompile pc=0x0000000003165af8 method=com.android.dx.cf.code.BytecodeArray.parseInstruction(ILcom/android/dx/cf/code/BytecodeArray$Visitor;)I @ 2281
Event: 2.978 Thread 0x0000000016910800 Uncommon trap: reason=bimorphic action=maybe_recompile pc=0x0000000003166d4c method=com.android.dx.cf.code.BytecodeArray.parseInstruction(ILcom/android/dx/cf/code/BytecodeArray$Visitor;)I @ 1130
Event: 2.978 Thread 0x0000000016910800 Uncommon trap: reason=bimorphic action=maybe_recompile pc=0x00000000031686a0 method=com.android.dx.cf.code.BytecodeArray.parseInstruction(ILcom/android/dx/cf/code/BytecodeArray$Visitor;)I @ 907
Event: 2.978 Thread 0x0000000016910800 Uncommon trap: reason=bimorphic action=maybe_recompile pc=0x0000000003166d4c method=com.android.dx.cf.code.BytecodeArray.parseInstruction(ILcom/android/dx/cf/code/BytecodeArray$Visitor;)I @ 1130
Event: 3.110 Thread 0x0000000002b50800 Uncommon trap: reason=bimorphic action=maybe_recompile pc=0x00000000031fae98 method=com.android.dx.rop.code.RegisterSpec.withSimpleType()Lcom/android/dx/rop/code/RegisterSpec; @ 21
Event: 3.110 Thread 0x0000000002b50800 Uncommon trap: reason=bimorphic action=maybe_recompile pc=0x00000000031fae98 method=com.android.dx.rop.code.RegisterSpec.withSimpleType()Lcom/android/dx/rop/code/RegisterSpec; @ 21

Internal exceptions (7 events):
Event: 0.103 Thread 0x0000000002b50800 Exception <a 'java/lang/NoSuchMethodError': Method sun.misc.Unsafe.defineClass(Ljava/lang/String;[BII)Ljava/lang/Class; name or signature does not match> (0x00000000eab07cc0) thrown at [C:\re\workspace\8-2-build-windows-amd64-cygwin\jdk8u91\6644\hotspot\srê öé
Event: 0.103 Thread 0x0000000002b50800 Exception <a 'java/lang/NoSuchMethodError': Method sun.misc.Unsafe.prefetchRead(Ljava/lang/Object;J)V name or signature does not match> (0x00000000eab07fa8) thrown at [C:\re\workspace\8-2-build-windows-amd64-cygwin\jdk8u91\6644\hotspot\src\share\vm\prims\j†kÒÀ{ö?
Event: 1.405 Thread 0x0000000002b50800 Implicit null exception at 0x0000000002f59453 to 0x0000000002f5ac61
Event: 1.623 Thread 0x0000000016910800 Implicit null exception at 0x00000000030132e2 to 0x00000000030133d2
Event: 1.833 Thread 0x0000000002b50800 Exception <a 'java/lang/ArrayIndexOutOfBoundsException': 18> (0x00000000ec2f3640) thrown at [C:\re\workspace\8-2-build-windows-amd64-cygwin\jdk8u91\6644\hotspot\src\share\vm\interpreter\interpreterRuntime.cpp, line 366]
Event: 1.849 Thread 0x0000000002b50800 Exception <a 'java/lang/ArrayIndexOutOfBoundsException'> (0x00000000ec2f51c0) thrown at [C:\re\workspace\8-2-build-windows-amd64-cygwin\jdk8u91\6644\hotspot\src\share\vm\runtime\sharedRuntime.cpp, line 605]
Event: 1.850 Thread 0x0000000002b50800 Exception <a 'java/lang/ArrayIndexOutOfBoundsException'> (0x00000000ec2f64a8) thrown at [C:\re\workspace\8-2-build-windows-amd64-cygwin\jdk8u91\6644\hotspot\src\share\vm\runtime\sharedRuntime.cpp, line 605]

Events (10 events):
Event: 2.978 Thread 0x0000000016910800 DEOPT UNPACKING pc=0x0000000002c9582a sp=0x000000001746e538 mode 2
Event: 2.978 Thread 0x0000000016910800 Uncommon trap: trap_request=0xffffffc6 fr.pc=0x0000000003166d4c
Event: 2.978 Thread 0x0000000016910800 DEOPT PACKING pc=0x0000000003166d4c sp=0x000000001746e5b0
Event: 2.978 Thread 0x0000000016910800 DEOPT UNPACKING pc=0x0000000002c9582a sp=0x000000001746e538 mode 2
Event: 3.110 Thread 0x0000000002b50800 Uncommon trap: trap_request=0xffffffc6 fr.pc=0x00000000031fae98
Event: 3.110 Thread 0x0000000002b50800 DEOPT PACKING pc=0x00000000031fae98 sp=0x000000000274e320
Event: 3.110 Thread 0x0000000002b50800 DEOPT UNPACKING pc=0x0000000002c9582a sp=0x000000000274e288 mode 2
Event: 3.110 Thread 0x0000000002b50800 Uncommon trap: trap_request=0xffffffc6 fr.pc=0x00000000031fae98
Event: 3.110 Thread 0x0000000002b50800 DEOPT PACKING pc=0x00000000031fae98 sp=0x000000000274e320
Event: 3.110 Thread 0x0000000002b50800 DEOPT UNPACKING pc=0x0000000002c9582a sp=0x000000000274e288 mode 2


Dynamic libraries:
0x00007ff637580000 - 0x00007ff6375b7000 	D:\JAVA_enviroment\bin\java.exe
0x00007ff8fd9a0000 - 0x00007ff8fdb71000 	C:\WINDOWS\SYSTEM32\ntdll.dll
0x00007ff8fb4a0000 - 0x00007ff8fb54b000 	C:\WINDOWS\System32\KERNEL32.DLL
0x00007ff8fa6d0000 - 0x00007ff8fa8ed000 	C:\WINDOWS\System32\KERNELBASE.dll
0x00007ff8fb3f0000 - 0x00007ff8fb492000 	C:\WINDOWS\System32\ADVAPI32.dll
0x00007ff8fd0e0000 - 0x00007ff8fd17e000 	C:\WINDOWS\System32\msvcrt.dll
0x00007ff8fcbd0000 - 0x00007ff8fcc29000 	C:\WINDOWS\System32\sechost.dll
0x00007ff8fd1c0000 - 0x00007ff8fd2e1000 	C:\WINDOWS\System32\RPCRT4.dll
0x00007ff8fd830000 - 0x00007ff8fd995000 	C:\WINDOWS\System32\USER32.dll
0x00007ff8faa60000 - 0x00007ff8faa7e000 	C:\WINDOWS\System32\win32u.dll
0x00007ff8fb3b0000 - 0x00007ff8fb3e4000 	C:\WINDOWS\System32\GDI32.dll
0x00007ff8faa80000 - 0x00007ff8fac02000 	C:\WINDOWS\System32\gdi32full.dll
0x00007ff8f51d0000 - 0x00007ff8f5449000 	C:\WINDOWS\WinSxS\amd64_microsoft.windows.common-controls_6595b64144ccf1df_6.0.14393.0_none_2d0f50fcbdb171b8\COMCTL32.dll
0x00007ff8fccd0000 - 0x00007ff8fcf97000 	C:\WINDOWS\System32\combase.dll
0x00007ff8fa960000 - 0x00007ff8faa55000 	C:\WINDOWS\System32\ucrtbase.dll
0x00007ff8fa8f0000 - 0x00007ff8fa95a000 	C:\WINDOWS\System32\bcryptPrimitives.dll
0x00007ff8fd180000 - 0x00007ff8fd1ae000 	C:\WINDOWS\System32\IMM32.DLL
0x0000000063660000 - 0x0000000063732000 	D:\JAVA_enviroment\jre\bin\msvcr100.dll
0x0000000062b00000 - 0x0000000063393000 	D:\JAVA_enviroment\jre\bin\server\jvm.dll
0x00007ff8fb550000 - 0x00007ff8fb558000 	C:\WINDOWS\System32\PSAPI.DLL
0x00007ff8f70d0000 - 0x00007ff8f70d9000 	C:\WINDOWS\SYSTEM32\WSOCK32.dll
0x00007ff8fb130000 - 0x00007ff8fb19a000 	C:\WINDOWS\System32\WS2_32.dll
0x00007ff8f8050000 - 0x00007ff8f8073000 	C:\WINDOWS\SYSTEM32\WINMM.dll
0x00007ff8f5890000 - 0x00007ff8f589a000 	C:\WINDOWS\SYSTEM32\VERSION.dll
0x00007ff8f7ed0000 - 0x00007ff8f7efb000 	C:\WINDOWS\SYSTEM32\WINMMBASE.dll
0x00007ff8facb0000 - 0x00007ff8facf2000 	C:\WINDOWS\System32\cfgmgr32.dll
0x0000000063d90000 - 0x0000000063d9f000 	D:\JAVA_enviroment\jre\bin\verify.dll
0x0000000063d60000 - 0x0000000063d89000 	D:\JAVA_enviroment\jre\bin\java.dll
0x0000000063d40000 - 0x0000000063d56000 	D:\JAVA_enviroment\jre\bin\zip.dll
0x00007ff8fb6c0000 - 0x00007ff8fcbc8000 	C:\WINDOWS\System32\SHELL32.dll
0x00007ff8f9e90000 - 0x00007ff8fa56a000 	C:\WINDOWS\System32\windows.storage.dll
0x00007ff8f9e20000 - 0x00007ff8f9e6c000 	C:\WINDOWS\System32\powrprof.dll
0x00007ff8fb050000 - 0x00007ff8fb0a2000 	C:\WINDOWS\System32\shlwapi.dll
0x00007ff8f9e00000 - 0x00007ff8f9e0f000 	C:\WINDOWS\System32\kernel.appcore.dll
0x00007ff8fa620000 - 0x00007ff8fa6c9000 	C:\WINDOWS\System32\shcore.dll
0x00007ff8f9e70000 - 0x00007ff8f9e84000 	C:\WINDOWS\System32\profapi.dll

VM Arguments:
jvm_args: -Djava.awt.headless=true -Xmx1024M -Dfile.encoding=GBK -Duser.country=CN -Duser.language=zh -Duser.variant 
java_command: com.android.dx.command.Main --dex --force-jumbo --num-threads=4 --output D:\workspace1\FastSport\app\build\intermediates\pre-dexed\debug\okhttp-3.3.1_1573fcbe297d652bd1e957cf32bfea439f9b3971.jar D:\workspace1\FastSport\app\build\intermediates\exploded-aar\cn.bmob.android\bmob-sdk\3.5.0\jars\libs\okhttp-3.3.1.jar
java_class_path (initial): D:\AndroidStdio_sdk\sdk\build-tools\24.0.0\lib\dx.jar
Launcher Type: SUN_STANDARD

Environment Variables:
JAVA_HOME=D:\JAVA_enviroment
PATH=C:\ProgramData\Oracle\Java\javapath;C:\WINDOWS\system32;C:\WINDOWS;C:\WINDOWS\System32\Wbem;C:\WINDOWS\System32\WindowsPowerShell\v1.0\;D:\JAVA_enviroment\bin;D:\JAVA_enviroment\jre\bin;D:\android_sdk\sdk\tools;C:\Program Files (x86)\NVIDIA Corporation\PhysX\Common;D:\AndroidStdio_sdk\sdk\tools;C:\Program Files (x86)\Microsoft SQL Server\100\Tools\Binn\;C:\Program Files\Microsoft SQL Server\100\Tools\Binn\;C:\Program Files\Microsoft SQL Server\100\DTS\Binn\;C:\Program Files (x86)\Microsoft SQL Server\100\Tools\Binn\VSShell\Common7\IDE\;C:\Program Files (x86)\Microsoft Visual Studio 9.0\Common7\IDE\PrivateAssemblies\;C:\Program Files (x86)\Microsoft SQL Server\100\DTS\Binn\;D:\android_sdk\sdk\platform-tools;D:\android_sdk\sdk\tools;C:\WINDOWS\system32;C:\WINDOWS;C:\WINDOWS\System32\Wbem;C:\WINDOWS\System32\WindowsPowerShell\v1.0\;C:\Users\Administrator\AppData\Local\Microsoft\WindowsApps;
USERNAME=Administrator
OS=Windows_NT
PROCESSOR_IDENTIFIER=Intel64 Family 6 Model 58 Stepping 9, GenuineIntel



---------------  S Y S T E M  ---------------

OS: Windows 10.0 , 64 bit Build 14393 (10.0.14393.0)

CPU:total 4 (2 cores per cpu, 2 threads per core) family 6 model 58 stepping 9, cmov, cx8, fxsr, mmx, sse, sse2, sse3, ssse3, sse4.1, sse4.2, popcnt, avx, aes, clmul, erms, ht, tsc, tscinvbit, tscinv

Memory: 4k page, physical 8271404k(978944k free), swap 8271404k(5296k free)

vm_info: Java HotSpot(TM) 64-Bit Server VM (25.91-b14) for windows-amd64 JRE (1.8.0_91-b14), built on Apr  1 2016 00:58:32 by "java_re" with MS VC++ 10.0 (VS2010)

time: Wed Oct 19 17:03:31 2016
elapsed time: 3 seconds (0d 0h 0m 3s)

