#
# There is insufficient memory for the Java Runtime Environment to continue.
# Native memory allocation (malloc) failed to allocate 1048576 bytes for AllocateHeap
# Possible reasons:
#   The system is out of physical RAM or swap space
#   In 32 bit mode, the process size limit was hit
# Possible solutions:
#   Reduce memory load on the system
#   Increase physical memory or swap space
#   Check if swap backing store is full
#   Use 64 bit Java on a 64 bit OS
#   Decrease Java heap size (-Xmx/-Xms)
#   Decrease number of Java threads
#   Decrease Java thread stack sizes (-Xss)
#   Set larger code cache with -XX:ReservedCodeCacheSize=
# This output file may be truncated or incomplete.
#
#  Out of Memory Error (memory/allocation.inline.hpp:61), pid=11552, tid=2376
#
# JRE version:  (8.0_91-b14) (build )
# Java VM: Java HotSpot(TM) 64-Bit Server VM (25.91-b14 mixed mode windows-amd64 compressed oops)
# Failed to write core dump. Minidumps are not enabled by default on client versions of Windows
#

---------------  T H R E A D  ---------------

Current thread (0x0000000002600800):  JavaThread "Unknown thread" [_thread_in_vm, id=2376, stack(0x0000000002400000,0x0000000002500000)]

Stack: [0x0000000002400000,0x0000000002500000]
[error occurred during error reporting (printing stack bounds), id 0xc0000005]

Native frames: (J=compiled Java code, j=interpreted, Vv=VM code, C=native code)


---------------  P R O C E S S  ---------------

Java Threads: ( => current thread )

Other Threads:

=>0x0000000002600800 (exited) JavaThread "Unknown thread" [_thread_in_vm, id=2376, stack(0x0000000002400000,0x0000000002500000)]

VM state:not at safepoint (normal execution)

VM Mutex/Monitor currently owned by a thread: None

Heap:
 PSYoungGen      total 38400K, used 665K [0x00000000eab00000, 0x00000000ed580000, 0x0000000100000000)
  eden space 33280K, 2% used [0x00000000eab00000,0x00000000eaba6670,0x00000000ecb80000)
  from space 5120K, 0% used [0x00000000ed080000,0x00000000ed080000,0x00000000ed580000)
  to   space 5120K, 0% used [0x00000000ecb80000,0x00000000ecb80000,0x00000000ed080000)
 ParOldGen       total 87552K, used 0K [0x00000000c0000000, 0x00000000c5580000, 0x00000000eab00000)
  object space 87552K, 0% used [0x00000000c0000000,0x00000000c0000000,0x00000000c5580000)
 Metaspace       used 769K, capacity 4480K, committed 4480K, reserved 1056768K
  class space    used 75K, capacity 384K, committed 384K, reserved 1048576K

Card table byte_map: [0x0000000011ac0000,0x0000000011cd0000] byte_map_base: 0x00000000114c0000

Marking Bits: (ParMarkBitMap*) 0x0000000060552f70
 Begin Bits: [0x0000000012230000, 0x0000000013230000)
 End Bits:   [0x0000000013230000, 0x0000000014230000)

Polling page: 0x0000000000600000

CodeCache: size=245760Kb used=328Kb max_used=328Kb free=245431Kb
 bounds [0x0000000002700000, 0x0000000002970000, 0x0000000011700000]
 total_blobs=58 nmethods=0 adapters=38
 compilation: enabled

Compilation events (0 events):
No events

GC Heap History (0 events):
No events

Deoptimization events (0 events):
No events

Internal exceptions (0 events):
No events

Events (10 events):
Event: 0.495 loading class java/lang/Short
Event: 0.496 loading class java/lang/Short done
Event: 0.496 loading class java/lang/Integer
Event: 0.496 loading class java/lang/Integer done
Event: 0.496 loading class java/lang/Long
Event: 0.497 loading class java/lang/Long done
Event: 0.499 loading class java/lang/NullPointerException
Event: 0.499 loading class java/lang/NullPointerException done
Event: 0.499 loading class java/lang/ArithmeticException
Event: 0.499 loading class java/lang/ArithmeticException done


Dynamic libraries:
0x00007ff7b44c0000 - 0x00007ff7b44f7000 	D:\JAVA_enviroment\bin\java.exe
0x00007ff95ac10000 - 0x00007ff95ade1000 	C:\WINDOWS\SYSTEM32\ntdll.dll
0x00007ff958670000 - 0x00007ff95871b000 	C:\WINDOWS\System32\KERNEL32.DLL
0x00007ff957990000 - 0x00007ff957bad000 	C:\WINDOWS\System32\KERNELBASE.dll
0x00007ff9590e0000 - 0x00007ff959182000 	C:\WINDOWS\System32\ADVAPI32.dll
0x00007ff958dc0000 - 0x00007ff958e5e000 	C:\WINDOWS\System32\msvcrt.dll
0x00007ff9588b0000 - 0x00007ff958909000 	C:\WINDOWS\System32\sechost.dll
0x00007ff958720000 - 0x00007ff958841000 	C:\WINDOWS\System32\RPCRT4.dll
0x00007ff958f70000 - 0x00007ff9590d5000 	C:\WINDOWS\System32\USER32.dll
0x00007ff957bb0000 - 0x00007ff957bce000 	C:\WINDOWS\System32\win32u.dll
0x00007ff959220000 - 0x00007ff959254000 	C:\WINDOWS\System32\GDI32.dll
0x00007ff957bd0000 - 0x00007ff957d52000 	C:\WINDOWS\System32\gdi32full.dll
0x00007ff952340000 - 0x00007ff9525ba000 	C:\WINDOWS\WinSxS\amd64_microsoft.windows.common-controls_6595b64144ccf1df_6.0.14393.351_none_4213128bc687e6d3\COMCTL32.dll
0x00007ff9582e0000 - 0x00007ff9585a7000 	C:\WINDOWS\System32\combase.dll
0x00007ff9580a0000 - 0x00007ff958195000 	C:\WINDOWS\System32\ucrtbase.dll
0x00007ff957f90000 - 0x00007ff957ffa000 	C:\WINDOWS\System32\bcryptPrimitives.dll
0x00007ff95abe0000 - 0x00007ff95ac0e000 	C:\WINDOWS\System32\IMM32.DLL
0x000000005f6b0000 - 0x000000005f782000 	D:\JAVA_enviroment\jre\bin\msvcr100.dll
0x000000005fd40000 - 0x00000000605d3000 	D:\JAVA_enviroment\jre\bin\server\jvm.dll
0x00007ff958910000 - 0x00007ff958918000 	C:\WINDOWS\System32\PSAPI.DLL
0x00007ff954250000 - 0x00007ff954259000 	C:\WINDOWS\SYSTEM32\WSOCK32.dll
0x00007ff958920000 - 0x00007ff95898a000 	C:\WINDOWS\System32\WS2_32.dll
0x00007ff9553e0000 - 0x00007ff955403000 	C:\WINDOWS\SYSTEM32\WINMM.dll
0x00007ff953790000 - 0x00007ff95379a000 	C:\WINDOWS\SYSTEM32\VERSION.dll
0x00007ff955380000 - 0x00007ff9553ab000 	C:\WINDOWS\SYSTEM32\WINMMBASE.dll
0x00007ff957100000 - 0x00007ff957142000 	C:\WINDOWS\System32\cfgmgr32.dll
0x00000000606c0000 - 0x00000000606cf000 	D:\JAVA_enviroment\jre\bin\verify.dll
0x0000000060690000 - 0x00000000606b9000 	D:\JAVA_enviroment\jre\bin\java.dll
0x0000000060670000 - 0x0000000060686000 	D:\JAVA_enviroment\jre\bin\zip.dll

VM Arguments:
jvm_args: -Djava.awt.headless=true -Xmx1024M -Dfile.encoding=GBK -Duser.country=CN -Duser.language=zh -Duser.variant 
java_command: com.android.dx.command.Main --dex --force-jumbo --num-threads=4 --output D:\workspace1\FastSport\app\build\intermediates\pre-dexed\debug\rxjava-1.1.6_86e26f1c3dc66059aac75630bfcff565fed0690d.jar D:\workspace1\FastSport\app\build\intermediates\exploded-aar\cn.bmob.android\bmob-sdk\3.5.0\jars\libs\rxjava-1.1.6.jar
java_class_path (initial): D:\AndroidStdio_sdk\sdk\build-tools\24.0.0\lib\dx.jar
Launcher Type: SUN_STANDARD

Environment Variables:
JAVA_HOME=D:\JAVA_enviroment
PATH=C:\ProgramData\Oracle\Java\javapath;C:\WINDOWS\system32;C:\WINDOWS;C:\WINDOWS\System32\Wbem;C:\WINDOWS\System32\WindowsPowerShell\v1.0\;D:\JAVA_enviroment\bin;D:\JAVA_enviroment\jre\bin;D:\android_sdk\sdk\tools;C:\Program Files (x86)\NVIDIA Corporation\PhysX\Common;D:\AndroidStdio_sdk\sdk\tools;C:\Program Files (x86)\Microsoft SQL Server\100\Tools\Binn\;C:\Program Files\Microsoft SQL Server\100\Tools\Binn\;C:\Program Files\Microsoft SQL Server\100\DTS\Binn\;C:\Program Files (x86)\Microsoft SQL Server\100\Tools\Binn\VSShell\Common7\IDE\;C:\Program Files (x86)\Microsoft Visual Studio 9.0\Common7\IDE\PrivateAssemblies\;C:\Program Files (x86)\Microsoft SQL Server\100\DTS\Binn\;D:\android_sdk\sdk\platform-tools;D:\android_sdk\sdk\tools;C:\WINDOWS\system32;C:\WINDOWS;C:\WINDOWS\System32\Wbem;C:\WINDOWS\System32\WindowsPowerShell\v1.0\;C:\Users\Administrator\AppData\Local\Microsoft\WindowsApps;
USERNAME=Administrator
OS=Windows_NT
PROCESSOR_IDENTIFIER=Intel64 Family 6 Model 58 Stepping 9, GenuineIntel



---------------  S Y S T E M  ---------------

OS: Windows 10.0 , 64 bit Build 14393 (10.0.14393.0)

CPU:total 4 (2 cores per cpu, 2 threads per core) family 6 model 58 stepping 9, cmov, cx8, fxsr, mmx, sse, sse2, sse3, ssse3, sse4.1, sse4.2, popcnt, avx, aes, clmul, erms, ht, tsc, tscinvbit, tscinv

Memory: 4k page, physical 8271404k(1292724k free), swap 8271404k(3020k free)

vm_info: Java HotSpot(TM) 64-Bit Server VM (25.91-b14) for windows-amd64 JRE (1.8.0_91-b14), built on Apr  1 2016 00:58:32 by "java_re" with MS VC++ 10.0 (VS2010)

time: Fri Nov 04 20:32:49 2016
elapsed time: 0 seconds (0d 0h 0m 0s)

