#
# There is insufficient memory for the Java Runtime Environment to continue.
# Native memory allocation (malloc) failed to allocate 2003456 bytes for Chunk::new
# Possible reasons:
#   The system is out of physical RAM or swap space
#   In 32 bit mode, the process size limit was hit
# Possible solutions:
#   Reduce memory load on the system
#   Increase physical memory or swap space
#   Check if swap backing store is full
#   Use 64 bit Java on a 64 bit OS
#   Decrease Java heap size (-Xmx/-Xms)
#   Decrease number of Java threads
#   Decrease Java thread stack sizes (-Xss)
#   Set larger code cache with -XX:ReservedCodeCacheSize=
# This output file may be truncated or incomplete.
#
#  Out of Memory Error (allocation.cpp:390), pid=11120, tid=10776
#
# JRE version: Java(TM) SE Runtime Environment (8.0_91-b14) (build 1.8.0_91-b14)
# Java VM: Java HotSpot(TM) 64-Bit Server VM (25.91-b14 mixed mode windows-amd64 compressed oops)
# Failed to write core dump. Minidumps are not enabled by default on client versions of Windows
#

---------------  T H R E A D  ---------------

Current thread (0x000000001533b000):  JavaThread "C2 CompilerThread1" daemon [_thread_in_native, id=10776, stack(0x0000000016d50000,0x0000000016e50000)]

Stack: [0x0000000016d50000,0x0000000016e50000]
[error occurred during error reporting (printing stack bounds), id 0xc0000005]

Native frames: (J=compiled Java code, j=interpreted, Vv=VM code, C=native code)


Current CompileTask:
C2:   7938 1340   !   4       com.android.dx.cf.cst.ConstantPoolParser::parse0 (731 bytes)


---------------  P R O C E S S  ---------------

Java Threads: ( => current thread )
  0x00000000168b8000 JavaThread "pool-2-thread-4" [_thread_blocked, id=4752, stack(0x0000000017550000,0x0000000017650000)]
  0x000000001692f000 JavaThread "pool-2-thread-3" [_thread_in_vm, id=7772, stack(0x0000000017450000,0x0000000017550000)]
  0x000000001692e000 JavaThread "pool-2-thread-2" [_thread_blocked, id=8444, stack(0x0000000017350000,0x0000000017450000)]
  0x000000001692b800 JavaThread "pool-3-thread-1" [_thread_blocked, id=6608, stack(0x0000000017250000,0x0000000017350000)]
  0x000000001692a800 JavaThread "pool-2-thread-1" [_thread_in_Java, id=9676, stack(0x0000000017150000,0x0000000017250000)]
  0x00000000166ca800 JavaThread "Service Thread" daemon [_thread_blocked, id=10440, stack(0x0000000016f50000,0x0000000017050000)]
  0x000000001669e000 JavaThread "C1 CompilerThread2" daemon [_thread_blocked, id=7584, stack(0x0000000016e50000,0x0000000016f50000)]
=>0x000000001533b000 JavaThread "C2 CompilerThread1" daemon [_thread_in_native, id=10776, stack(0x0000000016d50000,0x0000000016e50000)]
  0x00000000152ec800 JavaThread "C2 CompilerThread0" daemon [_thread_in_native, id=440, stack(0x0000000016c50000,0x0000000016d50000)]
  0x00000000152ea000 JavaThread "Attach Listener" daemon [_thread_blocked, id=1036, stack(0x0000000016b50000,0x0000000016c50000)]
  0x0000000016658800 JavaThread "Signal Dispatcher" daemon [_thread_blocked, id=6308, stack(0x0000000016a50000,0x0000000016b50000)]
  0x00000000152ca800 JavaThread "Finalizer" daemon [_thread_blocked, id=2348, stack(0x0000000016550000,0x0000000016650000)]
  0x00000000152a9000 JavaThread "Reference Handler" daemon [_thread_blocked, id=10624, stack(0x0000000016450000,0x0000000016550000)]
  0x0000000002b10800 JavaThread "main" [_thread_in_vm, id=10572, stack(0x0000000002a10000,0x0000000002b10000)]

Other Threads:
  0x00000000152a7000 VMThread [stack: 0x0000000016350000,0x0000000016450000] [id=10484]
  0x0000000016719800 WatcherThread [stack: 0x0000000017050000,0x0000000017150000] [id=8488]

VM state:not at safepoint (normal execution)

VM Mutex/Monitor currently owned by a thread: None

Heap:
 PSYoungGen      total 38400K, used 23249K [0x00000000eab00000, 0x00000000ed580000, 0x0000000100000000)
  eden space 33280K, 54% used [0x00000000eab00000,0x00000000ebcb8aa0,0x00000000ecb80000)
  from space 5120K, 99% used [0x00000000ecb80000,0x00000000ed07bb70,0x00000000ed080000)
  to   space 5120K, 0% used [0x00000000ed080000,0x00000000ed080000,0x00000000ed580000)
 ParOldGen       total 87552K, used 351K [0x00000000c0000000, 0x00000000c5580000, 0x00000000eab00000)
  object space 87552K, 0% used [0x00000000c0000000,0x00000000c0057fa0,0x00000000c5580000)
 Metaspace       used 6154K, capacity 6964K, committed 7040K, reserved 1056768K
  class space    used 600K, capacity 620K, committed 640K, reserved 1048576K

Card table byte_map: [0x0000000011fd0000,0x00000000121e0000] byte_map_base: 0x00000000119d0000

Marking Bits: (ParMarkBitMap*) 0x0000000076892f70
 Begin Bits: [0x0000000012740000, 0x0000000013740000)
 End Bits:   [0x0000000013740000, 0x0000000014740000)

Polling page: 0x0000000000c90000

CodeCache: size=245760Kb used=5814Kb max_used=5826Kb free=239945Kb
 bounds [0x0000000002c10000, 0x00000000031d0000, 0x0000000011c10000]
 total_blobs=1699 nmethods=1428 adapters=184
 compilation: enabled

Compilation events (10 events):
Event: 7.910 Thread 0x00000000152ec800 nmethod 1415 0x00000000031bf2d0 code [0x00000000031bf440, 0x00000000031bf6f8]
Event: 7.910 Thread 0x00000000152ec800 1357       4       com.android.dx.rop.type.Type::isCategory2 (36 bytes)
Event: 7.911 Thread 0x00000000152ec800 nmethod 1357 0x0000000003086f10 code [0x0000000003087040, 0x00000000030870b8]
Event: 7.911 Thread 0x00000000152ec800 1428       4       com.android.dx.ssa.SsaMethod::bitSetFromLabelList (47 bytes)
Event: 7.914 Thread 0x000000001669e000 1430       3       com.android.dx.command.dexer.Main::access$1800 (4 bytes)
Event: 7.914 Thread 0x000000001669e000 nmethod 1430 0x00000000031bc510 code [0x00000000031bc660, 0x00000000031bc7b0]
Event: 7.914 Thread 0x000000001669e000 1431       3       com.android.dx.command.dexer.Main::access$2000 (4 bytes)
Event: 7.914 Thread 0x000000001669e000 nmethod 1431 0x00000000031befd0 code [0x00000000031bf120, 0x00000000031bf270]
Event: 7.923 Thread 0x00000000152ec800 nmethod 1428 0x00000000031c0ad0 code [0x00000000031c0c40, 0x00000000031c10c8]
Event: 7.923 Thread 0x00000000152ec800 1432       4       com.android.dx.ssa.SCCP::simulateBranch (666 bytes)

GC Heap History (2 events):
Event: 7.210 GC heap before
{Heap before GC invocations=1 (full 0):
 PSYoungGen      total 38400K, used 33280K [0x00000000eab00000, 0x00000000ed580000, 0x0000000100000000)
  eden space 33280K, 100% used [0x00000000eab00000,0x00000000ecb80000,0x00000000ecb80000)
  from space 5120K, 0% used [0x00000000ed080000,0x00000000ed080000,0x00000000ed580000)
  to   space 5120K, 0% used [0x00000000ecb80000,0x00000000ecb80000,0x00000000ed080000)
 ParOldGen       total 87552K, used 0K [0x00000000c0000000, 0x00000000c5580000, 0x00000000eab00000)
  object space 87552K, 0% used [0x00000000c0000000,0x00000000c0000000,0x00000000c5580000)
 Metaspace       used 6033K, capacity 6900K, committed 7040K, reserved 1056768K
  class space    used 599K, capacity 620K, committed 640K, reserved 1048576K
Event: 7.419 GC heap after
Heap after GC invocations=1 (full 0):
 PSYoungGen      total 38400K, used 5102K [0x00000000eab00000, 0x00000000ed580000, 0x0000000100000000)
  eden space 33280K, 0% used [0x00000000eab00000,0x00000000eab00000,0x00000000ecb80000)
  from space 5120K, 99% used [0x00000000ecb80000,0x00000000ed07bb70,0x00000000ed080000)
  to   space 5120K, 0% used [0x00000000ed080000,0x00000000ed080000,0x00000000ed580000)
 ParOldGen       total 87552K, used 351K [0x00000000c0000000, 0x00000000c5580000, 0x00000000eab00000)
  object space 87552K, 0% used [0x00000000c0000000,0x00000000c0057fa0,0x00000000c5580000)
 Metaspace       used 6033K, capacity 6900K, committed 7040K, reserved 1056768K
  class space    used 599K, capacity 620K, committed 640K, reserved 1048576K
}

Deoptimization events (10 events):
Event: 5.645 Thread 0x0000000002b10800 Uncommon trap: reason=unstable_if action=reinterpret pc=0x0000000002e34cd4 method=java.util.HashMap.getNode(ILjava/lang/Object;)Ljava/util/HashMap$Node; @ 129
Event: 6.347 Thread 0x000000001692e000 Uncommon trap: reason=unstable_if action=reinterpret pc=0x0000000002e68af0 method=java.util.BitSet.nextSetBit(I)I @ 87
Event: 7.422 Thread 0x00000000168b8000 Uncommon trap: reason=class_check action=maybe_recompile pc=0x00000000030a398c method=com.android.dx.ssa.NormalSsaInsn.accept(Lcom/android/dx/ssa/SsaInsn$Visitor;)V @ 9
Event: 7.422 Thread 0x00000000168b8000 Uncommon trap: reason=class_check action=maybe_recompile pc=0x0000000002ee3830 method=com.android.dx.ssa.NormalSsaInsn.accept(Lcom/android/dx/ssa/SsaInsn$Visitor;)V @ 9
Event: 7.422 Thread 0x00000000168b8000 Uncommon trap: reason=class_check action=maybe_recompile pc=0x0000000002ee3830 method=com.android.dx.ssa.NormalSsaInsn.accept(Lcom/android/dx/ssa/SsaInsn$Visitor;)V @ 9
Event: 7.435 Thread 0x00000000168b8000 Uncommon trap: reason=class_check action=maybe_recompile pc=0x00000000030a398c method=com.android.dx.ssa.NormalSsaInsn.accept(Lcom/android/dx/ssa/SsaInsn$Visitor;)V @ 9
Event: 7.435 Thread 0x00000000168b8000 Uncommon trap: reason=class_check action=maybe_recompile pc=0x0000000002ee3830 method=com.android.dx.ssa.NormalSsaInsn.accept(Lcom/android/dx/ssa/SsaInsn$Visitor;)V @ 9
Event: 7.448 Thread 0x00000000168b8000 Uncommon trap: reason=class_check action=maybe_recompile pc=0x0000000002f33994 method=com.android.dx.ssa.NormalSsaInsn.accept(Lcom/android/dx/ssa/SsaInsn$Visitor;)V @ 9
Event: 7.722 Thread 0x00000000168b8000 Uncommon trap: reason=unstable_if action=reinterpret pc=0x00000000030849fc method=com.android.dx.ssa.SsaRenamer$BlockRenamer.addMapping(ILcom/android/dx/rop/code/RegisterSpec;)V @ 120
Event: 7.743 Thread 0x000000001692f000 Uncommon trap: reason=unstable_if action=reinterpret pc=0x0000000003176074 method=com.android.dx.ssa.SsaRenamer$BlockRenamer.visitMoveInsn(Lcom/android/dx/ssa/NormalSsaInsn;)V @ 104

Internal exceptions (2 events):
Event: 0.067 Thread 0x0000000002b10800 Exception <a 'java/lang/NoSuchMethodError': Method sun.misc.Unsafe.defineClass(Ljava/lang/String;[BII)Ljava/lang/Class; name or signature does not match> (0x00000000eab07cc0) thrown at [C:\re\workspace\8-2-build-windows-amd64-cygwin\jdk8u91\6644\hotspot\srJá`^ù9±?
Event: 0.067 Thread 0x0000000002b10800 Exception <a 'java/lang/NoSuchMethodError': Method sun.misc.Unsafe.prefetchRead(Ljava/lang/Object;J)V name or signature does not match> (0x00000000eab07fa8) thrown at [C:\re\workspace\8-2-build-windows-amd64-cygwin\jdk8u91\6644\hotspot\src\share\vm\prims\j

Events (10 events):
Event: 7.496 loading class java/util/DualPivotQuicksort
Event: 7.496 loading class java/util/DualPivotQuicksort done
Event: 7.548 loading class com/android/dx/dex/file/FieldAnnotationStruct
Event: 7.548 loading class com/android/dx/dex/file/FieldAnnotationStruct done
Event: 7.722 Thread 0x00000000168b8000 Uncommon trap: trap_request=0xffffff65 fr.pc=0x00000000030849fc
Event: 7.722 Thread 0x00000000168b8000 DEOPT PACKING pc=0x00000000030849fc sp=0x000000001764ea60
Event: 7.722 Thread 0x00000000168b8000 DEOPT UNPACKING pc=0x0000000002c5582a sp=0x000000001764e9f0 mode 2
Event: 7.743 Thread 0x000000001692f000 Uncommon trap: trap_request=0xffffff65 fr.pc=0x0000000003176074
Event: 7.743 Thread 0x000000001692f000 DEOPT PACKING pc=0x0000000003176074 sp=0x000000001754e850
Event: 7.743 Thread 0x000000001692f000 DEOPT UNPACKING pc=0x0000000002c5582a sp=0x000000001754e718 mode 2


Dynamic libraries:
0x00007ff7b5950000 - 0x00007ff7b5987000 	D:\JAVA_enviroment\bin\java.exe
0x00007ffb1f980000 - 0x00007ffb1fb51000 	C:\WINDOWS\SYSTEM32\ntdll.dll
0x00007ffb1f830000 - 0x00007ffb1f8db000 	C:\WINDOWS\System32\KERNEL32.DLL
0x00007ffb1c920000 - 0x00007ffb1cb3d000 	C:\WINDOWS\System32\KERNELBASE.dll
0x00007ffb1f550000 - 0x00007ffb1f5f2000 	C:\WINDOWS\System32\ADVAPI32.dll
0x00007ffb1db60000 - 0x00007ffb1dbfe000 	C:\WINDOWS\System32\msvcrt.dll
0x00007ffb1db00000 - 0x00007ffb1db59000 	C:\WINDOWS\System32\sechost.dll
0x00007ffb1f110000 - 0x00007ffb1f231000 	C:\WINDOWS\System32\RPCRT4.dll
0x00007ffb1f240000 - 0x00007ffb1f3a5000 	C:\WINDOWS\System32\USER32.dll
0x00007ffb1be70000 - 0x00007ffb1be8e000 	C:\WINDOWS\System32\win32u.dll
0x00007ffb1f940000 - 0x00007ffb1f974000 	C:\WINDOWS\System32\GDI32.dll
0x00007ffb1bfe0000 - 0x00007ffb1c162000 	C:\WINDOWS\System32\gdi32full.dll
0x00007ffb14600000 - 0x00007ffb14879000 	C:\WINDOWS\WinSxS\amd64_microsoft.windows.common-controls_6595b64144ccf1df_6.0.14393.0_none_2d0f50fcbdb171b8\COMCTL32.dll
0x00007ffb1d020000 - 0x00007ffb1d2e7000 	C:\WINDOWS\System32\combase.dll
0x00007ffb1cc40000 - 0x00007ffb1cd35000 	C:\WINDOWS\System32\ucrtbase.dll
0x00007ffb1c170000 - 0x00007ffb1c1da000 	C:\WINDOWS\System32\bcryptPrimitives.dll
0x00007ffb1cf30000 - 0x00007ffb1cf5e000 	C:\WINDOWS\System32\IMM32.DLL
0x0000000075ea0000 - 0x0000000075f72000 	D:\JAVA_enviroment\jre\bin\msvcr100.dll
0x0000000076080000 - 0x0000000076913000 	D:\JAVA_enviroment\jre\bin\server\jvm.dll
0x00007ffb1d990000 - 0x00007ffb1d998000 	C:\WINDOWS\System32\PSAPI.DLL
0x00007ffb19c10000 - 0x00007ffb19c33000 	C:\WINDOWS\SYSTEM32\WINMM.dll
0x00007ffb18c80000 - 0x00007ffb18c89000 	C:\WINDOWS\SYSTEM32\WSOCK32.dll
0x00007ffb16710000 - 0x00007ffb1671a000 	C:\WINDOWS\SYSTEM32\VERSION.dll
0x00007ffb19a80000 - 0x00007ffb19aab000 	C:\WINDOWS\SYSTEM32\WINMMBASE.dll
0x00007ffb1cbf0000 - 0x00007ffb1cc32000 	C:\WINDOWS\System32\cfgmgr32.dll
0x00007ffb1d920000 - 0x00007ffb1d98a000 	C:\WINDOWS\System32\WS2_32.dll
0x0000000050080000 - 0x000000005008f000 	D:\JAVA_enviroment\jre\bin\verify.dll
0x0000000050050000 - 0x0000000050079000 	D:\JAVA_enviroment\jre\bin\java.dll
0x0000000050030000 - 0x0000000050046000 	D:\JAVA_enviroment\jre\bin\zip.dll
0x00007ffb1dc00000 - 0x00007ffb1f108000 	C:\WINDOWS\System32\SHELL32.dll
0x00007ffb1c240000 - 0x00007ffb1c91a000 	C:\WINDOWS\System32\windows.storage.dll
0x00007ffb1be20000 - 0x00007ffb1be6c000 	C:\WINDOWS\System32\powrprof.dll
0x00007ffb1f8e0000 - 0x00007ffb1f932000 	C:\WINDOWS\System32\shlwapi.dll
0x00007ffb1bdf0000 - 0x00007ffb1bdff000 	C:\WINDOWS\System32\kernel.appcore.dll
0x00007ffb1bf30000 - 0x00007ffb1bfd9000 	C:\WINDOWS\System32\shcore.dll
0x00007ffb1be00000 - 0x00007ffb1be14000 	C:\WINDOWS\System32\profapi.dll

VM Arguments:
jvm_args: -Djava.awt.headless=true -Xmx1024M -Dfile.encoding=GBK -Duser.country=CN -Duser.language=zh -Duser.variant 
java_command: com.android.dx.command.Main --dex --force-jumbo --num-threads=4 --multi-dex --output D:\workspace1\FastSport\app\build\intermediates\transforms\dex\debug\folders\1000\10\rxjava-1.1.6_86e26f1c3dc66059aac75630bfcff565fed0690d D:\workspace1\FastSport\app\build\intermediates\exploded-aar\cn.bmob.android\bmob-sdk\3.5.0\jars\libs\rxjava-1.1.6.jar
java_class_path (initial): D:\AndroidStdio_sdk\sdk\build-tools\24.0.0\lib\dx.jar
Launcher Type: SUN_STANDARD

Environment Variables:
JAVA_HOME=D:\JAVA_enviroment
PATH=C:\ProgramData\Oracle\Java\javapath;C:\WINDOWS\system32;C:\WINDOWS;C:\WINDOWS\System32\Wbem;C:\WINDOWS\System32\WindowsPowerShell\v1.0\;D:\JAVA_enviroment\bin;D:\JAVA_enviroment\jre\bin;D:\android_sdk\sdk\tools;C:\Program Files (x86)\NVIDIA Corporation\PhysX\Common;D:\AndroidStdio_sdk\sdk\tools;C:\Program Files (x86)\Microsoft SQL Server\100\Tools\Binn\;C:\Program Files\Microsoft SQL Server\100\Tools\Binn\;C:\Program Files\Microsoft SQL Server\100\DTS\Binn\;C:\Program Files (x86)\Microsoft SQL Server\100\Tools\Binn\VSShell\Common7\IDE\;C:\Program Files (x86)\Microsoft Visual Studio 9.0\Common7\IDE\PrivateAssemblies\;C:\Program Files (x86)\Microsoft SQL Server\100\DTS\Binn\;D:\android_sdk\sdk\platform-tools;D:\android_sdk\sdk\tools;C:\WINDOWS\system32;C:\WINDOWS;C:\WINDOWS\System32\Wbem;C:\WINDOWS\System32\WindowsPowerShell\v1.0\;C:\Users\Administrator\AppData\Local\Microsoft\WindowsApps;
USERNAME=Administrator
OS=Windows_NT
PROCESSOR_IDENTIFIER=Intel64 Family 6 Model 58 Stepping 9, GenuineIntel



---------------  S Y S T E M  ---------------

OS: Windows 10.0 , 64 bit Build 14393 (10.0.14393.0)

CPU:total 4 (2 cores per cpu, 2 threads per core) family 6 model 58 stepping 9, cmov, cx8, fxsr, mmx, sse, sse2, sse3, ssse3, sse4.1, sse4.2, popcnt, avx, aes, clmul, erms, ht, tsc, tscinvbit, tscinv

Memory: 4k page, physical 8271404k(1624568k free), swap 8271404k(5976k free)

vm_info: Java HotSpot(TM) 64-Bit Server VM (25.91-b14) for windows-amd64 JRE (1.8.0_91-b14), built on Apr  1 2016 00:58:32 by "java_re" with MS VC++ 10.0 (VS2010)

time: Sun Oct 02 23:40:24 2016
elapsed time: 7 seconds (0d 0h 0m 7s)

