#
# There is insufficient memory for the Java Runtime Environment to continue.
# Native memory allocation (malloc) failed to allocate 1004496 bytes for Chunk::new
# Possible reasons:
#   The system is out of physical RAM or swap space
#   In 32 bit mode, the process size limit was hit
# Possible solutions:
#   Reduce memory load on the system
#   Increase physical memory or swap space
#   Check if swap backing store is full
#   Use 64 bit Java on a 64 bit OS
#   Decrease Java heap size (-Xmx/-Xms)
#   Decrease number of Java threads
#   Decrease Java thread stack sizes (-Xss)
#   Set larger code cache with -XX:ReservedCodeCacheSize=
# This output file may be truncated or incomplete.
#
#  Out of Memory Error (allocation.cpp:390), pid=10572, tid=10008
#
# JRE version: Java(TM) SE Runtime Environment (8.0_91-b14) (build 1.8.0_91-b14)
# Java VM: Java HotSpot(TM) 64-Bit Server VM (25.91-b14 mixed mode windows-amd64 compressed oops)
# Failed to write core dump. Minidumps are not enabled by default on client versions of Windows
#

---------------  T H R E A D  ---------------

Current thread (0x00000000159ab800):  JavaThread "C2 CompilerThread0" daemon [_thread_in_native, id=10008, stack(0x0000000017410000,0x0000000017510000)]

Stack: [0x0000000017410000,0x0000000017510000]
[error occurred during error reporting (printing stack bounds), id 0xc0000005]

Native frames: (J=compiled Java code, j=interpreted, Vv=VM code, C=native code)


Current CompileTask:
C2:   3652 1557       4       com.android.dx.ssa.SCCP::simulatePhi (169 bytes)


---------------  P R O C E S S  ---------------

Java Threads: ( => current thread )
  0x0000000016e91800 JavaThread "Service Thread" daemon [_thread_blocked, id=4484, stack(0x0000000017710000,0x0000000017810000)]
  0x0000000016e39000 JavaThread "C1 CompilerThread2" daemon [_thread_blocked, id=1028, stack(0x0000000017610000,0x0000000017710000)]
  0x00000000159ad800 JavaThread "C2 CompilerThread1" daemon [_thread_in_native, id=10188, stack(0x0000000017510000,0x0000000017610000)]
=>0x00000000159ab800 JavaThread "C2 CompilerThread0" daemon [_thread_in_native, id=10008, stack(0x0000000017410000,0x0000000017510000)]
  0x000000001595d000 JavaThread "Attach Listener" daemon [_thread_blocked, id=10920, stack(0x0000000017310000,0x0000000017410000)]
  0x000000001595c000 JavaThread "Signal Dispatcher" daemon [_thread_blocked, id=2276, stack(0x0000000017210000,0x0000000017310000)]
  0x000000000327a800 JavaThread "Finalizer" daemon [_thread_blocked, id=204, stack(0x0000000016bb0000,0x0000000016cb0000)]
  0x0000000015919000 JavaThread "Reference Handler" daemon [_thread_blocked, id=3736, stack(0x0000000016ab0000,0x0000000016bb0000)]
  0x0000000003180800 JavaThread "main" [_thread_in_Java, id=944, stack(0x0000000002cf0000,0x0000000002df0000)]

Other Threads:
  0x0000000015917000 VMThread [stack: 0x00000000169b0000,0x0000000016ab0000] [id=10764]
  0x0000000016ec4800 WatcherThread [stack: 0x0000000017810000,0x0000000017910000] [id=11004]

VM state:not at safepoint (normal execution)

VM Mutex/Monitor currently owned by a thread: None

Heap:
 PSYoungGen      total 38400K, used 12588K [0x00000000eab00000, 0x00000000ed580000, 0x0000000100000000)
  eden space 33280K, 22% used [0x00000000eab00000,0x00000000eb24b2b8,0x00000000ecb80000)
  from space 5120K, 99% used [0x00000000ecb80000,0x00000000ed07fe90,0x00000000ed080000)
  to   space 5120K, 0% used [0x00000000ed080000,0x00000000ed080000,0x00000000ed580000)
 ParOldGen       total 87552K, used 11332K [0x00000000c0000000, 0x00000000c5580000, 0x00000000eab00000)
  object space 87552K, 12% used [0x00000000c0000000,0x00000000c0b11060,0x00000000c5580000)
 Metaspace       used 6228K, capacity 7152K, committed 7296K, reserved 1056768K
  class space    used 608K, capacity 616K, committed 640K, reserved 1048576K

Card table byte_map: [0x0000000012640000,0x0000000012850000] byte_map_base: 0x0000000012040000

Marking Bits: (ParMarkBitMap*) 0x0000000057982f70
 Begin Bits: [0x0000000012db0000, 0x0000000013db0000)
 End Bits:   [0x0000000013db0000, 0x0000000014db0000)

Polling page: 0x0000000001530000

CodeCache: size=245760Kb used=6949Kb max_used=6949Kb free=238810Kb
 bounds [0x0000000003280000, 0x0000000003950000, 0x0000000012280000]
 total_blobs=1871 nmethods=1605 adapters=178
 compilation: disabled (not enough contiguous free space left)

Compilation events (10 events):
Event: 3.379 Thread 0x00000000159ad800 nmethod 1555 0x000000000393ead0 code [0x000000000393f020, 0x00000000039422a0]
Event: 3.379 Thread 0x00000000159ad800 1577       4       com.android.dx.ssa.SsaMethod::getUseListCopy (56 bytes)
Event: 3.382 Thread 0x00000000159ab800 nmethod 1573 0x0000000003948350 code [0x00000000039484c0, 0x0000000003948a98]
Event: 3.382 Thread 0x00000000159ab800 1557       4       com.android.dx.ssa.SCCP::simulatePhi (169 bytes)
Event: 3.388 Thread 0x00000000159ad800 nmethod 1577 0x0000000003948e50 code [0x0000000003948fc0, 0x0000000003949548]
Event: 3.388 Thread 0x00000000159ad800 1565       4       com.android.dx.ssa.back.SsaToRop$1::visitBlock (97 bytes)
Event: 3.437 Thread 0x00000000159ad800 nmethod 1565 0x000000000394c510 code [0x000000000394c720, 0x000000000394dba8]
Event: 3.438 Thread 0x00000000159ad800 1450   !   4       com.android.dx.rop.code.LocalVariableInfo::setStarts (40 bytes)
Event: 3.439 Thread 0x00000000159ad800 nmethod 1450 0x0000000003927410 code [0x0000000003927560, 0x0000000003927658]
Event: 3.473 Thread 0x00000000159ad800 1602       4       com.android.dx.ssa.back.LivenessAnalyzer::<init> (55 bytes)

GC Heap History (6 events):
Event: 1.683 GC heap before
{Heap before GC invocations=1 (full 0):
 PSYoungGen      total 38400K, used 33280K [0x00000000eab00000, 0x00000000ed580000, 0x0000000100000000)
  eden space 33280K, 100% used [0x00000000eab00000,0x00000000ecb80000,0x00000000ecb80000)
  from space 5120K, 0% used [0x00000000ed080000,0x00000000ed080000,0x00000000ed580000)
  to   space 5120K, 0% used [0x00000000ecb80000,0x00000000ecb80000,0x00000000ed080000)
 ParOldGen       total 87552K, used 0K [0x00000000c0000000, 0x00000000c5580000, 0x00000000eab00000)
  object space 87552K, 0% used [0x00000000c0000000,0x00000000c0000000,0x00000000c5580000)
 Metaspace       used 5905K, capacity 6960K, committed 7040K, reserved 1056768K
  class space    used 592K, capacity 616K, committed 640K, reserved 1048576K
Event: 1.779 GC heap after
Heap after GC invocations=1 (full 0):
 PSYoungGen      total 38400K, used 5099K [0x00000000eab00000, 0x00000000ed580000, 0x0000000100000000)
  eden space 33280K, 0% used [0x00000000eab00000,0x00000000eab00000,0x00000000ecb80000)
  from space 5120K, 99% used [0x00000000ecb80000,0x00000000ed07ad98,0x00000000ed080000)
  to   space 5120K, 0% used [0x00000000ed080000,0x00000000ed080000,0x00000000ed580000)
 ParOldGen       total 87552K, used 2263K [0x00000000c0000000, 0x00000000c5580000, 0x00000000eab00000)
  object space 87552K, 2% used [0x00000000c0000000,0x00000000c0235c28,0x00000000c5580000)
 Metaspace       used 5905K, capacity 6960K, committed 7040K, reserved 1056768K
  class space    used 592K, capacity 616K, committed 640K, reserved 1048576K
}
Event: 3.015 GC heap before
{Heap before GC invocations=2 (full 0):
 PSYoungGen      total 38400K, used 38379K [0x00000000eab00000, 0x00000000ed580000, 0x0000000100000000)
  eden space 33280K, 100% used [0x00000000eab00000,0x00000000ecb80000,0x00000000ecb80000)
  from space 5120K, 99% used [0x00000000ecb80000,0x00000000ed07ad98,0x00000000ed080000)
  to   space 5120K, 0% used [0x00000000ed080000,0x00000000ed080000,0x00000000ed580000)
 ParOldGen       total 87552K, used 2263K [0x00000000c0000000, 0x00000000c5580000, 0x00000000eab00000)
  object space 87552K, 2% used [0x00000000c0000000,0x00000000c0235c28,0x00000000c5580000)
 Metaspace       used 6078K, capacity 7088K, committed 7296K, reserved 1056768K
  class space    used 592K, capacity 616K, committed 640K, reserved 1048576K
Event: 3.044 GC heap after
Heap after GC invocations=2 (full 0):
 PSYoungGen      total 38400K, used 5097K [0x00000000eab00000, 0x00000000ed580000, 0x0000000100000000)
  eden space 33280K, 0% used [0x00000000eab00000,0x00000000eab00000,0x00000000ecb80000)
  from space 5120K, 99% used [0x00000000ed080000,0x00000000ed57a6b8,0x00000000ed580000)
  to   space 5120K, 0% used [0x00000000ecb80000,0x00000000ecb80000,0x00000000ed080000)
 ParOldGen       total 87552K, used 6940K [0x00000000c0000000, 0x00000000c5580000, 0x00000000eab00000)
  object space 87552K, 7% used [0x00000000c0000000,0x00000000c06c7080,0x00000000c5580000)
 Metaspace       used 6078K, capacity 7088K, committed 7296K, reserved 1056768K
  class space    used 592K, capacity 616K, committed 640K, reserved 1048576K
}
Event: 3.357 GC heap before
{Heap before GC invocations=3 (full 0):
 PSYoungGen      total 38400K, used 38377K [0x00000000eab00000, 0x00000000ed580000, 0x0000000100000000)
  eden space 33280K, 100% used [0x00000000eab00000,0x00000000ecb80000,0x00000000ecb80000)
  from space 5120K, 99% used [0x00000000ed080000,0x00000000ed57a6b8,0x00000000ed580000)
  to   space 5120K, 0% used [0x00000000ecb80000,0x00000000ecb80000,0x00000000ed080000)
 ParOldGen       total 87552K, used 6940K [0x00000000c0000000, 0x00000000c5580000, 0x00000000eab00000)
  object space 87552K, 7% used [0x00000000c0000000,0x00000000c06c7080,0x00000000c5580000)
 Metaspace       used 6104K, capacity 7088K, committed 7296K, reserved 1056768K
  class space    used 593K, capacity 616K, committed 640K, reserved 1048576K
Event: 3.373 GC heap after
Heap after GC invocations=3 (full 0):
 PSYoungGen      total 38400K, used 5119K [0x00000000eab00000, 0x00000000ed580000, 0x0000000100000000)
  eden space 33280K, 0% used [0x00000000eab00000,0x00000000eab00000,0x00000000ecb80000)
  from space 5120K, 99% used [0x00000000ecb80000,0x00000000ed07fe90,0x00000000ed080000)
  to   space 5120K, 0% used [0x00000000ed080000,0x00000000ed080000,0x00000000ed580000)
 ParOldGen       total 87552K, used 11332K [0x00000000c0000000, 0x00000000c5580000, 0x00000000eab00000)
  object space 87552K, 12% used [0x00000000c0000000,0x00000000c0b11060,0x00000000c5580000)
 Metaspace       used 6104K, capacity 7088K, committed 7296K, reserved 1056768K
  class space    used 593K, capacity 616K, committed 640K, reserved 1048576K
}

Deoptimization events (10 events):
Event: 3.062 Thread 0x00000000170b6000 Uncommon trap: reason=class_check action=maybe_recompile pc=0x0000000003679288 method=java.util.HashMap.putVal(ILjava/lang/Object;Ljava/lang/Object;ZZ)Ljava/lang/Object; @ 203
Event: 3.062 Thread 0x00000000170b6000 Uncommon trap: reason=bimorphic action=maybe_recompile pc=0x00000000035697d4 method=java.util.HashMap.getNode(ILjava/lang/Object;)Ljava/util/HashMap$Node; @ 126
Event: 3.062 Thread 0x00000000170b6000 Uncommon trap: reason=class_check action=maybe_recompile pc=0x0000000003679288 method=java.util.HashMap.putVal(ILjava/lang/Object;Ljava/lang/Object;ZZ)Ljava/lang/Object; @ 203
Event: 3.062 Thread 0x00000000170b6000 Uncommon trap: reason=bimorphic action=maybe_recompile pc=0x00000000035697d4 method=java.util.HashMap.getNode(ILjava/lang/Object;)Ljava/util/HashMap$Node; @ 126
Event: 3.062 Thread 0x00000000170b6000 Uncommon trap: reason=bimorphic action=maybe_recompile pc=0x00000000035697d4 method=java.util.HashMap.getNode(ILjava/lang/Object;)Ljava/util/HashMap$Node; @ 126
Event: 3.062 Thread 0x00000000170b6000 Uncommon trap: reason=class_check action=maybe_recompile pc=0x00000000037160e8 method=java.util.HashMap.putVal(ILjava/lang/Object;Ljava/lang/Object;ZZ)Ljava/lang/Object; @ 203
Event: 3.069 Thread 0x0000000016f93000 Uncommon trap: reason=unstable_if action=reinterpret pc=0x00000000038813c8 method=com.android.dx.ssa.SsaRenamer$BlockRenamer.process()V @ 90
Event: 3.083 Thread 0x00000000170b5800 Uncommon trap: reason=unstable_if action=reinterpret pc=0x0000000003823ae4 method=com.android.dx.rop.code.RegisterSpecSet.put(Lcom/android/dx/rop/code/RegisterSpec;)V @ 77
Event: 3.288 Thread 0x0000000016f93000 Uncommon trap: reason=unstable_if action=reinterpret pc=0x0000000003653cbc method=com.android.dx.util.IntList.binarysearch(I)I @ 105
Event: 3.289 Thread 0x0000000016f93000 Uncommon trap: reason=unstable_if action=reinterpret pc=0x00000000037c67d8 method=com.android.dx.ssa.SsaBasicBlock.newFromRop(Lcom/android/dx/rop/code/RopMethod;ILcom/android/dx/ssa/SsaMethod;)Lcom/android/dx/ssa/SsaBasicBlock; @ 164

Internal exceptions (3 events):
Event: 0.150 Thread 0x0000000003180800 Exception <a 'java/lang/NoSuchMethodError': Method sun.misc.Unsafe.defineClass(Ljava/lang/String;[BII)Ljava/lang/Class; name or signature does not match> (0x00000000eab07cc0) thrown at [C:\re\workspace\8-2-build-windows-amd64-cygwin\jdk8u91\6644\hotspot\sråð‚Ñ:Ã?
Event: 0.150 Thread 0x0000000003180800 Exception <a 'java/lang/NoSuchMethodError': Method sun.misc.Unsafe.prefetchRead(Ljava/lang/Object;J)V name or signature does not match> (0x00000000eab07fa8) thrown at [C:\re\workspace\8-2-build-windows-amd64-cygwin\jdk8u91\6644\hotspot\src\share\vm\prims\j9œƒò¹M@
Event: 2.288 Thread 0x00000000170b5800 Implicit null exception at 0x000000000353612e to 0x0000000003537645

Events (10 events):
Event: 3.288 Thread 0x0000000016f93000 Uncommon trap: trap_request=0xffffff65 fr.pc=0x0000000003653cbc
Event: 3.288 Thread 0x0000000016f93000 DEOPT PACKING pc=0x0000000003653cbc sp=0x0000000017a0e5c0
Event: 3.289 Thread 0x0000000016f93000 DEOPT UNPACKING pc=0x00000000032c582a sp=0x0000000017a0e538 mode 2
Event: 3.289 Thread 0x0000000016f93000 Uncommon trap: trap_request=0xffffff65 fr.pc=0x00000000037c67d8
Event: 3.289 Thread 0x0000000016f93000 DEOPT PACKING pc=0x00000000037c67d8 sp=0x0000000017a0e6c0
Event: 3.289 Thread 0x0000000016f93000 DEOPT UNPACKING pc=0x00000000032c582a sp=0x0000000017a0e6c8 mode 2
Event: 3.323 Thread 0x0000000016f93000 DEOPT PACKING pc=0x00000000038e97dc sp=0x0000000017a0e620
Event: 3.323 Thread 0x0000000016f93000 DEOPT UNPACKING pc=0x00000000032c787f sp=0x0000000017a0e3c8 mode 0
Event: 3.356 Executing VM operation: ParallelGCFailedAllocation
Event: 3.373 Executing VM operation: ParallelGCFailedAllocation done


Dynamic libraries:
0x00007ff729440000 - 0x00007ff729477000 	D:\JAVA_enviroment\bin\java.exe
0x00007ffd1b930000 - 0x00007ffd1bb01000 	C:\WINDOWS\SYSTEM32\ntdll.dll
0x00007ffd1a370000 - 0x00007ffd1a41b000 	C:\WINDOWS\System32\KERNEL32.DLL
0x00007ffd18340000 - 0x00007ffd1855d000 	C:\WINDOWS\System32\KERNELBASE.dll
0x00007ffd19050000 - 0x00007ffd190f2000 	C:\WINDOWS\System32\ADVAPI32.dll
0x00007ffd19f40000 - 0x00007ffd19fde000 	C:\WINDOWS\System32\msvcrt.dll
0x00007ffd18ff0000 - 0x00007ffd19049000 	C:\WINDOWS\System32\sechost.dll
0x00007ffd19100000 - 0x00007ffd19221000 	C:\WINDOWS\System32\RPCRT4.dll
0x00007ffd197c0000 - 0x00007ffd19925000 	C:\WINDOWS\System32\USER32.dll
0x00007ffd17f70000 - 0x00007ffd17f8e000 	C:\WINDOWS\System32\win32u.dll
0x00007ffd18ec0000 - 0x00007ffd18ef4000 	C:\WINDOWS\System32\GDI32.dll
0x00007ffd18040000 - 0x00007ffd181c2000 	C:\WINDOWS\System32\gdi32full.dll
0x00007ffd128b0000 - 0x00007ffd12b29000 	C:\WINDOWS\WinSxS\amd64_microsoft.windows.common-controls_6595b64144ccf1df_6.0.14393.0_none_2d0f50fcbdb171b8\COMCTL32.dll
0x00007ffd19a30000 - 0x00007ffd19cf7000 	C:\WINDOWS\System32\combase.dll
0x00007ffd18240000 - 0x00007ffd18335000 	C:\WINDOWS\System32\ucrtbase.dll
0x00007ffd181d0000 - 0x00007ffd1823a000 	C:\WINDOWS\System32\bcryptPrimitives.dll
0x00007ffd1a180000 - 0x00007ffd1a1ae000 	C:\WINDOWS\System32\IMM32.DLL
0x0000000056a90000 - 0x0000000056b62000 	D:\JAVA_enviroment\jre\bin\msvcr100.dll
0x0000000057170000 - 0x0000000057a03000 	D:\JAVA_enviroment\jre\bin\server\jvm.dll
0x00007ffd197b0000 - 0x00007ffd197b8000 	C:\WINDOWS\System32\PSAPI.DLL
0x00007ffd14d30000 - 0x00007ffd14d39000 	C:\WINDOWS\SYSTEM32\WSOCK32.dll
0x00007ffd19e60000 - 0x00007ffd19eca000 	C:\WINDOWS\System32\WS2_32.dll
0x00007ffd16250000 - 0x00007ffd16273000 	C:\WINDOWS\SYSTEM32\WINMM.dll
0x00007ffd14180000 - 0x00007ffd1418a000 	C:\WINDOWS\SYSTEM32\VERSION.dll
0x00007ffd161f0000 - 0x00007ffd1621b000 	C:\WINDOWS\SYSTEM32\WINMMBASE.dll
0x00007ffd17e20000 - 0x00007ffd17e62000 	C:\WINDOWS\System32\cfgmgr32.dll
0x0000000057080000 - 0x000000005708f000 	D:\JAVA_enviroment\jre\bin\verify.dll
0x0000000057050000 - 0x0000000057079000 	D:\JAVA_enviroment\jre\bin\java.dll
0x0000000057030000 - 0x0000000057046000 	D:\JAVA_enviroment\jre\bin\zip.dll
0x00007ffd1a420000 - 0x00007ffd1b928000 	C:\WINDOWS\System32\SHELL32.dll
0x00007ffd187e0000 - 0x00007ffd18eba000 	C:\WINDOWS\System32\windows.storage.dll
0x00007ffd17dc0000 - 0x00007ffd17e0c000 	C:\WINDOWS\System32\powrprof.dll
0x00007ffd1a250000 - 0x00007ffd1a2a2000 	C:\WINDOWS\System32\shlwapi.dll
0x00007ffd17e10000 - 0x00007ffd17e1f000 	C:\WINDOWS\System32\kernel.appcore.dll
0x00007ffd18730000 - 0x00007ffd187d9000 	C:\WINDOWS\System32\shcore.dll
0x00007ffd17da0000 - 0x00007ffd17db4000 	C:\WINDOWS\System32\profapi.dll

VM Arguments:
jvm_args: -Djava.awt.headless=true -Xmx1024M -Dfile.encoding=GBK -Duser.country=CN -Duser.language=zh -Duser.variant 
java_command: com.android.dx.command.Main --dex --force-jumbo --num-threads=4 --output D:\workspace1\FastSport\app\build\intermediates\pre-dexed\debug\com.android.support-support-fragment-24.2.1_a69182bbee029070eff97374456f46c516d3320d.jar D:\workspace1\FastSport\app\build\intermediates\exploded-aar\com.android.support\support-fragment\24.2.1\jars\classes.jar
java_class_path (initial): D:\AndroidStdio_sdk\sdk\build-tools\24.0.0\lib\dx.jar
Launcher Type: SUN_STANDARD

Environment Variables:
JAVA_HOME=D:\JAVA_enviroment
PATH=C:\ProgramData\Oracle\Java\javapath;C:\WINDOWS\system32;C:\WINDOWS;C:\WINDOWS\System32\Wbem;C:\WINDOWS\System32\WindowsPowerShell\v1.0\;D:\JAVA_enviroment\bin;D:\JAVA_enviroment\jre\bin;D:\android_sdk\sdk\tools;C:\Program Files (x86)\NVIDIA Corporation\PhysX\Common;D:\AndroidStdio_sdk\sdk\tools;C:\Program Files (x86)\Microsoft SQL Server\100\Tools\Binn\;C:\Program Files\Microsoft SQL Server\100\Tools\Binn\;C:\Program Files\Microsoft SQL Server\100\DTS\Binn\;C:\Program Files (x86)\Microsoft SQL Server\100\Tools\Binn\VSShell\Common7\IDE\;C:\Program Files (x86)\Microsoft Visual Studio 9.0\Common7\IDE\PrivateAssemblies\;C:\Program Files (x86)\Microsoft SQL Server\100\DTS\Binn\;D:\android_sdk\sdk\platform-tools;D:\android_sdk\sdk\tools;C:\WINDOWS\system32;C:\WINDOWS;C:\WINDOWS\System32\Wbem;C:\WINDOWS\System32\WindowsPowerShell\v1.0\;C:\Users\Administrator\AppData\Local\Microsoft\WindowsApps;
USERNAME=Administrator
OS=Windows_NT
PROCESSOR_IDENTIFIER=Intel64 Family 6 Model 58 Stepping 9, GenuineIntel



---------------  S Y S T E M  ---------------

OS: Windows 10.0 , 64 bit Build 14393 (10.0.14393.0)

CPU:total 4 (2 cores per cpu, 2 threads per core) family 6 model 58 stepping 9, cmov, cx8, fxsr, mmx, sse, sse2, sse3, ssse3, sse4.1, sse4.2, popcnt, avx, aes, clmul, erms, ht, tsc, tscinvbit, tscinv

Memory: 4k page, physical 8271404k(876876k free), swap 8271404k(2964k free)

vm_info: Java HotSpot(TM) 64-Bit Server VM (25.91-b14) for windows-amd64 JRE (1.8.0_91-b14), built on Apr  1 2016 00:58:32 by "java_re" with MS VC++ 10.0 (VS2010)

time: Tue Oct 18 10:53:05 2016
elapsed time: 3 seconds (0d 0h 0m 3s)

