#
# There is insufficient memory for the Java Runtime Environment to continue.
# Native memory allocation (malloc) failed to allocate 345136 bytes for Chunk::new
# Possible reasons:
#   The system is out of physical RAM or swap space
#   In 32 bit mode, the process size limit was hit
# Possible solutions:
#   Reduce memory load on the system
#   Increase physical memory or swap space
#   Check if swap backing store is full
#   Use 64 bit Java on a 64 bit OS
#   Decrease Java heap size (-Xmx/-Xms)
#   Decrease number of Java threads
#   Decrease Java thread stack sizes (-Xss)
#   Set larger code cache with -XX:ReservedCodeCacheSize=
# This output file may be truncated or incomplete.
#
#  Out of Memory Error (allocation.cpp:390), pid=8420, tid=4848
#
# JRE version: Java(TM) SE Runtime Environment (8.0_91-b14) (build 1.8.0_91-b14)
# Java VM: Java HotSpot(TM) 64-Bit Server VM (25.91-b14 mixed mode windows-amd64 compressed oops)
# Failed to write core dump. Minidumps are not enabled by default on client versions of Windows
#

---------------  T H R E A D  ---------------

Current thread (0x0000000015b1a000):  JavaThread "C2 CompilerThread0" daemon [_thread_in_native, id=4848, stack(0x0000000017420000,0x0000000017520000)]

Stack: [0x0000000017420000,0x0000000017520000]
[error occurred during error reporting (printing stack bounds), id 0xc0000005]

Native frames: (J=compiled Java code, j=interpreted, Vv=VM code, C=native code)


Current CompileTask:
C2:   8308  215   !   4       com.android.dx.cf.cst.ConstantPoolParser::parse0 (731 bytes)


---------------  P R O C E S S  ---------------

Java Threads: ( => current thread )
  0x0000000017e01000 JavaThread "pool-2-thread-4" [_thread_blocked, id=7668, stack(0x0000000018520000,0x0000000018620000)]
  0x000000001709d000 JavaThread "pool-2-thread-3" [_thread_in_Java, id=5824, stack(0x0000000017c20000,0x0000000017d20000)]
  0x0000000017092800 JavaThread "pool-2-thread-2" [_thread_blocked, id=7140, stack(0x0000000017b20000,0x0000000017c20000)]
  0x0000000016f66800 JavaThread "pool-3-thread-1" [_thread_blocked, id=12452, stack(0x0000000017a20000,0x0000000017b20000)]
  0x0000000016f66000 JavaThread "pool-2-thread-1" [_thread_in_Java, id=5804, stack(0x0000000017920000,0x0000000017a20000)]
  0x0000000016e7c000 JavaThread "Service Thread" daemon [_thread_blocked, id=8316, stack(0x0000000017720000,0x0000000017820000)]
  0x0000000016e77000 JavaThread "C1 CompilerThread2" daemon [_thread_blocked, id=9948, stack(0x0000000017620000,0x0000000017720000)]
  0x0000000016e74800 JavaThread "C2 CompilerThread1" daemon [_thread_blocked, id=1796, stack(0x0000000017520000,0x0000000017620000)]
=>0x0000000015b1a000 JavaThread "C2 CompilerThread0" daemon [_thread_in_native, id=4848, stack(0x0000000017420000,0x0000000017520000)]
  0x0000000015acc800 JavaThread "Attach Listener" daemon [_thread_blocked, id=8232, stack(0x0000000017320000,0x0000000017420000)]
  0x0000000016e28800 JavaThread "Signal Dispatcher" daemon [_thread_blocked, id=12428, stack(0x0000000017220000,0x0000000017320000)]
  0x0000000015aaa000 JavaThread "Finalizer" daemon [_thread_blocked, id=13120, stack(0x0000000016d20000,0x0000000016e20000)]
  0x0000000015a89000 JavaThread "Reference Handler" daemon [_thread_blocked, id=9452, stack(0x0000000016c20000,0x0000000016d20000)]
  0x00000000032f0800 JavaThread "main" [_thread_blocked, id=8280, stack(0x00000000030f0000,0x00000000031f0000)]

Other Threads:
  0x0000000015a87000 VMThread [stack: 0x0000000016b20000,0x0000000016c20000] [id=7964]
  0x0000000016e94800 WatcherThread [stack: 0x0000000017820000,0x0000000017920000] [id=3780]

VM state:not at safepoint (normal execution)

VM Mutex/Monitor currently owned by a thread: None

Heap:
 PSYoungGen      total 38400K, used 10063K [0x00000000eab00000, 0x00000000ed580000, 0x0000000100000000)
  eden space 33280K, 30% used [0x00000000eab00000,0x00000000eb4d3e50,0x00000000ecb80000)
  from space 5120K, 0% used [0x00000000ed080000,0x00000000ed080000,0x00000000ed580000)
  to   space 5120K, 0% used [0x00000000ecb80000,0x00000000ecb80000,0x00000000ed080000)
 ParOldGen       total 87552K, used 0K [0x00000000c0000000, 0x00000000c5580000, 0x00000000eab00000)
  object space 87552K, 0% used [0x00000000c0000000,0x00000000c0000000,0x00000000c5580000)
 Metaspace       used 4807K, capacity 6000K, committed 6272K, reserved 1056768K
  class space    used 528K, capacity 552K, committed 640K, reserved 1048576K

Card table byte_map: [0x00000000127b0000,0x00000000129c0000] byte_map_base: 0x00000000121b0000

Marking Bits: (ParMarkBitMap*) 0x0000000063692f70
 Begin Bits: [0x0000000012f20000, 0x0000000013f20000)
 End Bits:   [0x0000000013f20000, 0x0000000014f20000)

Polling page: 0x0000000001270000

CodeCache: size=245760Kb used=2114Kb max_used=2125Kb free=243645Kb
 bounds [0x00000000033f0000, 0x0000000003660000, 0x00000000123f0000]
 total_blobs=721 nmethods=462 adapters=172
 compilation: enabled

Compilation events (10 events):
Event: 8.078 Thread 0x0000000016e77000 nmethod 389 0x00000000035dfed0 code [0x00000000035e0040, 0x00000000035e0350]
Event: 8.078 Thread 0x0000000016e77000  390       3       java.util.Arrays::copyOf (46 bytes)
Event: 8.080 Thread 0x0000000016e77000 nmethod 390 0x00000000035e03d0 code [0x00000000035e0580, 0x00000000035e0c28]
Event: 8.080 Thread 0x0000000016e77000  391       3       java.util.HashMap::get (23 bytes)
Event: 8.081 Thread 0x0000000016e77000 nmethod 391 0x00000000035e0e10 code [0x00000000035e0fa0, 0x00000000035e1398]
Event: 8.081 Thread 0x0000000016e77000  392  s    3       java.util.Vector::addElement (38 bytes)
Event: 8.082 Thread 0x0000000016e77000 nmethod 392 0x00000000035e1510 code [0x00000000035e16a0, 0x00000000035e1bc8]
Event: 8.083 Thread 0x0000000016e77000  393       3       java.util.Arrays::copyOf (13 bytes)
Event: 8.084 Thread 0x0000000016e77000 nmethod 393 0x00000000035e1dd0 code [0x00000000035e1f40, 0x00000000035e2148]
Event: 8.085 Thread 0x0000000016e77000  394       3       java.util.ArrayList::grow (45 bytes)

GC Heap History (0 events):
No events

Deoptimization events (6 events):
Event: 6.673 Thread 0x00000000032f0800 Uncommon trap: reason=unstable_if action=reinterpret pc=0x0000000003578e78 method=com.android.dx.rop.cst.StdConstantPool.set(ILcom/android/dx/rop/cst/Constant;)V @ 12
Event: 7.851 Thread 0x0000000017e01000 Uncommon trap: reason=class_check action=maybe_recompile pc=0x000000000359859c method=java.util.HashMap.getNode(ILjava/lang/Object;)Ljava/util/HashMap$Node; @ 126
Event: 7.867 Thread 0x0000000017e01000 Uncommon trap: reason=class_check action=maybe_recompile pc=0x000000000359859c method=java.util.HashMap.getNode(ILjava/lang/Object;)Ljava/util/HashMap$Node; @ 126
Event: 7.868 Thread 0x0000000017e01000 Uncommon trap: reason=class_check action=maybe_recompile pc=0x000000000359859c method=java.util.HashMap.getNode(ILjava/lang/Object;)Ljava/util/HashMap$Node; @ 126
Event: 7.871 Thread 0x0000000017e01000 Uncommon trap: reason=unstable_if action=reinterpret pc=0x0000000003598560 method=java.util.HashMap.getNode(ILjava/lang/Object;)Ljava/util/HashMap$Node; @ 62
Event: 7.872 Thread 0x0000000017e01000 Uncommon trap: reason=unstable_if action=reinterpret pc=0x000000000359a278 method=java.util.HashMap.getNode(ILjava/lang/Object;)Ljava/util/HashMap$Node; @ 62

Internal exceptions (2 events):
Event: 0.601 Thread 0x00000000032f0800 Exception <a 'java/lang/NoSuchMethodError': Method sun.misc.Unsafe.defineClass(Ljava/lang/String;[BII)Ljava/lang/Class; name or signature does not match> (0x00000000eab07cc0) thrown at [C:\re\workspace\8-2-build-windows-amd64-cygwin\jdk8u91\6644\hotspot\srL€ÅƒØ@„?
Event: 0.602 Thread 0x00000000032f0800 Exception <a 'java/lang/NoSuchMethodError': Method sun.misc.Unsafe.prefetchRead(Ljava/lang/Object;J)V name or signature does not match> (0x00000000eab07fa8) thrown at [C:\re\workspace\8-2-build-windows-amd64-cygwin\jdk8u91\6644\hotspot\src\share\vm\prims\j

Events (10 events):
Event: 8.070 Executing VM operation: RevokeBias done
Event: 8.071 loading class com/android/dx/ssa/Dominators$DfsWalker
Event: 8.071 loading class com/android/dx/ssa/Dominators$DfsWalker done
Event: 8.078 loading class com/android/dx/ssa/SetFactory
Event: 8.078 loading class com/android/dx/ssa/SetFactory done
Event: 8.079 loading class com/android/dx/util/IntSet
Event: 8.079 loading class com/android/dx/util/IntSet done
Event: 8.080 loading class com/android/dx/util/BitIntSet
Event: 8.080 loading class com/android/dx/util/BitIntSet done
Event: 8.086 Executing VM operation: RevokeBias


Dynamic libraries:
0x00007ff69c4b0000 - 0x00007ff69c4e7000 	D:\JAVA_enviroment\bin\java.exe
0x00007ffcc44d0000 - 0x00007ffcc46a1000 	C:\WINDOWS\SYSTEM32\ntdll.dll
0x00007ffcc3c80000 - 0x00007ffcc3d2b000 	C:\WINDOWS\System32\KERNEL32.DLL
0x00007ffcc09c0000 - 0x00007ffcc0bdd000 	C:\WINDOWS\System32\KERNELBASE.dll
0x00007ffcc3480000 - 0x00007ffcc3522000 	C:\WINDOWS\System32\ADVAPI32.dll
0x00007ffcc33e0000 - 0x00007ffcc347e000 	C:\WINDOWS\System32\msvcrt.dll
0x00007ffcc1e70000 - 0x00007ffcc1ec9000 	C:\WINDOWS\System32\sechost.dll
0x00007ffcc1ad0000 - 0x00007ffcc1bf1000 	C:\WINDOWS\System32\RPCRT4.dll
0x00007ffcc4060000 - 0x00007ffcc41c5000 	C:\WINDOWS\System32\USER32.dll
0x00007ffcc1610000 - 0x00007ffcc162e000 	C:\WINDOWS\System32\win32u.dll
0x00007ffcc3810000 - 0x00007ffcc3844000 	C:\WINDOWS\System32\GDI32.dll
0x00007ffcc0be0000 - 0x00007ffcc0d62000 	C:\WINDOWS\System32\gdi32full.dll
0x00007ffcba4a0000 - 0x00007ffcba719000 	C:\WINDOWS\WinSxS\amd64_microsoft.windows.common-controls_6595b64144ccf1df_6.0.14393.0_none_2d0f50fcbdb171b8\COMCTL32.dll
0x00007ffcc3530000 - 0x00007ffcc37f7000 	C:\WINDOWS\System32\combase.dll
0x00007ffcc1630000 - 0x00007ffcc1725000 	C:\WINDOWS\System32\ucrtbase.dll
0x00007ffcc1820000 - 0x00007ffcc188a000 	C:\WINDOWS\System32\bcryptPrimitives.dll
0x00007ffcc4030000 - 0x00007ffcc405e000 	C:\WINDOWS\System32\IMM32.DLL
0x0000000062a80000 - 0x0000000062b52000 	D:\JAVA_enviroment\jre\bin\msvcr100.dll
0x0000000062e80000 - 0x0000000063713000 	D:\JAVA_enviroment\jre\bin\server\jvm.dll
0x00007ffcc1a60000 - 0x00007ffcc1a68000 	C:\WINDOWS\System32\PSAPI.DLL
0x00007ffcbd6b0000 - 0x00007ffcbd6b9000 	C:\WINDOWS\SYSTEM32\WSOCK32.dll
0x00007ffcc3fc0000 - 0x00007ffcc402a000 	C:\WINDOWS\System32\WS2_32.dll
0x00007ffcbe850000 - 0x00007ffcbe873000 	C:\WINDOWS\SYSTEM32\WINMM.dll
0x00007ffcbc570000 - 0x00007ffcbc57a000 	C:\WINDOWS\SYSTEM32\VERSION.dll
0x00007ffcbe7f0000 - 0x00007ffcbe81b000 	C:\WINDOWS\SYSTEM32\WINMMBASE.dll
0x00007ffcc17d0000 - 0x00007ffcc1812000 	C:\WINDOWS\System32\cfgmgr32.dll
0x0000000063800000 - 0x000000006380f000 	D:\JAVA_enviroment\jre\bin\verify.dll
0x00000000637d0000 - 0x00000000637f9000 	D:\JAVA_enviroment\jre\bin\java.dll
0x00000000637b0000 - 0x00000000637c6000 	D:\JAVA_enviroment\jre\bin\zip.dll
0x00007ffcc1ed0000 - 0x00007ffcc33d8000 	C:\WINDOWS\System32\SHELL32.dll
0x00007ffcc0e20000 - 0x00007ffcc14fa000 	C:\WINDOWS\System32\windows.storage.dll
0x00007ffcc0970000 - 0x00007ffcc09bc000 	C:\WINDOWS\System32\powrprof.dll
0x00007ffcc1c00000 - 0x00007ffcc1c52000 	C:\WINDOWS\System32\shlwapi.dll
0x00007ffcc0940000 - 0x00007ffcc094f000 	C:\WINDOWS\System32\kernel.appcore.dll
0x00007ffcc1500000 - 0x00007ffcc15a9000 	C:\WINDOWS\System32\shcore.dll
0x00007ffcc0950000 - 0x00007ffcc0964000 	C:\WINDOWS\System32\profapi.dll

VM Arguments:
jvm_args: -Djava.awt.headless=true -Xmx1024M -Dfile.encoding=GBK -Duser.country=CN -Duser.language=zh -Duser.variant 
java_command: com.android.dx.command.Main --dex --force-jumbo --num-threads=4 --multi-dex --output D:\workspace1\FastSport\app\build\intermediates\transforms\dex\debug\folders\1000\5\slice_1 D:\workspace1\FastSport\app\build\intermediates\transforms\instantRunSlicer\debug\folders\1\5\slice_1
java_class_path (initial): D:\AndroidStdio_sdk\sdk\build-tools\24.0.0\lib\dx.jar
Launcher Type: SUN_STANDARD

Environment Variables:
JAVA_HOME=D:\JAVA_enviroment
PATH=C:\ProgramData\Oracle\Java\javapath;C:\WINDOWS\system32;C:\WINDOWS;C:\WINDOWS\System32\Wbem;C:\WINDOWS\System32\WindowsPowerShell\v1.0\;D:\JAVA_enviroment\bin;D:\JAVA_enviroment\jre\bin;D:\android_sdk\sdk\tools;C:\Program Files (x86)\NVIDIA Corporation\PhysX\Common;D:\AndroidStdio_sdk\sdk\tools;C:\Program Files (x86)\Microsoft SQL Server\100\Tools\Binn\;C:\Program Files\Microsoft SQL Server\100\Tools\Binn\;C:\Program Files\Microsoft SQL Server\100\DTS\Binn\;C:\Program Files (x86)\Microsoft SQL Server\100\Tools\Binn\VSShell\Common7\IDE\;C:\Program Files (x86)\Microsoft Visual Studio 9.0\Common7\IDE\PrivateAssemblies\;C:\Program Files (x86)\Microsoft SQL Server\100\DTS\Binn\;D:\android_sdk\sdk\platform-tools;D:\android_sdk\sdk\tools;C:\WINDOWS\system32;C:\WINDOWS;C:\WINDOWS\System32\Wbem;C:\WINDOWS\System32\WindowsPowerShell\v1.0\;C:\Users\Administrator\AppData\Local\Microsoft\WindowsApps;
USERNAME=Administrator
OS=Windows_NT
PROCESSOR_IDENTIFIER=Intel64 Family 6 Model 58 Stepping 9, GenuineIntel



---------------  S Y S T E M  ---------------

OS: Windows 10.0 , 64 bit Build 14393 (10.0.14393.0)

CPU:total 4 (2 cores per cpu, 2 threads per core) family 6 model 58 stepping 9, cmov, cx8, fxsr, mmx, sse, sse2, sse3, ssse3, sse4.1, sse4.2, popcnt, avx, aes, clmul, erms, ht, tsc, tscinvbit, tscinv

Memory: 4k page, physical 8271404k(1290636k free), swap 8271404k(5172k free)

vm_info: Java HotSpot(TM) 64-Bit Server VM (25.91-b14) for windows-amd64 JRE (1.8.0_91-b14), built on Apr  1 2016 00:58:32 by "java_re" with MS VC++ 10.0 (VS2010)

time: Mon Oct 10 21:06:33 2016
elapsed time: 8 seconds (0d 0h 0m 8s)

