#
# There is insufficient memory for the Java Runtime Environment to continue.
# Native memory allocation (malloc) failed to allocate 1959536 bytes for Chunk::new
# Possible reasons:
#   The system is out of physical RAM or swap space
#   In 32 bit mode, the process size limit was hit
# Possible solutions:
#   Reduce memory load on the system
#   Increase physical memory or swap space
#   Check if swap backing store is full
#   Use 64 bit Java on a 64 bit OS
#   Decrease Java heap size (-Xmx/-Xms)
#   Decrease number of Java threads
#   Decrease Java thread stack sizes (-Xss)
#   Set larger code cache with -XX:ReservedCodeCacheSize=
# This output file may be truncated or incomplete.
#
#  Out of Memory Error (allocation.cpp:390), pid=11628, tid=10424
#
# JRE version: Java(TM) SE Runtime Environment (8.0_91-b14) (build 1.8.0_91-b14)
# Java VM: Java HotSpot(TM) 64-Bit Server VM (25.91-b14 mixed mode windows-amd64 compressed oops)
# Failed to write core dump. Minidumps are not enabled by default on client versions of Windows
#

---------------  T H R E A D  ---------------

Current thread (0x000000001588b000):  JavaThread "C2 CompilerThread0" daemon [_thread_in_native, id=10424, stack(0x00000000171a0000,0x00000000172a0000)]

Stack: [0x00000000171a0000,0x00000000172a0000]
[error occurred during error reporting (printing stack bounds), id 0xc0000005]

Native frames: (J=compiled Java code, j=interpreted, Vv=VM code, C=native code)


Current CompileTask:
C2:  10044 1801   !   4       com.android.dx.cf.code.Ropper::processBlock (1101 bytes)


---------------  P R O C E S S  ---------------

Java Threads: ( => current thread )
  0x0000000016c00800 JavaThread "Service Thread" daemon [_thread_blocked, id=11856, stack(0x00000000174a0000,0x00000000175a0000)]
  0x0000000016bfb800 JavaThread "C1 CompilerThread2" daemon [_thread_blocked, id=3856, stack(0x00000000173a0000,0x00000000174a0000)]
  0x000000001588e800 JavaThread "C2 CompilerThread1" daemon [_thread_blocked, id=464, stack(0x00000000172a0000,0x00000000173a0000)]
=>0x000000001588b000 JavaThread "C2 CompilerThread0" daemon [_thread_in_native, id=10424, stack(0x00000000171a0000,0x00000000172a0000)]
  0x000000001583d000 JavaThread "Attach Listener" daemon [_thread_blocked, id=3712, stack(0x00000000170a0000,0x00000000171a0000)]
  0x0000000015889800 JavaThread "Signal Dispatcher" daemon [_thread_blocked, id=3408, stack(0x0000000016fa0000,0x00000000170a0000)]
  0x000000001581a000 JavaThread "Finalizer" daemon [_thread_blocked, id=5836, stack(0x0000000016aa0000,0x0000000016ba0000)]
  0x00000000157f9000 JavaThread "Reference Handler" daemon [_thread_blocked, id=9960, stack(0x00000000169a0000,0x0000000016aa0000)]
  0x0000000003060800 JavaThread "main" [_thread_in_Java, id=424, stack(0x0000000002a50000,0x0000000002b50000)]

Other Threads:
  0x00000000157f7000 VMThread [stack: 0x00000000168a0000,0x00000000169a0000] [id=7152]
  0x0000000016c15000 WatcherThread [stack: 0x00000000175a0000,0x00000000176a0000] [id=2152]

VM state:not at safepoint (normal execution)

VM Mutex/Monitor currently owned by a thread: None

Heap:
 PSYoungGen      total 71680K, used 32649K [0x00000000eab00000, 0x00000000f4b00000, 0x0000000100000000)
  eden space 66560K, 41% used [0x00000000eab00000,0x00000000ec5e9a88,0x00000000eec00000)
  from space 5120K, 99% used [0x00000000eec00000,0x00000000ef0f89e0,0x00000000ef100000)
  to   space 15360K, 0% used [0x00000000f3c00000,0x00000000f3c00000,0x00000000f4b00000)
 ParOldGen       total 87552K, used 24342K [0x00000000c0000000, 0x00000000c5580000, 0x00000000eab00000)
  object space 87552K, 27% used [0x00000000c0000000,0x00000000c17c5b50,0x00000000c5580000)
 Metaspace       used 6574K, capacity 7416K, committed 7680K, reserved 1056768K
  class space    used 631K, capacity 688K, committed 768K, reserved 1048576K

Card table byte_map: [0x0000000012520000,0x0000000012730000] byte_map_base: 0x0000000011f20000

Marking Bits: (ParMarkBitMap*) 0x0000000063312f70
 Begin Bits: [0x0000000012c90000, 0x0000000013c90000)
 End Bits:   [0x0000000013c90000, 0x0000000014c90000)

Polling page: 0x0000000001010000

CodeCache: size=245760Kb used=8902Kb max_used=8914Kb free=236857Kb
 bounds [0x0000000003160000, 0x0000000003a20000, 0x0000000012160000]
 total_blobs=2398 nmethods=2133 adapters=178
 compilation: enabled

Compilation events (10 events):
Event: 9.999 Thread 0x0000000016bfb800 nmethod 2219 0x0000000003a16c50 code [0x0000000003a16ec0, 0x0000000003a17fe8]
Event: 10.000 Thread 0x0000000016bfb800 2220       3       com.android.dx.dex.code.SimpleInsn::withOpcode (17 bytes)
Event: 10.000 Thread 0x0000000016bfb800 nmethod 2220 0x0000000003a052d0 code [0x0000000003a05440, 0x0000000003a05828]
Event: 10.001 Thread 0x0000000016bfb800 2221       1       com.android.dx.dex.code.form.Form21s::codeSize (2 bytes)
Event: 10.001 Thread 0x0000000016bfb800 nmethod 2221 0x0000000003a0e250 code [0x0000000003a0e3a0, 0x0000000003a0e4b0]
Event: 10.004 Thread 0x000000001588e800 nmethod 2211% 0x0000000003a1c0d0 code [0x0000000003a1c2c0, 0x0000000003a1cc70]
Event: 10.004 Thread 0x000000001588e800 2209       4       com.android.dx.dex.code.CstInsn::setClassIndex (37 bytes)
Event: 10.005 Thread 0x000000001588e800 nmethod 2209 0x0000000003962410 code [0x0000000003962540, 0x00000000039625d8]
Event: 10.005 Thread 0x000000001588e800 2218       4       com.android.dx.rop.cst.CstLiteral32::equals (35 bytes)
Event: 10.006 Thread 0x000000001588e800 nmethod 2218 0x0000000003a132d0 code [0x0000000003a13400, 0x0000000003a134d8]

GC Heap History (10 events):
Event: 3.342 GC heap before
{Heap before GC invocations=1 (full 0):
 PSYoungGen      total 38400K, used 33280K [0x00000000eab00000, 0x00000000ed580000, 0x0000000100000000)
  eden space 33280K, 100% used [0x00000000eab00000,0x00000000ecb80000,0x00000000ecb80000)
  from space 5120K, 0% used [0x00000000ed080000,0x00000000ed080000,0x00000000ed580000)
  to   space 5120K, 0% used [0x00000000ecb80000,0x00000000ecb80000,0x00000000ed080000)
 ParOldGen       total 87552K, used 0K [0x00000000c0000000, 0x00000000c5580000, 0x00000000eab00000)
  object space 87552K, 0% used [0x00000000c0000000,0x00000000c0000000,0x00000000c5580000)
 Metaspace       used 5907K, capacity 6896K, committed 7040K, reserved 1056768K
  class space    used 587K, capacity 616K, committed 640K, reserved 1048576K
Event: 3.359 GC heap after
Heap after GC invocations=1 (full 0):
 PSYoungGen      total 38400K, used 5113K [0x00000000eab00000, 0x00000000ed580000, 0x0000000100000000)
  eden space 33280K, 0% used [0x00000000eab00000,0x00000000eab00000,0x00000000ecb80000)
  from space 5120K, 99% used [0x00000000ecb80000,0x00000000ed07e470,0x00000000ed080000)
  to   space 5120K, 0% used [0x00000000ed080000,0x00000000ed080000,0x00000000ed580000)
 ParOldGen       total 87552K, used 1202K [0x00000000c0000000, 0x00000000c5580000, 0x00000000eab00000)
  object space 87552K, 1% used [0x00000000c0000000,0x00000000c012ca78,0x00000000c5580000)
 Metaspace       used 5907K, capacity 6896K, committed 7040K, reserved 1056768K
  class space    used 587K, capacity 616K, committed 640K, reserved 1048576K
}
Event: 3.899 GC heap before
{Heap before GC invocations=2 (full 0):
 PSYoungGen      total 38400K, used 38393K [0x00000000eab00000, 0x00000000ed580000, 0x0000000100000000)
  eden space 33280K, 100% used [0x00000000eab00000,0x00000000ecb80000,0x00000000ecb80000)
  from space 5120K, 99% used [0x00000000ecb80000,0x00000000ed07e470,0x00000000ed080000)
  to   space 5120K, 0% used [0x00000000ed080000,0x00000000ed080000,0x00000000ed580000)
 ParOldGen       total 87552K, used 1202K [0x00000000c0000000, 0x00000000c5580000, 0x00000000eab00000)
  object space 87552K, 1% used [0x00000000c0000000,0x00000000c012ca78,0x00000000c5580000)
 Metaspace       used 6081K, capacity 7088K, committed 7296K, reserved 1056768K
  class space    used 591K, capacity 616K, committed 640K, reserved 1048576K
Event: 3.918 GC heap after
Heap after GC invocations=2 (full 0):
 PSYoungGen      total 38400K, used 5104K [0x00000000eab00000, 0x00000000ef600000, 0x0000000100000000)
  eden space 33280K, 0% used [0x00000000eab00000,0x00000000eab00000,0x00000000ecb80000)
  from space 5120K, 99% used [0x00000000ed080000,0x00000000ed57c390,0x00000000ed580000)
  to   space 5120K, 0% used [0x00000000ecb80000,0x00000000ecb80000,0x00000000ed080000)
 ParOldGen       total 87552K, used 5665K [0x00000000c0000000, 0x00000000c5580000, 0x00000000eab00000)
  object space 87552K, 6% used [0x00000000c0000000,0x00000000c05884b8,0x00000000c5580000)
 Metaspace       used 6081K, capacity 7088K, committed 7296K, reserved 1056768K
  class space    used 591K, capacity 616K, committed 640K, reserved 1048576K
}
Event: 4.579 GC heap before
{Heap before GC invocations=3 (full 0):
 PSYoungGen      total 38400K, used 38384K [0x00000000eab00000, 0x00000000ef600000, 0x0000000100000000)
  eden space 33280K, 100% used [0x00000000eab00000,0x00000000ecb80000,0x00000000ecb80000)
  from space 5120K, 99% used [0x00000000ed080000,0x00000000ed57c390,0x00000000ed580000)
  to   space 5120K, 0% used [0x00000000ecb80000,0x00000000ecb80000,0x00000000ed080000)
 ParOldGen       total 87552K, used 5665K [0x00000000c0000000, 0x00000000c5580000, 0x00000000eab00000)
  object space 87552K, 6% used [0x00000000c0000000,0x00000000c05884b8,0x00000000c5580000)
 Metaspace       used 6213K, capacity 7128K, committed 7424K, reserved 1056768K
  class space    used 612K, capacity 656K, committed 768K, reserved 1048576K
Event: 4.604 GC heap after
Heap after GC invocations=3 (full 0):
 PSYoungGen      total 38400K, used 5088K [0x00000000eab00000, 0x00000000ef600000, 0x0000000100000000)
  eden space 33280K, 0% used [0x00000000eab00000,0x00000000eab00000,0x00000000ecb80000)
  from space 5120K, 99% used [0x00000000ecb80000,0x00000000ed0780e8,0x00000000ed080000)
  to   space 5120K, 0% used [0x00000000ef100000,0x00000000ef100000,0x00000000ef600000)
 ParOldGen       total 87552K, used 10298K [0x00000000c0000000, 0x00000000c5580000, 0x00000000eab00000)
  object space 87552K, 11% used [0x00000000c0000000,0x00000000c0a0ea98,0x00000000c5580000)
 Metaspace       used 6213K, capacity 7128K, committed 7424K, reserved 1056768K
  class space    used 612K, capacity 656K, committed 768K, reserved 1048576K
}
Event: 4.831 GC heap before
{Heap before GC invocations=4 (full 0):
 PSYoungGen      total 38400K, used 38368K [0x00000000eab00000, 0x00000000ef600000, 0x0000000100000000)
  eden space 33280K, 100% used [0x00000000eab00000,0x00000000ecb80000,0x00000000ecb80000)
  from space 5120K, 99% used [0x00000000ecb80000,0x00000000ed0780e8,0x00000000ed080000)
  to   space 5120K, 0% used [0x00000000ef100000,0x00000000ef100000,0x00000000ef600000)
 ParOldGen       total 87552K, used 10298K [0x00000000c0000000, 0x00000000c5580000, 0x00000000eab00000)
  object space 87552K, 11% used [0x00000000c0000000,0x00000000c0a0ea98,0x00000000c5580000)
 Metaspace       used 6246K, capacity 7128K, committed 7424K, reserved 1056768K
  class space    used 612K, capacity 656K, committed 768K, reserved 1048576K
Event: 4.868 GC heap after
Heap after GC invocations=4 (full 0):
 PSYoungGen      total 71680K, used 5093K [0x00000000eab00000, 0x00000000ef600000, 0x0000000100000000)
  eden space 66560K, 0% used [0x00000000eab00000,0x00000000eab00000,0x00000000eec00000)
  from space 5120K, 99% used [0x00000000ef100000,0x00000000ef5f94b8,0x00000000ef600000)
  to   space 5120K, 0% used [0x00000000eec00000,0x00000000eec00000,0x00000000ef100000)
 ParOldGen       total 87552K, used 14979K [0x00000000c0000000, 0x00000000c5580000, 0x00000000eab00000)
  object space 87552K, 17% used [0x00000000c0000000,0x00000000c0ea0f78,0x00000000c5580000)
 Metaspace       used 6246K, capacity 7128K, committed 7424K, reserved 1056768K
  class space    used 612K, capacity 656K, committed 768K, reserved 1048576K
}
Event: 6.080 GC heap before
{Heap before GC invocations=5 (full 0):
 PSYoungGen      total 71680K, used 71653K [0x00000000eab00000, 0x00000000ef600000, 0x0000000100000000)
  eden space 66560K, 100% used [0x00000000eab00000,0x00000000eec00000,0x00000000eec00000)
  from space 5120K, 99% used [0x00000000ef100000,0x00000000ef5f94b8,0x00000000ef600000)
  to   space 5120K, 0% used [0x00000000eec00000,0x00000000eec00000,0x00000000ef100000)
 ParOldGen       total 87552K, used 14979K [0x00000000c0000000, 0x00000000c5580000, 0x00000000eab00000)
  object space 87552K, 17% used [0x00000000c0000000,0x00000000c0ea0f78,0x00000000c5580000)
 Metaspace       used 6268K, capacity 7192K, committed 7424K, reserved 1056768K
  class space    used 612K, capacity 656K, committed 768K, reserved 1048576K
Event: 6.107 GC heap after
Heap after GC invocations=5 (full 0):
 PSYoungGen      total 71680K, used 5090K [0x00000000eab00000, 0x00000000f4b00000, 0x0000000100000000)
  eden space 66560K, 0% used [0x00000000eab00000,0x00000000eab00000,0x00000000eec00000)
  from space 5120K, 99% used [0x00000000eec00000,0x00000000ef0f89e0,0x00000000ef100000)
  to   space 15360K, 0% used [0x00000000f3c00000,0x00000000f3c00000,0x00000000f4b00000)
 ParOldGen       total 87552K, used 24342K [0x00000000c0000000, 0x00000000c5580000, 0x00000000eab00000)
  object space 87552K, 27% used [0x00000000c0000000,0x00000000c17c5b50,0x00000000c5580000)
 Metaspace       used 6268K, capacity 7192K, committed 7424K, reserved 1056768K
  class space    used 612K, capacity 656K, committed 768K, reserved 1048576K
}

Deoptimization events (10 events):
Event: 7.464 Thread 0x0000000003060800 Uncommon trap: reason=class_check action=maybe_recompile pc=0x0000000003726b98 method=java.util.Arrays.hashCode([Ljava/lang/Object;)I @ 43
Event: 7.464 Thread 0x0000000003060800 Uncommon trap: reason=class_check action=maybe_recompile pc=0x000000000372f6f8 method=java.util.Arrays.hashCode([Ljava/lang/Object;)I @ 43
Event: 9.230 Thread 0x0000000003060800 Uncommon trap: reason=unstable_if action=reinterpret pc=0x000000000399440c method=com.android.dx.dex.code.OutputFinisher.findOpcodeForInsn(Lcom/android/dx/dex/code/DalvInsn;Lcom/android/dx/dex/code/Dop;)Lcom/android/dx/dex/code/Dop; @ 1
Event: 9.247 Thread 0x0000000003060800 Uncommon trap: reason=speculate_class_check action=maybe_recompile pc=0x00000000034fdbe0 method=com.android.dx.util.FixedSizeList.equals(Ljava/lang/Object;)Z @ 25
Event: 9.248 Thread 0x0000000003060800 Uncommon trap: reason=speculate_class_check action=maybe_recompile pc=0x00000000034fdbe0 method=com.android.dx.util.FixedSizeList.equals(Ljava/lang/Object;)Z @ 25
Event: 9.248 Thread 0x0000000003060800 Uncommon trap: reason=speculate_class_check action=maybe_recompile pc=0x00000000034fdbe0 method=com.android.dx.util.FixedSizeList.equals(Ljava/lang/Object;)Z @ 25
Event: 9.248 Thread 0x0000000003060800 Uncommon trap: reason=speculate_class_check action=maybe_recompile pc=0x00000000034fdbe0 method=com.android.dx.util.FixedSizeList.equals(Ljava/lang/Object;)Z @ 25
Event: 9.248 Thread 0x0000000003060800 Uncommon trap: reason=unstable_if action=reinterpret pc=0x0000000003948920 method=java.util.TreeMap.put(Ljava/lang/Object;Ljava/lang/Object;)Ljava/lang/Object; @ 163
Event: 9.254 Thread 0x0000000003060800 Uncommon trap: reason=unstable_if action=reinterpret pc=0x00000000039993dc method=com.android.dx.rop.code.RegisterSpec.matchesVariable(Lcom/android/dx/rop/code/RegisterSpec;)Z @ 59
Event: 9.639 Thread 0x0000000003060800 Uncommon trap: reason=unstable_if action=reinterpret pc=0x00000000038dd394 method=com.android.dx.rop.code.RegisterSpecSet.equals(Ljava/lang/Object;)Z @ 30

Internal exceptions (6 events):
Event: 1.351 Thread 0x0000000003060800 Exception <a 'java/lang/NoSuchMethodError': Method sun.misc.Unsafe.defineClass(Ljava/lang/String;[BII)Ljava/lang/Class; name or signature does not match> (0x00000000eab07cc0) thrown at [C:\re\workspace\8-2-build-windows-amd64-cygwin\jdk8u91\6644\hotspot\srÒ\d“žõ?
Event: 1.351 Thread 0x0000000003060800 Exception <a 'java/lang/NoSuchMethodError': Method sun.misc.Unsafe.prefetchRead(Ljava/lang/Object;J)V name or signature does not match> (0x00000000eab07fa8) thrown at [C:\re\workspace\8-2-build-windows-amd64-cygwin\jdk8u91\6644\hotspot\src\share\vm\prims\já¼šè¼@
Event: 2.756 Thread 0x0000000016e22000 Implicit null exception at 0x000000000346e50e to 0x000000000346fdf5
Event: 3.974 Thread 0x0000000016e21000 Exception <a 'java/lang/ArrayIndexOutOfBoundsException': 18> (0x00000000eb2d48c0) thrown at [C:\re\workspace\8-2-build-windows-amd64-cygwin\jdk8u91\6644\hotspot\src\share\vm\interpreter\interpreterRuntime.cpp, line 366]
Event: 3.975 Thread 0x0000000016e21000 Exception <a 'java/lang/ArrayIndexOutOfBoundsException'> (0x00000000eb2d6440) thrown at [C:\re\workspace\8-2-build-windows-amd64-cygwin\jdk8u91\6644\hotspot\src\share\vm\runtime\sharedRuntime.cpp, line 605]
Event: 3.976 Thread 0x0000000016e21000 Exception <a 'java/lang/ArrayIndexOutOfBoundsException'> (0x00000000eb2d7728) thrown at [C:\re\workspace\8-2-build-windows-amd64-cygwin\jdk8u91\6644\hotspot\src\share\vm\runtime\sharedRuntime.cpp, line 605]

Events (10 events):
Event: 9.248 loading class com/android/dx/util/ByteArrayAnnotatedOutput
Event: 9.248 loading class com/android/dx/util/ByteArrayAnnotatedOutput done
Event: 9.254 Thread 0x0000000003060800 Uncommon trap: trap_request=0xffffff65 fr.pc=0x00000000039993dc
Event: 9.254 Thread 0x0000000003060800 DEOPT PACKING pc=0x00000000039993dc sp=0x0000000002b4e970
Event: 9.254 Thread 0x0000000003060800 DEOPT UNPACKING pc=0x00000000031a582a sp=0x0000000002b4e918 mode 2
Event: 9.639 Thread 0x0000000003060800 Uncommon trap: trap_request=0xffffff65 fr.pc=0x00000000038dd394
Event: 9.639 Thread 0x0000000003060800 DEOPT PACKING pc=0x00000000038dd394 sp=0x0000000002b4e890
Event: 9.639 Thread 0x0000000003060800 DEOPT UNPACKING pc=0x00000000031a582a sp=0x0000000002b4e810 mode 2
Event: 9.955 Thread 0x0000000003060800 DEOPT PACKING pc=0x00000000039b077b sp=0x0000000002b4eab0
Event: 9.955 Thread 0x0000000003060800 DEOPT UNPACKING pc=0x00000000031a787f sp=0x0000000002b4e800 mode 0


Dynamic libraries:
0x00007ff637580000 - 0x00007ff6375b7000 	D:\JAVA_enviroment\bin\java.exe
0x00007ff8fd9a0000 - 0x00007ff8fdb71000 	C:\WINDOWS\SYSTEM32\ntdll.dll
0x00007ff8fb4a0000 - 0x00007ff8fb54b000 	C:\WINDOWS\System32\KERNEL32.DLL
0x00007ff8fa6d0000 - 0x00007ff8fa8ed000 	C:\WINDOWS\System32\KERNELBASE.dll
0x00007ff8fb3f0000 - 0x00007ff8fb492000 	C:\WINDOWS\System32\ADVAPI32.dll
0x00007ff8fd0e0000 - 0x00007ff8fd17e000 	C:\WINDOWS\System32\msvcrt.dll
0x00007ff8fcbd0000 - 0x00007ff8fcc29000 	C:\WINDOWS\System32\sechost.dll
0x00007ff8fd1c0000 - 0x00007ff8fd2e1000 	C:\WINDOWS\System32\RPCRT4.dll
0x00007ff8fd830000 - 0x00007ff8fd995000 	C:\WINDOWS\System32\USER32.dll
0x00007ff8faa60000 - 0x00007ff8faa7e000 	C:\WINDOWS\System32\win32u.dll
0x00007ff8fb3b0000 - 0x00007ff8fb3e4000 	C:\WINDOWS\System32\GDI32.dll
0x00007ff8faa80000 - 0x00007ff8fac02000 	C:\WINDOWS\System32\gdi32full.dll
0x00007ff8f51d0000 - 0x00007ff8f5449000 	C:\WINDOWS\WinSxS\amd64_microsoft.windows.common-controls_6595b64144ccf1df_6.0.14393.0_none_2d0f50fcbdb171b8\COMCTL32.dll
0x00007ff8fccd0000 - 0x00007ff8fcf97000 	C:\WINDOWS\System32\combase.dll
0x00007ff8fa960000 - 0x00007ff8faa55000 	C:\WINDOWS\System32\ucrtbase.dll
0x00007ff8fa8f0000 - 0x00007ff8fa95a000 	C:\WINDOWS\System32\bcryptPrimitives.dll
0x00007ff8fd180000 - 0x00007ff8fd1ae000 	C:\WINDOWS\System32\IMM32.DLL
0x0000000063660000 - 0x0000000063732000 	D:\JAVA_enviroment\jre\bin\msvcr100.dll
0x0000000062b00000 - 0x0000000063393000 	D:\JAVA_enviroment\jre\bin\server\jvm.dll
0x00007ff8fb550000 - 0x00007ff8fb558000 	C:\WINDOWS\System32\PSAPI.DLL
0x00007ff8f70d0000 - 0x00007ff8f70d9000 	C:\WINDOWS\SYSTEM32\WSOCK32.dll
0x00007ff8fb130000 - 0x00007ff8fb19a000 	C:\WINDOWS\System32\WS2_32.dll
0x00007ff8f8050000 - 0x00007ff8f8073000 	C:\WINDOWS\SYSTEM32\WINMM.dll
0x00007ff8f5890000 - 0x00007ff8f589a000 	C:\WINDOWS\SYSTEM32\VERSION.dll
0x00007ff8f7ed0000 - 0x00007ff8f7efb000 	C:\WINDOWS\SYSTEM32\WINMMBASE.dll
0x00007ff8facb0000 - 0x00007ff8facf2000 	C:\WINDOWS\System32\cfgmgr32.dll
0x0000000063d90000 - 0x0000000063d9f000 	D:\JAVA_enviroment\jre\bin\verify.dll
0x0000000063d60000 - 0x0000000063d89000 	D:\JAVA_enviroment\jre\bin\java.dll
0x0000000063d40000 - 0x0000000063d56000 	D:\JAVA_enviroment\jre\bin\zip.dll
0x00007ff8fb6c0000 - 0x00007ff8fcbc8000 	C:\WINDOWS\System32\SHELL32.dll
0x00007ff8f9e90000 - 0x00007ff8fa56a000 	C:\WINDOWS\System32\windows.storage.dll
0x00007ff8f9e20000 - 0x00007ff8f9e6c000 	C:\WINDOWS\System32\powrprof.dll
0x00007ff8fb050000 - 0x00007ff8fb0a2000 	C:\WINDOWS\System32\shlwapi.dll
0x00007ff8f9e00000 - 0x00007ff8f9e0f000 	C:\WINDOWS\System32\kernel.appcore.dll
0x00007ff8fa620000 - 0x00007ff8fa6c9000 	C:\WINDOWS\System32\shcore.dll
0x00007ff8f9e70000 - 0x00007ff8f9e84000 	C:\WINDOWS\System32\profapi.dll

VM Arguments:
jvm_args: -Djava.awt.headless=true -Xmx1024M -Dfile.encoding=GBK -Duser.country=CN -Duser.language=zh -Duser.variant 
java_command: com.android.dx.command.Main --dex --force-jumbo --num-threads=4 --output D:\workspace1\FastSport\app\build\intermediates\pre-dexed\debug\com.android.support-recyclerview-v7-24.2.1_07d92bde12960b45b294ee422a4bf39d50df1524.jar D:\workspace1\FastSport\app\build\intermediates\exploded-aar\com.android.support\recyclerview-v7\24.2.1\jars\classes.jar
java_class_path (initial): D:\AndroidStdio_sdk\sdk\build-tools\24.0.0\lib\dx.jar
Launcher Type: SUN_STANDARD

Environment Variables:
JAVA_HOME=D:\JAVA_enviroment
PATH=C:\ProgramData\Oracle\Java\javapath;C:\WINDOWS\system32;C:\WINDOWS;C:\WINDOWS\System32\Wbem;C:\WINDOWS\System32\WindowsPowerShell\v1.0\;D:\JAVA_enviroment\bin;D:\JAVA_enviroment\jre\bin;D:\android_sdk\sdk\tools;C:\Program Files (x86)\NVIDIA Corporation\PhysX\Common;D:\AndroidStdio_sdk\sdk\tools;C:\Program Files (x86)\Microsoft SQL Server\100\Tools\Binn\;C:\Program Files\Microsoft SQL Server\100\Tools\Binn\;C:\Program Files\Microsoft SQL Server\100\DTS\Binn\;C:\Program Files (x86)\Microsoft SQL Server\100\Tools\Binn\VSShell\Common7\IDE\;C:\Program Files (x86)\Microsoft Visual Studio 9.0\Common7\IDE\PrivateAssemblies\;C:\Program Files (x86)\Microsoft SQL Server\100\DTS\Binn\;D:\android_sdk\sdk\platform-tools;D:\android_sdk\sdk\tools;C:\WINDOWS\system32;C:\WINDOWS;C:\WINDOWS\System32\Wbem;C:\WINDOWS\System32\WindowsPowerShell\v1.0\;C:\Users\Administrator\AppData\Local\Microsoft\WindowsApps;
USERNAME=Administrator
OS=Windows_NT
PROCESSOR_IDENTIFIER=Intel64 Family 6 Model 58 Stepping 9, GenuineIntel



---------------  S Y S T E M  ---------------

OS: Windows 10.0 , 64 bit Build 14393 (10.0.14393.0)

CPU:total 4 (2 cores per cpu, 2 threads per core) family 6 model 58 stepping 9, cmov, cx8, fxsr, mmx, sse, sse2, sse3, ssse3, sse4.1, sse4.2, popcnt, avx, aes, clmul, erms, ht, tsc, tscinvbit, tscinv

Memory: 4k page, physical 8271404k(1061032k free), swap 8271404k(6692k free)

vm_info: Java HotSpot(TM) 64-Bit Server VM (25.91-b14) for windows-amd64 JRE (1.8.0_91-b14), built on Apr  1 2016 00:58:32 by "java_re" with MS VC++ 10.0 (VS2010)

time: Wed Oct 19 17:09:27 2016
elapsed time: 10 seconds (0d 0h 0m 10s)

