#
# There is insufficient memory for the Java Runtime Environment to continue.
# Native memory allocation (malloc) failed to allocate 1670608 bytes for Chunk::new
# Possible reasons:
#   The system is out of physical RAM or swap space
#   In 32 bit mode, the process size limit was hit
# Possible solutions:
#   Reduce memory load on the system
#   Increase physical memory or swap space
#   Check if swap backing store is full
#   Use 64 bit Java on a 64 bit OS
#   Decrease Java heap size (-Xmx/-Xms)
#   Decrease number of Java threads
#   Decrease Java thread stack sizes (-Xss)
#   Set larger code cache with -XX:ReservedCodeCacheSize=
# This output file may be truncated or incomplete.
#
#  Out of Memory Error (allocation.cpp:390), pid=8000, tid=10460
#
# JRE version: Java(TM) SE Runtime Environment (8.0_91-b14) (build 1.8.0_91-b14)
# Java VM: Java HotSpot(TM) 64-Bit Server VM (25.91-b14 mixed mode windows-amd64 compressed oops)
# Failed to write core dump. Minidumps are not enabled by default on client versions of Windows
#

---------------  T H R E A D  ---------------

Current thread (0x0000000015039800):  JavaThread "C2 CompilerThread0" daemon [_thread_in_native, id=10460, stack(0x0000000016940000,0x0000000016a40000)]

Stack: [0x0000000016940000,0x0000000016a40000]
[error occurred during error reporting (printing stack bounds), id 0xc0000005]

Native frames: (J=compiled Java code, j=interpreted, Vv=VM code, C=native code)


Current CompileTask:
C2:   8338 1746   !   4       com.android.dx.cf.cst.ConstantPoolParser::parse0 (731 bytes)


---------------  P R O C E S S  ---------------

Java Threads: ( => current thread )
  0x000000001659f800 JavaThread "pool-1-thread-4" [_thread_blocked, id=9532, stack(0x0000000017240000,0x0000000017340000)]
  0x00000000165fa000 JavaThread "pool-1-thread-3" [_thread_blocked, id=3560, stack(0x0000000017140000,0x0000000017240000)]
  0x00000000165f6800 JavaThread "pool-1-thread-2" [_thread_blocked, id=5020, stack(0x0000000017040000,0x0000000017140000)]
  0x00000000165f5800 JavaThread "pool-2-thread-1" [_thread_blocked, id=8332, stack(0x0000000016f40000,0x0000000017040000)]
  0x00000000165f2800 JavaThread "pool-1-thread-1" [_thread_blocked, id=1956, stack(0x0000000016e40000,0x0000000016f40000)]
  0x00000000163a9000 JavaThread "Service Thread" daemon [_thread_blocked, id=9812, stack(0x0000000016c40000,0x0000000016d40000)]
  0x00000000163a4000 JavaThread "C1 CompilerThread2" daemon [_thread_blocked, id=11288, stack(0x0000000016b40000,0x0000000016c40000)]
  0x000000001503c000 JavaThread "C2 CompilerThread1" daemon [_thread_blocked, id=2760, stack(0x0000000016a40000,0x0000000016b40000)]
=>0x0000000015039800 JavaThread "C2 CompilerThread0" daemon [_thread_in_native, id=10460, stack(0x0000000016940000,0x0000000016a40000)]
  0x0000000014fed000 JavaThread "Attach Listener" daemon [_thread_blocked, id=11748, stack(0x0000000016840000,0x0000000016940000)]
  0x0000000014fec000 JavaThread "Signal Dispatcher" daemon [_thread_blocked, id=3756, stack(0x0000000016740000,0x0000000016840000)]
  0x0000000014fca000 JavaThread "Finalizer" daemon [_thread_blocked, id=11144, stack(0x0000000016240000,0x0000000016340000)]
  0x0000000014fa9000 JavaThread "Reference Handler" daemon [_thread_blocked, id=12164, stack(0x0000000016140000,0x0000000016240000)]
  0x0000000002790800 JavaThread "main" [_thread_blocked, id=9436, stack(0x0000000002300000,0x0000000002400000)]

Other Threads:
  0x0000000014fa7800 VMThread [stack: 0x0000000016040000,0x0000000016140000] [id=8460]
  0x00000000163fb800 WatcherThread [stack: 0x0000000016d40000,0x0000000016e40000] [id=7924]

VM state:at safepoint (normal execution)

VM Mutex/Monitor currently owned by a thread:  ([mutex/lock_event])
[0x000000000290c230] Threads_lock - owner thread: 0x0000000014fa7800
[0x000000000290c7b0] Heap_lock - owner thread: 0x000000001659f800

Heap:
 PSYoungGen      total 38400K, used 38379K [0x00000000eab00000, 0x00000000ed580000, 0x0000000100000000)
  eden space 33280K, 100% used [0x00000000eab00000,0x00000000ecb80000,0x00000000ecb80000)
  from space 5120K, 99% used [0x00000000ecb80000,0x00000000ed07ac68,0x00000000ed080000)
  to   space 5120K, 99% used [0x00000000ed080000,0x00000000ed57c9f8,0x00000000ed580000)
 ParOldGen       total 87552K, used 15148K [0x00000000c0000000, 0x00000000c5580000, 0x00000000eab00000)
  object space 87552K, 17% used [0x00000000c0000000,0x00000000c0ecb2b0,0x00000000c5580000)
 Metaspace       used 6321K, capacity 7092K, committed 7296K, reserved 1056768K
  class space    used 602K, capacity 620K, committed 640K, reserved 1048576K

Card table byte_map: [0x0000000011cd0000,0x0000000011ee0000] byte_map_base: 0x00000000116d0000

Marking Bits: (ParMarkBitMap*) 0x0000000063312f70
 Begin Bits: [0x0000000012440000, 0x0000000013440000)
 End Bits:   [0x0000000013440000, 0x0000000014440000)

Polling page: 0x0000000000c40000

CodeCache: size=245760Kb used=7723Kb max_used=7723Kb free=238036Kb
 bounds [0x0000000002910000, 0x00000000030b0000, 0x0000000011910000]
 total_blobs=2044 nmethods=1772 adapters=184
 compilation: enabled

Compilation events (10 events):
Event: 8.149 Thread 0x00000000163a4000 1790       2       java.lang.Boolean::valueOf (14 bytes)
Event: 8.149 Thread 0x00000000163a4000 nmethod 1790 0x0000000003096c10 code [0x0000000003096d60, 0x0000000003096eb0]
Event: 8.150 Thread 0x00000000163a4000 1791       2       com.android.dx.command.dexer.Main::access$1300 (4 bytes)
Event: 8.150 Thread 0x00000000163a4000 nmethod 1791 0x0000000003096910 code [0x0000000003096a60, 0x0000000003096b90]
Event: 8.150 Thread 0x00000000163a4000 1792   !   2       java.util.concurrent.FutureTask::run (126 bytes)
Event: 8.150 Thread 0x00000000163a4000 nmethod 1792 0x0000000003096090 code [0x0000000003096240, 0x0000000003096668]
Event: 8.157 Thread 0x00000000163a4000 1793       2       com.android.dx.ssa.back.FirstFitLocalCombiningAllocator$Alignment$1::nextClearBit (26 bytes)
Event: 8.157 Thread 0x00000000163a4000 nmethod 1793 0x0000000003095bd0 code [0x0000000003095d40, 0x0000000003095f58]
Event: 8.157 Thread 0x00000000163a4000 1794   !   2       com.android.dx.rop.cst.CstType::intern (48 bytes)
Event: 8.158 Thread 0x00000000163a4000 nmethod 1794 0x0000000003094fd0 code [0x0000000003095180, 0x0000000003095688]

GC Heap History (7 events):
Event: 5.774 GC heap before
{Heap before GC invocations=1 (full 0):
 PSYoungGen      total 38400K, used 33280K [0x00000000eab00000, 0x00000000ed580000, 0x0000000100000000)
  eden space 33280K, 100% used [0x00000000eab00000,0x00000000ecb80000,0x00000000ecb80000)
  from space 5120K, 0% used [0x00000000ed080000,0x00000000ed080000,0x00000000ed580000)
  to   space 5120K, 0% used [0x00000000ecb80000,0x00000000ecb80000,0x00000000ed080000)
 ParOldGen       total 87552K, used 0K [0x00000000c0000000, 0x00000000c5580000, 0x00000000eab00000)
  object space 87552K, 0% used [0x00000000c0000000,0x00000000c0000000,0x00000000c5580000)
 Metaspace       used 6091K, capacity 6964K, committed 7040K, reserved 1056768K
  class space    used 599K, capacity 620K, committed 640K, reserved 1048576K
Event: 5.861 GC heap after
Heap after GC invocations=1 (full 0):
 PSYoungGen      total 38400K, used 5088K [0x00000000eab00000, 0x00000000ed580000, 0x0000000100000000)
  eden space 33280K, 0% used [0x00000000eab00000,0x00000000eab00000,0x00000000ecb80000)
  from space 5120K, 99% used [0x00000000ecb80000,0x00000000ed078058,0x00000000ed080000)
  to   space 5120K, 0% used [0x00000000ed080000,0x00000000ed080000,0x00000000ed580000)
 ParOldGen       total 87552K, used 1471K [0x00000000c0000000, 0x00000000c5580000, 0x00000000eab00000)
  object space 87552K, 1% used [0x00000000c0000000,0x00000000c016fe08,0x00000000c5580000)
 Metaspace       used 6091K, capacity 6964K, committed 7040K, reserved 1056768K
  class space    used 599K, capacity 620K, committed 640K, reserved 1048576K
}
Event: 6.913 GC heap before
{Heap before GC invocations=2 (full 0):
 PSYoungGen      total 38400K, used 38368K [0x00000000eab00000, 0x00000000ed580000, 0x0000000100000000)
  eden space 33280K, 100% used [0x00000000eab00000,0x00000000ecb80000,0x00000000ecb80000)
  from space 5120K, 99% used [0x00000000ecb80000,0x00000000ed078058,0x00000000ed080000)
  to   space 5120K, 0% used [0x00000000ed080000,0x00000000ed080000,0x00000000ed580000)
 ParOldGen       total 87552K, used 1471K [0x00000000c0000000, 0x00000000c5580000, 0x00000000eab00000)
  object space 87552K, 1% used [0x00000000c0000000,0x00000000c016fe08,0x00000000c5580000)
 Metaspace       used 6218K, capacity 7092K, committed 7296K, reserved 1056768K
  class space    used 601K, capacity 620K, committed 640K, reserved 1048576K
Event: 6.950 GC heap after
Heap after GC invocations=2 (full 0):
 PSYoungGen      total 38400K, used 5110K [0x00000000eab00000, 0x00000000ed580000, 0x0000000100000000)
  eden space 33280K, 0% used [0x00000000eab00000,0x00000000eab00000,0x00000000ecb80000)
  from space 5120K, 99% used [0x00000000ed080000,0x00000000ed57daa8,0x00000000ed580000)
  to   space 5120K, 0% used [0x00000000ecb80000,0x00000000ecb80000,0x00000000ed080000)
 ParOldGen       total 87552K, used 5368K [0x00000000c0000000, 0x00000000c5580000, 0x00000000eab00000)
  object space 87552K, 6% used [0x00000000c0000000,0x00000000c053e1d0,0x00000000c5580000)
 Metaspace       used 6218K, capacity 7092K, committed 7296K, reserved 1056768K
  class space    used 601K, capacity 620K, committed 640K, reserved 1048576K
}
Event: 7.468 GC heap before
{Heap before GC invocations=3 (full 0):
 PSYoungGen      total 38400K, used 38390K [0x00000000eab00000, 0x00000000ed580000, 0x0000000100000000)
  eden space 33280K, 100% used [0x00000000eab00000,0x00000000ecb80000,0x00000000ecb80000)
  from space 5120K, 99% used [0x00000000ed080000,0x00000000ed57daa8,0x00000000ed580000)
  to   space 5120K, 0% used [0x00000000ecb80000,0x00000000ecb80000,0x00000000ed080000)
 ParOldGen       total 87552K, used 5368K [0x00000000c0000000, 0x00000000c5580000, 0x00000000eab00000)
  object space 87552K, 6% used [0x00000000c0000000,0x00000000c053e1d0,0x00000000c5580000)
 Metaspace       used 6268K, capacity 7092K, committed 7296K, reserved 1056768K
  class space    used 601K, capacity 620K, committed 640K, reserved 1048576K
Event: 7.559 GC heap after
Heap after GC invocations=3 (full 0):
 PSYoungGen      total 38400K, used 5099K [0x00000000eab00000, 0x00000000ed580000, 0x0000000100000000)
  eden space 33280K, 0% used [0x00000000eab00000,0x00000000eab00000,0x00000000ecb80000)
  from space 5120K, 99% used [0x00000000ecb80000,0x00000000ed07ac68,0x00000000ed080000)
  to   space 5120K, 0% used [0x00000000ed080000,0x00000000ed080000,0x00000000ed580000)
 ParOldGen       total 87552K, used 10119K [0x00000000c0000000, 0x00000000c5580000, 0x00000000eab00000)
  object space 87552K, 11% used [0x00000000c0000000,0x00000000c09e1c78,0x00000000c5580000)
 Metaspace       used 6268K, capacity 7092K, committed 7296K, reserved 1056768K
  class space    used 601K, capacity 620K, committed 640K, reserved 1048576K
}
Event: 8.284 GC heap before
{Heap before GC invocations=4 (full 0):
 PSYoungGen      total 38400K, used 38379K [0x00000000eab00000, 0x00000000ed580000, 0x0000000100000000)
  eden space 33280K, 100% used [0x00000000eab00000,0x00000000ecb80000,0x00000000ecb80000)
  from space 5120K, 99% used [0x00000000ecb80000,0x00000000ed07ac68,0x00000000ed080000)
  to   space 5120K, 0% used [0x00000000ed080000,0x00000000ed080000,0x00000000ed580000)
 ParOldGen       total 87552K, used 10119K [0x00000000c0000000, 0x00000000c5580000, 0x00000000eab00000)
  object space 87552K, 11% used [0x00000000c0000000,0x00000000c09e1c78,0x00000000c5580000)
 Metaspace       used 6321K, capacity 7092K, committed 7296K, reserved 1056768K
  class space    used 602K, capacity 620K, committed 640K, reserved 1048576K

Deoptimization events (10 events):
Event: 7.277 Thread 0x00000000165fa000 Uncommon trap: reason=unstable_if action=reinterpret pc=0x0000000002f011d4 method=com.android.dx.rop.code.RegisterSpecSet.localItemToSpec(Lcom/android/dx/rop/code/LocalItem;)Lcom/android/dx/rop/code/RegisterSpec; @ 35
Event: 7.299 Thread 0x00000000165f2800 Uncommon trap: reason=bimorphic action=maybe_recompile pc=0x0000000002f1999c method=com.android.dx.cf.code.Merger.mergeType(Lcom/android/dx/rop/type/TypeBearer;Lcom/android/dx/rop/type/TypeBearer;)Lcom/android/dx/rop/type/TypeBearer; @ 28
Event: 7.360 Thread 0x00000000165f6800 Uncommon trap: reason=bimorphic action=maybe_recompile pc=0x0000000002f1999c method=com.android.dx.cf.code.Merger.mergeType(Lcom/android/dx/rop/type/TypeBearer;Lcom/android/dx/rop/type/TypeBearer;)Lcom/android/dx/rop/type/TypeBearer; @ 28
Event: 7.362 Thread 0x00000000165f6800 Uncommon trap: reason=bimorphic action=maybe_recompile pc=0x0000000002f1999c method=com.android.dx.cf.code.Merger.mergeType(Lcom/android/dx/rop/type/TypeBearer;Lcom/android/dx/rop/type/TypeBearer;)Lcom/android/dx/rop/type/TypeBearer; @ 28
Event: 7.667 Thread 0x00000000165f2800 Uncommon trap: reason=unstable_if action=reinterpret pc=0x0000000002fbd2f0 method=com.android.dx.ssa.InterferenceRegisterMapper.interferes(III)Z @ 69
Event: 7.712 Thread 0x00000000165fa000 Uncommon trap: reason=class_check action=maybe_recompile pc=0x0000000002dc5c54 method=java.util.HashMap.putVal(ILjava/lang/Object;Ljava/lang/Object;ZZ)Ljava/lang/Object; @ 203
Event: 7.737 Thread 0x00000000165f6800 Uncommon trap: reason=unstable_if action=reinterpret pc=0x0000000002f145b4 method=com.android.dx.ssa.SsaBasicBlock.scheduleMovesFromPhis()V @ 63
Event: 7.759 Thread 0x00000000165f6800 Uncommon trap: reason=unstable_if action=reinterpret pc=0x0000000002d7bd38 method=com.android.dx.dex.code.OutputFinisher.hasLocalInfo(Lcom/android/dx/dex/code/DalvInsn;)Z @ 24
Event: 8.087 Thread 0x00000000165f2800 Uncommon trap: reason=bimorphic action=maybe_recompile pc=0x0000000003037bf8 method=com.android.dx.cf.code.BytecodeArray.parseInstruction(ILcom/android/dx/cf/code/BytecodeArray$Visitor;)I @ 2281
Event: 8.087 Thread 0x00000000165f2800 Uncommon trap: reason=bimorphic action=maybe_recompile pc=0x0000000003037bf8 method=com.android.dx.cf.code.BytecodeArray.parseInstruction(ILcom/android/dx/cf/code/BytecodeArray$Visitor;)I @ 2281

Internal exceptions (4 events):
Event: 0.415 Thread 0x0000000002790800 Exception <a 'java/lang/NoSuchMethodError': Method sun.misc.Unsafe.defineClass(Ljava/lang/String;[BII)Ljava/lang/Class; name or signature does not match> (0x00000000eab07cc0) thrown at [C:\re\workspace\8-2-build-windows-amd64-cygwin\jdk8u91\6644\hotspot\srÍ¿GìÔŽÚ?
Event: 0.415 Thread 0x0000000002790800 Exception <a 'java/lang/NoSuchMethodError': Method sun.misc.Unsafe.prefetchRead(Ljava/lang/Object;J)V name or signature does not match> (0x00000000eab07fa8) thrown at [C:\re\workspace\8-2-build-windows-amd64-cygwin\jdk8u91\6644\hotspot\src\share\vm\prims\jó»ùï@
Event: 4.255 Thread 0x00000000165fa000 Implicit null exception at 0x0000000002bfa533 to 0x0000000002bfbd65
Event: 5.908 Thread 0x00000000165fa000 Implicit null exception at 0x0000000002da46e2 to 0x0000000002da47d2

Events (10 events):
Event: 7.808 loading class com/android/dx/cf/attrib/AttDeprecated done
Event: 8.084 Thread 0x00000000165f2800 DEOPT PACKING pc=0x0000000002cecb03 sp=0x0000000016f3e4c0
Event: 8.084 Thread 0x00000000165f2800 DEOPT UNPACKING pc=0x000000000295787f sp=0x0000000016f3e240 mode 0
Event: 8.087 Thread 0x00000000165f2800 Uncommon trap: trap_request=0xffffffc6 fr.pc=0x0000000003037bf8
Event: 8.087 Thread 0x00000000165f2800 DEOPT PACKING pc=0x0000000003037bf8 sp=0x0000000016f3e3e0
Event: 8.087 Thread 0x00000000165f2800 DEOPT UNPACKING pc=0x000000000295582a sp=0x0000000016f3e3d0 mode 2
Event: 8.087 Thread 0x00000000165f2800 Uncommon trap: trap_request=0xffffffc6 fr.pc=0x0000000003037bf8
Event: 8.088 Thread 0x00000000165f2800 DEOPT PACKING pc=0x0000000003037bf8 sp=0x0000000016f3e240
Event: 8.088 Thread 0x00000000165f2800 DEOPT UNPACKING pc=0x000000000295582a sp=0x0000000016f3e230 mode 2
Event: 8.166 Executing VM operation: ParallelGCFailedAllocation


Dynamic libraries:
0x00007ff637580000 - 0x00007ff6375b7000 	D:\JAVA_enviroment\bin\java.exe
0x00007ff8fd9a0000 - 0x00007ff8fdb71000 	C:\WINDOWS\SYSTEM32\ntdll.dll
0x00007ff8fb4a0000 - 0x00007ff8fb54b000 	C:\WINDOWS\System32\KERNEL32.DLL
0x00007ff8fa6d0000 - 0x00007ff8fa8ed000 	C:\WINDOWS\System32\KERNELBASE.dll
0x00007ff8fb3f0000 - 0x00007ff8fb492000 	C:\WINDOWS\System32\ADVAPI32.dll
0x00007ff8fd0e0000 - 0x00007ff8fd17e000 	C:\WINDOWS\System32\msvcrt.dll
0x00007ff8fcbd0000 - 0x00007ff8fcc29000 	C:\WINDOWS\System32\sechost.dll
0x00007ff8fd1c0000 - 0x00007ff8fd2e1000 	C:\WINDOWS\System32\RPCRT4.dll
0x00007ff8fd830000 - 0x00007ff8fd995000 	C:\WINDOWS\System32\USER32.dll
0x00007ff8faa60000 - 0x00007ff8faa7e000 	C:\WINDOWS\System32\win32u.dll
0x00007ff8fb3b0000 - 0x00007ff8fb3e4000 	C:\WINDOWS\System32\GDI32.dll
0x00007ff8faa80000 - 0x00007ff8fac02000 	C:\WINDOWS\System32\gdi32full.dll
0x00007ff8f51d0000 - 0x00007ff8f5449000 	C:\WINDOWS\WinSxS\amd64_microsoft.windows.common-controls_6595b64144ccf1df_6.0.14393.0_none_2d0f50fcbdb171b8\COMCTL32.dll
0x00007ff8fccd0000 - 0x00007ff8fcf97000 	C:\WINDOWS\System32\combase.dll
0x00007ff8fa960000 - 0x00007ff8faa55000 	C:\WINDOWS\System32\ucrtbase.dll
0x00007ff8fa8f0000 - 0x00007ff8fa95a000 	C:\WINDOWS\System32\bcryptPrimitives.dll
0x00007ff8fd180000 - 0x00007ff8fd1ae000 	C:\WINDOWS\System32\IMM32.DLL
0x0000000063660000 - 0x0000000063732000 	D:\JAVA_enviroment\jre\bin\msvcr100.dll
0x0000000062b00000 - 0x0000000063393000 	D:\JAVA_enviroment\jre\bin\server\jvm.dll
0x00007ff8fb550000 - 0x00007ff8fb558000 	C:\WINDOWS\System32\PSAPI.DLL
0x00007ff8f70d0000 - 0x00007ff8f70d9000 	C:\WINDOWS\SYSTEM32\WSOCK32.dll
0x00007ff8fb130000 - 0x00007ff8fb19a000 	C:\WINDOWS\System32\WS2_32.dll
0x00007ff8f8050000 - 0x00007ff8f8073000 	C:\WINDOWS\SYSTEM32\WINMM.dll
0x00007ff8f5890000 - 0x00007ff8f589a000 	C:\WINDOWS\SYSTEM32\VERSION.dll
0x00007ff8f7ed0000 - 0x00007ff8f7efb000 	C:\WINDOWS\SYSTEM32\WINMMBASE.dll
0x00007ff8facb0000 - 0x00007ff8facf2000 	C:\WINDOWS\System32\cfgmgr32.dll
0x0000000063d90000 - 0x0000000063d9f000 	D:\JAVA_enviroment\jre\bin\verify.dll
0x0000000063d60000 - 0x0000000063d89000 	D:\JAVA_enviroment\jre\bin\java.dll
0x0000000063d40000 - 0x0000000063d56000 	D:\JAVA_enviroment\jre\bin\zip.dll
0x00007ff8fb6c0000 - 0x00007ff8fcbc8000 	C:\WINDOWS\System32\SHELL32.dll
0x00007ff8f9e90000 - 0x00007ff8fa56a000 	C:\WINDOWS\System32\windows.storage.dll
0x00007ff8f9e20000 - 0x00007ff8f9e6c000 	C:\WINDOWS\System32\powrprof.dll
0x00007ff8fb050000 - 0x00007ff8fb0a2000 	C:\WINDOWS\System32\shlwapi.dll
0x00007ff8f9e00000 - 0x00007ff8f9e0f000 	C:\WINDOWS\System32\kernel.appcore.dll
0x00007ff8fa620000 - 0x00007ff8fa6c9000 	C:\WINDOWS\System32\shcore.dll
0x00007ff8f9e70000 - 0x00007ff8f9e84000 	C:\WINDOWS\System32\profapi.dll

VM Arguments:
jvm_args: -Djava.awt.headless=true -Xmx1024M -Dfile.encoding=GBK -Duser.country=CN -Duser.language=zh -Duser.variant 
java_command: com.android.dx.command.Main --dex --force-jumbo --num-threads=4 --output D:\workspace1\FastSport\app\build\intermediates\pre-dexed\debug\xUtils-2.6.14_202db90940df9880b4ddca384f0b6fb9bb907b52.jar D:\workspace1\FastSport\app\libs\xUtils-2.6.14.jar
java_class_path (initial): D:\AndroidStdio_sdk\sdk\build-tools\24.0.0\lib\dx.jar
Launcher Type: SUN_STANDARD

Environment Variables:
JAVA_HOME=D:\JAVA_enviroment
PATH=C:\ProgramData\Oracle\Java\javapath;C:\WINDOWS\system32;C:\WINDOWS;C:\WINDOWS\System32\Wbem;C:\WINDOWS\System32\WindowsPowerShell\v1.0\;D:\JAVA_enviroment\bin;D:\JAVA_enviroment\jre\bin;D:\android_sdk\sdk\tools;C:\Program Files (x86)\NVIDIA Corporation\PhysX\Common;D:\AndroidStdio_sdk\sdk\tools;C:\Program Files (x86)\Microsoft SQL Server\100\Tools\Binn\;C:\Program Files\Microsoft SQL Server\100\Tools\Binn\;C:\Program Files\Microsoft SQL Server\100\DTS\Binn\;C:\Program Files (x86)\Microsoft SQL Server\100\Tools\Binn\VSShell\Common7\IDE\;C:\Program Files (x86)\Microsoft Visual Studio 9.0\Common7\IDE\PrivateAssemblies\;C:\Program Files (x86)\Microsoft SQL Server\100\DTS\Binn\;D:\android_sdk\sdk\platform-tools;D:\android_sdk\sdk\tools;C:\WINDOWS\system32;C:\WINDOWS;C:\WINDOWS\System32\Wbem;C:\WINDOWS\System32\WindowsPowerShell\v1.0\;C:\Users\Administrator\AppData\Local\Microsoft\WindowsApps;
USERNAME=Administrator
OS=Windows_NT
PROCESSOR_IDENTIFIER=Intel64 Family 6 Model 58 Stepping 9, GenuineIntel



---------------  S Y S T E M  ---------------

OS: Windows 10.0 , 64 bit Build 14393 (10.0.14393.0)

CPU:total 4 (2 cores per cpu, 2 threads per core) family 6 model 58 stepping 9, cmov, cx8, fxsr, mmx, sse, sse2, sse3, ssse3, sse4.1, sse4.2, popcnt, avx, aes, clmul, erms, ht, tsc, tscinvbit, tscinv

Memory: 4k page, physical 8271404k(1062020k free), swap 8271404k(5496k free)

vm_info: Java HotSpot(TM) 64-Bit Server VM (25.91-b14) for windows-amd64 JRE (1.8.0_91-b14), built on Apr  1 2016 00:58:32 by "java_re" with MS VC++ 10.0 (VS2010)

time: Wed Oct 19 17:09:27 2016
elapsed time: 8 seconds (0d 0h 0m 8s)

