#
# There is insufficient memory for the Java Runtime Environment to continue.
# Native memory allocation (malloc) failed to allocate 383056 bytes for Chunk::new
# Possible reasons:
#   The system is out of physical RAM or swap space
#   In 32 bit mode, the process size limit was hit
# Possible solutions:
#   Reduce memory load on the system
#   Increase physical memory or swap space
#   Check if swap backing store is full
#   Use 64 bit Java on a 64 bit OS
#   Decrease Java heap size (-Xmx/-Xms)
#   Decrease number of Java threads
#   Decrease Java thread stack sizes (-Xss)
#   Set larger code cache with -XX:ReservedCodeCacheSize=
# This output file may be truncated or incomplete.
#
#  Out of Memory Error (allocation.cpp:390), pid=7428, tid=11924
#
# JRE version: Java(TM) SE Runtime Environment (8.0_91-b14) (build 1.8.0_91-b14)
# Java VM: Java HotSpot(TM) 64-Bit Server VM (25.91-b14 mixed mode windows-amd64 compressed oops)
# Failed to write core dump. Minidumps are not enabled by default on client versions of Windows
#

---------------  T H R E A D  ---------------

Current thread (0x0000000015799800):  JavaThread "C2 CompilerThread0" daemon [_thread_in_native, id=11924, stack(0x0000000017090000,0x0000000017190000)]

Stack: [0x0000000017090000,0x0000000017190000]
[error occurred during error reporting (printing stack bounds), id 0xc0000005]

Native frames: (J=compiled Java code, j=interpreted, Vv=VM code, C=native code)


Current CompileTask:
C2:  36651 1253       4       com.android.dx.ssa.back.LivenessAnalyzer::run (231 bytes)


---------------  P R O C E S S  ---------------

Java Threads: ( => current thread )
  0x0000000016c74800 JavaThread "pool-2-thread-4" [_thread_in_Java, id=1416, stack(0x0000000017990000,0x0000000017a90000)]
  0x0000000016c74000 JavaThread "pool-2-thread-3" [_thread_blocked, id=884, stack(0x0000000017890000,0x0000000017990000)]
  0x0000000016bf2000 JavaThread "pool-2-thread-2" [_thread_in_Java, id=6316, stack(0x0000000017790000,0x0000000017890000)]
  0x0000000016be7800 JavaThread "pool-3-thread-1" [_thread_blocked, id=13276, stack(0x0000000017690000,0x0000000017790000)]
  0x0000000016adb800 JavaThread "pool-2-thread-1" [_thread_in_Java, id=11252, stack(0x0000000017590000,0x0000000017690000)]
  0x0000000016af8800 JavaThread "Service Thread" daemon [_thread_blocked, id=5540, stack(0x0000000017390000,0x0000000017490000)]
  0x0000000016af2000 JavaThread "C1 CompilerThread2" daemon [_thread_blocked, id=3240, stack(0x0000000017290000,0x0000000017390000)]
  0x000000001579c000 JavaThread "C2 CompilerThread1" daemon [_thread_in_native, id=11692, stack(0x0000000017190000,0x0000000017290000)]
=>0x0000000015799800 JavaThread "C2 CompilerThread0" daemon [_thread_in_native, id=11924, stack(0x0000000017090000,0x0000000017190000)]
  0x000000001574d000 JavaThread "Attach Listener" daemon [_thread_blocked, id=9336, stack(0x0000000016f90000,0x0000000017090000)]
  0x000000001574c000 JavaThread "Signal Dispatcher" daemon [_thread_blocked, id=8828, stack(0x0000000016e90000,0x0000000016f90000)]
  0x000000001572a000 JavaThread "Finalizer" daemon [_thread_blocked, id=7892, stack(0x0000000016990000,0x0000000016a90000)]
  0x0000000015709000 JavaThread "Reference Handler" daemon [_thread_blocked, id=4004, stack(0x0000000016890000,0x0000000016990000)]
  0x0000000002f70800 JavaThread "main" [_thread_in_native, id=13088, stack(0x0000000002e70000,0x0000000002f70000)]

Other Threads:
  0x0000000015707000 VMThread [stack: 0x0000000016790000,0x0000000016890000] [id=7720]
  0x0000000016b04000 WatcherThread [stack: 0x0000000017490000,0x0000000017590000] [id=12700]

VM state:not at safepoint (normal execution)

VM Mutex/Monitor currently owned by a thread: None

Heap:
 PSYoungGen      total 38400K, used 10899K [0x00000000eab00000, 0x00000000ef600000, 0x0000000100000000)
  eden space 33280K, 17% used [0x00000000eab00000,0x00000000eb0a6070,0x00000000ecb80000)
  from space 5120K, 99% used [0x00000000ecb80000,0x00000000ed07eef0,0x00000000ed080000)
  to   space 5120K, 0% used [0x00000000ef100000,0x00000000ef100000,0x00000000ef600000)
 ParOldGen       total 87552K, used 1940K [0x00000000c0000000, 0x00000000c5580000, 0x00000000eab00000)
  object space 87552K, 2% used [0x00000000c0000000,0x00000000c01e5288,0x00000000c5580000)
 Metaspace       used 5822K, capacity 6896K, committed 7040K, reserved 1056768K
  class space    used 582K, capacity 616K, committed 640K, reserved 1048576K

Card table byte_map: [0x0000000012430000,0x0000000012640000] byte_map_base: 0x0000000011e30000

Marking Bits: (ParMarkBitMap*) 0x00000000567b2f70
 Begin Bits: [0x0000000012ba0000, 0x0000000013ba0000)
 End Bits:   [0x0000000013ba0000, 0x0000000014ba0000)

Polling page: 0x0000000001360000

CodeCache: size=245760Kb used=5222Kb max_used=5235Kb free=240537Kb
 bounds [0x0000000003070000, 0x00000000035a0000, 0x0000000012070000]
 total_blobs=1507 nmethods=1243 adapters=177
 compilation: enabled

Compilation events (10 events):
Event: 36.606 Thread 0x0000000016af2000 1260       3       com.android.dx.cf.code.BaseMachine::popArgs (137 bytes)
Event: 36.610 Thread 0x0000000016af2000 nmethod 1260 0x000000000358b1d0 code [0x000000000358b540, 0x000000000358cf48]
Event: 36.613 Thread 0x0000000016af2000 1261       3       com.android.dx.rop.code.Rops::opReturn (89 bytes)
Event: 36.616 Thread 0x0000000016af2000 nmethod 1261 0x0000000003583dd0 code [0x0000000003584000, 0x0000000003584bf8]
Event: 36.623 Thread 0x0000000016af2000 1262       3       com.android.dx.ssa.back.FirstFitLocalCombiningAllocator::access$100 (5 bytes)
Event: 36.624 Thread 0x0000000016af2000 nmethod 1262 0x0000000003585610 code [0x0000000003585780, 0x0000000003585970]
Event: 36.628 Thread 0x0000000016af2000 1263   !   3       com.android.dx.cf.code.OneLocalsArray::set (106 bytes)
Event: 36.630 Thread 0x0000000016af2000 nmethod 1263 0x000000000358dcd0 code [0x000000000358df20, 0x000000000358ed58]
Event: 36.632 Thread 0x000000001579c000 nmethod 1247% 0x00000000035914d0 code [0x0000000003591680, 0x0000000003592078]
Event: 36.632 Thread 0x000000001579c000 1258 %     4       com.android.dx.ssa.SsaMethod::deleteInsns @ 42 (239 bytes)

GC Heap History (2 events):
Event: 36.026 GC heap before
{Heap before GC invocations=1 (full 0):
 PSYoungGen      total 38400K, used 33280K [0x00000000eab00000, 0x00000000ed580000, 0x0000000100000000)
  eden space 33280K, 100% used [0x00000000eab00000,0x00000000ecb80000,0x00000000ecb80000)
  from space 5120K, 0% used [0x00000000ed080000,0x00000000ed080000,0x00000000ed580000)
  to   space 5120K, 0% used [0x00000000ecb80000,0x00000000ecb80000,0x00000000ed080000)
 ParOldGen       total 87552K, used 0K [0x00000000c0000000, 0x00000000c5580000, 0x00000000eab00000)
  object space 87552K, 0% used [0x00000000c0000000,0x00000000c0000000,0x00000000c5580000)
 Metaspace       used 5807K, capacity 6896K, committed 7040K, reserved 1056768K
  class space    used 582K, capacity 616K, committed 640K, reserved 1048576K
Event: 36.463 GC heap after
Heap after GC invocations=1 (full 0):
 PSYoungGen      total 38400K, used 5115K [0x00000000eab00000, 0x00000000ef600000, 0x0000000100000000)
  eden space 33280K, 0% used [0x00000000eab00000,0x00000000eab00000,0x00000000ecb80000)
  from space 5120K, 99% used [0x00000000ecb80000,0x00000000ed07eef0,0x00000000ed080000)
  to   space 5120K, 0% used [0x00000000ef100000,0x00000000ef100000,0x00000000ef600000)
 ParOldGen       total 87552K, used 1940K [0x00000000c0000000, 0x00000000c5580000, 0x00000000eab00000)
  object space 87552K, 2% used [0x00000000c0000000,0x00000000c01e5288,0x00000000c5580000)
 Metaspace       used 5807K, capacity 6896K, committed 7040K, reserved 1056768K
  class space    used 582K, capacity 616K, committed 640K, reserved 1048576K
}

Deoptimization events (10 events):
Event: 34.004 Thread 0x0000000016bf2000 Uncommon trap: reason=unstable_if action=reinterpret pc=0x000000000337e6cc method=com.android.dx.rop.code.RegisterSpec.equals(ILcom/android/dx/rop/type/TypeBearer;Lcom/android/dx/rop/code/LocalItem;)Z @ 24
Event: 34.127 Thread 0x0000000016c74800 Uncommon trap: reason=class_check action=maybe_recompile pc=0x00000000033a6c70 method=com.android.dx.rop.type.Type.equals(Ljava/lang/Object;)Z @ 8
Event: 34.128 Thread 0x0000000016c74800 Uncommon trap: reason=unstable_if action=reinterpret pc=0x00000000034902b8 method=com.android.dx.cf.code.Ropper.labelToResultIndex(I)I @ 34
Event: 34.129 Thread 0x0000000016c74800 Uncommon trap: reason=unstable_if action=reinterpret pc=0x00000000032f9574 method=java.util.BitSet.ensureCapacity(I)V @ 6
Event: 34.213 Thread 0x0000000016adb800 Uncommon trap: reason=unstable_if action=reinterpret pc=0x00000000034cee54 method=com.android.dx.cf.code.BasicBlocker.addWorkIfNecessary(IZ)V @ 8
Event: 34.314 Thread 0x0000000002f70800 Uncommon trap: reason=class_check action=maybe_recompile pc=0x00000000033a6c70 method=com.android.dx.rop.type.Type.equals(Ljava/lang/Object;)Z @ 8
Event: 34.314 Thread 0x0000000002f70800 Uncommon trap: reason=class_check action=maybe_recompile pc=0x00000000033a6c70 method=com.android.dx.rop.type.Type.equals(Ljava/lang/Object;)Z @ 8
Event: 34.320 Thread 0x0000000002f70800 Uncommon trap: reason=class_check action=maybe_recompile pc=0x00000000033a6c70 method=com.android.dx.rop.type.Type.equals(Ljava/lang/Object;)Z @ 8
Event: 34.343 Thread 0x0000000016adb800 Uncommon trap: reason=unstable_if action=reinterpret pc=0x00000000034c6a3c method=com.android.dx.util.IntList.binarysearch(I)I @ 16
Event: 35.795 Thread 0x0000000002f70800 Uncommon trap: reason=unstable_if action=reinterpret pc=0x0000000003202c90 method=java.lang.String.<init>([CII)V @ 18

Internal exceptions (2 events):
Event: 5.991 Thread 0x0000000002f70800 Exception <a 'java/lang/NoSuchMethodError': Method sun.misc.Unsafe.defineClass(Ljava/lang/String;[BII)Ljava/lang/Class; name or signature does not match> (0x00000000eab07cc0) thrown at [C:\re\workspace\8-2-build-windows-amd64-cygwin\jdk8u91\6644\hotspot\srLÎåžö@
Event: 5.991 Thread 0x0000000002f70800 Exception <a 'java/lang/NoSuchMethodError': Method sun.misc.Unsafe.prefetchRead(Ljava/lang/Object;J)V name or signature does not match> (0x00000000eab07fa8) thrown at [C:\re\workspace\8-2-build-windows-amd64-cygwin\jdk8u91\6644\hotspot\src\share\vm\prims\j

Events (10 events):
Event: 35.205 loading class com/android/dx/dex/file/MethodAnnotationStruct done
Event: 35.287 Thread 0x0000000016bf2000 DEOPT PACKING pc=0x00000000032fa24a sp=0x000000001788e9e0
Event: 35.287 Thread 0x0000000016bf2000 DEOPT UNPACKING pc=0x00000000030b787f sp=0x000000001788e748 mode 0
Event: 35.288 Thread 0x0000000016bf2000 DEOPT PACKING pc=0x00000000034e4c02 sp=0x000000001788e900
Event: 35.288 Thread 0x0000000016bf2000 DEOPT UNPACKING pc=0x00000000030b787f sp=0x000000001788e668 mode 0
Event: 35.795 Thread 0x0000000002f70800 Uncommon trap: trap_request=0xffffff65 fr.pc=0x0000000003202c90
Event: 35.795 Thread 0x0000000002f70800 DEOPT PACKING pc=0x0000000003202c90 sp=0x0000000002f6e250
Event: 35.795 Thread 0x0000000002f70800 DEOPT UNPACKING pc=0x00000000030b582a sp=0x0000000002f6e180 mode 2
Event: 36.026 Executing VM operation: ParallelGCFailedAllocation
Event: 36.463 Executing VM operation: ParallelGCFailedAllocation done


Dynamic libraries:
0x00007ff7dd620000 - 0x00007ff7dd657000 	D:\JAVA_enviroment\bin\java.exe
0x00007ffa2fc30000 - 0x00007ffa2fe01000 	C:\WINDOWS\SYSTEM32\ntdll.dll
0x00007ffa2f480000 - 0x00007ffa2f52b000 	C:\WINDOWS\System32\KERNEL32.DLL
0x00007ffa2cfa0000 - 0x00007ffa2d1bd000 	C:\WINDOWS\System32\KERNELBASE.dll
0x00007ffa2f8b0000 - 0x00007ffa2f952000 	C:\WINDOWS\System32\ADVAPI32.dll
0x00007ffa2f810000 - 0x00007ffa2f8ae000 	C:\WINDOWS\System32\msvcrt.dll
0x00007ffa2d430000 - 0x00007ffa2d489000 	C:\WINDOWS\System32\sechost.dll
0x00007ffa2f6a0000 - 0x00007ffa2f7c1000 	C:\WINDOWS\System32\RPCRT4.dll
0x00007ffa2d2c0000 - 0x00007ffa2d425000 	C:\WINDOWS\System32\USER32.dll
0x00007ffa2c8a0000 - 0x00007ffa2c8be000 	C:\WINDOWS\System32\win32u.dll
0x00007ffa2f7d0000 - 0x00007ffa2f804000 	C:\WINDOWS\System32\GDI32.dll
0x00007ffa2c710000 - 0x00007ffa2c892000 	C:\WINDOWS\System32\gdi32full.dll
0x00007ffa26040000 - 0x00007ffa262b9000 	C:\WINDOWS\WinSxS\amd64_microsoft.windows.common-controls_6595b64144ccf1df_6.0.14393.447_none_42191651c6827bb3\COMCTL32.dll
0x00007ffa2f960000 - 0x00007ffa2fc27000 	C:\WINDOWS\System32\combase.dll
0x00007ffa2c560000 - 0x00007ffa2c655000 	C:\WINDOWS\System32\ucrtbase.dll
0x00007ffa2c270000 - 0x00007ffa2c2da000 	C:\WINDOWS\System32\bcryptPrimitives.dll
0x00007ffa2d490000 - 0x00007ffa2d4be000 	C:\WINDOWS\System32\IMM32.DLL
0x0000000055b50000 - 0x0000000055c22000 	D:\JAVA_enviroment\jre\bin\msvcr100.dll
0x0000000055fa0000 - 0x0000000056833000 	D:\JAVA_enviroment\jre\bin\server\jvm.dll
0x00007ffa2d4d0000 - 0x00007ffa2d4d8000 	C:\WINDOWS\System32\PSAPI.DLL
0x00007ffa28f80000 - 0x00007ffa28f89000 	C:\WINDOWS\SYSTEM32\WSOCK32.dll
0x00007ffa2d4e0000 - 0x00007ffa2d54a000 	C:\WINDOWS\System32\WS2_32.dll
0x00007ffa29e70000 - 0x00007ffa29e93000 	C:\WINDOWS\SYSTEM32\WINMM.dll
0x00007ffa28250000 - 0x00007ffa2825a000 	C:\WINDOWS\SYSTEM32\VERSION.dll
0x00007ffa29ca0000 - 0x00007ffa29ccb000 	C:\WINDOWS\SYSTEM32\WINMMBASE.dll
0x00007ffa2c2e0000 - 0x00007ffa2c322000 	C:\WINDOWS\System32\cfgmgr32.dll
0x0000000056870000 - 0x000000005687f000 	D:\JAVA_enviroment\jre\bin\verify.dll
0x0000000055f70000 - 0x0000000055f99000 	D:\JAVA_enviroment\jre\bin\java.dll
0x0000000056850000 - 0x0000000056866000 	D:\JAVA_enviroment\jre\bin\zip.dll
0x00007ffa2db40000 - 0x00007ffa2f049000 	C:\WINDOWS\System32\SHELL32.dll
0x00007ffa2c8c0000 - 0x00007ffa2cf9a000 	C:\WINDOWS\System32\windows.storage.dll
0x00007ffa2c090000 - 0x00007ffa2c0dc000 	C:\WINDOWS\System32\powrprof.dll
0x00007ffa2f300000 - 0x00007ffa2f352000 	C:\WINDOWS\System32\shlwapi.dll
0x00007ffa2c110000 - 0x00007ffa2c11f000 	C:\WINDOWS\System32\kernel.appcore.dll
0x00007ffa2c120000 - 0x00007ffa2c1c9000 	C:\WINDOWS\System32\shcore.dll
0x00007ffa2c0e0000 - 0x00007ffa2c0f4000 	C:\WINDOWS\System32\profapi.dll

VM Arguments:
jvm_args: -Djava.awt.headless=true -Xmx1024M -Dfile.encoding=GBK -Duser.country=CN -Duser.language=zh -Duser.variant 
java_command: com.android.dx.command.Main --dex --force-jumbo --num-threads=4 --multi-dex --output D:\workspace1\FastSport\app\build\intermediates\transforms\dex\debug\folders\1000\5\slice_2 D:\workspace1\FastSport\app\build\intermediates\transforms\instantRunSlicer\debug\folders\1\5\slice_2
java_class_path (initial): D:\AndroidStdio_sdk\sdk\build-tools\24.0.0\lib\dx.jar
Launcher Type: SUN_STANDARD

Environment Variables:
JAVA_HOME=D:\JAVA_enviroment
PATH=C:\ProgramData\Oracle\Java\javapath;C:\WINDOWS\system32;C:\WINDOWS;C:\WINDOWS\System32\Wbem;C:\WINDOWS\System32\WindowsPowerShell\v1.0\;D:\JAVA_enviroment\bin;D:\JAVA_enviroment\jre\bin;D:\android_sdk\sdk\tools;C:\Program Files (x86)\NVIDIA Corporation\PhysX\Common;D:\AndroidStdio_sdk\sdk\tools;C:\Program Files (x86)\Microsoft SQL Server\100\Tools\Binn\;C:\Program Files\Microsoft SQL Server\100\Tools\Binn\;C:\Program Files\Microsoft SQL Server\100\DTS\Binn\;C:\Program Files (x86)\Microsoft SQL Server\100\Tools\Binn\VSShell\Common7\IDE\;C:\Program Files (x86)\Microsoft Visual Studio 9.0\Common7\IDE\PrivateAssemblies\;C:\Program Files (x86)\Microsoft SQL Server\100\DTS\Binn\;D:\android_sdk\sdk\platform-tools;D:\android_sdk\sdk\tools;C:\WINDOWS\system32;C:\WINDOWS;C:\WINDOWS\System32\Wbem;C:\WINDOWS\System32\WindowsPowerShell\v1.0\;C:\Users\Administrator\AppData\Local\Microsoft\WindowsApps;
USERNAME=Administrator
OS=Windows_NT
PROCESSOR_IDENTIFIER=Intel64 Family 6 Model 58 Stepping 9, GenuineIntel



---------------  S Y S T E M  ---------------

OS: Windows 10.0 , 64 bit Build 14393 (10.0.14393.0)

CPU:total 4 (2 cores per cpu, 2 threads per core) family 6 model 58 stepping 9, cmov, cx8, fxsr, mmx, sse, sse2, sse3, ssse3, sse4.1, sse4.2, popcnt, avx, aes, clmul, erms, ht, tsc, tscinvbit, tscinv

Memory: 4k page, physical 8271404k(1291028k free), swap 8271404k(5696k free)

vm_info: Java HotSpot(TM) 64-Bit Server VM (25.91-b14) for windows-amd64 JRE (1.8.0_91-b14), built on Apr  1 2016 00:58:32 by "java_re" with MS VC++ 10.0 (VS2010)

time: Sat Nov 19 14:15:25 2016
elapsed time: 36 seconds (0d 0h 0m 36s)

