#
# There is insufficient memory for the Java Runtime Environment to continue.
# Native memory allocation (malloc) failed to allocate 183536 bytes for Chunk::new
# Possible reasons:
#   The system is out of physical RAM or swap space
#   In 32 bit mode, the process size limit was hit
# Possible solutions:
#   Reduce memory load on the system
#   Increase physical memory or swap space
#   Check if swap backing store is full
#   Use 64 bit Java on a 64 bit OS
#   Decrease Java heap size (-Xmx/-Xms)
#   Decrease number of Java threads
#   Decrease Java thread stack sizes (-Xss)
#   Set larger code cache with -XX:ReservedCodeCacheSize=
# This output file may be truncated or incomplete.
#
#  Out of Memory Error (allocation.cpp:390), pid=5864, tid=5912
#
# JRE version: Java(TM) SE Runtime Environment (8.0_91-b14) (build 1.8.0_91-b14)
# Java VM: Java HotSpot(TM) 64-Bit Server VM (25.91-b14 mixed mode windows-amd64 compressed oops)
# Failed to write core dump. Minidumps are not enabled by default on client versions of Windows
#

---------------  T H R E A D  ---------------

Current thread (0x0000000015ce9800):  JavaThread "C2 CompilerThread0" daemon [_thread_in_native, id=5912, stack(0x0000000017680000,0x0000000017780000)]

Stack: [0x0000000017680000,0x0000000017780000]
[error occurred during error reporting (printing stack bounds), id 0xc0000005]

Native frames: (J=compiled Java code, j=interpreted, Vv=VM code, C=native code)


Current CompileTask:
C2:   1252 1069   !   4       com.android.dx.rop.code.RegisterSpec::intern (70 bytes)


---------------  P R O C E S S  ---------------

Java Threads: ( => current thread )
  0x0000000017307800 JavaThread "pool-1-thread-4" [_thread_in_Java, id=10932, stack(0x0000000017f80000,0x0000000018080000)]
  0x000000001730c000 JavaThread "pool-1-thread-3" [_thread_blocked, id=2464, stack(0x0000000017e80000,0x0000000017f80000)]
  0x00000000172f9000 JavaThread "pool-1-thread-2" [_thread_blocked, id=11052, stack(0x0000000017d80000,0x0000000017e80000)]
  0x00000000172f8800 JavaThread "pool-2-thread-1" [_thread_blocked, id=9064, stack(0x0000000017c80000,0x0000000017d80000)]
  0x0000000017349000 JavaThread "pool-1-thread-1" [_thread_blocked, id=11004, stack(0x0000000017b80000,0x0000000017c80000)]
  0x0000000017104000 JavaThread "Service Thread" daemon [_thread_blocked, id=4484, stack(0x0000000017980000,0x0000000017a80000)]
  0x00000000170da000 JavaThread "C1 CompilerThread2" daemon [_thread_in_native, id=584, stack(0x0000000017880000,0x0000000017980000)]
  0x0000000015cec000 JavaThread "C2 CompilerThread1" daemon [_thread_in_native, id=2896, stack(0x0000000017780000,0x0000000017880000)]
=>0x0000000015ce9800 JavaThread "C2 CompilerThread0" daemon [_thread_in_native, id=5912, stack(0x0000000017680000,0x0000000017780000)]
  0x0000000015c9d000 JavaThread "Attach Listener" daemon [_thread_blocked, id=4824, stack(0x0000000017580000,0x0000000017680000)]
  0x0000000015c9c000 JavaThread "Signal Dispatcher" daemon [_thread_blocked, id=4440, stack(0x0000000017480000,0x0000000017580000)]
  0x00000000035ba800 JavaThread "Finalizer" daemon [_thread_blocked, id=1028, stack(0x0000000016f20000,0x0000000017020000)]
  0x0000000015c59000 JavaThread "Reference Handler" daemon [_thread_blocked, id=10188, stack(0x0000000016e20000,0x0000000016f20000)]
  0x00000000034c0800 JavaThread "main" [_thread_blocked, id=204, stack(0x00000000033c0000,0x00000000034c0000)]

Other Threads:
  0x0000000015c57000 VMThread [stack: 0x0000000016d20000,0x0000000016e20000] [id=10008]
  0x0000000017133800 WatcherThread [stack: 0x0000000017a80000,0x0000000017b80000] [id=10940]

VM state:not at safepoint (normal execution)

VM Mutex/Monitor currently owned by a thread:  ([mutex/lock_event])
[0x000000000300b9e0] CodeCache_lock - owner thread: 0x0000000000000000

Heap:
 PSYoungGen      total 38400K, used 33280K [0x00000000eab00000, 0x00000000ed580000, 0x0000000100000000)
  eden space 33280K, 100% used [0x00000000eab00000,0x00000000ecb80000,0x00000000ecb80000)
  from space 5120K, 0% used [0x00000000ed080000,0x00000000ed080000,0x00000000ed580000)
  to   space 5120K, 0% used [0x00000000ecb80000,0x00000000ecb80000,0x00000000ed080000)
 ParOldGen       total 87552K, used 0K [0x00000000c0000000, 0x00000000c5580000, 0x00000000eab00000)
  object space 87552K, 0% used [0x00000000c0000000,0x00000000c0000000,0x00000000c5580000)
 Metaspace       used 5870K, capacity 6896K, committed 7040K, reserved 1056768K
  class space    used 589K, capacity 616K, committed 640K, reserved 1048576K

Card table byte_map: [0x0000000012980000,0x0000000012b90000] byte_map_base: 0x0000000012380000

Marking Bits: (ParMarkBitMap*) 0x0000000057982f70
 Begin Bits: [0x00000000130f0000, 0x00000000140f0000)
 End Bits:   [0x00000000140f0000, 0x00000000150f0000)

Polling page: 0x0000000002ff0000

CodeCache: size=245760Kb used=4477Kb max_used=4477Kb free=241282Kb
 bounds [0x00000000035c0000, 0x0000000003a30000, 0x00000000125c0000]
 total_blobs=1390 nmethods=1125 adapters=178
 compilation: enabled

Compilation events (10 events):
Event: 1.221 Thread 0x00000000170da000 nmethod 1099 0x00000000039eb710 code [0x00000000039eb880, 0x00000000039ebbd0]
Event: 1.221 Thread 0x00000000170da000 1091       3       com.android.dx.ssa.back.FirstFitLocalCombiningAllocator::findRopRegForLocal (74 bytes)
Event: 1.222 Thread 0x00000000170da000 nmethod 1091 0x00000000039f2050 code [0x00000000039f2220, 0x00000000039f2908]
Event: 1.222 Thread 0x00000000170da000 1104       1       com.android.dx.dex.file.DexFile::getTypeIds (5 bytes)
Event: 1.222 Thread 0x00000000170da000 nmethod 1104 0x00000000039e7bd0 code [0x00000000039e7d20, 0x00000000039e7e30]
Event: 1.222 Thread 0x00000000170da000 1094       3       com.android.dx.ssa.DeadCodeRemover$NoSideEffectVisitor::visitPhiInsn (22 bytes)
Event: 1.222 Thread 0x00000000170da000 nmethod 1094 0x00000000039f2b90 code [0x00000000039f2d40, 0x00000000039f34a8]
Event: 1.222 Thread 0x00000000170da000 1106       3       com.android.dx.dex.file.IndexedItem::<init> (10 bytes)
Event: 1.223 Thread 0x00000000170da000 nmethod 1106 0x00000000039f3790 code [0x00000000039f3900, 0x00000000039f3b10]
Event: 1.223 Thread 0x00000000170da000 1100       3       com.android.dx.cf.code.Simulator$SimVisitor::visitConstant (332 bytes)

GC Heap History (0 events):
No events

Deoptimization events (10 events):
Event: 0.744 Thread 0x00000000034c0800 Uncommon trap: reason=unstable_if action=reinterpret pc=0x00000000037b8d1c method=java.util.HashMap.getNode(ILjava/lang/Object;)Ljava/util/HashMap$Node; @ 129
Event: 0.772 Thread 0x0000000017307800 Uncommon trap: reason=class_check action=maybe_recompile pc=0x00000000038a3ac0 method=com.android.dx.rop.type.Type.equals(Ljava/lang/Object;)Z @ 8
Event: 0.772 Thread 0x0000000017349000 Uncommon trap: reason=class_check action=maybe_recompile pc=0x00000000038a3ac0 method=com.android.dx.rop.type.Type.equals(Ljava/lang/Object;)Z @ 8
Event: 0.772 Thread 0x0000000017349000 Uncommon trap: reason=class_check action=maybe_recompile pc=0x00000000038a3ac0 method=com.android.dx.rop.type.Type.equals(Ljava/lang/Object;)Z @ 8
Event: 0.773 Thread 0x0000000017349000 Uncommon trap: reason=class_check action=maybe_recompile pc=0x00000000038a3ac0 method=com.android.dx.rop.type.Type.equals(Ljava/lang/Object;)Z @ 8
Event: 0.776 Thread 0x0000000017307800 Uncommon trap: reason=unstable_if action=reinterpret pc=0x00000000037fab74 method=java.util.BitSet.ensureCapacity(I)V @ 6
Event: 0.995 Thread 0x0000000017349000 Uncommon trap: reason=class_check action=maybe_recompile pc=0x00000000038eb074 method=com.android.dx.rop.type.Type.equals(Ljava/lang/Object;)Z @ 8
Event: 0.999 Thread 0x0000000017307800 Uncommon trap: reason=unstable_if action=reinterpret pc=0x00000000037d29a4 method=java.util.HashMap.getNode(ILjava/lang/Object;)Ljava/util/HashMap$Node; @ 129
Event: 1.000 Thread 0x0000000017307800 Uncommon trap: reason=unstable_if action=reinterpret pc=0x000000000385cedc method=com.android.dx.rop.cst.Constant.compareTo(Lcom/android/dx/rop/cst/Constant;)I @ 12
Event: 1.003 Thread 0x0000000017307800 Uncommon trap: reason=unstable_if action=reinterpret pc=0x000000000397589c method=com.android.dx.ssa.SsaMethod.onSourcesChanged(Lcom/android/dx/ssa/SsaInsn;Lcom/android/dx/rop/code/RegisterSpecList;)V @ 4

Internal exceptions (2 events):
Event: 0.039 Thread 0x00000000034c0800 Exception <a 'java/lang/NoSuchMethodError': Method sun.misc.Unsafe.defineClass(Ljava/lang/String;[BII)Ljava/lang/Class; name or signature does not match> (0x00000000eab07cc0) thrown at [C:\re\workspace\8-2-build-windows-amd64-cygwin\jdk8u91\6644\hotspot\sr∫‰]Yk–£?
Event: 0.039 Thread 0x00000000034c0800 Exception <a 'java/lang/NoSuchMethodError': Method sun.misc.Unsafe.prefetchRead(Ljava/lang/Object;J)V name or signature does not match> (0x00000000eab07fa8) thrown at [C:\re\workspace\8-2-build-windows-amd64-cygwin\jdk8u91\6644\hotspot\src\share\vm\prims\j

Events (10 events):
Event: 0.999 Thread 0x0000000017307800 DEOPT PACKING pc=0x00000000037d29a4 sp=0x000000001807e820
Event: 0.999 Thread 0x0000000017307800 DEOPT UNPACKING pc=0x000000000360582a sp=0x000000001807e740 mode 2
Event: 1.000 Thread 0x0000000017307800 Uncommon trap: trap_request=0xffffff65 fr.pc=0x000000000385cedc
Event: 1.000 Thread 0x0000000017307800 DEOPT PACKING pc=0x000000000385cedc sp=0x000000001807e5d0
Event: 1.000 Thread 0x0000000017307800 DEOPT UNPACKING pc=0x000000000360582a sp=0x000000001807e570 mode 2
Event: 1.003 Thread 0x0000000017307800 Uncommon trap: trap_request=0xffffff65 fr.pc=0x000000000397589c
Event: 1.003 Thread 0x0000000017307800 DEOPT PACKING pc=0x000000000397589c sp=0x000000001807e910
Event: 1.003 Thread 0x0000000017307800 DEOPT UNPACKING pc=0x000000000360582a sp=0x000000001807e830 mode 2
Event: 1.048 Executing VM operation: ForceSafepoint
Event: 1.214 Executing VM operation: ForceSafepoint done


Dynamic libraries:
0x00007ff729440000 - 0x00007ff729477000 	D:\JAVA_enviroment\bin\java.exe
0x00007ffd1b930000 - 0x00007ffd1bb01000 	C:\WINDOWS\SYSTEM32\ntdll.dll
0x00007ffd1a370000 - 0x00007ffd1a41b000 	C:\WINDOWS\System32\KERNEL32.DLL
0x00007ffd18340000 - 0x00007ffd1855d000 	C:\WINDOWS\System32\KERNELBASE.dll
0x00007ffd19050000 - 0x00007ffd190f2000 	C:\WINDOWS\System32\ADVAPI32.dll
0x00007ffd19f40000 - 0x00007ffd19fde000 	C:\WINDOWS\System32\msvcrt.dll
0x00007ffd18ff0000 - 0x00007ffd19049000 	C:\WINDOWS\System32\sechost.dll
0x00007ffd19100000 - 0x00007ffd19221000 	C:\WINDOWS\System32\RPCRT4.dll
0x00007ffd197c0000 - 0x00007ffd19925000 	C:\WINDOWS\System32\USER32.dll
0x00007ffd17f70000 - 0x00007ffd17f8e000 	C:\WINDOWS\System32\win32u.dll
0x00007ffd18ec0000 - 0x00007ffd18ef4000 	C:\WINDOWS\System32\GDI32.dll
0x00007ffd18040000 - 0x00007ffd181c2000 	C:\WINDOWS\System32\gdi32full.dll
0x00007ffd128b0000 - 0x00007ffd12b29000 	C:\WINDOWS\WinSxS\amd64_microsoft.windows.common-controls_6595b64144ccf1df_6.0.14393.0_none_2d0f50fcbdb171b8\COMCTL32.dll
0x00007ffd19a30000 - 0x00007ffd19cf7000 	C:\WINDOWS\System32\combase.dll
0x00007ffd18240000 - 0x00007ffd18335000 	C:\WINDOWS\System32\ucrtbase.dll
0x00007ffd181d0000 - 0x00007ffd1823a000 	C:\WINDOWS\System32\bcryptPrimitives.dll
0x00007ffd1a180000 - 0x00007ffd1a1ae000 	C:\WINDOWS\System32\IMM32.DLL
0x0000000056a90000 - 0x0000000056b62000 	D:\JAVA_enviroment\jre\bin\msvcr100.dll
0x0000000057170000 - 0x0000000057a03000 	D:\JAVA_enviroment\jre\bin\server\jvm.dll
0x00007ffd197b0000 - 0x00007ffd197b8000 	C:\WINDOWS\System32\PSAPI.DLL
0x00007ffd14d30000 - 0x00007ffd14d39000 	C:\WINDOWS\SYSTEM32\WSOCK32.dll
0x00007ffd16250000 - 0x00007ffd16273000 	C:\WINDOWS\SYSTEM32\WINMM.dll
0x00007ffd19e60000 - 0x00007ffd19eca000 	C:\WINDOWS\System32\WS2_32.dll
0x00007ffd14180000 - 0x00007ffd1418a000 	C:\WINDOWS\SYSTEM32\VERSION.dll
0x00007ffd161f0000 - 0x00007ffd1621b000 	C:\WINDOWS\SYSTEM32\WINMMBASE.dll
0x00007ffd17e20000 - 0x00007ffd17e62000 	C:\WINDOWS\System32\cfgmgr32.dll
0x0000000057080000 - 0x000000005708f000 	D:\JAVA_enviroment\jre\bin\verify.dll
0x0000000057050000 - 0x0000000057079000 	D:\JAVA_enviroment\jre\bin\java.dll
0x0000000057030000 - 0x0000000057046000 	D:\JAVA_enviroment\jre\bin\zip.dll
0x00007ffd1a420000 - 0x00007ffd1b928000 	C:\WINDOWS\System32\SHELL32.dll
0x00007ffd187e0000 - 0x00007ffd18eba000 	C:\WINDOWS\System32\windows.storage.dll
0x00007ffd17dc0000 - 0x00007ffd17e0c000 	C:\WINDOWS\System32\powrprof.dll
0x00007ffd1a250000 - 0x00007ffd1a2a2000 	C:\WINDOWS\System32\shlwapi.dll
0x00007ffd17e10000 - 0x00007ffd17e1f000 	C:\WINDOWS\System32\kernel.appcore.dll
0x00007ffd18730000 - 0x00007ffd187d9000 	C:\WINDOWS\System32\shcore.dll
0x00007ffd17da0000 - 0x00007ffd17db4000 	C:\WINDOWS\System32\profapi.dll

VM Arguments:
jvm_args: -Djava.awt.headless=true -Xmx1024M -Dfile.encoding=GBK -Duser.country=CN -Duser.language=zh -Duser.variant 
java_command: com.android.dx.command.Main --dex --force-jumbo --num-threads=4 --output D:\workspace1\FastSport\app\build\intermediates\pre-dexed\debug\internal_impl-24.2.1_7fc0418e5a3059b8ee5beafe15e281269553714d.jar D:\workspace1\FastSport\app\build\intermediates\exploded-aar\com.android.support\support-compat\24.2.1\jars\libs\internal_impl-24.2.1.jar
java_class_path (initial): D:\AndroidStdio_sdk\sdk\build-tools\24.0.0\lib\dx.jar
Launcher Type: SUN_STANDARD

Environment Variables:
JAVA_HOME=D:\JAVA_enviroment
PATH=C:\ProgramData\Oracle\Java\javapath;C:\WINDOWS\system32;C:\WINDOWS;C:\WINDOWS\System32\Wbem;C:\WINDOWS\System32\WindowsPowerShell\v1.0\;D:\JAVA_enviroment\bin;D:\JAVA_enviroment\jre\bin;D:\android_sdk\sdk\tools;C:\Program Files (x86)\NVIDIA Corporation\PhysX\Common;D:\AndroidStdio_sdk\sdk\tools;C:\Program Files (x86)\Microsoft SQL Server\100\Tools\Binn\;C:\Program Files\Microsoft SQL Server\100\Tools\Binn\;C:\Program Files\Microsoft SQL Server\100\DTS\Binn\;C:\Program Files (x86)\Microsoft SQL Server\100\Tools\Binn\VSShell\Common7\IDE\;C:\Program Files (x86)\Microsoft Visual Studio 9.0\Common7\IDE\PrivateAssemblies\;C:\Program Files (x86)\Microsoft SQL Server\100\DTS\Binn\;D:\android_sdk\sdk\platform-tools;D:\android_sdk\sdk\tools;C:\WINDOWS\system32;C:\WINDOWS;C:\WINDOWS\System32\Wbem;C:\WINDOWS\System32\WindowsPowerShell\v1.0\;C:\Users\Administrator\AppData\Local\Microsoft\WindowsApps;
USERNAME=Administrator
OS=Windows_NT
PROCESSOR_IDENTIFIER=Intel64 Family 6 Model 58 Stepping 9, GenuineIntel



---------------  S Y S T E M  ---------------

OS: Windows 10.0 , 64 bit Build 14393 (10.0.14393.0)

CPU:total 4 (2 cores per cpu, 2 threads per core) family 6 model 58 stepping 9, cmov, cx8, fxsr, mmx, sse, sse2, sse3, ssse3, sse4.1, sse4.2, popcnt, avx, aes, clmul, erms, ht, tsc, tscinvbit, tscinv

Memory: 4k page, physical 8271404k(907404k free), swap 8271404k(5196k free)

vm_info: Java HotSpot(TM) 64-Bit Server VM (25.91-b14) for windows-amd64 JRE (1.8.0_91-b14), built on Apr  1 2016 00:58:32 by "java_re" with MS VC++ 10.0 (VS2010)

time: Tue Oct 18 10:52:58 2016
elapsed time: 1 seconds (0d 0h 0m 1s)

