#
# There is insufficient memory for the Java Runtime Environment to continue.
# Native memory allocation (malloc) failed to allocate 131088 bytes for Chunk::new
# Possible reasons:
#   The system is out of physical RAM or swap space
#   In 32 bit mode, the process size limit was hit
# Possible solutions:
#   Reduce memory load on the system
#   Increase physical memory or swap space
#   Check if swap backing store is full
#   Use 64 bit Java on a 64 bit OS
#   Decrease Java heap size (-Xmx/-Xms)
#   Decrease number of Java threads
#   Decrease Java thread stack sizes (-Xss)
#   Set larger code cache with -XX:ReservedCodeCacheSize=
# This output file may be truncated or incomplete.
#
#  Out of Memory Error (allocation.cpp:390), pid=23324, tid=23016
#
# JRE version: Java(TM) SE Runtime Environment (8.0_91-b14) (build 1.8.0_91-b14)
# Java VM: Java HotSpot(TM) 64-Bit Server VM (25.91-b14 mixed mode windows-amd64 compressed oops)
# Failed to write core dump. Minidumps are not enabled by default on client versions of Windows
#

---------------  T H R E A D  ---------------

Current thread (0x000000001545a000):  JavaThread "C2 CompilerThread0" daemon [_thread_in_native, id=23016, stack(0x0000000016d50000,0x0000000016e50000)]

Stack: [0x0000000016d50000,0x0000000016e50000]
[error occurred during error reporting (printing stack bounds), id 0xc0000005]

Native frames: (J=compiled Java code, j=interpreted, Vv=VM code, C=native code)


Current CompileTask:
C2:  12146 1994 %     4       com.android.dx.ssa.SsaConverter::placePhiFunctions @ 53 (394 bytes)


---------------  P R O C E S S  ---------------

Java Threads: ( => current thread )
  0x00000000169be000 JavaThread "pool-2-thread-4" [_thread_blocked, id=27788, stack(0x0000000017650000,0x0000000017750000)]
  0x00000000169bd000 JavaThread "pool-2-thread-3" [_thread_in_Java, id=17744, stack(0x0000000017550000,0x0000000017650000)]
  0x00000000169bc000 JavaThread "pool-2-thread-2" [_thread_in_Java, id=19496, stack(0x0000000017450000,0x0000000017550000)]
  0x00000000169ae800 JavaThread "pool-3-thread-1" [_thread_blocked, id=26544, stack(0x0000000017350000,0x0000000017450000)]
  0x00000000169ae000 JavaThread "pool-2-thread-1" [_thread_in_Java, id=24216, stack(0x0000000017250000,0x0000000017350000)]
  0x00000000167b2800 JavaThread "Service Thread" daemon [_thread_blocked, id=25552, stack(0x0000000017050000,0x0000000017150000)]
  0x00000000167a7000 JavaThread "C1 CompilerThread2" daemon [_thread_blocked, id=24796, stack(0x0000000016f50000,0x0000000017050000)]
  0x000000001545c000 JavaThread "C2 CompilerThread1" daemon [_thread_in_native, id=23524, stack(0x0000000016e50000,0x0000000016f50000)]
=>0x000000001545a000 JavaThread "C2 CompilerThread0" daemon [_thread_in_native, id=23016, stack(0x0000000016d50000,0x0000000016e50000)]
  0x000000001540c000 JavaThread "Attach Listener" daemon [_thread_blocked, id=18032, stack(0x0000000016c50000,0x0000000016d50000)]
  0x0000000015459800 JavaThread "Signal Dispatcher" daemon [_thread_blocked, id=18924, stack(0x0000000016b50000,0x0000000016c50000)]
  0x00000000153ea000 JavaThread "Finalizer" daemon [_thread_blocked, id=20192, stack(0x0000000016650000,0x0000000016750000)]
  0x00000000153c9000 JavaThread "Reference Handler" daemon [_thread_blocked, id=18784, stack(0x0000000016550000,0x0000000016650000)]
  0x0000000002c30800 JavaThread "main" [_thread_in_native, id=12240, stack(0x0000000002b30000,0x0000000002c30000)]

Other Threads:
  0x00000000153c7000 VMThread [stack: 0x0000000016450000,0x0000000016550000] [id=25932]
  0x000000001680e000 WatcherThread [stack: 0x0000000017150000,0x0000000017250000] [id=6364]

VM state:not at safepoint (normal execution)

VM Mutex/Monitor currently owned by a thread: None

Heap:
 PSYoungGen      total 71680K, used 40525K [0x00000000eab00000, 0x00000000ef600000, 0x0000000100000000)
  eden space 66560K, 53% used [0x00000000eab00000,0x00000000ecd956c0,0x00000000eec00000)
  from space 5120K, 99% used [0x00000000eec00000,0x00000000ef0fde10,0x00000000ef100000)
  to   space 5120K, 0% used [0x00000000ef100000,0x00000000ef100000,0x00000000ef600000)
 ParOldGen       total 87552K, used 15171K [0x00000000c0000000, 0x00000000c5580000, 0x00000000eab00000)
  object space 87552K, 17% used [0x00000000c0000000,0x00000000c0ed0f08,0x00000000c5580000)
 Metaspace       used 6284K, capacity 7216K, committed 7296K, reserved 1056768K
  class space    used 591K, capacity 616K, committed 640K, reserved 1048576K

Card table byte_map: [0x00000000120f0000,0x0000000012300000] byte_map_base: 0x0000000011af0000

Marking Bits: (ParMarkBitMap*) 0x0000000074f92f70
 Begin Bits: [0x0000000012860000, 0x0000000013860000)
 End Bits:   [0x0000000013860000, 0x0000000014860000)

Polling page: 0x0000000002680000

CodeCache: size=245760Kb used=9104Kb max_used=9104Kb free=236656Kb
 bounds [0x0000000002d30000, 0x0000000003630000, 0x0000000011d30000]
 total_blobs=2202 nmethods=1936 adapters=178
 compilation: enabled

Compilation events (10 events):
Event: 11.993 Thread 0x00000000167a7000 2002       1       com.android.dx.command.dexer.Main::access$1300 (4 bytes)
Event: 11.993 Thread 0x00000000167a7000 nmethod 2002 0x00000000035c7450 code [0x00000000035c75a0, 0x00000000035c7690]
Event: 12.001 Thread 0x00000000167a7000 2004       2       java.util.HashMap::getNode (148 bytes)
Event: 12.002 Thread 0x00000000167a7000 nmethod 2004 0x00000000035fe3d0 code [0x00000000035fe580, 0x00000000035fe9e8]
Event: 12.003 Thread 0x00000000167a7000 2005       2       com.android.dx.dex.file.ClassDataItem::<init> (96 bytes)
Event: 12.004 Thread 0x00000000167a7000 nmethod 2005 0x0000000003610510 code [0x0000000003610700, 0x0000000003610c88]
Event: 12.004 Thread 0x00000000167a7000 2006       2       com.android.dx.dex.cf.AttributeTranslator::translateEnclosingMethod (50 bytes)
Event: 12.005 Thread 0x00000000167a7000 nmethod 2006 0x000000000360f910 code [0x000000000360fb00, 0x0000000003610088]
Event: 12.005 Thread 0x00000000167a7000 2007       2       com.android.dx.dex.cf.AttributeTranslator::translateInnerClasses (356 bytes)
Event: 12.010 Thread 0x00000000167a7000 nmethod 2007 0x0000000003618f90 code [0x0000000003619360, 0x000000000361a718]

GC Heap History (6 events):
Event: 2.052 GC heap before
{Heap before GC invocations=1 (full 0):
 PSYoungGen      total 38400K, used 33280K [0x00000000eab00000, 0x00000000ed580000, 0x0000000100000000)
  eden space 33280K, 100% used [0x00000000eab00000,0x00000000ecb80000,0x00000000ecb80000)
  from space 5120K, 0% used [0x00000000ed080000,0x00000000ed080000,0x00000000ed580000)
  to   space 5120K, 0% used [0x00000000ecb80000,0x00000000ecb80000,0x00000000ed080000)
 ParOldGen       total 87552K, used 0K [0x00000000c0000000, 0x00000000c5580000, 0x00000000eab00000)
  object space 87552K, 0% used [0x00000000c0000000,0x00000000c0000000,0x00000000c5580000)
 Metaspace       used 5874K, capacity 6896K, committed 7040K, reserved 1056768K
  class space    used 591K, capacity 616K, committed 640K, reserved 1048576K
Event: 2.115 GC heap after
Heap after GC invocations=1 (full 0):
 PSYoungGen      total 38400K, used 5115K [0x00000000eab00000, 0x00000000ef600000, 0x0000000100000000)
  eden space 33280K, 0% used [0x00000000eab00000,0x00000000eab00000,0x00000000ecb80000)
  from space 5120K, 99% used [0x00000000ecb80000,0x00000000ed07eec8,0x00000000ed080000)
  to   space 5120K, 0% used [0x00000000ef100000,0x00000000ef100000,0x00000000ef600000)
 ParOldGen       total 87552K, used 770K [0x00000000c0000000, 0x00000000c5580000, 0x00000000eab00000)
  object space 87552K, 0% used [0x00000000c0000000,0x00000000c00c0980,0x00000000c5580000)
 Metaspace       used 5874K, capacity 6896K, committed 7040K, reserved 1056768K
  class space    used 591K, capacity 616K, committed 640K, reserved 1048576K
}
Event: 4.229 GC heap before
{Heap before GC invocations=2 (full 0):
 PSYoungGen      total 38400K, used 38395K [0x00000000eab00000, 0x00000000ef600000, 0x0000000100000000)
  eden space 33280K, 100% used [0x00000000eab00000,0x00000000ecb80000,0x00000000ecb80000)
  from space 5120K, 99% used [0x00000000ecb80000,0x00000000ed07eec8,0x00000000ed080000)
  to   space 5120K, 0% used [0x00000000ef100000,0x00000000ef100000,0x00000000ef600000)
 ParOldGen       total 87552K, used 770K [0x00000000c0000000, 0x00000000c5580000, 0x00000000eab00000)
  object space 87552K, 0% used [0x00000000c0000000,0x00000000c00c0980,0x00000000c5580000)
 Metaspace       used 6143K, capacity 7088K, committed 7296K, reserved 1056768K
  class space    used 591K, capacity 616K, committed 640K, reserved 1048576K
Event: 4.379 GC heap after
Heap after GC invocations=2 (full 0):
 PSYoungGen      total 71680K, used 5106K [0x00000000eab00000, 0x00000000ef600000, 0x0000000100000000)
  eden space 66560K, 0% used [0x00000000eab00000,0x00000000eab00000,0x00000000eec00000)
  from space 5120K, 99% used [0x00000000ef100000,0x00000000ef5fcab8,0x00000000ef600000)
  to   space 5120K, 0% used [0x00000000eec00000,0x00000000eec00000,0x00000000ef100000)
 ParOldGen       total 87552K, used 4835K [0x00000000c0000000, 0x00000000c5580000, 0x00000000eab00000)
  object space 87552K, 5% used [0x00000000c0000000,0x00000000c04b8ea8,0x00000000c5580000)
 Metaspace       used 6143K, capacity 7088K, committed 7296K, reserved 1056768K
  class space    used 591K, capacity 616K, committed 640K, reserved 1048576K
}
Event: 9.378 GC heap before
{Heap before GC invocations=3 (full 0):
 PSYoungGen      total 71680K, used 71666K [0x00000000eab00000, 0x00000000ef600000, 0x0000000100000000)
  eden space 66560K, 100% used [0x00000000eab00000,0x00000000eec00000,0x00000000eec00000)
  from space 5120K, 99% used [0x00000000ef100000,0x00000000ef5fcab8,0x00000000ef600000)
  to   space 5120K, 0% used [0x00000000eec00000,0x00000000eec00000,0x00000000ef100000)
 ParOldGen       total 87552K, used 4835K [0x00000000c0000000, 0x00000000c5580000, 0x00000000eab00000)
  object space 87552K, 5% used [0x00000000c0000000,0x00000000c04b8ea8,0x00000000c5580000)
 Metaspace       used 6275K, capacity 7152K, committed 7296K, reserved 1056768K
  class space    used 591K, capacity 616K, committed 640K, reserved 1048576K
Event: 9.881 GC heap after
Heap after GC invocations=3 (full 0):
 PSYoungGen      total 71680K, used 5111K [0x00000000eab00000, 0x00000000ef600000, 0x0000000100000000)
  eden space 66560K, 0% used [0x00000000eab00000,0x00000000eab00000,0x00000000eec00000)
  from space 5120K, 99% used [0x00000000eec00000,0x00000000ef0fde10,0x00000000ef100000)
  to   space 5120K, 0% used [0x00000000ef100000,0x00000000ef100000,0x00000000ef600000)
 ParOldGen       total 87552K, used 15171K [0x00000000c0000000, 0x00000000c5580000, 0x00000000eab00000)
  object space 87552K, 17% used [0x00000000c0000000,0x00000000c0ed0f08,0x00000000c5580000)
 Metaspace       used 6275K, capacity 7152K, committed 7296K, reserved 1056768K
  class space    used 591K, capacity 616K, committed 640K, reserved 1048576K
}

Deoptimization events (10 events):
Event: 8.010 Thread 0x00000000169be000 Uncommon trap: reason=bimorphic action=maybe_recompile pc=0x0000000003156000 method=java.util.HashMap.getNode(ILjava/lang/Object;)Ljava/util/HashMap$Node; @ 126
Event: 8.069 Thread 0x00000000169bc000 Uncommon trap: reason=bimorphic action=maybe_recompile pc=0x0000000003491fa4 method=com.android.dx.ssa.SCCP.simulatePhi(Lcom/android/dx/ssa/PhiInsn;)V @ 124
Event: 8.069 Thread 0x00000000169bc000 Uncommon trap: reason=bimorphic action=maybe_recompile pc=0x00000000034f3c14 method=com.android.dx.ssa.LiteralOpUpgrader.tryReplacingWithConstant(Lcom/android/dx/ssa/NormalSsaInsn;)Z @ 62
Event: 8.078 Thread 0x00000000169bc000 Uncommon trap: reason=bimorphic action=maybe_recompile pc=0x0000000003491fa4 method=com.android.dx.ssa.SCCP.simulatePhi(Lcom/android/dx/ssa/PhiInsn;)V @ 124
Event: 8.078 Thread 0x00000000169bc000 Uncommon trap: reason=bimorphic action=maybe_recompile pc=0x00000000034f3c14 method=com.android.dx.ssa.LiteralOpUpgrader.tryReplacingWithConstant(Lcom/android/dx/ssa/NormalSsaInsn;)Z @ 62
Event: 8.194 Thread 0x00000000169bc000 Uncommon trap: reason=bimorphic action=maybe_recompile pc=0x0000000003491fa4 method=com.android.dx.ssa.SCCP.simulatePhi(Lcom/android/dx/ssa/PhiInsn;)V @ 124
Event: 8.194 Thread 0x00000000169bc000 Uncommon trap: reason=bimorphic action=maybe_recompile pc=0x00000000034a3f70 method=com.android.dx.ssa.SCCP.simulatePhi(Lcom/android/dx/ssa/PhiInsn;)V @ 124
Event: 8.208 Thread 0x00000000169bc000 Uncommon trap: reason=bimorphic action=maybe_recompile pc=0x0000000003491fa4 method=com.android.dx.ssa.SCCP.simulatePhi(Lcom/android/dx/ssa/PhiInsn;)V @ 124
Event: 11.999 Thread 0x00000000169be000 Uncommon trap: reason=unstable_if action=reinterpret pc=0x00000000033a79b4 method=java.util.HashMap.putVal(ILjava/lang/Object;Ljava/lang/Object;ZZ)Ljava/lang/Object; @ 162
Event: 12.000 Thread 0x00000000169be000 Uncommon trap: reason=unstable_if action=reinterpret pc=0x0000000003155fe8 method=java.util.HashMap.getNode(ILjava/lang/Object;)Ljava/util/HashMap$Node; @ 84

Internal exceptions (4 events):
Event: 0.095 Thread 0x0000000002c30800 Exception <a 'java/lang/NoSuchMethodError': Method sun.misc.Unsafe.defineClass(Ljava/lang/String;[BII)Ljava/lang/Class; name or signature does not match> (0x00000000eab07cc0) thrown at [C:\re\workspace\8-2-build-windows-amd64-cygwin\jdk8u91\6644\hotspot\sr
Event: 0.095 Thread 0x0000000002c30800 Exception <a 'java/lang/NoSuchMethodError': Method sun.misc.Unsafe.prefetchRead(Ljava/lang/Object;J)V name or signature does not match> (0x00000000eab07fa8) thrown at [C:\re\workspace\8-2-build-windows-amd64-cygwin\jdk8u91\6644\hotspot\src\share\vm\prims\j*^¦Nº@
Event: 3.466 Thread 0x00000000169be000 Implicit null exception at 0x00000000030bf314 to 0x00000000030c0815
Event: 4.435 Thread 0x00000000169bc000 Implicit null exception at 0x00000000030de162 to 0x00000000030de252

Events (10 events):
Event: 11.915 Thread 0x00000000169bd000 DEOPT PACKING pc=0x00000000031ec361 sp=0x000000001764e5c0
Event: 11.915 Thread 0x00000000169bd000 DEOPT UNPACKING pc=0x0000000002d7787f sp=0x000000001764e400 mode 0
Event: 11.971 Thread 0x0000000002c30800 DEOPT PACKING pc=0x000000000317d721 sp=0x0000000002c2dfc0
Event: 11.971 Thread 0x0000000002c30800 DEOPT UNPACKING pc=0x0000000002d7787f sp=0x0000000002c2ddf0 mode 0
Event: 11.999 Thread 0x00000000169be000 Uncommon trap: trap_request=0xffffff65 fr.pc=0x00000000033a79b4
Event: 11.999 Thread 0x00000000169be000 DEOPT PACKING pc=0x00000000033a79b4 sp=0x000000001774e2b0
Event: 11.999 Thread 0x00000000169be000 DEOPT UNPACKING pc=0x0000000002d7582a sp=0x000000001774e238 mode 2
Event: 12.000 Thread 0x00000000169be000 Uncommon trap: trap_request=0xffffff65 fr.pc=0x0000000003155fe8
Event: 12.000 Thread 0x00000000169be000 DEOPT PACKING pc=0x0000000003155fe8 sp=0x000000001774e2e0
Event: 12.000 Thread 0x00000000169be000 DEOPT UNPACKING pc=0x0000000002d7582a sp=0x000000001774e268 mode 2


Dynamic libraries:
0x00007ff6fda30000 - 0x00007ff6fda67000 	D:\JAVA_enviroment\bin\java.exe
0x00007fffc3740000 - 0x00007fffc3901000 	C:\WINDOWS\SYSTEM32\ntdll.dll
0x00007fffc0cf0000 - 0x00007fffc0d9d000 	C:\WINDOWS\system32\KERNEL32.DLL
0x00007fffbfe60000 - 0x00007fffc0048000 	C:\WINDOWS\system32\KERNELBASE.dll
0x00007fffc1190000 - 0x00007fffc1237000 	C:\WINDOWS\system32\ADVAPI32.dll
0x00007fffc0e90000 - 0x00007fffc0f2d000 	C:\WINDOWS\system32\msvcrt.dll
0x00007fffc1020000 - 0x00007fffc107b000 	C:\WINDOWS\system32\sechost.dll
0x00007fffc3380000 - 0x00007fffc349c000 	C:\WINDOWS\system32\RPCRT4.dll
0x00007fffc1240000 - 0x00007fffc1396000 	C:\WINDOWS\system32\USER32.dll
0x00007fffc34a0000 - 0x00007fffc3626000 	C:\WINDOWS\system32\GDI32.dll
0x00007fffbbed0000 - 0x00007fffbc144000 	C:\WINDOWS\WinSxS\amd64_microsoft.windows.common-controls_6595b64144ccf1df_6.0.10586.589_none_a2ddb3caa539acce\COMCTL32.dll
0x00007fffc2fe0000 - 0x00007fffc325d000 	C:\WINDOWS\system32\combase.dll
0x00007fffbfdf0000 - 0x00007fffbfe5a000 	C:\WINDOWS\system32\bcryptPrimitives.dll
0x00007fffc1080000 - 0x00007fffc10bb000 	C:\WINDOWS\system32\IMM32.DLL
0x0000000074220000 - 0x00000000742f2000 	D:\JAVA_enviroment\jre\bin\msvcr100.dll
0x0000000074780000 - 0x0000000075013000 	D:\JAVA_enviroment\jre\bin\server\jvm.dll
0x00007fffc0da0000 - 0x00007fffc0da8000 	C:\WINDOWS\system32\PSAPI.DLL
0x00007fffbd2d0000 - 0x00007fffbd2d9000 	C:\WINDOWS\SYSTEM32\WSOCK32.dll
0x00007fffbdfd0000 - 0x00007fffbdff3000 	C:\WINDOWS\SYSTEM32\WINMM.dll
0x00007fffc0f30000 - 0x00007fffc0f9b000 	C:\WINDOWS\system32\WS2_32.dll
0x00007fffbdf70000 - 0x00007fffbdf9c000 	C:\WINDOWS\SYSTEM32\WINMMBASE.dll
0x00007fffbbec0000 - 0x00007fffbbeca000 	C:\WINDOWS\SYSTEM32\VERSION.dll
0x00007fffc0a00000 - 0x00007fffc0a43000 	C:\WINDOWS\system32\cfgmgr32.dll
0x0000000074690000 - 0x000000007469f000 	D:\JAVA_enviroment\jre\bin\verify.dll
0x0000000074660000 - 0x0000000074689000 	D:\JAVA_enviroment\jre\bin\java.dll
0x0000000074640000 - 0x0000000074656000 	D:\JAVA_enviroment\jre\bin\zip.dll
0x00007fffc13a0000 - 0x00007fffc28fc000 	C:\WINDOWS\system32\SHELL32.dll
0x00007fffc0050000 - 0x00007fffc0695000 	C:\WINDOWS\system32\windows.storage.dll
0x00007fffc0e30000 - 0x00007fffc0e82000 	C:\WINDOWS\system32\shlwapi.dll
0x00007fffbfd80000 - 0x00007fffbfd8f000 	C:\WINDOWS\system32\kernel.appcore.dll
0x00007fffc06a0000 - 0x00007fffc0755000 	C:\WINDOWS\system32\shcore.dll
0x00007fffbfd90000 - 0x00007fffbfddb000 	C:\WINDOWS\system32\powrprof.dll
0x00007fffbfd60000 - 0x00007fffbfd74000 	C:\WINDOWS\system32\profapi.dll

VM Arguments:
jvm_args: -Djava.awt.headless=true -Xmx1024M -Dfile.encoding=GBK -Duser.country=CN -Duser.language=zh -Duser.variant 
java_command: com.android.dx.command.Main --dex --force-jumbo --num-threads=4 --multi-dex --output D:\workspace1\FastSport\app\build\intermediates\transforms\dex\debug\folders\1000\10\com.android.support-support-compat-24.2.1_7008fbf98dec47f8665bc49a63892efe3387601e D:\workspace1\FastSport\app\build\intermediates\exploded-aar\com.android.support\support-compat\24.2.1\jars\classes.jar
java_class_path (initial): D:\AndroidStdio_sdk\sdk\build-tools\24.0.0\lib\dx.jar
Launcher Type: SUN_STANDARD

Environment Variables:
JAVA_HOME=D:\JAVA_enviroment
PATH=C:\ProgramData\Oracle\Java\javapath;C:\WINDOWS\system32;C:\WINDOWS;C:\WINDOWS\System32\Wbem;C:\WINDOWS\System32\WindowsPowerShell\v1.0\;D:\JAVA_enviroment\bin;D:\JAVA_enviroment\jre\bin;D:\android_sdk\sdk\tools;C:\Program Files (x86)\NVIDIA Corporation\PhysX\Common;D:\AndroidStdio_sdk\sdk\tools;C:\Program Files (x86)\Microsoft SQL Server\100\Tools\Binn\;C:\Program Files\Microsoft SQL Server\100\Tools\Binn\;C:\Program Files\Microsoft SQL Server\100\DTS\Binn\;C:\Program Files (x86)\Microsoft SQL Server\100\Tools\Binn\VSShell\Common7\IDE\;C:\Program Files (x86)\Microsoft Visual Studio 9.0\Common7\IDE\PrivateAssemblies\;C:\Program Files (x86)\Microsoft SQL Server\100\DTS\Binn\;D:\android_sdk\sdk\platform-tools;D:\android_sdk\sdk\tools
USERNAME=Administrator
OS=Windows_NT
PROCESSOR_IDENTIFIER=Intel64 Family 6 Model 58 Stepping 9, GenuineIntel



---------------  S Y S T E M  ---------------

OS: Windows 10.0 , 64 bit Build 10586 (10.0.10586.589)

CPU:total 4 (2 cores per cpu, 2 threads per core) family 6 model 58 stepping 9, cmov, cx8, fxsr, mmx, sse, sse2, sse3, ssse3, sse4.1, sse4.2, popcnt, avx, aes, clmul, erms, ht, tsc, tscinvbit, tscinv

Memory: 4k page, physical 8271404k(725720k free), swap 8271404k(7252k free)

vm_info: Java HotSpot(TM) 64-Bit Server VM (25.91-b14) for windows-amd64 JRE (1.8.0_91-b14), built on Apr  1 2016 00:58:32 by "java_re" with MS VC++ 10.0 (VS2010)

time: Sat Oct 01 16:35:45 2016
elapsed time: 12 seconds (0d 0h 0m 12s)

