#
# There is insufficient memory for the Java Runtime Environment to continue.
# Native memory allocation (malloc) failed to allocate 938816 bytes for Chunk::new
# Possible reasons:
#   The system is out of physical RAM or swap space
#   In 32 bit mode, the process size limit was hit
# Possible solutions:
#   Reduce memory load on the system
#   Increase physical memory or swap space
#   Check if swap backing store is full
#   Use 64 bit Java on a 64 bit OS
#   Decrease Java heap size (-Xmx/-Xms)
#   Decrease number of Java threads
#   Decrease Java thread stack sizes (-Xss)
#   Set larger code cache with -XX:ReservedCodeCacheSize=
# This output file may be truncated or incomplete.
#
#  Out of Memory Error (allocation.cpp:390), pid=2148, tid=6476
#
# JRE version: Java(TM) SE Runtime Environment (8.0_91-b14) (build 1.8.0_91-b14)
# Java VM: Java HotSpot(TM) 64-Bit Server VM (25.91-b14 mixed mode windows-amd64 compressed oops)
# Failed to write core dump. Minidumps are not enabled by default on client versions of Windows
#

---------------  T H R E A D  ---------------

Current thread (0x000000001584c800):  JavaThread "C2 CompilerThread0" daemon [_thread_in_native, id=6476, stack(0x0000000017200000,0x0000000017300000)]

Stack: [0x0000000017200000,0x0000000017300000]
[error occurred during error reporting (printing stack bounds), id 0xc0000005]

Native frames: (J=compiled Java code, j=interpreted, Vv=VM code, C=native code)


Current CompileTask:
C2:  20983 1588       4       com.android.dx.rop.code.LocalVariableExtractor::processBlock (327 bytes)


---------------  P R O C E S S  ---------------

Java Threads: ( => current thread )
  0x0000000016e76000 JavaThread "pool-1-thread-4" [_thread_in_Java, id=8808, stack(0x0000000017b00000,0x0000000017c00000)]
  0x0000000016e74800 JavaThread "pool-1-thread-3" [_thread_blocked, id=8936, stack(0x0000000017a00000,0x0000000017b00000)]
  0x0000000016e73000 JavaThread "pool-1-thread-2" [_thread_blocked, id=7056, stack(0x0000000017900000,0x0000000017a00000)]
  0x0000000016e9f000 JavaThread "pool-2-thread-1" [_thread_blocked, id=7848, stack(0x0000000017800000,0x0000000017900000)]
  0x0000000016e9e800 JavaThread "pool-1-thread-1" [_thread_in_Java, id=7964, stack(0x0000000017700000,0x0000000017800000)]
  0x0000000016c5e800 JavaThread "Service Thread" daemon [_thread_blocked, id=12712, stack(0x0000000017500000,0x0000000017600000)]
  0x0000000016c56800 JavaThread "C1 CompilerThread2" daemon [_thread_blocked, id=11216, stack(0x0000000017400000,0x0000000017500000)]
  0x0000000016c53800 JavaThread "C2 CompilerThread1" daemon [_thread_in_native, id=12860, stack(0x0000000017300000,0x0000000017400000)]
=>0x000000001584c800 JavaThread "C2 CompilerThread0" daemon [_thread_in_native, id=6476, stack(0x0000000017200000,0x0000000017300000)]
  0x000000001584a000 JavaThread "Attach Listener" daemon [_thread_blocked, id=4760, stack(0x0000000017100000,0x0000000017200000)]
  0x0000000015899800 JavaThread "Signal Dispatcher" daemon [_thread_blocked, id=11536, stack(0x0000000017000000,0x0000000017100000)]
  0x000000001582a000 JavaThread "Finalizer" daemon [_thread_blocked, id=8260, stack(0x0000000016aa0000,0x0000000016ba0000)]
  0x0000000015809000 JavaThread "Reference Handler" daemon [_thread_blocked, id=11824, stack(0x00000000169a0000,0x0000000016aa0000)]
  0x0000000003070800 JavaThread "main" [_thread_in_Java, id=13124, stack(0x0000000002f20000,0x0000000003020000)]

Other Threads:
  0x0000000015807000 VMThread [stack: 0x00000000168a0000,0x00000000169a0000] [id=12332]
  0x0000000016c72000 WatcherThread [stack: 0x0000000017600000,0x0000000017700000] [id=8984]

VM state:not at safepoint (normal execution)

VM Mutex/Monitor currently owned by a thread: None

Heap:
 PSYoungGen      total 71680K, used 10379K [0x00000000eab00000, 0x00000000ef600000, 0x0000000100000000)
  eden space 66560K, 7% used [0x00000000eab00000,0x00000000eb023070,0x00000000eec00000)
  from space 5120K, 99% used [0x00000000ef100000,0x00000000ef5ffca8,0x00000000ef600000)
  to   space 5120K, 0% used [0x00000000eec00000,0x00000000eec00000,0x00000000ef100000)
 ParOldGen       total 87552K, used 4834K [0x00000000c0000000, 0x00000000c5580000, 0x00000000eab00000)
  object space 87552K, 5% used [0x00000000c0000000,0x00000000c04b8b50,0x00000000c5580000)
 Metaspace       used 6152K, capacity 7088K, committed 7296K, reserved 1056768K
  class space    used 590K, capacity 616K, committed 640K, reserved 1048576K

Card table byte_map: [0x0000000012530000,0x0000000012740000] byte_map_base: 0x0000000011f30000

Marking Bits: (ParMarkBitMap*) 0x0000000063692f70
 Begin Bits: [0x0000000012ca0000, 0x0000000013ca0000)
 End Bits:   [0x0000000013ca0000, 0x0000000014ca0000)

Polling page: 0x0000000001480000

CodeCache: size=245760Kb used=6978Kb max_used=6986Kb free=238781Kb
 bounds [0x0000000003170000, 0x0000000003850000, 0x0000000012170000]
 total_blobs=1893 nmethods=1627 adapters=178
 compilation: enabled

Compilation events (10 events):
Event: 20.886 Thread 0x0000000016c53800 nmethod 1598 0x0000000003828cd0 code [0x0000000003828ee0, 0x0000000003829ba0]
Event: 20.887 Thread 0x0000000016c53800 1600       4       com.android.dx.ssa.SsaMethod::forEachBlockDepthFirst (194 bytes)
Event: 20.941 Thread 0x0000000016c56800 1633       3       com.android.dx.cf.attrib.RawAttribute::byteLength (11 bytes)
Event: 20.942 Thread 0x0000000016c56800 nmethod 1633 0x0000000003828810 code [0x0000000003828960, 0x0000000003828b50]
Event: 20.950 Thread 0x0000000016c56800 1634       3       com.android.dx.rop.code.Rops::opInvokeDirect (17 bytes)
Event: 20.951 Thread 0x0000000016c56800 nmethod 1634 0x00000000038277d0 code [0x0000000003827960, 0x0000000003827c78]
Event: 20.960 Thread 0x0000000016c56800 1635       3       com.android.dx.rop.code.Rop::<init> (15 bytes)
Event: 20.961 Thread 0x0000000016c56800 nmethod 1635 0x0000000003827410 code [0x0000000003827580, 0x0000000003827728]
Event: 20.963 Thread 0x0000000016c56800 1636       3       java.util.HashMap$HashIterator::nextNode (100 bytes)
Event: 20.964 Thread 0x0000000016c56800 nmethod 1636 0x000000000382e990 code [0x000000000382eb40, 0x000000000382f018]

GC Heap History (4 events):
Event: 15.281 GC heap before
{Heap before GC invocations=1 (full 0):
 PSYoungGen      total 38400K, used 33280K [0x00000000eab00000, 0x00000000ed580000, 0x0000000100000000)
  eden space 33280K, 100% used [0x00000000eab00000,0x00000000ecb80000,0x00000000ecb80000)
  from space 5120K, 0% used [0x00000000ed080000,0x00000000ed080000,0x00000000ed580000)
  to   space 5120K, 0% used [0x00000000ecb80000,0x00000000ecb80000,0x00000000ed080000)
 ParOldGen       total 87552K, used 0K [0x00000000c0000000, 0x00000000c5580000, 0x00000000eab00000)
  object space 87552K, 0% used [0x00000000c0000000,0x00000000c0000000,0x00000000c5580000)
 Metaspace       used 5945K, capacity 6960K, committed 7040K, reserved 1056768K
  class space    used 589K, capacity 616K, committed 640K, reserved 1048576K
Event: 15.654 GC heap after
Heap after GC invocations=1 (full 0):
 PSYoungGen      total 38400K, used 5101K [0x00000000eab00000, 0x00000000ef600000, 0x0000000100000000)
  eden space 33280K, 0% used [0x00000000eab00000,0x00000000eab00000,0x00000000ecb80000)
  from space 5120K, 99% used [0x00000000ecb80000,0x00000000ed07b660,0x00000000ed080000)
  to   space 5120K, 0% used [0x00000000ef100000,0x00000000ef100000,0x00000000ef600000)
 ParOldGen       total 87552K, used 961K [0x00000000c0000000, 0x00000000c5580000, 0x00000000eab00000)
  object space 87552K, 1% used [0x00000000c0000000,0x00000000c00f0588,0x00000000c5580000)
 Metaspace       used 5945K, capacity 6960K, committed 7040K, reserved 1056768K
  class space    used 589K, capacity 616K, committed 640K, reserved 1048576K
}
Event: 20.260 GC heap before
{Heap before GC invocations=2 (full 0):
 PSYoungGen      total 38400K, used 38381K [0x00000000eab00000, 0x00000000ef600000, 0x0000000100000000)
  eden space 33280K, 100% used [0x00000000eab00000,0x00000000ecb80000,0x00000000ecb80000)
  from space 5120K, 99% used [0x00000000ecb80000,0x00000000ed07b660,0x00000000ed080000)
  to   space 5120K, 0% used [0x00000000ef100000,0x00000000ef100000,0x00000000ef600000)
 ParOldGen       total 87552K, used 961K [0x00000000c0000000, 0x00000000c5580000, 0x00000000eab00000)
  object space 87552K, 1% used [0x00000000c0000000,0x00000000c00f0588,0x00000000c5580000)
 Metaspace       used 6150K, capacity 7088K, committed 7296K, reserved 1056768K
  class space    used 590K, capacity 616K, committed 640K, reserved 1048576K
Event: 20.744 GC heap after
Heap after GC invocations=2 (full 0):
 PSYoungGen      total 71680K, used 5119K [0x00000000eab00000, 0x00000000ef600000, 0x0000000100000000)
  eden space 66560K, 0% used [0x00000000eab00000,0x00000000eab00000,0x00000000eec00000)
  from space 5120K, 99% used [0x00000000ef100000,0x00000000ef5ffca8,0x00000000ef600000)
  to   space 5120K, 0% used [0x00000000eec00000,0x00000000eec00000,0x00000000ef100000)
 ParOldGen       total 87552K, used 4834K [0x00000000c0000000, 0x00000000c5580000, 0x00000000eab00000)
  object space 87552K, 5% used [0x00000000c0000000,0x00000000c04b8b50,0x00000000c5580000)
 Metaspace       used 6150K, capacity 7088K, committed 7296K, reserved 1056768K
  class space    used 590K, capacity 616K, committed 640K, reserved 1048576K
}

Deoptimization events (10 events):
Event: 12.985 Thread 0x0000000016e76000 Uncommon trap: reason=unstable_if action=reinterpret pc=0x0000000003442df4 method=java.util.BitSet.ensureCapacity(I)V @ 6
Event: 12.990 Thread 0x0000000016e76000 Uncommon trap: reason=unstable_if action=reinterpret pc=0x00000000033df830 method=java.util.BitSet.nextSetBit(I)I @ 87
Event: 15.728 Thread 0x0000000016e76000 Uncommon trap: reason=unstable_if action=reinterpret pc=0x0000000003688a34 method=com.android.dx.ssa.SCCP.simulateBranch(Lcom/android/dx/ssa/SsaInsn;)V @ 107
Event: 18.462 Thread 0x0000000016e74800 Uncommon trap: reason=unstable_if action=reinterpret pc=0x0000000003731e58 method=com.android.dx.ssa.LiteralOpUpgrader$1.visitNonMoveInsn(Lcom/android/dx/ssa/NormalSsaInsn;)V @ 151
Event: 19.011 Thread 0x0000000003070800 Uncommon trap: reason=unstable_if action=reinterpret pc=0x0000000003605f38 method=com.android.dx.rop.code.RegisterSpecSet.<init>(I)V @ 2
Event: 19.580 Thread 0x0000000016e74800 Uncommon trap: reason=null_check action=make_not_entrant pc=0x000000000364f7e0 method=com.android.dx.rop.type.Type.equals(Ljava/lang/Object;)Z @ 8
Event: 20.055 Thread 0x0000000016e73000 Uncommon trap: reason=class_check action=maybe_recompile pc=0x000000000370b7c8 method=com.android.dx.cf.code.BytecodeArray.parseInstruction(ILcom/android/dx/cf/code/BytecodeArray$Visitor;)I @ 1051
Event: 20.056 Thread 0x0000000016e73000 Uncommon trap: reason=class_check action=maybe_recompile pc=0x000000000370b7c8 method=com.android.dx.cf.code.BytecodeArray.parseInstruction(ILcom/android/dx/cf/code/BytecodeArray$Visitor;)I @ 1051
Event: 20.099 Thread 0x0000000016e76000 Uncommon trap: reason=unstable_if action=reinterpret pc=0x000000000374179c method=com.android.dx.rop.code.RegisterSpecSet.localItemToSpec(Lcom/android/dx/rop/code/LocalItem;)Lcom/android/dx/rop/code/RegisterSpec; @ 35
Event: 20.102 Thread 0x0000000016e76000 Uncommon trap: reason=unstable_if action=reinterpret pc=0x000000000365de58 method=com.android.dx.rop.code.RegisterSpecSet.localItemToSpec(Lcom/android/dx/rop/code/LocalItem;)Lcom/android/dx/rop/code/RegisterSpec; @ 35

Internal exceptions (3 events):
Event: 3.708 Thread 0x0000000003070800 Exception <a 'java/lang/NoSuchMethodError': Method sun.misc.Unsafe.defineClass(Ljava/lang/String;[BII)Ljava/lang/Class; name or signature does not match> (0x00000000eab07cc0) thrown at [C:\re\workspace\8-2-build-windows-amd64-cygwin\jdk8u91\6644\hotspot\srKÞþ[}ª@
Event: 3.708 Thread 0x0000000003070800 Exception <a 'java/lang/NoSuchMethodError': Method sun.misc.Unsafe.prefetchRead(Ljava/lang/Object;J)V name or signature does not match> (0x00000000eab07fa8) thrown at [C:\re\workspace\8-2-build-windows-amd64-cygwin\jdk8u91\6644\hotspot\src\share\vm\prims\jné~”3@
Event: 19.580 Thread 0x0000000016e74800 Implicit null exception at 0x000000000364f6e2 to 0x000000000364f7d2

Events (10 events):
Event: 20.056 Thread 0x0000000016e73000 DEOPT PACKING pc=0x000000000370b7c8 sp=0x00000000179feaa0
Event: 20.056 Thread 0x0000000016e73000 DEOPT UNPACKING pc=0x00000000031b582a sp=0x00000000179fea10 mode 2
Event: 20.099 Thread 0x0000000016e76000 Uncommon trap: trap_request=0xffffff65 fr.pc=0x000000000374179c
Event: 20.099 Thread 0x0000000016e76000 DEOPT PACKING pc=0x000000000374179c sp=0x0000000017bfe660
Event: 20.099 Thread 0x0000000016e76000 DEOPT UNPACKING pc=0x00000000031b582a sp=0x0000000017bfe5a8 mode 2
Event: 20.102 Thread 0x0000000016e76000 Uncommon trap: trap_request=0xffffff65 fr.pc=0x000000000365de58
Event: 20.102 Thread 0x0000000016e76000 DEOPT PACKING pc=0x000000000365de58 sp=0x0000000017bfe5e0
Event: 20.102 Thread 0x0000000016e76000 DEOPT UNPACKING pc=0x00000000031b582a sp=0x0000000017bfe590 mode 2
Event: 20.116 Executing VM operation: ParallelGCFailedAllocation
Event: 20.744 Executing VM operation: ParallelGCFailedAllocation done


Dynamic libraries:
0x00007ff69c4b0000 - 0x00007ff69c4e7000 	D:\JAVA_enviroment\bin\java.exe
0x00007ffcc44d0000 - 0x00007ffcc46a1000 	C:\WINDOWS\SYSTEM32\ntdll.dll
0x00007ffcc3c80000 - 0x00007ffcc3d2b000 	C:\WINDOWS\System32\KERNEL32.DLL
0x00007ffcc09c0000 - 0x00007ffcc0bdd000 	C:\WINDOWS\System32\KERNELBASE.dll
0x00007ffcc3480000 - 0x00007ffcc3522000 	C:\WINDOWS\System32\ADVAPI32.dll
0x00007ffcc33e0000 - 0x00007ffcc347e000 	C:\WINDOWS\System32\msvcrt.dll
0x00007ffcc1e70000 - 0x00007ffcc1ec9000 	C:\WINDOWS\System32\sechost.dll
0x00007ffcc1ad0000 - 0x00007ffcc1bf1000 	C:\WINDOWS\System32\RPCRT4.dll
0x00007ffcc4060000 - 0x00007ffcc41c5000 	C:\WINDOWS\System32\USER32.dll
0x00007ffcc1610000 - 0x00007ffcc162e000 	C:\WINDOWS\System32\win32u.dll
0x00007ffcc3810000 - 0x00007ffcc3844000 	C:\WINDOWS\System32\GDI32.dll
0x00007ffcc0be0000 - 0x00007ffcc0d62000 	C:\WINDOWS\System32\gdi32full.dll
0x00007ffcba4a0000 - 0x00007ffcba719000 	C:\WINDOWS\WinSxS\amd64_microsoft.windows.common-controls_6595b64144ccf1df_6.0.14393.0_none_2d0f50fcbdb171b8\COMCTL32.dll
0x00007ffcc3530000 - 0x00007ffcc37f7000 	C:\WINDOWS\System32\combase.dll
0x00007ffcc1630000 - 0x00007ffcc1725000 	C:\WINDOWS\System32\ucrtbase.dll
0x00007ffcc1820000 - 0x00007ffcc188a000 	C:\WINDOWS\System32\bcryptPrimitives.dll
0x00007ffcc4030000 - 0x00007ffcc405e000 	C:\WINDOWS\System32\IMM32.DLL
0x0000000062a80000 - 0x0000000062b52000 	D:\JAVA_enviroment\jre\bin\msvcr100.dll
0x0000000062e80000 - 0x0000000063713000 	D:\JAVA_enviroment\jre\bin\server\jvm.dll
0x00007ffcc1a60000 - 0x00007ffcc1a68000 	C:\WINDOWS\System32\PSAPI.DLL
0x00007ffcbd6b0000 - 0x00007ffcbd6b9000 	C:\WINDOWS\SYSTEM32\WSOCK32.dll
0x00007ffcc3fc0000 - 0x00007ffcc402a000 	C:\WINDOWS\System32\WS2_32.dll
0x00007ffcbe850000 - 0x00007ffcbe873000 	C:\WINDOWS\SYSTEM32\WINMM.dll
0x00007ffcbc570000 - 0x00007ffcbc57a000 	C:\WINDOWS\SYSTEM32\VERSION.dll
0x00007ffcbe7f0000 - 0x00007ffcbe81b000 	C:\WINDOWS\SYSTEM32\WINMMBASE.dll
0x00007ffcc17d0000 - 0x00007ffcc1812000 	C:\WINDOWS\System32\cfgmgr32.dll
0x0000000063800000 - 0x000000006380f000 	D:\JAVA_enviroment\jre\bin\verify.dll
0x00000000637d0000 - 0x00000000637f9000 	D:\JAVA_enviroment\jre\bin\java.dll
0x00000000637b0000 - 0x00000000637c6000 	D:\JAVA_enviroment\jre\bin\zip.dll
0x00007ffcc1ed0000 - 0x00007ffcc33d8000 	C:\WINDOWS\System32\SHELL32.dll
0x00007ffcc0e20000 - 0x00007ffcc14fa000 	C:\WINDOWS\System32\windows.storage.dll
0x00007ffcc0970000 - 0x00007ffcc09bc000 	C:\WINDOWS\System32\powrprof.dll
0x00007ffcc1c00000 - 0x00007ffcc1c52000 	C:\WINDOWS\System32\shlwapi.dll
0x00007ffcc0940000 - 0x00007ffcc094f000 	C:\WINDOWS\System32\kernel.appcore.dll
0x00007ffcc1500000 - 0x00007ffcc15a9000 	C:\WINDOWS\System32\shcore.dll
0x00007ffcc0950000 - 0x00007ffcc0964000 	C:\WINDOWS\System32\profapi.dll

VM Arguments:
jvm_args: -Djava.awt.headless=true -Xmx1024M -Dfile.encoding=GBK -Duser.country=CN -Duser.language=zh -Duser.variant 
java_command: com.android.dx.command.Main --dex --force-jumbo --num-threads=4 --output D:\workspace1\FastSport\app\build\intermediates\pre-dexed\debug\internal_impl-24.2.1_7fc0418e5a3059b8ee5beafe15e281269553714d.jar D:\workspace1\FastSport\app\build\intermediates\exploded-aar\com.android.support\support-compat\24.2.1\jars\libs\internal_impl-24.2.1.jar
java_class_path (initial): D:\AndroidStdio_sdk\sdk\build-tools\24.0.0\lib\dx.jar
Launcher Type: SUN_STANDARD

Environment Variables:
JAVA_HOME=D:\JAVA_enviroment
PATH=C:\ProgramData\Oracle\Java\javapath;C:\WINDOWS\system32;C:\WINDOWS;C:\WINDOWS\System32\Wbem;C:\WINDOWS\System32\WindowsPowerShell\v1.0\;D:\JAVA_enviroment\bin;D:\JAVA_enviroment\jre\bin;D:\android_sdk\sdk\tools;C:\Program Files (x86)\NVIDIA Corporation\PhysX\Common;D:\AndroidStdio_sdk\sdk\tools;C:\Program Files (x86)\Microsoft SQL Server\100\Tools\Binn\;C:\Program Files\Microsoft SQL Server\100\Tools\Binn\;C:\Program Files\Microsoft SQL Server\100\DTS\Binn\;C:\Program Files (x86)\Microsoft SQL Server\100\Tools\Binn\VSShell\Common7\IDE\;C:\Program Files (x86)\Microsoft Visual Studio 9.0\Common7\IDE\PrivateAssemblies\;C:\Program Files (x86)\Microsoft SQL Server\100\DTS\Binn\;D:\android_sdk\sdk\platform-tools;D:\android_sdk\sdk\tools;C:\WINDOWS\system32;C:\WINDOWS;C:\WINDOWS\System32\Wbem;C:\WINDOWS\System32\WindowsPowerShell\v1.0\;C:\Users\Administrator\AppData\Local\Microsoft\WindowsApps;
USERNAME=Administrator
OS=Windows_NT
PROCESSOR_IDENTIFIER=Intel64 Family 6 Model 58 Stepping 9, GenuineIntel



---------------  S Y S T E M  ---------------

OS: Windows 10.0 , 64 bit Build 14393 (10.0.14393.0)

CPU:total 4 (2 cores per cpu, 2 threads per core) family 6 model 58 stepping 9, cmov, cx8, fxsr, mmx, sse, sse2, sse3, ssse3, sse4.1, sse4.2, popcnt, avx, aes, clmul, erms, ht, tsc, tscinvbit, tscinv

Memory: 4k page, physical 8271404k(1272932k free), swap 8271404k(5448k free)

vm_info: Java HotSpot(TM) 64-Bit Server VM (25.91-b14) for windows-amd64 JRE (1.8.0_91-b14), built on Apr  1 2016 00:58:32 by "java_re" with MS VC++ 10.0 (VS2010)

time: Mon Oct 10 21:14:56 2016
elapsed time: 20 seconds (0d 0h 0m 20s)

