#
# There is insufficient memory for the Java Runtime Environment to continue.
# Native memory allocation (malloc) failed to allocate 166256 bytes for Chunk::new
# Possible reasons:
#   The system is out of physical RAM or swap space
#   In 32 bit mode, the process size limit was hit
# Possible solutions:
#   Reduce memory load on the system
#   Increase physical memory or swap space
#   Check if swap backing store is full
#   Use 64 bit Java on a 64 bit OS
#   Decrease Java heap size (-Xmx/-Xms)
#   Decrease number of Java threads
#   Decrease Java thread stack sizes (-Xss)
#   Set larger code cache with -XX:ReservedCodeCacheSize=
# This output file may be truncated or incomplete.
#
#  Out of Memory Error (allocation.cpp:390), pid=216, tid=4276
#
# JRE version: Java(TM) SE Runtime Environment (8.0_91-b14) (build 1.8.0_91-b14)
# Java VM: Java HotSpot(TM) 64-Bit Server VM (25.91-b14 mixed mode windows-amd64 compressed oops)
# Failed to write core dump. Minidumps are not enabled by default on client versions of Windows
#

---------------  T H R E A D  ---------------

Current thread (0x000000001509c800):  JavaThread "C2 CompilerThread0" daemon [_thread_in_native, id=4276, stack(0x00000000169f0000,0x0000000016af0000)]

Stack: [0x00000000169f0000,0x0000000016af0000]
[error occurred during error reporting (printing stack bounds), id 0xc0000005]

Native frames: (J=compiled Java code, j=interpreted, Vv=VM code, C=native code)


Current CompileTask:
C2:   4226 1587       4       com.android.dx.ssa.SsaBasicBlock::newFromRop (183 bytes)


---------------  P R O C E S S  ---------------

Java Threads: ( => current thread )
  0x0000000016ef0800 JavaThread "pool-2-thread-4" [_thread_in_Java, id=10572, stack(0x0000000017af0000,0x0000000017bf0000)]
  0x000000001677c800 JavaThread "pool-2-thread-3" [_thread_blocked, id=8800, stack(0x00000000179f0000,0x0000000017af0000)]
  0x000000001677b800 JavaThread "pool-2-thread-2" [_thread_blocked, id=10664, stack(0x00000000178f0000,0x00000000179f0000)]
  0x0000000016777000 JavaThread "pool-3-thread-1" [_thread_blocked, id=4376, stack(0x00000000177f0000,0x00000000178f0000)]
  0x000000001676f800 JavaThread "pool-2-thread-1" [_thread_blocked, id=11216, stack(0x00000000176f0000,0x00000000177f0000)]
  0x0000000016450800 JavaThread "Service Thread" daemon [_thread_blocked, id=10388, stack(0x0000000016cf0000,0x0000000016df0000)]
  0x0000000016446000 JavaThread "C1 CompilerThread2" daemon [_thread_blocked, id=4736, stack(0x0000000016bf0000,0x0000000016cf0000)]
  0x00000000150eb000 JavaThread "C2 CompilerThread1" daemon [_thread_in_native, id=6208, stack(0x0000000016af0000,0x0000000016bf0000)]
=>0x000000001509c800 JavaThread "C2 CompilerThread0" daemon [_thread_in_native, id=4276, stack(0x00000000169f0000,0x0000000016af0000)]
  0x000000001509a000 JavaThread "Attach Listener" daemon [_thread_blocked, id=10252, stack(0x00000000168f0000,0x00000000169f0000)]
  0x00000000150e9800 JavaThread "Signal Dispatcher" daemon [_thread_blocked, id=1936, stack(0x00000000167f0000,0x00000000168f0000)]
  0x000000001507a000 JavaThread "Finalizer" daemon [_thread_blocked, id=10696, stack(0x00000000162f0000,0x00000000163f0000)]
  0x0000000015059000 JavaThread "Reference Handler" daemon [_thread_blocked, id=4056, stack(0x00000000161f0000,0x00000000162f0000)]
  0x00000000028c0800 JavaThread "main" [_thread_blocked, id=3552, stack(0x00000000027c0000,0x00000000028c0000)]

Other Threads:
  0x0000000015057000 VMThread [stack: 0x00000000160f0000,0x00000000161f0000] [id=10896]
  0x00000000164d6000 WatcherThread [stack: 0x0000000016df0000,0x0000000016ef0000] [id=1844]

VM state:not at safepoint (normal execution)

VM Mutex/Monitor currently owned by a thread: None

Heap:
 PSYoungGen      total 71680K, used 8985K [0x00000000eab00000, 0x00000000ef600000, 0x0000000100000000)
  eden space 66560K, 5% used [0x00000000eab00000,0x00000000eaecda80,0x00000000eec00000)
  from space 5120K, 99% used [0x00000000ef100000,0x00000000ef5f8ae8,0x00000000ef600000)
  to   space 5120K, 0% used [0x00000000eec00000,0x00000000eec00000,0x00000000ef100000)
 ParOldGen       total 87552K, used 4857K [0x00000000c0000000, 0x00000000c5580000, 0x00000000eab00000)
  object space 87552K, 5% used [0x00000000c0000000,0x00000000c04be5b8,0x00000000c5580000)
 Metaspace       used 6151K, capacity 7088K, committed 7296K, reserved 1056768K
  class space    used 592K, capacity 616K, committed 640K, reserved 1048576K

Card table byte_map: [0x0000000011d80000,0x0000000011f90000] byte_map_base: 0x0000000011780000

Marking Bits: (ParMarkBitMap*) 0x0000000076892f70
 Begin Bits: [0x00000000124f0000, 0x00000000134f0000)
 End Bits:   [0x00000000134f0000, 0x00000000144f0000)

Polling page: 0x00000000005f0000

CodeCache: size=245760Kb used=6897Kb max_used=6897Kb free=238862Kb
 bounds [0x00000000029c0000, 0x0000000003090000, 0x00000000119c0000]
 total_blobs=1857 nmethods=1590 adapters=178
 compilation: enabled

Compilation events (10 events):
Event: 4.123 Thread 0x000000001509c800 nmethod 1543 0x0000000002e871d0 code [0x0000000002e87300, 0x0000000002e87378]
Event: 4.126 Thread 0x000000001509c800 1582       4       com.android.dx.rop.cst.StdConstantPool::set (123 bytes)
Event: 4.130 Thread 0x000000001509c800 nmethod 1582 0x00000000030753d0 code [0x0000000003075520, 0x00000000030757b8]
Event: 4.132 Thread 0x0000000016446000 1583       3       java.util.concurrent.locks.LockSupport::setBlocker (12 bytes)
Event: 4.133 Thread 0x0000000016446000 nmethod 1583 0x0000000003074d90 code [0x0000000003074ee0, 0x0000000003075030]
Event: 4.143 Thread 0x0000000016446000 1585       3       java.util.concurrent.locks.AbstractQueuedSynchronizer::compareAndSetWaitStatus (13 bytes)
Event: 4.143 Thread 0x0000000016446000 nmethod 1585 0x0000000003072a50 code [0x0000000003072ba0, 0x0000000003072cf0]
Event: 4.148 Thread 0x000000001509c800 1586       4       com.android.dx.rop.type.Type::getFrameType (5 bytes)
Event: 4.148 Thread 0x000000001509c800 nmethod 1586 0x0000000002ee9e90 code [0x0000000002ee9fc0, 0x0000000002eea058]
Event: 4.149 Thread 0x000000001509c800 1587       4       com.android.dx.ssa.SsaBasicBlock::newFromRop (183 bytes)

GC Heap History (4 events):
Event: 2.388 GC heap before
{Heap before GC invocations=1 (full 0):
 PSYoungGen      total 38400K, used 33280K [0x00000000eab00000, 0x00000000ed580000, 0x0000000100000000)
  eden space 33280K, 100% used [0x00000000eab00000,0x00000000ecb80000,0x00000000ecb80000)
  from space 5120K, 0% used [0x00000000ed080000,0x00000000ed080000,0x00000000ed580000)
  to   space 5120K, 0% used [0x00000000ecb80000,0x00000000ecb80000,0x00000000ed080000)
 ParOldGen       total 87552K, used 0K [0x00000000c0000000, 0x00000000c5580000, 0x00000000eab00000)
  object space 87552K, 0% used [0x00000000c0000000,0x00000000c0000000,0x00000000c5580000)
 Metaspace       used 5962K, capacity 6960K, committed 7040K, reserved 1056768K
  class space    used 592K, capacity 616K, committed 640K, reserved 1048576K
Event: 2.438 GC heap after
Heap after GC invocations=1 (full 0):
 PSYoungGen      total 38400K, used 5088K [0x00000000eab00000, 0x00000000ef600000, 0x0000000100000000)
  eden space 33280K, 0% used [0x00000000eab00000,0x00000000eab00000,0x00000000ecb80000)
  from space 5120K, 99% used [0x00000000ecb80000,0x00000000ed0780a8,0x00000000ed080000)
  to   space 5120K, 0% used [0x00000000ef100000,0x00000000ef100000,0x00000000ef600000)
 ParOldGen       total 87552K, used 932K [0x00000000c0000000, 0x00000000c5580000, 0x00000000eab00000)
  object space 87552K, 1% used [0x00000000c0000000,0x00000000c00e9390,0x00000000c5580000)
 Metaspace       used 5962K, capacity 6960K, committed 7040K, reserved 1056768K
  class space    used 592K, capacity 616K, committed 640K, reserved 1048576K
}
Event: 4.019 GC heap before
{Heap before GC invocations=2 (full 0):
 PSYoungGen      total 38400K, used 38368K [0x00000000eab00000, 0x00000000ef600000, 0x0000000100000000)
  eden space 33280K, 100% used [0x00000000eab00000,0x00000000ecb80000,0x00000000ecb80000)
  from space 5120K, 99% used [0x00000000ecb80000,0x00000000ed0780a8,0x00000000ed080000)
  to   space 5120K, 0% used [0x00000000ef100000,0x00000000ef100000,0x00000000ef600000)
 ParOldGen       total 87552K, used 932K [0x00000000c0000000, 0x00000000c5580000, 0x00000000eab00000)
  object space 87552K, 1% used [0x00000000c0000000,0x00000000c00e9390,0x00000000c5580000)
 Metaspace       used 6143K, capacity 7088K, committed 7296K, reserved 1056768K
  class space    used 592K, capacity 616K, committed 640K, reserved 1048576K
Event: 4.043 GC heap after
Heap after GC invocations=2 (full 0):
 PSYoungGen      total 71680K, used 5090K [0x00000000eab00000, 0x00000000ef600000, 0x0000000100000000)
  eden space 66560K, 0% used [0x00000000eab00000,0x00000000eab00000,0x00000000eec00000)
  from space 5120K, 99% used [0x00000000ef100000,0x00000000ef5f8ae8,0x00000000ef600000)
  to   space 5120K, 0% used [0x00000000eec00000,0x00000000eec00000,0x00000000ef100000)
 ParOldGen       total 87552K, used 4857K [0x00000000c0000000, 0x00000000c5580000, 0x00000000eab00000)
  object space 87552K, 5% used [0x00000000c0000000,0x00000000c04be5b8,0x00000000c5580000)
 Metaspace       used 6143K, capacity 7088K, committed 7296K, reserved 1056768K
  class space    used 592K, capacity 616K, committed 640K, reserved 1048576K
}

Deoptimization events (10 events):
Event: 1.863 Thread 0x00000000028c0800 Uncommon trap: reason=unstable_if action=reinterpret pc=0x0000000002c1e128 method=java.util.HashMap.getNode(ILjava/lang/Object;)Ljava/util/HashMap$Node; @ 62
Event: 2.807 Thread 0x0000000016ef0800 Uncommon trap: reason=unstable_if action=reinterpret pc=0x0000000002f248bc method=com.android.dx.cf.code.BytecodeArray.parseInstruction(ILcom/android/dx/cf/code/BytecodeArray$Visitor;)I @ 1198
Event: 2.870 Thread 0x000000001677c800 Uncommon trap: reason=null_check action=make_not_entrant pc=0x0000000002de2fb0 method=com.android.dx.ssa.SsaRenamer.getLocalForNewReg(I)Lcom/android/dx/rop/code/LocalItem; @ 19
Event: 2.870 Thread 0x000000001677c800 Uncommon trap: reason=null_check action=make_not_entrant pc=0x0000000002e33c44 method=com.android.dx.ssa.SsaRenamer.getLocalForNewReg(I)Lcom/android/dx/rop/code/LocalItem; @ 19
Event: 3.832 Thread 0x0000000016ef0800 Uncommon trap: reason=unstable_if action=reinterpret pc=0x000000000302a7ac method=com.android.dx.rop.code.RegisterSpecSet.localItemToSpec(Lcom/android/dx/rop/code/LocalItem;)Lcom/android/dx/rop/code/RegisterSpec; @ 35
Event: 3.854 Thread 0x00000000028c0800 Uncommon trap: reason=unstable_if action=reinterpret pc=0x0000000003019d54 method=com.android.dx.dex.code.RopToDop.dopFor(Lcom/android/dx/rop/code/Insn;)Lcom/android/dx/dex/code/Dop; @ 747
Event: 3.858 Thread 0x0000000016ef0800 Uncommon trap: reason=unstable_if action=reinterpret pc=0x0000000002d978dc method=com.android.dx.rop.cst.Constant.compareTo(Lcom/android/dx/rop/cst/Constant;)I @ 12
Event: 3.861 Thread 0x0000000016ef0800 Uncommon trap: reason=null_check action=make_not_entrant pc=0x0000000002dfbde0 method=com.android.dx.rop.type.Type.equals(Ljava/lang/Object;)Z @ 8
Event: 3.874 Thread 0x0000000016ef0800 Uncommon trap: reason=bimorphic action=maybe_recompile pc=0x0000000003032a88 method=com.android.dx.ssa.LiteralOpUpgrader.tryReplacingWithConstant(Lcom/android/dx/ssa/NormalSsaInsn;)Z @ 52
Event: 3.888 Thread 0x000000001676f800 Uncommon trap: reason=bimorphic action=maybe_recompile pc=0x0000000003032a88 method=com.android.dx.ssa.LiteralOpUpgrader.tryReplacingWithConstant(Lcom/android/dx/ssa/NormalSsaInsn;)Z @ 52

Internal exceptions (5 events):
Event: 0.117 Thread 0x00000000028c0800 Exception <a 'java/lang/NoSuchMethodError': Method sun.misc.Unsafe.defineClass(Ljava/lang/String;[BII)Ljava/lang/Class; name or signature does not match> (0x00000000eab07cc0) thrown at [C:\re\workspace\8-2-build-windows-amd64-cygwin\jdk8u91\6644\hotspot\srH²Æ‚@Û½?
Event: 0.117 Thread 0x00000000028c0800 Exception <a 'java/lang/NoSuchMethodError': Method sun.misc.Unsafe.prefetchRead(Ljava/lang/Object;J)V name or signature does not match> (0x00000000eab07fa8) thrown at [C:\re\workspace\8-2-build-windows-amd64-cygwin\jdk8u91\6644\hotspot\src\share\vm\prims\jëûõ@
Event: 2.870 Thread 0x000000001677c800 Implicit null exception at 0x0000000002de0b1c to 0x0000000002de2f75
Event: 2.870 Thread 0x000000001677c800 Implicit null exception at 0x0000000002e31928 to 0x0000000002e33c25
Event: 3.861 Thread 0x0000000016ef0800 Implicit null exception at 0x0000000002dfbce2 to 0x0000000002dfbdd2

Events (10 events):
Event: 3.861 Thread 0x0000000016ef0800 DEOPT PACKING pc=0x0000000002dfbde0 sp=0x0000000017bee8f0
Event: 3.861 Thread 0x0000000016ef0800 DEOPT UNPACKING pc=0x0000000002a0582a sp=0x0000000017bee878 mode 2
Event: 3.874 Thread 0x0000000016ef0800 Uncommon trap: trap_request=0xffffffc6 fr.pc=0x0000000003032a88
Event: 3.874 Thread 0x0000000016ef0800 DEOPT PACKING pc=0x0000000003032a88 sp=0x0000000017beeb70
Event: 3.874 Thread 0x0000000016ef0800 DEOPT UNPACKING pc=0x0000000002a0582a sp=0x0000000017beeb10 mode 2
Event: 3.888 Thread 0x000000001676f800 Uncommon trap: trap_request=0xffffffc6 fr.pc=0x0000000003032a88
Event: 3.888 Thread 0x000000001676f800 DEOPT PACKING pc=0x0000000003032a88 sp=0x00000000177ee920
Event: 3.888 Thread 0x000000001676f800 DEOPT UNPACKING pc=0x0000000002a0582a sp=0x00000000177ee8c0 mode 2
Event: 4.019 Executing VM operation: ParallelGCFailedAllocation
Event: 4.043 Executing VM operation: ParallelGCFailedAllocation done


Dynamic libraries:
0x00007ff7b5950000 - 0x00007ff7b5987000 	D:\JAVA_enviroment\bin\java.exe
0x00007ffb1f980000 - 0x00007ffb1fb51000 	C:\WINDOWS\SYSTEM32\ntdll.dll
0x00007ffb1f830000 - 0x00007ffb1f8db000 	C:\WINDOWS\System32\KERNEL32.DLL
0x00007ffb1c920000 - 0x00007ffb1cb3d000 	C:\WINDOWS\System32\KERNELBASE.dll
0x00007ffb1f550000 - 0x00007ffb1f5f2000 	C:\WINDOWS\System32\ADVAPI32.dll
0x00007ffb1db60000 - 0x00007ffb1dbfe000 	C:\WINDOWS\System32\msvcrt.dll
0x00007ffb1db00000 - 0x00007ffb1db59000 	C:\WINDOWS\System32\sechost.dll
0x00007ffb1f110000 - 0x00007ffb1f231000 	C:\WINDOWS\System32\RPCRT4.dll
0x00007ffb1f240000 - 0x00007ffb1f3a5000 	C:\WINDOWS\System32\USER32.dll
0x00007ffb1be70000 - 0x00007ffb1be8e000 	C:\WINDOWS\System32\win32u.dll
0x00007ffb1f940000 - 0x00007ffb1f974000 	C:\WINDOWS\System32\GDI32.dll
0x00007ffb1bfe0000 - 0x00007ffb1c162000 	C:\WINDOWS\System32\gdi32full.dll
0x00007ffb14600000 - 0x00007ffb14879000 	C:\WINDOWS\WinSxS\amd64_microsoft.windows.common-controls_6595b64144ccf1df_6.0.14393.0_none_2d0f50fcbdb171b8\COMCTL32.dll
0x00007ffb1d020000 - 0x00007ffb1d2e7000 	C:\WINDOWS\System32\combase.dll
0x00007ffb1cc40000 - 0x00007ffb1cd35000 	C:\WINDOWS\System32\ucrtbase.dll
0x00007ffb1c170000 - 0x00007ffb1c1da000 	C:\WINDOWS\System32\bcryptPrimitives.dll
0x00007ffb1cf30000 - 0x00007ffb1cf5e000 	C:\WINDOWS\System32\IMM32.DLL
0x0000000075ea0000 - 0x0000000075f72000 	D:\JAVA_enviroment\jre\bin\msvcr100.dll
0x0000000076080000 - 0x0000000076913000 	D:\JAVA_enviroment\jre\bin\server\jvm.dll
0x00007ffb1d990000 - 0x00007ffb1d998000 	C:\WINDOWS\System32\PSAPI.DLL
0x00007ffb18c80000 - 0x00007ffb18c89000 	C:\WINDOWS\SYSTEM32\WSOCK32.dll
0x00007ffb1d920000 - 0x00007ffb1d98a000 	C:\WINDOWS\System32\WS2_32.dll
0x00007ffb19c10000 - 0x00007ffb19c33000 	C:\WINDOWS\SYSTEM32\WINMM.dll
0x00007ffb16710000 - 0x00007ffb1671a000 	C:\WINDOWS\SYSTEM32\VERSION.dll
0x00007ffb19a80000 - 0x00007ffb19aab000 	C:\WINDOWS\SYSTEM32\WINMMBASE.dll
0x00007ffb1cbf0000 - 0x00007ffb1cc32000 	C:\WINDOWS\System32\cfgmgr32.dll
0x0000000050080000 - 0x000000005008f000 	D:\JAVA_enviroment\jre\bin\verify.dll
0x0000000050050000 - 0x0000000050079000 	D:\JAVA_enviroment\jre\bin\java.dll
0x0000000050030000 - 0x0000000050046000 	D:\JAVA_enviroment\jre\bin\zip.dll
0x00007ffb1dc00000 - 0x00007ffb1f108000 	C:\WINDOWS\System32\SHELL32.dll
0x00007ffb1c240000 - 0x00007ffb1c91a000 	C:\WINDOWS\System32\windows.storage.dll
0x00007ffb1be20000 - 0x00007ffb1be6c000 	C:\WINDOWS\System32\powrprof.dll
0x00007ffb1f8e0000 - 0x00007ffb1f932000 	C:\WINDOWS\System32\shlwapi.dll
0x00007ffb1bdf0000 - 0x00007ffb1bdff000 	C:\WINDOWS\System32\kernel.appcore.dll
0x00007ffb1bf30000 - 0x00007ffb1bfd9000 	C:\WINDOWS\System32\shcore.dll
0x00007ffb1be00000 - 0x00007ffb1be14000 	C:\WINDOWS\System32\profapi.dll

VM Arguments:
jvm_args: -Djava.awt.headless=true -Xmx1024M -Dfile.encoding=GBK -Duser.country=CN -Duser.language=zh -Duser.variant 
java_command: com.android.dx.command.Main --dex --force-jumbo --num-threads=4 --multi-dex --output D:\workspace1\FastSport\app\build\intermediates\transforms\dex\debug\folders\1000\10\com.android.support-support-compat-24.2.1_7008fbf98dec47f8665bc49a63892efe3387601e D:\workspace1\FastSport\app\build\intermediates\exploded-aar\com.android.support\support-compat\24.2.1\jars\classes.jar
java_class_path (initial): D:\AndroidStdio_sdk\sdk\build-tools\24.0.0\lib\dx.jar
Launcher Type: SUN_STANDARD

Environment Variables:
JAVA_HOME=D:\JAVA_enviroment
PATH=C:\ProgramData\Oracle\Java\javapath;C:\WINDOWS\system32;C:\WINDOWS;C:\WINDOWS\System32\Wbem;C:\WINDOWS\System32\WindowsPowerShell\v1.0\;D:\JAVA_enviroment\bin;D:\JAVA_enviroment\jre\bin;D:\android_sdk\sdk\tools;C:\Program Files (x86)\NVIDIA Corporation\PhysX\Common;D:\AndroidStdio_sdk\sdk\tools;C:\Program Files (x86)\Microsoft SQL Server\100\Tools\Binn\;C:\Program Files\Microsoft SQL Server\100\Tools\Binn\;C:\Program Files\Microsoft SQL Server\100\DTS\Binn\;C:\Program Files (x86)\Microsoft SQL Server\100\Tools\Binn\VSShell\Common7\IDE\;C:\Program Files (x86)\Microsoft Visual Studio 9.0\Common7\IDE\PrivateAssemblies\;C:\Program Files (x86)\Microsoft SQL Server\100\DTS\Binn\;D:\android_sdk\sdk\platform-tools;D:\android_sdk\sdk\tools;C:\WINDOWS\system32;C:\WINDOWS;C:\WINDOWS\System32\Wbem;C:\WINDOWS\System32\WindowsPowerShell\v1.0\;C:\Users\Administrator\AppData\Local\Microsoft\WindowsApps;
USERNAME=Administrator
OS=Windows_NT
PROCESSOR_IDENTIFIER=Intel64 Family 6 Model 58 Stepping 9, GenuineIntel



---------------  S Y S T E M  ---------------

OS: Windows 10.0 , 64 bit Build 14393 (10.0.14393.0)

CPU:total 4 (2 cores per cpu, 2 threads per core) family 6 model 58 stepping 9, cmov, cx8, fxsr, mmx, sse, sse2, sse3, ssse3, sse4.1, sse4.2, popcnt, avx, aes, clmul, erms, ht, tsc, tscinvbit, tscinv

Memory: 4k page, physical 8271404k(1700624k free), swap 8271404k(8868k free)

vm_info: Java HotSpot(TM) 64-Bit Server VM (25.91-b14) for windows-amd64 JRE (1.8.0_91-b14), built on Apr  1 2016 00:58:32 by "java_re" with MS VC++ 10.0 (VS2010)

time: Sun Oct 02 23:40:13 2016
elapsed time: 4 seconds (0d 0h 0m 4s)

