#
# There is insufficient memory for the Java Runtime Environment to continue.
# Native memory allocation (malloc) failed to allocate 395712 bytes for Chunk::new
# Possible reasons:
#   The system is out of physical RAM or swap space
#   In 32 bit mode, the process size limit was hit
# Possible solutions:
#   Reduce memory load on the system
#   Increase physical memory or swap space
#   Check if swap backing store is full
#   Use 64 bit Java on a 64 bit OS
#   Decrease Java heap size (-Xmx/-Xms)
#   Decrease number of Java threads
#   Decrease Java thread stack sizes (-Xss)
#   Set larger code cache with -XX:ReservedCodeCacheSize=
# This output file may be truncated or incomplete.
#
#  Out of Memory Error (allocation.cpp:390), pid=11548, tid=3808
#
# JRE version: Java(TM) SE Runtime Environment (8.0_91-b14) (build 1.8.0_91-b14)
# Java VM: Java HotSpot(TM) 64-Bit Server VM (25.91-b14 mixed mode windows-amd64 compressed oops)
# Failed to write core dump. Minidumps are not enabled by default on client versions of Windows
#

---------------  T H R E A D  ---------------

Current thread (0x0000000015177800):  JavaThread "C2 CompilerThread1" daemon [_thread_in_native, id=3808, stack(0x0000000016bd0000,0x0000000016cd0000)]

Stack: [0x0000000016bd0000,0x0000000016cd0000]
[error occurred during error reporting (printing stack bounds), id 0xc0000005]

Native frames: (J=compiled Java code, j=interpreted, Vv=VM code, C=native code)


Current CompileTask:
C2:   8208 1394   !   4       com.android.dx.cf.code.BytecodeArray::parseInstruction (2764 bytes)


---------------  P R O C E S S  ---------------

Java Threads: ( => current thread )
  0x000000001674e800 JavaThread "pool-1-thread-4" [_thread_blocked, id=13176, stack(0x00000000173d0000,0x00000000174d0000)]
  0x000000001674d800 JavaThread "pool-1-thread-3" [_thread_blocked, id=2980, stack(0x00000000172d0000,0x00000000173d0000)]
  0x000000001674c000 JavaThread "pool-1-thread-2" [_thread_in_Java, id=4416, stack(0x00000000171d0000,0x00000000172d0000)]
  0x0000000016745000 JavaThread "pool-2-thread-1" [_thread_blocked, id=11388, stack(0x00000000170d0000,0x00000000171d0000)]
  0x000000001673f800 JavaThread "pool-1-thread-1" [_thread_in_Java, id=12580, stack(0x0000000016fd0000,0x00000000170d0000)]
  0x000000001517d800 JavaThread "Service Thread" daemon [_thread_blocked, id=9240, stack(0x0000000016dd0000,0x0000000016ed0000)]
  0x000000001517a800 JavaThread "C1 CompilerThread2" daemon [_thread_blocked, id=6960, stack(0x0000000016cd0000,0x0000000016dd0000)]
=>0x0000000015177800 JavaThread "C2 CompilerThread1" daemon [_thread_in_native, id=3808, stack(0x0000000016bd0000,0x0000000016cd0000)]
  0x0000000016513800 JavaThread "C2 CompilerThread0" daemon [_thread_blocked, id=4260, stack(0x0000000016ad0000,0x0000000016bd0000)]
  0x0000000015132800 JavaThread "Attach Listener" daemon [_thread_blocked, id=4328, stack(0x00000000169d0000,0x0000000016ad0000)]
  0x0000000015144800 JavaThread "Signal Dispatcher" daemon [_thread_blocked, id=10412, stack(0x00000000168d0000,0x00000000169d0000)]
  0x000000001510a000 JavaThread "Finalizer" daemon [_thread_blocked, id=11984, stack(0x0000000016370000,0x0000000016470000)]
  0x00000000150e9000 JavaThread "Reference Handler" daemon [_thread_blocked, id=10632, stack(0x0000000016270000,0x0000000016370000)]
  0x0000000002950800 JavaThread "main" [_thread_in_vm, id=11444, stack(0x0000000002850000,0x0000000002950000)]

Other Threads:
  0x00000000150e7000 VMThread [stack: 0x0000000016170000,0x0000000016270000] [id=6332]
  0x000000001653f800 WatcherThread [stack: 0x0000000016ed0000,0x0000000016fd0000] [id=12468]

VM state:not at safepoint (normal execution)

VM Mutex/Monitor currently owned by a thread: None

Heap:
 PSYoungGen      total 38400K, used 25951K [0x00000000eab00000, 0x00000000ef600000, 0x0000000100000000)
  eden space 33280K, 62% used [0x00000000eab00000,0x00000000ebf5feb0,0x00000000ecb80000)
  from space 5120K, 99% used [0x00000000ecb80000,0x00000000ed078098,0x00000000ed080000)
  to   space 5120K, 0% used [0x00000000ef100000,0x00000000ef100000,0x00000000ef600000)
 ParOldGen       total 87552K, used 954K [0x00000000c0000000, 0x00000000c5580000, 0x00000000eab00000)
  object space 87552K, 1% used [0x00000000c0000000,0x00000000c00eeaa0,0x00000000c5580000)
 Metaspace       used 6061K, capacity 7024K, committed 7296K, reserved 1056768K
  class space    used 590K, capacity 616K, committed 640K, reserved 1048576K

Card table byte_map: [0x0000000011e10000,0x0000000012020000] byte_map_base: 0x0000000011810000

Marking Bits: (ParMarkBitMap*) 0x000000005d9c2f70
 Begin Bits: [0x0000000012580000, 0x0000000013580000)
 End Bits:   [0x0000000013580000, 0x0000000014580000)

Polling page: 0x0000000002470000

CodeCache: size=245760Kb used=6238Kb max_used=6250Kb free=239522Kb
 bounds [0x0000000002a50000, 0x0000000003080000, 0x0000000011a50000]
 total_blobs=1713 nmethods=1448 adapters=178
 compilation: enabled

Compilation events (10 events):
Event: 8.033 Thread 0x0000000016513800 1403       4       com.android.dx.ssa.SsaRenamer$BlockRenamer::visitNonMoveInsn (14 bytes)
Event: 8.056 Thread 0x0000000016513800 nmethod 1403 0x000000000306e890 code [0x000000000306ea20, 0x000000000306f1b0]
Event: 8.056 Thread 0x0000000016513800 1440       4       com.android.dx.ssa.SsaMethod::blockIndexToRopLabel (21 bytes)
Event: 8.059 Thread 0x0000000016513800 nmethod 1440 0x0000000003062ed0 code [0x0000000003063020, 0x0000000003063138]
Event: 8.059 Thread 0x0000000016513800 1405       4       com.android.dx.ssa.back.FirstFitLocalCombiningAllocator$1::visitNonMoveInsn (6 bytes)
Event: 8.059 Thread 0x0000000016513800 nmethod 1405 0x0000000002fc3350 code [0x0000000002fc34a0, 0x0000000002fc3528]
Event: 8.060 Thread 0x0000000016513800 1444       4       java.lang.StringBuilder::append (8 bytes)
Event: 8.069 Thread 0x0000000016513800 nmethod 1444 0x0000000003065a10 code [0x0000000003065b60, 0x0000000003065f38]
Event: 8.069 Thread 0x0000000016513800 1402       4       com.android.dx.ssa.SsaBasicBlock::exitBlockFixup (58 bytes)
Event: 8.088 Thread 0x0000000016513800 nmethod 1402 0x0000000003066f50 code [0x00000000030670c0, 0x0000000003067818]

GC Heap History (2 events):
Event: 6.147 GC heap before
{Heap before GC invocations=1 (full 0):
 PSYoungGen      total 38400K, used 33280K [0x00000000eab00000, 0x00000000ed580000, 0x0000000100000000)
  eden space 33280K, 100% used [0x00000000eab00000,0x00000000ecb80000,0x00000000ecb80000)
  from space 5120K, 0% used [0x00000000ed080000,0x00000000ed080000,0x00000000ed580000)
  to   space 5120K, 0% used [0x00000000ecb80000,0x00000000ecb80000,0x00000000ed080000)
 ParOldGen       total 87552K, used 0K [0x00000000c0000000, 0x00000000c5580000, 0x00000000eab00000)
  object space 87552K, 0% used [0x00000000c0000000,0x00000000c0000000,0x00000000c5580000)
 Metaspace       used 5939K, capacity 6960K, committed 7040K, reserved 1056768K
  class space    used 589K, capacity 616K, committed 640K, reserved 1048576K
Event: 6.423 GC heap after
Heap after GC invocations=1 (full 0):
 PSYoungGen      total 38400K, used 5088K [0x00000000eab00000, 0x00000000ef600000, 0x0000000100000000)
  eden space 33280K, 0% used [0x00000000eab00000,0x00000000eab00000,0x00000000ecb80000)
  from space 5120K, 99% used [0x00000000ecb80000,0x00000000ed078098,0x00000000ed080000)
  to   space 5120K, 0% used [0x00000000ef100000,0x00000000ef100000,0x00000000ef600000)
 ParOldGen       total 87552K, used 954K [0x00000000c0000000, 0x00000000c5580000, 0x00000000eab00000)
  object space 87552K, 1% used [0x00000000c0000000,0x00000000c00eeaa0,0x00000000c5580000)
 Metaspace       used 5939K, capacity 6960K, committed 7040K, reserved 1056768K
  class space    used 589K, capacity 616K, committed 640K, reserved 1048576K
}

Deoptimization events (10 events):
Event: 5.054 Thread 0x000000001674c000 Uncommon trap: reason=class_check action=maybe_recompile pc=0x0000000002df3480 method=com.android.dx.rop.type.Type.equals(Ljava/lang/Object;)Z @ 8
Event: 5.055 Thread 0x000000001674c000 Uncommon trap: reason=unstable_if action=reinterpret pc=0x0000000002c55ef0 method=java.util.BitSet.nextSetBit(I)I @ 87
Event: 5.081 Thread 0x000000001674c000 Uncommon trap: reason=unstable_if action=reinterpret pc=0x0000000002df6a1c method=com.android.dx.rop.cst.Constant.compareTo(Lcom/android/dx/rop/cst/Constant;)I @ 12
Event: 5.118 Thread 0x000000001673f800 Uncommon trap: reason=class_check action=maybe_recompile pc=0x0000000002d6bc4c method=com.android.dx.ssa.NormalSsaInsn.accept(Lcom/android/dx/ssa/SsaInsn$Visitor;)V @ 9
Event: 5.644 Thread 0x000000001674d800 Uncommon trap: reason=class_check action=maybe_recompile pc=0x0000000002d6bc4c method=com.android.dx.ssa.NormalSsaInsn.accept(Lcom/android/dx/ssa/SsaInsn$Visitor;)V @ 9
Event: 5.644 Thread 0x000000001674d800 Uncommon trap: reason=class_check action=maybe_recompile pc=0x0000000002d6bc4c method=com.android.dx.ssa.NormalSsaInsn.accept(Lcom/android/dx/ssa/SsaInsn$Visitor;)V @ 9
Event: 5.645 Thread 0x000000001674d800 Uncommon trap: reason=class_check action=maybe_recompile pc=0x0000000002cf17f0 method=com.android.dx.ssa.NormalSsaInsn.accept(Lcom/android/dx/ssa/SsaInsn$Visitor;)V @ 9
Event: 6.144 Thread 0x0000000002950800 Uncommon trap: reason=null_check action=make_not_entrant pc=0x0000000002f29434 method=com.android.dx.ssa.SsaRenamer.getLocalForNewReg(I)Lcom/android/dx/rop/code/LocalItem; @ 19
Event: 6.145 Thread 0x0000000002950800 Uncommon trap: reason=null_check action=make_not_entrant pc=0x0000000002f344b0 method=com.android.dx.ssa.SsaRenamer.getLocalForNewReg(I)Lcom/android/dx/rop/code/LocalItem; @ 19
Event: 7.891 Thread 0x000000001673f800 Uncommon trap: reason=unstable_if action=reinterpret pc=0x0000000002f49cbc method=com.android.dx.ssa.LiteralOpUpgrader$1.visitNonMoveInsn(Lcom/android/dx/ssa/NormalSsaInsn;)V @ 151

Internal exceptions (4 events):
Event: 0.241 Thread 0x0000000002950800 Exception <a 'java/lang/NoSuchMethodError': Method sun.misc.Unsafe.defineClass(Ljava/lang/String;[BII)Ljava/lang/Class; name or signature does not match> (0x00000000eab07cc0) thrown at [C:\re\workspace\8-2-build-windows-amd64-cygwin\jdk8u91\6644\hotspot\srîØm¤ìÎ?
Event: 0.242 Thread 0x0000000002950800 Exception <a 'java/lang/NoSuchMethodError': Method sun.misc.Unsafe.prefetchRead(Ljava/lang/Object;J)V name or signature does not match> (0x00000000eab07fa8) thrown at [C:\re\workspace\8-2-build-windows-amd64-cygwin\jdk8u91\6644\hotspot\src\share\vm\prims\j­S¢¯“@
Event: 6.144 Thread 0x0000000002950800 Implicit null exception at 0x0000000002f2840e to 0x0000000002f293fd
Event: 6.145 Thread 0x0000000002950800 Implicit null exception at 0x0000000002f33645 to 0x0000000002f3447d

Events (10 events):
Event: 6.145 Thread 0x0000000002950800 DEOPT UNPACKING pc=0x0000000002a9582a sp=0x000000000294e028 mode 2
Event: 6.147 Executing VM operation: ParallelGCFailedAllocation
Event: 6.423 Executing VM operation: ParallelGCFailedAllocation done
Event: 7.882 loading class com/android/dx/cf/attrib/AttRuntimeInvisibleAnnotations
Event: 7.882 loading class com/android/dx/cf/attrib/AttRuntimeInvisibleAnnotations done
Event: 7.882 loading class com/android/dx/cf/attrib/BaseAnnotations
Event: 7.882 loading class com/android/dx/cf/attrib/BaseAnnotations done
Event: 7.891 Thread 0x000000001673f800 Uncommon trap: trap_request=0xffffff65 fr.pc=0x0000000002f49cbc
Event: 7.891 Thread 0x000000001673f800 DEOPT PACKING pc=0x0000000002f49cbc sp=0x00000000170cec80
Event: 7.892 Thread 0x000000001673f800 DEOPT UNPACKING pc=0x0000000002a9582a sp=0x00000000170cec70 mode 2


Dynamic libraries:
0x00007ff7b5260000 - 0x00007ff7b5297000 	D:\JAVA_enviroment\bin\java.exe
0x00007ffcba850000 - 0x00007ffcbaa21000 	C:\WINDOWS\SYSTEM32\ntdll.dll
0x00007ffcb8590000 - 0x00007ffcb863b000 	C:\WINDOWS\System32\KERNEL32.DLL
0x00007ffcb73c0000 - 0x00007ffcb75dd000 	C:\WINDOWS\System32\KERNELBASE.dll
0x00007ffcba3b0000 - 0x00007ffcba452000 	C:\WINDOWS\System32\ADVAPI32.dll
0x00007ffcb7de0000 - 0x00007ffcb7e7e000 	C:\WINDOWS\System32\msvcrt.dll
0x00007ffcb8750000 - 0x00007ffcb87a9000 	C:\WINDOWS\System32\sechost.dll
0x00007ffcba0f0000 - 0x00007ffcba211000 	C:\WINDOWS\System32\RPCRT4.dll
0x00007ffcb8420000 - 0x00007ffcb8585000 	C:\WINDOWS\System32\USER32.dll
0x00007ffcb7dc0000 - 0x00007ffcb7dde000 	C:\WINDOWS\System32\win32u.dll
0x00007ffcba220000 - 0x00007ffcba254000 	C:\WINDOWS\System32\GDI32.dll
0x00007ffcb7010000 - 0x00007ffcb7192000 	C:\WINDOWS\System32\gdi32full.dll
0x00007ffcb0c60000 - 0x00007ffcb0eda000 	C:\WINDOWS\WinSxS\amd64_microsoft.windows.common-controls_6595b64144ccf1df_6.0.14393.351_none_4213128bc687e6d3\COMCTL32.dll
0x00007ffcb7ef0000 - 0x00007ffcb81b7000 	C:\WINDOWS\System32\combase.dll
0x00007ffcb6f10000 - 0x00007ffcb7005000 	C:\WINDOWS\System32\ucrtbase.dll
0x00007ffcb71a0000 - 0x00007ffcb720a000 	C:\WINDOWS\System32\bcryptPrimitives.dll
0x00007ffcba460000 - 0x00007ffcba48e000 	C:\WINDOWS\System32\IMM32.DLL
0x000000005cb60000 - 0x000000005cc32000 	D:\JAVA_enviroment\jre\bin\msvcr100.dll
0x000000005d1b0000 - 0x000000005da43000 	D:\JAVA_enviroment\jre\bin\server\jvm.dll
0x00007ffcb8640000 - 0x00007ffcb8648000 	C:\WINDOWS\System32\PSAPI.DLL
0x00007ffcb3b10000 - 0x00007ffcb3b19000 	C:\WINDOWS\SYSTEM32\WSOCK32.dll
0x00007ffcba720000 - 0x00007ffcba78a000 	C:\WINDOWS\System32\WS2_32.dll
0x00007ffcb4ab0000 - 0x00007ffcb4ad3000 	C:\WINDOWS\SYSTEM32\WINMM.dll
0x00007ffcb21f0000 - 0x00007ffcb21fa000 	C:\WINDOWS\SYSTEM32\VERSION.dll
0x00007ffcb4a40000 - 0x00007ffcb4a6b000 	C:\WINDOWS\SYSTEM32\WINMMBASE.dll
0x00007ffcb75e0000 - 0x00007ffcb7622000 	C:\WINDOWS\System32\cfgmgr32.dll
0x000000005db30000 - 0x000000005db3f000 	D:\JAVA_enviroment\jre\bin\verify.dll
0x000000005db00000 - 0x000000005db29000 	D:\JAVA_enviroment\jre\bin\java.dll
0x000000005dae0000 - 0x000000005daf6000 	D:\JAVA_enviroment\jre\bin\zip.dll
0x00007ffcb87b0000 - 0x00007ffcb9cb9000 	C:\WINDOWS\System32\SHELL32.dll
0x00007ffcb7630000 - 0x00007ffcb7d0a000 	C:\WINDOWS\System32\windows.storage.dll
0x00007ffcb6cb0000 - 0x00007ffcb6cfc000 	C:\WINDOWS\System32\powrprof.dll
0x00007ffcba640000 - 0x00007ffcba692000 	C:\WINDOWS\System32\shlwapi.dll
0x00007ffcb6d00000 - 0x00007ffcb6d0f000 	C:\WINDOWS\System32\kernel.appcore.dll
0x00007ffcb7310000 - 0x00007ffcb73b9000 	C:\WINDOWS\System32\shcore.dll
0x00007ffcb6d10000 - 0x00007ffcb6d24000 	C:\WINDOWS\System32\profapi.dll

VM Arguments:
jvm_args: -Djava.awt.headless=true -Xmx1024M -Dfile.encoding=GBK -Duser.country=CN -Duser.language=zh -Duser.variant 
java_command: com.android.dx.command.Main --dex --force-jumbo --num-threads=4 --output D:\workspace1\FastSport\app\build\intermediates\pre-dexed\debug\internal_impl-24.2.1_7fc0418e5a3059b8ee5beafe15e281269553714d.jar D:\workspace1\FastSport\app\build\intermediates\exploded-aar\com.android.support\support-compat\24.2.1\jars\libs\internal_impl-24.2.1.jar
java_class_path (initial): D:\AndroidStdio_sdk\sdk\build-tools\24.0.0\lib\dx.jar
Launcher Type: SUN_STANDARD

Environment Variables:
JAVA_HOME=D:\JAVA_enviroment
PATH=C:\ProgramData\Oracle\Java\javapath;C:\WINDOWS\system32;C:\WINDOWS;C:\WINDOWS\System32\Wbem;C:\WINDOWS\System32\WindowsPowerShell\v1.0\;D:\JAVA_enviroment\bin;D:\JAVA_enviroment\jre\bin;D:\android_sdk\sdk\tools;C:\Program Files (x86)\NVIDIA Corporation\PhysX\Common;D:\AndroidStdio_sdk\sdk\tools;C:\Program Files (x86)\Microsoft SQL Server\100\Tools\Binn\;C:\Program Files\Microsoft SQL Server\100\Tools\Binn\;C:\Program Files\Microsoft SQL Server\100\DTS\Binn\;C:\Program Files (x86)\Microsoft SQL Server\100\Tools\Binn\VSShell\Common7\IDE\;C:\Program Files (x86)\Microsoft Visual Studio 9.0\Common7\IDE\PrivateAssemblies\;C:\Program Files (x86)\Microsoft SQL Server\100\DTS\Binn\;D:\android_sdk\sdk\platform-tools;D:\android_sdk\sdk\tools;C:\WINDOWS\system32;C:\WINDOWS;C:\WINDOWS\System32\Wbem;C:\WINDOWS\System32\WindowsPowerShell\v1.0\;C:\Users\Administrator\AppData\Local\Microsoft\WindowsApps;
USERNAME=Administrator
OS=Windows_NT
PROCESSOR_IDENTIFIER=Intel64 Family 6 Model 58 Stepping 9, GenuineIntel



---------------  S Y S T E M  ---------------

OS: Windows 10.0 , 64 bit Build 14393 (10.0.14393.0)

CPU:total 4 (2 cores per cpu, 2 threads per core) family 6 model 58 stepping 9, cmov, cx8, fxsr, mmx, sse, sse2, sse3, ssse3, sse4.1, sse4.2, popcnt, avx, aes, clmul, erms, ht, tsc, tscinvbit, tscinv

Memory: 4k page, physical 8271404k(1631880k free), swap 8271404k(5032k free)

vm_info: Java HotSpot(TM) 64-Bit Server VM (25.91-b14) for windows-amd64 JRE (1.8.0_91-b14), built on Apr  1 2016 00:58:32 by "java_re" with MS VC++ 10.0 (VS2010)

time: Thu Nov 03 22:00:52 2016
elapsed time: 8 seconds (0d 0h 0m 8s)

