#
# There is insufficient memory for the Java Runtime Environment to continue.
# Native memory allocation (malloc) failed to allocate 342288 bytes for Chunk::new
# Possible reasons:
#   The system is out of physical RAM or swap space
#   In 32 bit mode, the process size limit was hit
# Possible solutions:
#   Reduce memory load on the system
#   Increase physical memory or swap space
#   Check if swap backing store is full
#   Use 64 bit Java on a 64 bit OS
#   Decrease Java heap size (-Xmx/-Xms)
#   Decrease number of Java threads
#   Decrease Java thread stack sizes (-Xss)
#   Set larger code cache with -XX:ReservedCodeCacheSize=
# This output file may be truncated or incomplete.
#
#  Out of Memory Error (allocation.cpp:390), pid=12816, tid=12152
#
# JRE version: Java(TM) SE Runtime Environment (8.0_91-b14) (build 1.8.0_91-b14)
# Java VM: Java HotSpot(TM) 64-Bit Server VM (25.91-b14 mixed mode windows-amd64 compressed oops)
# Failed to write core dump. Minidumps are not enabled by default on client versions of Windows
#

---------------  T H R E A D  ---------------

Current thread (0x000000001527e800):  JavaThread "C2 CompilerThread1" daemon [_thread_in_native, id=12152, stack(0x0000000016c80000,0x0000000016d80000)]

Stack: [0x0000000016c80000,0x0000000016d80000]
[error occurred during error reporting (printing stack bounds), id 0xc0000005]

Native frames: (J=compiled Java code, j=interpreted, Vv=VM code, C=native code)


Current CompileTask:
C2:  60872 2311 %     4       com.android.dx.dex.code.OutputFinisher::getAllConstants @ 18 (47 bytes)


---------------  P R O C E S S  ---------------

Java Threads: ( => current thread )
  0x00000000165e1800 JavaThread "Service Thread" daemon [_thread_blocked, id=4988, stack(0x0000000016e80000,0x0000000016f80000)]
  0x00000000165d9800 JavaThread "C1 CompilerThread2" daemon [_thread_blocked, id=13296, stack(0x0000000016d80000,0x0000000016e80000)]
=>0x000000001527e800 JavaThread "C2 CompilerThread1" daemon [_thread_in_native, id=12152, stack(0x0000000016c80000,0x0000000016d80000)]
  0x000000001522c800 JavaThread "C2 CompilerThread0" daemon [_thread_in_native, id=3352, stack(0x0000000016b80000,0x0000000016c80000)]
  0x000000001522a000 JavaThread "Attach Listener" daemon [_thread_blocked, id=2288, stack(0x0000000016a80000,0x0000000016b80000)]
  0x0000000016588800 JavaThread "Signal Dispatcher" daemon [_thread_blocked, id=11904, stack(0x0000000016980000,0x0000000016a80000)]
  0x000000001520a000 JavaThread "Finalizer" daemon [_thread_blocked, id=10216, stack(0x0000000016480000,0x0000000016580000)]
  0x00000000151e9000 JavaThread "Reference Handler" daemon [_thread_blocked, id=12216, stack(0x0000000016380000,0x0000000016480000)]
  0x0000000002a50800 JavaThread "main" [_thread_in_Java, id=5208, stack(0x0000000002850000,0x0000000002950000)]

Other Threads:
  0x00000000151e7000 VMThread [stack: 0x0000000016280000,0x0000000016380000] [id=12380]
  0x000000001662d800 WatcherThread [stack: 0x0000000016f80000,0x0000000017080000] [id=10104]

VM state:not at safepoint (normal execution)

VM Mutex/Monitor currently owned by a thread: None

Heap:
 PSYoungGen      total 194048K, used 52149K [0x00000000eab00000, 0x00000000fb380000, 0x0000000100000000)
  eden space 136192K, 5% used [0x00000000eab00000,0x00000000eb1d7b98,0x00000000f3000000)
  from space 57856K, 78% used [0x00000000f6c00000,0x00000000f9815968,0x00000000fa480000)
  to   space 61440K, 0% used [0x00000000f3000000,0x00000000f3000000,0x00000000f6c00000)
 ParOldGen       total 192512K, used 79093K [0x00000000c0000000, 0x00000000cbc00000, 0x00000000eab00000)
  object space 192512K, 41% used [0x00000000c0000000,0x00000000c4d3d5c8,0x00000000cbc00000)
 Metaspace       used 6217K, capacity 7216K, committed 7296K, reserved 1056768K
  class space    used 597K, capacity 616K, committed 640K, reserved 1048576K

Card table byte_map: [0x0000000011f10000,0x0000000012120000] byte_map_base: 0x0000000011910000

Marking Bits: (ParMarkBitMap*) 0x0000000063692f70
 Begin Bits: [0x0000000012680000, 0x0000000013680000)
 End Bits:   [0x0000000013680000, 0x0000000014680000)

Polling page: 0x0000000000c70000

CodeCache: size=245760Kb used=8706Kb max_used=8992Kb free=237053Kb
 bounds [0x0000000002b50000, 0x0000000003450000, 0x0000000011b50000]
 total_blobs=2019 nmethods=1755 adapters=177
 compilation: enabled

Compilation events (10 events):
Event: 60.502 Thread 0x00000000165d9800 2307       3       com.android.dx.dex.code.OutputFinisher::getAllConstants (47 bytes)
Event: 60.504 Thread 0x000000001522c800 2309       4       java.util.HashMap$HashIterator::hasNext (13 bytes)
Event: 60.505 Thread 0x00000000165d9800 nmethod 2307 0x0000000002e58190 code [0x0000000002e583c0, 0x0000000002e58d28]
Event: 60.505 Thread 0x00000000165d9800 2308       3       com.android.dx.dex.file.CodeItem::addContents (174 bytes)
Event: 60.505 Thread 0x000000001522c800 nmethod 2309 0x0000000002e89550 code [0x0000000002e89680, 0x0000000002e896f8]
Event: 60.510 Thread 0x00000000165d9800 nmethod 2308 0x0000000002dd2ed0 code [0x0000000002dd31e0, 0x0000000002dd4af8]
Event: 60.518 Thread 0x00000000165d9800 2310       3       com.android.dx.dex.code.StdCatchBuilder::hasAnyCatches (57 bytes)
Event: 60.520 Thread 0x00000000165d9800 nmethod 2310 0x0000000002dd1a50 code [0x0000000002dd1c40, 0x0000000002dd2978]
Event: 60.546 Thread 0x000000001527e800 2311 %     4       com.android.dx.dex.code.OutputFinisher::getAllConstants @ 18 (47 bytes)
Event: 60.560 Thread 0x000000001522c800 2312       4       com.android.dx.dex.code.OutputFinisher::addConstants (68 bytes)

GC Heap History (10 events):
Event: 36.302 GC heap before
{Heap before GC invocations=8 (full 1):
 PSYoungGen      total 133632K, used 133226K [0x00000000eab00000, 0x00000000f6c00000, 0x0000000100000000)
  eden space 105472K, 100% used [0x00000000eab00000,0x00000000f1200000,0x00000000f1200000)
  from space 28160K, 98% used [0x00000000f5080000,0x00000000f6b9a878,0x00000000f6c00000)
  to   space 38912K, 0% used [0x00000000f2000000,0x00000000f2000000,0x00000000f4600000)
 ParOldGen       total 132608K, used 54277K [0x00000000c0000000, 0x00000000c8180000, 0x00000000eab00000)
  object space 132608K, 40% used [0x00000000c0000000,0x00000000c3501720,0x00000000c8180000)
 Metaspace       used 6082K, capacity 7088K, committed 7296K, reserved 1056768K
  class space    used 589K, capacity 616K, committed 640K, reserved 1048576K
Event: 37.450 GC heap after
Heap after GC invocations=8 (full 1):
 PSYoungGen      total 144384K, used 32728K [0x00000000eab00000, 0x00000000f6c00000, 0x0000000100000000)
  eden space 105472K, 0% used [0x00000000eab00000,0x00000000eab00000,0x00000000f1200000)
  from space 38912K, 84% used [0x00000000f2000000,0x00000000f3ff63e8,0x00000000f4600000)
  to   space 28160K, 0% used [0x00000000f5080000,0x00000000f5080000,0x00000000f6c00000)
 ParOldGen       total 132608K, used 54285K [0x00000000c0000000, 0x00000000c8180000, 0x00000000eab00000)
  object space 132608K, 40% used [0x00000000c0000000,0x00000000c3503720,0x00000000c8180000)
 Metaspace       used 6082K, capacity 7088K, committed 7296K, reserved 1056768K
  class space    used 589K, capacity 616K, committed 640K, reserved 1048576K
}
Event: 39.426 GC heap before
{Heap before GC invocations=9 (full 1):
 PSYoungGen      total 144384K, used 138200K [0x00000000eab00000, 0x00000000f6c00000, 0x0000000100000000)
  eden space 105472K, 100% used [0x00000000eab00000,0x00000000f1200000,0x00000000f1200000)
  from space 38912K, 84% used [0x00000000f2000000,0x00000000f3ff63e8,0x00000000f4600000)
  to   space 28160K, 0% used [0x00000000f5080000,0x00000000f5080000,0x00000000f6c00000)
 ParOldGen       total 132608K, used 54285K [0x00000000c0000000, 0x00000000c8180000, 0x00000000eab00000)
  object space 132608K, 40% used [0x00000000c0000000,0x00000000c3503720,0x00000000c8180000)
 Metaspace       used 6090K, capacity 7088K, committed 7296K, reserved 1056768K
  class space    used 590K, capacity 616K, committed 640K, reserved 1048576K
Event: 39.792 GC heap after
Heap after GC invocations=9 (full 1):
 PSYoungGen      total 137216K, used 28149K [0x00000000eab00000, 0x00000000fca80000, 0x0000000100000000)
  eden space 109056K, 0% used [0x00000000eab00000,0x00000000eab00000,0x00000000f1580000)
  from space 28160K, 99% used [0x00000000f5080000,0x00000000f6bfd560,0x00000000f6c00000)
  to   space 60416K, 0% used [0x00000000f1580000,0x00000000f1580000,0x00000000f5080000)
 ParOldGen       total 132608K, used 93771K [0x00000000c0000000, 0x00000000c8180000, 0x00000000eab00000)
  object space 132608K, 70% used [0x00000000c0000000,0x00000000c5b92ce0,0x00000000c8180000)
 Metaspace       used 6090K, capacity 7088K, committed 7296K, reserved 1056768K
  class space    used 590K, capacity 616K, committed 640K, reserved 1048576K
}
Event: 39.792 GC heap before
{Heap before GC invocations=10 (full 2):
 PSYoungGen      total 137216K, used 28149K [0x00000000eab00000, 0x00000000fca80000, 0x0000000100000000)
  eden space 109056K, 0% used [0x00000000eab00000,0x00000000eab00000,0x00000000f1580000)
  from space 28160K, 99% used [0x00000000f5080000,0x00000000f6bfd560,0x00000000f6c00000)
  to   space 60416K, 0% used [0x00000000f1580000,0x00000000f1580000,0x00000000f5080000)
 ParOldGen       total 132608K, used 93771K [0x00000000c0000000, 0x00000000c8180000, 0x00000000eab00000)
  object space 132608K, 70% used [0x00000000c0000000,0x00000000c5b92ce0,0x00000000c8180000)
 Metaspace       used 6090K, capacity 7088K, committed 7296K, reserved 1056768K
  class space    used 590K, capacity 616K, committed 640K, reserved 1048576K
Event: 42.845 GC heap after
Heap after GC invocations=10 (full 2):
 PSYoungGen      total 137216K, used 0K [0x00000000eab00000, 0x00000000fca80000, 0x0000000100000000)
  eden space 109056K, 0% used [0x00000000eab00000,0x00000000eab00000,0x00000000f1580000)
  from space 28160K, 0% used [0x00000000f5080000,0x00000000f5080000,0x00000000f6c00000)
  to   space 60416K, 0% used [0x00000000f1580000,0x00000000f1580000,0x00000000f5080000)
 ParOldGen       total 192512K, used 79085K [0x00000000c0000000, 0x00000000cbc00000, 0x00000000eab00000)
  object space 192512K, 41% used [0x00000000c0000000,0x00000000c4d3b5c8,0x00000000cbc00000)
 Metaspace       used 6090K, capacity 7088K, committed 7296K, reserved 1056768K
  class space    used 590K, capacity 616K, committed 640K, reserved 1048576K
}
Event: 50.130 GC heap before
{Heap before GC invocations=11 (full 2):
 PSYoungGen      total 137216K, used 109056K [0x00000000eab00000, 0x00000000fca80000, 0x0000000100000000)
  eden space 109056K, 100% used [0x00000000eab00000,0x00000000f1580000,0x00000000f1580000)
  from space 28160K, 0% used [0x00000000f5080000,0x00000000f5080000,0x00000000f6c00000)
  to   space 60416K, 0% used [0x00000000f1580000,0x00000000f1580000,0x00000000f5080000)
 ParOldGen       total 192512K, used 79085K [0x00000000c0000000, 0x00000000cbc00000, 0x00000000eab00000)
  object space 192512K, 41% used [0x00000000c0000000,0x00000000c4d3b5c8,0x00000000cbc00000)
 Metaspace       used 6152K, capacity 7152K, committed 7296K, reserved 1056768K
  class space    used 593K, capacity 616K, committed 640K, reserved 1048576K
Event: 51.037 GC heap after
Heap after GC invocations=11 (full 2):
 PSYoungGen      total 169472K, used 28968K [0x00000000eab00000, 0x00000000fa480000, 0x0000000100000000)
  eden space 109056K, 0% used [0x00000000eab00000,0x00000000eab00000,0x00000000f1580000)
  from space 60416K, 47% used [0x00000000f1580000,0x00000000f31ca1b8,0x00000000f5080000)
  to   space 57856K, 0% used [0x00000000f6c00000,0x00000000f6c00000,0x00000000fa480000)
 ParOldGen       total 192512K, used 79093K [0x00000000c0000000, 0x00000000cbc00000, 0x00000000eab00000)
  object space 192512K, 41% used [0x00000000c0000000,0x00000000c4d3d5c8,0x00000000cbc00000)
 Metaspace       used 6152K, capacity 7152K, committed 7296K, reserved 1056768K
  class space    used 593K, capacity 616K, committed 640K, reserved 1048576K
}
Event: 55.455 GC heap before
{Heap before GC invocations=12 (full 2):
 PSYoungGen      total 169472K, used 138024K [0x00000000eab00000, 0x00000000fa480000, 0x0000000100000000)
  eden space 109056K, 100% used [0x00000000eab00000,0x00000000f1580000,0x00000000f1580000)
  from space 60416K, 47% used [0x00000000f1580000,0x00000000f31ca1b8,0x00000000f5080000)
  to   space 57856K, 0% used [0x00000000f6c00000,0x00000000f6c00000,0x00000000fa480000)
 ParOldGen       total 192512K, used 79093K [0x00000000c0000000, 0x00000000cbc00000, 0x00000000eab00000)
  object space 192512K, 41% used [0x00000000c0000000,0x00000000c4d3d5c8,0x00000000cbc00000)
 Metaspace       used 6152K, capacity 7152K, committed 7296K, reserved 1056768K
  class space    used 593K, capacity 616K, committed 640K, reserved 1048576K
Event: 58.096 GC heap after
Heap after GC invocations=12 (full 2):
 PSYoungGen      total 194048K, used 45142K [0x00000000eab00000, 0x00000000fb380000, 0x0000000100000000)
  eden space 136192K, 0% used [0x00000000eab00000,0x00000000eab00000,0x00000000f3000000)
  from space 57856K, 78% used [0x00000000f6c00000,0x00000000f9815968,0x00000000fa480000)
  to   space 61440K, 0% used [0x00000000f3000000,0x00000000f3000000,0x00000000f6c00000)
 ParOldGen       total 192512K, used 79093K [0x00000000c0000000, 0x00000000cbc00000, 0x00000000eab00000)
  object space 192512K, 41% used [0x00000000c0000000,0x00000000c4d3d5c8,0x00000000cbc00000)
 Metaspace       used 6152K, capacity 7152K, committed 7296K, reserved 1056768K
  class space    used 593K, capacity 616K, committed 640K, reserved 1048576K
}

Deoptimization events (10 events):
Event: 59.574 Thread 0x0000000002a50800 Uncommon trap: reason=class_check action=maybe_recompile pc=0x0000000002fad818 method=java.util.Arrays.hashCode([Ljava/lang/Object;)I @ 43
Event: 59.574 Thread 0x0000000002a50800 Uncommon trap: reason=class_check action=maybe_recompile pc=0x0000000002fad818 method=java.util.Arrays.hashCode([Ljava/lang/Object;)I @ 43
Event: 59.575 Thread 0x0000000002a50800 Uncommon trap: reason=class_check action=maybe_recompile pc=0x0000000002fb70b8 method=java.util.Arrays.hashCode([Ljava/lang/Object;)I @ 43
Event: 60.140 Thread 0x0000000002a50800 Uncommon trap: reason=bimorphic action=maybe_recompile pc=0x0000000002f778c4 method=java.util.HashMap.putVal(ILjava/lang/Object;Ljava/lang/Object;ZZ)Ljava/lang/Object; @ 91
Event: 60.140 Thread 0x0000000002a50800 Uncommon trap: reason=bimorphic action=maybe_recompile pc=0x0000000002f778c4 method=java.util.HashMap.putVal(ILjava/lang/Object;Ljava/lang/Object;ZZ)Ljava/lang/Object; @ 91
Event: 60.140 Thread 0x0000000002a50800 Uncommon trap: reason=bimorphic action=maybe_recompile pc=0x0000000002f778c4 method=java.util.HashMap.putVal(ILjava/lang/Object;Ljava/lang/Object;ZZ)Ljava/lang/Object; @ 91
Event: 60.140 Thread 0x0000000002a50800 Uncommon trap: reason=bimorphic action=maybe_recompile pc=0x0000000002f778c4 method=java.util.HashMap.putVal(ILjava/lang/Object;Ljava/lang/Object;ZZ)Ljava/lang/Object; @ 91
Event: 60.141 Thread 0x0000000002a50800 Uncommon trap: reason=bimorphic action=maybe_recompile pc=0x0000000002f156c4 method=java.util.HashMap.putVal(ILjava/lang/Object;Ljava/lang/Object;ZZ)Ljava/lang/Object; @ 203
Event: 60.141 Thread 0x0000000002a50800 Uncommon trap: reason=bimorphic action=maybe_recompile pc=0x0000000002f156c4 method=java.util.HashMap.putVal(ILjava/lang/Object;Ljava/lang/Object;ZZ)Ljava/lang/Object; @ 203
Event: 60.185 Thread 0x0000000002a50800 Uncommon trap: reason=unstable_if action=reinterpret pc=0x0000000002e56c04 method=java.util.HashMap.putVal(ILjava/lang/Object;Ljava/lang/Object;ZZ)Ljava/lang/Object; @ 206

Internal exceptions (2 events):
Event: 4.473 Thread 0x0000000002a50800 Exception <a 'java/lang/NoSuchMethodError': Method sun.misc.Unsafe.defineClass(Ljava/lang/String;[BII)Ljava/lang/Class; name or signature does not match> (0x00000000eab07cc0) thrown at [C:\re\workspace\8-2-build-windows-amd64-cygwin\jdk8u91\6644\hotspot\srx¡úO‰@
Event: 4.473 Thread 0x0000000002a50800 Exception <a 'java/lang/NoSuchMethodError': Method sun.misc.Unsafe.prefetchRead(Ljava/lang/Object;J)V name or signature does not match> (0x00000000eab07fa8) thrown at [C:\re\workspace\8-2-build-windows-amd64-cygwin\jdk8u91\6644\hotspot\src\share\vm\prims\j

Events (10 events):
Event: 60.141 Thread 0x0000000002a50800 DEOPT PACKING pc=0x0000000002f156c4 sp=0x000000000294eb30
Event: 60.141 Thread 0x0000000002a50800 DEOPT UNPACKING pc=0x0000000002b9582a sp=0x000000000294eae8 mode 2
Event: 60.141 Thread 0x0000000002a50800 Uncommon trap: trap_request=0xffffffc6 fr.pc=0x0000000002f156c4
Event: 60.141 Thread 0x0000000002a50800 DEOPT PACKING pc=0x0000000002f156c4 sp=0x000000000294eb30
Event: 60.141 Thread 0x0000000002a50800 DEOPT UNPACKING pc=0x0000000002b9582a sp=0x000000000294eae8 mode 2
Event: 60.185 Thread 0x0000000002a50800 Uncommon trap: trap_request=0xffffff65 fr.pc=0x0000000002e56c04
Event: 60.185 Thread 0x0000000002a50800 DEOPT PACKING pc=0x0000000002e56c04 sp=0x000000000294eaf0
Event: 60.185 Thread 0x0000000002a50800 DEOPT UNPACKING pc=0x0000000002b9582a sp=0x000000000294ea18 mode 2
Event: 60.513 loading class com/android/dx/dex/file/CatchStructs
Event: 60.513 loading class com/android/dx/dex/file/CatchStructs done


Dynamic libraries:
0x00007ff69c4b0000 - 0x00007ff69c4e7000 	D:\JAVA_enviroment\bin\java.exe
0x00007ffcc44d0000 - 0x00007ffcc46a1000 	C:\WINDOWS\SYSTEM32\ntdll.dll
0x00007ffcc3c80000 - 0x00007ffcc3d2b000 	C:\WINDOWS\System32\KERNEL32.DLL
0x00007ffcc09c0000 - 0x00007ffcc0bdd000 	C:\WINDOWS\System32\KERNELBASE.dll
0x00007ffcc3480000 - 0x00007ffcc3522000 	C:\WINDOWS\System32\ADVAPI32.dll
0x00007ffcc33e0000 - 0x00007ffcc347e000 	C:\WINDOWS\System32\msvcrt.dll
0x00007ffcc1e70000 - 0x00007ffcc1ec9000 	C:\WINDOWS\System32\sechost.dll
0x00007ffcc1ad0000 - 0x00007ffcc1bf1000 	C:\WINDOWS\System32\RPCRT4.dll
0x00007ffcc4060000 - 0x00007ffcc41c5000 	C:\WINDOWS\System32\USER32.dll
0x00007ffcc1610000 - 0x00007ffcc162e000 	C:\WINDOWS\System32\win32u.dll
0x00007ffcc3810000 - 0x00007ffcc3844000 	C:\WINDOWS\System32\GDI32.dll
0x00007ffcc0be0000 - 0x00007ffcc0d62000 	C:\WINDOWS\System32\gdi32full.dll
0x00007ffcba4a0000 - 0x00007ffcba719000 	C:\WINDOWS\WinSxS\amd64_microsoft.windows.common-controls_6595b64144ccf1df_6.0.14393.0_none_2d0f50fcbdb171b8\COMCTL32.dll
0x00007ffcc3530000 - 0x00007ffcc37f7000 	C:\WINDOWS\System32\combase.dll
0x00007ffcc1630000 - 0x00007ffcc1725000 	C:\WINDOWS\System32\ucrtbase.dll
0x00007ffcc1820000 - 0x00007ffcc188a000 	C:\WINDOWS\System32\bcryptPrimitives.dll
0x00007ffcc4030000 - 0x00007ffcc405e000 	C:\WINDOWS\System32\IMM32.DLL
0x0000000062a80000 - 0x0000000062b52000 	D:\JAVA_enviroment\jre\bin\msvcr100.dll
0x0000000062e80000 - 0x0000000063713000 	D:\JAVA_enviroment\jre\bin\server\jvm.dll
0x00007ffcc1a60000 - 0x00007ffcc1a68000 	C:\WINDOWS\System32\PSAPI.DLL
0x00007ffcbd6b0000 - 0x00007ffcbd6b9000 	C:\WINDOWS\SYSTEM32\WSOCK32.dll
0x00007ffcc3fc0000 - 0x00007ffcc402a000 	C:\WINDOWS\System32\WS2_32.dll
0x00007ffcbe850000 - 0x00007ffcbe873000 	C:\WINDOWS\SYSTEM32\WINMM.dll
0x00007ffcbc570000 - 0x00007ffcbc57a000 	C:\WINDOWS\SYSTEM32\VERSION.dll
0x00007ffcbe7f0000 - 0x00007ffcbe81b000 	C:\WINDOWS\SYSTEM32\WINMMBASE.dll
0x00007ffcc17d0000 - 0x00007ffcc1812000 	C:\WINDOWS\System32\cfgmgr32.dll
0x0000000063800000 - 0x000000006380f000 	D:\JAVA_enviroment\jre\bin\verify.dll
0x00000000637d0000 - 0x00000000637f9000 	D:\JAVA_enviroment\jre\bin\java.dll
0x00000000637b0000 - 0x00000000637c6000 	D:\JAVA_enviroment\jre\bin\zip.dll
0x00007ffcc1ed0000 - 0x00007ffcc33d8000 	C:\WINDOWS\System32\SHELL32.dll
0x00007ffcc0e20000 - 0x00007ffcc14fa000 	C:\WINDOWS\System32\windows.storage.dll
0x00007ffcc0970000 - 0x00007ffcc09bc000 	C:\WINDOWS\System32\powrprof.dll
0x00007ffcc1c00000 - 0x00007ffcc1c52000 	C:\WINDOWS\System32\shlwapi.dll
0x00007ffcc0940000 - 0x00007ffcc094f000 	C:\WINDOWS\System32\kernel.appcore.dll
0x00007ffcc1500000 - 0x00007ffcc15a9000 	C:\WINDOWS\System32\shcore.dll
0x00007ffcc0950000 - 0x00007ffcc0964000 	C:\WINDOWS\System32\profapi.dll

VM Arguments:
jvm_args: -Djava.awt.headless=true -Xmx1024M -Dfile.encoding=GBK -Duser.country=CN -Duser.language=zh -Duser.variant 
java_command: com.android.dx.command.Main --dex --force-jumbo --num-threads=4 --output D:\workspace1\FastSport\app\build\intermediates\pre-dexed\debug\main_05465c8ce4dbf1a1b25f758b504cb6844096a7d3.jar D:\workspace1\FastSport\app\build\intermediates\transforms\instantRun\debug\folders\1\5\main
java_class_path (initial): D:\AndroidStdio_sdk\sdk\build-tools\24.0.0\lib\dx.jar
Launcher Type: SUN_STANDARD

Environment Variables:
JAVA_HOME=D:\JAVA_enviroment
PATH=C:\ProgramData\Oracle\Java\javapath;C:\WINDOWS\system32;C:\WINDOWS;C:\WINDOWS\System32\Wbem;C:\WINDOWS\System32\WindowsPowerShell\v1.0\;D:\JAVA_enviroment\bin;D:\JAVA_enviroment\jre\bin;D:\android_sdk\sdk\tools;C:\Program Files (x86)\NVIDIA Corporation\PhysX\Common;D:\AndroidStdio_sdk\sdk\tools;C:\Program Files (x86)\Microsoft SQL Server\100\Tools\Binn\;C:\Program Files\Microsoft SQL Server\100\Tools\Binn\;C:\Program Files\Microsoft SQL Server\100\DTS\Binn\;C:\Program Files (x86)\Microsoft SQL Server\100\Tools\Binn\VSShell\Common7\IDE\;C:\Program Files (x86)\Microsoft Visual Studio 9.0\Common7\IDE\PrivateAssemblies\;C:\Program Files (x86)\Microsoft SQL Server\100\DTS\Binn\;D:\android_sdk\sdk\platform-tools;D:\android_sdk\sdk\tools;C:\WINDOWS\system32;C:\WINDOWS;C:\WINDOWS\System32\Wbem;C:\WINDOWS\System32\WindowsPowerShell\v1.0\;C:\Users\Administrator\AppData\Local\Microsoft\WindowsApps;
USERNAME=Administrator
OS=Windows_NT
PROCESSOR_IDENTIFIER=Intel64 Family 6 Model 58 Stepping 9, GenuineIntel



---------------  S Y S T E M  ---------------

OS: Windows 10.0 , 64 bit Build 14393 (10.0.14393.0)

CPU:total 4 (2 cores per cpu, 2 threads per core) family 6 model 58 stepping 9, cmov, cx8, fxsr, mmx, sse, sse2, sse3, ssse3, sse4.1, sse4.2, popcnt, avx, aes, clmul, erms, ht, tsc, tscinvbit, tscinv

Memory: 4k page, physical 8271404k(1145184k free), swap 8271404k(5372k free)

vm_info: Java HotSpot(TM) 64-Bit Server VM (25.91-b14) for windows-amd64 JRE (1.8.0_91-b14), built on Apr  1 2016 00:58:32 by "java_re" with MS VC++ 10.0 (VS2010)

time: Mon Oct 10 21:15:19 2016
elapsed time: 60 seconds (0d 0h 1m 0s)

