#
# There is insufficient memory for the Java Runtime Environment to continue.
# Native memory allocation (malloc) failed to allocate 1690176 bytes for Chunk::new
# Possible reasons:
#   The system is out of physical RAM or swap space
#   In 32 bit mode, the process size limit was hit
# Possible solutions:
#   Reduce memory load on the system
#   Increase physical memory or swap space
#   Check if swap backing store is full
#   Use 64 bit Java on a 64 bit OS
#   Decrease Java heap size (-Xmx/-Xms)
#   Decrease number of Java threads
#   Decrease Java thread stack sizes (-Xss)
#   Set larger code cache with -XX:ReservedCodeCacheSize=
# This output file may be truncated or incomplete.
#
#  Out of Memory Error (allocation.cpp:390), pid=4028, tid=11776
#
# JRE version: Java(TM) SE Runtime Environment (8.0_91-b14) (build 1.8.0_91-b14)
# Java VM: Java HotSpot(TM) 64-Bit Server VM (25.91-b14 mixed mode windows-amd64 compressed oops)
# Failed to write core dump. Minidumps are not enabled by default on client versions of Windows
#

---------------  T H R E A D  ---------------

Current thread (0x0000000015389800):  JavaThread "C2 CompilerThread0" daemon [_thread_in_native, id=11776, stack(0x0000000016d00000,0x0000000016e00000)]

Stack: [0x0000000016d00000,0x0000000016e00000]
[error occurred during error reporting (printing stack bounds), id 0xc0000005]

Native frames: (J=compiled Java code, j=interpreted, Vv=VM code, C=native code)


Current CompileTask:
C2:   7151 1254       4       com.android.dx.rop.code.Rops::ropFor (771 bytes)


---------------  P R O C E S S  ---------------

Java Threads: ( => current thread )
  0x000000001695d800 JavaThread "pool-1-thread-4" [_thread_blocked, id=1992, stack(0x0000000017600000,0x0000000017700000)]
  0x000000001695c800 JavaThread "pool-1-thread-3" [_thread_in_vm_trans, id=7120, stack(0x0000000017500000,0x0000000017600000)]
  0x0000000016959000 JavaThread "pool-1-thread-2" [_thread_blocked, id=964, stack(0x0000000017400000,0x0000000017500000)]
  0x0000000016850800 JavaThread "pool-2-thread-1" [_thread_blocked, id=3836, stack(0x0000000017300000,0x0000000017400000)]
  0x000000001684f800 JavaThread "pool-1-thread-1" [_thread_blocked, id=6636, stack(0x0000000017200000,0x0000000017300000)]
  0x0000000016767800 JavaThread "Service Thread" daemon [_thread_blocked, id=5944, stack(0x0000000017000000,0x0000000017100000)]
  0x0000000016762000 JavaThread "C1 CompilerThread2" daemon [_thread_blocked, id=2396, stack(0x0000000016f00000,0x0000000017000000)]
  0x000000001538b800 JavaThread "C2 CompilerThread1" daemon [_thread_in_native, id=920, stack(0x0000000016e00000,0x0000000016f00000)]
=>0x0000000015389800 JavaThread "C2 CompilerThread0" daemon [_thread_in_native, id=11776, stack(0x0000000016d00000,0x0000000016e00000)]
  0x000000001533d000 JavaThread "Attach Listener" daemon [_thread_blocked, id=6960, stack(0x0000000016c00000,0x0000000016d00000)]
  0x000000001533c000 JavaThread "Signal Dispatcher" daemon [_thread_blocked, id=8692, stack(0x0000000016b00000,0x0000000016c00000)]
  0x000000001531a000 JavaThread "Finalizer" daemon [_thread_blocked, id=6852, stack(0x00000000165a0000,0x00000000166a0000)]
  0x00000000152f9000 JavaThread "Reference Handler" daemon [_thread_blocked, id=5100, stack(0x00000000164a0000,0x00000000165a0000)]
  0x0000000002b60800 JavaThread "main" [_thread_blocked, id=3600, stack(0x0000000002680000,0x0000000002780000)]

Other Threads:
  0x00000000152f7000 VMThread [stack: 0x00000000163a0000,0x00000000164a0000] [id=6148]
  0x000000001677d000 WatcherThread [stack: 0x0000000017100000,0x0000000017200000] [id=10944]

VM state:not at safepoint (normal execution)

VM Mutex/Monitor currently owned by a thread: None

Heap:
 PSYoungGen      total 38400K, used 21731K [0x00000000eab00000, 0x00000000ef600000, 0x0000000100000000)
  eden space 33280K, 49% used [0x00000000eab00000,0x00000000ebb3d3b8,0x00000000ecb80000)
  from space 5120K, 99% used [0x00000000ecb80000,0x00000000ed07b908,0x00000000ed080000)
  to   space 5120K, 0% used [0x00000000ef100000,0x00000000ef100000,0x00000000ef600000)
 ParOldGen       total 87552K, used 1477K [0x00000000c0000000, 0x00000000c5580000, 0x00000000eab00000)
  object space 87552K, 1% used [0x00000000c0000000,0x00000000c0171730,0x00000000c5580000)
 Metaspace       used 5883K, capacity 6896K, committed 7040K, reserved 1056768K
  class space    used 582K, capacity 616K, committed 640K, reserved 1048576K

Card table byte_map: [0x0000000012020000,0x0000000012230000] byte_map_base: 0x0000000011a20000

Marking Bits: (ParMarkBitMap*) 0x0000000063312f70
 Begin Bits: [0x0000000012790000, 0x0000000013790000)
 End Bits:   [0x0000000013790000, 0x0000000014790000)

Polling page: 0x0000000002780000

CodeCache: size=245760Kb used=5756Kb max_used=5756Kb free=240003Kb
 bounds [0x0000000002c60000, 0x0000000003210000, 0x0000000011c60000]
 total_blobs=1599 nmethods=1335 adapters=177
 compilation: enabled

Compilation events (10 events):
Event: 6.613 Thread 0x0000000016762000 nmethod 1339 0x00000000031f8e90 code [0x00000000031f9380, 0x00000000031fcb58]
Event: 6.613 Thread 0x0000000016762000 1344       3       com.android.dx.rop.code.BasicBlockList::set (12 bytes)
Event: 6.614 Thread 0x0000000016762000 nmethod 1344 0x00000000031ff790 code [0x00000000031ff900, 0x00000000031ffaa8]
Event: 6.614 Thread 0x0000000016762000 1343       3       com.android.dx.ssa.SCCP::simulateStmt (481 bytes)
Event: 6.616 Thread 0x0000000016762000 nmethod 1343 0x00000000031ffb50 code [0x00000000031ffe80, 0x0000000003201e38]
Event: 6.616 Thread 0x0000000016762000 1341       1       java.util.HashMap::afterNodeAccess (1 bytes)
Event: 6.616 Thread 0x0000000016762000 nmethod 1341 0x0000000003202f90 code [0x00000000032030e0, 0x00000000032031f0]
Event: 6.616 Thread 0x0000000016762000 1338       3       java.util.concurrent.ThreadPoolExecutor::workerCountOf (5 bytes)
Event: 6.616 Thread 0x0000000016762000 nmethod 1338 0x0000000003203250 code [0x00000000032033a0, 0x00000000032034d0]
Event: 6.616 Thread 0x0000000016762000 1346       3       com.android.dx.ssa.back.FirstFitLocalCombiningAllocator::handleNormalUnassociated (99 bytes)

GC Heap History (2 events):
Event: 5.621 GC heap before
{Heap before GC invocations=1 (full 0):
 PSYoungGen      total 38400K, used 33280K [0x00000000eab00000, 0x00000000ed580000, 0x0000000100000000)
  eden space 33280K, 100% used [0x00000000eab00000,0x00000000ecb80000,0x00000000ecb80000)
  from space 5120K, 0% used [0x00000000ed080000,0x00000000ed080000,0x00000000ed580000)
  to   space 5120K, 0% used [0x00000000ecb80000,0x00000000ecb80000,0x00000000ed080000)
 ParOldGen       total 87552K, used 0K [0x00000000c0000000, 0x00000000c5580000, 0x00000000eab00000)
  object space 87552K, 0% used [0x00000000c0000000,0x00000000c0000000,0x00000000c5580000)
 Metaspace       used 5775K, capacity 6832K, committed 7040K, reserved 1056768K
  class space    used 577K, capacity 616K, committed 640K, reserved 1048576K
Event: 5.735 GC heap after
Heap after GC invocations=1 (full 0):
 PSYoungGen      total 38400K, used 5102K [0x00000000eab00000, 0x00000000ef600000, 0x0000000100000000)
  eden space 33280K, 0% used [0x00000000eab00000,0x00000000eab00000,0x00000000ecb80000)
  from space 5120K, 99% used [0x00000000ecb80000,0x00000000ed07b908,0x00000000ed080000)
  to   space 5120K, 0% used [0x00000000ef100000,0x00000000ef100000,0x00000000ef600000)
 ParOldGen       total 87552K, used 1477K [0x00000000c0000000, 0x00000000c5580000, 0x00000000eab00000)
  object space 87552K, 1% used [0x00000000c0000000,0x00000000c0171730,0x00000000c5580000)
 Metaspace       used 5775K, capacity 6832K, committed 7040K, reserved 1056768K
  class space    used 577K, capacity 616K, committed 640K, reserved 1048576K
}

Deoptimization events (10 events):
Event: 6.568 Thread 0x000000001695c800 Uncommon trap: reason=unstable_if action=reinterpret pc=0x000000000312716c method=com.android.dx.ssa.LocalVariableExtractor.processBlock(I)V @ 77
Event: 6.570 Thread 0x000000001695c800 Uncommon trap: reason=class_check action=maybe_recompile pc=0x0000000002ff3ef0 method=com.android.dx.rop.type.Type.equals(Ljava/lang/Object;)Z @ 8
Event: 6.570 Thread 0x000000001695c800 Uncommon trap: reason=unstable_if action=reinterpret pc=0x00000000030e1ec8 method=com.android.dx.ssa.SCCP.simulateStmt(Lcom/android/dx/ssa/SsaInsn;)V @ 53
Event: 6.574 Thread 0x000000001695c800 Uncommon trap: reason=unstable_if action=reinterpret pc=0x000000000311becc method=com.android.dx.util.LabeledList.set(ILcom/android/dx/util/LabeledItem;)V @ 16
Event: 6.574 Thread 0x000000001695c800 Uncommon trap: reason=unstable_if action=reinterpret pc=0x00000000030d2158 method=com.android.dx.util.LabeledList.set(ILcom/android/dx/util/LabeledItem;)V @ 16
Event: 6.582 Thread 0x000000001684f800 Uncommon trap: reason=class_check action=maybe_recompile pc=0x0000000002ff3ef0 method=com.android.dx.rop.type.Type.equals(Ljava/lang/Object;)Z @ 8
Event: 6.582 Thread 0x000000001684f800 Uncommon trap: reason=class_check action=maybe_recompile pc=0x0000000002ff3ef0 method=com.android.dx.rop.type.Type.equals(Ljava/lang/Object;)Z @ 8
Event: 7.110 Thread 0x000000001695d800 Uncommon trap: reason=unstable_if action=reinterpret pc=0x000000000312b3a8 method=com.android.dx.ssa.SCCP.simulateBranch(Lcom/android/dx/ssa/SsaInsn;)V @ 81
Event: 7.118 Thread 0x000000001684f800 Uncommon trap: reason=unstable_if action=reinterpret pc=0x00000000030f0740 method=com.android.dx.ssa.SsaRenamer$BlockRenamer.addMapping(ILcom/android/dx/rop/code/RegisterSpec;)V @ 120
Event: 7.118 Thread 0x000000001684f800 Uncommon trap: reason=unstable_if action=reinterpret pc=0x00000000030a52e0 method=com.android.dx.ssa.SsaRenamer$BlockRenamer.addMapping(ILcom/android/dx/rop/code/RegisterSpec;)V @ 120

Internal exceptions (3 events):
Event: 0.078 Thread 0x0000000002b60800 Exception <a 'java/lang/NoSuchMethodError': Method sun.misc.Unsafe.defineClass(Ljava/lang/String;[BII)Ljava/lang/Class; name or signature does not match> (0x00000000eab07cc0) thrown at [C:\re\workspace\8-2-build-windows-amd64-cygwin\jdk8u91\6644\hotspot\srÆÙ…N´?
Event: 0.078 Thread 0x0000000002b60800 Exception <a 'java/lang/NoSuchMethodError': Method sun.misc.Unsafe.prefetchRead(Ljava/lang/Object;J)V name or signature does not match> (0x00000000eab07fa8) thrown at [C:\re\workspace\8-2-build-windows-amd64-cygwin\jdk8u91\6644\hotspot\src\share\vm\prims\jÿ“cÎ@
Event: 6.513 Thread 0x000000001684f800 Implicit null exception at 0x0000000002f5e8f9 to 0x0000000002f5fde1

Events (10 events):
Event: 7.110 Thread 0x000000001695d800 DEOPT PACKING pc=0x000000000312b3a8 sp=0x00000000176fe510
Event: 7.110 Thread 0x000000001695d800 DEOPT UNPACKING pc=0x0000000002ca582a sp=0x00000000176fe490 mode 2
Event: 7.118 Thread 0x000000001684f800 Uncommon trap: trap_request=0xffffff65 fr.pc=0x00000000030f0740
Event: 7.118 Thread 0x000000001684f800 DEOPT PACKING pc=0x00000000030f0740 sp=0x00000000172fe570
Event: 7.118 Thread 0x000000001684f800 DEOPT UNPACKING pc=0x0000000002ca582a sp=0x00000000172fe430 mode 2
Event: 7.118 Thread 0x000000001684f800 Uncommon trap: trap_request=0xffffff65 fr.pc=0x00000000030a52e0
Event: 7.118 Thread 0x000000001684f800 DEOPT PACKING pc=0x00000000030a52e0 sp=0x00000000172fe4f0
Event: 7.119 Thread 0x000000001684f800 DEOPT UNPACKING pc=0x0000000002ca582a sp=0x00000000172fe420 mode 2
Event: 7.120 loading class com/android/dx/dex/file/MethodAnnotationStruct
Event: 7.120 loading class com/android/dx/dex/file/MethodAnnotationStruct done


Dynamic libraries:
0x00007ff637580000 - 0x00007ff6375b7000 	D:\JAVA_enviroment\bin\java.exe
0x00007ff8fd9a0000 - 0x00007ff8fdb71000 	C:\WINDOWS\SYSTEM32\ntdll.dll
0x00007ff8fb4a0000 - 0x00007ff8fb54b000 	C:\WINDOWS\System32\KERNEL32.DLL
0x00007ff8fa6d0000 - 0x00007ff8fa8ed000 	C:\WINDOWS\System32\KERNELBASE.dll
0x00007ff8fb3f0000 - 0x00007ff8fb492000 	C:\WINDOWS\System32\ADVAPI32.dll
0x00007ff8fd0e0000 - 0x00007ff8fd17e000 	C:\WINDOWS\System32\msvcrt.dll
0x00007ff8fcbd0000 - 0x00007ff8fcc29000 	C:\WINDOWS\System32\sechost.dll
0x00007ff8fd1c0000 - 0x00007ff8fd2e1000 	C:\WINDOWS\System32\RPCRT4.dll
0x00007ff8fd830000 - 0x00007ff8fd995000 	C:\WINDOWS\System32\USER32.dll
0x00007ff8faa60000 - 0x00007ff8faa7e000 	C:\WINDOWS\System32\win32u.dll
0x00007ff8fb3b0000 - 0x00007ff8fb3e4000 	C:\WINDOWS\System32\GDI32.dll
0x00007ff8faa80000 - 0x00007ff8fac02000 	C:\WINDOWS\System32\gdi32full.dll
0x00007ff8f51d0000 - 0x00007ff8f5449000 	C:\WINDOWS\WinSxS\amd64_microsoft.windows.common-controls_6595b64144ccf1df_6.0.14393.0_none_2d0f50fcbdb171b8\COMCTL32.dll
0x00007ff8fccd0000 - 0x00007ff8fcf97000 	C:\WINDOWS\System32\combase.dll
0x00007ff8fa960000 - 0x00007ff8faa55000 	C:\WINDOWS\System32\ucrtbase.dll
0x00007ff8fa8f0000 - 0x00007ff8fa95a000 	C:\WINDOWS\System32\bcryptPrimitives.dll
0x00007ff8fd180000 - 0x00007ff8fd1ae000 	C:\WINDOWS\System32\IMM32.DLL
0x0000000063660000 - 0x0000000063732000 	D:\JAVA_enviroment\jre\bin\msvcr100.dll
0x0000000062b00000 - 0x0000000063393000 	D:\JAVA_enviroment\jre\bin\server\jvm.dll
0x00007ff8fb550000 - 0x00007ff8fb558000 	C:\WINDOWS\System32\PSAPI.DLL
0x00007ff8f70d0000 - 0x00007ff8f70d9000 	C:\WINDOWS\SYSTEM32\WSOCK32.dll
0x00007ff8fb130000 - 0x00007ff8fb19a000 	C:\WINDOWS\System32\WS2_32.dll
0x00007ff8f8050000 - 0x00007ff8f8073000 	C:\WINDOWS\SYSTEM32\WINMM.dll
0x00007ff8f5890000 - 0x00007ff8f589a000 	C:\WINDOWS\SYSTEM32\VERSION.dll
0x00007ff8f7ed0000 - 0x00007ff8f7efb000 	C:\WINDOWS\SYSTEM32\WINMMBASE.dll
0x00007ff8facb0000 - 0x00007ff8facf2000 	C:\WINDOWS\System32\cfgmgr32.dll
0x0000000063d90000 - 0x0000000063d9f000 	D:\JAVA_enviroment\jre\bin\verify.dll
0x0000000063d60000 - 0x0000000063d89000 	D:\JAVA_enviroment\jre\bin\java.dll
0x0000000063d40000 - 0x0000000063d56000 	D:\JAVA_enviroment\jre\bin\zip.dll
0x00007ff8fb6c0000 - 0x00007ff8fcbc8000 	C:\WINDOWS\System32\SHELL32.dll
0x00007ff8f9e90000 - 0x00007ff8fa56a000 	C:\WINDOWS\System32\windows.storage.dll
0x00007ff8f9e20000 - 0x00007ff8f9e6c000 	C:\WINDOWS\System32\powrprof.dll
0x00007ff8fb050000 - 0x00007ff8fb0a2000 	C:\WINDOWS\System32\shlwapi.dll
0x00007ff8f9e00000 - 0x00007ff8f9e0f000 	C:\WINDOWS\System32\kernel.appcore.dll
0x00007ff8fa620000 - 0x00007ff8fa6c9000 	C:\WINDOWS\System32\shcore.dll
0x00007ff8f9e70000 - 0x00007ff8f9e84000 	C:\WINDOWS\System32\profapi.dll

VM Arguments:
jvm_args: -Djava.awt.headless=true -Xmx1024M -Dfile.encoding=GBK -Duser.country=CN -Duser.language=zh -Duser.variant 
java_command: com.android.dx.command.Main --dex --force-jumbo --num-threads=4 --output D:\workspace1\FastSport\app\build\intermediates\pre-dexed\debug\main_05465c8ce4dbf1a1b25f758b504cb6844096a7d3.jar D:\workspace1\FastSport\app\build\intermediates\transforms\instantRun\debug\folders\1\5\main
java_class_path (initial): D:\AndroidStdio_sdk\sdk\build-tools\24.0.0\lib\dx.jar
Launcher Type: SUN_STANDARD

Environment Variables:
JAVA_HOME=D:\JAVA_enviroment
PATH=C:\ProgramData\Oracle\Java\javapath;C:\WINDOWS\system32;C:\WINDOWS;C:\WINDOWS\System32\Wbem;C:\WINDOWS\System32\WindowsPowerShell\v1.0\;D:\JAVA_enviroment\bin;D:\JAVA_enviroment\jre\bin;D:\android_sdk\sdk\tools;C:\Program Files (x86)\NVIDIA Corporation\PhysX\Common;D:\AndroidStdio_sdk\sdk\tools;C:\Program Files (x86)\Microsoft SQL Server\100\Tools\Binn\;C:\Program Files\Microsoft SQL Server\100\Tools\Binn\;C:\Program Files\Microsoft SQL Server\100\DTS\Binn\;C:\Program Files (x86)\Microsoft SQL Server\100\Tools\Binn\VSShell\Common7\IDE\;C:\Program Files (x86)\Microsoft Visual Studio 9.0\Common7\IDE\PrivateAssemblies\;C:\Program Files (x86)\Microsoft SQL Server\100\DTS\Binn\;D:\android_sdk\sdk\platform-tools;D:\android_sdk\sdk\tools;C:\WINDOWS\system32;C:\WINDOWS;C:\WINDOWS\System32\Wbem;C:\WINDOWS\System32\WindowsPowerShell\v1.0\;C:\Users\Administrator\AppData\Local\Microsoft\WindowsApps;
USERNAME=Administrator
OS=Windows_NT
PROCESSOR_IDENTIFIER=Intel64 Family 6 Model 58 Stepping 9, GenuineIntel



---------------  S Y S T E M  ---------------

OS: Windows 10.0 , 64 bit Build 14393 (10.0.14393.0)

CPU:total 4 (2 cores per cpu, 2 threads per core) family 6 model 58 stepping 9, cmov, cx8, fxsr, mmx, sse, sse2, sse3, ssse3, sse4.1, sse4.2, popcnt, avx, aes, clmul, erms, ht, tsc, tscinvbit, tscinv

Memory: 4k page, physical 8271404k(989772k free), swap 8271404k(6512k free)

vm_info: Java HotSpot(TM) 64-Bit Server VM (25.91-b14) for windows-amd64 JRE (1.8.0_91-b14), built on Apr  1 2016 00:58:32 by "java_re" with MS VC++ 10.0 (VS2010)

time: Wed Oct 19 17:14:26 2016
elapsed time: 7 seconds (0d 0h 0m 7s)

